 [                                                                                                                                                                  
   {                                                                                                                                                                
     "Plan": {                                                                                                                                                      
       "Node Type": "Aggregate",                                                                                                                                    
       "Strategy": "Plain",                                                                                                                                         
       "Partial Mode": "Simple",                                                                                                                                    
       "Parallel Aware": false,                                                                                                                                     
       "Startup Cost": 44276.47,                                                                                                                                    
       "Total Cost": 44276.47,                                                                                                                                      
       "Plan Rows": 1,                                                                                                                                              
       "Plan Width": 96,                                                                                                                                            
       "Actual Startup Time": 14885.763,                                                                                                                            
       "Actual Total Time": 14885.763,                                                                                                                              
       "Actual Rows": 1,                                                                                                                                            
       "Actual Loops": 1,                                                                                                                                           
       "Shared Hit Blocks": 26,                                                                                                                                     
       "Shared Read Blocks": 245952,                                                                                                                                
       "Shared Dirtied Blocks": 0,                                                                                                                                  
       "Shared Written Blocks": 0,                                                                                                                                  
       "Local Hit Blocks": 0,                                                                                                                                       
       "Local Read Blocks": 0,                                                                                                                                      
       "Local Dirtied Blocks": 0,                                                                                                                                   
       "Local Written Blocks": 0,                                                                                                                                   
       "Temp Read Blocks": 0,                                                                                                                                       
       "Temp Written Blocks": 0,                                                                                                                                    
       "Plans": [                                                                                                                                                   
         {                                                                                                                                                          
           "Node Type": "Merge Join",                                                                                                                               
           "Parent Relationship": "Outer",                                                                                                                          
           "Parallel Aware": false,                                                                                                                                 
           "Join Type": "Inner",                                                                                                                                    
           "Startup Cost": 44276.47,                                                                                                                                
           "Total Cost": 44276.47,                                                                                                                                  
           "Plan Rows": 1,                                                                                                                                          
           "Plan Width": 48,                                                                                                                                        
           "Actual Startup Time": 14868.501,                                                                                                                        
           "Actual Total Time": 14869.246,                                                                                                                          
           "Actual Rows": 743,                                                                                                                                      
           "Actual Loops": 1,                                                                                                                                       
           "Inner Unique": true,                                                                                                                                    
           "Merge Cond": "(mc.company_type_id = ct.id)",                                                                                                            
           "Shared Hit Blocks": 26,                                                                                                                                 
           "Shared Read Blocks": 245952,                                                                                                                            
           "Shared Dirtied Blocks": 0,                                                                                                                              
           "Shared Written Blocks": 0,                                                                                                                              
           "Local Hit Blocks": 0,                                                                                                                                   
           "Local Read Blocks": 0,                                                                                                                                  
           "Local Dirtied Blocks": 0,                                                                                                                               
           "Local Written Blocks": 0,                                                                                                                               
           "Temp Read Blocks": 0,                                                                                                                                   
           "Temp Written Blocks": 0,                                                                                                                                
           "Plans": [                                                                                                                                               
             {                                                                                                                                                      
               "Node Type": "Sort",                                                                                                                                 
               "Parent Relationship": "Outer",                                                                                                                      
               "Parallel Aware": false,                                                                                                                             
               "Startup Cost": 44276.44,                                                                                                                            
               "Total Cost": 44276.44,                                                                                                                              
               "Plan Rows": 1,                                                                                                                                      
               "Plan Width": 52,                                                                                                                                    
               "Actual Startup Time": 14868.459,                                                                                                                    
               "Actual Total Time": 14868.597,                                                                                                                      
               "Actual Rows": 838,                                                                                                                                  
               "Actual Loops": 1,                                                                                                                                   
               "Sort Key": ["mc.company_type_id"],                                                                                                                  
               "Sort Method": "quicksort",                                                                                                                          
               "Sort Space Used": 136,                                                                                                                              
               "Sort Space Type": "Memory",                                                                                                                         
               "Shared Hit Blocks": 25,                                                                                                                             
               "Shared Read Blocks": 245952,                                                                                                                        
               "Shared Dirtied Blocks": 0,                                                                                                                          
               "Shared Written Blocks": 0,                                                                                                                          
               "Local Hit Blocks": 0,                                                                                                                               
               "Local Read Blocks": 0,                                                                                                                              
               "Local Dirtied Blocks": 0,                                                                                                                           
               "Local Written Blocks": 0,                                                                                                                           
               "Temp Read Blocks": 0,                                                                                                                               
               "Temp Written Blocks": 0,                                                                                                                            
               "Plans": [                                                                                                                                           
                 {                                                                                                                                                  
                   "Node Type": "Merge Join",                                                                                                                       
                   "Parent Relationship": "Outer",                                                                                                                  
                   "Parallel Aware": false,                                                                                                                         
                   "Join Type": "Inner",                                                                                                                            
                   "Startup Cost": 44276.44,                                                                                                                        
                   "Total Cost": 44276.44,                                                                                                                          
                   "Plan Rows": 1,                                                                                                                                  
                   "Plan Width": 52,                                                                                                                                
                   "Actual Startup Time": 14858.828,                                                                                                                
                   "Actual Total Time": 14859.052,                                                                                                                  
                   "Actual Rows": 838,                                                                                                                              
                   "Actual Loops": 1,                                                                                                                               
                   "Inner Unique": false,                                                                                                                           
                   "Merge Cond": "(k.id = mk.keyword_id)",                                                                                                          
                   "Shared Hit Blocks": 21,                                                                                                                         
                   "Shared Read Blocks": 245952,                                                                                                                    
                   "Shared Dirtied Blocks": 0,                                                                                                                      
                   "Shared Written Blocks": 0,                                                                                                                      
                   "Local Hit Blocks": 0,                                                                                                                           
                   "Local Read Blocks": 0,                                                                                                                          
                   "Local Dirtied Blocks": 0,                                                                                                                       
                   "Local Written Blocks": 0,                                                                                                                       
                   "Temp Read Blocks": 0,                                                                                                                           
                   "Temp Written Blocks": 0,                                                                                                                        
                   "Plans": [                                                                                                                                       
                     {                                                                                                                                              
                       "Node Type": "Sort",                                                                                                                         
                       "Parent Relationship": "Outer",                                                                                                              
                       "Parallel Aware": false,                                                                                                                     
                       "Startup Cost": 49.46,                                                                                                                       
                       "Total Cost": 49.46,                                                                                                                         
                       "Plan Rows": 1,                                                                                                                              
                       "Plan Width": 4,                                                                                                                             
                       "Actual Startup Time": 84.177,                                                                                                               
                       "Actual Total Time": 84.178,                                                                                                                 
                       "Actual Rows": 1,                                                                                                                            
                       "Actual Loops": 1,                                                                                                                           
                       "Sort Key": ["k.id"],                                                                                                                        
                       "Sort Method": "quicksort",                                                                                                                  
                       "Sort Space Used": 25,                                                                                                                       
                       "Sort Space Type": "Memory",                                                                                                                 
                       "Shared Hit Blocks": 2,                                                                                                                      
                       "Shared Read Blocks": 947,                                                                                                                   
                       "Shared Dirtied Blocks": 0,                                                                                                                  
                       "Shared Written Blocks": 0,                                                                                                                  
                       "Local Hit Blocks": 0,                                                                                                                       
                       "Local Read Blocks": 0,                                                                                                                      
                       "Local Dirtied Blocks": 0,                                                                                                                   
                       "Local Written Blocks": 0,                                                                                                                   
                       "Temp Read Blocks": 0,                                                                                                                       
                       "Temp Written Blocks": 0,                                                                                                                    
                       "Plans": [                                                                                                                                   
                         {                                                                                                                                          
                           "Node Type": "Seq Scan",                                                                                                                 
                           "Parent Relationship": "Outer",                                                                                                          
                           "Parallel Aware": false,                                                                                                                 
                           "Relation Name": "keyword",                                                                                                              
                           "Alias": "k",                                                                                                                            
                           "Startup Cost": 0.00,                                                                                                                    
                           "Total Cost": 49.46,                                                                                                                     
                           "Plan Rows": 1,                                                                                                                          
                           "Plan Width": 4,                                                                                                                         
                           "Actual Startup Time": 3.718,                                                                                                            
                           "Actual Total Time": 84.157,                                                                                                             
                           "Actual Rows": 1,                                                                                                                        
                           "Actual Loops": 1,                                                                                                                       
                           "Filter": "(keyword = 'sequel'::text)",                                                                                                  
                           "Rows Removed by Filter": 134169,                                                                                                        
                           "Shared Hit Blocks": 2,                                                                                                                  
                           "Shared Read Blocks": 947,                                                                                                               
                           "Shared Dirtied Blocks": 0,                                                                                                              
                           "Shared Written Blocks": 0,                                                                                                              
                           "Local Hit Blocks": 0,                                                                                                                   
                           "Local Read Blocks": 0,                                                                                                                  
                           "Local Dirtied Blocks": 0,                                                                                                               
                           "Local Written Blocks": 0,                                                                                                               
                           "Temp Read Blocks": 0,                                                                                                                   
                           "Temp Written Blocks": 0                                                                                                                 
                         }                                                                                                                                          
                       ]                                                                                                                                            
                     },                                                                                                                                             
                     {                                                                                                                                              
                       "Node Type": "Sort",                                                                                                                         
                       "Parent Relationship": "Inner",                                                                                                              
                       "Parallel Aware": false,                                                                                                                     
                       "Startup Cost": 44226.98,                                                                                                                    
                       "Total Cost": 44226.98,                                                                                                                      
                       "Plan Rows": 2,                                                                                                                              
                       "Plan Width": 56,                                                                                                                            
                       "Actual Startup Time": 14774.060,                                                                                                            
                       "Actual Total Time": 14774.307,                                                                                                              
                       "Actual Rows": 3344,                                                                                                                         
                       "Actual Loops": 1,                                                                                                                           
                       "Sort Key": ["mk.keyword_id"],                                                                                                               
                       "Sort Method": "quicksort",                                                                                                                  
                       "Sort Space Used": 1966,                                                                                                                     
                       "Sort Space Type": "Memory",                                                                                                                 
                       "Shared Hit Blocks": 19,                                                                                                                     
                       "Shared Read Blocks": 245005,                                                                                                                
                       "Shared Dirtied Blocks": 0,                                                                                                                  
                       "Shared Written Blocks": 0,                                                                                                                  
                       "Local Hit Blocks": 0,                                                                                                                       
                       "Local Read Blocks": 0,                                                                                                                      
                       "Local Dirtied Blocks": 0,                                                                                                                   
                       "Local Written Blocks": 0,                                                                                                                   
                       "Temp Read Blocks": 0,                                                                                                                       
                       "Temp Written Blocks": 0,                                                                                                                    
                       "Plans": [                                                                                                                                   
                         {                                                                                                                                          
                           "Node Type": "Merge Join",                                                                                                               
                           "Parent Relationship": "Outer",                                                                                                          
                           "Parallel Aware": false,                                                                                                                 
                           "Join Type": "Inner",                                                                                                                    
                           "Startup Cost": 44211.83,                                                                                                                
                           "Total Cost": 44226.97,                                                                                                                  
                           "Plan Rows": 2,                                                                                                                          
                           "Plan Width": 56,                                                                                                                        
                           "Actual Startup Time": 14758.150,                                                                                                        
                           "Actual Total Time": 14770.186,                                                                                                          
                           "Actual Rows": 12100,                                                                                                                    
                           "Actual Loops": 1,                                                                                                                       
                           "Inner Unique": false,                                                                                                                   
                           "Merge Cond": "(ml.movie_id = mk.movie_id)",                                                                                             
                           "Shared Hit Blocks": 19,                                                                                                                 
                           "Shared Read Blocks": 245005,                                                                                                            
                           "Shared Dirtied Blocks": 0,                                                                                                              
                           "Shared Written Blocks": 0,                                                                                                              
                           "Local Hit Blocks": 0,                                                                                                                   
                           "Local Read Blocks": 0,                                                                                                                  
                           "Local Dirtied Blocks": 0,                                                                                                               
                           "Local Written Blocks": 0,                                                                                                               
                           "Temp Read Blocks": 0,                                                                                                                   
                           "Temp Written Blocks": 0,                                                                                                                
                           "Plans": [                                                                                                                               
                             {                                                                                                                                      
                               "Node Type": "Sort",                                                                                                                 
                               "Parent Relationship": "Outer",                                                                                                      
                               "Parallel Aware": false,                                                                                                             
                               "Startup Cost": 27600.91,                                                                                                            
                               "Total Cost": 27600.91,                                                                                                              
                               "Plan Rows": 1,                                                                                                                      
                               "Plan Width": 72,                                                                                                                    
                               "Actual Startup Time": 12638.875,                                                                                                    
                               "Actual Total Time": 12638.960,                                                                                                      
                               "Actual Rows": 1247,                                                                                                                 
                               "Actual Loops": 1,                                                                                                                   
                               "Sort Key": ["t.id"],                                                                                                                
                               "Sort Method": "quicksort",                                                                                                          
                               "Sort Space Used": 224,                                                                                                              
                               "Sort Space Type": "Memory",                                                                                                         
                               "Shared Hit Blocks": 16,                                                                                                             
                               "Shared Read Blocks": 220554,                                                                                                        
                               "Shared Dirtied Blocks": 0,                                                                                                          
                               "Shared Written Blocks": 0,                                                                                                          
                               "Local Hit Blocks": 0,                                                                                                               
                               "Local Read Blocks": 0,                                                                                                              
                               "Local Dirtied Blocks": 0,                                                                                                           
                               "Local Written Blocks": 0,                                                                                                           
                               "Temp Read Blocks": 0,                                                                                                               
                               "Temp Written Blocks": 0,                                                                                                            
                               "Plans": [                                                                                                                           
                                 {                                                                                                                                  
                                   "Node Type": "Merge Join",                                                                                                       
                                   "Parent Relationship": "Outer",                                                                                                  
                                   "Parallel Aware": false,                                                                                                         
                                   "Join Type": "Inner",                                                                                                            
                                   "Startup Cost": 27593.27,                                                                                                        
                                   "Total Cost": 27600.91,                                                                                                          
                                   "Plan Rows": 1,                                                                                                                  
                                   "Plan Width": 72,                                                                                                                
                                   "Actual Startup Time": 12633.928,                                                                                                
                                   "Actual Total Time": 12638.458,                                                                                                  
                                   "Actual Rows": 1247,                                                                                                             
                                   "Actual Loops": 1,                                                                                                               
                                   "Inner Unique": false,                                                                                                           
                                   "Merge Cond": "(cn.id = mc.company_id)",                                                                                         
                                   "Shared Hit Blocks": 16,                                                                                                         
                                   "Shared Read Blocks": 220554,                                                                                                    
                                   "Shared Dirtied Blocks": 0,                                                                                                      
                                   "Shared Written Blocks": 0,                                                                                                      
                                   "Local Hit Blocks": 0,                                                                                                           
                                   "Local Read Blocks": 0,                                                                                                          
                                   "Local Dirtied Blocks": 0,                                                                                                       
                                   "Local Written Blocks": 0,                                                                                                       
                                   "Temp Read Blocks": 0,                                                                                                           
                                   "Temp Written Blocks": 0,                                                                                                        
                                   "Plans": [                                                                                                                       
                                     {                                                                                                                              
                                       "Node Type": "Sort",                                                                                                         
                                       "Parent Relationship": "Outer",                                                                                              
                                       "Parallel Aware": false,                                                                                                     
                                       "Startup Cost": 283.87,                                                                                                      
                                       "Total Cost": 287.69,                                                                                                        
                                       "Plan Rows": 49161,                                                                                                          
                                       "Plan Width": 23,                                                                                                            
                                       "Actual Startup Time": 163.693,                                                                                              
                                       "Actual Total Time": 165.331,                                                                                                
                                       "Actual Rows": 14178,                                                                                                        
                                       "Actual Loops": 1,                                                                                                           
                                       "Sort Key": ["cn.id"],                                                                                                       
                                       "Sort Method": "quicksort",                                                                                                  
                                       "Sort Space Used": 5023,                                                                                                     
                                       "Sort Space Type": "Memory",                                                                                                 
                                       "Shared Hit Blocks": 2,                                                                                                      
                                       "Shared Read Blocks": 2992,                                                                                                  
                                       "Shared Dirtied Blocks": 0,                                                                                                  
                                       "Shared Written Blocks": 0,                                                                                                  
                                       "Local Hit Blocks": 0,                                                                                                       
                                       "Local Read Blocks": 0,                                                                                                      
                                       "Local Dirtied Blocks": 0,                                                                                                   
                                       "Local Written Blocks": 0,                                                                                                   
                                       "Temp Read Blocks": 0,                                                                                                       
                                       "Temp Written Blocks": 0,                                                                                                    
                                       "Plans": [                                                                                                                   
                                         {                                                                                                                          
                                           "Node Type": "Seq Scan",                                                                                                 
                                           "Parent Relationship": "Outer",                                                                                          
                                           "Parallel Aware": false,                                                                                                 
                                           "Relation Name": "company_name",                                                                                         
                                           "Alias": "cn",                                                                                                           
                                           "Startup Cost": 0.00,                                                                                                    
                                           "Total Cost": 164.90,                                                                                                    
                                           "Plan Rows": 49161,                                                                                                      
                                           "Plan Width": 23,                                                                                                        
                                           "Actual Startup Time": 19.711,                                                                                           
                                           "Actual Total Time": 139.449,                                                                                            
                                           "Actual Rows": 48302,                                                                                                    
                                           "Actual Loops": 1,                                                                                                       
                                           "Filter": "(((country_code)::text <> '[pl]'::text) AND ((name ~~ '%Film%'::text) OR (name ~~ '%Warner%'::text)))",       
                                           "Rows Removed by Filter": 186695,                                                                                        
                                           "Shared Hit Blocks": 2,                                                                                                  
                                           "Shared Read Blocks": 2992,                                                                                              
                                           "Shared Dirtied Blocks": 0,                                                                                              
                                           "Shared Written Blocks": 0,                                                                                              
                                           "Local Hit Blocks": 0,                                                                                                   
                                           "Local Read Blocks": 0,                                                                                                  
                                           "Local Dirtied Blocks": 0,                                                                                               
                                           "Local Written Blocks": 0,                                                                                               
                                           "Temp Read Blocks": 0,                                                                                                   
                                           "Temp Written Blocks": 0                                                                                                 
                                         }                                                                                                                          
                                       ]                                                                                                                            
                                     },                                                                                                                             
                                     {                                                                                                                              
                                       "Node Type": "Sort",                                                                                                         
                                       "Parent Relationship": "Inner",                                                                                              
                                       "Parallel Aware": false,                                                                                                     
                                       "Startup Cost": 27309.41,                                                                                                    
                                       "Total Cost": 27309.41,                                                                                                      
                                       "Plan Rows": 1,                                                                                                              
                                       "Plan Width": 57,                                                                                                            
                                       "Actual Startup Time": 12470.227,                                                                                            
                                       "Actual Total Time": 12470.492,                                                                                              
                                       "Actual Rows": 3113,                                                                                                         
                                       "Actual Loops": 1,                                                                                                           
                                       "Sort Key": ["mc.company_id"],                                                                                               
                                       "Sort Method": "quicksort",                                                                                                  
                                       "Sort Space Used": 528,                                                                                                      
                                       "Sort Space Type": "Memory",                                                                                                 
                                       "Shared Hit Blocks": 14,                                                                                                     
                                       "Shared Read Blocks": 217562,                                                                                                
                                       "Shared Dirtied Blocks": 0,                                                                                                  
                                       "Shared Written Blocks": 0,                                                                                                  
                                       "Local Hit Blocks": 0,                                                                                                       
                                       "Local Read Blocks": 0,                                                                                                      
                                       "Local Dirtied Blocks": 0,                                                                                                   
                                       "Local Written Blocks": 0,                                                                                                   
                                       "Temp Read Blocks": 0,                                                                                                       
                                       "Temp Written Blocks": 0,                                                                                                    
                                       "Plans": [                                                                                                                   
                                         {                                                                                                                          
                                           "Node Type": "Merge Join",                                                                                               
                                           "Parent Relationship": "Outer",                                                                                          
                                           "Parallel Aware": false,                                                                                                 
                                           "Join Type": "Inner",                                                                                                    
                                           "Startup Cost": 27296.79,                                                                                                
                                           "Total Cost": 27309.41,                                                                                                  
                                           "Plan Rows": 1,                                                                                                          
                                           "Plan Width": 57,                                                                                                        
                                           "Actual Startup Time": 12459.001,                                                                                        
                                           "Actual Total Time": 12469.134,                                                                                          
                                           "Actual Rows": 3113,                                                                                                     
                                           "Actual Loops": 1,                                                                                                       
                                           "Inner Unique": false,                                                                                                   
                                           "Merge Cond": "(ml.movie_id = mc.movie_id)",                                                                             
                                           "Shared Hit Blocks": 14,                                                                                                 
                                           "Shared Read Blocks": 217562,                                                                                            
                                           "Shared Dirtied Blocks": 0,                                                                                              
                                           "Shared Written Blocks": 0,                                                                                              
                                           "Local Hit Blocks": 0,                                                                                                   
                                           "Local Read Blocks": 0,                                                                                                  
                                           "Local Dirtied Blocks": 0,                                                                                               
                                           "Local Written Blocks": 0,                                                                                               
                                           "Temp Read Blocks": 0,                                                                                                   
                                           "Temp Written Blocks": 0,                                                                                                
                                           "Plans": [                                                                                                               
                                             {                                                                                                                      
                                               "Node Type": "Merge Join",                                                                                           
                                               "Parent Relationship": "Outer",                                                                                      
                                               "Parallel Aware": false,                                                                                             
                                               "Join Type": "Inner",                                                                                                
                                               "Startup Cost": 22521.73,                                                                                            
                                               "Total Cost": 22526.78,                                                                                              
                                               "Plan Rows": 1,                                                                                                      
                                               "Plan Width": 45,                                                                                                    
                                               "Actual Startup Time": 11179.267,                                                                                    
                                               "Actual Total Time": 11183.121,                                                                                      
                                               "Actual Rows": 500,                                                                                                  
                                               "Actual Loops": 1,                                                                                                   
                                               "Inner Unique": false,                                                                                               
                                               "Merge Cond": "(ml.movie_id = mi.movie_id)",                                                                         
                                               "Shared Hit Blocks": 11,                                                                                             
                                               "Shared Read Blocks": 198776,                                                                                        
                                               "Shared Dirtied Blocks": 0,                                                                                          
                                               "Shared Written Blocks": 0,                                                                                          
                                               "Local Hit Blocks": 0,                                                                                               
                                               "Local Read Blocks": 0,                                                                                              
                                               "Local Dirtied Blocks": 0,                                                                                           
                                               "Local Written Blocks": 0,                                                                                           
                                               "Temp Read Blocks": 0,                                                                                               
                                               "Temp Written Blocks": 0,                                                                                            
                                               "Plans": [                                                                                                           
                                                 {                                                                                                                  
                                                   "Node Type": "Sort",                                                                                             
                                                   "Parent Relationship": "Outer",                                                                                  
                                                   "Parallel Aware": false,                                                                                         
                                                   "Startup Cost": 8348.65,                                                                                         
                                                   "Total Cost": 8348.65,                                                                                           
                                                   "Plan Rows": 4,                                                                                                  
                                                   "Plan Width": 41,                                                                                                
                                                   "Actual Startup Time": 2336.349,                                                                                 
                                                   "Actual Total Time": 2336.368,                                                                                   
                                                   "Actual Rows": 228,                                                                                              
                                                   "Actual Loops": 1,                                                                                               
                                                   "Sort Key": ["t.id"],                                                                                            
                                                   "Sort Method": "quicksort",                                                                                      
                                                   "Sort Space Used": 44,                                                                                           
                                                   "Sort Space Type": "Memory",                                                                                     
                                                   "Shared Hit Blocks": 9,                                                                                          
                                                   "Shared Read Blocks": 36886,                                                                                     
                                                   "Shared Dirtied Blocks": 0,                                                                                      
                                                   "Shared Written Blocks": 0,                                                                                      
                                                   "Local Hit Blocks": 0,                                                                                           
                                                   "Local Read Blocks": 0,                                                                                          
                                                   "Local Dirtied Blocks": 0,                                                                                       
                                                   "Local Written Blocks": 0,                                                                                       
                                                   "Temp Read Blocks": 0,                                                                                           
                                                   "Temp Written Blocks": 0,                                                                                        
                                                   "Plans": [                                                                                                       
                                                     {                                                                                                              
                                                       "Node Type": "Merge Join",                                                                                   
                                                       "Parent Relationship": "Outer",                                                                              
                                                       "Parallel Aware": false,                                                                                     
                                                       "Join Type": "Inner",                                                                                        
                                                       "Startup Cost": 8348.64,                                                                                     
                                                       "Total Cost": 8348.65,                                                                                       
                                                       "Plan Rows": 4,                                                                                              
                                                       "Plan Width": 41,                                                                                            
                                                       "Actual Startup Time": 2336.223,                                                                             
                                                       "Actual Total Time": 2336.281,                                                                               
                                                       "Actual Rows": 228,                                                                                          
                                                       "Actual Loops": 1,                                                                                           
                                                       "Inner Unique": false,                                                                                       
                                                       "Merge Cond": "(cct1.id = cc.subject_id)",                                                                   
                                                       "Shared Hit Blocks": 9,                                                                                      
                                                       "Shared Read Blocks": 36886,                                                                                 
                                                       "Shared Dirtied Blocks": 0,                                                                                  
                                                       "Shared Written Blocks": 0,                                                                                  
                                                       "Local Hit Blocks": 0,                                                                                       
                                                       "Local Read Blocks": 0,                                                                                      
                                                       "Local Dirtied Blocks": 0,                                                                                   
                                                       "Local Written Blocks": 0,                                                                                   
                                                       "Temp Read Blocks": 0,                                                                                       
                                                       "Temp Written Blocks": 0,                                                                                    
                                                       "Plans": [                                                                                                   
                                                         {                                                                                                          
                                                           "Node Type": "Sort",                                                                                     
                                                           "Parent Relationship": "Outer",                                                                          
                                                           "Parallel Aware": false,                                                                                 
                                                           "Startup Cost": 0.03,                                                                                    
                                                           "Total Cost": 0.03,                                                                                      
                                                           "Plan Rows": 1,                                                                                          
                                                           "Plan Width": 4,                                                                                         
                                                           "Actual Startup Time": 0.011,                                                                            
                                                           "Actual Total Time": 0.011,                                                                              
                                                           "Actual Rows": 1,                                                                                        
                                                           "Actual Loops": 1,                                                                                       
                                                           "Sort Key": ["cct1.id"],                                                                                 
                                                           "Sort Method": "quicksort",                                                                              
                                                           "Sort Space Used": 25,                                                                                   
                                                           "Sort Space Type": "Memory",                                                                             
                                                           "Shared Hit Blocks": 1,                                                                                  
                                                           "Shared Read Blocks": 0,                                                                                 
                                                           "Shared Dirtied Blocks": 0,                                                                              
                                                           "Shared Written Blocks": 0,                                                                              
                                                           "Local Hit Blocks": 0,                                                                                   
                                                           "Local Read Blocks": 0,                                                                                  
                                                           "Local Dirtied Blocks": 0,                                                                               
                                                           "Local Written Blocks": 0,                                                                               
                                                           "Temp Read Blocks": 0,                                                                                   
                                                           "Temp Written Blocks": 0,                                                                                
                                                           "Plans": [                                                                                               
                                                             {                                                                                                      
                                                               "Node Type": "Seq Scan",                                                                             
                                                               "Parent Relationship": "Outer",                                                                      
                                                               "Parallel Aware": false,                                                                             
                                                               "Relation Name": "comp_cast_type",                                                                   
                                                               "Alias": "cct1",                                                                                     
                                                               "Startup Cost": 0.00,                                                                                
                                                               "Total Cost": 0.03,                                                                                  
                                                               "Plan Rows": 1,                                                                                      
                                                               "Plan Width": 4,                                                                                     
                                                               "Actual Startup Time": 0.008,                                                                        
                                                               "Actual Total Time": 0.009,                                                                          
                                                               "Actual Rows": 1,                                                                                    
                                                               "Actual Loops": 1,                                                                                   
                                                               "Filter": "((kind)::text = 'cast'::text)",                                                           
                                                               "Rows Removed by Filter": 3,                                                                         
                                                               "Shared Hit Blocks": 1,                                                                              
                                                               "Shared Read Blocks": 0,                                                                             
                                                               "Shared Dirtied Blocks": 0,                                                                          
                                                               "Shared Written Blocks": 0,                                                                          
                                                               "Local Hit Blocks": 0,                                                                               
                                                               "Local Read Blocks": 0,                                                                              
                                                               "Local Dirtied Blocks": 0,                                                                           
                                                               "Local Written Blocks": 0,                                                                           
                                                               "Temp Read Blocks": 0,                                                                               
                                                               "Temp Written Blocks": 0                                                                             
                                                             }                                                                                                      
                                                           ]                                                                                                        
                                                         },                                                                                                         
                                                         {                                                                                                          
                                                           "Node Type": "Sort",                                                                                     
                                                           "Parent Relationship": "Inner",                                                                          
                                                           "Parallel Aware": false,                                                                                 
                                                           "Startup Cost": 8348.61,                                                                                 
                                                           "Total Cost": 8348.61,                                                                                   
                                                           "Plan Rows": 17,                                                                                         
                                                           "Plan Width": 45,                                                                                        
                                                           "Actual Startup Time": 2336.209,                                                                         
                                                           "Actual Total Time": 2336.220,                                                                           
                                                           "Actual Rows": 229,                                                                                      
                                                           "Actual Loops": 1,                                                                                       
                                                           "Sort Key": ["cc.subject_id"],                                                                           
                                                           "Sort Method": "quicksort",                                                                              
                                                           "Sort Space Used": 48,                                                                                   
                                                           "Sort Space Type": "Memory",                                                                             
                                                           "Shared Hit Blocks": 8,                                                                                  
                                                           "Shared Read Blocks": 36886,                                                                             
                                                           "Shared Dirtied Blocks": 0,                                                                              
                                                           "Shared Written Blocks": 0,                                                                              
                                                           "Local Hit Blocks": 0,                                                                                   
                                                           "Local Read Blocks": 0,                                                                                  
                                                           "Local Dirtied Blocks": 0,                                                                               
                                                           "Local Written Blocks": 0,                                                                               
                                                           "Temp Read Blocks": 0,                                                                                   
                                                           "Temp Written Blocks": 0,                                                                                
                                                           "Plans": [                                                                                               
                                                             {                                                                                                      
                                                               "Node Type": "Merge Join",                                                                           
                                                               "Parent Relationship": "Outer",                                                                      
                                                               "Parallel Aware": false,                                                                             
                                                               "Join Type": "Inner",                                                                                
                                                               "Startup Cost": 8348.59,                                                                             
                                                               "Total Cost": 8348.60,                                                                               
                                                               "Plan Rows": 17,                                                                                     
                                                               "Plan Width": 45,                                                                                    
                                                               "Actual Startup Time": 2336.067,                                                                     
                                                               "Actual Total Time": 2336.139,                                                                       
                                                               "Actual Rows": 257,                                                                                  
                                                               "Actual Loops": 1,                                                                                   
                                                               "Inner Unique": false,                                                                               
                                                               "Merge Cond": "(cct2.id = cc.status_id)",                                                            
                                                               "Shared Hit Blocks": 8,                                                                              
                                                               "Shared Read Blocks": 36886,                                                                         
                                                               "Shared Dirtied Blocks": 0,                                                                          
                                                               "Shared Written Blocks": 0,                                                                          
                                                               "Local Hit Blocks": 0,                                                                               
                                                               "Local Read Blocks": 0,                                                                              
                                                               "Local Dirtied Blocks": 0,                                                                           
                                                               "Local Written Blocks": 0,                                                                           
                                                               "Temp Read Blocks": 0,                                                                               
                                                               "Temp Written Blocks": 0,                                                                            
                                                               "Plans": [                                                                                           
                                                                 {                                                                                                  
                                                                   "Node Type": "Sort",                                                                             
                                                                   "Parent Relationship": "Outer",                                                                  
                                                                   "Parallel Aware": false,                                                                         
                                                                   "Startup Cost": 0.03,                                                                            
                                                                   "Total Cost": 0.03,                                                                              
                                                                   "Plan Rows": 1,                                                                                  
                                                                   "Plan Width": 4,                                                                                 
                                                                   "Actual Startup Time": 0.006,                                                                    
                                                                   "Actual Total Time": 0.007,                                                                      
                                                                   "Actual Rows": 2,                                                                                
                                                                   "Actual Loops": 1,                                                                               
                                                                   "Sort Key": ["cct2.id"],                                                                         
                                                                   "Sort Method": "quicksort",                                                                      
                                                                   "Sort Space Used": 25,                                                                           
                                                                   "Sort Space Type": "Memory",                                                                     
                                                                   "Shared Hit Blocks": 1,                                                                          
                                                                   "Shared Read Blocks": 0,                                                                         
                                                                   "Shared Dirtied Blocks": 0,                                                                      
                                                                   "Shared Written Blocks": 0,                                                                      
                                                                   "Local Hit Blocks": 0,                                                                           
                                                                   "Local Read Blocks": 0,                                                                          
                                                                   "Local Dirtied Blocks": 0,                                                                       
                                                                   "Local Written Blocks": 0,                                                                       
                                                                   "Temp Read Blocks": 0,                                                                           
                                                                   "Temp Written Blocks": 0,                                                                        
                                                                   "Plans": [                                                                                       
                                                                     {                                                                                              
                                                                       "Node Type": "Seq Scan",                                                                     
                                                                       "Parent Relationship": "Outer",                                                              
                                                                       "Parallel Aware": false,                                                                     
                                                                       "Relation Name": "comp_cast_type",                                                           
                                                                       "Alias": "cct2",                                                                             
                                                                       "Startup Cost": 0.00,                                                                        
                                                                       "Total Cost": 0.03,                                                                          
                                                                       "Plan Rows": 1,                                                                              
                                                                       "Plan Width": 4,                                                                             
                                                                       "Actual Startup Time": 0.003,                                                                
                                                                       "Actual Total Time": 0.004,                                                                  
                                                                       "Actual Rows": 2,                                                                            
                                                                       "Actual Loops": 1,                                                                           
                                                                       "Filter": "((kind)::text ~~ 'complete%'::text)",                                             
                                                                       "Rows Removed by Filter": 2,                                                                 
                                                                       "Shared Hit Blocks": 1,                                                                      
                                                                       "Shared Read Blocks": 0,                                                                     
                                                                       "Shared Dirtied Blocks": 0,                                                                  
                                                                       "Shared Written Blocks": 0,                                                                  
                                                                       "Local Hit Blocks": 0,                                                                       
                                                                       "Local Read Blocks": 0,                                                                      
                                                                       "Local Dirtied Blocks": 0,                                                                   
                                                                       "Local Written Blocks": 0,                                                                   
                                                                       "Temp Read Blocks": 0,                                                                       
                                                                       "Temp Written Blocks": 0                                                                     
                                                                     }                                                                                              
                                                                   ]                                                                                                
                                                                 },                                                                                                 
                                                                 {                                                                                                  
                                                                   "Node Type": "Sort",                                                                             
                                                                   "Parent Relationship": "Inner",                                                                  
                                                                   "Parallel Aware": false,                                                                         
                                                                   "Startup Cost": 8348.56,                                                                         
                                                                   "Total Cost": 8348.56,                                                                           
                                                                   "Plan Rows": 67,                                                                                 
                                                                   "Plan Width": 49,                                                                                
                                                                   "Actual Startup Time": 2336.056,                                                                 
                                                                   "Actual Total Time": 2336.070,                                                                   
                                                                   "Actual Rows": 257,                                                                              
                                                                   "Actual Loops": 1,                                                                               
                                                                   "Sort Key": ["cc.status_id"],                                                                    
                                                                   "Sort Method": "quicksort",                                                                      
                                                                   "Sort Space Used": 49,                                                                           
                                                                   "Sort Space Type": "Memory",                                                                     
                                                                   "Shared Hit Blocks": 7,                                                                          
                                                                   "Shared Read Blocks": 36886,                                                                     
                                                                   "Shared Dirtied Blocks": 0,                                                                      
                                                                   "Shared Written Blocks": 0,                                                                      
                                                                   "Local Hit Blocks": 0,                                                                           
                                                                   "Local Read Blocks": 0,                                                                          
                                                                   "Local Dirtied Blocks": 0,                                                                       
                                                                   "Local Written Blocks": 0,                                                                       
                                                                   "Temp Read Blocks": 0,                                                                           
                                                                   "Temp Written Blocks": 0,                                                                        
                                                                   "Plans": [                                                                                       
                                                                     {                                                                                              
                                                                       "Node Type": "Merge Join",                                                                   
                                                                       "Parent Relationship": "Outer",                                                              
                                                                       "Parallel Aware": false,                                                                     
                                                                       "Join Type": "Inner",                                                                        
                                                                       "Startup Cost": 8325.31,                                                                     
                                                                       "Total Cost": 8348.49,                                                                       
                                                                       "Plan Rows": 67,                                                                             
                                                                       "Plan Width": 49,                                                                            
                                                                       "Actual Startup Time": 2296.265,                                                             
                                                                       "Actual Total Time": 2335.968,                                                               
                                                                       "Actual Rows": 257,                                                                          
                                                                       "Actual Loops": 1,                                                                           
                                                                       "Inner Unique": false,                                                                       
                                                                       "Merge Cond": "(ml.movie_id = cc.movie_id)",                                                 
                                                                       "Shared Hit Blocks": 7,                                                                      
                                                                       "Shared Read Blocks": 36886,                                                                 
                                                                       "Shared Dirtied Blocks": 0,                                                                  
                                                                       "Shared Written Blocks": 0,                                                                  
                                                                       "Local Hit Blocks": 0,                                                                       
                                                                       "Local Read Blocks": 0,                                                                      
                                                                       "Local Dirtied Blocks": 0,                                                                   
                                                                       "Local Written Blocks": 0,                                                                   
                                                                       "Temp Read Blocks": 0,                                                                       
                                                                       "Temp Written Blocks": 0,                                                                    
                                                                       "Plans": [                                                                                   
                                                                         {                                                                                          
                                                                           "Node Type": "Merge Join",                                                               
                                                                           "Parent Relationship": "Outer",                                                          
                                                                           "Parallel Aware": false,                                                                 
                                                                           "Join Type": "Inner",                                                                    
                                                                           "Startup Cost": 7935.50,                                                                 
                                                                           "Total Cost": 7957.57,                                                                   
                                                                           "Plan Rows": 1252,                                                                       
                                                                           "Plan Width": 37,                                                                        
                                                                           "Actual Startup Time": 2198.921,                                                         
                                                                           "Actual Total Time": 2239.424,                                                           
                                                                           "Actual Rows": 2248,                                                                     
                                                                           "Actual Loops": 1,                                                                       
                                                                           "Inner Unique": false,                                                                   
                                                                           "Merge Cond": "(t.id = ml.movie_id)",                                                    
                                                                           "Shared Hit Blocks": 5,                                                                  
                                                                           "Shared Read Blocks": 36157,                                                             
                                                                           "Shared Dirtied Blocks": 0,                                                              
                                                                           "Shared Written Blocks": 0,                                                              
                                                                           "Local Hit Blocks": 0,                                                                   
                                                                           "Local Read Blocks": 0,                                                                  
                                                                           "Local Dirtied Blocks": 0,                                                               
                                                                           "Local Written Blocks": 0,                                                               
                                                                           "Temp Read Blocks": 0,                                                                   
                                                                           "Temp Written Blocks": 0,                                                                
                                                                           "Plans": [                                                                               
                                                                             {                                                                                      
                                                                               "Node Type": "Sort",                                                                 
                                                                               "Parent Relationship": "Outer",                                                      
                                                                               "Parallel Aware": false,                                                             
                                                                               "Startup Cost": 7851.46,                                                             
                                                                               "Total Cost": 7999.00,                                                               
                                                                               "Plan Rows": 1900368,                                                                
                                                                               "Plan Width": 21,                                                                    
                                                                               "Actual Startup Time": 2145.552,                                                     
                                                                               "Actual Total Time": 2164.844,                                                       
                                                                               "Actual Rows": 145332,                                                               
                                                                               "Actual Loops": 1,                                                                   
                                                                               "Sort Key": ["t.id"],                                                                
                                                                               "Sort Method": "quicksort",                                                          
                                                                               "Sort Space Used": 181511,                                                           
                                                                               "Sort Space Type": "Memory",                                                         
                                                                               "Shared Hit Blocks": 2,                                                              
                                                                               "Shared Read Blocks": 35996,                                                         
                                                                               "Shared Dirtied Blocks": 0,                                                          
                                                                               "Shared Written Blocks": 0,                                                          
                                                                               "Local Hit Blocks": 0,                                                               
                                                                               "Local Read Blocks": 0,                                                              
                                                                               "Local Dirtied Blocks": 0,                                                           
                                                                               "Local Written Blocks": 0,                                                           
                                                                               "Temp Read Blocks": 0,                                                               
                                                                               "Temp Written Blocks": 0,                                                            
                                                                               "Plans": [                                                                           
                                                                                 {                                                                                  
                                                                                   "Node Type": "Seq Scan",                                                         
                                                                                   "Parent Relationship": "Outer",                                                  
                                                                                   "Parallel Aware": false,                                                         
                                                                                   "Relation Name": "title",                                                        
                                                                                   "Alias": "t",                                                                    
                                                                                   "Startup Cost": 0.00,                                                            
                                                                                   "Total Cost": 1696.56,                                                           
                                                                                   "Plan Rows": 1900368,                                                            
                                                                                   "Plan Width": 21,                                                                
                                                                                   "Actual Startup Time": 6.280,                                                    
                                                                                   "Actual Total Time": 1162.290,                                                   
                                                                                   "Actual Rows": 1900368,                                                          
                                                                                   "Actual Loops": 1,                                                               
                                                                                   "Filter": "((production_year >= 1950) AND (production_year <= 2010))",           
                                                                                   "Rows Removed by Filter": 627944,                                                
                                                                                   "Shared Hit Blocks": 2,                                                          
                                                                                   "Shared Read Blocks": 35996,                                                     
                                                                                   "Shared Dirtied Blocks": 0,                                                      
                                                                                   "Shared Written Blocks": 0,                                                      
                                                                                   "Local Hit Blocks": 0,                                                           
                                                                                   "Local Read Blocks": 0,                                                          
                                                                                   "Local Dirtied Blocks": 0,                                                       
                                                                                   "Local Written Blocks": 0,                                                       
                                                                                   "Temp Read Blocks": 0,                                                           
                                                                                   "Temp Written Blocks": 0                                                         
                                                                                 }                                                                                  
                                                                               ]                                                                                    
                                                                             },                                                                                     
                                                                             {                                                                                      
                                                                               "Node Type": "Sort",                                                                 
                                                                               "Parent Relationship": "Inner",                                                      
                                                                               "Parallel Aware": false,                                                             
                                                                               "Startup Cost": 84.04,                                                               
                                                                               "Total Cost": 84.17,                                                                 
                                                                               "Plan Rows": 1666,                                                                   
                                                                               "Plan Width": 16,                                                                    
                                                                               "Actual Startup Time": 53.261,                                                       
                                                                               "Actual Total Time": 53.508,                                                         
                                                                               "Actual Rows": 2315,                                                                 
                                                                               "Actual Loops": 1,                                                                   
                                                                               "Sort Key": ["ml.movie_id"],                                                         
                                                                               "Sort Method": "quicksort",                                                          
                                                                               "Sort Space Used": 205,                                                              
                                                                               "Sort Space Type": "Memory",                                                         
                                                                               "Shared Hit Blocks": 3,                                                              
                                                                               "Shared Read Blocks": 161,                                                           
                                                                               "Shared Dirtied Blocks": 0,                                                          
                                                                               "Shared Written Blocks": 0,                                                          
                                                                               "Local Hit Blocks": 0,                                                               
                                                                               "Local Read Blocks": 0,                                                              
                                                                               "Local Dirtied Blocks": 0,                                                           
                                                                               "Local Written Blocks": 0,                                                           
                                                                               "Temp Read Blocks": 0,                                                               
                                                                               "Temp Written Blocks": 0,                                                            
                                                                               "Plans": [                                                                           
                                                                                 {                                                                                  
                                                                                   "Node Type": "Merge Join",                                                       
                                                                                   "Parent Relationship": "Outer",                                                  
                                                                                   "Parallel Aware": false,                                                         
                                                                                   "Join Type": "Inner",                                                            
                                                                                   "Startup Cost": 76.50,                                                           
                                                                                   "Total Cost": 81.27,                                                             
                                                                                   "Plan Rows": 1666,                                                               
                                                                                   "Plan Width": 16,                                                                
                                                                                   "Actual Startup Time": 51.249,                                                   
                                                                                   "Actual Total Time": 52.230,                                                     
                                                                                   "Actual Rows": 2315,                                                             
                                                                                   "Actual Loops": 1,                                                               
                                                                                   "Inner Unique": false,                                                           
                                                                                   "Merge Cond": "(lt.id = ml.link_type_id)",                                       
                                                                                   "Shared Hit Blocks": 3,                                                          
                                                                                   "Shared Read Blocks": 161,                                                       
                                                                                   "Shared Dirtied Blocks": 0,                                                      
                                                                                   "Shared Written Blocks": 0,                                                      
                                                                                   "Local Hit Blocks": 0,                                                           
                                                                                   "Local Read Blocks": 0,                                                          
                                                                                   "Local Dirtied Blocks": 0,                                                       
                                                                                   "Local Written Blocks": 0,                                                       
                                                                                   "Temp Read Blocks": 0,                                                           
                                                                                   "Temp Written Blocks": 0,                                                        
                                                                                   "Plans": [                                                                       
                                                                                     {                                                                              
                                                                                       "Node Type": "Sort",                                                         
                                                                                       "Parent Relationship": "Outer",                                              
                                                                                       "Parallel Aware": false,                                                     
                                                                                       "Startup Cost": 0.03,                                                        
                                                                                       "Total Cost": 0.03,                                                          
                                                                                       "Plan Rows": 1,                                                              
                                                                                       "Plan Width": 16,                                                            
                                                                                       "Actual Startup Time": 0.024,                                                
                                                                                       "Actual Total Time": 0.025,                                                  
                                                                                       "Actual Rows": 2,                                                            
                                                                                       "Actual Loops": 1,                                                           
                                                                                       "Sort Key": ["lt.id"],                                                       
                                                                                       "Sort Method": "quicksort",                                                  
                                                                                       "Sort Space Used": 25,                                                       
                                                                                       "Sort Space Type": "Memory",                                                 
                                                                                       "Shared Hit Blocks": 1,                                                      
                                                                                       "Shared Read Blocks": 0,                                                     
                                                                                       "Shared Dirtied Blocks": 0,                                                  
                                                                                       "Shared Written Blocks": 0,                                                  
                                                                                       "Local Hit Blocks": 0,                                                       
                                                                                       "Local Read Blocks": 0,                                                      
                                                                                       "Local Dirtied Blocks": 0,                                                   
                                                                                       "Local Written Blocks": 0,                                                   
                                                                                       "Temp Read Blocks": 0,                                                       
                                                                                       "Temp Written Blocks": 0,                                                    
                                                                                       "Plans": [                                                                   
                                                                                         {                                                                          
                                                                                           "Node Type": "Seq Scan",                                                 
                                                                                           "Parent Relationship": "Outer",                                          
                                                                                           "Parallel Aware": false,                                                 
                                                                                           "Relation Name": "link_type",                                            
                                                                                           "Alias": "lt",                                                           
                                                                                           "Startup Cost": 0.00,                                                    
                                                                                           "Total Cost": 0.03,                                                      
                                                                                           "Plan Rows": 1,                                                          
                                                                                           "Plan Width": 16,                                                        
                                                                                           "Actual Startup Time": 0.016,                                            
                                                                                           "Actual Total Time": 0.020,                                              
                                                                                           "Actual Rows": 2,                                                        
                                                                                           "Actual Loops": 1,                                                       
                                                                                           "Filter": "((link)::text ~~ '%follow%'::text)",                          
                                                                                           "Rows Removed by Filter": 16,                                            
                                                                                           "Shared Hit Blocks": 1,                                                  
                                                                                           "Shared Read Blocks": 0,                                                 
                                                                                           "Shared Dirtied Blocks": 0,                                              
                                                                                           "Shared Written Blocks": 0,                                              
                                                                                           "Local Hit Blocks": 0,                                                   
                                                                                           "Local Read Blocks": 0,                                                  
                                                                                           "Local Dirtied Blocks": 0,                                               
                                                                                           "Local Written Blocks": 0,                                               
                                                                                           "Temp Read Blocks": 0,                                                   
                                                                                           "Temp Written Blocks": 0                                                 
                                                                                         }                                                                          
                                                                                       ]                                                                            
                                                                                     },                                                                             
                                                                                     {                                                                              
                                                                                       "Node Type": "Sort",                                                         
                                                                                       "Parent Relationship": "Inner",                                              
                                                                                       "Parallel Aware": false,                                                     
                                                                                       "Startup Cost": 76.46,                                                       
                                                                                       "Total Cost": 78.79,                                                         
                                                                                       "Plan Rows": 29997,                                                          
                                                                                       "Plan Width": 8,                                                             
                                                                                       "Actual Startup Time": 51.217,                                               
                                                                                       "Actual Total Time": 51.460,                                                 
                                                                                       "Actual Rows": 2316,                                                         
                                                                                       "Actual Loops": 1,                                                           
                                                                                       "Sort Key": ["ml.link_type_id"],                                             
                                                                                       "Sort Method": "quicksort",                                                  
                                                                                       "Sort Space Used": 2175,                                                     
                                                                                       "Sort Space Type": "Memory",                                                 
                                                                                       "Shared Hit Blocks": 2,                                                      
                                                                                       "Shared Read Blocks": 161,                                                   
                                                                                       "Shared Dirtied Blocks": 0,                                                  
                                                                                       "Shared Written Blocks": 0,                                                  
                                                                                       "Local Hit Blocks": 0,                                                       
                                                                                       "Local Read Blocks": 0,                                                      
                                                                                       "Local Dirtied Blocks": 0,                                                   
                                                                                       "Local Written Blocks": 0,                                                   
                                                                                       "Temp Read Blocks": 0,                                                       
                                                                                       "Temp Written Blocks": 0,                                                    
                                                                                       "Plans": [                                                                   
                                                                                         {                                                                          
                                                                                           "Node Type": "Seq Scan",                                                 
                                                                                           "Parent Relationship": "Outer",                                          
                                                                                           "Parallel Aware": false,                                                 
                                                                                           "Relation Name": "movie_link",                                           
                                                                                           "Alias": "ml",                                                           
                                                                                           "Startup Cost": 0.00,                                                    
                                                                                           "Total Cost": 7.19,                                                      
                                                                                           "Plan Rows": 29997,                                                      
                                                                                           "Plan Width": 8,                                                         
                                                                                           "Actual Startup Time": 0.006,                                            
                                                                                           "Actual Total Time": 36.627,                                             
                                                                                           "Actual Rows": 29997,                                                    
                                                                                           "Actual Loops": 1,                                                       
                                                                                           "Shared Hit Blocks": 2,                                                  
                                                                                           "Shared Read Blocks": 161,                                               
                                                                                           "Shared Dirtied Blocks": 0,                                              
                                                                                           "Shared Written Blocks": 0,                                              
                                                                                           "Local Hit Blocks": 0,                                                   
                                                                                           "Local Read Blocks": 0,                                                  
                                                                                           "Local Dirtied Blocks": 0,                                               
                                                                                           "Local Written Blocks": 0,                                               
                                                                                           "Temp Read Blocks": 0,                                                   
                                                                                           "Temp Written Blocks": 0                                                 
                                                                                         }                                                                          
                                                                                       ]                                                                            
                                                                                     }                                                                              
                                                                                   ]                                                                                
                                                                                 }                                                                                  
                                                                               ]                                                                                    
                                                                             }                                                                                      
                                                                           ]                                                                                        
                                                                         },                                                                                         
                                                                         {                                                                                          
                                                                           "Node Type": "Sort",                                                                     
                                                                           "Parent Relationship": "Inner",                                                          
                                                                           "Parallel Aware": false,                                                                 
                                                                           "Startup Cost": 389.78,                                                                  
                                                                           "Total Cost": 400.26,                                                                    
                                                                           "Plan Rows": 135086,                                                                     
                                                                           "Plan Width": 12,                                                                        
                                                                           "Actual Startup Time": 95.277,                                                           
                                                                           "Actual Total Time": 95.672,                                                             
                                                                           "Actual Rows": 6169,                                                                     
                                                                           "Actual Loops": 1,                                                                       
                                                                           "Sort Key": ["cc.movie_id"],                                                             
                                                                           "Sort Method": "quicksort",                                                              
                                                                           "Sort Space Used": 12477,                                                                
                                                                           "Sort Space Type": "Memory",                                                             
                                                                           "Shared Hit Blocks": 2,                                                                  
                                                                           "Shared Read Blocks": 729,                                                               
                                                                           "Shared Dirtied Blocks": 0,                                                              
                                                                           "Shared Written Blocks": 0,                                                              
                                                                           "Local Hit Blocks": 0,                                                                   
                                                                           "Local Read Blocks": 0,                                                                  
                                                                           "Local Dirtied Blocks": 0,                                                               
                                                                           "Local Written Blocks": 0,                                                               
                                                                           "Temp Read Blocks": 0,                                                                   
                                                                           "Temp Written Blocks": 0,                                                                
                                                                           "Plans": [                                                                               
                                                                             {                                                                                      
                                                                               "Node Type": "Seq Scan",                                                             
                                                                               "Parent Relationship": "Outer",                                                      
                                                                               "Parallel Aware": false,                                                             
                                                                               "Relation Name": "complete_cast",                                                    
                                                                               "Alias": "cc",                                                                       
                                                                               "Startup Cost": 0.00,                                                                
                                                                               "Total Cost": 32.27,                                                                 
                                                                               "Plan Rows": 135086,                                                                 
                                                                               "Plan Width": 12,                                                                    
                                                                               "Actual Startup Time": 5.229,                                                        
                                                                               "Actual Total Time": 38.214,                                                         
                                                                               "Actual Rows": 135086,                                                               
                                                                               "Actual Loops": 1,                                                                   
                                                                               "Shared Hit Blocks": 2,                                                              
                                                                               "Shared Read Blocks": 729,                                                           
                                                                               "Shared Dirtied Blocks": 0,                                                          
                                                                               "Shared Written Blocks": 0,                                                          
                                                                               "Local Hit Blocks": 0,                                                               
                                                                               "Local Read Blocks": 0,                                                              
                                                                               "Local Dirtied Blocks": 0,                                                           
                                                                               "Local Written Blocks": 0,                                                           
                                                                               "Temp Read Blocks": 0,                                                               
                                                                               "Temp Written Blocks": 0                                                             
                                                                             }                                                                                      
                                                                           ]                                                                                        
                                                                         }                                                                                          
                                                                       ]                                                                                            
                                                                     }                                                                                              
                                                                   ]                                                                                                
                                                                 }                                                                                                  
                                                               ]                                                                                                    
                                                             }                                                                                                      
                                                           ]                                                                                                        
                                                         }                                                                                                          
                                                       ]                                                                                                            
                                                     }                                                                                                              
                                                   ]                                                                                                                
                                                 },                                                                                                                 
                                                 {                                                                                                                  
                                                   "Node Type": "Sort",                                                                                             
                                                   "Parent Relationship": "Inner",                                                                                  
                                                   "Parallel Aware": false,                                                                                         
                                                   "Startup Cost": 14173.08,                                                                                        
                                                   "Total Cost": 14245.82,                                                                                          
                                                   "Plan Rows": 936891,                                                                                             
                                                   "Plan Width": 4,                                                                                                 
                                                   "Actual Startup Time": 8842.631,                                                                                 
                                                   "Actual Total Time": 8843.944,                                                                                   
                                                   "Actual Rows": 28670,                                                                                            
                                                   "Actual Loops": 1,                                                                                               
                                                   "Sort Key": ["mi.movie_id"],                                                                                     
                                                   "Sort Method": "quicksort",                                                                                      
                                                   "Sort Space Used": 68462,                                                                                        
                                                   "Sort Space Type": "Memory",                                                                                     
                                                   "Shared Hit Blocks": 2,                                                                                          
                                                   "Shared Read Blocks": 161890,                                                                                    
                                                   "Shared Dirtied Blocks": 0,                                                                                      
                                                   "Shared Written Blocks": 0,                                                                                      
                                                   "Local Hit Blocks": 0,                                                                                           
                                                   "Local Read Blocks": 0,                                                                                          
                                                   "Local Dirtied Blocks": 0,                                                                                       
                                                   "Local Written Blocks": 0,                                                                                       
                                                   "Temp Read Blocks": 0,                                                                                           
                                                   "Temp Written Blocks": 0,                                                                                        
                                                   "Plans": [                                                                                                       
                                                     {                                                                                                              
                                                       "Node Type": "Seq Scan",                                                                                     
                                                       "Parent Relationship": "Outer",                                                                              
                                                       "Parallel Aware": false,                                                                                     
                                                       "Relation Name": "movie_info",                                                                               
                                                       "Alias": "mi",                                                                                               
                                                       "Startup Cost": 0.00,                                                                                        
                                                       "Total Cost": 11287.12,                                                                                      
                                                       "Plan Rows": 936891,                                                                                         
                                                       "Plan Width": 4,                                                                                             
                                                       "Actual Startup Time": 23.189,                                                                               
                                                       "Actual Total Time": 8517.794,                                                                               
                                                       "Actual Rows": 936223,                                                                                       
                                                       "Actual Loops": 1,                                                                                           
                                                       "Filter": "(info = ANY ('{Sweden,Norway,Germany,Denmark,Swedish,Denish,Norwegian,German,English}'::text[]))",
                                                       "Rows Removed by Filter": 13899497,                                                                          
                                                       "Shared Hit Blocks": 2,                                                                                      
                                                       "Shared Read Blocks": 161890,                                                                                
                                                       "Shared Dirtied Blocks": 0,                                                                                  
                                                       "Shared Written Blocks": 0,                                                                                  
                                                       "Local Hit Blocks": 0,                                                                                       
                                                       "Local Read Blocks": 0,                                                                                      
                                                       "Local Dirtied Blocks": 0,                                                                                   
                                                       "Local Written Blocks": 0,                                                                                   
                                                       "Temp Read Blocks": 0,                                                                                       
                                                       "Temp Written Blocks": 0                                                                                     
                                                     }                                                                                                              
                                                   ]                                                                                                                
                                                 }                                                                                                                  
                                               ]                                                                                                                    
                                             },                                                                                                                     
                                             {                                                                                                                      
                                               "Node Type": "Sort",                                                                                                 
                                               "Parent Relationship": "Inner",                                                                                      
                                               "Parallel Aware": false,                                                                                             
                                               "Startup Cost": 4775.07,                                                                                             
                                               "Total Cost": 4873.82,                                                                                               
                                               "Plan Rows": 1271989,                                                                                                
                                               "Plan Width": 12,                                                                                                    
                                               "Actual Startup Time": 1279.373,                                                                                     
                                               "Actual Total Time": 1281.388,                                                                                       
                                               "Actual Rows": 44097,                                                                                                
                                               "Actual Loops": 1,                                                                                                   
                                               "Sort Key": ["mc.movie_id"],                                                                                         
                                               "Sort Method": "quicksort",                                                                                          
                                               "Sort Space Used": 108777,                                                                                           
                                               "Sort Space Type": "Memory",                                                                                         
                                               "Shared Hit Blocks": 3,                                                                                              
                                               "Shared Read Blocks": 18786,                                                                                         
                                               "Shared Dirtied Blocks": 0,                                                                                          
                                               "Shared Written Blocks": 0,                                                                                          
                                               "Local Hit Blocks": 0,                                                                                               
                                               "Local Read Blocks": 0,                                                                                              
                                               "Local Dirtied Blocks": 0,                                                                                           
                                               "Local Written Blocks": 0,                                                                                           
                                               "Temp Read Blocks": 0,                                                                                               
                                               "Temp Written Blocks": 0,                                                                                            
                                               "Plans": [                                                                                                           
                                                 {                                                                                                                  
                                                   "Node Type": "Seq Scan",                                                                                         
                                                   "Parent Relationship": "Outer",                                                                                  
                                                   "Parallel Aware": false,                                                                                         
                                                   "Relation Name": "movie_companies",                                                                              
                                                   "Alias": "mc",                                                                                                   
                                                   "Startup Cost": 0.00,                                                                                            
                                                   "Total Cost": 769.75,                                                                                            
                                                   "Plan Rows": 1271989,                                                                                            
                                                   "Plan Width": 12,                                                                                                
                                                   "Actual Startup Time": 0.025,                                                                                    
                                                   "Actual Total Time": 800.499,                                                                                    
                                                   "Actual Rows": 1271989,                                                                                          
                                                   "Actual Loops": 1,                                                                                               
                                                   "Filter": "(note IS NULL)",                                                                                      
                                                   "Rows Removed by Filter": 1337140,                                                                               
                                                   "Shared Hit Blocks": 3,                                                                                          
                                                   "Shared Read Blocks": 18786,                                                                                     
                                                   "Shared Dirtied Blocks": 0,                                                                                      
                                                   "Shared Written Blocks": 0,                                                                                      
                                                   "Local Hit Blocks": 0,                                                                                           
                                                   "Local Read Blocks": 0,                                                                                          
                                                   "Local Dirtied Blocks": 0,                                                                                       
                                                   "Local Written Blocks": 0,                                                                                       
                                                   "Temp Read Blocks": 0,                                                                                           
                                                   "Temp Written Blocks": 0                                                                                         
                                                 }                                                                                                                  
                                               ]                                                                                                                    
                                             }                                                                                                                      
                                           ]                                                                                                                        
                                         }                                                                                                                          
                                       ]                                                                                                                            
                                     }                                                                                                                              
                                   ]                                                                                                                                
                                 }                                                                                                                                  
                               ]                                                                                                                                    
                             },                                                                                                                                     
                             {                                                                                                                                      
                               "Node Type": "Sort",                                                                                                                 
                               "Parent Relationship": "Inner",                                                                                                      
                               "Parallel Aware": false,                                                                                                             
                               "Startup Cost": 16610.92,                                                                                                            
                               "Total Cost": 16962.16,                                                                                                              
                               "Plan Rows": 4523930,                                                                                                                
                               "Plan Width": 8,                                                                                                                     
                               "Actual Startup Time": 2118.244,                                                                                                     
                               "Actual Total Time": 2122.141,                                                                                                       
                               "Actual Rows": 81397,                                                                                                                
                               "Actual Loops": 1,                                                                                                                   
                               "Sort Key": ["mk.movie_id"],                                                                                                         
                               "Sort Method": "quicksort",                                                                                                          
                               "Sort Space Used": 408668,                                                                                                           
                               "Sort Space Type": "Memory",                                                                                                         
                               "Shared Hit Blocks": 3,                                                                                                              
                               "Shared Read Blocks": 24451,                                                                                                         
                               "Shared Dirtied Blocks": 0,                                                                                                          
                               "Shared Written Blocks": 0,                                                                                                          
                               "Local Hit Blocks": 0,                                                                                                               
                               "Local Read Blocks": 0,                                                                                                              
                               "Local Dirtied Blocks": 0,                                                                                                           
                               "Local Written Blocks": 0,                                                                                                           
                               "Temp Read Blocks": 0,                                                                                                               
                               "Temp Written Blocks": 0,                                                                                                            
                               "Plans": [                                                                                                                           
                                 {                                                                                                                                  
                                   "Node Type": "Seq Scan",                                                                                                         
                                   "Parent Relationship": "Outer",                                                                                                  
                                   "Parallel Aware": false,                                                                                                         
                                   "Relation Name": "movie_keyword",                                                                                                
                                   "Alias": "mk",                                                                                                                   
                                   "Startup Cost": 0.00,                                                                                                            
                                   "Total Cost": 1079.84,                                                                                                           
                                   "Plan Rows": 4523930,                                                                                                            
                                   "Plan Width": 8,                                                                                                                 
                                   "Actual Startup Time": 0.015,                                                                                                    
                                   "Actual Total Time": 758.152,                                                                                                    
                                   "Actual Rows": 4523930,                                                                                                          
                                   "Actual Loops": 1,                                                                                                               
                                   "Shared Hit Blocks": 3,                                                                                                          
                                   "Shared Read Blocks": 24451,                                                                                                     
                                   "Shared Dirtied Blocks": 0,                                                                                                      
                                   "Shared Written Blocks": 0,                                                                                                      
                                   "Local Hit Blocks": 0,                                                                                                           
                                   "Local Read Blocks": 0,                                                                                                          
                                   "Local Dirtied Blocks": 0,                                                                                                       
                                   "Local Written Blocks": 0,                                                                                                       
                                   "Temp Read Blocks": 0,                                                                                                           
                                   "Temp Written Blocks": 0                                                                                                         
                                 }                                                                                                                                  
                               ]                                                                                                                                    
                             }                                                                                                                                      
                           ]                                                                                                                                        
                         }                                                                                                                                          
                       ]                                                                                                                                            
                     }                                                                                                                                              
                   ]                                                                                                                                                
                 }                                                                                                                                                  
               ]                                                                                                                                                    
             },                                                                                                                                                     
             {                                                                                                                                                      
               "Node Type": "Sort",                                                                                                                                 
               "Parent Relationship": "Inner",                                                                                                                      
               "Parallel Aware": false,                                                                                                                             
               "Startup Cost": 0.03,                                                                                                                                
               "Total Cost": 0.03,                                                                                                                                  
               "Plan Rows": 1,                                                                                                                                      
               "Plan Width": 4,                                                                                                                                     
               "Actual Startup Time": 0.023,                                                                                                                        
               "Actual Total Time": 0.023,                                                                                                                          
               "Actual Rows": 1,                                                                                                                                    
               "Actual Loops": 1,                                                                                                                                   
               "Sort Key": ["ct.id"],                                                                                                                               
               "Sort Method": "quicksort",                                                                                                                          
               "Sort Space Used": 25,                                                                                                                               
               "Sort Space Type": "Memory",                                                                                                                         
               "Shared Hit Blocks": 1,                                                                                                                              
               "Shared Read Blocks": 0,                                                                                                                             
               "Shared Dirtied Blocks": 0,                                                                                                                          
               "Shared Written Blocks": 0,                                                                                                                          
               "Local Hit Blocks": 0,                                                                                                                               
               "Local Read Blocks": 0,                                                                                                                              
               "Local Dirtied Blocks": 0,                                                                                                                           
               "Local Written Blocks": 0,                                                                                                                           
               "Temp Read Blocks": 0,                                                                                                                               
               "Temp Written Blocks": 0,                                                                                                                            
               "Plans": [                                                                                                                                           
                 {                                                                                                                                                  
                   "Node Type": "Seq Scan",                                                                                                                         
                   "Parent Relationship": "Outer",                                                                                                                  
                   "Parallel Aware": false,                                                                                                                         
                   "Relation Name": "company_type",                                                                                                                 
                   "Alias": "ct",                                                                                                                                   
                   "Startup Cost": 0.00,                                                                                                                            
                   "Total Cost": 0.03,                                                                                                                              
                   "Plan Rows": 1,                                                                                                                                  
                   "Plan Width": 4,                                                                                                                                 
                   "Actual Startup Time": 0.014,                                                                                                                    
                   "Actual Total Time": 0.015,                                                                                                                      
                   "Actual Rows": 1,                                                                                                                                
                   "Actual Loops": 1,                                                                                                                               
                   "Filter": "((kind)::text = 'production companies'::text)",                                                                                       
                   "Rows Removed by Filter": 3,                                                                                                                     
                   "Shared Hit Blocks": 1,                                                                                                                          
                   "Shared Read Blocks": 0,                                                                                                                         
                   "Shared Dirtied Blocks": 0,                                                                                                                      
                   "Shared Written Blocks": 0,                                                                                                                      
                   "Local Hit Blocks": 0,                                                                                                                           
                   "Local Read Blocks": 0,                                                                                                                          
                   "Local Dirtied Blocks": 0,                                                                                                                       
                   "Local Written Blocks": 0,                                                                                                                       
                   "Temp Read Blocks": 0,                                                                                                                           
                   "Temp Written Blocks": 0                                                                                                                         
                 }                                                                                                                                                  
               ]                                                                                                                                                    
             }                                                                                                                                                      
           ]                                                                                                                                                        
         }                                                                                                                                                          
       ]                                                                                                                                                            
     },                                                                                                                                                             
     "Planning Time": 11404.771,                                                                                                                                    
     "Triggers": [                                                                                                                                                  
     ],                                                                                                                                                             
     "Execution Time": 14935.386                                                                                                                                    
   }                                                                                                                                                                
 ]
