     "Plan": {                                                                                     
       "Node Type": "Aggregate",                                                                   
       "Strategy": "Plain",                                                                        
       "Partial Mode": "Simple",                                                                   
       "Parallel Aware": false,                                                                    
       "Startup Cost": 37370.35,                                                                   
       "Total Cost": 37370.35,                                                                     
       "Plan Rows": 1,                                                                             
       "Plan Width": 32,                                                                           
       "Actual Startup Time": 7510.632,                                                            
       "Actual Total Time": 7510.633,                                                              
       "Actual Rows": 1,                                                                           
       "Actual Loops": 1,                                                                          
       "Shared Hit Blocks": 15,                                                                    
       "Shared Read Blocks": 83173,                                                                
       "Shared Dirtied Blocks": 0,                                                                 
       "Shared Written Blocks": 0,                                                                 
       "Local Hit Blocks": 0,                                                                      
       "Local Read Blocks": 0,                                                                     
       "Local Dirtied Blocks": 0,                                                                  
       "Local Written Blocks": 0,                                                                  
       "Temp Read Blocks": 0,                                                                      
       "Temp Written Blocks": 0,                                                                   
       "Plans": [                                                                                  
         {                                                                                         
           "Node Type": "Merge Join",                                                              
           "Parent Relationship": "Outer",                                                         
           "Parallel Aware": false,                                                                
           "Join Type": "Inner",                                                                   
           "Startup Cost": 36978.15,                                                               
           "Total Cost": 37370.35,                                                                 
           "Plan Rows": 8,                                                                         
           "Plan Width": 17,                                                                       
           "Actual Startup Time": 6851.583,                                                        
           "Actual Total Time": 7495.409,                                                          
           "Actual Rows": 7834,                                                                    
           "Actual Loops": 1,                                                                      
           "Inner Unique": true,                                                                   
           "Merge Cond": "(mc.movie_id = t.id)",                                                   
           "Shared Hit Blocks": 15,                                                                
           "Shared Read Blocks": 83173,                                                            
           "Shared Dirtied Blocks": 0,                                                             
           "Shared Written Blocks": 0,                                                             
           "Local Hit Blocks": 0,                                                                  
           "Local Read Blocks": 0,                                                                 
           "Local Dirtied Blocks": 0,                                                              
           "Local Written Blocks": 0,                                                              
           "Temp Read Blocks": 0,                                                                  
           "Temp Written Blocks": 0,                                                               
           "Plans": [                                                                              
             {                                                                                     
               "Node Type": "Sort",                                                                
               "Parent Relationship": "Outer",                                                     
               "Parallel Aware": false,                                                            
               "Startup Cost": 27323.80,                                                           
               "Total Cost": 27323.80,                                                             
               "Plan Rows": 8,                                                                     
               "Plan Width": 8,                                                                    
               "Actual Startup Time": 4532.658,                                                    
               "Actual Total Time": 4533.790,                                                      
               "Actual Rows": 7834,                                                                
               "Actual Loops": 1,                                                                  
               "Sort Key": ["mc.movie_id"],                                                        
               "Sort Method": "quicksort",                                                         
               "Sort Space Used": 560,                                                             
               "Sort Space Type": "Memory",                                                        
               "Shared Hit Blocks": 14,                                                            
               "Shared Read Blocks": 47176,                                                        
               "Shared Dirtied Blocks": 0,                                                         
               "Shared Written Blocks": 0,                                                         
               "Local Hit Blocks": 0,                                                              
               "Local Read Blocks": 0,                                                             
               "Local Dirtied Blocks": 0,                                                          
               "Local Written Blocks": 0,                                                          
               "Temp Read Blocks": 0,                                                              
               "Temp Written Blocks": 0,                                                           
               "Plans": [                                                                          
                 {                                                                                 
                   "Node Type": "Merge Join",                                                      
                   "Parent Relationship": "Outer",                                                 
                   "Parallel Aware": false,                                                        
                   "Join Type": "Inner",                                                           
                   "Startup Cost": 27322.25,                                                       
                   "Total Cost": 27323.80,                                                         
                   "Plan Rows": 8,                                                                 
                   "Plan Width": 8,                                                                
                   "Actual Startup Time": 4475.937,                                                
                   "Actual Total Time": 4512.693,                                                  
                   "Actual Rows": 7834,                                                            
                   "Actual Loops": 1,                                                              
                   "Inner Unique": true,                                                           
                   "Merge Cond": "(mc.company_id = cn.id)",                                        
                   "Shared Hit Blocks": 10,                                                        
                   "Shared Read Blocks": 47176,                                                    
                   "Shared Dirtied Blocks": 0,                                                     
                   "Shared Written Blocks": 0,                                                     
                   "Local Hit Blocks": 0,                                                          
                   "Local Read Blocks": 0,                                                         
                   "Local Dirtied Blocks": 0,                                                      
                   "Local Written Blocks": 0,                                                      
                   "Temp Read Blocks": 0,                                                          
                   "Temp Written Blocks": 0,                                                       
                   "Plans": [                                                                      
                     {                                                                             
                       "Node Type": "Sort",                                                        
                       "Parent Relationship": "Outer",                                             
                       "Parallel Aware": false,                                                    
                       "Startup Cost": 27173.73,                                                   
                       "Total Cost": 27173.74,                                                     
                       "Plan Rows": 190,                                                           
                       "Plan Width": 12,                                                           
                       "Actual Startup Time": 4319.203,                                            
                       "Actual Total Time": 4336.895,                                              
                       "Actual Rows": 148552,                                                      
                       "Actual Loops": 1,                                                          
                       "Sort Key": ["mc.company_id"],                                              
                       "Sort Method": "quicksort",                                                 
                       "Sort Space Used": 13108,                                                   
                       "Sort Space Type": "Memory",                                                
                       "Shared Hit Blocks": 8,                                                     
                       "Shared Read Blocks": 44184,                                                
                       "Shared Dirtied Blocks": 0,                                                 
                       "Shared Written Blocks": 0,                                                 
                       "Local Hit Blocks": 0,                                                      
                       "Local Read Blocks": 0,                                                     
                       "Local Dirtied Blocks": 0,                                                  
                       "Local Written Blocks": 0,                                                  
                       "Temp Read Blocks": 0,                                                      
                       "Temp Written Blocks": 0,                                                   
                       "Plans": [                                                                  
                         {                                                                         
                           "Node Type": "Merge Join",                                              
                           "Parent Relationship": "Outer",                                         
                           "Parallel Aware": false,                                                
                           "Join Type": "Inner",                                                   
                           "Startup Cost": 26768.34,                                               
                           "Total Cost": 27173.50,                                                 
                           "Plan Rows": 190,                                                       
                           "Plan Width": 12,                                                       
                           "Actual Startup Time": 3861.480,                                        
                           "Actual Total Time": 4271.189,                                          
                           "Actual Rows": 148552,                                                  
                           "Actual Loops": 1,                                                      
                           "Inner Unique": false,                                                  
                           "Merge Cond": "(mk.movie_id = mc.movie_id)",                            
                           "Shared Hit Blocks": 8,                                                 
                           "Shared Read Blocks": 44184,                                            
                           "Shared Dirtied Blocks": 0,                                             
                           "Shared Written Blocks": 0,                                             
                           "Local Hit Blocks": 0,                                                  
                           "Local Read Blocks": 0,                                                 
                           "Local Dirtied Blocks": 0,                                              
                           "Local Written Blocks": 0,                                              
                           "Temp Read Blocks": 0,                                                  
                           "Temp Written Blocks": 0,                                               
                           "Plans": [                                                              
                             {                                                                     
                               "Node Type": "Sort",                                                
                               "Parent Relationship": "Outer",                                     
                               "Parallel Aware": false,                                            
                               "Startup Cost": 17362.89,                                           
                               "Total Cost": 17362.89,                                             
                               "Plan Rows": 34,                                                    
                               "Plan Width": 4,                                                    
                               "Actual Startup Time": 2364.745,                                    
                               "Actual Total Time": 2368.917,                                      
                               "Actual Rows": 41839,                                               
                               "Actual Loops": 1,                                                  
                               "Sort Key": ["mk.movie_id"],                                        
                               "Sort Method": "quicksort",                                         
                               "Sort Space Used": 3498,                                            
                               "Sort Space Type": "Memory",                                        
                               "Shared Hit Blocks": 5,                                             
                               "Shared Read Blocks": 25398,                                        
                               "Shared Dirtied Blocks": 0,                                         
                               "Shared Written Blocks": 0,                                         
                               "Local Hit Blocks": 0,                                              
                               "Local Read Blocks": 0,                                             
                               "Local Dirtied Blocks": 0,                                          
                               "Local Written Blocks": 0,                                          
                               "Temp Read Blocks": 0,                                              
                               "Temp Written Blocks": 0,                                           
                               "Plans": [                                                          
                                 {                                                                 
                                   "Node Type": "Merge Join",                                      
                                   "Parent Relationship": "Outer",                                 
                                   "Parallel Aware": false,                                        
                                   "Join Type": "Inner",                                           
                                   "Startup Cost": 16660.38,                                       
                                   "Total Cost": 17362.86,                                         
                                   "Plan Rows": 34,                                                
                                   "Plan Width": 4,                                                
                                   "Actual Startup Time": 2337.816,                                
                                   "Actual Total Time": 2350.826,                                  
                                   "Actual Rows": 41840,                                           
                                   "Actual Loops": 1,                                              
                                   "Inner Unique": false,                                          
                                   "Merge Cond": "(k.id = mk.keyword_id)",                         
                                   "Shared Hit Blocks": 5,                                         
                                   "Shared Read Blocks": 25398,                                    
                                   "Shared Dirtied Blocks": 0,                                     
                                   "Shared Written Blocks": 0,                                     
                                   "Local Hit Blocks": 0,                                          
                                   "Local Read Blocks": 0,                                         
                                   "Local Dirtied Blocks": 0,                                      
                                   "Local Written Blocks": 0,                                      
                                   "Temp Read Blocks": 0,                                          
                                   "Temp Written Blocks": 0,                                       
                                   "Plans": [                                                      
                                     {                                                             
                                       "Node Type": "Sort",                                        
                                       "Parent Relationship": "Outer",                             
                                       "Parallel Aware": false,                                    
                                       "Startup Cost": 49.46,                                      
                                       "Total Cost": 49.46,                                        
                                       "Plan Rows": 1,                                             
                                       "Plan Width": 4,                                            
                                       "Actual Startup Time": 83.234,                              
                                       "Actual Total Time": 83.234,                                
                                       "Actual Rows": 1,                                           
                                       "Actual Loops": 1,                                          
                                       "Sort Key": ["k.id"],                                       
                                       "Sort Method": "quicksort",                                 
                                       "Sort Space Used": 25,                                      
                                       "Sort Space Type": "Memory",                                
                                       "Shared Hit Blocks": 2,                                     
                                       "Shared Read Blocks": 947,                                  
                                       "Shared Dirtied Blocks": 0,                                 
                                       "Shared Written Blocks": 0,                                 
                                       "Local Hit Blocks": 0,                                      
                                       "Local Read Blocks": 0,                                     
                                       "Local Dirtied Blocks": 0,                                  
                                       "Local Written Blocks": 0,                                  
                                       "Temp Read Blocks": 0,                                      
                                       "Temp Written Blocks": 0,                                   
                                       "Plans": [                                                  
                                         {                                                         
                                           "Node Type": "Seq Scan",                                
                                           "Parent Relationship": "Outer",                         
                                           "Parallel Aware": false,                                
                                           "Relation Name": "keyword",                             
                                           "Alias": "k",                                           
                                           "Startup Cost": 0.00,                                   
                                           "Total Cost": 49.46,                                    
                                           "Plan Rows": 1,                                         
                                           "Plan Width": 4,                                        
                                           "Actual Startup Time": 22.966,                          
                                           "Actual Total Time": 83.212,                            
                                           "Actual Rows": 1,                                       
                                           "Actual Loops": 1,                                      
                                           "Filter": "(keyword = 'character-name-in-title'::text)",
                                           "Rows Removed by Filter": 134169,                       
                                           "Shared Hit Blocks": 2,                                 
                                           "Shared Read Blocks": 947,                              
                                           "Shared Dirtied Blocks": 0,                             
                                           "Shared Written Blocks": 0,                             
                                           "Local Hit Blocks": 0,                                  
                                           "Local Read Blocks": 0,                                 
                                           "Local Dirtied Blocks": 0,                              
                                           "Local Written Blocks": 0,                              
                                           "Temp Read Blocks": 0,                                  
                                           "Temp Written Blocks": 0                                
                                         }                                                         
                                       ]                                                           
                                     },                                                            
                                     {                                                             
                                       "Node Type": "Sort",                                        
                                       "Parent Relationship": "Inner",                             
                                       "Parallel Aware": false,                                    
                                       "Startup Cost": 16610.92,                                   
                                       "Total Cost": 16962.16,                                     
                                       "Plan Rows": 4523930,                                       
                                       "Plan Width": 8,                                            
                                       "Actual Startup Time": 2220.666,                            
                                       "Actual Total Time": 2245.407,                              
                                       "Actual Rows": 163762,                                      
                                       "Actual Loops": 1,                                          
                                       "Sort Key": ["mk.keyword_id"],                              
                                       "Sort Method": "quicksort",                                 
                                       "Sort Space Used": 408668,                                  
                                       "Sort Space Type": "Memory",                                
                                       "Shared Hit Blocks": 3,                                     
                                       "Shared Read Blocks": 24451,                                
                                       "Shared Dirtied Blocks": 0,                                 
                                       "Shared Written Blocks": 0,                                 
                                       "Local Hit Blocks": 0,                                      
                                       "Local Read Blocks": 0,                                     
                                       "Local Dirtied Blocks": 0,                                  
                                       "Local Written Blocks": 0,                                  
                                       "Temp Read Blocks": 0,                                      
                                       "Temp Written Blocks": 0,                                   
                                       "Plans": [                                                  
                                         {                                                         
                                           "Node Type": "Seq Scan",                                
                                           "Parent Relationship": "Outer",                         
                                           "Parallel Aware": false,                                
                                           "Relation Name": "movie_keyword",                       
                                           "Alias": "mk",                                          
                                           "Startup Cost": 0.00,                                   
                                           "Total Cost": 1079.84,                                  
                                           "Plan Rows": 4523930,                                   
                                           "Plan Width": 8,                                        
                                           "Actual Startup Time": 0.007,                           
                                           "Actual Total Time": 778.545,                           
                                           "Actual Rows": 4523930,                                 
                                           "Actual Loops": 1,                                      
                                           "Shared Hit Blocks": 3,                                 
                                           "Shared Read Blocks": 24451,                            
                                           "Shared Dirtied Blocks": 0,                             
                                           "Shared Written Blocks": 0,                             
                                           "Local Hit Blocks": 0,                                  
                                           "Local Read Blocks": 0,                                 
                                           "Local Dirtied Blocks": 0,                              
                                           "Local Written Blocks": 0,                              
                                           "Temp Read Blocks": 0,                                  
                                           "Temp Written Blocks": 0                                
                                         }                                                         
                                       ]                                                           
                                     }                                                             
                                   ]                                                               
                                 }                                                                 
                               ]                                                                   
                             },                                                                    
                             {                                                                     
                               "Node Type": "Sort",                                                
                               "Parent Relationship": "Inner",                                     
                               "Parallel Aware": false,                                            
                               "Startup Cost": 9405.45,                                            
                               "Total Cost": 9608.03,                                              
                               "Plan Rows": 2609129,                                               
                               "Plan Width": 8,                                                    
                               "Actual Startup Time": 1496.617,                                    
                               "Actual Total Time": 1616.387,                                      
                               "Actual Rows": 2609194,                                             
                               "Actual Loops": 1,                                                  
                               "Sort Key": ["mc.movie_id"],                                        
                               "Sort Method": "quicksort",                                         
                               "Sort Space Used": 220607,                                          
                               "Sort Space Type": "Memory",                                        
                               "Shared Hit Blocks": 3,                                             
                               "Shared Read Blocks": 18786,                                        
                               "Shared Dirtied Blocks": 0,                                         
                               "Shared Written Blocks": 0,                                         
                               "Local Hit Blocks": 0,                                              
                               "Local Read Blocks": 0,                                             
                               "Local Dirtied Blocks": 0,                                          
                               "Local Written Blocks": 0,                                          
                               "Temp Read Blocks": 0,                                              
                               "Temp Written Blocks": 0,                                           
                               "Plans": [                                                          
                                 {                                                                 
                                   "Node Type": "Seq Scan",                                        
                                   "Parent Relationship": "Outer",                                 
                                   "Parallel Aware": false,                                        
                                   "Relation Name": "movie_companies",                             
                                   "Alias": "mc",                                                  
                                   "Startup Cost": 0.00,                                           
                                   "Total Cost": 769.75,                                           
                                   "Plan Rows": 2609129,                                           
                                   "Plan Width": 8,                                                
                                   "Actual Startup Time": 0.014,                                   
                                   "Actual Total Time": 554.661,                                   
                                   "Actual Rows": 2609129,                                         
                                   "Actual Loops": 1,                                              
                                   "Shared Hit Blocks": 3,                                         
                                   "Shared Read Blocks": 18786,                                    
                                   "Shared Dirtied Blocks": 0,                                     
                                   "Shared Written Blocks": 0,                                     
                                   "Local Hit Blocks": 0,                                          
                                   "Local Read Blocks": 0,                                         
                                   "Local Dirtied Blocks": 0,                                      
                                   "Local Written Blocks": 0,                                      
                                   "Temp Read Blocks": 0,                                          
                                   "Temp Written Blocks": 0                                        
                                 }                                                                 
                               ]                                                                   
                             }                                                                     
                           ]                                                                       
                         }                                                                         
                       ]                                                                           
                     },                                                                            
                     {                                                                             
                       "Node Type": "Sort",                                                        
                       "Parent Relationship": "Inner",                                             
                       "Parallel Aware": false,                                                    
                       "Startup Cost": 148.53,                                                     
                       "Total Cost": 149.28,                                                       
                       "Plan Rows": 9775,                                                          
                       "Plan Width": 4,                                                            
                       "Actual Startup Time": 154.613,                                             
                       "Actual Total Time": 155.652,                                               
                       "Actual Rows": 9766,                                                        
                       "Actual Loops": 1,                                                          
                       "Sort Key": ["cn.id"],                                                      
                       "Sort Method": "quicksort",                                                 
                       "Sort Space Used": 843,                                                     
                       "Sort Space Type": "Memory",                                                
                       "Shared Hit Blocks": 2,                                                     
                       "Shared Read Blocks": 2992,                                                 
                       "Shared Dirtied Blocks": 0,                                                 
                       "Shared Written Blocks": 0,                                                 
                       "Local Hit Blocks": 0,                                                      
                       "Local Read Blocks": 0,                                                     
                       "Local Dirtied Blocks": 0,                                                  
                       "Local Written Blocks": 0,                                                  
                       "Temp Read Blocks": 0,                                                      
                       "Temp Written Blocks": 0,                                                   
                       "Plans": [                                                                  
                         {                                                                         
                           "Node Type": "Seq Scan",                                                
                           "Parent Relationship": "Outer",                                         
                           "Parallel Aware": false,                                                
                           "Relation Name": "company_name",                                        
                           "Alias": "cn",                                                          
                           "Startup Cost": 0.00,                                                   
                           "Total Cost": 128.41,                                                   
                           "Plan Rows": 9775,                                                      
                           "Plan Width": 4,                                                        
                           "Actual Startup Time": 17.810,                                          
                           "Actual Total Time": 148.605,                                           
                           "Actual Rows": 9775,                                                    
                           "Actual Loops": 1,                                                      
                           "Filter": "((country_code)::text = '[de]'::text)",                      
                           "Rows Removed by Filter": 225222,                                       
                           "Shared Hit Blocks": 2,                                                 
                           "Shared Read Blocks": 2992,                                             
                           "Shared Dirtied Blocks": 0,                                             
                           "Shared Written Blocks": 0,                                             
                           "Local Hit Blocks": 0,                                                  
                           "Local Read Blocks": 0,                                                 
                           "Local Dirtied Blocks": 0,                                              
                           "Local Written Blocks": 0,                                              
                           "Temp Read Blocks": 0,                                                  
                           "Temp Written Blocks": 0                                                
                         }                                                                         
                       ]                                                                           
                     }                                                                             
                   ]                                                                               
                 }                                                                                 
               ]                                                                                   
             },                                                                                    
             {                                                                                     
               "Node Type": "Sort",                                                                
               "Parent Relationship": "Inner",                                                     
               "Parallel Aware": false,                                                            
               "Startup Cost": 9654.35,                                                            
               "Total Cost": 9850.65,                                                              
               "Plan Rows": 2528312,                                                               
               "Plan Width": 21,                                                                   
               "Actual Startup Time": 2315.651,                                                    
               "Actual Total Time": 2612.851,                                                      
               "Actual Rows": 2525432,                                                             
               "Actual Loops": 1,                                                                  
               "Sort Key": ["t.id"],                                                               
               "Sort Method": "quicksort",                                                         
               "Sort Space Used": 275055,                                                          
               "Sort Space Type": "Memory",                                                        
               "Shared Hit Blocks": 1,                                                             
               "Shared Read Blocks": 35997,                                                        
               "Shared Dirtied Blocks": 0,                                                         
               "Shared Written Blocks": 0,                                                         
               "Local Hit Blocks": 0,                                                              
               "Local Read Blocks": 0,                                                             
               "Local Dirtied Blocks": 0,                                                          
               "Local Written Blocks": 0,                                                          
               "Temp Read Blocks": 0,                                                              
               "Temp Written Blocks": 0,                                                           
               "Plans": [                                                                          
                 {                                                                                 
                   "Node Type": "Seq Scan",                                                        
                   "Parent Relationship": "Outer",                                                 
                   "Parallel Aware": false,                                                        
                   "Relation Name": "title",                                                       
                   "Alias": "t",                                                                   
                   "Startup Cost": 0.00,                                                           
                   "Total Cost": 1303.96,                                                          
                   "Plan Rows": 2528312,                                                           
                   "Plan Width": 21,                                                               
                   "Actual Startup Time": 5.333,                                                   
                   "Actual Total Time": 1011.687,                                                  
                   "Actual Rows": 2528312,                                                         
                   "Actual Loops": 1,                                                              
                   "Shared Hit Blocks": 1,                                                         
                   "Shared Read Blocks": 35997,                                                    
                   "Shared Dirtied Blocks": 0,                                                     
                   "Shared Written Blocks": 0,                                                     
                   "Local Hit Blocks": 0,                                                          
                   "Local Read Blocks": 0,                                                         
                   "Local Dirtied Blocks": 0,                                                      
                   "Local Written Blocks": 0,                                                      
                   "Temp Read Blocks": 0,                                                          
                   "Temp Written Blocks": 0                                                        
                 }                                                                                 
               ]                                                                                   
             }                                                                                     
           ]                                                                                       
         }                                                                                         
       ]                                                                                           
     },                                                                                            
     "Planning Time": 2559.741,                                                                    
     "Triggers": [                                                                                 
     ],                                                                                            
     "Execution Time": 7581.524                                                                    
