 [                                                                                             
   {                                                                                           
     "Plan": {                                                                                 
       "Node Type": "Aggregate",                                                               
       "Strategy": "Plain",                                                                    
       "Partial Mode": "Simple",                                                               
       "Parallel Aware": false,                                                                
       "Startup Cost": 37353.17,                                                               
       "Total Cost": 37353.17,                                                                 
       "Plan Rows": 1,                                                                         
       "Plan Width": 32,                                                                       
       "Actual Startup Time": 7772.245,                                                        
       "Actual Total Time": 7772.245,                                                          
       "Actual Rows": 1,                                                                       
       "Actual Loops": 1,                                                                      
       "Shared Hit Blocks": 15,                                                                
       "Shared Read Blocks": 83173,                                                            
       "Shared Dirtied Blocks": 0,                                                             
       "Shared Written Blocks": 0,                                                             
       "Local Hit Blocks": 0,                                                                  
       "Local Read Blocks": 0,                                                                 
       "Local Dirtied Blocks": 0,                                                              
       "Local Written Blocks": 0,                                                              
       "Temp Read Blocks": 0,                                                                  
       "Temp Written Blocks": 0,                                                               
       "Plans": [                                                                              
         {                                                                                     
           "Node Type": "Merge Join",                                                          
           "Parent Relationship": "Outer",                                                     
           "Parallel Aware": false,                                                            
           "Join Type": "Inner",                                                               
           "Startup Cost": 37352.77,                                                           
           "Total Cost": 37353.17,                                                             
           "Plan Rows": 2,                                                                     
           "Plan Width": 17,                                                                   
           "Actual Startup Time": 7708.895,                                                    
           "Actual Total Time": 7761.702,                                                      
           "Actual Rows": 5228,                                                                
           "Actual Loops": 1,                                                                  
           "Inner Unique": true,                                                               
           "Merge Cond": "(mc.company_id = cn.id)",                                            
           "Shared Hit Blocks": 15,                                                            
           "Shared Read Blocks": 83173,                                                        
           "Shared Dirtied Blocks": 0,                                                         
           "Shared Written Blocks": 0,                                                         
           "Local Hit Blocks": 0,                                                              
           "Local Read Blocks": 0,                                                             
           "Local Dirtied Blocks": 0,                                                          
           "Local Written Blocks": 0,                                                          
           "Temp Read Blocks": 0,                                                              
           "Temp Written Blocks": 0,                                                           
           "Plans": [                                                                          
             {                                                                                 
               "Node Type": "Sort",                                                            
               "Parent Relationship": "Outer",                                                 
               "Parallel Aware": false,                                                        
               "Startup Cost": 37220.30,                                                       
               "Total Cost": 37220.32,                                                         
               "Plan Rows": 190,                                                               
               "Plan Width": 21,                                                               
               "Actual Startup Time": 7551.533,                                                
               "Actual Total Time": 7576.796,                                                  
               "Actual Rows": 148547,                                                          
               "Actual Loops": 1,                                                              
               "Sort Key": ["mc.company_id"],                                                  
               "Sort Method": "quicksort",                                                     
               "Sort Space Used": 17038,                                                       
               "Sort Space Type": "Memory",                                                    
               "Shared Hit Blocks": 13,                                                        
               "Shared Read Blocks": 80181,                                                    
               "Shared Dirtied Blocks": 0,                                                     
               "Shared Written Blocks": 0,                                                     
               "Local Hit Blocks": 0,                                                          
               "Local Read Blocks": 0,                                                         
               "Local Dirtied Blocks": 0,                                                      
               "Local Written Blocks": 0,                                                      
               "Temp Read Blocks": 0,                                                          
               "Temp Written Blocks": 0,                                                       
               "Plans": [                                                                      
                 {                                                                             
                   "Node Type": "Merge Join",                                                  
                   "Parent Relationship": "Outer",                                             
                   "Parallel Aware": false,                                                    
                   "Join Type": "Inner",                                                       
                   "Startup Cost": 36422.69,                                                   
                   "Total Cost": 37220.08,                                                     
                   "Plan Rows": 190,                                                           
                   "Plan Width": 21,                                                           
                   "Actual Startup Time": 6320.196,                                            
                   "Actual Total Time": 7484.514,                                              
                   "Actual Rows": 148552,                                                      
                   "Actual Loops": 1,                                                          
                   "Inner Unique": true,                                                       
                   "Merge Cond": "(mc.movie_id = t.id)",                                       
                   "Shared Hit Blocks": 9,                                                     
                   "Shared Read Blocks": 80181,                                                
                   "Shared Dirtied Blocks": 0,                                                 
                   "Shared Written Blocks": 0,                                                 
                   "Local Hit Blocks": 0,                                                      
                   "Local Read Blocks": 0,                                                     
                   "Local Dirtied Blocks": 0,                                                  
                   "Local Written Blocks": 0,                                                  
                   "Temp Read Blocks": 0,                                                      
                   "Temp Written Blocks": 0,                                                   
                   "Plans": [                                                                  
                     {                                                                         
                       "Node Type": "Merge Join",                                              
                       "Parent Relationship": "Outer",                                         
                       "Parallel Aware": false,                                                
                       "Join Type": "Inner",                                                   
                       "Startup Cost": 26768.34,                                               
                       "Total Cost": 27173.50,                                                 
                       "Plan Rows": 190,                                                       
                       "Plan Width": 12,                                                       
                       "Actual Startup Time": 4009.495,                                        
                       "Actual Total Time": 4465.888,                                          
                       "Actual Rows": 148552,                                                  
                       "Actual Loops": 1,                                                      
                       "Inner Unique": false,                                                  
                       "Merge Cond": "(mk.movie_id = mc.movie_id)",                            
                       "Shared Hit Blocks": 8,                                                 
                       "Shared Read Blocks": 44184,                                            
                       "Shared Dirtied Blocks": 0,                                             
                       "Shared Written Blocks": 0,                                             
                       "Local Hit Blocks": 0,                                                  
                       "Local Read Blocks": 0,                                                 
                       "Local Dirtied Blocks": 0,                                              
                       "Local Written Blocks": 0,                                              
                       "Temp Read Blocks": 0,                                                  
                       "Temp Written Blocks": 0,                                               
                       "Plans": [                                                              
                         {                                                                     
                           "Node Type": "Sort",                                                
                           "Parent Relationship": "Outer",                                     
                           "Parallel Aware": false,                                            
                           "Startup Cost": 17362.89,                                           
                           "Total Cost": 17362.89,                                             
                           "Plan Rows": 34,                                                    
                           "Plan Width": 4,                                                    
                           "Actual Startup Time": 2517.533,                                    
                           "Actual Total Time": 2523.502,                                      
                           "Actual Rows": 41839,                                               
                           "Actual Loops": 1,                                                  
                           "Sort Key": ["mk.movie_id"],                                        
                           "Sort Method": "quicksort",                                         
                           "Sort Space Used": 3498,                                            
                           "Sort Space Type": "Memory",                                        
                           "Shared Hit Blocks": 5,                                             
                           "Shared Read Blocks": 25398,                                        
                           "Shared Dirtied Blocks": 0,                                         
                           "Shared Written Blocks": 0,                                         
                           "Local Hit Blocks": 0,                                              
                           "Local Read Blocks": 0,                                             
                           "Local Dirtied Blocks": 0,                                          
                           "Local Written Blocks": 0,                                          
                           "Temp Read Blocks": 0,                                              
                           "Temp Written Blocks": 0,                                           
                           "Plans": [                                                          
                             {                                                                 
                               "Node Type": "Merge Join",                                      
                               "Parent Relationship": "Outer",                                 
                               "Parallel Aware": false,                                        
                               "Join Type": "Inner",                                           
                               "Startup Cost": 16660.38,                                       
                               "Total Cost": 17362.86,                                         
                               "Plan Rows": 34,                                                
                               "Plan Width": 4,                                                
                               "Actual Startup Time": 2490.736,                                
                               "Actual Total Time": 2503.736,                                  
                               "Actual Rows": 41840,                                           
                               "Actual Loops": 1,                                              
                               "Inner Unique": false,                                          
                               "Merge Cond": "(k.id = mk.keyword_id)",                         
                               "Shared Hit Blocks": 5,                                         
                               "Shared Read Blocks": 25398,                                    
                               "Shared Dirtied Blocks": 0,                                     
                               "Shared Written Blocks": 0,                                     
                               "Local Hit Blocks": 0,                                          
                               "Local Read Blocks": 0,                                         
                               "Local Dirtied Blocks": 0,                                      
                               "Local Written Blocks": 0,                                      
                               "Temp Read Blocks": 0,                                          
                               "Temp Written Blocks": 0,                                       
                               "Plans": [                                                      
                                 {                                                             
                                   "Node Type": "Sort",                                        
                                   "Parent Relationship": "Outer",                             
                                   "Parallel Aware": false,                                    
                                   "Startup Cost": 49.46,                                      
                                   "Total Cost": 49.46,                                        
                                   "Plan Rows": 1,                                             
                                   "Plan Width": 4,                                            
                                   "Actual Startup Time": 83.573,                              
                                   "Actual Total Time": 83.574,                                
                                   "Actual Rows": 1,                                           
                                   "Actual Loops": 1,                                          
                                   "Sort Key": ["k.id"],                                       
                                   "Sort Method": "quicksort",                                 
                                   "Sort Space Used": 25,                                      
                                   "Sort Space Type": "Memory",                                
                                   "Shared Hit Blocks": 2,                                     
                                   "Shared Read Blocks": 947,                                  
                                   "Shared Dirtied Blocks": 0,                                 
                                   "Shared Written Blocks": 0,                                 
                                   "Local Hit Blocks": 0,                                      
                                   "Local Read Blocks": 0,                                     
                                   "Local Dirtied Blocks": 0,                                  
                                   "Local Written Blocks": 0,                                  
                                   "Temp Read Blocks": 0,                                      
                                   "Temp Written Blocks": 0,                                   
                                   "Plans": [                                                  
                                     {                                                         
                                       "Node Type": "Seq Scan",                                
                                       "Parent Relationship": "Outer",                         
                                       "Parallel Aware": false,                                
                                       "Relation Name": "keyword",                             
                                       "Alias": "k",                                           
                                       "Startup Cost": 0.00,                                   
                                       "Total Cost": 49.46,                                    
                                       "Plan Rows": 1,                                         
                                       "Plan Width": 4,                                        
                                       "Actual Startup Time": 22.944,                          
                                       "Actual Total Time": 83.547,                            
                                       "Actual Rows": 1,                                       
                                       "Actual Loops": 1,                                      
                                       "Filter": "(keyword = 'character-name-in-title'::text)",
                                       "Rows Removed by Filter": 134169,                       
                                       "Shared Hit Blocks": 2,                                 
                                       "Shared Read Blocks": 947,                              
                                       "Shared Dirtied Blocks": 0,                             
                                       "Shared Written Blocks": 0,                             
                                       "Local Hit Blocks": 0,                                  
                                       "Local Read Blocks": 0,                                 
                                       "Local Dirtied Blocks": 0,                              
                                       "Local Written Blocks": 0,                              
                                       "Temp Read Blocks": 0,                                  
                                       "Temp Written Blocks": 0                                
                                     }                                                         
                                   ]                                                           
                                 },                                                            
                                 {                                                             
                                   "Node Type": "Sort",                                        
                                   "Parent Relationship": "Inner",                             
                                   "Parallel Aware": false,                                    
                                   "Startup Cost": 16610.92,                                   
                                   "Total Cost": 16962.16,                                     
                                   "Plan Rows": 4523930,                                       
                                   "Plan Width": 8,                                            
                                   "Actual Startup Time": 2373.634,                            
                                   "Actual Total Time": 2398.052,                              
                                   "Actual Rows": 163762,                                      
                                   "Actual Loops": 1,                                          
                                   "Sort Key": ["mk.keyword_id"],                              
                                   "Sort Method": "quicksort",                                 
                                   "Sort Space Used": 408668,                                  
                                   "Sort Space Type": "Memory",                                
                                   "Shared Hit Blocks": 3,                                     
                                   "Shared Read Blocks": 24451,                                
                                   "Shared Dirtied Blocks": 0,                                 
                                   "Shared Written Blocks": 0,                                 
                                   "Local Hit Blocks": 0,                                      
                                   "Local Read Blocks": 0,                                     
                                   "Local Dirtied Blocks": 0,                                  
                                   "Local Written Blocks": 0,                                  
                                   "Temp Read Blocks": 0,                                      
                                   "Temp Written Blocks": 0,                                   
                                   "Plans": [                                                  
                                     {                                                         
                                       "Node Type": "Seq Scan",                                
                                       "Parent Relationship": "Outer",                         
                                       "Parallel Aware": false,                                
                                       "Relation Name": "movie_keyword",                       
                                       "Alias": "mk",                                          
                                       "Startup Cost": 0.00,                                   
                                       "Total Cost": 1079.84,                                  
                                       "Plan Rows": 4523930,                                   
                                       "Plan Width": 8,                                        
                                       "Actual Startup Time": 0.009,                           
                                       "Actual Total Time": 890.797,                           
                                       "Actual Rows": 4523930,                                 
                                       "Actual Loops": 1,                                      
                                       "Shared Hit Blocks": 3,                                 
                                       "Shared Read Blocks": 24451,                            
                                       "Shared Dirtied Blocks": 0,                             
                                       "Shared Written Blocks": 0,                             
                                       "Local Hit Blocks": 0,                                  
                                       "Local Read Blocks": 0,                                 
                                       "Local Dirtied Blocks": 0,                              
                                       "Local Written Blocks": 0,                              
                                       "Temp Read Blocks": 0,                                  
                                       "Temp Written Blocks": 0                                
                                     }                                                         
                                   ]                                                           
                                 }                                                             
                               ]                                                               
                             }                                                                 
                           ]                                                                   
                         },                                                                    
                         {                                                                     
                           "Node Type": "Sort",                                                
                           "Parent Relationship": "Inner",                                     
                           "Parallel Aware": false,                                            
                           "Startup Cost": 9405.45,                                            
                           "Total Cost": 9608.03,                                              
                           "Plan Rows": 2609129,                                               
                           "Plan Width": 8,                                                    
                           "Actual Startup Time": 1491.846,                                    
                           "Actual Total Time": 1646.478,                                      
                           "Actual Rows": 2609194,                                             
                           "Actual Loops": 1,                                                  
                           "Sort Key": ["mc.movie_id"],                                        
                           "Sort Method": "quicksort",                                         
                           "Sort Space Used": 220607,                                          
                           "Sort Space Type": "Memory",                                        
                           "Shared Hit Blocks": 3,                                             
                           "Shared Read Blocks": 18786,                                        
                           "Shared Dirtied Blocks": 0,                                         
                           "Shared Written Blocks": 0,                                         
                           "Local Hit Blocks": 0,                                              
                           "Local Read Blocks": 0,                                             
                           "Local Dirtied Blocks": 0,                                          
                           "Local Written Blocks": 0,                                          
                           "Temp Read Blocks": 0,                                              
                           "Temp Written Blocks": 0,                                           
                           "Plans": [                                                          
                             {                                                                 
                               "Node Type": "Seq Scan",                                        
                               "Parent Relationship": "Outer",                                 
                               "Parallel Aware": false,                                        
                               "Relation Name": "movie_companies",                             
                               "Alias": "mc",                                                  
                               "Startup Cost": 0.00,                                           
                               "Total Cost": 769.75,                                           
                               "Plan Rows": 2609129,                                           
                               "Plan Width": 8,                                                
                               "Actual Startup Time": 0.015,                                   
                               "Actual Total Time": 548.722,                                   
                               "Actual Rows": 2609129,                                         
                               "Actual Loops": 1,                                              
                               "Shared Hit Blocks": 3,                                         
                               "Shared Read Blocks": 18786,                                    
                               "Shared Dirtied Blocks": 0,                                     
                               "Shared Written Blocks": 0,                                     
                               "Local Hit Blocks": 0,                                          
                               "Local Read Blocks": 0,                                         
                               "Local Dirtied Blocks": 0,                                      
                               "Local Written Blocks": 0,                                      
                               "Temp Read Blocks": 0,                                          
                               "Temp Written Blocks": 0                                        
                             }                                                                 
                           ]                                                                   
                         }                                                                     
                       ]                                                                       
                     },                                                                        
                     {                                                                         
                       "Node Type": "Sort",                                                    
                       "Parent Relationship": "Inner",                                         
                       "Parallel Aware": false,                                                
                       "Startup Cost": 9654.35,                                                
                       "Total Cost": 9850.65,                                                  
                       "Plan Rows": 2528312,                                                   
                       "Plan Width": 21,                                                       
                       "Actual Startup Time": 2310.421,                                        
                       "Actual Total Time": 2634.602,                                          
                       "Actual Rows": 2525672,                                                 
                       "Actual Loops": 1,                                                      
                       "Sort Key": ["t.id"],                                                   
                       "Sort Method": "quicksort",                                             
                       "Sort Space Used": 275055,                                              
                       "Sort Space Type": "Memory",                                            
                       "Shared Hit Blocks": 1,                                                 
                       "Shared Read Blocks": 35997,                                            
                       "Shared Dirtied Blocks": 0,                                             
                       "Shared Written Blocks": 0,                                             
                       "Local Hit Blocks": 0,                                                  
                       "Local Read Blocks": 0,                                                 
                       "Local Dirtied Blocks": 0,                                              
                       "Local Written Blocks": 0,                                              
                       "Temp Read Blocks": 0,                                                  
                       "Temp Written Blocks": 0,                                               
                       "Plans": [                                                              
                         {                                                                     
                           "Node Type": "Seq Scan",                                            
                           "Parent Relationship": "Outer",                                     
                           "Parallel Aware": false,                                            
                           "Relation Name": "title",                                           
                           "Alias": "t",                                                       
                           "Startup Cost": 0.00,                                               
                           "Total Cost": 1303.96,                                              
                           "Plan Rows": 2528312,                                               
                           "Plan Width": 21,                                                   
                           "Actual Startup Time": 11.189,                                      
                           "Actual Total Time": 994.856,                                       
                           "Actual Rows": 2528312,                                             
                           "Actual Loops": 1,                                                  
                           "Shared Hit Blocks": 1,                                             
                           "Shared Read Blocks": 35997,                                        
                           "Shared Dirtied Blocks": 0,                                         
                           "Shared Written Blocks": 0,                                         
                           "Local Hit Blocks": 0,                                              
                           "Local Read Blocks": 0,                                             
                           "Local Dirtied Blocks": 0,                                          
                           "Local Written Blocks": 0,                                          
                           "Temp Read Blocks": 0,                                              
                           "Temp Written Blocks": 0                                            
                         }                                                                     
                       ]                                                                       
                     }                                                                         
                   ]                                                                           
                 }                                                                             
               ]                                                                               
             },                                                                                
             {                                                                                 
               "Node Type": "Sort",                                                            
               "Parent Relationship": "Inner",                                                 
               "Parallel Aware": false,                                                        
               "Startup Cost": 132.47,                                                         
               "Total Cost": 132.65,                                                           
               "Plan Rows": 2340,                                                              
               "Plan Width": 4,                                                                
               "Actual Startup Time": 155.958,                                                 
               "Actual Total Time": 156.252,                                                   
               "Actual Rows": 2340,                                                            
               "Actual Loops": 1,                                                              
               "Sort Key": ["cn.id"],                                                          
               "Sort Method": "quicksort",                                                     
               "Sort Space Used": 206,                                                         
               "Sort Space Type": "Memory",                                                    
               "Shared Hit Blocks": 2,                                                         
               "Shared Read Blocks": 2992,                                                     
               "Shared Dirtied Blocks": 0,                                                     
               "Shared Written Blocks": 0,                                                     
               "Local Hit Blocks": 0,                                                          
               "Local Read Blocks": 0,                                                         
               "Local Dirtied Blocks": 0,                                                      
               "Local Written Blocks": 0,                                                      
               "Temp Read Blocks": 0,                                                          
               "Temp Written Blocks": 0,                                                       
               "Plans": [                                                                      
                 {                                                                             
                   "Node Type": "Seq Scan",                                                    
                   "Parent Relationship": "Outer",                                             
                   "Parallel Aware": false,                                                    
                   "Relation Name": "company_name",                                            
                   "Alias": "cn",                                                              
                   "Startup Cost": 0.00,                                                       
                   "Total Cost": 128.41,                                                       
                   "Plan Rows": 2340,                                                          
                   "Plan Width": 4,                                                            
                   "Actual Startup Time": 19.350,                                              
                   "Actual Total Time": 153.821,                                               
                   "Actual Rows": 2340,                                                        
                   "Actual Loops": 1,                                                          
                   "Filter": "((country_code)::text = '[nl]'::text)",                          
                   "Rows Removed by Filter": 232657,                                           
                   "Shared Hit Blocks": 2,                                                     
                   "Shared Read Blocks": 2992,                                                 
                   "Shared Dirtied Blocks": 0,                                                 
                   "Shared Written Blocks": 0,                                                 
                   "Local Hit Blocks": 0,                                                      
                   "Local Read Blocks": 0,                                                     
                   "Local Dirtied Blocks": 0,                                                  
                   "Local Written Blocks": 0,                                                  
                   "Temp Read Blocks": 0,                                                      
                   "Temp Written Blocks": 0                                                    
                 }                                                                             
               ]                                                                               
             }                                                                                 
           ]                                                                                   
         }                                                                                     
       ]                                                                                       
     },                                                                                        
     "Planning Time": 2331.714,                                                                
     "Triggers": [                                                                             
     ],                                                                                        
     "Execution Time": 7836.284                                                                
   }                                                                                           
 ]
