     "Plan": {                                                                         
       "Node Type": "Aggregate",                                                       
       "Strategy": "Plain",                                                            
       "Partial Mode": "Simple",                                                       
       "Parallel Aware": false,                                                        
       "Startup Cost": 37348.45,                                                       
       "Total Cost": 37348.45,                                                         
       "Plan Rows": 1,                                                                 
       "Plan Width": 32,                                                               
       "Actual Startup Time": 4546.116,                                                
       "Actual Total Time": 4546.116,                                                  
       "Actual Rows": 1,                                                               
       "Actual Loops": 1,                                                              
       "Shared Hit Blocks": 14,                                                        
       "Shared Read Blocks": 47176,                                                    
       "Shared Dirtied Blocks": 0,                                                     
       "Shared Written Blocks": 0,                                                     
       "Local Hit Blocks": 0,                                                          
       "Local Read Blocks": 0,                                                         
       "Local Dirtied Blocks": 0,                                                      
       "Local Written Blocks": 0,                                                      
       "Temp Read Blocks": 0,                                                          
       "Temp Written Blocks": 0,                                                       
       "Plans": [                                                                      
         {                                                                             
           "Node Type": "Merge Join",                                                  
           "Parent Relationship": "Outer",                                             
           "Parallel Aware": false,                                                    
           "Join Type": "Inner",                                                       
           "Startup Cost": 36956.25,                                                   
           "Total Cost": 37348.45,                                                     
           "Plan Rows": 1,                                                             
           "Plan Width": 17,                                                           
           "Actual Startup Time": 4546.079,                                            
           "Actual Total Time": 4546.079,                                              
           "Actual Rows": 0,                                                           
           "Actual Loops": 1,                                                          
           "Inner Unique": true,                                                       
           "Merge Cond": "(mc.movie_id = t.id)",                                       
           "Shared Hit Blocks": 14,                                                    
           "Shared Read Blocks": 47176,                                                
           "Shared Dirtied Blocks": 0,                                                 
           "Shared Written Blocks": 0,                                                 
           "Local Hit Blocks": 0,                                                      
           "Local Read Blocks": 0,                                                     
           "Local Dirtied Blocks": 0,                                                  
           "Local Written Blocks": 0,                                                  
           "Temp Read Blocks": 0,                                                      
           "Temp Written Blocks": 0,                                                   
           "Plans": [                                                                  
             {                                                                         
               "Node Type": "Merge Join",                                              
               "Parent Relationship": "Outer",                                         
               "Parallel Aware": false,                                                
               "Join Type": "Inner",                                                   
               "Startup Cost": 27301.90,                                               
               "Total Cost": 27301.90,                                                 
               "Plan Rows": 1,                                                         
               "Plan Width": 8,                                                        
               "Actual Startup Time": 4546.077,                                        
               "Actual Total Time": 4546.077,                                          
               "Actual Rows": 0,                                                       
               "Actual Loops": 1,                                                      
               "Inner Unique": false,                                                  
               "Merge Cond": "(mc.movie_id = mk.movie_id)",                            
               "Shared Hit Blocks": 14,                                                
               "Shared Read Blocks": 47176,                                            
               "Shared Dirtied Blocks": 0,                                             
               "Shared Written Blocks": 0,                                             
               "Local Hit Blocks": 0,                                                  
               "Local Read Blocks": 0,                                                 
               "Local Dirtied Blocks": 0,                                              
               "Local Written Blocks": 0,                                              
               "Temp Read Blocks": 0,                                                  
               "Temp Written Blocks": 0,                                               
               "Plans": [                                                              
                 {                                                                     
                   "Node Type": "Sort",                                                
                   "Parent Relationship": "Outer",                                     
                   "Parallel Aware": false,                                            
                   "Startup Cost": 9939.01,                                            
                   "Total Cost": 9939.01,                                              
                   "Plan Rows": 11,                                                    
                   "Plan Width": 4,                                                    
                   "Actual Startup Time": 2037.410,                                    
                   "Actual Total Time": 2037.411,                                      
                   "Actual Rows": 2,                                                   
                   "Actual Loops": 1,                                                  
                   "Sort Key": ["mc.movie_id"],                                        
                   "Sort Method": "quicksort",                                         
                   "Sort Space Used": 25,                                              
                   "Sort Space Type": "Memory",                                        
                   "Shared Hit Blocks": 9,                                             
                   "Shared Read Blocks": 21778,                                        
                   "Shared Dirtied Blocks": 0,                                         
                   "Shared Written Blocks": 0,                                         
                   "Local Hit Blocks": 0,                                              
                   "Local Read Blocks": 0,                                             
                   "Local Dirtied Blocks": 0,                                          
                   "Local Written Blocks": 0,                                          
                   "Temp Read Blocks": 0,                                              
                   "Temp Written Blocks": 0,                                           
                   "Plans": [                                                          
                     {                                                                 
                       "Node Type": "Merge Join",                                      
                       "Parent Relationship": "Outer",                                 
                       "Parallel Aware": false,                                        
                       "Join Type": "Inner",                                           
                       "Startup Cost": 9533.86,                                        
                       "Total Cost": 9939.01,                                          
                       "Plan Rows": 11,                                                
                       "Plan Width": 4,                                                
                       "Actual Startup Time": 2020.105,                                
                       "Actual Total Time": 2020.107,                                  
                       "Actual Rows": 2,                                               
                       "Actual Loops": 1,                                              
                       "Inner Unique": false,                                          
                       "Merge Cond": "(cn.id = mc.company_id)",                        
                       "Shared Hit Blocks": 5,                                         
                       "Shared Read Blocks": 21778,                                    
                       "Shared Dirtied Blocks": 0,                                     
                       "Shared Written Blocks": 0,                                     
                       "Local Hit Blocks": 0,                                          
                       "Local Read Blocks": 0,                                         
                       "Local Dirtied Blocks": 0,                                      
                       "Local Written Blocks": 0,                                      
                       "Temp Read Blocks": 0,                                          
                       "Temp Written Blocks": 0,                                       
                       "Plans": [                                                      
                         {                                                             
                           "Node Type": "Sort",                                        
                           "Parent Relationship": "Outer",                             
                           "Parallel Aware": false,                                    
                           "Startup Cost": 128.41,                                     
                           "Total Cost": 128.41,                                       
                           "Plan Rows": 1,                                             
                           "Plan Width": 4,                                            
                           "Actual Startup Time": 164.966,                             
                           "Actual Total Time": 164.966,                               
                           "Actual Rows": 1,                                           
                           "Actual Loops": 1,                                          
                           "Sort Key": ["cn.id"],                                      
                           "Sort Method": "quicksort",                                 
                           "Sort Space Used": 25,                                      
                           "Sort Space Type": "Memory",                                
                           "Shared Hit Blocks": 2,                                     
                           "Shared Read Blocks": 2992,                                 
                           "Shared Dirtied Blocks": 0,                                 
                           "Shared Written Blocks": 0,                                 
                           "Local Hit Blocks": 0,                                      
                           "Local Read Blocks": 0,                                     
                           "Local Dirtied Blocks": 0,                                  
                           "Local Written Blocks": 0,                                  
                           "Temp Read Blocks": 0,                                      
                           "Temp Written Blocks": 0,                                   
                           "Plans": [                                                  
                             {                                                         
                               "Node Type": "Seq Scan",                                
                               "Parent Relationship": "Outer",                         
                               "Parallel Aware": false,                                
                               "Relation Name": "company_name",                        
                               "Alias": "cn",                                          
                               "Startup Cost": 0.00,                                   
                               "Total Cost": 128.41,                                   
                               "Plan Rows": 1,                                         
                               "Plan Width": 4,                                        
                               "Actual Startup Time": 55.217,                          
                               "Actual Total Time": 164.940,                           
                               "Actual Rows": 1,                                       
                               "Actual Loops": 1,                                      
                               "Filter": "((country_code)::text = '[sm]'::text)",      
                               "Rows Removed by Filter": 234996,                       
                               "Shared Hit Blocks": 2,                                 
                               "Shared Read Blocks": 2992,                             
                               "Shared Dirtied Blocks": 0,                             
                               "Shared Written Blocks": 0,                             
                               "Local Hit Blocks": 0,                                  
                               "Local Read Blocks": 0,                                 
                               "Local Dirtied Blocks": 0,                              
                               "Local Written Blocks": 0,                              
                               "Temp Read Blocks": 0,                                  
                               "Temp Written Blocks": 0                                
                             }                                                         
                           ]                                                           
                         },                                                            
                         {                                                             
                           "Node Type": "Sort",                                        
                           "Parent Relationship": "Inner",                             
                           "Parallel Aware": false,                                    
                           "Startup Cost": 9405.45,                                    
                           "Total Cost": 9608.03,                                      
                           "Plan Rows": 2609129,                                       
                           "Plan Width": 8,                                            
                           "Actual Startup Time": 1409.271,                            
                           "Actual Total Time": 1641.659,                              
                           "Actual Rows": 1970794,                                     
                           "Actual Loops": 1,                                          
                           "Sort Key": ["mc.company_id"],                              
                           "Sort Method": "quicksort",                                 
                           "Sort Space Used": 220607,                                  
                           "Sort Space Type": "Memory",                                
                           "Shared Hit Blocks": 3,                                     
                           "Shared Read Blocks": 18786,                                
                           "Shared Dirtied Blocks": 0,                                 
                           "Shared Written Blocks": 0,                                 
                           "Local Hit Blocks": 0,                                      
                           "Local Read Blocks": 0,                                     
                           "Local Dirtied Blocks": 0,                                  
                           "Local Written Blocks": 0,                                  
                           "Temp Read Blocks": 0,                                      
                           "Temp Written Blocks": 0,                                   
                           "Plans": [                                                  
                             {                                                         
                               "Node Type": "Seq Scan",                                
                               "Parent Relationship": "Outer",                         
                               "Parallel Aware": false,                                
                               "Relation Name": "movie_companies",                     
                               "Alias": "mc",                                          
                               "Startup Cost": 0.00,                                   
                               "Total Cost": 769.75,                                   
                               "Plan Rows": 2609129,                                   
                               "Plan Width": 8,                                        
                               "Actual Startup Time": 0.015,                           
                               "Actual Total Time": 545.350,                           
                               "Actual Rows": 2609129,                                 
                               "Actual Loops": 1,                                      
                               "Shared Hit Blocks": 3,                                 
                               "Shared Read Blocks": 18786,                            
                               "Shared Dirtied Blocks": 0,                             
                               "Shared Written Blocks": 0,                             
                               "Local Hit Blocks": 0,                                  
                               "Local Read Blocks": 0,                                 
                               "Local Dirtied Blocks": 0,                              
                               "Local Written Blocks": 0,                              
                               "Temp Read Blocks": 0,                                  
                               "Temp Written Blocks": 0                                
                             }                                                         
                           ]                                                           
                         }                                                             
                       ]                                                               
                     }                                                                 
                   ]                                                                   
                 },                                                                    
                 {                                                                     
                   "Node Type": "Sort",                                                
                   "Parent Relationship": "Inner",                                     
                   "Parallel Aware": false,                                            
                   "Startup Cost": 17362.89,                                           
                   "Total Cost": 17362.89,                                             
                   "Plan Rows": 34,                                                    
                   "Plan Width": 4,                                                    
                   "Actual Startup Time": 2502.413,                                    
                   "Actual Total Time": 2504.816,                                      
                   "Actual Rows": 40430,                                               
                   "Actual Loops": 1,                                                  
                   "Sort Key": ["mk.movie_id"],                                        
                   "Sort Method": "quicksort",                                         
                   "Sort Space Used": 3498,                                            
                   "Sort Space Type": "Memory",                                        
                   "Shared Hit Blocks": 5,                                             
                   "Shared Read Blocks": 25398,                                        
                   "Shared Dirtied Blocks": 0,                                         
                   "Shared Written Blocks": 0,                                         
                   "Local Hit Blocks": 0,                                              
                   "Local Read Blocks": 0,                                             
                   "Local Dirtied Blocks": 0,                                          
                   "Local Written Blocks": 0,                                          
                   "Temp Read Blocks": 0,                                              
                   "Temp Written Blocks": 0,                                           
                   "Plans": [                                                          
                     {                                                                 
                       "Node Type": "Merge Join",                                      
                       "Parent Relationship": "Outer",                                 
                       "Parallel Aware": false,                                        
                       "Join Type": "Inner",                                           
                       "Startup Cost": 16660.38,                                       
                       "Total Cost": 17362.86,                                         
                       "Plan Rows": 34,                                                
                       "Plan Width": 4,                                                
                       "Actual Startup Time": 2475.392,                                
                       "Actual Total Time": 2488.558,                                  
                       "Actual Rows": 41840,                                           
                       "Actual Loops": 1,                                              
                       "Inner Unique": false,                                          
                       "Merge Cond": "(k.id = mk.keyword_id)",                         
                       "Shared Hit Blocks": 5,                                         
                       "Shared Read Blocks": 25398,                                    
                       "Shared Dirtied Blocks": 0,                                     
                       "Shared Written Blocks": 0,                                     
                       "Local Hit Blocks": 0,                                          
                       "Local Read Blocks": 0,                                         
                       "Local Dirtied Blocks": 0,                                      
                       "Local Written Blocks": 0,                                      
                       "Temp Read Blocks": 0,                                          
                       "Temp Written Blocks": 0,                                       
                       "Plans": [                                                      
                         {                                                             
                           "Node Type": "Sort",                                        
                           "Parent Relationship": "Outer",                             
                           "Parallel Aware": false,                                    
                           "Startup Cost": 49.46,                                      
                           "Total Cost": 49.46,                                        
                           "Plan Rows": 1,                                             
                           "Plan Width": 4,                                            
                           "Actual Startup Time": 104.994,                             
                           "Actual Total Time": 104.995,                               
                           "Actual Rows": 1,                                           
                           "Actual Loops": 1,                                          
                           "Sort Key": ["k.id"],                                       
                           "Sort Method": "quicksort",                                 
                           "Sort Space Used": 25,                                      
                           "Sort Space Type": "Memory",                                
                           "Shared Hit Blocks": 2,                                     
                           "Shared Read Blocks": 947,                                  
                           "Shared Dirtied Blocks": 0,                                 
                           "Shared Written Blocks": 0,                                 
                           "Local Hit Blocks": 0,                                      
                           "Local Read Blocks": 0,                                     
                           "Local Dirtied Blocks": 0,                                  
                           "Local Written Blocks": 0,                                  
                           "Temp Read Blocks": 0,                                      
                           "Temp Written Blocks": 0,                                   
                           "Plans": [                                                  
                             {                                                         
                               "Node Type": "Seq Scan",                                
                               "Parent Relationship": "Outer",                         
                               "Parallel Aware": false,                                
                               "Relation Name": "keyword",                             
                               "Alias": "k",                                           
                               "Startup Cost": 0.00,                                   
                               "Total Cost": 49.46,                                    
                               "Plan Rows": 1,                                         
                               "Plan Width": 4,                                        
                               "Actual Startup Time": 44.481,                          
                               "Actual Total Time": 104.986,                           
                               "Actual Rows": 1,                                       
                               "Actual Loops": 1,                                      
                               "Filter": "(keyword = 'character-name-in-title'::text)",
                               "Rows Removed by Filter": 134169,                       
                               "Shared Hit Blocks": 2,                                 
                               "Shared Read Blocks": 947,                              
                               "Shared Dirtied Blocks": 0,                             
                               "Shared Written Blocks": 0,                             
                               "Local Hit Blocks": 0,                                  
                               "Local Read Blocks": 0,                                 
                               "Local Dirtied Blocks": 0,                              
                               "Local Written Blocks": 0,                              
                               "Temp Read Blocks": 0,                                  
                               "Temp Written Blocks": 0                                
                             }                                                         
                           ]                                                           
                         },                                                            
                         {                                                             
                           "Node Type": "Sort",                                        
                           "Parent Relationship": "Inner",                             
                           "Parallel Aware": false,                                    
                           "Startup Cost": 16610.92,                                   
                           "Total Cost": 16962.16,                                     
                           "Plan Rows": 4523930,                                       
                           "Plan Width": 8,                                            
                           "Actual Startup Time": 2336.001,                            
                           "Actual Total Time": 2361.149,                              
                           "Actual Rows": 163762,                                      
                           "Actual Loops": 1,                                          
                           "Sort Key": ["mk.keyword_id"],                              
                           "Sort Method": "quicksort",                                 
                           "Sort Space Used": 408668,                                  
                           "Sort Space Type": "Memory",                                
                           "Shared Hit Blocks": 3,                                     
                           "Shared Read Blocks": 24451,                                
                           "Shared Dirtied Blocks": 0,                                 
                           "Shared Written Blocks": 0,                                 
                           "Local Hit Blocks": 0,                                      
                           "Local Read Blocks": 0,                                     
                           "Local Dirtied Blocks": 0,                                  
                           "Local Written Blocks": 0,                                  
                           "Temp Read Blocks": 0,                                      
                           "Temp Written Blocks": 0,                                   
                           "Plans": [                                                  
                             {                                                         
                               "Node Type": "Seq Scan",                                
                               "Parent Relationship": "Outer",                         
                               "Parallel Aware": false,                                
                               "Relation Name": "movie_keyword",                       
                               "Alias": "mk",                                          
                               "Startup Cost": 0.00,                                   
                               "Total Cost": 1079.84,                                  
                               "Plan Rows": 4523930,                                   
                               "Plan Width": 8,                                        
                               "Actual Startup Time": 0.007,                           
                               "Actual Total Time": 875.475,                           
                               "Actual Rows": 4523930,                                 
                               "Actual Loops": 1,                                      
                               "Shared Hit Blocks": 3,                                 
                               "Shared Read Blocks": 24451,                            
                               "Shared Dirtied Blocks": 0,                             
                               "Shared Written Blocks": 0,                             
                               "Local Hit Blocks": 0,                                  
                               "Local Read Blocks": 0,                                 
                               "Local Dirtied Blocks": 0,                              
                               "Local Written Blocks": 0,                              
                               "Temp Read Blocks": 0,                                  
                               "Temp Written Blocks": 0                                
                             }                                                         
                           ]                                                           
                         }                                                             
                       ]                                                               
                     }                                                                 
                   ]                                                                   
                 }                                                                     
               ]                                                                       
             },                                                                        
             {                                                                         
               "Node Type": "Sort",                                                    
               "Parent Relationship": "Inner",                                         
               "Parallel Aware": false,                                                
               "Startup Cost": 9654.35,                                                
               "Total Cost": 9850.65,                                                  
               "Plan Rows": 2528312,                                                   
               "Plan Width": 21,                                                       
               "Actual Startup Time": 0.000,                                           
               "Actual Total Time": 0.000,                                             
               "Actual Rows": 0,                                                       
               "Actual Loops": 0,                                                      
               "Sort Key": ["t.id"],                                                   
               "Shared Hit Blocks": 0,                                                 
               "Shared Read Blocks": 0,                                                
               "Shared Dirtied Blocks": 0,                                             
               "Shared Written Blocks": 0,                                             
               "Local Hit Blocks": 0,                                                  
               "Local Read Blocks": 0,                                                 
               "Local Dirtied Blocks": 0,                                              
               "Local Written Blocks": 0,                                              
               "Temp Read Blocks": 0,                                                  
               "Temp Written Blocks": 0,                                               
               "Plans": [                                                              
                 {                                                                     
                   "Node Type": "Seq Scan",                                            
                   "Parent Relationship": "Outer",                                     
                   "Parallel Aware": false,                                            
                   "Relation Name": "title",                                           
                   "Alias": "t",                                                       
                   "Startup Cost": 0.00,                                               
                   "Total Cost": 1303.96,                                              
                   "Plan Rows": 2528312,                                               
                   "Plan Width": 21,                                                   
                   "Actual Startup Time": 0.000,                                       
                   "Actual Total Time": 0.000,                                         
                   "Actual Rows": 0,                                                   
                   "Actual Loops": 0,                                                  
                   "Shared Hit Blocks": 0,                                             
                   "Shared Read Blocks": 0,                                            
                   "Shared Dirtied Blocks": 0,                                         
                   "Shared Written Blocks": 0,                                         
                   "Local Hit Blocks": 0,                                              
                   "Local Read Blocks": 0,                                             
                   "Local Dirtied Blocks": 0,                                          
                   "Local Written Blocks": 0,                                          
                   "Temp Read Blocks": 0,                                              
                   "Temp Written Blocks": 0                                            
                 }                                                                     
               ]                                                                       
             }                                                                         
           ]                                                                           
         }                                                                             
       ]                                                                               
     },                                                                                
     "Planning Time": 2348.844,                                                        
     "Triggers": [                                                                     
     ],                                                                                
     "Execution Time": 4599.499                                                        
