     "Plan": {                                                                                                                                                               
       "Node Type": "Aggregate",                                                                                                                                             
       "Strategy": "Plain",                                                                                                                                                  
       "Partial Mode": "Simple",                                                                                                                                             
       "Parallel Aware": false,                                                                                                                                              
       "Startup Cost": 79564.00,                                                                                                                                             
       "Total Cost": 79564.00,                                                                                                                                               
       "Plan Rows": 1,                                                                                                                                                       
       "Plan Width": 128,                                                                                                                                                    
       "Actual Startup Time": 35406.937,                                                                                                                                     
       "Actual Total Time": 35406.937,                                                                                                                                       
       "Actual Rows": 1,                                                                                                                                                     
       "Actual Loops": 1,                                                                                                                                                    
       "Shared Hit Blocks": 26,                                                                                                                                              
       "Shared Read Blocks": 561776,                                                                                                                                         
       "Shared Dirtied Blocks": 0,                                                                                                                                           
       "Shared Written Blocks": 0,                                                                                                                                           
       "Local Hit Blocks": 0,                                                                                                                                                
       "Local Read Blocks": 0,                                                                                                                                               
       "Local Dirtied Blocks": 0,                                                                                                                                            
       "Local Written Blocks": 0,                                                                                                                                            
       "Temp Read Blocks": 0,                                                                                                                                                
       "Temp Written Blocks": 0,                                                                                                                                             
       "Plans": [                                                                                                                                                            
         {                                                                                                                                                                   
           "Node Type": "Merge Join",                                                                                                                                        
           "Parent Relationship": "Outer",                                                                                                                                   
           "Parallel Aware": false,                                                                                                                                          
           "Join Type": "Inner",                                                                                                                                             
           "Startup Cost": 79563.99,                                                                                                                                         
           "Total Cost": 79564.00,                                                                                                                                           
           "Plan Rows": 1,                                                                                                                                                   
           "Plan Width": 80,                                                                                                                                                 
           "Actual Startup Time": 35373.282,                                                                                                                                 
           "Actual Total Time": 35406.318,                                                                                                                                   
           "Actual Rows": 1273,                                                                                                                                              
           "Actual Loops": 1,                                                                                                                                                
           "Inner Unique": true,                                                                                                                                             
           "Merge Cond": "(mc.company_id = cn.id)",                                                                                                                          
           "Shared Hit Blocks": 26,                                                                                                                                          
           "Shared Read Blocks": 561776,                                                                                                                                     
           "Shared Dirtied Blocks": 0,                                                                                                                                       
           "Shared Written Blocks": 0,                                                                                                                                       
           "Local Hit Blocks": 0,                                                                                                                                            
           "Local Read Blocks": 0,                                                                                                                                           
           "Local Dirtied Blocks": 0,                                                                                                                                        
           "Local Written Blocks": 0,                                                                                                                                        
           "Temp Read Blocks": 0,                                                                                                                                            
           "Temp Written Blocks": 0,                                                                                                                                         
           "Plans": [                                                                                                                                                        
             {                                                                                                                                                               
               "Node Type": "Sort",                                                                                                                                          
               "Parent Relationship": "Outer",                                                                                                                               
               "Parallel Aware": false,                                                                                                                                      
               "Startup Cost": 79435.56,                                                                                                                                     
               "Total Cost": 79435.56,                                                                                                                                       
               "Plan Rows": 1,                                                                                                                                               
               "Plan Width": 84,                                                                                                                                             
               "Actual Startup Time": 35210.548,                                                                                                                             
               "Actual Total Time": 35237.795,                                                                                                                               
               "Actual Rows": 184016,                                                                                                                                        
               "Actual Loops": 1,                                                                                                                                            
               "Sort Key": ["mc.company_id"],                                                                                                                                
               "Sort Method": "quicksort",                                                                                                                                   
               "Sort Space Used": 25623,                                                                                                                                     
               "Sort Space Type": "Memory",                                                                                                                                  
               "Shared Hit Blocks": 24,                                                                                                                                      
               "Shared Read Blocks": 558784,                                                                                                                                 
               "Shared Dirtied Blocks": 0,                                                                                                                                   
               "Shared Written Blocks": 0,                                                                                                                                   
               "Local Hit Blocks": 0,                                                                                                                                        
               "Local Read Blocks": 0,                                                                                                                                       
               "Local Dirtied Blocks": 0,                                                                                                                                    
               "Local Written Blocks": 0,                                                                                                                                    
               "Temp Read Blocks": 0,                                                                                                                                        
               "Temp Written Blocks": 0,                                                                                                                                     
               "Plans": [                                                                                                                                                    
                 {                                                                                                                                                           
                   "Node Type": "Merge Join",                                                                                                                                
                   "Parent Relationship": "Outer",                                                                                                                           
                   "Parallel Aware": false,                                                                                                                                  
                   "Join Type": "Inner",                                                                                                                                     
                   "Startup Cost": 79435.56,                                                                                                                                 
                   "Total Cost": 79435.56,                                                                                                                                   
                   "Plan Rows": 1,                                                                                                                                           
                   "Plan Width": 84,                                                                                                                                         
                   "Actual Startup Time": 35068.689,                                                                                                                         
                   "Actual Total Time": 35124.429,                                                                                                                           
                   "Actual Rows": 186510,                                                                                                                                    
                   "Actual Loops": 1,                                                                                                                                        
                   "Inner Unique": true,                                                                                                                                     
                   "Merge Cond": "(mi.info_type_id = it.id)",                                                                                                               
                   "Shared Hit Blocks": 20,                                                                                                                                  
                   "Shared Read Blocks": 558784,                                                                                                                             
                   "Shared Dirtied Blocks": 0,                                                                                                                               
                   "Shared Written Blocks": 0,                                                                                                                               
                   "Local Hit Blocks": 0,                                                                                                                                    
                   "Local Read Blocks": 0,                                                                                                                                   
                   "Local Dirtied Blocks": 0,                                                                                                                                
                   "Local Written Blocks": 0,                                                                                                                                
                   "Temp Read Blocks": 0,                                                                                                                                    
                   "Temp Written Blocks": 0,                                                                                                                                 
                   "Plans": [                                                                                                                                                
                     {                                                                                                                                                       
                       "Node Type": "Sort",                                                                                                                                  
                       "Parent Relationship": "Outer",                                                                                                                       
                       "Parallel Aware": false,                                                                                                                              
                       "Startup Cost": 79435.51,                                                                                                                             
                       "Total Cost": 79435.51,                                                                                                                               
                       "Plan Rows": 1,                                                                                                                                       
                       "Plan Width": 88,                                                                                                                                     
                       "Actual Startup Time": 35068.642,                                                                                                                     
                       "Actual Total Time": 35077.862,                                                                                                                       
                       "Actual Rows": 186511,                                                                                                                                
                       "Actual Loops": 1,                                                                                                                                    
                       "Sort Key": ["mi.info_type_id"],                                                                                                                      
                       "Sort Method": "quicksort",                                                                                                                           
                       "Sort Space Used": 32790,                                                                                                                             
                       "Sort Space Type": "Memory",                                                                                                                          
                       "Shared Hit Blocks": 19,                                                                                                                              
                       "Shared Read Blocks": 558784,                                                                                                                         
                       "Shared Dirtied Blocks": 0,                                                                                                                           
                       "Shared Written Blocks": 0,                                                                                                                           
                       "Local Hit Blocks": 0,                                                                                                                                
                       "Local Read Blocks": 0,                                                                                                                               
                       "Local Dirtied Blocks": 0,                                                                                                                            
                       "Local Written Blocks": 0,                                                                                                                            
                       "Temp Read Blocks": 0,                                                                                                                                
                       "Temp Written Blocks": 0,                                                                                                                             
                       "Plans": [                                                                                                                                            
                         {                                                                                                                                                   
                           "Node Type": "Merge Join",                                                                                                                        
                           "Parent Relationship": "Outer",                                                                                                                   
                           "Parallel Aware": false,                                                                                                                          
                           "Join Type": "Inner",                                                                                                                             
                           "Startup Cost": 79435.51,                                                                                                                         
                           "Total Cost": 79435.51,                                                                                                                           
                           "Plan Rows": 1,                                                                                                                                   
                           "Plan Width": 88,                                                                                                                                 
                           "Actual Startup Time": 34933.279,                                                                                                                 
                           "Actual Total Time": 35007.654,                                                                                                                   
                           "Actual Rows": 209397,                                                                                                                            
                           "Actual Loops": 1,                                                                                                                                
                           "Inner Unique": true,                                                                                                                             
                           "Merge Cond": "(mi_idx.info_type_id = it.id)",                                                                                                   
                           "Shared Hit Blocks": 19,                                                                                                                          
                           "Shared Read Blocks": 558784,                                                                                                                     
                           "Shared Dirtied Blocks": 0,                                                                                                                       
                           "Shared Written Blocks": 0,                                                                                                                       
                           "Local Hit Blocks": 0,                                                                                                                            
                           "Local Read Blocks": 0,                                                                                                                           
                           "Local Dirtied Blocks": 0,                                                                                                                        
                           "Local Written Blocks": 0,                                                                                                                        
                           "Temp Read Blocks": 0,                                                                                                                            
                           "Temp Written Blocks": 0,                                                                                                                         
                           "Plans": [                                                                                                                                        
                             {                                                                                                                                               
                               "Node Type": "Sort",                                                                                                                          
                               "Parent Relationship": "Outer",                                                                                                               
                               "Parallel Aware": false,                                                                                                                      
                               "Startup Cost": 79435.46,                                                                                                                     
                               "Total Cost": 79435.46,                                                                                                                       
                               "Plan Rows": 32,                                                                                                                              
                               "Plan Width": 92,                                                                                                                             
                               "Actual Startup Time": 34882.294,                                                                                                             
                               "Actual Total Time": 34924.370,                                                                                                               
                               "Actual Rows": 418795,                                                                                                                        
                               "Actual Loops": 1,                                                                                                                            
                               "Sort Key": ["mi_idx.info_type_id"],                                                                                                          
                               "Sort Method": "quicksort",                                                                                                                   
                               "Sort Space Used": 112292,                                                                                                                    
                               "Sort Space Type": "Memory",                                                                                                                  
                               "Shared Hit Blocks": 18,                                                                                                                      
                               "Shared Read Blocks": 558784,                                                                                                                 
                               "Shared Dirtied Blocks": 0,                                                                                                                   
                               "Shared Written Blocks": 0,                                                                                                                   
                               "Local Hit Blocks": 0,                                                                                                                        
                               "Local Read Blocks": 0,                                                                                                                       
                               "Local Dirtied Blocks": 0,                                                                                                                    
                               "Local Written Blocks": 0,                                                                                                                    
                               "Temp Read Blocks": 0,                                                                                                                        
                               "Temp Written Blocks": 0,                                                                                                                     
                               "Plans": [                                                                                                                                    
                                 {                                                                                                                                           
                                   "Node Type": "Merge Join",                                                                                                                
                                   "Parent Relationship": "Outer",                                                                                                           
                                   "Parallel Aware": false,                                                                                                                  
                                   "Join Type": "Inner",                                                                                                                     
                                   "Startup Cost": 79172.17,                                                                                                                 
                                   "Total Cost": 79435.43,                                                                                                                   
                                   "Plan Rows": 32,                                                                                                                          
                                   "Plan Width": 92,                                                                                                                         
                                   "Actual Startup Time": 34038.085,                                                                                                         
                                   "Actual Total Time": 34671.188,                                                                                                           
                                   "Actual Rows": 637303,                                                                                                                    
                                   "Actual Loops": 1,                                                                                                                        
                                   "Inner Unique": true,                                                                                                                     
                                   "Merge Cond": "(ci.person_id = n.id)",                                                                                                    
                                   "Shared Hit Blocks": 18,                                                                                                                  
                                   "Shared Read Blocks": 558784,                                                                                                             
                                   "Shared Dirtied Blocks": 0,                                                                                                               
                                   "Shared Written Blocks": 0,                                                                                                               
                                   "Local Hit Blocks": 0,                                                                                                                    
                                   "Local Read Blocks": 0,                                                                                                                   
                                   "Local Dirtied Blocks": 0,                                                                                                                
                                   "Local Written Blocks": 0,                                                                                                                
                                   "Temp Read Blocks": 0,                                                                                                                    
                                   "Temp Written Blocks": 0,                                                                                                                 
                                   "Plans": [                                                                                                                                
                                     {                                                                                                                                       
                                       "Node Type": "Sort",                                                                                                                  
                                       "Parent Relationship": "Outer",                                                                                                       
                                       "Parallel Aware": false,                                                                                                              
                                       "Startup Cost": 71216.84,                                                                                                             
                                       "Total Cost": 71216.85,                                                                                                               
                                       "Plan Rows": 77,                                                                                                                      
                                       "Plan Width": 81,                                                                                                                     
                                       "Actual Startup Time": 31058.457,                                                                                                     
                                       "Actual Total Time": 31107.237,                                                                                                       
                                       "Actual Rows": 637304,                                                                                                                
                                       "Actual Loops": 1,                                                                                                                    
                                       "Sort Key": ["ci.person_id"],                                                                                                         
                                       "Sort Method": "quicksort",                                                                                                           
                                       "Sort Space Used": 126605,                                                                                                            
                                       "Sort Space Type": "Memory",                                                                                                          
                                       "Shared Hit Blocks": 17,                                                                                                              
                                       "Shared Read Blocks": 503172,                                                                                                         
                                       "Shared Dirtied Blocks": 0,                                                                                                           
                                       "Shared Written Blocks": 0,                                                                                                           
                                       "Local Hit Blocks": 0,                                                                                                                
                                       "Local Read Blocks": 0,                                                                                                               
                                       "Local Dirtied Blocks": 0,                                                                                                            
                                       "Local Written Blocks": 0,                                                                                                            
                                       "Temp Read Blocks": 0,                                                                                                                
                                       "Temp Written Blocks": 0,                                                                                                             
                                       "Plans": [                                                                                                                            
                                         {                                                                                                                                   
                                           "Node Type": "Merge Join",                                                                                                        
                                           "Parent Relationship": "Outer",                                                                                                   
                                           "Parallel Aware": false,                                                                                                          
                                           "Join Type": "Inner",                                                                                                             
                                           "Startup Cost": 70003.48,                                                                                                         
                                           "Total Cost": 71216.77,                                                                                                           
                                           "Plan Rows": 77,                                                                                                                  
                                           "Plan Width": 81,                                                                                                                 
                                           "Actual Startup Time": 28087.950,                                                                                                 
                                           "Actual Total Time": 30714.441,                                                                                                   
                                           "Actual Rows": 930288,                                                                                                            
                                           "Actual Loops": 1,                                                                                                                
                                           "Inner Unique": false,                                                                                                            
                                           "Merge Cond": "(t.id = mi.movie_id)",                                                                                             
                                           "Shared Hit Blocks": 17,                                                                                                          
                                           "Shared Read Blocks": 503172,                                                                                                     
                                           "Shared Dirtied Blocks": 0,                                                                                                       
                                           "Shared Written Blocks": 0,                                                                                                       
                                           "Local Hit Blocks": 0,                                                                                                            
                                           "Local Read Blocks": 0,                                                                                                           
                                           "Local Dirtied Blocks": 0,                                                                                                        
                                           "Local Written Blocks": 0,                                                                                                        
                                           "Temp Read Blocks": 0,                                                                                                            
                                           "Temp Written Blocks": 0,                                                                                                         
                                           "Plans": [                                                                                                                        
                                             {                                                                                                                               
                                               "Node Type": "Merge Join",                                                                                                    
                                               "Parent Relationship": "Outer",                                                                                               
                                               "Parallel Aware": false,                                                                                                      
                                               "Join Type": "Inner",                                                                                                         
                                               "Startup Cost": 62563.53,                                                                                                     
                                               "Total Cost": 63766.46,                                                                                                       
                                               "Plan Rows": 1072,                                                                                                            
                                               "Plan Width": 55,                                                                                                             
                                               "Actual Startup Time": 19610.729,                                                                                             
                                               "Actual Total Time": 21916.262,                                                                                               
                                               "Actual Rows": 1299082,                                                                                                       
                                               "Actual Loops": 1,                                                                                                            
                                               "Inner Unique": false,                                                                                                        
                                               "Merge Cond": "(t.id = mi_idx.movie_id)",                                                                                     
                                               "Shared Hit Blocks": 15,                                                                                                      
                                               "Shared Read Blocks": 341282,                                                                                                 
                                               "Shared Dirtied Blocks": 0,                                                                                                   
                                               "Shared Written Blocks": 0,                                                                                                   
                                               "Local Hit Blocks": 0,                                                                                                        
                                               "Local Read Blocks": 0,                                                                                                       
                                               "Local Dirtied Blocks": 0,                                                                                                    
                                               "Local Written Blocks": 0,                                                                                                    
                                               "Temp Read Blocks": 0,                                                                                                        
                                               "Temp Written Blocks": 0,                                                                                                     
                                               "Plans": [                                                                                                                    
                                                 {                                                                                                                           
                                                   "Node Type": "Merge Join",                                                                                                
                                                   "Parent Relationship": "Outer",                                                                                           
                                                   "Parallel Aware": false,                                                                                                  
                                                   "Join Type": "Inner",                                                                                                     
                                                   "Startup Cost": 57832.23,                                                                                                 
                                                   "Total Cost": 58822.69,                                                                                                   
                                                   "Plan Rows": 526,                                                                                                         
                                                   "Plan Width": 41,                                                                                                         
                                                   "Actual Startup Time": 18792.850,                                                                                         
                                                   "Actual Total Time": 20480.453,                                                                                           
                                                   "Actual Rows": 435137,                                                                                                    
                                                   "Actual Loops": 1,                                                                                                        
                                                   "Inner Unique": false,                                                                                                    
                                                   "Merge Cond": "(t.id = ci.movie_id)",                                                                                     
                                                   "Shared Hit Blocks": 13,                                                                                                  
                                                   "Shared Read Blocks": 332831,                                                                                             
                                                   "Shared Dirtied Blocks": 0,                                                                                               
                                                   "Shared Written Blocks": 0,                                                                                               
                                                   "Local Hit Blocks": 0,                                                                                                    
                                                   "Local Read Blocks": 0,                                                                                                   
                                                   "Local Dirtied Blocks": 0,                                                                                                
                                                   "Local Written Blocks": 0,                                                                                                
                                                   "Temp Read Blocks": 0,                                                                                                    
                                                   "Temp Written Blocks": 0,                                                                                                 
                                                   "Plans": [                                                                                                                
                                                     {                                                                                                                       
                                                       "Node Type": "Merge Join",                                                                                            
                                                       "Parent Relationship": "Outer",                                                                                       
                                                       "Parallel Aware": false,                                                                                              
                                                       "Join Type": "Inner",                                                                                                 
                                                       "Startup Cost": 36449.02,                                                                                             
                                                       "Total Cost": 37246.48,                                                                                               
                                                       "Plan Rows": 1317,                                                                                                    
                                                       "Plan Width": 33,                                                                                                     
                                                       "Actual Startup Time": 6529.918,                                                                                      
                                                       "Actual Total Time": 7802.443,                                                                                        
                                                       "Actual Rows": 619597,                                                                                                
                                                       "Actual Loops": 1,                                                                                                    
                                                       "Inner Unique": false,                                                                                                
                                                       "Merge Cond": "(t.id = mc.movie_id)",                                                                                 
                                                       "Shared Hit Blocks": 9,                                                                                               
                                                       "Shared Read Blocks": 80181,                                                                                          
                                                       "Shared Dirtied Blocks": 0,                                                                                           
                                                       "Shared Written Blocks": 0,                                                                                           
                                                       "Local Hit Blocks": 0,                                                                                                
                                                       "Local Read Blocks": 0,                                                                                               
                                                       "Local Dirtied Blocks": 0,                                                                                            
                                                       "Local Written Blocks": 0,                                                                                            
                                                       "Temp Read Blocks": 0,                                                                                                
                                                       "Temp Written Blocks": 0,                                                                                             
                                                       "Plans": [                                                                                                            
                                                         {                                                                                                                   
                                                           "Node Type": "Merge Join",                                                                                        
                                                           "Parent Relationship": "Outer",                                                                                   
                                                           "Parallel Aware": false,                                                                                          
                                                           "Join Type": "Inner",                                                                                             
                                                           "Startup Cost": 27043.56,                                                                                         
                                                           "Total Cost": 27435.84,                                                                                           
                                                           "Plan Rows": 236,                                                                                                 
                                                           "Plan Width": 25,                                                                                                 
                                                           "Actual Startup Time": 5048.319,                                                                                  
                                                           "Actual Total Time": 5773.243,                                                                                    
                                                           "Actual Rows": 76714,                                                                                             
                                                           "Actual Loops": 1,                                                                                                
                                                           "Inner Unique": true,                                                                                             
                                                           "Merge Cond": "(mk.movie_id = t.id)",                                                                             
                                                           "Shared Hit Blocks": 6,                                                                                           
                                                           "Shared Read Blocks": 61395,                                                                                      
                                                           "Shared Dirtied Blocks": 0,                                                                                       
                                                           "Shared Written Blocks": 0,                                                                                       
                                                           "Local Hit Blocks": 0,                                                                                            
                                                           "Local Read Blocks": 0,                                                                                           
                                                           "Local Dirtied Blocks": 0,                                                                                        
                                                           "Local Written Blocks": 0,                                                                                        
                                                           "Temp Read Blocks": 0,                                                                                            
                                                           "Temp Written Blocks": 0,                                                                                         
                                                           "Plans": [                                                                                                        
                                                             {                                                                                                               
                                                               "Node Type": "Sort",                                                                                          
                                                               "Parent Relationship": "Outer",                                                                               
                                                               "Parallel Aware": false,                                                                                      
                                                               "Startup Cost": 17389.21,                                                                                     
                                                               "Total Cost": 17389.23,                                                                                       
                                                               "Plan Rows": 236,                                                                                             
                                                               "Plan Width": 4,                                                                                              
                                                               "Actual Startup Time": 2594.642,                                                                              
                                                               "Actual Total Time": 2606.055,                                                                                
                                                               "Actual Rows": 76714,                                                                                         
                                                               "Actual Loops": 1,                                                                                            
                                                               "Sort Key": ["mk.movie_id"],                                                                                  
                                                               "Sort Method": "quicksort",                                                                                   
                                                               "Sort Space Used": 6668,                                                                                      
                                                               "Sort Space Type": "Memory",                                                                                  
                                                               "Shared Hit Blocks": 5,                                                                                       
                                                               "Shared Read Blocks": 25398,                                                                                  
                                                               "Shared Dirtied Blocks": 0,                                                                                   
                                                               "Shared Written Blocks": 0,                                                                                   
                                                               "Local Hit Blocks": 0,                                                                                        
                                                               "Local Read Blocks": 0,                                                                                       
                                                               "Local Dirtied Blocks": 0,                                                                                    
                                                               "Local Written Blocks": 0,                                                                                    
                                                               "Temp Read Blocks": 0,                                                                                        
                                                               "Temp Written Blocks": 0,                                                                                     
                                                               "Plans": [                                                                                                    
                                                                 {                                                                                                           
                                                                   "Node Type": "Merge Join",                                                                                
                                                                   "Parent Relationship": "Outer",                                                                           
                                                                   "Parallel Aware": false,                                                                                  
                                                                   "Join Type": "Inner",                                                                                     
                                                                   "Startup Cost": 16686.43,                                                                                 
                                                                   "Total Cost": 17388.92,                                                                                   
                                                                   "Plan Rows": 236,                                                                                         
                                                                   "Plan Width": 4,                                                                                          
                                                                   "Actual Startup Time": 2359.521,                                                                          
                                                                   "Actual Total Time": 2568.084,                                                                            
                                                                   "Actual Rows": 76714,                                                                                     
                                                                   "Actual Loops": 1,                                                                                        
                                                                   "Inner Unique": false,                                                                                    
                                                                   "Merge Cond": "(k.id = mk.keyword_id)",                                                                   
                                                                   "Shared Hit Blocks": 5,                                                                                   
                                                                   "Shared Read Blocks": 25398,                                                                              
                                                                   "Shared Dirtied Blocks": 0,                                                                               
                                                                   "Shared Written Blocks": 0,                                                                               
                                                                   "Local Hit Blocks": 0,                                                                                    
                                                                   "Local Read Blocks": 0,                                                                                   
                                                                   "Local Dirtied Blocks": 0,                                                                                
                                                                   "Local Written Blocks": 0,                                                                                
                                                                   "Temp Read Blocks": 0,                                                                                    
                                                                   "Temp Written Blocks": 0,                                                                                 
                                                                   "Plans": [                                                                                                
                                                                     {                                                                                                       
                                                                       "Node Type": "Sort",                                                                                  
                                                                       "Parent Relationship": "Outer",                                                                       
                                                                       "Parallel Aware": false,                                                                              
                                                                       "Startup Cost": 75.51,                                                                                
                                                                       "Total Cost": 75.51,                                                                                  
                                                                       "Plan Rows": 7,                                                                                       
                                                                       "Plan Width": 4,                                                                                      
                                                                       "Actual Startup Time": 83.567,                                                                        
                                                                       "Actual Total Time": 83.571,                                                                          
                                                                       "Actual Rows": 7,                                                                                     
                                                                       "Actual Loops": 1,                                                                                    
                                                                       "Sort Key": ["k.id"],                                                                                 
                                                                       "Sort Method": "quicksort",                                                                           
                                                                       "Sort Space Used": 25,                                                                                
                                                                       "Sort Space Type": "Memory",                                                                          
                                                                       "Shared Hit Blocks": 2,                                                                               
                                                                       "Shared Read Blocks": 947,                                                                            
                                                                       "Shared Dirtied Blocks": 0,                                                                           
                                                                       "Shared Written Blocks": 0,                                                                           
                                                                       "Local Hit Blocks": 0,                                                                                
                                                                       "Local Read Blocks": 0,                                                                               
                                                                       "Local Dirtied Blocks": 0,                                                                            
                                                                       "Local Written Blocks": 0,                                                                            
                                                                       "Temp Read Blocks": 0,                                                                                
                                                                       "Temp Written Blocks": 0,                                                                             
                                                                       "Plans": [                                                                                            
                                                                         {                                                                                                   
                                                                           "Node Type": "Seq Scan",                                                                          
                                                                           "Parent Relationship": "Outer",                                                                   
                                                                           "Parallel Aware": false,                                                                          
                                                                           "Relation Name": "keyword",                                                                       
                                                                           "Alias": "k",                                                                                     
                                                                           "Startup Cost": 0.00,                                                                             
                                                                           "Total Cost": 75.50,                                                                              
                                                                           "Plan Rows": 7,                                                                                   
                                                                           "Plan Width": 4,                                                                                  
                                                                           "Actual Startup Time": 21.653,                                                                    
                                                                           "Actual Total Time": 83.531,                                                                      
                                                                           "Actual Rows": 7,                                                                                 
                                                                           "Actual Loops": 1,                                                                                
                                                                           "Filter": "(keyword = ANY ('{murder,violence,blood,gore,death,female-nudity,hospital}'::text[]))",
                                                                           "Rows Removed by Filter": 134163,                                                                 
                                                                           "Shared Hit Blocks": 2,                                                                           
                                                                           "Shared Read Blocks": 947,                                                                        
                                                                           "Shared Dirtied Blocks": 0,                                                                       
                                                                           "Shared Written Blocks": 0,                                                                       
                                                                           "Local Hit Blocks": 0,                                                                            
                                                                           "Local Read Blocks": 0,                                                                           
                                                                           "Local Dirtied Blocks": 0,                                                                        
                                                                           "Local Written Blocks": 0,                                                                        
                                                                           "Temp Read Blocks": 0,                                                                            
                                                                           "Temp Written Blocks": 0                                                                          
                                                                         }                                                                                                   
                                                                       ]                                                                                                     
                                                                     },                                                                                                      
                                                                     {                                                                                                       
                                                                       "Node Type": "Sort",                                                                                  
                                                                       "Parent Relationship": "Inner",                                                                       
                                                                       "Parallel Aware": false,                                                                              
                                                                       "Startup Cost": 16610.92,                                                                             
                                                                       "Total Cost": 16962.16,                                                                               
                                                                       "Plan Rows": 4523930,                                                                                 
                                                                       "Plan Width": 8,                                                                                      
                                                                       "Actual Startup Time": 2225.001,                                                                      
                                                                       "Actual Total Time": 2366.999,                                                                        
                                                                       "Actual Rows": 943582,                                                                                
                                                                       "Actual Loops": 1,                                                                                    
                                                                       "Sort Key": ["mk.keyword_id"],                                                                        
                                                                       "Sort Method": "quicksort",                                                                           
                                                                       "Sort Space Used": 408668,                                                                            
                                                                       "Sort Space Type": "Memory",                                                                          
                                                                       "Shared Hit Blocks": 3,                                                                               
                                                                       "Shared Read Blocks": 24451,                                                                          
                                                                       "Shared Dirtied Blocks": 0,                                                                           
                                                                       "Shared Written Blocks": 0,                                                                           
                                                                       "Local Hit Blocks": 0,                                                                                
                                                                       "Local Read Blocks": 0,                                                                               
                                                                       "Local Dirtied Blocks": 0,                                                                            
                                                                       "Local Written Blocks": 0,                                                                            
                                                                       "Temp Read Blocks": 0,                                                                                
                                                                       "Temp Written Blocks": 0,                                                                             
                                                                       "Plans": [                                                                                            
                                                                         {                                                                                                   
                                                                           "Node Type": "Seq Scan",                                                                          
                                                                           "Parent Relationship": "Outer",                                                                   
                                                                           "Parallel Aware": false,                                                                          
                                                                           "Relation Name": "movie_keyword",                                                                 
                                                                           "Alias": "mk",                                                                                    
                                                                           "Startup Cost": 0.00,                                                                             
                                                                           "Total Cost": 1079.84,                                                                            
                                                                           "Plan Rows": 4523930,                                                                             
                                                                           "Plan Width": 8,                                                                                  
                                                                           "Actual Startup Time": 0.008,                                                                     
                                                                           "Actual Total Time": 789.190,                                                                     
                                                                           "Actual Rows": 4523930,                                                                           
                                                                           "Actual Loops": 1,                                                                                
                                                                           "Shared Hit Blocks": 3,                                                                           
                                                                           "Shared Read Blocks": 24451,                                                                      
                                                                           "Shared Dirtied Blocks": 0,                                                                       
                                                                           "Shared Written Blocks": 0,                                                                       
                                                                           "Local Hit Blocks": 0,                                                                            
                                                                           "Local Read Blocks": 0,                                                                           
                                                                           "Local Dirtied Blocks": 0,                                                                        
                                                                           "Local Written Blocks": 0,                                                                        
                                                                           "Temp Read Blocks": 0,                                                                            
                                                                           "Temp Written Blocks": 0                                                                          
                                                                         }                                                                                                   
                                                                       ]                                                                                                     
                                                                     }                                                                                                       
                                                                   ]                                                                                                         
                                                                 }                                                                                                           
                                                               ]                                                                                                             
                                                             },                                                                                                              
                                                             {                                                                                                               
                                                               "Node Type": "Sort",                                                                                          
                                                               "Parent Relationship": "Inner",                                                                               
                                                               "Parallel Aware": false,                                                                                      
                                                               "Startup Cost": 9654.35,                                                                                      
                                                               "Total Cost": 9850.65,                                                                                        
                                                               "Plan Rows": 2528312,                                                                                         
                                                               "Plan Width": 21,                                                                                             
                                                               "Actual Startup Time": 2453.467,                                                                              
                                                               "Actual Total Time": 2784.184,                                                                                
                                                               "Actual Rows": 2525735,                                                                                       
                                                               "Actual Loops": 1,                                                                                            
                                                               "Sort Key": ["t.id"],                                                                                         
                                                               "Sort Method": "quicksort",                                                                                   
                                                               "Sort Space Used": 275055,                                                                                    
                                                               "Sort Space Type": "Memory",                                                                                  
                                                               "Shared Hit Blocks": 1,                                                                                       
                                                               "Shared Read Blocks": 35997,                                                                                  
                                                               "Shared Dirtied Blocks": 0,                                                                                   
                                                               "Shared Written Blocks": 0,                                                                                   
                                                               "Local Hit Blocks": 0,                                                                                        
                                                               "Local Read Blocks": 0,                                                                                       
                                                               "Local Dirtied Blocks": 0,                                                                                    
                                                               "Local Written Blocks": 0,                                                                                    
                                                               "Temp Read Blocks": 0,                                                                                        
                                                               "Temp Written Blocks": 0,                                                                                     
                                                               "Plans": [                                                                                                    
                                                                 {                                                                                                           
                                                                   "Node Type": "Seq Scan",                                                                                  
                                                                   "Parent Relationship": "Outer",                                                                           
                                                                   "Parallel Aware": false,                                                                                  
                                                                   "Relation Name": "title",                                                                                 
                                                                   "Alias": "t",                                                                                             
                                                                   "Startup Cost": 0.00,                                                                                     
                                                                   "Total Cost": 1303.96,                                                                                    
                                                                   "Plan Rows": 2528312,                                                                                     
                                                                   "Plan Width": 21,                                                                                         
                                                                   "Actual Startup Time": 9.476,                                                                             
                                                                   "Actual Total Time": 1135.766,                                                                            
                                                                   "Actual Rows": 2528312,                                                                                   
                                                                   "Actual Loops": 1,                                                                                        
                                                                   "Shared Hit Blocks": 1,                                                                                   
                                                                   "Shared Read Blocks": 35997,                                                                              
                                                                   "Shared Dirtied Blocks": 0,                                                                               
                                                                   "Shared Written Blocks": 0,                                                                               
                                                                   "Local Hit Blocks": 0,                                                                                    
                                                                   "Local Read Blocks": 0,                                                                                   
                                                                   "Local Dirtied Blocks": 0,                                                                                
                                                                   "Local Written Blocks": 0,                                                                                
                                                                   "Temp Read Blocks": 0,                                                                                    
                                                                   "Temp Written Blocks": 0                                                                                  
                                                                 }                                                                                                           
                                                               ]                                                                                                             
                                                             }                                                                                                               
                                                           ]                                                                                                                 
                                                         },                                                                                                                  
                                                         {                                                                                                                   
                                                           "Node Type": "Sort",                                                                                              
                                                           "Parent Relationship": "Inner",                                                                                   
                                                           "Parallel Aware": false,                                                                                          
                                                           "Startup Cost": 9405.45,                                                                                          
                                                           "Total Cost": 9608.03,                                                                                            
                                                           "Plan Rows": 2609129,                                                                                             
                                                           "Plan Width": 8,                                                                                                  
                                                           "Actual Startup Time": 1481.527,                                                                                  
                                                           "Actual Total Time": 1658.206,                                                                                    
                                                           "Actual Rows": 2913777,                                                                                           
                                                           "Actual Loops": 1,                                                                                                
                                                           "Sort Key": ["mc.movie_id"],                                                                                      
                                                           "Sort Method": "quicksort",                                                                                       
                                                           "Sort Space Used": 220607,                                                                                        
                                                           "Sort Space Type": "Memory",                                                                                      
                                                           "Shared Hit Blocks": 3,                                                                                           
                                                           "Shared Read Blocks": 18786,                                                                                      
                                                           "Shared Dirtied Blocks": 0,                                                                                       
                                                           "Shared Written Blocks": 0,                                                                                       
                                                           "Local Hit Blocks": 0,                                                                                            
                                                           "Local Read Blocks": 0,                                                                                           
                                                           "Local Dirtied Blocks": 0,                                                                                        
                                                           "Local Written Blocks": 0,                                                                                        
                                                           "Temp Read Blocks": 0,                                                                                            
                                                           "Temp Written Blocks": 0,                                                                                         
                                                           "Plans": [                                                                                                        
                                                             {                                                                                                               
                                                               "Node Type": "Seq Scan",                                                                                      
                                                               "Parent Relationship": "Outer",                                                                               
                                                               "Parallel Aware": false,                                                                                      
                                                               "Relation Name": "movie_companies",                                                                           
                                                               "Alias": "mc",                                                                                                
                                                               "Startup Cost": 0.00,                                                                                         
                                                               "Total Cost": 769.75,                                                                                         
                                                               "Plan Rows": 2609129,                                                                                         
                                                               "Plan Width": 8,                                                                                              
                                                               "Actual Startup Time": 0.014,                                                                                 
                                                               "Actual Total Time": 534.986,                                                                                 
                                                               "Actual Rows": 2609129,                                                                                       
                                                               "Actual Loops": 1,                                                                                            
                                                               "Shared Hit Blocks": 3,                                                                                       
                                                               "Shared Read Blocks": 18786,                                                                                  
                                                               "Shared Dirtied Blocks": 0,                                                                                   
                                                               "Shared Written Blocks": 0,                                                                                   
                                                               "Local Hit Blocks": 0,                                                                                        
                                                               "Local Read Blocks": 0,                                                                                       
                                                               "Local Dirtied Blocks": 0,                                                                                    
                                                               "Local Written Blocks": 0,                                                                                    
                                                               "Temp Read Blocks": 0,                                                                                        
                                                               "Temp Written Blocks": 0                                                                                      
                                                             }                                                                                                               
                                                           ]                                                                                                                 
                                                         }                                                                                                                   
                                                       ]                                                                                                                     
                                                     },                                                                                                                      
                                                     {                                                                                                                       
                                                       "Node Type": "Sort",                                                                                                  
                                                       "Parent Relationship": "Inner",                                                                                       
                                                       "Parallel Aware": false,                                                                                              
                                                       "Startup Cost": 21383.21,                                                                                             
                                                       "Total Cost": 21479.94,                                                                                               
                                                       "Plan Rows": 1245851,                                                                                                 
                                                       "Plan Width": 8,                                                                                                      
                                                       "Actual Startup Time": 12260.209,                                                                                     
                                                       "Actual Total Time": 12390.939,                                                                                       
                                                       "Actual Rows": 1654908,                                                                                               
                                                       "Actual Loops": 1,                                                                                                    
                                                       "Sort Key": ["ci.movie_id"],                                                                                          
                                                       "Sort Method": "quicksort",                                                                                           
                                                       "Sort Space Used": 107499,                                                                                            
                                                       "Sort Space Type": "Memory",                                                                                          
                                                       "Shared Hit Blocks": 4,                                                                                               
                                                       "Shared Read Blocks": 252650,                                                                                         
                                                       "Shared Dirtied Blocks": 0,                                                                                           
                                                       "Shared Written Blocks": 0,                                                                                           
                                                       "Local Hit Blocks": 0,                                                                                                
                                                       "Local Read Blocks": 0,                                                                                               
                                                       "Local Dirtied Blocks": 0,                                                                                            
                                                       "Local Written Blocks": 0,                                                                                            
                                                       "Temp Read Blocks": 0,                                                                                                
                                                       "Temp Written Blocks": 0,                                                                                             
                                                       "Plans": [                                                                                                            
                                                         {                                                                                                                   
                                                           "Node Type": "Seq Scan",                                                                                          
                                                           "Parent Relationship": "Outer",                                                                                   
                                                           "Parallel Aware": false,                                                                                          
                                                           "Relation Name": "cast_info",                                                                                     
                                                           "Alias": "ci",                                                                                                    
                                                           "Startup Cost": 0.00,                                                                                             
                                                           "Total Cost": 17466.00,                                                                                           
                                                           "Plan Rows": 1245851,                                                                                             
                                                           "Plan Width": 8,                                                                                                  
                                                           "Actual Startup Time": 359.747,                                                                                   
                                                           "Actual Total Time": 11767.702,                                                                                   
                                                           "Actual Rows": 1244716,                                                                                           
                                                           "Actual Loops": 1,                                                                                                
                                                           "Filter": "(note = ANY ('{(writer),\"(head writer)\",\"(written by)\",(story),\"(story editor)\"}'::text[]))",    
                                                           "Rows Removed by Filter": 34999628,                                                                               
                                                           "Shared Hit Blocks": 4,                                                                                           
                                                           "Shared Read Blocks": 252650,                                                                                     
                                                           "Shared Dirtied Blocks": 0,                                                                                       
                                                           "Shared Written Blocks": 0,                                                                                       
                                                           "Local Hit Blocks": 0,                                                                                            
                                                           "Local Read Blocks": 0,                                                                                           
                                                           "Local Dirtied Blocks": 0,                                                                                        
                                                           "Local Written Blocks": 0,                                                                                        
                                                           "Temp Read Blocks": 0,                                                                                            
                                                           "Temp Written Blocks": 0                                                                                          
                                                         }                                                                                                                   
                                                       ]                                                                                                                     
                                                     }                                                                                                                       
                                                   ]                                                                                                                         
                                                 },                                                                                                                          
                                                 {                                                                                                                           
                                                   "Node Type": "Sort",                                                                                                      
                                                   "Parent Relationship": "Inner",                                                                                           
                                                   "Parallel Aware": false,                                                                                                  
                                                   "Startup Cost": 4731.30,                                                                                                  
                                                   "Total Cost": 4838.45,                                                                                                    
                                                   "Plan Rows": 1380035,                                                                                                     
                                                   "Plan Width": 14,                                                                                                         
                                                   "Actual Startup Time": 817.471,                                                                                           
                                                   "Actual Total Time": 958.643,                                                                                             
                                                   "Actual Rows": 2633492,                                                                                                   
                                                   "Actual Loops": 1,                                                                                                        
                                                   "Sort Key": ["mi_idx.movie_id"],                                                                                          
                                                   "Sort Method": "quicksort",                                                                                               
                                                   "Sort Space Used": 128214,                                                                                                
                                                   "Sort Space Type": "Memory",                                                                                              
                                                   "Shared Hit Blocks": 2,                                                                                                   
                                                   "Shared Read Blocks": 8451,                                                                                               
                                                   "Shared Dirtied Blocks": 0,                                                                                               
                                                   "Shared Written Blocks": 0,                                                                                               
                                                   "Local Hit Blocks": 0,                                                                                                    
                                                   "Local Read Blocks": 0,                                                                                                   
                                                   "Local Dirtied Blocks": 0,                                                                                                
                                                   "Local Written Blocks": 0,                                                                                                
                                                   "Temp Read Blocks": 0,                                                                                                    
                                                   "Temp Written Blocks": 0,                                                                                                 
                                                   "Plans": [                                                                                                                
                                                     {                                                                                                                       
                                                       "Node Type": "Seq Scan",                                                                                              
                                                       "Parent Relationship": "Outer",                                                                                       
                                                       "Parallel Aware": false,                                                                                              
                                                       "Relation Name": "movie_info_idx",                                                                                    
                                                       "Alias": "mi_idx",                                                                                                    
                                                       "Startup Cost": 0.00,                                                                                                 
                                                       "Total Cost": 360.56,                                                                                                 
                                                       "Plan Rows": 1380035,                                                                                                 
                                                       "Plan Width": 14,                                                                                                     
                                                       "Actual Startup Time": 0.022,                                                                                         
                                                       "Actual Total Time": 300.412,                                                                                         
                                                       "Actual Rows": 1380035,                                                                                               
                                                       "Actual Loops": 1,                                                                                                    
                                                       "Shared Hit Blocks": 2,                                                                                               
                                                       "Shared Read Blocks": 8451,                                                                                           
                                                       "Shared Dirtied Blocks": 0,                                                                                           
                                                       "Shared Written Blocks": 0,                                                                                           
                                                       "Local Hit Blocks": 0,                                                                                                
                                                       "Local Read Blocks": 0,                                                                                               
                                                       "Local Dirtied Blocks": 0,                                                                                            
                                                       "Local Written Blocks": 0,                                                                                            
                                                       "Temp Read Blocks": 0,                                                                                                
                                                       "Temp Written Blocks": 0                                                                                              
                                                     }                                                                                                                       
                                                   ]                                                                                                                         
                                                 }                                                                                                                           
                                               ]                                                                                                                             
                                             },                                                                                                                              
                                             {                                                                                                                               
                                               "Node Type": "Sort",                                                                                                          
                                               "Parent Relationship": "Inner",                                                                                               
                                               "Parallel Aware": false,                                                                                                      
                                               "Startup Cost": 7439.95,                                                                                                      
                                               "Total Cost": 7445.65,                                                                                                        
                                               "Plan Rows": 73417,                                                                                                           
                                               "Plan Width": 50,                                                                                                             
                                               "Actual Startup Time": 8428.823,                                                                                              
                                               "Actual Total Time": 8477.683,                                                                                                
                                               "Actual Rows": 996560,                                                                                                        
                                               "Actual Loops": 1,                                                                                                            
                                               "Sort Key": ["mi.movie_id"],                                                                                                  
                                               "Sort Method": "quicksort",                                                                                                   
                                               "Sort Space Used": 7817,                                                                                                      
                                               "Sort Space Type": "Memory",                                                                                                  
                                               "Shared Hit Blocks": 2,                                                                                                       
                                               "Shared Read Blocks": 161890,                                                                                                 
                                               "Shared Dirtied Blocks": 0,                                                                                                   
                                               "Shared Written Blocks": 0,                                                                                                   
                                               "Local Hit Blocks": 0,                                                                                                        
                                               "Local Read Blocks": 0,                                                                                                       
                                               "Local Dirtied Blocks": 0,                                                                                                    
                                               "Local Written Blocks": 0,                                                                                                    
                                               "Temp Read Blocks": 0,                                                                                                        
                                               "Temp Written Blocks": 0,                                                                                                     
                                               "Plans": [                                                                                                                    
                                                 {                                                                                                                           
                                                   "Node Type": "Seq Scan",                                                                                                  
                                                   "Parent Relationship": "Outer",                                                                                           
                                                   "Parallel Aware": false,                                                                                                  
                                                   "Relation Name": "movie_info",                                                                                            
                                                   "Alias": "mi",                                                                                                            
                                                   "Startup Cost": 0.00,                                                                                                     
                                                   "Total Cost": 7255.68,                                                                                                    
                                                   "Plan Rows": 73417,                                                                                                       
                                                   "Plan Width": 50,                                                                                                         
                                                   "Actual Startup Time": 4936.990,                                                                                          
                                                   "Actual Total Time": 8386.477,                                                                                            
                                                   "Actual Rows": 73047,                                                                                                     
                                                   "Actual Loops": 1,                                                                                                        
                                                   "Filter": "(info = ANY ('{Horror,Thriller}'::text[]))",                                                                   
                                                   "Rows Removed by Filter": 14762673,                                                                                       
                                                   "Shared Hit Blocks": 2,                                                                                                   
                                                   "Shared Read Blocks": 161890,                                                                                             
                                                   "Shared Dirtied Blocks": 0,                                                                                               
                                                   "Shared Written Blocks": 0,                                                                                               
                                                   "Local Hit Blocks": 0,                                                                                                    
                                                   "Local Read Blocks": 0,                                                                                                   
                                                   "Local Dirtied Blocks": 0,                                                                                                
                                                   "Local Written Blocks": 0,                                                                                                
                                                   "Temp Read Blocks": 0,                                                                                                    
                                                   "Temp Written Blocks": 0                                                                                                  
                                                 }                                                                                                                           
                                               ]                                                                                                                             
                                             }                                                                                                                               
                                           ]                                                                                                                                 
                                         }                                                                                                                                   
                                       ]                                                                                                                                     
                                     },                                                                                                                                      
                                     {                                                                                                                                       
                                       "Node Type": "Sort",                                                                                                                  
                                       "Parent Relationship": "Inner",                                                                                                       
                                       "Parallel Aware": false,                                                                                                              
                                       "Startup Cost": 7955.33,                                                                                                              
                                       "Total Cost": 8090.37,                                                                                                                
                                       "Plan Rows": 1739438,                                                                                                                 
                                       "Plan Width": 19,                                                                                                                     
                                       "Actual Startup Time": 2979.364,                                                                                                      
                                       "Actual Total Time": 3165.037,                                                                                                        
                                       "Actual Rows": 1739579,                                                                                                               
                                       "Actual Loops": 1,                                                                                                                    
                                       "Sort Key": ["n.id"],                                                                                                                 
                                       "Sort Method": "quicksort",                                                                                                           
                                       "Sort Space Used": 176730,                                                                                                            
                                       "Sort Space Type": "Memory",                                                                                                          
                                       "Shared Hit Blocks": 1,                                                                                                               
                                       "Shared Read Blocks": 55612,                                                                                                          
                                       "Shared Dirtied Blocks": 0,                                                                                                           
                                       "Shared Written Blocks": 0,                                                                                                           
                                       "Local Hit Blocks": 0,                                                                                                                
                                       "Local Read Blocks": 0,                                                                                                               
                                       "Local Dirtied Blocks": 0,                                                                                                            
                                       "Local Written Blocks": 0,                                                                                                            
                                       "Temp Read Blocks": 0,                                                                                                                
                                       "Temp Written Blocks": 0,                                                                                                             
                                       "Plans": [                                                                                                                            
                                         {                                                                                                                                   
                                           "Node Type": "Seq Scan",                                                                                                          
                                           "Parent Relationship": "Outer",                                                                                                   
                                           "Parallel Aware": false,                                                                                                          
                                           "Relation Name": "name",                                                                                                          
                                           "Alias": "n",                                                                                                                     
                                           "Startup Cost": 0.00,                                                                                                             
                                           "Total Cost": 2356.12,                                                                                                            
                                           "Plan Rows": 1739438,                                                                                                             
                                           "Plan Width": 19,                                                                                                                 
                                           "Actual Startup Time": 20.936,                                                                                                    
                                           "Actual Total Time": 2191.309,                                                                                                    
                                           "Actual Rows": 1739579,                                                                                                           
                                           "Actual Loops": 1,                                                                                                                
                                           "Filter": "((gender)::text = 'm'::text)",                                                                                         
                                           "Rows Removed by Filter": 2427912,                                                                                                
                                           "Shared Hit Blocks": 1,                                                                                                           
                                           "Shared Read Blocks": 55612,                                                                                                      
                                           "Shared Dirtied Blocks": 0,                                                                                                       
                                           "Shared Written Blocks": 0,                                                                                                       
                                           "Local Hit Blocks": 0,                                                                                                            
                                           "Local Read Blocks": 0,                                                                                                           
                                           "Local Dirtied Blocks": 0,                                                                                                        
                                           "Local Written Blocks": 0,                                                                                                        
                                           "Temp Read Blocks": 0,                                                                                                            
                                           "Temp Written Blocks": 0                                                                                                          
                                         }                                                                                                                                   
                                       ]                                                                                                                                     
                                     }                                                                                                                                       
                                   ]                                                                                                                                         
                                 }                                                                                                                                           
                               ]                                                                                                                                             
                             },                                                                                                                                              
                             {                                                                                                                                               
                               "Node Type": "Sort",                                                                                                                          
                               "Parent Relationship": "Inner",                                                                                                               
                               "Parallel Aware": false,                                                                                                                      
                               "Startup Cost": 0.05,                                                                                                                         
                               "Total Cost": 0.05,                                                                                                                           
                               "Plan Rows": 1,                                                                                                                               
                               "Plan Width": 4,                                                                                                                              
                               "Actual Startup Time": 0.036,                                                                                                                 
                               "Actual Total Time": 0.037,                                                                                                                   
                               "Actual Rows": 1,                                                                                                                             
                               "Actual Loops": 1,                                                                                                                            
                               "Sort Key": ["it.id"],                                                                                                                       
                               "Sort Method": "quicksort",                                                                                                                   
                               "Sort Space Used": 25,                                                                                                                        
                               "Sort Space Type": "Memory",                                                                                                                  
                               "Shared Hit Blocks": 1,                                                                                                                       
                               "Shared Read Blocks": 0,                                                                                                                      
                               "Shared Dirtied Blocks": 0,                                                                                                                   
                               "Shared Written Blocks": 0,                                                                                                                   
                               "Local Hit Blocks": 0,                                                                                                                        
                               "Local Read Blocks": 0,                                                                                                                       
                               "Local Dirtied Blocks": 0,                                                                                                                    
                               "Local Written Blocks": 0,                                                                                                                    
                               "Temp Read Blocks": 0,                                                                                                                        
                               "Temp Written Blocks": 0,                                                                                                                     
                               "Plans": [                                                                                                                                    
                                 {                                                                                                                                           
                                   "Node Type": "Seq Scan",                                                                                                                  
                                   "Parent Relationship": "Outer",                                                                                                           
                                   "Parallel Aware": false,                                                                                                                  
                                   "Relation Name": "info_type",                                                                                                             
                                   "Alias": "it",                                                                                                                           
                                   "Startup Cost": 0.00,                                                                                                                     
                                   "Total Cost": 0.05,                                                                                                                       
                                   "Plan Rows": 1,                                                                                                                           
                                   "Plan Width": 4,                                                                                                                          
                                   "Actual Startup Time": 0.025,                                                                                                             
                                   "Actual Total Time": 0.027,                                                                                                               
                                   "Actual Rows": 1,                                                                                                                         
                                   "Actual Loops": 1,                                                                                                                        
                                   "Filter": "((info)::text = 'votes'::text)",                                                                                               
                                   "Rows Removed by Filter": 112,                                                                                                            
                                   "Shared Hit Blocks": 1,                                                                                                                   
                                   "Shared Read Blocks": 0,                                                                                                                  
                                   "Shared Dirtied Blocks": 0,                                                                                                               
                                   "Shared Written Blocks": 0,                                                                                                               
                                   "Local Hit Blocks": 0,                                                                                                                    
                                   "Local Read Blocks": 0,                                                                                                                   
                                   "Local Dirtied Blocks": 0,                                                                                                                
                                   "Local Written Blocks": 0,                                                                                                                
                                   "Temp Read Blocks": 0,                                                                                                                    
                                   "Temp Written Blocks": 0                                                                                                                  
                                 }                                                                                                                                           
                               ]                                                                                                                                             
                             }                                                                                                                                               
                           ]                                                                                                                                                 
                         }                                                                                                                                                   
                       ]                                                                                                                                                     
                     },                                                                                                                                                      
                     {                                                                                                                                                       
                       "Node Type": "Sort",                                                                                                                                  
                       "Parent Relationship": "Inner",                                                                                                                       
                       "Parallel Aware": false,                                                                                                                              
                       "Startup Cost": 0.05,                                                                                                                                 
                       "Total Cost": 0.05,                                                                                                                                   
                       "Plan Rows": 1,                                                                                                                                       
                       "Plan Width": 4,                                                                                                                                      
                       "Actual Startup Time": 0.043,                                                                                                                         
                       "Actual Total Time": 0.043,                                                                                                                           
                       "Actual Rows": 1,                                                                                                                                     
                       "Actual Loops": 1,                                                                                                                                    
                       "Sort Key": ["it.id"],                                                                                                                               
                       "Sort Method": "quicksort",                                                                                                                           
                       "Sort Space Used": 25,                                                                                                                                
                       "Sort Space Type": "Memory",                                                                                                                          
                       "Shared Hit Blocks": 1,                                                                                                                               
                       "Shared Read Blocks": 0,                                                                                                                              
                       "Shared Dirtied Blocks": 0,                                                                                                                           
                       "Shared Written Blocks": 0,                                                                                                                           
                       "Local Hit Blocks": 0,                                                                                                                                
                       "Local Read Blocks": 0,                                                                                                                               
                       "Local Dirtied Blocks": 0,                                                                                                                            
                       "Local Written Blocks": 0,                                                                                                                            
                       "Temp Read Blocks": 0,                                                                                                                                
                       "Temp Written Blocks": 0,                                                                                                                             
                       "Plans": [                                                                                                                                            
                         {                                                                                                                                                   
                           "Node Type": "Seq Scan",                                                                                                                          
                           "Parent Relationship": "Outer",                                                                                                                   
                           "Parallel Aware": false,                                                                                                                          
                           "Relation Name": "info_type",                                                                                                                     
                           "Alias": "it",                                                                                                                                   
                           "Startup Cost": 0.00,                                                                                                                             
                           "Total Cost": 0.05,                                                                                                                               
                           "Plan Rows": 1,                                                                                                                                   
                           "Plan Width": 4,                                                                                                                                  
                           "Actual Startup Time": 0.023,                                                                                                                     
                           "Actual Total Time": 0.035,                                                                                                                       
                           "Actual Rows": 1,                                                                                                                                 
                           "Actual Loops": 1,                                                                                                                                
                           "Filter": "((info)::text = 'genres'::text)",                                                                                                      
                           "Rows Removed by Filter": 112,                                                                                                                    
                           "Shared Hit Blocks": 1,                                                                                                                           
                           "Shared Read Blocks": 0,                                                                                                                          
                           "Shared Dirtied Blocks": 0,                                                                                                                       
                           "Shared Written Blocks": 0,                                                                                                                       
                           "Local Hit Blocks": 0,                                                                                                                            
                           "Local Read Blocks": 0,                                                                                                                           
                           "Local Dirtied Blocks": 0,                                                                                                                        
                           "Local Written Blocks": 0,                                                                                                                        
                           "Temp Read Blocks": 0,                                                                                                                            
                           "Temp Written Blocks": 0                                                                                                                          
                         }                                                                                                                                                   
                       ]                                                                                                                                                     
                     }                                                                                                                                                       
                   ]                                                                                                                                                         
                 }                                                                                                                                                           
               ]                                                                                                                                                             
             },                                                                                                                                                              
             {                                                                                                                                                               
               "Node Type": "Sort",                                                                                                                                          
               "Parent Relationship": "Inner",                                                                                                                               
               "Parallel Aware": false,                                                                                                                                      
               "Startup Cost": 128.43,                                                                                                                                       
               "Total Cost": 128.43,                                                                                                                                         
               "Plan Rows": 30,                                                                                                                                              
               "Plan Width": 4,                                                                                                                                              
               "Actual Startup Time": 143.977,                                                                                                                               
               "Actual Total Time": 143.979,                                                                                                                                 
               "Actual Rows": 10,                                                                                                                                            
               "Actual Loops": 1,                                                                                                                                            
               "Sort Key": ["cn.id"],                                                                                                                                        
               "Sort Method": "quicksort",                                                                                                                                   
               "Sort Space Used": 25,                                                                                                                                        
               "Sort Space Type": "Memory",                                                                                                                                  
               "Shared Hit Blocks": 2,                                                                                                                                       
               "Shared Read Blocks": 2992,                                                                                                                                   
               "Shared Dirtied Blocks": 0,                                                                                                                                   
               "Shared Written Blocks": 0,                                                                                                                                   
               "Local Hit Blocks": 0,                                                                                                                                        
               "Local Read Blocks": 0,                                                                                                                                       
               "Local Dirtied Blocks": 0,                                                                                                                                    
               "Local Written Blocks": 0,                                                                                                                                    
               "Temp Read Blocks": 0,                                                                                                                                        
               "Temp Written Blocks": 0,                                                                                                                                     
               "Plans": [                                                                                                                                                    
                 {                                                                                                                                                           
                   "Node Type": "Seq Scan",                                                                                                                                  
                   "Parent Relationship": "Outer",                                                                                                                           
                   "Parallel Aware": false,                                                                                                                                  
                   "Relation Name": "company_name",                                                                                                                          
                   "Alias": "cn",                                                                                                                                            
                   "Startup Cost": 0.00,                                                                                                                                     
                   "Total Cost": 128.41,                                                                                                                                     
                   "Plan Rows": 30,                                                                                                                                          
                   "Plan Width": 4,                                                                                                                                          
                   "Actual Startup Time": 11.700,                                                                                                                            
                   "Actual Total Time": 143.944,                                                                                                                             
                   "Actual Rows": 10,                                                                                                                                        
                   "Actual Loops": 1,                                                                                                                                        
                   "Filter": "(name ~~ 'Lionsgate%'::text)",                                                                                                                 
                   "Rows Removed by Filter": 234987,                                                                                                                         
                   "Shared Hit Blocks": 2,                                                                                                                                   
                   "Shared Read Blocks": 2992,                                                                                                                               
                   "Shared Dirtied Blocks": 0,                                                                                                                               
                   "Shared Written Blocks": 0,                                                                                                                               
                   "Local Hit Blocks": 0,                                                                                                                                    
                   "Local Read Blocks": 0,                                                                                                                                   
                   "Local Dirtied Blocks": 0,                                                                                                                                
                   "Local Written Blocks": 0,                                                                                                                                
                   "Temp Read Blocks": 0,                                                                                                                                    
                   "Temp Written Blocks": 0                                                                                                                                  
                 }                                                                                                                                                           
               ]                                                                                                                                                             
             }                                                                                                                                                               
           ]                                                                                                                                                                 
         }                                                                                                                                                                   
       ]                                                                                                                                                                     
     },                                                                                                                                                                      
     "Planning Time": 15146.430,                                                                                                                                             
     "Triggers": [                                                                                                                                                           
     ],                                                                                                                                                                      
     "Execution Time": 35507.073                                                                                                                                             
