 [                                                                                                                                                                           
   {                                                                                                                                                                         
     "Plan": {                                                                                                                                                               
       "Node Type": "Aggregate",                                                                                                                                             
       "Strategy": "Plain",                                                                                                                                                  
       "Partial Mode": "Simple",                                                                                                                                             
       "Parallel Aware": false,                                                                                                                                              
       "Startup Cost": 90892.07,                                                                                                                                             
       "Total Cost": 90892.07,                                                                                                                                               
       "Plan Rows": 1,                                                                                                                                                       
       "Plan Width": 128,                                                                                                                                                    
       "Actual Startup Time": 40083.193,                                                                                                                                     
       "Actual Total Time": 40083.193,                                                                                                                                       
       "Actual Rows": 1,                                                                                                                                                     
       "Actual Loops": 1,                                                                                                                                                    
       "Shared Hit Blocks": 26,                                                                                                                                              
       "Shared Read Blocks": 561776,                                                                                                                                         
       "Shared Dirtied Blocks": 0,                                                                                                                                           
       "Shared Written Blocks": 0,                                                                                                                                           
       "Local Hit Blocks": 0,                                                                                                                                                
       "Local Read Blocks": 0,                                                                                                                                               
       "Local Dirtied Blocks": 0,                                                                                                                                            
       "Local Written Blocks": 0,                                                                                                                                            
       "Temp Read Blocks": 0,                                                                                                                                                
       "Temp Written Blocks": 0,                                                                                                                                             
       "Plans": [                                                                                                                                                            
         {                                                                                                                                                                   
           "Node Type": "Merge Join",                                                                                                                                        
           "Parent Relationship": "Outer",                                                                                                                                   
           "Parallel Aware": false,                                                                                                                                          
           "Join Type": "Inner",                                                                                                                                             
           "Startup Cost": 90892.07,                                                                                                                                         
           "Total Cost": 90892.07,                                                                                                                                           
           "Plan Rows": 1,                                                                                                                                                   
           "Plan Width": 80,                                                                                                                                                 
           "Actual Startup Time": 40081.222,                                                                                                                                 
           "Actual Total Time": 40082.079,                                                                                                                                   
           "Actual Rows": 2825,                                                                                                                                              
           "Actual Loops": 1,                                                                                                                                                
           "Inner Unique": true,                                                                                                                                             
           "Merge Cond": "(mi.info_type_id = it1.id)",                                                                                                                       
           "Shared Hit Blocks": 26,                                                                                                                                          
           "Shared Read Blocks": 561776,                                                                                                                                     
           "Shared Dirtied Blocks": 0,                                                                                                                                       
           "Shared Written Blocks": 0,                                                                                                                                       
           "Local Hit Blocks": 0,                                                                                                                                            
           "Local Read Blocks": 0,                                                                                                                                           
           "Local Dirtied Blocks": 0,                                                                                                                                        
           "Local Written Blocks": 0,                                                                                                                                        
           "Temp Read Blocks": 0,                                                                                                                                            
           "Temp Written Blocks": 0,                                                                                                                                         
           "Plans": [                                                                                                                                                        
             {                                                                                                                                                               
               "Node Type": "Sort",                                                                                                                                          
               "Parent Relationship": "Outer",                                                                                                                               
               "Parallel Aware": false,                                                                                                                                      
               "Startup Cost": 90892.03,                                                                                                                                     
               "Total Cost": 90892.03,                                                                                                                                       
               "Plan Rows": 1,                                                                                                                                               
               "Plan Width": 84,                                                                                                                                             
               "Actual Startup Time": 40081.193,                                                                                                                             
               "Actual Total Time": 40081.330,                                                                                                                               
               "Actual Rows": 2826,                                                                                                                                          
               "Actual Loops": 1,                                                                                                                                            
               "Sort Key": ["mi.info_type_id"],                                                                                                                              
               "Sort Method": "quicksort",                                                                                                                                   
               "Sort Space Used": 397,                                                                                                                                       
               "Sort Space Type": "Memory",                                                                                                                                  
               "Shared Hit Blocks": 25,                                                                                                                                      
               "Shared Read Blocks": 561776,                                                                                                                                 
               "Shared Dirtied Blocks": 0,                                                                                                                                   
               "Shared Written Blocks": 0,                                                                                                                                   
               "Local Hit Blocks": 0,                                                                                                                                        
               "Local Read Blocks": 0,                                                                                                                                       
               "Local Dirtied Blocks": 0,                                                                                                                                    
               "Local Written Blocks": 0,                                                                                                                                    
               "Temp Read Blocks": 0,                                                                                                                                        
               "Temp Written Blocks": 0,                                                                                                                                     
               "Plans": [                                                                                                                                                    
                 {                                                                                                                                                           
                   "Node Type": "Merge Join",                                                                                                                                
                   "Parent Relationship": "Outer",                                                                                                                           
                   "Parallel Aware": false,                                                                                                                                  
                   "Join Type": "Inner",                                                                                                                                     
                   "Startup Cost": 90892.02,                                                                                                                                 
                   "Total Cost": 90892.02,                                                                                                                                   
                   "Plan Rows": 1,                                                                                                                                           
                   "Plan Width": 84,                                                                                                                                         
                   "Actual Startup Time": 40062.118,                                                                                                                         
                   "Actual Total Time": 40063.105,                                                                                                                           
                   "Actual Rows": 3007,                                                                                                                                      
                   "Actual Loops": 1,                                                                                                                                        
                   "Inner Unique": true,                                                                                                                                     
                   "Merge Cond": "(mi_idx.info_type_id = it2.id)",                                                                                                           
                   "Shared Hit Blocks": 21,                                                                                                                                  
                   "Shared Read Blocks": 561776,                                                                                                                             
                   "Shared Dirtied Blocks": 0,                                                                                                                               
                   "Shared Written Blocks": 0,                                                                                                                               
                   "Local Hit Blocks": 0,                                                                                                                                    
                   "Local Read Blocks": 0,                                                                                                                                   
                   "Local Dirtied Blocks": 0,                                                                                                                                
                   "Local Written Blocks": 0,                                                                                                                                
                   "Temp Read Blocks": 0,                                                                                                                                    
                   "Temp Written Blocks": 0,                                                                                                                                 
                   "Plans": [                                                                                                                                                
                     {                                                                                                                                                       
                       "Node Type": "Sort",                                                                                                                                  
                       "Parent Relationship": "Outer",                                                                                                                       
                       "Parallel Aware": false,                                                                                                                              
                       "Startup Cost": 90891.98,                                                                                                                             
                       "Total Cost": 90891.98,                                                                                                                               
                       "Plan Rows": 1,                                                                                                                                       
                       "Plan Width": 88,                                                                                                                                     
                       "Actual Startup Time": 40061.440,                                                                                                                     
                       "Actual Total Time": 40061.917,                                                                                                                       
                       "Actual Rows": 6015,                                                                                                                                  
                       "Actual Loops": 1,                                                                                                                                    
                       "Sort Key": ["mi_idx.info_type_id"],                                                                                                                  
                       "Sort Method": "quicksort",                                                                                                                           
                       "Sort Space Used": 1497,                                                                                                                              
                       "Sort Space Type": "Memory",                                                                                                                          
                       "Shared Hit Blocks": 20,                                                                                                                              
                       "Shared Read Blocks": 561776,                                                                                                                         
                       "Shared Dirtied Blocks": 0,                                                                                                                           
                       "Shared Written Blocks": 0,                                                                                                                           
                       "Local Hit Blocks": 0,                                                                                                                                
                       "Local Read Blocks": 0,                                                                                                                               
                       "Local Dirtied Blocks": 0,                                                                                                                            
                       "Local Written Blocks": 0,                                                                                                                            
                       "Temp Read Blocks": 0,                                                                                                                                
                       "Temp Written Blocks": 0,                                                                                                                             
                       "Plans": [                                                                                                                                            
                         {                                                                                                                                                   
                           "Node Type": "Merge Join",                                                                                                                        
                           "Parent Relationship": "Outer",                                                                                                                   
                           "Parallel Aware": false,                                                                                                                          
                           "Join Type": "Inner",                                                                                                                             
                           "Startup Cost": 90891.94,                                                                                                                         
                           "Total Cost": 90891.98,                                                                                                                           
                           "Plan Rows": 1,                                                                                                                                   
                           "Plan Width": 88,                                                                                                                                 
                           "Actual Startup Time": 39724.879,                                                                                                                 
                           "Actual Total Time": 40058.444,                                                                                                                   
                           "Actual Rows": 9205,                                                                                                                              
                           "Actual Loops": 1,                                                                                                                                
                           "Inner Unique": true,                                                                                                                             
                           "Merge Cond": "(mc.company_id = cn.id)",                                                                                                          
                           "Shared Hit Blocks": 20,                                                                                                                          
                           "Shared Read Blocks": 561776,                                                                                                                     
                           "Shared Dirtied Blocks": 0,                                                                                                                       
                           "Shared Written Blocks": 0,                                                                                                                       
                           "Local Hit Blocks": 0,                                                                                                                            
                           "Local Read Blocks": 0,                                                                                                                           
                           "Local Dirtied Blocks": 0,                                                                                                                        
                           "Local Written Blocks": 0,                                                                                                                        
                           "Temp Read Blocks": 0,                                                                                                                            
                           "Temp Written Blocks": 0,                                                                                                                         
                           "Plans": [                                                                                                                                        
                             {                                                                                                                                               
                               "Node Type": "Sort",                                                                                                                          
                               "Parent Relationship": "Outer",                                                                                                               
                               "Parallel Aware": false,                                                                                                                      
                               "Startup Cost": 90763.51,                                                                                                                     
                               "Total Cost": 90763.53,                                                                                                                       
                               "Plan Rows": 199,                                                                                                                             
                               "Plan Width": 92,                                                                                                                             
                               "Actual Startup Time": 39397.808,                                                                                                             
                               "Actual Total Time": 39670.440,                                                                                                               
                               "Actual Rows": 2075141,                                                                                                                       
                               "Actual Loops": 1,                                                                                                                            
                               "Sort Key": ["mc.company_id"],                                                                                                                
                               "Sort Method": "quicksort",                                                                                                                   
                               "Sort Space Used": 382793,                                                                                                                    
                               "Sort Space Type": "Memory",                                                                                                                  
                               "Shared Hit Blocks": 18,                                                                                                                      
                               "Shared Read Blocks": 558784,                                                                                                                 
                               "Shared Dirtied Blocks": 0,                                                                                                                   
                               "Shared Written Blocks": 0,                                                                                                                   
                               "Local Hit Blocks": 0,                                                                                                                        
                               "Local Read Blocks": 0,                                                                                                                       
                               "Local Dirtied Blocks": 0,                                                                                                                    
                               "Local Written Blocks": 0,                                                                                                                    
                               "Temp Read Blocks": 0,                                                                                                                        
                               "Temp Written Blocks": 0,                                                                                                                     
                               "Plans": [                                                                                                                                    
                                 {                                                                                                                                           
                                   "Node Type": "Merge Join",                                                                                                                
                                   "Parent Relationship": "Outer",                                                                                                           
                                   "Parallel Aware": false,                                                                                                                  
                                   "Join Type": "Inner",                                                                                                                     
                                   "Startup Cost": 90132.51,                                                                                                                 
                                   "Total Cost": 90763.28,                                                                                                                   
                                   "Plan Rows": 199,                                                                                                                         
                                   "Plan Width": 92,                                                                                                                         
                                   "Actual Startup Time": 36935.979,                                                                                                         
                                   "Actual Total Time": 38564.997,                                                                                                           
                                   "Actual Rows": 2099185,                                                                                                                   
                                   "Actual Loops": 1,                                                                                                                        
                                   "Inner Unique": true,                                                                                                                     
                                   "Merge Cond": "(ci.person_id = n.id)",                                                                                                    
                                   "Shared Hit Blocks": 18,                                                                                                                  
                                   "Shared Read Blocks": 558784,                                                                                                             
                                   "Shared Dirtied Blocks": 0,                                                                                                               
                                   "Shared Written Blocks": 0,                                                                                                               
                                   "Local Hit Blocks": 0,                                                                                                                    
                                   "Local Read Blocks": 0,                                                                                                                   
                                   "Local Dirtied Blocks": 0,                                                                                                                
                                   "Local Written Blocks": 0,                                                                                                                
                                   "Temp Read Blocks": 0,                                                                                                                    
                                   "Temp Written Blocks": 0,                                                                                                                 
                                   "Plans": [                                                                                                                                
                                     {                                                                                                                                       
                                       "Node Type": "Sort",                                                                                                                  
                                       "Parent Relationship": "Outer",                                                                                                       
                                       "Parallel Aware": false,                                                                                                              
                                       "Startup Cost": 73869.17,                                                                                                             
                                       "Total Cost": 73869.19,                                                                                                               
                                       "Plan Rows": 199,                                                                                                                     
                                       "Plan Width": 81,                                                                                                                     
                                       "Actual Startup Time": 33444.319,                                                                                                     
                                       "Actual Total Time": 33595.964,                                                                                                       
                                       "Actual Rows": 2099185,                                                                                                               
                                       "Actual Loops": 1,                                                                                                                    
                                       "Sort Key": ["ci.person_id"],                                                                                                         
                                       "Sort Method": "quicksort",                                                                                                           
                                       "Sort Space Used": 318675,                                                                                                            
                                       "Sort Space Type": "Memory",                                                                                                          
                                       "Shared Hit Blocks": 17,                                                                                                              
                                       "Shared Read Blocks": 503172,                                                                                                         
                                       "Shared Dirtied Blocks": 0,                                                                                                           
                                       "Shared Written Blocks": 0,                                                                                                           
                                       "Local Hit Blocks": 0,                                                                                                                
                                       "Local Read Blocks": 0,                                                                                                               
                                       "Local Dirtied Blocks": 0,                                                                                                            
                                       "Local Written Blocks": 0,                                                                                                            
                                       "Temp Read Blocks": 0,                                                                                                                
                                       "Temp Written Blocks": 0,                                                                                                             
                                       "Plans": [                                                                                                                            
                                         {                                                                                                                                   
                                           "Node Type": "Merge Join",                                                                                                        
                                           "Parent Relationship": "Outer",                                                                                                   
                                           "Parallel Aware": false,                                                                                                          
                                           "Join Type": "Inner",                                                                                                             
                                           "Startup Cost": 72637.80,                                                                                                         
                                           "Total Cost": 73868.93,                                                                                                           
                                           "Plan Rows": 199,                                                                                                                 
                                           "Plan Width": 81,                                                                                                                 
                                           "Actual Startup Time": 28979.767,                                                                                                 
                                           "Actual Total Time": 32665.817,                                                                                                   
                                           "Actual Rows": 2099185,                                                                                                           
                                           "Actual Loops": 1,                                                                                                                
                                           "Inner Unique": false,                                                                                                            
                                           "Merge Cond": "(t.id = ci.movie_id)",                                                                                             
                                           "Shared Hit Blocks": 17,                                                                                                          
                                           "Shared Read Blocks": 503172,                                                                                                     
                                           "Shared Dirtied Blocks": 0,                                                                                                       
                                           "Shared Written Blocks": 0,                                                                                                       
                                           "Local Hit Blocks": 0,                                                                                                            
                                           "Local Read Blocks": 0,                                                                                                           
                                           "Local Dirtied Blocks": 0,                                                                                                        
                                           "Local Written Blocks": 0,                                                                                                        
                                           "Temp Read Blocks": 0,                                                                                                            
                                           "Temp Written Blocks": 0,                                                                                                         
                                           "Plans": [                                                                                                                        
                                             {                                                                                                                               
                                               "Node Type": "Merge Join",                                                                                                    
                                               "Parent Relationship": "Outer",                                                                                               
                                               "Parallel Aware": false,                                                                                                      
                                               "Join Type": "Inner",                                                                                                         
                                               "Startup Cost": 51254.59,                                                                                                     
                                               "Total Cost": 52294.02,                                                                                                       
                                               "Plan Rows": 573,                                                                                                             
                                               "Plan Width": 97,                                                                                                             
                                               "Actual Startup Time": 15591.166,                                                                                             
                                               "Actual Total Time": 18270.423,                                                                                               
                                               "Actual Rows": 2646951,                                                                                                       
                                               "Actual Loops": 1,                                                                                                            
                                               "Inner Unique": false,                                                                                                        
                                               "Merge Cond": "(t.id = mi_idx.movie_id)",                                                                                     
                                               "Shared Hit Blocks": 13,                                                                                                      
                                               "Shared Read Blocks": 250522,                                                                                                 
                                               "Shared Dirtied Blocks": 0,                                                                                                   
                                               "Shared Written Blocks": 0,                                                                                                   
                                               "Local Hit Blocks": 0,                                                                                                        
                                               "Local Read Blocks": 0,                                                                                                       
                                               "Local Dirtied Blocks": 0,                                                                                                    
                                               "Local Written Blocks": 0,                                                                                                    
                                               "Temp Read Blocks": 0,                                                                                                        
                                               "Temp Written Blocks": 0,                                                                                                     
                                               "Plans": [                                                                                                                    
                                                 {                                                                                                                           
                                                   "Node Type": "Merge Join",                                                                                                
                                                   "Parent Relationship": "Outer",                                                                                           
                                                   "Parallel Aware": false,                                                                                                  
                                                   "Join Type": "Inner",                                                                                                     
                                                   "Startup Cost": 46523.29,                                                                                                 
                                                   "Total Cost": 47349.62,                                                                                                   
                                                   "Plan Rows": 649,                                                                                                         
                                                   "Plan Width": 83,                                                                                                         
                                                   "Actual Startup Time": 14766.312,                                                                                         
                                                   "Actual Total Time": 16403.680,                                                                                           
                                                   "Actual Rows": 876589,                                                                                                    
                                                   "Actual Loops": 1,                                                                                                        
                                                   "Inner Unique": false,                                                                                                    
                                                   "Merge Cond": "(t.id = mi.movie_id)",                                                                                     
                                                   "Shared Hit Blocks": 11,                                                                                                  
                                                   "Shared Read Blocks": 242071,                                                                                             
                                                   "Shared Dirtied Blocks": 0,                                                                                               
                                                   "Shared Written Blocks": 0,                                                                                               
                                                   "Local Hit Blocks": 0,                                                                                                    
                                                   "Local Read Blocks": 0,                                                                                                   
                                                   "Local Dirtied Blocks": 0,                                                                                                
                                                   "Local Written Blocks": 0,                                                                                                
                                                   "Temp Read Blocks": 0,                                                                                                    
                                                   "Temp Written Blocks": 0,                                                                                                 
                                                   "Plans": [                                                                                                                
                                                     {                                                                                                                       
                                                       "Node Type": "Merge Join",                                                                                            
                                                       "Parent Relationship": "Outer",                                                                                       
                                                       "Parallel Aware": false,                                                                                              
                                                       "Join Type": "Inner",                                                                                                 
                                                       "Startup Cost": 36449.02,                                                                                             
                                                       "Total Cost": 37246.48,                                                                                               
                                                       "Plan Rows": 1317,                                                                                                    
                                                       "Plan Width": 33,                                                                                                     
                                                       "Actual Startup Time": 6444.815,                                                                                      
                                                       "Actual Total Time": 7742.627,                                                                                        
                                                       "Actual Rows": 619597,                                                                                                
                                                       "Actual Loops": 1,                                                                                                    
                                                       "Inner Unique": false,                                                                                                
                                                       "Merge Cond": "(t.id = mc.movie_id)",                                                                                 
                                                       "Shared Hit Blocks": 9,                                                                                               
                                                       "Shared Read Blocks": 80181,                                                                                          
                                                       "Shared Dirtied Blocks": 0,                                                                                           
                                                       "Shared Written Blocks": 0,                                                                                           
                                                       "Local Hit Blocks": 0,                                                                                                
                                                       "Local Read Blocks": 0,                                                                                               
                                                       "Local Dirtied Blocks": 0,                                                                                            
                                                       "Local Written Blocks": 0,                                                                                            
                                                       "Temp Read Blocks": 0,                                                                                                
                                                       "Temp Written Blocks": 0,                                                                                             
                                                       "Plans": [                                                                                                            
                                                         {                                                                                                                   
                                                           "Node Type": "Merge Join",                                                                                        
                                                           "Parent Relationship": "Outer",                                                                                   
                                                           "Parallel Aware": false,                                                                                          
                                                           "Join Type": "Inner",                                                                                             
                                                           "Startup Cost": 27043.56,                                                                                         
                                                           "Total Cost": 27435.84,                                                                                           
                                                           "Plan Rows": 236,                                                                                                 
                                                           "Plan Width": 25,                                                                                                 
                                                           "Actual Startup Time": 4967.083,                                                                                  
                                                           "Actual Total Time": 5715.956,                                                                                    
                                                           "Actual Rows": 76714,                                                                                             
                                                           "Actual Loops": 1,                                                                                                
                                                           "Inner Unique": true,                                                                                             
                                                           "Merge Cond": "(mk.movie_id = t.id)",                                                                             
                                                           "Shared Hit Blocks": 6,                                                                                           
                                                           "Shared Read Blocks": 61395,                                                                                      
                                                           "Shared Dirtied Blocks": 0,                                                                                       
                                                           "Shared Written Blocks": 0,                                                                                       
                                                           "Local Hit Blocks": 0,                                                                                            
                                                           "Local Read Blocks": 0,                                                                                           
                                                           "Local Dirtied Blocks": 0,                                                                                        
                                                           "Local Written Blocks": 0,                                                                                        
                                                           "Temp Read Blocks": 0,                                                                                            
                                                           "Temp Written Blocks": 0,                                                                                         
                                                           "Plans": [                                                                                                        
                                                             {                                                                                                               
                                                               "Node Type": "Sort",                                                                                          
                                                               "Parent Relationship": "Outer",                                                                               
                                                               "Parallel Aware": false,                                                                                      
                                                               "Startup Cost": 17389.21,                                                                                     
                                                               "Total Cost": 17389.23,                                                                                       
                                                               "Plan Rows": 236,                                                                                             
                                                               "Plan Width": 4,                                                                                              
                                                               "Actual Startup Time": 2663.307,                                                                              
                                                               "Actual Total Time": 2674.920,                                                                                
                                                               "Actual Rows": 76714,                                                                                         
                                                               "Actual Loops": 1,                                                                                            
                                                               "Sort Key": ["mk.movie_id"],                                                                                  
                                                               "Sort Method": "quicksort",                                                                                   
                                                               "Sort Space Used": 6668,                                                                                      
                                                               "Sort Space Type": "Memory",                                                                                  
                                                               "Shared Hit Blocks": 5,                                                                                       
                                                               "Shared Read Blocks": 25398,                                                                                  
                                                               "Shared Dirtied Blocks": 0,                                                                                   
                                                               "Shared Written Blocks": 0,                                                                                   
                                                               "Local Hit Blocks": 0,                                                                                        
                                                               "Local Read Blocks": 0,                                                                                       
                                                               "Local Dirtied Blocks": 0,                                                                                    
                                                               "Local Written Blocks": 0,                                                                                    
                                                               "Temp Read Blocks": 0,                                                                                        
                                                               "Temp Written Blocks": 0,                                                                                     
                                                               "Plans": [                                                                                                    
                                                                 {                                                                                                           
                                                                   "Node Type": "Merge Join",                                                                                
                                                                   "Parent Relationship": "Outer",                                                                           
                                                                   "Parallel Aware": false,                                                                                  
                                                                   "Join Type": "Inner",                                                                                     
                                                                   "Startup Cost": 16686.43,                                                                                 
                                                                   "Total Cost": 17388.92,                                                                                   
                                                                   "Plan Rows": 236,                                                                                         
                                                                   "Plan Width": 4,                                                                                          
                                                                   "Actual Startup Time": 2427.968,                                                                          
                                                                   "Actual Total Time": 2636.422,                                                                            
                                                                   "Actual Rows": 76714,                                                                                     
                                                                   "Actual Loops": 1,                                                                                        
                                                                   "Inner Unique": false,                                                                                    
                                                                   "Merge Cond": "(k.id = mk.keyword_id)",                                                                   
                                                                   "Shared Hit Blocks": 5,                                                                                   
                                                                   "Shared Read Blocks": 25398,                                                                              
                                                                   "Shared Dirtied Blocks": 0,                                                                               
                                                                   "Shared Written Blocks": 0,                                                                               
                                                                   "Local Hit Blocks": 0,                                                                                    
                                                                   "Local Read Blocks": 0,                                                                                   
                                                                   "Local Dirtied Blocks": 0,                                                                                
                                                                   "Local Written Blocks": 0,                                                                                
                                                                   "Temp Read Blocks": 0,                                                                                    
                                                                   "Temp Written Blocks": 0,                                                                                 
                                                                   "Plans": [                                                                                                
                                                                     {                                                                                                       
                                                                       "Node Type": "Sort",                                                                                  
                                                                       "Parent Relationship": "Outer",                                                                       
                                                                       "Parallel Aware": false,                                                                              
                                                                       "Startup Cost": 75.51,                                                                                
                                                                       "Total Cost": 75.51,                                                                                  
                                                                       "Plan Rows": 7,                                                                                       
                                                                       "Plan Width": 4,                                                                                      
                                                                       "Actual Startup Time": 83.912,                                                                        
                                                                       "Actual Total Time": 83.915,                                                                          
                                                                       "Actual Rows": 7,                                                                                     
                                                                       "Actual Loops": 1,                                                                                    
                                                                       "Sort Key": ["k.id"],                                                                                 
                                                                       "Sort Method": "quicksort",                                                                           
                                                                       "Sort Space Used": 25,                                                                                
                                                                       "Sort Space Type": "Memory",                                                                          
                                                                       "Shared Hit Blocks": 2,                                                                               
                                                                       "Shared Read Blocks": 947,                                                                            
                                                                       "Shared Dirtied Blocks": 0,                                                                           
                                                                       "Shared Written Blocks": 0,                                                                           
                                                                       "Local Hit Blocks": 0,                                                                                
                                                                       "Local Read Blocks": 0,                                                                               
                                                                       "Local Dirtied Blocks": 0,                                                                            
                                                                       "Local Written Blocks": 0,                                                                            
                                                                       "Temp Read Blocks": 0,                                                                                
                                                                       "Temp Written Blocks": 0,                                                                             
                                                                       "Plans": [                                                                                            
                                                                         {                                                                                                   
                                                                           "Node Type": "Seq Scan",                                                                          
                                                                           "Parent Relationship": "Outer",                                                                   
                                                                           "Parallel Aware": false,                                                                          
                                                                           "Relation Name": "keyword",                                                                       
                                                                           "Alias": "k",                                                                                     
                                                                           "Startup Cost": 0.00,                                                                             
                                                                           "Total Cost": 75.50,                                                                              
                                                                           "Plan Rows": 7,                                                                                   
                                                                           "Plan Width": 4,                                                                                  
                                                                           "Actual Startup Time": 3.496,                                                                     
                                                                           "Actual Total Time": 83.882,                                                                      
                                                                           "Actual Rows": 7,                                                                                 
                                                                           "Actual Loops": 1,                                                                                
                                                                           "Filter": "(keyword = ANY ('{murder,violence,blood,gore,death,female-nudity,hospital}'::text[]))",
                                                                           "Rows Removed by Filter": 134163,                                                                 
                                                                           "Shared Hit Blocks": 2,                                                                           
                                                                           "Shared Read Blocks": 947,                                                                        
                                                                           "Shared Dirtied Blocks": 0,                                                                       
                                                                           "Shared Written Blocks": 0,                                                                       
                                                                           "Local Hit Blocks": 0,                                                                            
                                                                           "Local Read Blocks": 0,                                                                           
                                                                           "Local Dirtied Blocks": 0,                                                                        
                                                                           "Local Written Blocks": 0,                                                                        
                                                                           "Temp Read Blocks": 0,                                                                            
                                                                           "Temp Written Blocks": 0                                                                          
                                                                         }                                                                                                   
                                                                       ]                                                                                                     
                                                                     },                                                                                                      
                                                                     {                                                                                                       
                                                                       "Node Type": "Sort",                                                                                  
                                                                       "Parent Relationship": "Inner",                                                                       
                                                                       "Parallel Aware": false,                                                                              
                                                                       "Startup Cost": 16610.92,                                                                             
                                                                       "Total Cost": 16962.16,                                                                               
                                                                       "Plan Rows": 4523930,                                                                                 
                                                                       "Plan Width": 8,                                                                                      
                                                                       "Actual Startup Time": 2292.992,                                                                      
                                                                       "Actual Total Time": 2433.693,                                                                        
                                                                       "Actual Rows": 943582,                                                                                
                                                                       "Actual Loops": 1,                                                                                    
                                                                       "Sort Key": ["mk.keyword_id"],                                                                        
                                                                       "Sort Method": "quicksort",                                                                           
                                                                       "Sort Space Used": 408668,                                                                            
                                                                       "Sort Space Type": "Memory",                                                                          
                                                                       "Shared Hit Blocks": 3,                                                                               
                                                                       "Shared Read Blocks": 24451,                                                                          
                                                                       "Shared Dirtied Blocks": 0,                                                                           
                                                                       "Shared Written Blocks": 0,                                                                           
                                                                       "Local Hit Blocks": 0,                                                                                
                                                                       "Local Read Blocks": 0,                                                                               
                                                                       "Local Dirtied Blocks": 0,                                                                            
                                                                       "Local Written Blocks": 0,                                                                            
                                                                       "Temp Read Blocks": 0,                                                                                
                                                                       "Temp Written Blocks": 0,                                                                             
                                                                       "Plans": [                                                                                            
                                                                         {                                                                                                   
                                                                           "Node Type": "Seq Scan",                                                                          
                                                                           "Parent Relationship": "Outer",                                                                   
                                                                           "Parallel Aware": false,                                                                          
                                                                           "Relation Name": "movie_keyword",                                                                 
                                                                           "Alias": "mk",                                                                                    
                                                                           "Startup Cost": 0.00,                                                                             
                                                                           "Total Cost": 1079.84,                                                                            
                                                                           "Plan Rows": 4523930,                                                                             
                                                                           "Plan Width": 8,                                                                                  
                                                                           "Actual Startup Time": 0.007,                                                                     
                                                                           "Actual Total Time": 836.331,                                                                     
                                                                           "Actual Rows": 4523930,                                                                           
                                                                           "Actual Loops": 1,                                                                                
                                                                           "Shared Hit Blocks": 3,                                                                           
                                                                           "Shared Read Blocks": 24451,                                                                      
                                                                           "Shared Dirtied Blocks": 0,                                                                       
                                                                           "Shared Written Blocks": 0,                                                                       
                                                                           "Local Hit Blocks": 0,                                                                            
                                                                           "Local Read Blocks": 0,                                                                           
                                                                           "Local Dirtied Blocks": 0,                                                                        
                                                                           "Local Written Blocks": 0,                                                                        
                                                                           "Temp Read Blocks": 0,                                                                            
                                                                           "Temp Written Blocks": 0                                                                          
                                                                         }                                                                                                   
                                                                       ]                                                                                                     
                                                                     }                                                                                                       
                                                                   ]                                                                                                         
                                                                 }                                                                                                           
                                                               ]                                                                                                             
                                                             },                                                                                                              
                                                             {                                                                                                               
                                                               "Node Type": "Sort",                                                                                          
                                                               "Parent Relationship": "Inner",                                                                               
                                                               "Parallel Aware": false,                                                                                      
                                                               "Startup Cost": 9654.35,                                                                                      
                                                               "Total Cost": 9850.65,                                                                                        
                                                               "Plan Rows": 2528312,                                                                                         
                                                               "Plan Width": 21,                                                                                             
                                                               "Actual Startup Time": 2303.574,                                                                              
                                                               "Actual Total Time": 2640.969,                                                                                
                                                               "Actual Rows": 2525735,                                                                                       
                                                               "Actual Loops": 1,                                                                                            
                                                               "Sort Key": ["t.id"],                                                                                         
                                                               "Sort Method": "quicksort",                                                                                   
                                                               "Sort Space Used": 275055,                                                                                    
                                                               "Sort Space Type": "Memory",                                                                                  
                                                               "Shared Hit Blocks": 1,                                                                                       
                                                               "Shared Read Blocks": 35997,                                                                                  
                                                               "Shared Dirtied Blocks": 0,                                                                                   
                                                               "Shared Written Blocks": 0,                                                                                   
                                                               "Local Hit Blocks": 0,                                                                                        
                                                               "Local Read Blocks": 0,                                                                                       
                                                               "Local Dirtied Blocks": 0,                                                                                    
                                                               "Local Written Blocks": 0,                                                                                    
                                                               "Temp Read Blocks": 0,                                                                                        
                                                               "Temp Written Blocks": 0,                                                                                     
                                                               "Plans": [                                                                                                    
                                                                 {                                                                                                           
                                                                   "Node Type": "Seq Scan",                                                                                  
                                                                   "Parent Relationship": "Outer",                                                                           
                                                                   "Parallel Aware": false,                                                                                  
                                                                   "Relation Name": "title",                                                                                 
                                                                   "Alias": "t",                                                                                             
                                                                   "Startup Cost": 0.00,                                                                                     
                                                                   "Total Cost": 1303.96,                                                                                    
                                                                   "Plan Rows": 2528312,                                                                                     
                                                                   "Plan Width": 21,                                                                                         
                                                                   "Actual Startup Time": 7.446,                                                                             
                                                                   "Actual Total Time": 1002.320,                                                                            
                                                                   "Actual Rows": 2528312,                                                                                   
                                                                   "Actual Loops": 1,                                                                                        
                                                                   "Shared Hit Blocks": 1,                                                                                   
                                                                   "Shared Read Blocks": 35997,                                                                              
                                                                   "Shared Dirtied Blocks": 0,                                                                               
                                                                   "Shared Written Blocks": 0,                                                                               
                                                                   "Local Hit Blocks": 0,                                                                                    
                                                                   "Local Read Blocks": 0,                                                                                   
                                                                   "Local Dirtied Blocks": 0,                                                                                
                                                                   "Local Written Blocks": 0,                                                                                
                                                                   "Temp Read Blocks": 0,                                                                                    
                                                                   "Temp Written Blocks": 0                                                                                  
                                                                 }                                                                                                           
                                                               ]                                                                                                             
                                                             }                                                                                                               
                                                           ]                                                                                                                 
                                                         },                                                                                                                  
                                                         {                                                                                                                   
                                                           "Node Type": "Sort",                                                                                              
                                                           "Parent Relationship": "Inner",                                                                                   
                                                           "Parallel Aware": false,                                                                                          
                                                           "Startup Cost": 9405.45,                                                                                          
                                                           "Total Cost": 9608.03,                                                                                            
                                                           "Plan Rows": 2609129,                                                                                             
                                                           "Plan Width": 8,                                                                                                  
                                                           "Actual Startup Time": 1477.665,                                                                                  
                                                           "Actual Total Time": 1654.991,                                                                                    
                                                           "Actual Rows": 2913777,                                                                                           
                                                           "Actual Loops": 1,                                                                                                
                                                           "Sort Key": ["mc.movie_id"],                                                                                      
                                                           "Sort Method": "quicksort",                                                                                       
                                                           "Sort Space Used": 220607,                                                                                        
                                                           "Sort Space Type": "Memory",                                                                                      
                                                           "Shared Hit Blocks": 3,                                                                                           
                                                           "Shared Read Blocks": 18786,                                                                                      
                                                           "Shared Dirtied Blocks": 0,                                                                                       
                                                           "Shared Written Blocks": 0,                                                                                       
                                                           "Local Hit Blocks": 0,                                                                                            
                                                           "Local Read Blocks": 0,                                                                                           
                                                           "Local Dirtied Blocks": 0,                                                                                        
                                                           "Local Written Blocks": 0,                                                                                        
                                                           "Temp Read Blocks": 0,                                                                                            
                                                           "Temp Written Blocks": 0,                                                                                         
                                                           "Plans": [                                                                                                        
                                                             {                                                                                                               
                                                               "Node Type": "Seq Scan",                                                                                      
                                                               "Parent Relationship": "Outer",                                                                               
                                                               "Parallel Aware": false,                                                                                      
                                                               "Relation Name": "movie_companies",                                                                           
                                                               "Alias": "mc",                                                                                                
                                                               "Startup Cost": 0.00,                                                                                         
                                                               "Total Cost": 769.75,                                                                                         
                                                               "Plan Rows": 2609129,                                                                                         
                                                               "Plan Width": 8,                                                                                              
                                                               "Actual Startup Time": 0.013,                                                                                 
                                                               "Actual Total Time": 547.577,                                                                                 
                                                               "Actual Rows": 2609129,                                                                                       
                                                               "Actual Loops": 1,                                                                                            
                                                               "Shared Hit Blocks": 3,                                                                                       
                                                               "Shared Read Blocks": 18786,                                                                                  
                                                               "Shared Dirtied Blocks": 0,                                                                                   
                                                               "Shared Written Blocks": 0,                                                                                   
                                                               "Local Hit Blocks": 0,                                                                                        
                                                               "Local Read Blocks": 0,                                                                                       
                                                               "Local Dirtied Blocks": 0,                                                                                    
                                                               "Local Written Blocks": 0,                                                                                    
                                                               "Temp Read Blocks": 0,                                                                                        
                                                               "Temp Written Blocks": 0                                                                                      
                                                             }                                                                                                               
                                                           ]                                                                                                                 
                                                         }                                                                                                                   
                                                       ]                                                                                                                     
                                                     },                                                                                                                      
                                                     {                                                                                                                       
                                                       "Node Type": "Sort",                                                                                                  
                                                       "Parent Relationship": "Inner",                                                                                       
                                                       "Parallel Aware": false,                                                                                              
                                                       "Startup Cost": 10074.27,                                                                                             
                                                       "Total Cost": 10088.96,                                                                                               
                                                       "Plan Rows": 189170,                                                                                                  
                                                       "Plan Width": 50,                                                                                                     
                                                       "Actual Startup Time": 8321.488,                                                                                      
                                                       "Actual Total Time": 8378.010,                                                                                        
                                                       "Actual Rows": 1030111,                                                                                               
                                                       "Actual Loops": 1,                                                                                                    
                                                       "Sort Key": ["mi.movie_id"],                                                                                          
                                                       "Sort Method": "quicksort",                                                                                           
                                                       "Sort Space Used": 16323,                                                                                             
                                                       "Sort Space Type": "Memory",                                                                                          
                                                       "Shared Hit Blocks": 2,                                                                                               
                                                       "Shared Read Blocks": 161890,                                                                                         
                                                       "Shared Dirtied Blocks": 0,                                                                                           
                                                       "Shared Written Blocks": 0,                                                                                           
                                                       "Local Hit Blocks": 0,                                                                                                
                                                       "Local Read Blocks": 0,                                                                                               
                                                       "Local Dirtied Blocks": 0,                                                                                            
                                                       "Local Written Blocks": 0,                                                                                            
                                                       "Temp Read Blocks": 0,                                                                                                
                                                       "Temp Written Blocks": 0,                                                                                             
                                                       "Plans": [                                                                                                            
                                                         {                                                                                                                   
                                                           "Node Type": "Seq Scan",                                                                                          
                                                           "Parent Relationship": "Outer",                                                                                   
                                                           "Parallel Aware": false,                                                                                          
                                                           "Relation Name": "movie_info",                                                                                    
                                                           "Alias": "mi",                                                                                                    
                                                           "Startup Cost": 0.00,                                                                                             
                                                           "Total Cost": 9559.36,                                                                                            
                                                           "Plan Rows": 189170,                                                                                              
                                                           "Plan Width": 50,                                                                                                 
                                                           "Actual Startup Time": 2708.348,                                                                                  
                                                           "Actual Total Time": 8229.992,                                                                                    
                                                           "Actual Rows": 188971,                                                                                            
                                                           "Actual Loops": 1,                                                                                                
                                                           "Filter": "(info = ANY ('{Horror,Action,Sci-Fi,Thriller,Crime,War}'::text[]))",                                   
                                                           "Rows Removed by Filter": 14646749,                                                                               
                                                           "Shared Hit Blocks": 2,                                                                                           
                                                           "Shared Read Blocks": 161890,                                                                                     
                                                           "Shared Dirtied Blocks": 0,                                                                                       
                                                           "Shared Written Blocks": 0,                                                                                       
                                                           "Local Hit Blocks": 0,                                                                                            
                                                           "Local Read Blocks": 0,                                                                                           
                                                           "Local Dirtied Blocks": 0,                                                                                        
                                                           "Local Written Blocks": 0,                                                                                        
                                                           "Temp Read Blocks": 0,                                                                                            
                                                           "Temp Written Blocks": 0                                                                                          
                                                         }                                                                                                                   
                                                       ]                                                                                                                     
                                                     }                                                                                                                       
                                                   ]                                                                                                                         
                                                 },                                                                                                                          
                                                 {                                                                                                                           
                                                   "Node Type": "Sort",                                                                                                      
                                                   "Parent Relationship": "Inner",                                                                                           
                                                   "Parallel Aware": false,                                                                                                  
                                                   "Startup Cost": 4731.30,                                                                                                  
                                                   "Total Cost": 4838.45,                                                                                                    
                                                   "Plan Rows": 1380035,                                                                                                     
                                                   "Plan Width": 14,                                                                                                         
                                                   "Actual Startup Time": 824.784,                                                                                           
                                                   "Actual Total Time": 1029.444,                                                                                            
                                                   "Actual Rows": 3966695,                                                                                                   
                                                   "Actual Loops": 1,                                                                                                        
                                                   "Sort Key": ["mi_idx.movie_id"],                                                                                          
                                                   "Sort Method": "quicksort",                                                                                               
                                                   "Sort Space Used": 128214,                                                                                                
                                                   "Sort Space Type": "Memory",                                                                                              
                                                   "Shared Hit Blocks": 2,                                                                                                   
                                                   "Shared Read Blocks": 8451,                                                                                               
                                                   "Shared Dirtied Blocks": 0,                                                                                               
                                                   "Shared Written Blocks": 0,                                                                                               
                                                   "Local Hit Blocks": 0,                                                                                                    
                                                   "Local Read Blocks": 0,                                                                                                   
                                                   "Local Dirtied Blocks": 0,                                                                                                
                                                   "Local Written Blocks": 0,                                                                                                
                                                   "Temp Read Blocks": 0,                                                                                                    
                                                   "Temp Written Blocks": 0,                                                                                                 
                                                   "Plans": [                                                                                                                
                                                     {                                                                                                                       
                                                       "Node Type": "Seq Scan",                                                                                              
                                                       "Parent Relationship": "Outer",                                                                                       
                                                       "Parallel Aware": false,                                                                                              
                                                       "Relation Name": "movie_info_idx",                                                                                    
                                                       "Alias": "mi_idx",                                                                                                    
                                                       "Startup Cost": 0.00,                                                                                                 
                                                       "Total Cost": 360.56,                                                                                                 
                                                       "Plan Rows": 1380035,                                                                                                 
                                                       "Plan Width": 14,                                                                                                     
                                                       "Actual Startup Time": 0.009,                                                                                         
                                                       "Actual Total Time": 304.724,                                                                                         
                                                       "Actual Rows": 1380035,                                                                                               
                                                       "Actual Loops": 1,                                                                                                    
                                                       "Shared Hit Blocks": 2,                                                                                               
                                                       "Shared Read Blocks": 8451,                                                                                           
                                                       "Shared Dirtied Blocks": 0,                                                                                           
                                                       "Shared Written Blocks": 0,                                                                                           
                                                       "Local Hit Blocks": 0,                                                                                                
                                                       "Local Read Blocks": 0,                                                                                               
                                                       "Local Dirtied Blocks": 0,                                                                                            
                                                       "Local Written Blocks": 0,                                                                                            
                                                       "Temp Read Blocks": 0,                                                                                                
                                                       "Temp Written Blocks": 0                                                                                              
                                                     }                                                                                                                       
                                                   ]                                                                                                                         
                                                 }                                                                                                                           
                                               ]                                                                                                                             
                                             },                                                                                                                              
                                             {                                                                                                                               
                                               "Node Type": "Sort",                                                                                                          
                                               "Parent Relationship": "Inner",                                                                                               
                                               "Parallel Aware": false,                                                                                                      
                                               "Startup Cost": 21383.21,                                                                                                     
                                               "Total Cost": 21479.94,                                                                                                       
                                               "Plan Rows": 1245851,                                                                                                         
                                               "Plan Width": 8,                                                                                                              
                                               "Actual Startup Time": 13382.239,                                                                                             
                                               "Actual Total Time": 13592.786,                                                                                               
                                               "Actual Rows": 3331481,                                                                                                       
                                               "Actual Loops": 1,                                                                                                            
                                               "Sort Key": ["ci.movie_id"],                                                                                                  
                                               "Sort Method": "quicksort",                                                                                                   
                                               "Sort Space Used": 107499,                                                                                                    
                                               "Sort Space Type": "Memory",                                                                                                  
                                               "Shared Hit Blocks": 4,                                                                                                       
                                               "Shared Read Blocks": 252650,                                                                                                 
                                               "Shared Dirtied Blocks": 0,                                                                                                   
                                               "Shared Written Blocks": 0,                                                                                                   
                                               "Local Hit Blocks": 0,                                                                                                        
                                               "Local Read Blocks": 0,                                                                                                       
                                               "Local Dirtied Blocks": 0,                                                                                                    
                                               "Local Written Blocks": 0,                                                                                                    
                                               "Temp Read Blocks": 0,                                                                                                        
                                               "Temp Written Blocks": 0,                                                                                                     
                                               "Plans": [                                                                                                                    
                                                 {                                                                                                                           
                                                   "Node Type": "Seq Scan",                                                                                                  
                                                   "Parent Relationship": "Outer",                                                                                           
                                                   "Parallel Aware": false,                                                                                                  
                                                   "Relation Name": "cast_info",                                                                                             
                                                   "Alias": "ci",                                                                                                            
                                                   "Startup Cost": 0.00,                                                                                                     
                                                   "Total Cost": 17466.00,                                                                                                   
                                                   "Plan Rows": 1245851,                                                                                                     
                                                   "Plan Width": 8,                                                                                                          
                                                   "Actual Startup Time": 363.679,                                                                                           
                                                   "Actual Total Time": 12893.039,                                                                                           
                                                   "Actual Rows": 1244716,                                                                                                   
                                                   "Actual Loops": 1,                                                                                                        
                                                   "Filter": "(note = ANY ('{(writer),\"(head writer)\",\"(written by)\",(story),\"(story editor)\"}'::text[]))",            
                                                   "Rows Removed by Filter": 34999628,                                                                                       
                                                   "Shared Hit Blocks": 4,                                                                                                   
                                                   "Shared Read Blocks": 252650,                                                                                             
                                                   "Shared Dirtied Blocks": 0,                                                                                               
                                                   "Shared Written Blocks": 0,                                                                                               
                                                   "Local Hit Blocks": 0,                                                                                                    
                                                   "Local Read Blocks": 0,                                                                                                   
                                                   "Local Dirtied Blocks": 0,                                                                                                
                                                   "Local Written Blocks": 0,                                                                                                
                                                   "Temp Read Blocks": 0,                                                                                                    
                                                   "Temp Written Blocks": 0                                                                                                  
                                                 }                                                                                                                           
                                               ]                                                                                                                             
                                             }                                                                                                                               
                                           ]                                                                                                                                 
                                         }                                                                                                                                   
                                       ]                                                                                                                                     
                                     },                                                                                                                                      
                                     {                                                                                                                                       
                                       "Node Type": "Sort",                                                                                                                  
                                       "Parent Relationship": "Inner",                                                                                                       
                                       "Parallel Aware": false,                                                                                                              
                                       "Startup Cost": 16263.33,                                                                                                             
                                       "Total Cost": 16586.90,                                                                                                               
                                       "Plan Rows": 4167491,                                                                                                                 
                                       "Plan Width": 19,                                                                                                                     
                                       "Actual Startup Time": 3491.458,                                                                                                      
                                       "Actual Total Time": 3891.006,                                                                                                        
                                       "Actual Rows": 4030084,                                                                                                               
                                       "Actual Loops": 1,                                                                                                                    
                                       "Sort Key": ["n.id"],                                                                                                                 
                                       "Sort Method": "quicksort",                                                                                                           
                                       "Sort Space Used": 405945,                                                                                                            
                                       "Sort Space Type": "Memory",                                                                                                          
                                       "Shared Hit Blocks": 1,                                                                                                               
                                       "Shared Read Blocks": 55612,                                                                                                          
                                       "Shared Dirtied Blocks": 0,                                                                                                           
                                       "Shared Written Blocks": 0,                                                                                                           
                                       "Local Hit Blocks": 0,                                                                                                                
                                       "Local Read Blocks": 0,                                                                                                               
                                       "Local Dirtied Blocks": 0,                                                                                                            
                                       "Local Written Blocks": 0,                                                                                                            
                                       "Temp Read Blocks": 0,                                                                                                                
                                       "Temp Written Blocks": 0,                                                                                                             
                                       "Plans": [                                                                                                                            
                                         {                                                                                                                                   
                                           "Node Type": "Seq Scan",                                                                                                          
                                           "Parent Relationship": "Outer",                                                                                                   
                                           "Parallel Aware": false,                                                                                                          
                                           "Relation Name": "name",                                                                                                          
                                           "Alias": "n",                                                                                                                     
                                           "Startup Cost": 0.00,                                                                                                             
                                           "Total Cost": 2032.56,                                                                                                            
                                           "Plan Rows": 4167491,                                                                                                             
                                           "Plan Width": 19,                                                                                                                 
                                           "Actual Startup Time": 18.175,                                                                                                    
                                           "Actual Total Time": 1498.878,                                                                                                    
                                           "Actual Rows": 4167491,                                                                                                           
                                           "Actual Loops": 1,                                                                                                                
                                           "Shared Hit Blocks": 1,                                                                                                           
                                           "Shared Read Blocks": 55612,                                                                                                      
                                           "Shared Dirtied Blocks": 0,                                                                                                       
                                           "Shared Written Blocks": 0,                                                                                                       
                                           "Local Hit Blocks": 0,                                                                                                            
                                           "Local Read Blocks": 0,                                                                                                           
                                           "Local Dirtied Blocks": 0,                                                                                                        
                                           "Local Written Blocks": 0,                                                                                                        
                                           "Temp Read Blocks": 0,                                                                                                            
                                           "Temp Written Blocks": 0                                                                                                          
                                         }                                                                                                                                   
                                       ]                                                                                                                                     
                                     }                                                                                                                                       
                                   ]                                                                                                                                         
                                 }                                                                                                                                           
                               ]                                                                                                                                             
                             },                                                                                                                                              
                             {                                                                                                                                               
                               "Node Type": "Sort",                                                                                                                          
                               "Parent Relationship": "Inner",                                                                                                               
                               "Parallel Aware": false,                                                                                                                      
                               "Startup Cost": 128.43,                                                                                                                       
                               "Total Cost": 128.43,                                                                                                                         
                               "Plan Rows": 30,                                                                                                                              
                               "Plan Width": 4,                                                                                                                              
                               "Actual Startup Time": 147.487,                                                                                                               
                               "Actual Total Time": 147.490,                                                                                                                 
                               "Actual Rows": 10,                                                                                                                            
                               "Actual Loops": 1,                                                                                                                            
                               "Sort Key": ["cn.id"],                                                                                                                        
                               "Sort Method": "quicksort",                                                                                                                   
                               "Sort Space Used": 25,                                                                                                                        
                               "Sort Space Type": "Memory",                                                                                                                  
                               "Shared Hit Blocks": 2,                                                                                                                       
                               "Shared Read Blocks": 2992,                                                                                                                   
                               "Shared Dirtied Blocks": 0,                                                                                                                   
                               "Shared Written Blocks": 0,                                                                                                                   
                               "Local Hit Blocks": 0,                                                                                                                        
                               "Local Read Blocks": 0,                                                                                                                       
                               "Local Dirtied Blocks": 0,                                                                                                                    
                               "Local Written Blocks": 0,                                                                                                                    
                               "Temp Read Blocks": 0,                                                                                                                        
                               "Temp Written Blocks": 0,                                                                                                                     
                               "Plans": [                                                                                                                                    
                                 {                                                                                                                                           
                                   "Node Type": "Seq Scan",                                                                                                                  
                                   "Parent Relationship": "Outer",                                                                                                           
                                   "Parallel Aware": false,                                                                                                                  
                                   "Relation Name": "company_name",                                                                                                          
                                   "Alias": "cn",                                                                                                                            
                                   "Startup Cost": 0.00,                                                                                                                     
                                   "Total Cost": 128.41,                                                                                                                     
                                   "Plan Rows": 30,                                                                                                                          
                                   "Plan Width": 4,                                                                                                                          
                                   "Actual Startup Time": 14.930,                                                                                                            
                                   "Actual Total Time": 147.446,                                                                                                             
                                   "Actual Rows": 10,                                                                                                                        
                                   "Actual Loops": 1,                                                                                                                        
                                   "Filter": "(name ~~ 'Lionsgate%'::text)",                                                                                                 
                                   "Rows Removed by Filter": 234987,                                                                                                         
                                   "Shared Hit Blocks": 2,                                                                                                                   
                                   "Shared Read Blocks": 2992,                                                                                                               
                                   "Shared Dirtied Blocks": 0,                                                                                                               
                                   "Shared Written Blocks": 0,                                                                                                               
                                   "Local Hit Blocks": 0,                                                                                                                    
                                   "Local Read Blocks": 0,                                                                                                                   
                                   "Local Dirtied Blocks": 0,                                                                                                                
                                   "Local Written Blocks": 0,                                                                                                                
                                   "Temp Read Blocks": 0,                                                                                                                    
                                   "Temp Written Blocks": 0                                                                                                                  
                                 }                                                                                                                                           
                               ]                                                                                                                                             
                             }                                                                                                                                               
                           ]                                                                                                                                                 
                         }                                                                                                                                                   
                       ]                                                                                                                                                     
                     },                                                                                                                                                      
                     {                                                                                                                                                       
                       "Node Type": "Sort",                                                                                                                                  
                       "Parent Relationship": "Inner",                                                                                                                       
                       "Parallel Aware": false,                                                                                                                              
                       "Startup Cost": 0.05,                                                                                                                                 
                       "Total Cost": 0.05,                                                                                                                                   
                       "Plan Rows": 1,                                                                                                                                       
                       "Plan Width": 4,                                                                                                                                      
                       "Actual Startup Time": 0.032,                                                                                                                         
                       "Actual Total Time": 0.033,                                                                                                                           
                       "Actual Rows": 1,                                                                                                                                     
                       "Actual Loops": 1,                                                                                                                                    
                       "Sort Key": ["it2.id"],                                                                                                                               
                       "Sort Method": "quicksort",                                                                                                                           
                       "Sort Space Used": 25,                                                                                                                                
                       "Sort Space Type": "Memory",                                                                                                                          
                       "Shared Hit Blocks": 1,                                                                                                                               
                       "Shared Read Blocks": 0,                                                                                                                              
                       "Shared Dirtied Blocks": 0,                                                                                                                           
                       "Shared Written Blocks": 0,                                                                                                                           
                       "Local Hit Blocks": 0,                                                                                                                                
                       "Local Read Blocks": 0,                                                                                                                               
                       "Local Dirtied Blocks": 0,                                                                                                                            
                       "Local Written Blocks": 0,                                                                                                                            
                       "Temp Read Blocks": 0,                                                                                                                                
                       "Temp Written Blocks": 0,                                                                                                                             
                       "Plans": [                                                                                                                                            
                         {                                                                                                                                                   
                           "Node Type": "Seq Scan",                                                                                                                          
                           "Parent Relationship": "Outer",                                                                                                                   
                           "Parallel Aware": false,                                                                                                                          
                           "Relation Name": "info_type",                                                                                                                     
                           "Alias": "it2",                                                                                                                                   
                           "Startup Cost": 0.00,                                                                                                                             
                           "Total Cost": 0.05,                                                                                                                               
                           "Plan Rows": 1,                                                                                                                                   
                           "Plan Width": 4,                                                                                                                                  
                           "Actual Startup Time": 0.024,                                                                                                                     
                           "Actual Total Time": 0.026,                                                                                                                       
                           "Actual Rows": 1,                                                                                                                                 
                           "Actual Loops": 1,                                                                                                                                
                           "Filter": "((info)::text = 'votes'::text)",                                                                                                       
                           "Rows Removed by Filter": 112,                                                                                                                    
                           "Shared Hit Blocks": 1,                                                                                                                           
                           "Shared Read Blocks": 0,                                                                                                                          
                           "Shared Dirtied Blocks": 0,                                                                                                                       
                           "Shared Written Blocks": 0,                                                                                                                       
                           "Local Hit Blocks": 0,                                                                                                                            
                           "Local Read Blocks": 0,                                                                                                                           
                           "Local Dirtied Blocks": 0,                                                                                                                        
                           "Local Written Blocks": 0,                                                                                                                        
                           "Temp Read Blocks": 0,                                                                                                                            
                           "Temp Written Blocks": 0                                                                                                                          
                         }                                                                                                                                                   
                       ]                                                                                                                                                     
                     }                                                                                                                                                       
                   ]                                                                                                                                                         
                 }                                                                                                                                                           
               ]                                                                                                                                                             
             },                                                                                                                                                              
             {                                                                                                                                                               
               "Node Type": "Sort",                                                                                                                                          
               "Parent Relationship": "Inner",                                                                                                                               
               "Parallel Aware": false,                                                                                                                                      
               "Startup Cost": 0.05,                                                                                                                                         
               "Total Cost": 0.05,                                                                                                                                           
               "Plan Rows": 1,                                                                                                                                               
               "Plan Width": 4,                                                                                                                                              
               "Actual Startup Time": 0.026,                                                                                                                                 
               "Actual Total Time": 0.026,                                                                                                                                   
               "Actual Rows": 1,                                                                                                                                             
               "Actual Loops": 1,                                                                                                                                            
               "Sort Key": ["it1.id"],                                                                                                                                       
               "Sort Method": "quicksort",                                                                                                                                   
               "Sort Space Used": 25,                                                                                                                                        
               "Sort Space Type": "Memory",                                                                                                                                  
               "Shared Hit Blocks": 1,                                                                                                                                       
               "Shared Read Blocks": 0,                                                                                                                                      
               "Shared Dirtied Blocks": 0,                                                                                                                                   
               "Shared Written Blocks": 0,                                                                                                                                   
               "Local Hit Blocks": 0,                                                                                                                                        
               "Local Read Blocks": 0,                                                                                                                                       
               "Local Dirtied Blocks": 0,                                                                                                                                    
               "Local Written Blocks": 0,                                                                                                                                    
               "Temp Read Blocks": 0,                                                                                                                                        
               "Temp Written Blocks": 0,                                                                                                                                     
               "Plans": [                                                                                                                                                    
                 {                                                                                                                                                           
                   "Node Type": "Seq Scan",                                                                                                                                  
                   "Parent Relationship": "Outer",                                                                                                                           
                   "Parallel Aware": false,                                                                                                                                  
                   "Relation Name": "info_type",                                                                                                                             
                   "Alias": "it1",                                                                                                                                           
                   "Startup Cost": 0.00,                                                                                                                                     
                   "Total Cost": 0.05,                                                                                                                                       
                   "Plan Rows": 1,                                                                                                                                           
                   "Plan Width": 4,                                                                                                                                          
                   "Actual Startup Time": 0.010,                                                                                                                             
                   "Actual Total Time": 0.022,                                                                                                                               
                   "Actual Rows": 1,                                                                                                                                         
                   "Actual Loops": 1,                                                                                                                                        
                   "Filter": "((info)::text = 'genres'::text)",                                                                                                              
                   "Rows Removed by Filter": 112,                                                                                                                            
                   "Shared Hit Blocks": 1,                                                                                                                                   
                   "Shared Read Blocks": 0,                                                                                                                                  
                   "Shared Dirtied Blocks": 0,                                                                                                                               
                   "Shared Written Blocks": 0,                                                                                                                               
                   "Local Hit Blocks": 0,                                                                                                                                    
                   "Local Read Blocks": 0,                                                                                                                                   
                   "Local Dirtied Blocks": 0,                                                                                                                                
                   "Local Written Blocks": 0,                                                                                                                                
                   "Temp Read Blocks": 0,                                                                                                                                    
                   "Temp Written Blocks": 0                                                                                                                                  
                 }                                                                                                                                                           
               ]                                                                                                                                                             
             }                                                                                                                                                               
           ]                                                                                                                                                                 
         }                                                                                                                                                                   
       ]                                                                                                                                                                     
     },                                                                                                                                                                      
     "Planning Time": 15568.043,                                                                                                                                             
     "Triggers": [                                                                                                                                                           
     ],                                                                                                                                                                      
     "Execution Time": 40200.226                                                                                                                                             
   }                                                                                                                                                                         
 ]
