 [                                                                                          
   {                                                                                        
     "Plan": {                                                                              
       "Node Type": "Aggregate",                                                            
       "Strategy": "Plain",                                                                 
       "Partial Mode": "Simple",                                                            
       "Parallel Aware": false,                                                             
       "Startup Cost": 37178.12,                                                            
       "Total Cost": 37178.12,                                                              
       "Plan Rows": 1,                                                                      
       "Plan Width": 96,                                                                    
       "Actual Startup Time": 6123.549,                                                     
       "Actual Total Time": 6123.549,                                                       
       "Actual Rows": 1,                                                                    
       "Actual Loops": 1,                                                                   
       "Shared Hit Blocks": 14,                                                             
       "Shared Read Blocks": 61554,                                                         
       "Shared Dirtied Blocks": 0,                                                          
       "Shared Written Blocks": 0,                                                          
       "Local Hit Blocks": 0,                                                               
       "Local Read Blocks": 0,                                                              
       "Local Dirtied Blocks": 0,                                                           
       "Local Written Blocks": 0,                                                           
       "Temp Read Blocks": 0,                                                               
       "Temp Written Blocks": 0,                                                            
       "Plans": [                                                                           
         {                                                                                  
           "Node Type": "Merge Join",                                                       
           "Parent Relationship": "Outer",                                                  
           "Parallel Aware": false,                                                         
           "Join Type": "Inner",                                                            
           "Startup Cost": 36786.08,                                                        
           "Total Cost": 37178.12,                                                          
           "Plan Rows": 2,                                                                  
           "Plan Width": 46,                                                                
           "Actual Startup Time": 6123.511,                                                 
           "Actual Total Time": 6123.511,                                                   
           "Actual Rows": 0,                                                                
           "Actual Loops": 1,                                                               
           "Inner Unique": true,                                                            
           "Merge Cond": "(ml.linked_movie_id = t2.id)",                                    
           "Shared Hit Blocks": 14,                                                         
           "Shared Read Blocks": 61554,                                                     
           "Shared Dirtied Blocks": 0,                                                      
           "Shared Written Blocks": 0,                                                      
           "Local Hit Blocks": 0,                                                           
           "Local Read Blocks": 0,                                                          
           "Local Dirtied Blocks": 0,                                                       
           "Local Written Blocks": 0,                                                       
           "Temp Read Blocks": 0,                                                           
           "Temp Written Blocks": 0,                                                        
           "Plans": [                                                                       
             {                                                                              
               "Node Type": "Sort",                                                         
               "Parent Relationship": "Outer",                                              
               "Parallel Aware": false,                                                     
               "Startup Cost": 27131.69,                                                    
               "Total Cost": 27131.69,                                                      
               "Plan Rows": 2,                                                              
               "Plan Width": 33,                                                            
               "Actual Startup Time": 6123.509,                                             
               "Actual Total Time": 6123.509,                                               
               "Actual Rows": 0,                                                            
               "Actual Loops": 1,                                                           
               "Sort Key": ["ml.linked_movie_id"],                                          
               "Sort Method": "quicksort",                                                  
               "Sort Space Used": 25,                                                       
               "Sort Space Type": "Memory",                                                 
               "Shared Hit Blocks": 14,                                                     
               "Shared Read Blocks": 61554,                                                 
               "Shared Dirtied Blocks": 0,                                                  
               "Shared Written Blocks": 0,                                                  
               "Local Hit Blocks": 0,                                                       
               "Local Read Blocks": 0,                                                      
               "Local Dirtied Blocks": 0,                                                   
               "Local Written Blocks": 0,                                                   
               "Temp Read Blocks": 0,                                                       
               "Temp Written Blocks": 0,                                                    
               "Plans": [                                                                   
                 {                                                                          
                   "Node Type": "Merge Join",                                               
                   "Parent Relationship": "Outer",                                          
                   "Parallel Aware": false,                                                 
                   "Join Type": "Inner",                                                    
                   "Startup Cost": 27131.68,                                                
                   "Total Cost": 27131.69,                                                  
                   "Plan Rows": 2,                                                          
                   "Plan Width": 33,                                                        
                   "Actual Startup Time": 6106.174,                                         
                   "Actual Total Time": 6106.174,                                           
                   "Actual Rows": 0,                                                        
                   "Actual Loops": 1,                                                       
                   "Inner Unique": true,                                                    
                   "Merge Cond": "(ml.link_type_id = lt.id)",                               
                   "Shared Hit Blocks": 10,                                                 
                   "Shared Read Blocks": 61554,                                             
                   "Shared Dirtied Blocks": 0,                                              
                   "Shared Written Blocks": 0,                                              
                   "Local Hit Blocks": 0,                                                   
                   "Local Read Blocks": 0,                                                  
                   "Local Dirtied Blocks": 0,                                               
                   "Local Written Blocks": 0,                                               
                   "Temp Read Blocks": 0,                                                   
                   "Temp Written Blocks": 0,                                                
                   "Plans": [                                                               
                     {                                                                      
                       "Node Type": "Sort",                                                 
                       "Parent Relationship": "Outer",                                      
                       "Parallel Aware": false,                                             
                       "Startup Cost": 27131.64,                                            
                       "Total Cost": 27131.64,                                              
                       "Plan Rows": 2,                                                      
                       "Plan Width": 25,                                                    
                       "Actual Startup Time": 6106.172,                                     
                       "Actual Total Time": 6106.172,                                       
                       "Actual Rows": 0,                                                    
                       "Actual Loops": 1,                                                   
                       "Sort Key": ["ml.link_type_id"],                                     
                       "Sort Method": "quicksort",                                          
                       "Sort Space Used": 25,                                               
                       "Sort Space Type": "Memory",                                         
                       "Shared Hit Blocks": 10,                                             
                       "Shared Read Blocks": 61554,                                         
                       "Shared Dirtied Blocks": 0,                                          
                       "Shared Written Blocks": 0,                                          
                       "Local Hit Blocks": 0,                                               
                       "Local Read Blocks": 0,                                              
                       "Local Dirtied Blocks": 0,                                           
                       "Local Written Blocks": 0,                                           
                       "Temp Read Blocks": 0,                                               
                       "Temp Written Blocks": 0,                                            
                       "Plans": [                                                           
                         {                                                                  
                           "Node Type": "Merge Join",                                       
                           "Parent Relationship": "Outer",                                  
                           "Parallel Aware": false,                                         
                           "Join Type": "Inner",                                            
                           "Startup Cost": 27093.70,                                        
                           "Total Cost": 27131.64,                                          
                           "Plan Rows": 2,                                                  
                           "Plan Width": 25,                                                
                           "Actual Startup Time": 6106.160,                                 
                           "Actual Total Time": 6106.160,                                   
                           "Actual Rows": 0,                                                
                           "Actual Loops": 1,                                               
                           "Inner Unique": false,                                           
                           "Merge Cond": "(t1.id = mk.movie_id)",                           
                           "Shared Hit Blocks": 10,                                         
                           "Shared Read Blocks": 61554,                                     
                           "Shared Dirtied Blocks": 0,                                      
                           "Shared Written Blocks": 0,                                      
                           "Local Hit Blocks": 0,                                           
                           "Local Read Blocks": 0,                                          
                           "Local Dirtied Blocks": 0,                                       
                           "Local Written Blocks": 0,                                       
                           "Temp Read Blocks": 0,                                           
                           "Temp Written Blocks": 0,                                        
                           "Plans": [                                                       
                             {                                                              
                               "Node Type": "Merge Join",                                   
                               "Parent Relationship": "Outer",                              
                               "Parallel Aware": false,                                     
                               "Join Type": "Inner",                                        
                               "Startup Cost": 9730.81,                                     
                               "Total Cost": 9766.45,                                       
                               "Plan Rows": 29997,                                          
                               "Plan Width": 33,                                            
                               "Actual Startup Time": 2376.281,                             
                               "Actual Total Time": 2436.232,                               
                               "Actual Rows": 29997,                                        
                               "Actual Loops": 1,                                           
                               "Inner Unique": true,                                        
                               "Merge Cond": "(ml.movie_id = t1.id)",                       
                               "Shared Hit Blocks": 5,                                      
                               "Shared Read Blocks": 36156,                                 
                               "Shared Dirtied Blocks": 0,                                  
                               "Shared Written Blocks": 0,                                  
                               "Local Hit Blocks": 0,                                       
                               "Local Read Blocks": 0,                                      
                               "Local Dirtied Blocks": 0,                                   
                               "Local Written Blocks": 0,                                   
                               "Temp Read Blocks": 0,                                       
                               "Temp Written Blocks": 0,                                    
                               "Plans": [                                                   
                                 {                                                          
                                   "Node Type": "Sort",                                     
                                   "Parent Relationship": "Outer",                          
                                   "Parallel Aware": false,                                 
                                   "Startup Cost": 76.46,                                   
                                   "Total Cost": 78.79,                                     
                                   "Plan Rows": 29997,                                      
                                   "Plan Width": 12,                                        
                                   "Actual Startup Time": 49.094,                           
                                   "Actual Total Time": 51.086,                             
                                   "Actual Rows": 29997,                                    
                                   "Actual Loops": 1,                                       
                                   "Sort Key": ["ml.movie_id"],                             
                                   "Sort Method": "quicksort",                              
                                   "Sort Space Used": 2175,                                 
                                   "Sort Space Type": "Memory",                             
                                   "Shared Hit Blocks": 4,                                  
                                   "Shared Read Blocks": 159,                               
                                   "Shared Dirtied Blocks": 0,                              
                                   "Shared Written Blocks": 0,                              
                                   "Local Hit Blocks": 0,                                   
                                   "Local Read Blocks": 0,                                  
                                   "Local Dirtied Blocks": 0,                               
                                   "Local Written Blocks": 0,                               
                                   "Temp Read Blocks": 0,                                   
                                   "Temp Written Blocks": 0,                                
                                   "Plans": [                                               
                                     {                                                      
                                       "Node Type": "Seq Scan",                             
                                       "Parent Relationship": "Outer",                      
                                       "Parallel Aware": false,                             
                                       "Relation Name": "movie_link",                       
                                       "Alias": "ml",                                       
                                       "Startup Cost": 0.00,                                
                                       "Total Cost": 7.19,                                  
                                       "Plan Rows": 29997,                                  
                                       "Plan Width": 12,                                    
                                       "Actual Startup Time": 0.018,                        
                                       "Actual Total Time": 30.396,                         
                                       "Actual Rows": 29997,                                
                                       "Actual Loops": 1,                                   
                                       "Shared Hit Blocks": 4,                              
                                       "Shared Read Blocks": 159,                           
                                       "Shared Dirtied Blocks": 0,                          
                                       "Shared Written Blocks": 0,                          
                                       "Local Hit Blocks": 0,                               
                                       "Local Read Blocks": 0,                              
                                       "Local Dirtied Blocks": 0,                           
                                       "Local Written Blocks": 0,                           
                                       "Temp Read Blocks": 0,                               
                                       "Temp Written Blocks": 0                             
                                     }                                                      
                                   ]                                                        
                                 },                                                         
                                 {                                                          
                                   "Node Type": "Sort",                                     
                                   "Parent Relationship": "Inner",                          
                                   "Parallel Aware": false,                                 
                                   "Startup Cost": 9654.35,                                 
                                   "Total Cost": 9850.65,                                   
                                   "Plan Rows": 2528312,                                    
                                   "Plan Width": 21,                                        
                                   "Actual Startup Time": 2327.178,                         
                                   "Actual Total Time": 2351.197,                           
                                   "Actual Rows": 186175,                                   
                                   "Actual Loops": 1,                                       
                                   "Sort Key": ["t1.id"],                                   
                                   "Sort Method": "quicksort",                              
                                   "Sort Space Used": 275055,                               
                                   "Sort Space Type": "Memory",                             
                                   "Shared Hit Blocks": 1,                                  
                                   "Shared Read Blocks": 35997,                             
                                   "Shared Dirtied Blocks": 0,                              
                                   "Shared Written Blocks": 0,                              
                                   "Local Hit Blocks": 0,                                   
                                   "Local Read Blocks": 0,                                  
                                   "Local Dirtied Blocks": 0,                               
                                   "Local Written Blocks": 0,                               
                                   "Temp Read Blocks": 0,                                   
                                   "Temp Written Blocks": 0,                                
                                   "Plans": [                                               
                                     {                                                      
                                       "Node Type": "Seq Scan",                             
                                       "Parent Relationship": "Outer",                      
                                       "Parallel Aware": false,                             
                                       "Relation Name": "title",                            
                                       "Alias": "t1",                                       
                                       "Startup Cost": 0.00,                                
                                       "Total Cost": 1303.96,                               
                                       "Plan Rows": 2528312,                                
                                       "Plan Width": 21,                                    
                                       "Actual Startup Time": 21.796,                       
                                       "Actual Total Time": 1019.818,                       
                                       "Actual Rows": 2528312,                              
                                       "Actual Loops": 1,                                   
                                       "Shared Hit Blocks": 1,                              
                                       "Shared Read Blocks": 35997,                         
                                       "Shared Dirtied Blocks": 0,                          
                                       "Shared Written Blocks": 0,                          
                                       "Local Hit Blocks": 0,                               
                                       "Local Read Blocks": 0,                              
                                       "Local Dirtied Blocks": 0,                           
                                       "Local Written Blocks": 0,                           
                                       "Temp Read Blocks": 0,                               
                                       "Temp Written Blocks": 0                             
                                     }                                                      
                                   ]                                                        
                                 }                                                          
                               ]                                                            
                             },                                                             
                             {                                                              
                               "Node Type": "Sort",                                         
                               "Parent Relationship": "Inner",                              
                               "Parallel Aware": false,                                     
                               "Startup Cost": 17362.89,                                    
                               "Total Cost": 17362.89,                                      
                               "Plan Rows": 34,                                             
                               "Plan Width": 4,                                             
                               "Actual Startup Time": 3667.460,                             
                               "Actual Total Time": 3667.460,                               
                               "Actual Rows": 1,                                            
                               "Actual Loops": 1,                                           
                               "Sort Key": ["mk.movie_id"],                                 
                               "Sort Method": "quicksort",                                  
                               "Sort Space Used": 25,                                       
                               "Sort Space Type": "Memory",                                 
                               "Shared Hit Blocks": 5,                                      
                               "Shared Read Blocks": 25398,                                 
                               "Shared Dirtied Blocks": 0,                                  
                               "Shared Written Blocks": 0,                                  
                               "Local Hit Blocks": 0,                                       
                               "Local Read Blocks": 0,                                      
                               "Local Dirtied Blocks": 0,                                   
                               "Local Written Blocks": 0,                                   
                               "Temp Read Blocks": 0,                                       
                               "Temp Written Blocks": 0,                                    
                               "Plans": [                                                   
                                 {                                                          
                                   "Node Type": "Merge Join",                               
                                   "Parent Relationship": "Outer",                          
                                   "Parallel Aware": false,                                 
                                   "Join Type": "Inner",                                    
                                   "Startup Cost": 16660.38,                                
                                   "Total Cost": 17362.86,                                  
                                   "Plan Rows": 34,                                         
                                   "Plan Width": 4,                                         
                                   "Actual Startup Time": 3667.449,                         
                                   "Actual Total Time": 3667.450,                           
                                   "Actual Rows": 1,                                        
                                   "Actual Loops": 1,                                       
                                   "Inner Unique": false,                                   
                                   "Merge Cond": "(k.id = mk.keyword_id)",                  
                                   "Shared Hit Blocks": 5,                                  
                                   "Shared Read Blocks": 25398,                             
                                   "Shared Dirtied Blocks": 0,                              
                                   "Shared Written Blocks": 0,                              
                                   "Local Hit Blocks": 0,                                   
                                   "Local Read Blocks": 0,                                  
                                   "Local Dirtied Blocks": 0,                               
                                   "Local Written Blocks": 0,                               
                                   "Temp Read Blocks": 0,                                   
                                   "Temp Written Blocks": 0,                                
                                   "Plans": [                                               
                                     {                                                      
                                       "Node Type": "Sort",                                 
                                       "Parent Relationship": "Outer",                      
                                       "Parallel Aware": false,                             
                                       "Startup Cost": 49.46,                               
                                       "Total Cost": 49.46,                                 
                                       "Plan Rows": 1,                                      
                                       "Plan Width": 4,                                     
                                       "Actual Startup Time": 182.081,                      
                                       "Actual Total Time": 182.081,                        
                                       "Actual Rows": 1,                                    
                                       "Actual Loops": 1,                                   
                                       "Sort Key": ["k.id"],                                
                                       "Sort Method": "quicksort",                          
                                       "Sort Space Used": 25,                               
                                       "Sort Space Type": "Memory",                         
                                       "Shared Hit Blocks": 2,                              
                                       "Shared Read Blocks": 947,                           
                                       "Shared Dirtied Blocks": 0,                          
                                       "Shared Written Blocks": 0,                          
                                       "Local Hit Blocks": 0,                               
                                       "Local Read Blocks": 0,                              
                                       "Local Dirtied Blocks": 0,                           
                                       "Local Written Blocks": 0,                           
                                       "Temp Read Blocks": 0,                               
                                       "Temp Written Blocks": 0,                            
                                       "Plans": [                                           
                                         {                                                  
                                           "Node Type": "Seq Scan",                         
                                           "Parent Relationship": "Outer",                  
                                           "Parallel Aware": false,                         
                                           "Relation Name": "keyword",                      
                                           "Alias": "k",                                    
                                           "Startup Cost": 0.00,                            
                                           "Total Cost": 49.46,                             
                                           "Plan Rows": 1,                                  
                                           "Plan Width": 4,                                 
                                           "Actual Startup Time": 181.465,                  
                                           "Actual Total Time": 182.070,                    
                                           "Actual Rows": 1,                                
                                           "Actual Loops": 1,                               
                                           "Filter": "(keyword = '10,000-mile-club'::text)",
                                           "Rows Removed by Filter": 134169,                
                                           "Shared Hit Blocks": 2,                          
                                           "Shared Read Blocks": 947,                       
                                           "Shared Dirtied Blocks": 0,                      
                                           "Shared Written Blocks": 0,                      
                                           "Local Hit Blocks": 0,                           
                                           "Local Read Blocks": 0,                          
                                           "Local Dirtied Blocks": 0,                       
                                           "Local Written Blocks": 0,                       
                                           "Temp Read Blocks": 0,                           
                                           "Temp Written Blocks": 0                         
                                         }                                                  
                                       ]                                                    
                                     },                                                     
                                     {                                                      
                                       "Node Type": "Sort",                                 
                                       "Parent Relationship": "Inner",                      
                                       "Parallel Aware": false,                             
                                       "Startup Cost": 16610.92,                            
                                       "Total Cost": 16962.16,                              
                                       "Plan Rows": 4523930,                                
                                       "Plan Width": 8,                                     
                                       "Actual Startup Time": 2294.166,                     
                                       "Actual Total Time": 2968.595,                       
                                       "Actual Rows": 4521528,                              
                                       "Actual Loops": 1,                                   
                                       "Sort Key": ["mk.keyword_id"],                       
                                       "Sort Method": "quicksort",                          
                                       "Sort Space Used": 408668,                           
                                       "Sort Space Type": "Memory",                         
                                       "Shared Hit Blocks": 3,                              
                                       "Shared Read Blocks": 24451,                         
                                       "Shared Dirtied Blocks": 0,                          
                                       "Shared Written Blocks": 0,                          
                                       "Local Hit Blocks": 0,                               
                                       "Local Read Blocks": 0,                              
                                       "Local Dirtied Blocks": 0,                           
                                       "Local Written Blocks": 0,                           
                                       "Temp Read Blocks": 0,                               
                                       "Temp Written Blocks": 0,                            
                                       "Plans": [                                           
                                         {                                                  
                                           "Node Type": "Seq Scan",                         
                                           "Parent Relationship": "Outer",                  
                                           "Parallel Aware": false,                         
                                           "Relation Name": "movie_keyword",                
                                           "Alias": "mk",                                   
                                           "Startup Cost": 0.00,                            
                                           "Total Cost": 1079.84,                           
                                           "Plan Rows": 4523930,                            
                                           "Plan Width": 8,                                 
                                           "Actual Startup Time": 0.008,                    
                                           "Actual Total Time": 846.107,                    
                                           "Actual Rows": 4523930,                          
                                           "Actual Loops": 1,                               
                                           "Shared Hit Blocks": 3,                          
                                           "Shared Read Blocks": 24451,                     
                                           "Shared Dirtied Blocks": 0,                      
                                           "Shared Written Blocks": 0,                      
                                           "Local Hit Blocks": 0,                           
                                           "Local Read Blocks": 0,                          
                                           "Local Dirtied Blocks": 0,                       
                                           "Local Written Blocks": 0,                       
                                           "Temp Read Blocks": 0,                           
                                           "Temp Written Blocks": 0                         
                                         }                                                  
                                       ]                                                    
                                     }                                                      
                                   ]                                                        
                                 }                                                          
                               ]                                                            
                             }                                                              
                           ]                                                                
                         }                                                                  
                       ]                                                                    
                     },                                                                     
                     {                                                                      
                       "Node Type": "Sort",                                                 
                       "Parent Relationship": "Inner",                                      
                       "Parallel Aware": false,                                             
                       "Startup Cost": 0.04,                                                
                       "Total Cost": 0.05,                                                  
                       "Plan Rows": 18,                                                     
                       "Plan Width": 16,                                                    
                       "Actual Startup Time": 0.000,                                        
                       "Actual Total Time": 0.000,                                          
                       "Actual Rows": 0,                                                    
                       "Actual Loops": 0,                                                   
                       "Sort Key": ["lt.id"],                                               
                       "Shared Hit Blocks": 0,                                              
                       "Shared Read Blocks": 0,                                             
                       "Shared Dirtied Blocks": 0,                                          
                       "Shared Written Blocks": 0,                                          
                       "Local Hit Blocks": 0,                                               
                       "Local Read Blocks": 0,                                              
                       "Local Dirtied Blocks": 0,                                           
                       "Local Written Blocks": 0,                                           
                       "Temp Read Blocks": 0,                                               
                       "Temp Written Blocks": 0,                                            
                       "Plans": [                                                           
                         {                                                                  
                           "Node Type": "Seq Scan",                                         
                           "Parent Relationship": "Outer",                                  
                           "Parallel Aware": false,                                         
                           "Relation Name": "link_type",                                    
                           "Alias": "lt",                                                   
                           "Startup Cost": 0.00,                                            
                           "Total Cost": 0.03,                                              
                           "Plan Rows": 18,                                                 
                           "Plan Width": 16,                                                
                           "Actual Startup Time": 0.000,                                    
                           "Actual Total Time": 0.000,                                      
                           "Actual Rows": 0,                                                
                           "Actual Loops": 0,                                               
                           "Shared Hit Blocks": 0,                                          
                           "Shared Read Blocks": 0,                                         
                           "Shared Dirtied Blocks": 0,                                      
                           "Shared Written Blocks": 0,                                      
                           "Local Hit Blocks": 0,                                           
                           "Local Read Blocks": 0,                                          
                           "Local Dirtied Blocks": 0,                                       
                           "Local Written Blocks": 0,                                       
                           "Temp Read Blocks": 0,                                           
                           "Temp Written Blocks": 0                                         
                         }                                                                  
                       ]                                                                    
                     }                                                                      
                   ]                                                                        
                 }                                                                          
               ]                                                                            
             },                                                                             
             {                                                                              
               "Node Type": "Sort",                                                         
               "Parent Relationship": "Inner",                                              
               "Parallel Aware": false,                                                     
               "Startup Cost": 9654.35,                                                     
               "Total Cost": 9850.65,                                                       
               "Plan Rows": 2528312,                                                        
               "Plan Width": 21,                                                            
               "Actual Startup Time": 0.000,                                                
               "Actual Total Time": 0.000,                                                  
               "Actual Rows": 0,                                                            
               "Actual Loops": 0,                                                           
               "Sort Key": ["t2.id"],                                                       
               "Shared Hit Blocks": 0,                                                      
               "Shared Read Blocks": 0,                                                     
               "Shared Dirtied Blocks": 0,                                                  
               "Shared Written Blocks": 0,                                                  
               "Local Hit Blocks": 0,                                                       
               "Local Read Blocks": 0,                                                      
               "Local Dirtied Blocks": 0,                                                   
               "Local Written Blocks": 0,                                                   
               "Temp Read Blocks": 0,                                                       
               "Temp Written Blocks": 0,                                                    
               "Plans": [                                                                   
                 {                                                                          
                   "Node Type": "Seq Scan",                                                 
                   "Parent Relationship": "Outer",                                          
                   "Parallel Aware": false,                                                 
                   "Relation Name": "title",                                                
                   "Alias": "t2",                                                           
                   "Startup Cost": 0.00,                                                    
                   "Total Cost": 1303.96,                                                   
                   "Plan Rows": 2528312,                                                    
                   "Plan Width": 21,                                                        
                   "Actual Startup Time": 0.000,                                            
                   "Actual Total Time": 0.000,                                              
                   "Actual Rows": 0,                                                        
                   "Actual Loops": 0,                                                       
                   "Shared Hit Blocks": 0,                                                  
                   "Shared Read Blocks": 0,                                                 
                   "Shared Dirtied Blocks": 0,                                              
                   "Shared Written Blocks": 0,                                              
                   "Local Hit Blocks": 0,                                                   
                   "Local Read Blocks": 0,                                                  
                   "Local Dirtied Blocks": 0,                                               
                   "Local Written Blocks": 0,                                               
                   "Temp Read Blocks": 0,                                                   
                   "Temp Written Blocks": 0                                                 
                 }                                                                          
               ]                                                                            
             }                                                                              
           ]                                                                                
         }                                                                                  
       ]                                                                                    
     },                                                                                     
     "Planning Time": 1462.369,                                                             
     "Triggers": [                                                                          
     ],                                                                                     
     "Execution Time": 6167.090                                                             
   }                                                                                        
 ]
