 [                                                                                                 
   {                                                                                               
     "Plan": {                                                                                     
       "Node Type": "Aggregate",                                                                   
       "Strategy": "Plain",                                                                        
       "Partial Mode": "Simple",                                                                   
       "Parallel Aware": false,                                                                    
       "Startup Cost": 37178.12,                                                                   
       "Total Cost": 37178.12,                                                                     
       "Plan Rows": 1,                                                                             
       "Plan Width": 96,                                                                           
       "Actual Startup Time": 7262.598,                                                            
       "Actual Total Time": 7262.598,                                                              
       "Actual Rows": 1,                                                                           
       "Actual Loops": 1,                                                                          
       "Shared Hit Blocks": 36013,                                                                 
       "Shared Read Blocks": 61554,                                                                
       "Shared Dirtied Blocks": 0,                                                                 
       "Shared Written Blocks": 0,                                                                 
       "Local Hit Blocks": 0,                                                                      
       "Local Read Blocks": 0,                                                                     
       "Local Dirtied Blocks": 0,                                                                  
       "Local Written Blocks": 0,                                                                  
       "Temp Read Blocks": 0,                                                                      
       "Temp Written Blocks": 0,                                                                   
       "Plans": [                                                                                  
         {                                                                                         
           "Node Type": "Merge Join",                                                              
           "Parent Relationship": "Outer",                                                         
           "Parallel Aware": false,                                                                
           "Join Type": "Inner",                                                                   
           "Startup Cost": 36786.08,                                                               
           "Total Cost": 37178.12,                                                                 
           "Plan Rows": 2,                                                                         
           "Plan Width": 46,                                                                       
           "Actual Startup Time": 6582.571,                                                        
           "Actual Total Time": 7254.004,                                                          
           "Actual Rows": 4388,                                                                    
           "Actual Loops": 1,                                                                      
           "Inner Unique": true,                                                                   
           "Merge Cond": "(ml.linked_movie_id = t2.id)",                                           
           "Shared Hit Blocks": 36013,                                                             
           "Shared Read Blocks": 61554,                                                            
           "Shared Dirtied Blocks": 0,                                                             
           "Shared Written Blocks": 0,                                                             
           "Local Hit Blocks": 0,                                                                  
           "Local Read Blocks": 0,                                                                 
           "Local Dirtied Blocks": 0,                                                              
           "Local Written Blocks": 0,                                                              
           "Temp Read Blocks": 0,                                                                  
           "Temp Written Blocks": 0,                                                               
           "Plans": [                                                                              
             {                                                                                     
               "Node Type": "Sort",                                                                
               "Parent Relationship": "Outer",                                                     
               "Parallel Aware": false,                                                            
               "Startup Cost": 27131.69,                                                           
               "Total Cost": 27131.69,                                                             
               "Plan Rows": 2,                                                                     
               "Plan Width": 33,                                                                   
               "Actual Startup Time": 5110.901,                                                    
               "Actual Total Time": 5111.534,                                                      
               "Actual Rows": 4388,                                                                
               "Actual Loops": 1,                                                                  
               "Sort Key": ["ml.linked_movie_id"],                                                 
               "Sort Method": "quicksort",                                                         
               "Sort Space Used": 557,                                                             
               "Sort Space Type": "Memory",                                                        
               "Shared Hit Blocks": 15,                                                            
               "Shared Read Blocks": 61554,                                                        
               "Shared Dirtied Blocks": 0,                                                         
               "Shared Written Blocks": 0,                                                         
               "Local Hit Blocks": 0,                                                              
               "Local Read Blocks": 0,                                                             
               "Local Dirtied Blocks": 0,                                                          
               "Local Written Blocks": 0,                                                          
               "Temp Read Blocks": 0,                                                              
               "Temp Written Blocks": 0,                                                           
               "Plans": [                                                                          
                 {                                                                                 
                   "Node Type": "Merge Join",                                                      
                   "Parent Relationship": "Outer",                                                 
                   "Parallel Aware": false,                                                        
                   "Join Type": "Inner",                                                           
                   "Startup Cost": 27131.68,                                                       
                   "Total Cost": 27131.69,                                                         
                   "Plan Rows": 2,                                                                 
                   "Plan Width": 33,                                                               
                   "Actual Startup Time": 5090.831,                                                
                   "Actual Total Time": 5092.029,                                                  
                   "Actual Rows": 4388,                                                            
                   "Actual Loops": 1,                                                              
                   "Inner Unique": true,                                                           
                   "Merge Cond": "(ml.link_type_id = lt.id)",                                      
                   "Shared Hit Blocks": 11,                                                        
                   "Shared Read Blocks": 61554,                                                    
                   "Shared Dirtied Blocks": 0,                                                     
                   "Shared Written Blocks": 0,                                                     
                   "Local Hit Blocks": 0,                                                          
                   "Local Read Blocks": 0,                                                         
                   "Local Dirtied Blocks": 0,                                                      
                   "Local Written Blocks": 0,                                                      
                   "Temp Read Blocks": 0,                                                          
                   "Temp Written Blocks": 0,                                                       
                   "Plans": [                                                                      
                     {                                                                             
                       "Node Type": "Sort",                                                        
                       "Parent Relationship": "Outer",                                             
                       "Parallel Aware": false,                                                    
                       "Startup Cost": 27131.64,                                                   
                       "Total Cost": 27131.64,                                                     
                       "Plan Rows": 2,                                                             
                       "Plan Width": 25,                                                           
                       "Actual Startup Time": 5090.798,                                            
                       "Actual Total Time": 5091.034,                                              
                       "Actual Rows": 4388,                                                        
                       "Actual Loops": 1,                                                          
                       "Sort Key": ["ml.link_type_id"],                                            
                       "Sort Method": "quicksort",                                                 
                       "Sort Space Used": 506,                                                     
                       "Sort Space Type": "Memory",                                                
                       "Shared Hit Blocks": 10,                                                    
                       "Shared Read Blocks": 61554,                                                
                       "Shared Dirtied Blocks": 0,                                                 
                       "Shared Written Blocks": 0,                                                 
                       "Local Hit Blocks": 0,                                                      
                       "Local Read Blocks": 0,                                                     
                       "Local Dirtied Blocks": 0,                                                  
                       "Local Written Blocks": 0,                                                  
                       "Temp Read Blocks": 0,                                                      
                       "Temp Written Blocks": 0,                                                   
                       "Plans": [                                                                  
                         {                                                                         
                           "Node Type": "Merge Join",                                              
                           "Parent Relationship": "Outer",                                         
                           "Parallel Aware": false,                                                
                           "Join Type": "Inner",                                                   
                           "Startup Cost": 27093.70,                                               
                           "Total Cost": 27131.64,                                                 
                           "Plan Rows": 2,                                                         
                           "Plan Width": 25,                                                       
                           "Actual Startup Time": 5026.611,                                        
                           "Actual Total Time": 5089.782,                                          
                           "Actual Rows": 4388,                                                    
                           "Actual Loops": 1,                                                      
                           "Inner Unique": false,                                                  
                           "Merge Cond": "(t1.id = mk.movie_id)",                                  
                           "Shared Hit Blocks": 10,                                                
                           "Shared Read Blocks": 61554,                                            
                           "Shared Dirtied Blocks": 0,                                             
                           "Shared Written Blocks": 0,                                             
                           "Local Hit Blocks": 0,                                                  
                           "Local Read Blocks": 0,                                                 
                           "Local Dirtied Blocks": 0,                                              
                           "Local Written Blocks": 0,                                              
                           "Temp Read Blocks": 0,                                                  
                           "Temp Written Blocks": 0,                                               
                           "Plans": [                                                              
                             {                                                                     
                               "Node Type": "Merge Join",                                          
                               "Parent Relationship": "Outer",                                     
                               "Parallel Aware": false,                                            
                               "Join Type": "Inner",                                               
                               "Startup Cost": 9730.81,                                            
                               "Total Cost": 9766.45,                                              
                               "Plan Rows": 29997,                                                 
                               "Plan Width": 33,                                                   
                               "Actual Startup Time": 2379.177,                                    
                               "Actual Total Time": 2439.816,                                      
                               "Actual Rows": 29997,                                               
                               "Actual Loops": 1,                                                  
                               "Inner Unique": true,                                               
                               "Merge Cond": "(ml.movie_id = t1.id)",                              
                               "Shared Hit Blocks": 5,                                             
                               "Shared Read Blocks": 36156,                                        
                               "Shared Dirtied Blocks": 0,                                         
                               "Shared Written Blocks": 0,                                         
                               "Local Hit Blocks": 0,                                              
                               "Local Read Blocks": 0,                                             
                               "Local Dirtied Blocks": 0,                                          
                               "Local Written Blocks": 0,                                          
                               "Temp Read Blocks": 0,                                              
                               "Temp Written Blocks": 0,                                           
                               "Plans": [                                                          
                                 {                                                                 
                                   "Node Type": "Sort",                                            
                                   "Parent Relationship": "Outer",                                 
                                   "Parallel Aware": false,                                        
                                   "Startup Cost": 76.46,                                          
                                   "Total Cost": 78.79,                                            
                                   "Plan Rows": 29997,                                             
                                   "Plan Width": 12,                                               
                                   "Actual Startup Time": 50.746,                                  
                                   "Actual Total Time": 52.783,                                    
                                   "Actual Rows": 29997,                                           
                                   "Actual Loops": 1,                                              
                                   "Sort Key": ["ml.movie_id"],                                    
                                   "Sort Method": "quicksort",                                     
                                   "Sort Space Used": 2175,                                        
                                   "Sort Space Type": "Memory",                                    
                                   "Shared Hit Blocks": 4,                                         
                                   "Shared Read Blocks": 159,                                      
                                   "Shared Dirtied Blocks": 0,                                     
                                   "Shared Written Blocks": 0,                                     
                                   "Local Hit Blocks": 0,                                          
                                   "Local Read Blocks": 0,                                         
                                   "Local Dirtied Blocks": 0,                                      
                                   "Local Written Blocks": 0,                                      
                                   "Temp Read Blocks": 0,                                          
                                   "Temp Written Blocks": 0,                                       
                                   "Plans": [                                                      
                                     {                                                             
                                       "Node Type": "Seq Scan",                                    
                                       "Parent Relationship": "Outer",                             
                                       "Parallel Aware": false,                                    
                                       "Relation Name": "movie_link",                              
                                       "Alias": "ml",                                              
                                       "Startup Cost": 0.00,                                       
                                       "Total Cost": 7.19,                                         
                                       "Plan Rows": 29997,                                         
                                       "Plan Width": 12,                                           
                                       "Actual Startup Time": 0.017,                               
                                       "Actual Total Time": 31.315,                                
                                       "Actual Rows": 29997,                                       
                                       "Actual Loops": 1,                                          
                                       "Shared Hit Blocks": 4,                                     
                                       "Shared Read Blocks": 159,                                  
                                       "Shared Dirtied Blocks": 0,                                 
                                       "Shared Written Blocks": 0,                                 
                                       "Local Hit Blocks": 0,                                      
                                       "Local Read Blocks": 0,                                     
                                       "Local Dirtied Blocks": 0,                                  
                                       "Local Written Blocks": 0,                                  
                                       "Temp Read Blocks": 0,                                      
                                       "Temp Written Blocks": 0                                    
                                     }                                                             
                                   ]                                                               
                                 },                                                                
                                 {                                                                 
                                   "Node Type": "Sort",                                            
                                   "Parent Relationship": "Inner",                                 
                                   "Parallel Aware": false,                                        
                                   "Startup Cost": 9654.35,                                        
                                   "Total Cost": 9850.65,                                          
                                   "Plan Rows": 2528312,                                           
                                   "Plan Width": 21,                                               
                                   "Actual Startup Time": 2328.418,                                
                                   "Actual Total Time": 2352.734,                                  
                                   "Actual Rows": 186175,                                          
                                   "Actual Loops": 1,                                              
                                   "Sort Key": ["t1.id"],                                          
                                   "Sort Method": "quicksort",                                     
                                   "Sort Space Used": 275055,                                      
                                   "Sort Space Type": "Memory",                                    
                                   "Shared Hit Blocks": 1,                                         
                                   "Shared Read Blocks": 35997,                                    
                                   "Shared Dirtied Blocks": 0,                                     
                                   "Shared Written Blocks": 0,                                     
                                   "Local Hit Blocks": 0,                                          
                                   "Local Read Blocks": 0,                                         
                                   "Local Dirtied Blocks": 0,                                      
                                   "Local Written Blocks": 0,                                      
                                   "Temp Read Blocks": 0,                                          
                                   "Temp Written Blocks": 0,                                       
                                   "Plans": [                                                      
                                     {                                                             
                                       "Node Type": "Seq Scan",                                    
                                       "Parent Relationship": "Outer",                             
                                       "Parallel Aware": false,                                    
                                       "Relation Name": "title",                                   
                                       "Alias": "t1",                                              
                                       "Startup Cost": 0.00,                                       
                                       "Total Cost": 1303.96,                                      
                                       "Plan Rows": 2528312,                                       
                                       "Plan Width": 21,                                           
                                       "Actual Startup Time": 20.139,                              
                                       "Actual Total Time": 1009.186,                              
                                       "Actual Rows": 2528312,                                     
                                       "Actual Loops": 1,                                          
                                       "Shared Hit Blocks": 1,                                     
                                       "Shared Read Blocks": 35997,                                
                                       "Shared Dirtied Blocks": 0,                                 
                                       "Shared Written Blocks": 0,                                 
                                       "Local Hit Blocks": 0,                                      
                                       "Local Read Blocks": 0,                                     
                                       "Local Dirtied Blocks": 0,                                  
                                       "Local Written Blocks": 0,                                  
                                       "Temp Read Blocks": 0,                                      
                                       "Temp Written Blocks": 0                                    
                                     }                                                             
                                   ]                                                               
                                 }                                                                 
                               ]                                                                   
                             },                                                                    
                             {                                                                     
                               "Node Type": "Sort",                                                
                               "Parent Relationship": "Inner",                                     
                               "Parallel Aware": false,                                            
                               "Startup Cost": 17362.89,                                           
                               "Total Cost": 17362.89,                                             
                               "Plan Rows": 34,                                                    
                               "Plan Width": 4,                                                    
                               "Actual Startup Time": 2645.936,                                    
                               "Actual Total Time": 2646.338,                                      
                               "Actual Rows": 6082,                                                
                               "Actual Loops": 1,                                                  
                               "Sort Key": ["mk.movie_id"],                                        
                               "Sort Method": "quicksort",                                         
                               "Sort Space Used": 3498,                                            
                               "Sort Space Type": "Memory",                                        
                               "Shared Hit Blocks": 5,                                             
                               "Shared Read Blocks": 25398,                                        
                               "Shared Dirtied Blocks": 0,                                         
                               "Shared Written Blocks": 0,                                         
                               "Local Hit Blocks": 0,                                              
                               "Local Read Blocks": 0,                                             
                               "Local Dirtied Blocks": 0,                                          
                               "Local Written Blocks": 0,                                          
                               "Temp Read Blocks": 0,                                              
                               "Temp Written Blocks": 0,                                           
                               "Plans": [                                                          
                                 {                                                                 
                                   "Node Type": "Merge Join",                                      
                                   "Parent Relationship": "Outer",                                 
                                   "Parallel Aware": false,                                        
                                   "Join Type": "Inner",                                           
                                   "Startup Cost": 16660.38,                                       
                                   "Total Cost": 17362.86,                                         
                                   "Plan Rows": 34,                                                
                                   "Plan Width": 4,                                                
                                   "Actual Startup Time": 2618.952,                                
                                   "Actual Total Time": 2632.256,                                  
                                   "Actual Rows": 41840,                                           
                                   "Actual Loops": 1,                                              
                                   "Inner Unique": false,                                          
                                   "Merge Cond": "(k.id = mk.keyword_id)",                         
                                   "Shared Hit Blocks": 5,                                         
                                   "Shared Read Blocks": 25398,                                    
                                   "Shared Dirtied Blocks": 0,                                     
                                   "Shared Written Blocks": 0,                                     
                                   "Local Hit Blocks": 0,                                          
                                   "Local Read Blocks": 0,                                         
                                   "Local Dirtied Blocks": 0,                                      
                                   "Local Written Blocks": 0,                                      
                                   "Temp Read Blocks": 0,                                          
                                   "Temp Written Blocks": 0,                                       
                                   "Plans": [                                                      
                                     {                                                             
                                       "Node Type": "Sort",                                        
                                       "Parent Relationship": "Outer",                             
                                       "Parallel Aware": false,                                    
                                       "Startup Cost": 49.46,                                      
                                       "Total Cost": 49.46,                                        
                                       "Plan Rows": 1,                                             
                                       "Plan Width": 4,                                            
                                       "Actual Startup Time": 281.971,                             
                                       "Actual Total Time": 281.971,                               
                                       "Actual Rows": 1,                                           
                                       "Actual Loops": 1,                                          
                                       "Sort Key": ["k.id"],                                       
                                       "Sort Method": "quicksort",                                 
                                       "Sort Space Used": 25,                                      
                                       "Sort Space Type": "Memory",                                
                                       "Shared Hit Blocks": 2,                                     
                                       "Shared Read Blocks": 947,                                  
                                       "Shared Dirtied Blocks": 0,                                 
                                       "Shared Written Blocks": 0,                                 
                                       "Local Hit Blocks": 0,                                      
                                       "Local Read Blocks": 0,                                     
                                       "Local Dirtied Blocks": 0,                                  
                                       "Local Written Blocks": 0,                                  
                                       "Temp Read Blocks": 0,                                      
                                       "Temp Written Blocks": 0,                                   
                                       "Plans": [                                                  
                                         {                                                         
                                           "Node Type": "Seq Scan",                                
                                           "Parent Relationship": "Outer",                         
                                           "Parallel Aware": false,                                
                                           "Relation Name": "keyword",                             
                                           "Alias": "k",                                           
                                           "Startup Cost": 0.00,                                   
                                           "Total Cost": 49.46,                                    
                                           "Plan Rows": 1,                                         
                                           "Plan Width": 4,                                        
                                           "Actual Startup Time": 51.789,                          
                                           "Actual Total Time": 281.962,                           
                                           "Actual Rows": 1,                                       
                                           "Actual Loops": 1,                                      
                                           "Filter": "(keyword = 'character-name-in-title'::text)",
                                           "Rows Removed by Filter": 134169,                       
                                           "Shared Hit Blocks": 2,                                 
                                           "Shared Read Blocks": 947,                              
                                           "Shared Dirtied Blocks": 0,                             
                                           "Shared Written Blocks": 0,                             
                                           "Local Hit Blocks": 0,                                  
                                           "Local Read Blocks": 0,                                 
                                           "Local Dirtied Blocks": 0,                              
                                           "Local Written Blocks": 0,                              
                                           "Temp Read Blocks": 0,                                  
                                           "Temp Written Blocks": 0                                
                                         }                                                         
                                       ]                                                           
                                     },                                                            
                                     {                                                             
                                       "Node Type": "Sort",                                        
                                       "Parent Relationship": "Inner",                             
                                       "Parallel Aware": false,                                    
                                       "Startup Cost": 16610.92,                                   
                                       "Total Cost": 16962.16,                                     
                                       "Plan Rows": 4523930,                                       
                                       "Plan Width": 8,                                            
                                       "Actual Startup Time": 2304.297,                            
                                       "Actual Total Time": 2328.846,                              
                                       "Actual Rows": 163762,                                      
                                       "Actual Loops": 1,                                          
                                       "Sort Key": ["mk.keyword_id"],                              
                                       "Sort Method": "quicksort",                                 
                                       "Sort Space Used": 408668,                                  
                                       "Sort Space Type": "Memory",                                
                                       "Shared Hit Blocks": 3,                                     
                                       "Shared Read Blocks": 24451,                                
                                       "Shared Dirtied Blocks": 0,                                 
                                       "Shared Written Blocks": 0,                                 
                                       "Local Hit Blocks": 0,                                      
                                       "Local Read Blocks": 0,                                     
                                       "Local Dirtied Blocks": 0,                                  
                                       "Local Written Blocks": 0,                                  
                                       "Temp Read Blocks": 0,                                      
                                       "Temp Written Blocks": 0,                                   
                                       "Plans": [                                                  
                                         {                                                         
                                           "Node Type": "Seq Scan",                                
                                           "Parent Relationship": "Outer",                         
                                           "Parallel Aware": false,                                
                                           "Relation Name": "movie_keyword",                       
                                           "Alias": "mk",                                          
                                           "Startup Cost": 0.00,                                   
                                           "Total Cost": 1079.84,                                  
                                           "Plan Rows": 4523930,                                   
                                           "Plan Width": 8,                                        
                                           "Actual Startup Time": 0.014,                           
                                           "Actual Total Time": 842.049,                           
                                           "Actual Rows": 4523930,                                 
                                           "Actual Loops": 1,                                      
                                           "Shared Hit Blocks": 3,                                 
                                           "Shared Read Blocks": 24451,                            
                                           "Shared Dirtied Blocks": 0,                             
                                           "Shared Written Blocks": 0,                             
                                           "Local Hit Blocks": 0,                                  
                                           "Local Read Blocks": 0,                                 
                                           "Local Dirtied Blocks": 0,                              
                                           "Local Written Blocks": 0,                              
                                           "Temp Read Blocks": 0,                                  
                                           "Temp Written Blocks": 0                                
                                         }                                                         
                                       ]                                                           
                                     }                                                             
                                   ]                                                               
                                 }                                                                 
                               ]                                                                   
                             }                                                                     
                           ]                                                                       
                         }                                                                         
                       ]                                                                           
                     },                                                                            
                     {                                                                             
                       "Node Type": "Sort",                                                        
                       "Parent Relationship": "Inner",                                             
                       "Parallel Aware": false,                                                    
                       "Startup Cost": 0.04,                                                       
                       "Total Cost": 0.05,                                                         
                       "Plan Rows": 18,                                                            
                       "Plan Width": 16,                                                           
                       "Actual Startup Time": 0.027,                                               
                       "Actual Total Time": 0.028,                                                 
                       "Actual Rows": 17,                                                          
                       "Actual Loops": 1,                                                          
                       "Sort Key": ["lt.id"],                                                      
                       "Sort Method": "quicksort",                                                 
                       "Sort Space Used": 25,                                                      
                       "Sort Space Type": "Memory",                                                
                       "Shared Hit Blocks": 1,                                                     
                       "Shared Read Blocks": 0,                                                    
                       "Shared Dirtied Blocks": 0,                                                 
                       "Shared Written Blocks": 0,                                                 
                       "Local Hit Blocks": 0,                                                      
                       "Local Read Blocks": 0,                                                     
                       "Local Dirtied Blocks": 0,                                                  
                       "Local Written Blocks": 0,                                                  
                       "Temp Read Blocks": 0,                                                      
                       "Temp Written Blocks": 0,                                                   
                       "Plans": [                                                                  
                         {                                                                         
                           "Node Type": "Seq Scan",                                                
                           "Parent Relationship": "Outer",                                         
                           "Parallel Aware": false,                                                
                           "Relation Name": "link_type",                                           
                           "Alias": "lt",                                                          
                           "Startup Cost": 0.00,                                                   
                           "Total Cost": 0.03,                                                     
                           "Plan Rows": 18,                                                        
                           "Plan Width": 16,                                                       
                           "Actual Startup Time": 0.013,                                           
                           "Actual Total Time": 0.016,                                             
                           "Actual Rows": 18,                                                      
                           "Actual Loops": 1,                                                      
                           "Shared Hit Blocks": 1,                                                 
                           "Shared Read Blocks": 0,                                                
                           "Shared Dirtied Blocks": 0,                                             
                           "Shared Written Blocks": 0,                                             
                           "Local Hit Blocks": 0,                                                  
                           "Local Read Blocks": 0,                                                 
                           "Local Dirtied Blocks": 0,                                              
                           "Local Written Blocks": 0,                                              
                           "Temp Read Blocks": 0,                                                  
                           "Temp Written Blocks": 0                                                
                         }                                                                         
                       ]                                                                           
                     }                                                                             
                   ]                                                                               
                 }                                                                                 
               ]                                                                                   
             },                                                                                    
             {                                                                                     
               "Node Type": "Sort",                                                                
               "Parent Relationship": "Inner",                                                     
               "Parallel Aware": false,                                                            
               "Startup Cost": 9654.35,                                                            
               "Total Cost": 9850.65,                                                              
               "Plan Rows": 2528312,                                                               
               "Plan Width": 21,                                                                   
               "Actual Startup Time": 1469.728,                                                    
               "Actual Total Time": 1783.200,                                                      
               "Actual Rows": 2523213,                                                             
               "Actual Loops": 1,                                                                  
               "Sort Key": ["t2.id"],                                                              
               "Sort Method": "quicksort",                                                         
               "Sort Space Used": 275055,                                                          
               "Sort Space Type": "Memory",                                                        
               "Shared Hit Blocks": 35998,                                                         
               "Shared Read Blocks": 0,                                                            
               "Shared Dirtied Blocks": 0,                                                         
               "Shared Written Blocks": 0,                                                         
               "Local Hit Blocks": 0,                                                              
               "Local Read Blocks": 0,                                                             
               "Local Dirtied Blocks": 0,                                                          
               "Local Written Blocks": 0,                                                          
               "Temp Read Blocks": 0,                                                              
               "Temp Written Blocks": 0,                                                           
               "Plans": [                                                                          
                 {                                                                                 
                   "Node Type": "Seq Scan",                                                        
                   "Parent Relationship": "Outer",                                                 
                   "Parallel Aware": false,                                                        
                   "Relation Name": "title",                                                       
                   "Alias": "t2",                                                                  
                   "Startup Cost": 0.00,                                                           
                   "Total Cost": 1303.96,                                                          
                   "Plan Rows": 2528312,                                                           
                   "Plan Width": 21,                                                               
                   "Actual Startup Time": 0.005,                                                   
                   "Actual Total Time": 382.228,                                                   
                   "Actual Rows": 2528312,                                                         
                   "Actual Loops": 1,                                                              
                   "Shared Hit Blocks": 35998,                                                     
                   "Shared Read Blocks": 0,                                                        
                   "Shared Dirtied Blocks": 0,                                                     
                   "Shared Written Blocks": 0,                                                     
                   "Local Hit Blocks": 0,                                                          
                   "Local Read Blocks": 0,                                                         
                   "Local Dirtied Blocks": 0,                                                      
                   "Local Written Blocks": 0,                                                      
                   "Temp Read Blocks": 0,                                                          
                   "Temp Written Blocks": 0                                                        
                 }                                                                                 
               ]                                                                                   
             }                                                                                     
           ]                                                                                       
         }                                                                                         
       ]                                                                                           
     },                                                                                            
     "Planning Time": 1425.912,                                                                    
     "Triggers": [                                                                                 
     ],                                                                                            
     "Execution Time": 7315.359                                                                    
   }                                                                                               
 ]
