 [                                                                                                                                                            
   {                                                                                                                                                          
     "Plan": {                                                                                                                                                
       "Node Type": "Aggregate",                                                                                                                              
       "Strategy": "Plain",                                                                                                                                   
       "Partial Mode": "Simple",                                                                                                                              
       "Parallel Aware": false,                                                                                                                               
       "Startup Cost": 39048.94,                                                                                                                              
       "Total Cost": 39048.94,                                                                                                                                
       "Plan Rows": 1,                                                                                                                                        
       "Plan Width": 192,                                                                                                                                     
       "Actual Startup Time": 8367.465,                                                                                                                       
       "Actual Total Time": 8367.465,                                                                                                                         
       "Actual Rows": 1,                                                                                                                                      
       "Actual Loops": 1,                                                                                                                                     
       "Shared Hit Blocks": 66255,                                                                                                                            
       "Shared Read Blocks": 66385,                                                                                                                           
       "Shared Dirtied Blocks": 0,                                                                                                                            
       "Shared Written Blocks": 0,                                                                                                                            
       "Local Hit Blocks": 0,                                                                                                                                 
       "Local Read Blocks": 0,                                                                                                                                
       "Local Dirtied Blocks": 0,                                                                                                                             
       "Local Written Blocks": 0,                                                                                                                             
       "Temp Read Blocks": 0,                                                                                                                                 
       "Temp Written Blocks": 0,                                                                                                                              
       "Plans": [                                                                                                                                             
         {                                                                                                                                                    
           "Node Type": "Merge Join",                                                                                                                         
           "Parent Relationship": "Outer",                                                                                                                    
           "Parallel Aware": false,                                                                                                                           
           "Join Type": "Inner",                                                                                                                              
           "Startup Cost": 39048.94,                                                                                                                          
           "Total Cost": 39048.94,                                                                                                                            
           "Plan Rows": 1,                                                                                                                                    
           "Plan Width": 84,                                                                                                                                  
           "Actual Startup Time": 8367.441,                                                                                                                   
           "Actual Total Time": 8367.442,                                                                                                                     
           "Actual Rows": 4,                                                                                                                                  
           "Actual Loops": 1,                                                                                                                                 
           "Inner Unique": true,                                                                                                                              
           "Merge Cond": "(t2.kind_id = kt2.id)",                                                                                                             
           "Shared Hit Blocks": 66255,                                                                                                                        
           "Shared Read Blocks": 66385,                                                                                                                       
           "Shared Dirtied Blocks": 0,                                                                                                                        
           "Shared Written Blocks": 0,                                                                                                                        
           "Local Hit Blocks": 0,                                                                                                                             
           "Local Read Blocks": 0,                                                                                                                            
           "Local Dirtied Blocks": 0,                                                                                                                         
           "Local Written Blocks": 0,                                                                                                                         
           "Temp Read Blocks": 0,                                                                                                                             
           "Temp Written Blocks": 0,                                                                                                                          
           "Plans": [                                                                                                                                         
             {                                                                                                                                                
               "Node Type": "Sort",                                                                                                                           
               "Parent Relationship": "Outer",                                                                                                                
               "Parallel Aware": false,                                                                                                                       
               "Startup Cost": 39048.91,                                                                                                                      
               "Total Cost": 39048.91,                                                                                                                        
               "Plan Rows": 1,                                                                                                                                
               "Plan Width": 88,                                                                                                                              
               "Actual Startup Time": 8367.416,                                                                                                               
               "Actual Total Time": 8367.416,                                                                                                                 
               "Actual Rows": 4,                                                                                                                              
               "Actual Loops": 1,                                                                                                                             
               "Sort Key": ["t2.kind_id"],                                                                                                                    
               "Sort Method": "quicksort",                                                                                                                    
               "Sort Space Used": 25,                                                                                                                         
               "Sort Space Type": "Memory",                                                                                                                   
               "Shared Hit Blocks": 66254,                                                                                                                    
               "Shared Read Blocks": 66385,                                                                                                                   
               "Shared Dirtied Blocks": 0,                                                                                                                    
               "Shared Written Blocks": 0,                                                                                                                    
               "Local Hit Blocks": 0,                                                                                                                         
               "Local Read Blocks": 0,                                                                                                                        
               "Local Dirtied Blocks": 0,                                                                                                                     
               "Local Written Blocks": 0,                                                                                                                     
               "Temp Read Blocks": 0,                                                                                                                         
               "Temp Written Blocks": 0,                                                                                                                      
               "Plans": [                                                                                                                                     
                 {                                                                                                                                            
                   "Node Type": "Merge Join",                                                                                                                 
                   "Parent Relationship": "Outer",                                                                                                            
                   "Parallel Aware": false,                                                                                                                   
                   "Join Type": "Inner",                                                                                                                      
                   "Startup Cost": 39048.91,                                                                                                                  
                   "Total Cost": 39048.91,                                                                                                                    
                   "Plan Rows": 1,                                                                                                                            
                   "Plan Width": 88,                                                                                                                          
                   "Actual Startup Time": 8344.613,                                                                                                           
                   "Actual Total Time": 8344.615,                                                                                                             
                   "Actual Rows": 4,                                                                                                                          
                   "Actual Loops": 1,                                                                                                                         
                   "Inner Unique": false,                                                                                                                     
                   "Merge Cond": "(kt1.id = t1.kind_id)",                                                                                                     
                   "Shared Hit Blocks": 66250,                                                                                                                
                   "Shared Read Blocks": 66385,                                                                                                               
                   "Shared Dirtied Blocks": 0,                                                                                                                
                   "Shared Written Blocks": 0,                                                                                                                
                   "Local Hit Blocks": 0,                                                                                                                     
                   "Local Read Blocks": 0,                                                                                                                    
                   "Local Dirtied Blocks": 0,                                                                                                                 
                   "Local Written Blocks": 0,                                                                                                                 
                   "Temp Read Blocks": 0,                                                                                                                     
                   "Temp Written Blocks": 0,                                                                                                                  
                   "Plans": [                                                                                                                                 
                     {                                                                                                                                        
                       "Node Type": "Sort",                                                                                                                   
                       "Parent Relationship": "Outer",                                                                                                        
                       "Parallel Aware": false,                                                                                                               
                       "Startup Cost": 0.03,                                                                                                                  
                       "Total Cost": 0.03,                                                                                                                    
                       "Plan Rows": 1,                                                                                                                        
                       "Plan Width": 4,                                                                                                                       
                       "Actual Startup Time": 0.072,                                                                                                          
                       "Actual Total Time": 0.072,                                                                                                            
                       "Actual Rows": 1,                                                                                                                      
                       "Actual Loops": 1,                                                                                                                     
                       "Sort Key": ["kt1.id"],                                                                                                                
                       "Sort Method": "quicksort",                                                                                                            
                       "Sort Space Used": 25,                                                                                                                 
                       "Sort Space Type": "Memory",                                                                                                           
                       "Shared Hit Blocks": 1,                                                                                                                
                       "Shared Read Blocks": 0,                                                                                                               
                       "Shared Dirtied Blocks": 0,                                                                                                            
                       "Shared Written Blocks": 0,                                                                                                            
                       "Local Hit Blocks": 0,                                                                                                                 
                       "Local Read Blocks": 0,                                                                                                                
                       "Local Dirtied Blocks": 0,                                                                                                             
                       "Local Written Blocks": 0,                                                                                                             
                       "Temp Read Blocks": 0,                                                                                                                 
                       "Temp Written Blocks": 0,                                                                                                              
                       "Plans": [                                                                                                                             
                         {                                                                                                                                    
                           "Node Type": "Seq Scan",                                                                                                           
                           "Parent Relationship": "Outer",                                                                                                    
                           "Parallel Aware": false,                                                                                                           
                           "Relation Name": "kind_type",                                                                                                      
                           "Alias": "kt1",                                                                                                                    
                           "Startup Cost": 0.00,                                                                                                              
                           "Total Cost": 0.03,                                                                                                                
                           "Plan Rows": 1,                                                                                                                    
                           "Plan Width": 4,                                                                                                                   
                           "Actual Startup Time": 0.049,                                                                                                      
                           "Actual Total Time": 0.053,                                                                                                        
                           "Actual Rows": 1,                                                                                                                  
                           "Actual Loops": 1,                                                                                                                 
                           "Filter": "((kind)::text = 'tv series'::text)",                                                                                    
                           "Rows Removed by Filter": 6,                                                                                                       
                           "Shared Hit Blocks": 1,                                                                                                            
                           "Shared Read Blocks": 0,                                                                                                           
                           "Shared Dirtied Blocks": 0,                                                                                                        
                           "Shared Written Blocks": 0,                                                                                                        
                           "Local Hit Blocks": 0,                                                                                                             
                           "Local Read Blocks": 0,                                                                                                            
                           "Local Dirtied Blocks": 0,                                                                                                         
                           "Local Written Blocks": 0,                                                                                                         
                           "Temp Read Blocks": 0,                                                                                                             
                           "Temp Written Blocks": 0                                                                                                           
                         }                                                                                                                                    
                       ]                                                                                                                                      
                     },                                                                                                                                       
                     {                                                                                                                                        
                       "Node Type": "Sort",                                                                                                                   
                       "Parent Relationship": "Inner",                                                                                                        
                       "Parallel Aware": false,                                                                                                               
                       "Startup Cost": 39048.87,                                                                                                              
                       "Total Cost": 39048.87,                                                                                                                
                       "Plan Rows": 1,                                                                                                                        
                       "Plan Width": 92,                                                                                                                      
                       "Actual Startup Time": 8344.535,                                                                                                       
                       "Actual Total Time": 8344.535,                                                                                                         
                       "Actual Rows": 4,                                                                                                                      
                       "Actual Loops": 1,                                                                                                                     
                       "Sort Key": ["t1.kind_id"],                                                                                                            
                       "Sort Method": "quicksort",                                                                                                            
                       "Sort Space Used": 25,                                                                                                                 
                       "Sort Space Type": "Memory",                                                                                                           
                       "Shared Hit Blocks": 66249,                                                                                                            
                       "Shared Read Blocks": 66385,                                                                                                           
                       "Shared Dirtied Blocks": 0,                                                                                                            
                       "Shared Written Blocks": 0,                                                                                                            
                       "Local Hit Blocks": 0,                                                                                                                 
                       "Local Read Blocks": 0,                                                                                                                
                       "Local Dirtied Blocks": 0,                                                                                                             
                       "Local Written Blocks": 0,                                                                                                             
                       "Temp Read Blocks": 0,                                                                                                                 
                       "Temp Written Blocks": 0,                                                                                                              
                       "Plans": [                                                                                                                             
                         {                                                                                                                                    
                           "Node Type": "Merge Join",                                                                                                         
                           "Parent Relationship": "Outer",                                                                                                    
                           "Parallel Aware": false,                                                                                                           
                           "Join Type": "Inner",                                                                                                              
                           "Startup Cost": 39019.96,                                                                                                          
                           "Total Cost": 39048.87,                                                                                                            
                           "Plan Rows": 1,                                                                                                                    
                           "Plan Width": 92,                                                                                                                  
                           "Actual Startup Time": 8344.508,                                                                                                   
                           "Actual Total Time": 8344.511,                                                                                                     
                           "Actual Rows": 4,                                                                                                                  
                           "Actual Loops": 1,                                                                                                                 
                           "Inner Unique": true,                                                                                                              
                           "Merge Cond": "(ml.movie_id = t1.id)",                                                                                             
                           "Shared Hit Blocks": 66249,                                                                                                        
                           "Shared Read Blocks": 66385,                                                                                                       
                           "Shared Dirtied Blocks": 0,                                                                                                        
                           "Shared Written Blocks": 0,                                                                                                        
                           "Local Hit Blocks": 0,                                                                                                             
                           "Local Read Blocks": 0,                                                                                                            
                           "Local Dirtied Blocks": 0,                                                                                                         
                           "Local Written Blocks": 0,                                                                                                         
                           "Temp Read Blocks": 0,                                                                                                             
                           "Temp Written Blocks": 0,                                                                                                          
                           "Plans": [                                                                                                                         
                             {                                                                                                                                
                               "Node Type": "Sort",                                                                                                           
                               "Parent Relationship": "Outer",                                                                                                
                               "Parallel Aware": false,                                                                                                       
                               "Startup Cost": 29365.61,                                                                                                      
                               "Total Cost": 29365.61,                                                                                                        
                               "Plan Rows": 1,                                                                                                                
                               "Plan Width": 83,                                                                                                              
                               "Actual Startup Time": 6790.964,                                                                                               
                               "Actual Total Time": 6790.965,                                                                                                 
                               "Actual Rows": 4,                                                                                                              
                               "Actual Loops": 1,                                                                                                             
                               "Sort Key": ["ml.movie_id"],                                                                                                   
                               "Sort Method": "quicksort",                                                                                                    
                               "Sort Space Used": 25,                                                                                                         
                               "Sort Space Type": "Memory",                                                                                                   
                               "Shared Hit Blocks": 30251,                                                                                                    
                               "Shared Read Blocks": 66385,                                                                                                   
                               "Shared Dirtied Blocks": 0,                                                                                                    
                               "Shared Written Blocks": 0,                                                                                                    
                               "Local Hit Blocks": 0,                                                                                                         
                               "Local Read Blocks": 0,                                                                                                        
                               "Local Dirtied Blocks": 0,                                                                                                     
                               "Local Written Blocks": 0,                                                                                                     
                               "Temp Read Blocks": 0,                                                                                                         
                               "Temp Written Blocks": 0,                                                                                                      
                               "Plans": [                                                                                                                     
                                 {                                                                                                                            
                                   "Node Type": "Merge Join",                                                                                                 
                                   "Parent Relationship": "Outer",                                                                                            
                                   "Parallel Aware": false,                                                                                                   
                                   "Join Type": "Inner",                                                                                                      
                                   "Startup Cost": 29365.25,                                                                                                  
                                   "Total Cost": 29365.61,                                                                                                    
                                   "Plan Rows": 1,                                                                                                            
                                   "Plan Width": 83,                                                                                                          
                                   "Actual Startup Time": 6790.730,                                                                                           
                                   "Actual Total Time": 6790.950,                                                                                             
                                   "Actual Rows": 4,                                                                                                          
                                   "Actual Loops": 1,                                                                                                         
                                   "Inner Unique": false,                                                                                                     
                                   "Merge Cond": "(cn1.id = mc1.company_id)",                                                                                 
                                   "Shared Hit Blocks": 30251,                                                                                                
                                   "Shared Read Blocks": 66385,                                                                                               
                                   "Shared Dirtied Blocks": 0,                                                                                                
                                   "Shared Written Blocks": 0,                                                                                                
                                   "Local Hit Blocks": 0,                                                                                                     
                                   "Local Read Blocks": 0,                                                                                                    
                                   "Local Dirtied Blocks": 0,                                                                                                 
                                   "Local Written Blocks": 0,                                                                                                 
                                   "Temp Read Blocks": 0,                                                                                                     
                                   "Temp Written Blocks": 0,                                                                                                  
                                   "Plans": [                                                                                                                 
                                     {                                                                                                                        
                                       "Node Type": "Sort",                                                                                                   
                                       "Parent Relationship": "Outer",                                                                                        
                                       "Parallel Aware": false,                                                                                               
                                       "Startup Cost": 132.47,                                                                                                
                                       "Total Cost": 132.65,                                                                                                  
                                       "Plan Rows": 2340,                                                                                                     
                                       "Plan Width": 23,                                                                                                      
                                       "Actual Startup Time": 165.836,                                                                                        
                                       "Actual Total Time": 165.929,                                                                                          
                                       "Actual Rows": 1204,                                                                                                   
                                       "Actual Loops": 1,                                                                                                     
                                       "Sort Key": ["cn1.id"],                                                                                                
                                       "Sort Method": "quicksort",                                                                                            
                                       "Sort Space Used": 261,                                                                                                
                                       "Sort Space Type": "Memory",                                                                                           
                                       "Shared Hit Blocks": 2,                                                                                                
                                       "Shared Read Blocks": 2992,                                                                                            
                                       "Shared Dirtied Blocks": 0,                                                                                            
                                       "Shared Written Blocks": 0,                                                                                            
                                       "Local Hit Blocks": 0,                                                                                                 
                                       "Local Read Blocks": 0,                                                                                                
                                       "Local Dirtied Blocks": 0,                                                                                             
                                       "Local Written Blocks": 0,                                                                                             
                                       "Temp Read Blocks": 0,                                                                                                 
                                       "Temp Written Blocks": 0,                                                                                              
                                       "Plans": [                                                                                                             
                                         {                                                                                                                    
                                           "Node Type": "Seq Scan",                                                                                           
                                           "Parent Relationship": "Outer",                                                                                    
                                           "Parallel Aware": false,                                                                                           
                                           "Relation Name": "company_name",                                                                                   
                                           "Alias": "cn1",                                                                                                    
                                           "Startup Cost": 0.00,                                                                                              
                                           "Total Cost": 128.41,                                                                                              
                                           "Plan Rows": 2340,                                                                                                 
                                           "Plan Width": 23,                                                                                                  
                                           "Actual Startup Time": 28.847,                                                                                     
                                           "Actual Total Time": 163.267,                                                                                      
                                           "Actual Rows": 2340,                                                                                               
                                           "Actual Loops": 1,                                                                                                 
                                           "Filter": "((country_code)::text = '[nl]'::text)",                                                                 
                                           "Rows Removed by Filter": 232657,                                                                                  
                                           "Shared Hit Blocks": 2,                                                                                            
                                           "Shared Read Blocks": 2992,                                                                                        
                                           "Shared Dirtied Blocks": 0,                                                                                        
                                           "Shared Written Blocks": 0,                                                                                        
                                           "Local Hit Blocks": 0,                                                                                             
                                           "Local Read Blocks": 0,                                                                                            
                                           "Local Dirtied Blocks": 0,                                                                                         
                                           "Local Written Blocks": 0,                                                                                         
                                           "Temp Read Blocks": 0,                                                                                             
                                           "Temp Written Blocks": 0                                                                                           
                                         }                                                                                                                    
                                       ]                                                                                                                      
                                     },                                                                                                                       
                                     {                                                                                                                        
                                       "Node Type": "Sort",                                                                                                   
                                       "Parent Relationship": "Inner",                                                                                        
                                       "Parallel Aware": false,                                                                                               
                                       "Startup Cost": 29232.77,                                                                                              
                                       "Total Cost": 29232.77,                                                                                                
                                       "Plan Rows": 5,                                                                                                        
                                       "Plan Width": 68,                                                                                                      
                                       "Actual Startup Time": 6624.875,                                                                                       
                                       "Actual Total Time": 6624.876,                                                                                         
                                       "Actual Rows": 14,                                                                                                     
                                       "Actual Loops": 1,                                                                                                     
                                       "Sort Key": ["mc1.company_id"],                                                                                        
                                       "Sort Method": "quicksort",                                                                                            
                                       "Sort Space Used": 26,                                                                                                 
                                       "Sort Space Type": "Memory",                                                                                           
                                       "Shared Hit Blocks": 30249,                                                                                            
                                       "Shared Read Blocks": 63393,                                                                                           
                                       "Shared Dirtied Blocks": 0,                                                                                            
                                       "Shared Written Blocks": 0,                                                                                            
                                       "Local Hit Blocks": 0,                                                                                                 
                                       "Local Read Blocks": 0,                                                                                                
                                       "Local Dirtied Blocks": 0,                                                                                             
                                       "Local Written Blocks": 0,                                                                                             
                                       "Temp Read Blocks": 0,                                                                                                 
                                       "Temp Written Blocks": 0,                                                                                              
                                       "Plans": [                                                                                                             
                                         {                                                                                                                    
                                           "Node Type": "Merge Join",                                                                                         
                                           "Parent Relationship": "Outer",                                                                                    
                                           "Parallel Aware": false,                                                                                           
                                           "Join Type": "Inner",                                                                                              
                                           "Startup Cost": 29217.26,                                                                                          
                                           "Total Cost": 29232.77,                                                                                            
                                           "Plan Rows": 5,                                                                                                    
                                           "Plan Width": 68,                                                                                                  
                                           "Actual Startup Time": 6622.012,                                                                                   
                                           "Actual Total Time": 6624.853,                                                                                     
                                           "Actual Rows": 14,                                                                                                 
                                           "Actual Loops": 1,                                                                                                 
                                           "Inner Unique": false,                                                                                             
                                           "Merge Cond": "(ml.movie_id = mc1.movie_id)",                                                                      
                                           "Shared Hit Blocks": 30249,                                                                                        
                                           "Shared Read Blocks": 63393,                                                                                       
                                           "Shared Dirtied Blocks": 0,                                                                                        
                                           "Shared Written Blocks": 0,                                                                                        
                                           "Local Hit Blocks": 0,                                                                                             
                                           "Local Read Blocks": 0,                                                                                            
                                           "Local Dirtied Blocks": 0,                                                                                         
                                           "Local Written Blocks": 0,                                                                                         
                                           "Temp Read Blocks": 0,                                                                                             
                                           "Temp Written Blocks": 0,                                                                                          
                                           "Plans": [                                                                                                         
                                             {                                                                                                                
                                               "Node Type": "Sort",                                                                                           
                                               "Parent Relationship": "Outer",                                                                                
                                               "Parallel Aware": false,                                                                                       
                                               "Startup Cost": 19811.80,                                                                                      
                                               "Total Cost": 19811.80,                                                                                        
                                               "Plan Rows": 1,                                                                                                
                                               "Plan Width": 60,                                                                                              
                                               "Actual Startup Time": 5344.732,                                                                               
                                               "Actual Total Time": 5344.733,                                                                                 
                                               "Actual Rows": 6,                                                                                              
                                               "Actual Loops": 1,                                                                                             
                                               "Sort Key": ["ml.movie_id"],                                                                                   
                                               "Sort Method": "quicksort",                                                                                    
                                               "Sort Space Used": 25,                                                                                         
                                               "Sort Space Type": "Memory",                                                                                   
                                               "Shared Hit Blocks": 11460,                                                                                    
                                               "Shared Read Blocks": 63393,                                                                                   
                                               "Shared Dirtied Blocks": 0,                                                                                    
                                               "Shared Written Blocks": 0,                                                                                    
                                               "Local Hit Blocks": 0,                                                                                         
                                               "Local Read Blocks": 0,                                                                                        
                                               "Local Dirtied Blocks": 0,                                                                                     
                                               "Local Written Blocks": 0,                                                                                     
                                               "Temp Read Blocks": 0,                                                                                         
                                               "Temp Written Blocks": 0,                                                                                      
                                               "Plans": [                                                                                                     
                                                 {                                                                                                            
                                                   "Node Type": "Merge Join",                                                                                 
                                                   "Parent Relationship": "Outer",                                                                            
                                                   "Parallel Aware": false,                                                                                   
                                                   "Join Type": "Inner",                                                                                      
                                                   "Startup Cost": 19811.80,                                                                                  
                                                   "Total Cost": 19811.80,                                                                                    
                                                   "Plan Rows": 1,                                                                                            
                                                   "Plan Width": 60,                                                                                          
                                                   "Actual Startup Time": 5344.719,                                                                           
                                                   "Actual Total Time": 5344.721,                                                                             
                                                   "Actual Rows": 6,                                                                                          
                                                   "Actual Loops": 1,                                                                                         
                                                   "Inner Unique": true,                                                                                      
                                                   "Merge Cond": "(mi_idx1.info_type_id = it1.id)",                                                           
                                                   "Shared Hit Blocks": 11460,                                                                                
                                                   "Shared Read Blocks": 63393,                                                                               
                                                   "Shared Dirtied Blocks": 0,                                                                                
                                                   "Shared Written Blocks": 0,                                                                                
                                                   "Local Hit Blocks": 0,                                                                                     
                                                   "Local Read Blocks": 0,                                                                                    
                                                   "Local Dirtied Blocks": 0,                                                                                 
                                                   "Local Written Blocks": 0,                                                                                 
                                                   "Temp Read Blocks": 0,                                                                                     
                                                   "Temp Written Blocks": 0,                                                                                  
                                                   "Plans": [                                                                                                 
                                                     {                                                                                                        
                                                       "Node Type": "Sort",                                                                                   
                                                       "Parent Relationship": "Outer",                                                                        
                                                       "Parallel Aware": false,                                                                               
                                                       "Startup Cost": 19811.76,                                                                              
                                                       "Total Cost": 19811.76,                                                                                
                                                       "Plan Rows": 1,                                                                                        
                                                       "Plan Width": 64,                                                                                      
                                                       "Actual Startup Time": 5344.680,                                                                       
                                                       "Actual Total Time": 5344.682,                                                                         
                                                       "Actual Rows": 18,                                                                                     
                                                       "Actual Loops": 1,                                                                                     
                                                       "Sort Key": ["mi_idx1.info_type_id"],                                                                  
                                                       "Sort Method": "quicksort",                                                                            
                                                       "Sort Space Used": 27,                                                                                 
                                                       "Sort Space Type": "Memory",                                                                           
                                                       "Shared Hit Blocks": 11459,                                                                            
                                                       "Shared Read Blocks": 63393,                                                                           
                                                       "Shared Dirtied Blocks": 0,                                                                            
                                                       "Shared Written Blocks": 0,                                                                            
                                                       "Local Hit Blocks": 0,                                                                                 
                                                       "Local Read Blocks": 0,                                                                                
                                                       "Local Dirtied Blocks": 0,                                                                             
                                                       "Local Written Blocks": 0,                                                                             
                                                       "Temp Read Blocks": 0,                                                                                 
                                                       "Temp Written Blocks": 0,                                                                              
                                                       "Plans": [                                                                                             
                                                         {                                                                                                    
                                                           "Node Type": "Merge Join",                                                                         
                                                           "Parent Relationship": "Outer",                                                                    
                                                           "Parallel Aware": false,                                                                           
                                                           "Join Type": "Inner",                                                                              
                                                           "Startup Cost": 19775.26,                                                                          
                                                           "Total Cost": 19811.76,                                                                            
                                                           "Plan Rows": 1,                                                                                    
                                                           "Plan Width": 64,                                                                                  
                                                           "Actual Startup Time": 5327.123,                                                                   
                                                           "Actual Total Time": 5344.655,                                                                     
                                                           "Actual Rows": 18,                                                                                 
                                                           "Actual Loops": 1,                                                                                 
                                                           "Inner Unique": true,                                                                              
                                                           "Merge Cond": "(mc2.company_id = cn2.id)",                                                         
                                                           "Shared Hit Blocks": 11459,                                                                        
                                                           "Shared Read Blocks": 63393,                                                                       
                                                           "Shared Dirtied Blocks": 0,                                                                        
                                                           "Shared Written Blocks": 0,                                                                        
                                                           "Local Hit Blocks": 0,                                                                             
                                                           "Local Read Blocks": 0,                                                                            
                                                           "Local Dirtied Blocks": 0,                                                                         
                                                           "Local Written Blocks": 0,                                                                         
                                                           "Temp Read Blocks": 0,                                                                             
                                                           "Temp Written Blocks": 0,                                                                          
                                                           "Plans": [                                                                                         
                                                             {                                                                                                
                                                               "Node Type": "Sort",                                                                           
                                                               "Parent Relationship": "Outer",                                                                
                                                               "Parallel Aware": false,                                                                       
                                                               "Startup Cost": 19014.04,                                                                      
                                                               "Total Cost": 19014.04,                                                                        
                                                               "Plan Rows": 1,                                                                                
                                                               "Plan Width": 49,                                                                              
                                                               "Actual Startup Time": 5195.929,                                                               
                                                               "Actual Total Time": 5195.932,                                                                 
                                                               "Actual Rows": 18,                                                                             
                                                               "Actual Loops": 1,                                                                             
                                                               "Sort Key": ["mc2.company_id"],                                                                
                                                               "Sort Method": "quicksort",                                                                    
                                                               "Sort Space Used": 27,                                                                         
                                                               "Sort Space Type": "Memory",                                                                   
                                                               "Shared Hit Blocks": 8465,                                                                     
                                                               "Shared Read Blocks": 63393,                                                                   
                                                               "Shared Dirtied Blocks": 0,                                                                    
                                                               "Shared Written Blocks": 0,                                                                    
                                                               "Local Hit Blocks": 0,                                                                         
                                                               "Local Read Blocks": 0,                                                                        
                                                               "Local Dirtied Blocks": 0,                                                                     
                                                               "Local Written Blocks": 0,                                                                     
                                                               "Temp Read Blocks": 0,                                                                         
                                                               "Temp Written Blocks": 0,                                                                      
                                                               "Plans": [                                                                                     
                                                                 {                                                                                            
                                                                   "Node Type": "Merge Join",                                                                 
                                                                   "Parent Relationship": "Outer",                                                            
                                                                   "Parallel Aware": false,                                                                   
                                                                   "Join Type": "Inner",                                                                      
                                                                   "Startup Cost": 19014.03,                                                                  
                                                                   "Total Cost": 19014.04,                                                                    
                                                                   "Plan Rows": 1,                                                                            
                                                                   "Plan Width": 49,                                                                          
                                                                   "Actual Startup Time": 5195.898,                                                           
                                                                   "Actual Total Time": 5195.904,                                                             
                                                                   "Actual Rows": 18,                                                                         
                                                                   "Actual Loops": 1,                                                                         
                                                                   "Inner Unique": true,                                                                      
                                                                   "Merge Cond": "(mi_idx2.info_type_id = it2.id)",                                           
                                                                   "Shared Hit Blocks": 8465,                                                                 
                                                                   "Shared Read Blocks": 63393,                                                               
                                                                   "Shared Dirtied Blocks": 0,                                                                
                                                                   "Shared Written Blocks": 0,                                                                
                                                                   "Local Hit Blocks": 0,                                                                     
                                                                   "Local Read Blocks": 0,                                                                    
                                                                   "Local Dirtied Blocks": 0,                                                                 
                                                                   "Local Written Blocks": 0,                                                                 
                                                                   "Temp Read Blocks": 0,                                                                     
                                                                   "Temp Written Blocks": 0,                                                                  
                                                                   "Plans": [                                                                                 
                                                                     {                                                                                        
                                                                       "Node Type": "Sort",                                                                   
                                                                       "Parent Relationship": "Outer",                                                        
                                                                       "Parallel Aware": false,                                                               
                                                                       "Startup Cost": 19013.98,                                                              
                                                                       "Total Cost": 19013.98,                                                                
                                                                       "Plan Rows": 65,                                                                       
                                                                       "Plan Width": 53,                                                                      
                                                                       "Actual Startup Time": 5195.762,                                                       
                                                                       "Actual Total Time": 5195.790,                                                         
                                                                       "Actual Rows": 519,                                                                    
                                                                       "Actual Loops": 1,                                                                     
                                                                       "Sort Key": ["mi_idx2.info_type_id"],                                                  
                                                                       "Sort Method": "quicksort",                                                            
                                                                       "Sort Space Used": 96,                                                                 
                                                                       "Sort Space Type": "Memory",                                                           
                                                                       "Shared Hit Blocks": 8464,                                                             
                                                                       "Shared Read Blocks": 63393,                                                           
                                                                       "Shared Dirtied Blocks": 0,                                                            
                                                                       "Shared Written Blocks": 0,                                                            
                                                                       "Local Hit Blocks": 0,                                                                 
                                                                       "Local Read Blocks": 0,                                                                
                                                                       "Local Dirtied Blocks": 0,                                                             
                                                                       "Local Written Blocks": 0,                                                             
                                                                       "Temp Read Blocks": 0,                                                                 
                                                                       "Temp Written Blocks": 0,                                                              
                                                                       "Plans": [                                                                             
                                                                         {                                                                                    
                                                                           "Node Type": "Merge Join",                                                         
                                                                           "Parent Relationship": "Outer",                                                    
                                                                           "Parallel Aware": false,                                                           
                                                                           "Join Type": "Inner",                                                              
                                                                           "Startup Cost": 18608.76,                                                          
                                                                           "Total Cost": 19013.92,                                                            
                                                                           "Plan Rows": 65,                                                                   
                                                                           "Plan Width": 53,                                                                  
                                                                           "Actual Startup Time": 4848.902,                                                   
                                                                           "Actual Total Time": 5195.537,                                                     
                                                                           "Actual Rows": 519,                                                                
                                                                           "Actual Loops": 1,                                                                 
                                                                           "Inner Unique": false,                                                             
                                                                           "Merge Cond": "(t2.id = mc2.movie_id)",                                            
                                                                           "Shared Hit Blocks": 8464,                                                         
                                                                           "Shared Read Blocks": 63393,                                                       
                                                                           "Shared Dirtied Blocks": 0,                                                        
                                                                           "Shared Written Blocks": 0,                                                        
                                                                           "Local Hit Blocks": 0,                                                             
                                                                           "Local Read Blocks": 0,                                                            
                                                                           "Local Dirtied Blocks": 0,                                                         
                                                                           "Local Written Blocks": 0,                                                         
                                                                           "Temp Read Blocks": 0,                                                             
                                                                           "Temp Written Blocks": 0,                                                          
                                                                           "Plans": [                                                                         
                                                                             {                                                                                
                                                                               "Node Type": "Sort",                                                           
                                                                               "Parent Relationship": "Outer",                                                
                                                                               "Parallel Aware": false,                                                       
                                                                               "Startup Cost": 9203.30,                                                       
                                                                               "Total Cost": 9203.31,                                                         
                                                                               "Plan Rows": 63,                                                               
                                                                               "Plan Width": 61,                                                              
                                                                               "Actual Startup Time": 3368.858,                                               
                                                                               "Actual Total Time": 3368.872,                                                 
                                                                               "Actual Rows": 123,                                                            
                                                                               "Actual Loops": 1,                                                             
                                                                               "Sort Key": ["ml.linked_movie_id"],                                            
                                                                               "Sort Method": "quicksort",                                                    
                                                                               "Sort Space Used": 42,                                                         
                                                                               "Sort Space Type": "Memory",                                                   
                                                                               "Shared Hit Blocks": 8461,                                                     
                                                                               "Shared Read Blocks": 44607,                                                   
                                                                               "Shared Dirtied Blocks": 0,                                                    
                                                                               "Shared Written Blocks": 0,                                                    
                                                                               "Local Hit Blocks": 0,                                                         
                                                                               "Local Read Blocks": 0,                                                        
                                                                               "Local Dirtied Blocks": 0,                                                     
                                                                               "Local Written Blocks": 0,                                                     
                                                                               "Temp Read Blocks": 0,                                                         
                                                                               "Temp Written Blocks": 0,                                                      
                                                                               "Plans": [                                                                     
                                                                                 {                                                                            
                                                                                   "Node Type": "Merge Join",                                                 
                                                                                   "Parent Relationship": "Outer",                                            
                                                                                   "Parallel Aware": false,                                                   
                                                                                   "Join Type": "Inner",                                                      
                                                                                   "Startup Cost": 9193.32,                                                   
                                                                                   "Total Cost": 9203.24,                                                     
                                                                                   "Plan Rows": 63,                                                           
                                                                                   "Plan Width": 61,                                                          
                                                                                   "Actual Startup Time": 3358.246,                                           
                                                                                   "Actual Total Time": 3368.782,                                             
                                                                                   "Actual Rows": 123,                                                        
                                                                                   "Actual Loops": 1,                                                         
                                                                                   "Inner Unique": false,                                                     
                                                                                   "Merge Cond": "(ml.movie_id = mi_idx1.movie_id)",                          
                                                                                   "Shared Hit Blocks": 8461,                                                 
                                                                                   "Shared Read Blocks": 44607,                                               
                                                                                   "Shared Dirtied Blocks": 0,                                                
                                                                                   "Shared Written Blocks": 0,                                                
                                                                                   "Local Hit Blocks": 0,                                                     
                                                                                   "Local Read Blocks": 0,                                                    
                                                                                   "Local Dirtied Blocks": 0,                                                 
                                                                                   "Local Written Blocks": 0,                                                 
                                                                                   "Temp Read Blocks": 0,                                                     
                                                                                   "Temp Written Blocks": 0,                                                  
                                                                                   "Plans": [                                                                 
                                                                                     {                                                                        
                                                                                       "Node Type": "Sort",                                                   
                                                                                       "Parent Relationship": "Outer",                                        
                                                                                       "Parallel Aware": false,                                               
                                                                                       "Startup Cost": 4462.01,                                               
                                                                                       "Total Cost": 4462.02,                                                 
                                                                                       "Plan Rows": 21,                                                       
                                                                                       "Plan Width": 47,                                                      
                                                                                       "Actual Startup Time": 2662.521,                                       
                                                                                       "Actual Total Time": 2662.527,                                         
                                                                                       "Actual Rows": 50,                                                     
                                                                                       "Actual Loops": 1,                                                     
                                                                                       "Sort Key": ["ml.movie_id"],                                           
                                                                                       "Sort Method": "quicksort",                                            
                                                                                       "Sort Space Used": 31,                                                 
                                                                                       "Sort Space Type": "Memory",                                           
                                                                                       "Shared Hit Blocks": 8,                                                
                                                                                       "Shared Read Blocks": 44607,                                           
                                                                                       "Shared Dirtied Blocks": 0,                                            
                                                                                       "Shared Written Blocks": 0,                                            
                                                                                       "Local Hit Blocks": 0,                                                 
                                                                                       "Local Read Blocks": 0,                                                
                                                                                       "Local Dirtied Blocks": 0,                                             
                                                                                       "Local Written Blocks": 0,                                             
                                                                                       "Temp Read Blocks": 0,                                                 
                                                                                       "Temp Written Blocks": 0,                                              
                                                                                       "Plans": [                                                             
                                                                                         {                                                                    
                                                                                           "Node Type": "Merge Join",                                         
                                                                                           "Parent Relationship": "Outer",                                    
                                                                                           "Parallel Aware": false,                                           
                                                                                           "Join Type": "Inner",                                              
                                                                                           "Startup Cost": 4340.97,                                           
                                                                                           "Total Cost": 4462.00,                                             
                                                                                           "Plan Rows": 21,                                                   
                                                                                           "Plan Width": 47,                                                  
                                                                                           "Actual Startup Time": 2539.974,                                   
                                                                                           "Actual Total Time": 2662.480,                                     
                                                                                           "Actual Rows": 50,                                                 
                                                                                           "Actual Loops": 1,                                                 
                                                                                           "Inner Unique": false,                                             
                                                                                           "Merge Cond": "(t2.id = mi_idx2.movie_id)",                        
                                                                                           "Shared Hit Blocks": 8,                                            
                                                                                           "Shared Read Blocks": 44607,                                       
                                                                                           "Shared Dirtied Blocks": 0,                                        
                                                                                           "Shared Written Blocks": 0,                                        
                                                                                           "Local Hit Blocks": 0,                                             
                                                                                           "Local Read Blocks": 0,                                            
                                                                                           "Local Dirtied Blocks": 0,                                         
                                                                                           "Local Written Blocks": 0,                                         
                                                                                           "Temp Read Blocks": 0,                                             
                                                                                           "Temp Written Blocks": 0,                                          
                                                                                           "Plans": [                                                         
                                                                                             {                                                                
                                                                                               "Node Type": "Merge Join",                                     
                                                                                               "Parent Relationship": "Outer",                                
                                                                                               "Parallel Aware": false,                                       
                                                                                               "Join Type": "Inner",                                          
                                                                                               "Startup Cost": 1897.46,                                       
                                                                                               "Total Cost": 1916.26,                                         
                                                                                               "Plan Rows": 79,                                               
                                                                                               "Plan Width": 33,                                              
                                                                                               "Actual Startup Time": 1800.721,                               
                                                                                               "Actual Total Time": 1830.127,                                 
                                                                                               "Actual Rows": 37,                                             
                                                                                               "Actual Loops": 1,                                             
                                                                                               "Inner Unique": true,                                          
                                                                                               "Merge Cond": "(ml.linked_movie_id = t2.id)",                  
                                                                                               "Shared Hit Blocks": 6,                                        
                                                                                               "Shared Read Blocks": 36156,                                   
                                                                                               "Shared Dirtied Blocks": 0,                                    
                                                                                               "Shared Written Blocks": 0,                                    
                                                                                               "Local Hit Blocks": 0,                                         
                                                                                               "Local Read Blocks": 0,                                        
                                                                                               "Local Dirtied Blocks": 0,                                     
                                                                                               "Local Written Blocks": 0,                                     
                                                                                               "Temp Read Blocks": 0,                                         
                                                                                               "Temp Written Blocks": 0,                                      
                                                                                               "Plans": [                                                     
                                                                                                 {                                                            
                                                                                                   "Node Type": "Sort",                                       
                                                                                                   "Parent Relationship": "Outer",                            
                                                                                                   "Parallel Aware": false,                                   
                                                                                                   "Startup Cost": 84.04,                                     
                                                                                                   "Total Cost": 84.17,                                       
                                                                                                   "Plan Rows": 1666,                                         
                                                                                                   "Plan Width": 8,                                           
                                                                                                   "Actual Startup Time": 46.152,                             
                                                                                                   "Actual Total Time": 46.418,                               
                                                                                                   "Actual Rows": 2315,                                       
                                                                                                   "Actual Loops": 1,                                         
                                                                                                   "Sort Key": ["ml.linked_movie_id"],                        
                                                                                                   "Sort Method": "quicksort",                                
                                                                                                   "Sort Space Used": 205,                                    
                                                                                                   "Sort Space Type": "Memory",                               
                                                                                                   "Shared Hit Blocks": 5,                                    
                                                                                                   "Shared Read Blocks": 159,                                 
                                                                                                   "Shared Dirtied Blocks": 0,                                
                                                                                                   "Shared Written Blocks": 0,                                
                                                                                                   "Local Hit Blocks": 0,                                     
                                                                                                   "Local Read Blocks": 0,                                    
                                                                                                   "Local Dirtied Blocks": 0,                                 
                                                                                                   "Local Written Blocks": 0,                                 
                                                                                                   "Temp Read Blocks": 0,                                     
                                                                                                   "Temp Written Blocks": 0,                                  
                                                                                                   "Plans": [                                                 
                                                                                                     {                                                        
                                                                                                       "Node Type": "Merge Join",                             
                                                                                                       "Parent Relationship": "Outer",                        
                                                                                                       "Parallel Aware": false,                               
                                                                                                       "Join Type": "Inner",                                  
                                                                                                       "Startup Cost": 76.50,                                 
                                                                                                       "Total Cost": 81.27,                                   
                                                                                                       "Plan Rows": 1666,                                     
                                                                                                       "Plan Width": 8,                                       
                                                                                                       "Actual Startup Time": 44.556,                         
                                                                                                       "Actual Total Time": 45.333,                           
                                                                                                       "Actual Rows": 2315,                                   
                                                                                                       "Actual Loops": 1,                                     
                                                                                                       "Inner Unique": false,                                 
                                                                                                       "Merge Cond": "(lt.id = ml.link_type_id)",             
                                                                                                       "Shared Hit Blocks": 5,                                
                                                                                                       "Shared Read Blocks": 159,                             
                                                                                                       "Shared Dirtied Blocks": 0,                            
                                                                                                       "Shared Written Blocks": 0,                            
                                                                                                       "Local Hit Blocks": 0,                                 
                                                                                                       "Local Read Blocks": 0,                                
                                                                                                       "Local Dirtied Blocks": 0,                             
                                                                                                       "Local Written Blocks": 0,                             
                                                                                                       "Temp Read Blocks": 0,                                 
                                                                                                       "Temp Written Blocks": 0,                              
                                                                                                       "Plans": [                                             
                                                                                                         {                                                    
                                                                                                           "Node Type": "Sort",                               
                                                                                                           "Parent Relationship": "Outer",                    
                                                                                                           "Parallel Aware": false,                           
                                                                                                           "Startup Cost": 0.03,                              
                                                                                                           "Total Cost": 0.03,                                
                                                                                                           "Plan Rows": 1,                                    
                                                                                                           "Plan Width": 4,                                   
                                                                                                           "Actual Startup Time": 0.047,                      
                                                                                                           "Actual Total Time": 0.048,                        
                                                                                                           "Actual Rows": 2,                                  
                                                                                                           "Actual Loops": 1,                                 
                                                                                                           "Sort Key": ["lt.id"],                             
                                                                                                           "Sort Method": "quicksort",                        
                                                                                                           "Sort Space Used": 25,                             
                                                                                                           "Sort Space Type": "Memory",                       
                                                                                                           "Shared Hit Blocks": 1,                            
                                                                                                           "Shared Read Blocks": 0,                           
                                                                                                           "Shared Dirtied Blocks": 0,                        
                                                                                                           "Shared Written Blocks": 0,                        
                                                                                                           "Local Hit Blocks": 0,                             
                                                                                                           "Local Read Blocks": 0,                            
                                                                                                           "Local Dirtied Blocks": 0,                         
                                                                                                           "Local Written Blocks": 0,                         
                                                                                                           "Temp Read Blocks": 0,                             
                                                                                                           "Temp Written Blocks": 0,                          
                                                                                                           "Plans": [                                         
                                                                                                             {                                                
                                                                                                               "Node Type": "Seq Scan",                       
                                                                                                               "Parent Relationship": "Outer",                
                                                                                                               "Parallel Aware": false,                       
                                                                                                               "Relation Name": "link_type",                  
                                                                                                               "Alias": "lt",                                 
                                                                                                               "Startup Cost": 0.00,                          
                                                                                                               "Total Cost": 0.03,                            
                                                                                                               "Plan Rows": 1,                                
                                                                                                               "Plan Width": 4,                               
                                                                                                               "Actual Startup Time": 0.019,                  
                                                                                                               "Actual Total Time": 0.031,                    
                                                                                                               "Actual Rows": 2,                              
                                                                                                               "Actual Loops": 1,                             
                                                                                                               "Filter": "((link)::text ~~ '%follow%'::text)",
                                                                                                               "Rows Removed by Filter": 16,                  
                                                                                                               "Shared Hit Blocks": 1,                        
                                                                                                               "Shared Read Blocks": 0,                       
                                                                                                               "Shared Dirtied Blocks": 0,                    
                                                                                                               "Shared Written Blocks": 0,                    
                                                                                                               "Local Hit Blocks": 0,                         
                                                                                                               "Local Read Blocks": 0,                        
                                                                                                               "Local Dirtied Blocks": 0,                     
                                                                                                               "Local Written Blocks": 0,                     
                                                                                                               "Temp Read Blocks": 0,                         
                                                                                                               "Temp Written Blocks": 0                       
                                                                                                             }                                                
                                                                                                           ]                                                  
                                                                                                         },                                                   
                                                                                                         {                                                    
                                                                                                           "Node Type": "Sort",                               
                                                                                                           "Parent Relationship": "Inner",                    
                                                                                                           "Parallel Aware": false,                           
                                                                                                           "Startup Cost": 76.46,                             
                                                                                                           "Total Cost": 78.79,                               
                                                                                                           "Plan Rows": 29997,                                
                                                                                                           "Plan Width": 12,                                  
                                                                                                           "Actual Startup Time": 44.501,                     
                                                                                                           "Actual Total Time": 44.681,                       
                                                                                                           "Actual Rows": 2316,                               
                                                                                                           "Actual Loops": 1,                                 
                                                                                                           "Sort Key": ["ml.link_type_id"],                   
                                                                                                           "Sort Method": "quicksort",                        
                                                                                                           "Sort Space Used": 2175,                           
                                                                                                           "Sort Space Type": "Memory",                       
                                                                                                           "Shared Hit Blocks": 4,                            
                                                                                                           "Shared Read Blocks": 159,                         
                                                                                                           "Shared Dirtied Blocks": 0,                        
                                                                                                           "Shared Written Blocks": 0,                        
                                                                                                           "Local Hit Blocks": 0,                             
                                                                                                           "Local Read Blocks": 0,                            
                                                                                                           "Local Dirtied Blocks": 0,                         
                                                                                                           "Local Written Blocks": 0,                         
                                                                                                           "Temp Read Blocks": 0,                             
                                                                                                           "Temp Written Blocks": 0,                          
                                                                                                           "Plans": [                                         
                                                                                                             {                                                
                                                                                                               "Node Type": "Seq Scan",                       
                                                                                                               "Parent Relationship": "Outer",                
                                                                                                               "Parallel Aware": false,                       
                                                                                                               "Relation Name": "movie_link",                 
                                                                                                               "Alias": "ml",                                 
                                                                                                               "Startup Cost": 0.00,                          
                                                                                                               "Total Cost": 7.19,                            
                                                                                                               "Plan Rows": 29997,                            
                                                                                                               "Plan Width": 12,                              
                                                                                                               "Actual Startup Time": 0.014,                  
                                                                                                               "Actual Total Time": 34.569,                   
                                                                                                               "Actual Rows": 29997,                          
                                                                                                               "Actual Loops": 1,                             
                                                                                                               "Shared Hit Blocks": 4,                        
                                                                                                               "Shared Read Blocks": 159,                     
                                                                                                               "Shared Dirtied Blocks": 0,                    
                                                                                                               "Shared Written Blocks": 0,                    
                                                                                                               "Local Hit Blocks": 0,                         
                                                                                                               "Local Read Blocks": 0,                        
                                                                                                               "Local Dirtied Blocks": 0,                     
                                                                                                               "Local Written Blocks": 0,                     
                                                                                                               "Temp Read Blocks": 0,                         
                                                                                                               "Temp Written Blocks": 0                       
                                                                                                             }                                                
                                                                                                           ]                                                  
                                                                                                         }                                                    
                                                                                                       ]                                                      
                                                                                                     }                                                        
                                                                                                   ]                                                          
                                                                                                 },                                                           
                                                                                                 {                                                            
                                                                                                   "Node Type": "Sort",                                       
                                                                                                   "Parent Relationship": "Inner",                            
                                                                                                   "Parallel Aware": false,                                   
                                                                                                   "Startup Cost": 1813.42,                                   
                                                                                                   "Total Cost": 1822.70,                                     
                                                                                                   "Plan Rows": 119565,                                       
                                                                                                   "Plan Width": 25,                                          
                                                                                                   "Actual Startup Time": 1754.474,                           
                                                                                                   "Actual Total Time": 1767.294,                             
                                                                                                   "Actual Rows": 118939,                                     
                                                                                                   "Actual Loops": 1,                                         
                                                                                                   "Sort Key": ["t2.id"],                                     
                                                                                                   "Sort Method": "quicksort",                                
                                                                                                   "Sort Space Used": 12024,                                  
                                                                                                   "Sort Space Type": "Memory",                               
                                                                                                   "Shared Hit Blocks": 1,                                    
                                                                                                   "Shared Read Blocks": 35997,                               
                                                                                                   "Shared Dirtied Blocks": 0,                                
                                                                                                   "Shared Written Blocks": 0,                                
                                                                                                   "Local Hit Blocks": 0,                                     
                                                                                                   "Local Read Blocks": 0,                                    
                                                                                                   "Local Dirtied Blocks": 0,                                 
                                                                                                   "Local Written Blocks": 0,                                 
                                                                                                   "Temp Read Blocks": 0,                                     
                                                                                                   "Temp Written Blocks": 0,                                  
                                                                                                   "Plans": [                                                 
                                                                                                     {                                                        
                                                                                                       "Node Type": "Seq Scan",                               
                                                                                                       "Parent Relationship": "Outer",                        
                                                                                                       "Parallel Aware": false,                               
                                                                                                       "Relation Name": "title",                              
                                                                                                       "Alias": "t2",                                         
                                                                                                       "Startup Cost": 0.00,                                  
                                                                                                       "Total Cost": 1500.26,                                 
                                                                                                       "Plan Rows": 119565,                                   
                                                                                                       "Plan Width": 25,                                      
                                                                                                       "Actual Startup Time": 25.467,                         
                                                                                                       "Actual Total Time": 1664.520,                         
                                                                                                       "Actual Rows": 119565,                                 
                                                                                                       "Actual Loops": 1,                                     
                                                                                                       "Filter": "(production_year = 2007)",                  
                                                                                                       "Rows Removed by Filter": 2408747,                     
                                                                                                       "Shared Hit Blocks": 1,                                
                                                                                                       "Shared Read Blocks": 35997,                           
                                                                                                       "Shared Dirtied Blocks": 0,                            
                                                                                                       "Shared Written Blocks": 0,                            
                                                                                                       "Local Hit Blocks": 0,                                 
                                                                                                       "Local Read Blocks": 0,                                
                                                                                                       "Local Dirtied Blocks": 0,                             
                                                                                                       "Local Written Blocks": 0,                             
                                                                                                       "Temp Read Blocks": 0,                                 
                                                                                                       "Temp Written Blocks": 0                               
                                                                                                     }                                                        
                                                                                                   ]                                                          
                                                                                                 }                                                            
                                                                                               ]                                                              
                                                                                             },                                                               
                                                                                             {                                                                
                                                                                               "Node Type": "Sort",                                           
                                                                                               "Parent Relationship": "Inner",                                
                                                                                               "Parallel Aware": false,                                       
                                                                                               "Startup Cost": 2443.51,                                       
                                                                                               "Total Cost": 2494.62,                                         
                                                                                               "Plan Rows": 658313,                                           
                                                                                               "Plan Width": 14,                                              
                                                                                               "Actual Startup Time": 738.803,                                
                                                                                               "Actual Total Time": 766.576,                                  
                                                                                               "Actual Rows": 604505,                                         
                                                                                               "Actual Loops": 1,                                             
                                                                                               "Sort Key": ["mi_idx2.movie_id"],                              
                                                                                               "Sort Method": "quicksort",                                    
                                                                                               "Sort Space Used": 68481,                                      
                                                                                               "Sort Space Type": "Memory",                                   
                                                                                               "Shared Hit Blocks": 2,                                        
                                                                                               "Shared Read Blocks": 8451,                                    
                                                                                               "Shared Dirtied Blocks": 0,                                    
                                                                                               "Shared Written Blocks": 0,                                    
                                                                                               "Local Hit Blocks": 0,                                         
                                                                                               "Local Read Blocks": 0,                                        
                                                                                               "Local Dirtied Blocks": 0,                                     
                                                                                               "Local Written Blocks": 0,                                     
                                                                                               "Temp Read Blocks": 0,                                         
                                                                                               "Temp Written Blocks": 0,                                      
                                                                                               "Plans": [                                                     
                                                                                                 {                                                            
                                                                                                   "Node Type": "Seq Scan",                                   
                                                                                                   "Parent Relationship": "Outer",                            
                                                                                                   "Parallel Aware": false,                                   
                                                                                                   "Relation Name": "movie_info_idx",                         
                                                                                                   "Alias": "mi_idx2",                                        
                                                                                                   "Startup Cost": 0.00,                                      
                                                                                                   "Total Cost": 467.71,                                      
                                                                                                   "Plan Rows": 658313,                                       
                                                                                                   "Plan Width": 14,                                          
                                                                                                   "Actual Startup Time": 0.010,                              
                                                                                                   "Actual Total Time": 448.919,                              
                                                                                                   "Actual Rows": 658295,                                     
                                                                                                   "Actual Loops": 1,                                         
                                                                                                   "Filter": "(info < '3.0'::text)",                          
                                                                                                   "Rows Removed by Filter": 721740,                          
                                                                                                   "Shared Hit Blocks": 2,                                    
                                                                                                   "Shared Read Blocks": 8451,                                
                                                                                                   "Shared Dirtied Blocks": 0,                                
                                                                                                   "Shared Written Blocks": 0,                                
                                                                                                   "Local Hit Blocks": 0,                                     
                                                                                                   "Local Read Blocks": 0,                                    
                                                                                                   "Local Dirtied Blocks": 0,                                 
                                                                                                   "Local Written Blocks": 0,                                 
                                                                                                   "Temp Read Blocks": 0,                                     
                                                                                                   "Temp Written Blocks": 0                                   
                                                                                                 }                                                            
                                                                                               ]                                                              
                                                                                             }                                                                
                                                                                           ]                                                                  
                                                                                         }                                                                    
                                                                                       ]                                                                      
                                                                                     },                                                                       
                                                                                     {                                                                        
                                                                                       "Node Type": "Sort",                                                   
                                                                                       "Parent Relationship": "Inner",                                        
                                                                                       "Parallel Aware": false,                                               
                                                                                       "Startup Cost": 4731.30,                                               
                                                                                       "Total Cost": 4838.45,                                                 
                                                                                       "Plan Rows": 1380035,                                                  
                                                                                       "Plan Width": 14,                                                      
                                                                                       "Actual Startup Time": 695.696,                                        
                                                                                       "Actual Total Time": 698.869,                                          
                                                                                       "Actual Rows": 63958,                                                  
                                                                                       "Actual Loops": 1,                                                     
                                                                                       "Sort Key": ["mi_idx1.movie_id"],                                      
                                                                                       "Sort Method": "quicksort",                                            
                                                                                       "Sort Space Used": 128214,                                             
                                                                                       "Sort Space Type": "Memory",                                           
                                                                                       "Shared Hit Blocks": 8453,                                             
                                                                                       "Shared Read Blocks": 0,                                               
                                                                                       "Shared Dirtied Blocks": 0,                                            
                                                                                       "Shared Written Blocks": 0,                                            
                                                                                       "Local Hit Blocks": 0,                                                 
                                                                                       "Local Read Blocks": 0,                                                
                                                                                       "Local Dirtied Blocks": 0,                                             
                                                                                       "Local Written Blocks": 0,                                             
                                                                                       "Temp Read Blocks": 0,                                                 
                                                                                       "Temp Written Blocks": 0,                                              
                                                                                       "Plans": [                                                             
                                                                                         {                                                                    
                                                                                           "Node Type": "Seq Scan",                                           
                                                                                           "Parent Relationship": "Outer",                                    
                                                                                           "Parallel Aware": false,                                           
                                                                                           "Relation Name": "movie_info_idx",                                 
                                                                                           "Alias": "mi_idx1",                                                
                                                                                           "Startup Cost": 0.00,                                              
                                                                                           "Total Cost": 360.56,                                              
                                                                                           "Plan Rows": 1380035,                                              
                                                                                           "Plan Width": 14,                                                  
                                                                                           "Actual Startup Time": 0.014,                                      
                                                                                           "Actual Total Time": 204.678,                                      
                                                                                           "Actual Rows": 1380035,                                            
                                                                                           "Actual Loops": 1,                                                 
                                                                                           "Shared Hit Blocks": 8453,                                         
                                                                                           "Shared Read Blocks": 0,                                           
                                                                                           "Shared Dirtied Blocks": 0,                                        
                                                                                           "Shared Written Blocks": 0,                                        
                                                                                           "Local Hit Blocks": 0,                                             
                                                                                           "Local Read Blocks": 0,                                            
                                                                                           "Local Dirtied Blocks": 0,                                         
                                                                                           "Local Written Blocks": 0,                                         
                                                                                           "Temp Read Blocks": 0,                                             
                                                                                           "Temp Written Blocks": 0                                           
                                                                                         }                                                                    
                                                                                       ]                                                                      
                                                                                     }                                                                        
                                                                                   ]                                                                          
                                                                                 }                                                                            
                                                                               ]                                                                              
                                                                             },                                                                               
                                                                             {                                                                                
                                                                               "Node Type": "Sort",                                                           
                                                                               "Parent Relationship": "Inner",                                                
                                                                               "Parallel Aware": false,                                                       
                                                                               "Startup Cost": 9405.45,                                                       
                                                                               "Total Cost": 9608.03,                                                         
                                                                               "Plan Rows": 2609129,                                                          
                                                                               "Plan Width": 8,                                                               
                                                                               "Actual Startup Time": 1478.869,                                               
                                                                               "Actual Total Time": 1585.922,                                                 
                                                                               "Actual Rows": 2380955,                                                        
                                                                               "Actual Loops": 1,                                                             
                                                                               "Sort Key": ["mc2.movie_id"],                                                  
                                                                               "Sort Method": "quicksort",                                                    
                                                                               "Sort Space Used": 220607,                                                     
                                                                               "Sort Space Type": "Memory",                                                   
                                                                               "Shared Hit Blocks": 3,                                                        
                                                                               "Shared Read Blocks": 18786,                                                   
                                                                               "Shared Dirtied Blocks": 0,                                                    
                                                                               "Shared Written Blocks": 0,                                                    
                                                                               "Local Hit Blocks": 0,                                                         
                                                                               "Local Read Blocks": 0,                                                        
                                                                               "Local Dirtied Blocks": 0,                                                     
                                                                               "Local Written Blocks": 0,                                                     
                                                                               "Temp Read Blocks": 0,                                                         
                                                                               "Temp Written Blocks": 0,                                                      
                                                                               "Plans": [                                                                     
                                                                                 {                                                                            
                                                                                   "Node Type": "Seq Scan",                                                   
                                                                                   "Parent Relationship": "Outer",                                            
                                                                                   "Parallel Aware": false,                                                   
                                                                                   "Relation Name": "movie_companies",                                        
                                                                                   "Alias": "mc2",                                                            
                                                                                   "Startup Cost": 0.00,                                                      
                                                                                   "Total Cost": 769.75,                                                      
                                                                                   "Plan Rows": 2609129,                                                      
                                                                                   "Plan Width": 8,                                                           
                                                                                   "Actual Startup Time": 0.011,                                              
                                                                                   "Actual Total Time": 552.315,                                              
                                                                                   "Actual Rows": 2609129,                                                    
                                                                                   "Actual Loops": 1,                                                         
                                                                                   "Shared Hit Blocks": 3,                                                    
                                                                                   "Shared Read Blocks": 18786,                                               
                                                                                   "Shared Dirtied Blocks": 0,                                                
                                                                                   "Shared Written Blocks": 0,                                                
                                                                                   "Local Hit Blocks": 0,                                                     
                                                                                   "Local Read Blocks": 0,                                                    
                                                                                   "Local Dirtied Blocks": 0,                                                 
                                                                                   "Local Written Blocks": 0,                                                 
                                                                                   "Temp Read Blocks": 0,                                                     
                                                                                   "Temp Written Blocks": 0                                                   
                                                                                 }                                                                            
                                                                               ]                                                                              
                                                                             }                                                                                
                                                                           ]                                                                                  
                                                                         }                                                                                    
                                                                       ]                                                                                      
                                                                     },                                                                                       
                                                                     {                                                                                        
                                                                       "Node Type": "Sort",                                                                   
                                                                       "Parent Relationship": "Inner",                                                        
                                                                       "Parallel Aware": false,                                                               
                                                                       "Startup Cost": 0.05,                                                                  
                                                                       "Total Cost": 0.05,                                                                    
                                                                       "Plan Rows": 1,                                                                        
                                                                       "Plan Width": 4,                                                                       
                                                                       "Actual Startup Time": 0.034,                                                          
                                                                       "Actual Total Time": 0.034,                                                            
                                                                       "Actual Rows": 1,                                                                      
                                                                       "Actual Loops": 1,                                                                     
                                                                       "Sort Key": ["it2.id"],                                                                
                                                                       "Sort Method": "quicksort",                                                            
                                                                       "Sort Space Used": 25,                                                                 
                                                                       "Sort Space Type": "Memory",                                                           
                                                                       "Shared Hit Blocks": 1,                                                                
                                                                       "Shared Read Blocks": 0,                                                               
                                                                       "Shared Dirtied Blocks": 0,                                                            
                                                                       "Shared Written Blocks": 0,                                                            
                                                                       "Local Hit Blocks": 0,                                                                 
                                                                       "Local Read Blocks": 0,                                                                
                                                                       "Local Dirtied Blocks": 0,                                                             
                                                                       "Local Written Blocks": 0,                                                             
                                                                       "Temp Read Blocks": 0,                                                                 
                                                                       "Temp Written Blocks": 0,                                                              
                                                                       "Plans": [                                                                             
                                                                         {                                                                                    
                                                                           "Node Type": "Seq Scan",                                                           
                                                                           "Parent Relationship": "Outer",                                                    
                                                                           "Parallel Aware": false,                                                           
                                                                           "Relation Name": "info_type",                                                      
                                                                           "Alias": "it2",                                                                    
                                                                           "Startup Cost": 0.00,                                                              
                                                                           "Total Cost": 0.05,                                                                
                                                                           "Plan Rows": 1,                                                                    
                                                                           "Plan Width": 4,                                                                   
                                                                           "Actual Startup Time": 0.024,                                                      
                                                                           "Actual Total Time": 0.026,                                                        
                                                                           "Actual Rows": 1,                                                                  
                                                                           "Actual Loops": 1,                                                                 
                                                                           "Filter": "((info)::text = 'rating'::text)",                                       
                                                                           "Rows Removed by Filter": 112,                                                     
                                                                           "Shared Hit Blocks": 1,                                                            
                                                                           "Shared Read Blocks": 0,                                                           
                                                                           "Shared Dirtied Blocks": 0,                                                        
                                                                           "Shared Written Blocks": 0,                                                        
                                                                           "Local Hit Blocks": 0,                                                             
                                                                           "Local Read Blocks": 0,                                                            
                                                                           "Local Dirtied Blocks": 0,                                                         
                                                                           "Local Written Blocks": 0,                                                         
                                                                           "Temp Read Blocks": 0,                                                             
                                                                           "Temp Written Blocks": 0                                                           
                                                                         }                                                                                    
                                                                       ]                                                                                      
                                                                     }                                                                                        
                                                                   ]                                                                                          
                                                                 }                                                                                            
                                                               ]                                                                                              
                                                             },                                                                                               
                                                             {                                                                                                
                                                               "Node Type": "Sort",                                                                           
                                                               "Parent Relationship": "Inner",                                                                
                                                               "Parallel Aware": false,                                                                       
                                                               "Startup Cost": 761.23,                                                                        
                                                               "Total Cost": 779.47,                                                                          
                                                               "Plan Rows": 234997,                                                                           
                                                               "Plan Width": 23,                                                                              
                                                               "Actual Startup Time": 131.182,                                                                
                                                               "Actual Total Time": 139.010,                                                                  
                                                               "Actual Rows": 71403,                                                                          
                                                               "Actual Loops": 1,                                                                             
                                                               "Sort Key": ["cn2.id"],                                                                        
                                                               "Sort Method": "quicksort",                                                                    
                                                               "Sort Space Used": 23201,                                                                      
                                                               "Sort Space Type": "Memory",                                                                   
                                                               "Shared Hit Blocks": 2994,                                                                     
                                                               "Shared Read Blocks": 0,                                                                       
                                                               "Shared Dirtied Blocks": 0,                                                                    
                                                               "Shared Written Blocks": 0,                                                                    
                                                               "Local Hit Blocks": 0,                                                                         
                                                               "Local Read Blocks": 0,                                                                        
                                                               "Local Dirtied Blocks": 0,                                                                     
                                                               "Local Written Blocks": 0,                                                                     
                                                               "Temp Read Blocks": 0,                                                                         
                                                               "Temp Written Blocks": 0,                                                                      
                                                               "Plans": [                                                                                     
                                                                 {                                                                                            
                                                                   "Node Type": "Seq Scan",                                                                   
                                                                   "Parent Relationship": "Outer",                                                            
                                                                   "Parallel Aware": false,                                                                   
                                                                   "Relation Name": "company_name",                                                           
                                                                   "Alias": "cn2",                                                                            
                                                                   "Startup Cost": 0.00,                                                                      
                                                                   "Total Cost": 110.16,                                                                      
                                                                   "Plan Rows": 234997,                                                                       
                                                                   "Plan Width": 23,                                                                          
                                                                   "Actual Startup Time": 0.007,                                                              
                                                                   "Actual Total Time": 35.383,                                                               
                                                                   "Actual Rows": 234997,                                                                     
                                                                   "Actual Loops": 1,                                                                         
                                                                   "Shared Hit Blocks": 2994,                                                                 
                                                                   "Shared Read Blocks": 0,                                                                   
                                                                   "Shared Dirtied Blocks": 0,                                                                
                                                                   "Shared Written Blocks": 0,                                                                
                                                                   "Local Hit Blocks": 0,                                                                     
                                                                   "Local Read Blocks": 0,                                                                    
                                                                   "Local Dirtied Blocks": 0,                                                                 
                                                                   "Local Written Blocks": 0,                                                                 
                                                                   "Temp Read Blocks": 0,                                                                     
                                                                   "Temp Written Blocks": 0                                                                   
                                                                 }                                                                                            
                                                               ]                                                                                              
                                                             }                                                                                                
                                                           ]                                                                                                  
                                                         }                                                                                                    
                                                       ]                                                                                                      
                                                     },                                                                                                       
                                                     {                                                                                                        
                                                       "Node Type": "Sort",                                                                                   
                                                       "Parent Relationship": "Inner",                                                                        
                                                       "Parallel Aware": false,                                                                               
                                                       "Startup Cost": 0.05,                                                                                  
                                                       "Total Cost": 0.05,                                                                                    
                                                       "Plan Rows": 1,                                                                                        
                                                       "Plan Width": 4,                                                                                       
                                                       "Actual Startup Time": 0.030,                                                                          
                                                       "Actual Total Time": 0.030,                                                                            
                                                       "Actual Rows": 1,                                                                                      
                                                       "Actual Loops": 1,                                                                                     
                                                       "Sort Key": ["it1.id"],                                                                                
                                                       "Sort Method": "quicksort",                                                                            
                                                       "Sort Space Used": 25,                                                                                 
                                                       "Sort Space Type": "Memory",                                                                           
                                                       "Shared Hit Blocks": 1,                                                                                
                                                       "Shared Read Blocks": 0,                                                                               
                                                       "Shared Dirtied Blocks": 0,                                                                            
                                                       "Shared Written Blocks": 0,                                                                            
                                                       "Local Hit Blocks": 0,                                                                                 
                                                       "Local Read Blocks": 0,                                                                                
                                                       "Local Dirtied Blocks": 0,                                                                             
                                                       "Local Written Blocks": 0,                                                                             
                                                       "Temp Read Blocks": 0,                                                                                 
                                                       "Temp Written Blocks": 0,                                                                              
                                                       "Plans": [                                                                                             
                                                         {                                                                                                    
                                                           "Node Type": "Seq Scan",                                                                           
                                                           "Parent Relationship": "Outer",                                                                    
                                                           "Parallel Aware": false,                                                                           
                                                           "Relation Name": "info_type",                                                                      
                                                           "Alias": "it1",                                                                                    
                                                           "Startup Cost": 0.00,                                                                              
                                                           "Total Cost": 0.05,                                                                                
                                                           "Plan Rows": 1,                                                                                    
                                                           "Plan Width": 4,                                                                                   
                                                           "Actual Startup Time": 0.022,                                                                      
                                                           "Actual Total Time": 0.024,                                                                        
                                                           "Actual Rows": 1,                                                                                  
                                                           "Actual Loops": 1,                                                                                 
                                                           "Filter": "((info)::text = 'rating'::text)",                                                       
                                                           "Rows Removed by Filter": 112,                                                                     
                                                           "Shared Hit Blocks": 1,                                                                            
                                                           "Shared Read Blocks": 0,                                                                           
                                                           "Shared Dirtied Blocks": 0,                                                                        
                                                           "Shared Written Blocks": 0,                                                                        
                                                           "Local Hit Blocks": 0,                                                                             
                                                           "Local Read Blocks": 0,                                                                            
                                                           "Local Dirtied Blocks": 0,                                                                         
                                                           "Local Written Blocks": 0,                                                                         
                                                           "Temp Read Blocks": 0,                                                                             
                                                           "Temp Written Blocks": 0                                                                           
                                                         }                                                                                                    
                                                       ]                                                                                                      
                                                     }                                                                                                        
                                                   ]                                                                                                          
                                                 }                                                                                                            
                                               ]                                                                                                              
                                             },                                                                                                               
                                             {                                                                                                                
                                               "Node Type": "Sort",                                                                                           
                                               "Parent Relationship": "Inner",                                                                                
                                               "Parallel Aware": false,                                                                                       
                                               "Startup Cost": 9405.45,                                                                                       
                                               "Total Cost": 9608.03,                                                                                         
                                               "Plan Rows": 2609129,                                                                                          
                                               "Plan Width": 8,                                                                                               
                                               "Actual Startup Time": 1275.269,                                                                               
                                               "Actual Total Time": 1276.762,                                                                                 
                                               "Actual Rows": 33417,                                                                                          
                                               "Actual Loops": 1,                                                                                             
                                               "Sort Key": ["mc1.movie_id"],                                                                                  
                                               "Sort Method": "quicksort",                                                                                    
                                               "Sort Space Used": 220607,                                                                                     
                                               "Sort Space Type": "Memory",                                                                                   
                                               "Shared Hit Blocks": 18789,                                                                                    
                                               "Shared Read Blocks": 0,                                                                                       
                                               "Shared Dirtied Blocks": 0,                                                                                    
                                               "Shared Written Blocks": 0,                                                                                    
                                               "Local Hit Blocks": 0,                                                                                         
                                               "Local Read Blocks": 0,                                                                                        
                                               "Local Dirtied Blocks": 0,                                                                                     
                                               "Local Written Blocks": 0,                                                                                     
                                               "Temp Read Blocks": 0,                                                                                         
                                               "Temp Written Blocks": 0,                                                                                      
                                               "Plans": [                                                                                                     
                                                 {                                                                                                            
                                                   "Node Type": "Seq Scan",                                                                                   
                                                   "Parent Relationship": "Outer",                                                                            
                                                   "Parallel Aware": false,                                                                                   
                                                   "Relation Name": "movie_companies",                                                                        
                                                   "Alias": "mc1",                                                                                            
                                                   "Startup Cost": 0.00,                                                                                      
                                                   "Total Cost": 769.75,                                                                                      
                                                   "Plan Rows": 2609129,                                                                                      
                                                   "Plan Width": 8,                                                                                           
                                                   "Actual Startup Time": 0.004,                                                                              
                                                   "Actual Total Time": 374.511,                                                                              
                                                   "Actual Rows": 2609129,                                                                                    
                                                   "Actual Loops": 1,                                                                                         
                                                   "Shared Hit Blocks": 18789,                                                                                
                                                   "Shared Read Blocks": 0,                                                                                   
                                                   "Shared Dirtied Blocks": 0,                                                                                
                                                   "Shared Written Blocks": 0,                                                                                
                                                   "Local Hit Blocks": 0,                                                                                     
                                                   "Local Read Blocks": 0,                                                                                    
                                                   "Local Dirtied Blocks": 0,                                                                                 
                                                   "Local Written Blocks": 0,                                                                                 
                                                   "Temp Read Blocks": 0,                                                                                     
                                                   "Temp Written Blocks": 0                                                                                   
                                                 }                                                                                                            
                                               ]                                                                                                              
                                             }                                                                                                                
                                           ]                                                                                                                  
                                         }                                                                                                                    
                                       ]                                                                                                                      
                                     }                                                                                                                        
                                   ]                                                                                                                          
                                 }                                                                                                                            
                               ]                                                                                                                              
                             },                                                                                                                               
                             {                                                                                                                                
                               "Node Type": "Sort",                                                                                                           
                               "Parent Relationship": "Inner",                                                                                                
                               "Parallel Aware": false,                                                                                                       
                               "Startup Cost": 9654.35,                                                                                                       
                               "Total Cost": 9850.65,                                                                                                         
                               "Plan Rows": 2528312,                                                                                                          
                               "Plan Width": 25,                                                                                                              
                               "Actual Startup Time": 1547.078,                                                                                               
                               "Actual Total Time": 1550.133,                                                                                                 
                               "Actual Rows": 22690,                                                                                                          
                               "Actual Loops": 1,                                                                                                             
                               "Sort Key": ["t1.id"],                                                                                                         
                               "Sort Method": "quicksort",                                                                                                    
                               "Sort Space Used": 290000,                                                                                                     
                               "Sort Space Type": "Memory",                                                                                                   
                               "Shared Hit Blocks": 35998,                                                                                                    
                               "Shared Read Blocks": 0,                                                                                                       
                               "Shared Dirtied Blocks": 0,                                                                                                    
                               "Shared Written Blocks": 0,                                                                                                    
                               "Local Hit Blocks": 0,                                                                                                         
                               "Local Read Blocks": 0,                                                                                                        
                               "Local Dirtied Blocks": 0,                                                                                                     
                               "Local Written Blocks": 0,                                                                                                     
                               "Temp Read Blocks": 0,                                                                                                         
                               "Temp Written Blocks": 0,                                                                                                      
                               "Plans": [                                                                                                                     
                                 {                                                                                                                            
                                   "Node Type": "Seq Scan",                                                                                                   
                                   "Parent Relationship": "Outer",                                                                                            
                                   "Parallel Aware": false,                                                                                                   
                                   "Relation Name": "title",                                                                                                  
                                   "Alias": "t1",                                                                                                             
                                   "Startup Cost": 0.00,                                                                                                      
                                   "Total Cost": 1303.96,                                                                                                     
                                   "Plan Rows": 2528312,                                                                                                      
                                   "Plan Width": 25,                                                                                                          
                                   "Actual Startup Time": 0.011,                                                                                              
                                   "Actual Total Time": 411.782,                                                                                              
                                   "Actual Rows": 2528312,                                                                                                    
                                   "Actual Loops": 1,                                                                                                         
                                   "Shared Hit Blocks": 35998,                                                                                                
                                   "Shared Read Blocks": 0,                                                                                                   
                                   "Shared Dirtied Blocks": 0,                                                                                                
                                   "Shared Written Blocks": 0,                                                                                                
                                   "Local Hit Blocks": 0,                                                                                                     
                                   "Local Read Blocks": 0,                                                                                                    
                                   "Local Dirtied Blocks": 0,                                                                                                 
                                   "Local Written Blocks": 0,                                                                                                 
                                   "Temp Read Blocks": 0,                                                                                                     
                                   "Temp Written Blocks": 0                                                                                                   
                                 }                                                                                                                            
                               ]                                                                                                                              
                             }                                                                                                                                
                           ]                                                                                                                                  
                         }                                                                                                                                    
                       ]                                                                                                                                      
                     }                                                                                                                                        
                   ]                                                                                                                                          
                 }                                                                                                                                            
               ]                                                                                                                                              
             },                                                                                                                                               
             {                                                                                                                                                
               "Node Type": "Sort",                                                                                                                           
               "Parent Relationship": "Inner",                                                                                                                
               "Parallel Aware": false,                                                                                                                       
               "Startup Cost": 0.03,                                                                                                                          
               "Total Cost": 0.03,                                                                                                                            
               "Plan Rows": 1,                                                                                                                                
               "Plan Width": 4,                                                                                                                               
               "Actual Startup Time": 0.021,                                                                                                                  
               "Actual Total Time": 0.021,                                                                                                                    
               "Actual Rows": 1,                                                                                                                              
               "Actual Loops": 1,                                                                                                                             
               "Sort Key": ["kt2.id"],                                                                                                                        
               "Sort Method": "quicksort",                                                                                                                    
               "Sort Space Used": 25,                                                                                                                         
               "Sort Space Type": "Memory",                                                                                                                   
               "Shared Hit Blocks": 1,                                                                                                                        
               "Shared Read Blocks": 0,                                                                                                                       
               "Shared Dirtied Blocks": 0,                                                                                                                    
               "Shared Written Blocks": 0,                                                                                                                    
               "Local Hit Blocks": 0,                                                                                                                         
               "Local Read Blocks": 0,                                                                                                                        
               "Local Dirtied Blocks": 0,                                                                                                                     
               "Local Written Blocks": 0,                                                                                                                     
               "Temp Read Blocks": 0,                                                                                                                         
               "Temp Written Blocks": 0,                                                                                                                      
               "Plans": [                                                                                                                                     
                 {                                                                                                                                            
                   "Node Type": "Seq Scan",                                                                                                                   
                   "Parent Relationship": "Outer",                                                                                                            
                   "Parallel Aware": false,                                                                                                                   
                   "Relation Name": "kind_type",                                                                                                              
                   "Alias": "kt2",                                                                                                                            
                   "Startup Cost": 0.00,                                                                                                                      
                   "Total Cost": 0.03,                                                                                                                        
                   "Plan Rows": 1,                                                                                                                            
                   "Plan Width": 4,                                                                                                                           
                   "Actual Startup Time": 0.013,                                                                                                              
                   "Actual Total Time": 0.014,                                                                                                                
                   "Actual Rows": 1,                                                                                                                          
                   "Actual Loops": 1,                                                                                                                         
                   "Filter": "((kind)::text = 'tv series'::text)",                                                                                            
                   "Rows Removed by Filter": 6,                                                                                                               
                   "Shared Hit Blocks": 1,                                                                                                                    
                   "Shared Read Blocks": 0,                                                                                                                   
                   "Shared Dirtied Blocks": 0,                                                                                                                
                   "Shared Written Blocks": 0,                                                                                                                
                   "Local Hit Blocks": 0,                                                                                                                     
                   "Local Read Blocks": 0,                                                                                                                    
                   "Local Dirtied Blocks": 0,                                                                                                                 
                   "Local Written Blocks": 0,                                                                                                                 
                   "Temp Read Blocks": 0,                                                                                                                     
                   "Temp Written Blocks": 0                                                                                                                   
                 }                                                                                                                                            
               ]                                                                                                                                              
             }                                                                                                                                                
           ]                                                                                                                                                  
         }                                                                                                                                                    
       ]                                                                                                                                                      
     },                                                                                                                                                       
     "Planning Time": 6580.129,                                                                                                                               
     "Triggers": [                                                                                                                                            
     ],                                                                                                                                                       
     "Execution Time": 8408.395                                                                                                                               
   }                                                                                                                                                          
 ]
