 [                                                                                                                                                         
   {                                                                                                                                                       
     "Plan": {                                                                                                                                             
       "Node Type": "Aggregate",                                                                                                                           
       "Strategy": "Plain",                                                                                                                                
       "Partial Mode": "Simple",                                                                                                                           
       "Parallel Aware": false,                                                                                                                            
       "Startup Cost": 42846.83,                                                                                                                           
       "Total Cost": 42846.83,                                                                                                                             
       "Plan Rows": 1,                                                                                                                                     
       "Plan Width": 192,                                                                                                                                  
       "Actual Startup Time": 8696.465,                                                                                                                    
       "Actual Total Time": 8696.465,                                                                                                                      
       "Actual Rows": 1,                                                                                                                                   
       "Actual Loops": 1,                                                                                                                                  
       "Shared Hit Blocks": 66255,                                                                                                                         
       "Shared Read Blocks": 66385,                                                                                                                        
       "Shared Dirtied Blocks": 0,                                                                                                                         
       "Shared Written Blocks": 0,                                                                                                                         
       "Local Hit Blocks": 0,                                                                                                                              
       "Local Read Blocks": 0,                                                                                                                             
       "Local Dirtied Blocks": 0,                                                                                                                          
       "Local Written Blocks": 0,                                                                                                                          
       "Temp Read Blocks": 0,                                                                                                                              
       "Temp Written Blocks": 0,                                                                                                                           
       "Plans": [                                                                                                                                          
         {                                                                                                                                                 
           "Node Type": "Merge Join",                                                                                                                      
           "Parent Relationship": "Outer",                                                                                                                 
           "Parallel Aware": false,                                                                                                                        
           "Join Type": "Inner",                                                                                                                           
           "Startup Cost": 42810.34,                                                                                                                       
           "Total Cost": 42846.83,                                                                                                                         
           "Plan Rows": 1,                                                                                                                                 
           "Plan Width": 84,                                                                                                                               
           "Actual Startup Time": 8675.112,                                                                                                                
           "Actual Total Time": 8696.353,                                                                                                                  
           "Actual Rows": 114,                                                                                                                             
           "Actual Loops": 1,                                                                                                                              
           "Inner Unique": false,                                                                                                                          
           "Merge Cond": "(cn2.id = mc2.company_id)",                                                                                                      
           "Shared Hit Blocks": 66255,                                                                                                                     
           "Shared Read Blocks": 66385,                                                                                                                    
           "Shared Dirtied Blocks": 0,                                                                                                                     
           "Shared Written Blocks": 0,                                                                                                                     
           "Local Hit Blocks": 0,                                                                                                                          
           "Local Read Blocks": 0,                                                                                                                         
           "Local Dirtied Blocks": 0,                                                                                                                      
           "Local Written Blocks": 0,                                                                                                                      
           "Temp Read Blocks": 0,                                                                                                                          
           "Temp Written Blocks": 0,                                                                                                                       
           "Plans": [                                                                                                                                      
             {                                                                                                                                             
               "Node Type": "Sort",                                                                                                                        
               "Parent Relationship": "Outer",                                                                                                             
               "Parallel Aware": false,                                                                                                                    
               "Startup Cost": 761.23,                                                                                                                     
               "Total Cost": 779.47,                                                                                                                       
               "Plan Rows": 234997,                                                                                                                        
               "Plan Width": 23,                                                                                                                           
               "Actual Startup Time": 222.048,                                                                                                             
               "Actual Total Time": 232.060,                                                                                                               
               "Actual Rows": 79743,                                                                                                                       
               "Actual Loops": 1,                                                                                                                          
               "Sort Key": ["cn2.id"],                                                                                                                     
               "Sort Method": "quicksort",                                                                                                                 
               "Sort Space Used": 23201,                                                                                                                   
               "Sort Space Type": "Memory",                                                                                                                
               "Shared Hit Blocks": 6,                                                                                                                     
               "Shared Read Blocks": 2992,                                                                                                                 
               "Shared Dirtied Blocks": 0,                                                                                                                 
               "Shared Written Blocks": 0,                                                                                                                 
               "Local Hit Blocks": 0,                                                                                                                      
               "Local Read Blocks": 0,                                                                                                                     
               "Local Dirtied Blocks": 0,                                                                                                                  
               "Local Written Blocks": 0,                                                                                                                  
               "Temp Read Blocks": 0,                                                                                                                      
               "Temp Written Blocks": 0,                                                                                                                   
               "Plans": [                                                                                                                                  
                 {                                                                                                                                         
                   "Node Type": "Seq Scan",                                                                                                                
                   "Parent Relationship": "Outer",                                                                                                         
                   "Parallel Aware": false,                                                                                                                
                   "Relation Name": "company_name",                                                                                                        
                   "Alias": "cn2",                                                                                                                         
                   "Startup Cost": 0.00,                                                                                                                   
                   "Total Cost": 110.16,                                                                                                                   
                   "Plan Rows": 234997,                                                                                                                    
                   "Plan Width": 23,                                                                                                                       
                   "Actual Startup Time": 28.946,                                                                                                          
                   "Actual Total Time": 103.984,                                                                                                           
                   "Actual Rows": 234997,                                                                                                                  
                   "Actual Loops": 1,                                                                                                                      
                   "Shared Hit Blocks": 2,                                                                                                                 
                   "Shared Read Blocks": 2992,                                                                                                             
                   "Shared Dirtied Blocks": 0,                                                                                                             
                   "Shared Written Blocks": 0,                                                                                                             
                   "Local Hit Blocks": 0,                                                                                                                  
                   "Local Read Blocks": 0,                                                                                                                 
                   "Local Dirtied Blocks": 0,                                                                                                              
                   "Local Written Blocks": 0,                                                                                                              
                   "Temp Read Blocks": 0,                                                                                                                  
                   "Temp Written Blocks": 0                                                                                                                
                 }                                                                                                                                         
               ]                                                                                                                                           
             },                                                                                                                                            
             {                                                                                                                                             
               "Node Type": "Sort",                                                                                                                        
               "Parent Relationship": "Inner",                                                                                                             
               "Parallel Aware": false,                                                                                                                    
               "Startup Cost": 42049.11,                                                                                                                   
               "Total Cost": 42049.11,                                                                                                                     
               "Plan Rows": 1,                                                                                                                             
               "Plan Width": 69,                                                                                                                           
               "Actual Startup Time": 8453.049,                                                                                                            
               "Actual Total Time": 8453.060,                                                                                                              
               "Actual Rows": 114,                                                                                                                         
               "Actual Loops": 1,                                                                                                                          
               "Sort Key": ["mc2.company_id"],                                                                                                             
               "Sort Method": "quicksort",                                                                                                                 
               "Sort Space Used": 41,                                                                                                                      
               "Sort Space Type": "Memory",                                                                                                                
               "Shared Hit Blocks": 66249,                                                                                                                 
               "Shared Read Blocks": 63393,                                                                                                                
               "Shared Dirtied Blocks": 0,                                                                                                                 
               "Shared Written Blocks": 0,                                                                                                                 
               "Local Hit Blocks": 0,                                                                                                                      
               "Local Read Blocks": 0,                                                                                                                     
               "Local Dirtied Blocks": 0,                                                                                                                  
               "Local Written Blocks": 0,                                                                                                                  
               "Temp Read Blocks": 0,                                                                                                                      
               "Temp Written Blocks": 0,                                                                                                                   
               "Plans": [                                                                                                                                  
                 {                                                                                                                                         
                   "Node Type": "Merge Join",                                                                                                              
                   "Parent Relationship": "Outer",                                                                                                         
                   "Parallel Aware": false,                                                                                                                
                   "Join Type": "Inner",                                                                                                                   
                   "Startup Cost": 41643.96,                                                                                                               
                   "Total Cost": 42049.11,                                                                                                                 
                   "Plan Rows": 1,                                                                                                                         
                   "Plan Width": 69,                                                                                                                       
                   "Actual Startup Time": 8362.612,                                                                                                        
                   "Actual Total Time": 8452.990,                                                                                                          
                   "Actual Rows": 114,                                                                                                                     
                   "Actual Loops": 1,                                                                                                                      
                   "Inner Unique": false,                                                                                                                  
                   "Merge Cond": "(t2.id = mc2.movie_id)",                                                                                                 
                   "Shared Hit Blocks": 66249,                                                                                                             
                   "Shared Read Blocks": 63393,                                                                                                            
                   "Shared Dirtied Blocks": 0,                                                                                                             
                   "Shared Written Blocks": 0,                                                                                                             
                   "Local Hit Blocks": 0,                                                                                                                  
                   "Local Read Blocks": 0,                                                                                                                 
                   "Local Dirtied Blocks": 0,                                                                                                              
                   "Local Written Blocks": 0,                                                                                                              
                   "Temp Read Blocks": 0,                                                                                                                  
                   "Temp Written Blocks": 0,                                                                                                               
                   "Plans": [                                                                                                                              
                     {                                                                                                                                     
                       "Node Type": "Sort",                                                                                                                
                       "Parent Relationship": "Outer",                                                                                                     
                       "Parallel Aware": false,                                                                                                            
                       "Startup Cost": 32238.51,                                                                                                           
                       "Total Cost": 32238.51,                                                                                                             
                       "Plan Rows": 1,                                                                                                                     
                       "Plan Width": 77,                                                                                                                   
                       "Actual Startup Time": 7098.287,                                                                                                    
                       "Actual Total Time": 7098.293,                                                                                                      
                       "Actual Rows": 46,                                                                                                                  
                       "Actual Loops": 1,                                                                                                                  
                       "Sort Key": ["mi_idx2.movie_id"],                                                                                                   
                       "Sort Method": "quicksort",                                                                                                         
                       "Sort Space Used": 31,                                                                                                              
                       "Sort Space Type": "Memory",                                                                                                        
                       "Shared Hit Blocks": 47460,                                                                                                         
                       "Shared Read Blocks": 63393,                                                                                                        
                       "Shared Dirtied Blocks": 0,                                                                                                         
                       "Shared Written Blocks": 0,                                                                                                         
                       "Local Hit Blocks": 0,                                                                                                              
                       "Local Read Blocks": 0,                                                                                                             
                       "Local Dirtied Blocks": 0,                                                                                                          
                       "Local Written Blocks": 0,                                                                                                          
                       "Temp Read Blocks": 0,                                                                                                              
                       "Temp Written Blocks": 0,                                                                                                           
                       "Plans": [                                                                                                                          
                         {                                                                                                                                 
                           "Node Type": "Merge Join",                                                                                                      
                           "Parent Relationship": "Outer",                                                                                                 
                           "Parallel Aware": false,                                                                                                        
                           "Join Type": "Inner",                                                                                                           
                           "Startup Cost": 32238.51,                                                                                                       
                           "Total Cost": 32238.51,                                                                                                         
                           "Plan Rows": 1,                                                                                                                 
                           "Plan Width": 77,                                                                                                               
                           "Actual Startup Time": 7098.253,                                                                                                
                           "Actual Total Time": 7098.267,                                                                                                  
                           "Actual Rows": 46,                                                                                                              
                           "Actual Loops": 1,                                                                                                              
                           "Inner Unique": false,                                                                                                          
                           "Merge Cond": "(kt1.id = t1.kind_id)",                                                                                          
                           "Shared Hit Blocks": 47460,                                                                                                     
                           "Shared Read Blocks": 63393,                                                                                                    
                           "Shared Dirtied Blocks": 0,                                                                                                     
                           "Shared Written Blocks": 0,                                                                                                     
                           "Local Hit Blocks": 0,                                                                                                          
                           "Local Read Blocks": 0,                                                                                                         
                           "Local Dirtied Blocks": 0,                                                                                                      
                           "Local Written Blocks": 0,                                                                                                      
                           "Temp Read Blocks": 0,                                                                                                          
                           "Temp Written Blocks": 0,                                                                                                       
                           "Plans": [                                                                                                                      
                             {                                                                                                                             
                               "Node Type": "Sort",                                                                                                        
                               "Parent Relationship": "Outer",                                                                                             
                               "Parallel Aware": false,                                                                                                    
                               "Startup Cost": 0.03,                                                                                                       
                               "Total Cost": 0.03,                                                                                                         
                               "Plan Rows": 2,                                                                                                             
                               "Plan Width": 4,                                                                                                            
                               "Actual Startup Time": 0.017,                                                                                               
                               "Actual Total Time": 0.018,                                                                                                 
                               "Actual Rows": 2,                                                                                                           
                               "Actual Loops": 1,                                                                                                          
                               "Sort Key": ["kt1.id"],                                                                                                     
                               "Sort Method": "quicksort",                                                                                                 
                               "Sort Space Used": 25,                                                                                                      
                               "Sort Space Type": "Memory",                                                                                                
                               "Shared Hit Blocks": 1,                                                                                                     
                               "Shared Read Blocks": 0,                                                                                                    
                               "Shared Dirtied Blocks": 0,                                                                                                 
                               "Shared Written Blocks": 0,                                                                                                 
                               "Local Hit Blocks": 0,                                                                                                      
                               "Local Read Blocks": 0,                                                                                                     
                               "Local Dirtied Blocks": 0,                                                                                                  
                               "Local Written Blocks": 0,                                                                                                  
                               "Temp Read Blocks": 0,                                                                                                      
                               "Temp Written Blocks": 0,                                                                                                   
                               "Plans": [                                                                                                                  
                                 {                                                                                                                         
                                   "Node Type": "Seq Scan",                                                                                                
                                   "Parent Relationship": "Outer",                                                                                         
                                   "Parallel Aware": false,                                                                                                
                                   "Relation Name": "kind_type",                                                                                           
                                   "Alias": "kt1",                                                                                                         
                                   "Startup Cost": 0.00,                                                                                                   
                                   "Total Cost": 0.03,                                                                                                     
                                   "Plan Rows": 2,                                                                                                         
                                   "Plan Width": 4,                                                                                                        
                                   "Actual Startup Time": 0.012,                                                                                           
                                   "Actual Total Time": 0.014,                                                                                             
                                   "Actual Rows": 2,                                                                                                       
                                   "Actual Loops": 1,                                                                                                      
                                   "Filter": "((kind)::text = ANY ('{\"tv series\",episode}'::text[]))",                                                   
                                   "Rows Removed by Filter": 5,                                                                                            
                                   "Shared Hit Blocks": 1,                                                                                                 
                                   "Shared Read Blocks": 0,                                                                                                
                                   "Shared Dirtied Blocks": 0,                                                                                             
                                   "Shared Written Blocks": 0,                                                                                             
                                   "Local Hit Blocks": 0,                                                                                                  
                                   "Local Read Blocks": 0,                                                                                                 
                                   "Local Dirtied Blocks": 0,                                                                                              
                                   "Local Written Blocks": 0,                                                                                              
                                   "Temp Read Blocks": 0,                                                                                                  
                                   "Temp Written Blocks": 0                                                                                                
                                 }                                                                                                                         
                               ]                                                                                                                           
                             },                                                                                                                            
                             {                                                                                                                             
                               "Node Type": "Sort",                                                                                                        
                               "Parent Relationship": "Inner",                                                                                             
                               "Parallel Aware": false,                                                                                                    
                               "Startup Cost": 32238.48,                                                                                                   
                               "Total Cost": 32238.48,                                                                                                     
                               "Plan Rows": 1,                                                                                                             
                               "Plan Width": 81,                                                                                                           
                               "Actual Startup Time": 7098.231,                                                                                            
                               "Actual Total Time": 7098.233,                                                                                              
                               "Actual Rows": 46,                                                                                                          
                               "Actual Loops": 1,                                                                                                          
                               "Sort Key": ["t1.kind_id"],                                                                                                 
                               "Sort Method": "quicksort",                                                                                                 
                               "Sort Space Used": 31,                                                                                                      
                               "Sort Space Type": "Memory",                                                                                                
                               "Shared Hit Blocks": 47459,                                                                                                 
                               "Shared Read Blocks": 63393,                                                                                                
                               "Shared Dirtied Blocks": 0,                                                                                                 
                               "Shared Written Blocks": 0,                                                                                                 
                               "Local Hit Blocks": 0,                                                                                                      
                               "Local Read Blocks": 0,                                                                                                     
                               "Local Dirtied Blocks": 0,                                                                                                  
                               "Local Written Blocks": 0,                                                                                                  
                               "Temp Read Blocks": 0,                                                                                                      
                               "Temp Written Blocks": 0,                                                                                                   
                               "Plans": [                                                                                                                  
                                 {                                                                                                                         
                                   "Node Type": "Merge Join",                                                                                              
                                   "Parent Relationship": "Outer",                                                                                         
                                   "Parallel Aware": false,                                                                                                
                                   "Join Type": "Inner",                                                                                                   
                                   "Startup Cost": 32209.57,                                                                                               
                                   "Total Cost": 32238.48,                                                                                                 
                                   "Plan Rows": 1,                                                                                                         
                                   "Plan Width": 81,                                                                                                       
                                   "Actual Startup Time": 7061.805,                                                                                        
                                   "Actual Total Time": 7098.203,                                                                                          
                                   "Actual Rows": 46,                                                                                                      
                                   "Actual Loops": 1,                                                                                                      
                                   "Inner Unique": true,                                                                                                   
                                   "Merge Cond": "(ml.movie_id = t1.id)",                                                                                  
                                   "Shared Hit Blocks": 47459,                                                                                             
                                   "Shared Read Blocks": 63393,                                                                                            
                                   "Shared Dirtied Blocks": 0,                                                                                             
                                   "Shared Written Blocks": 0,                                                                                             
                                   "Local Hit Blocks": 0,                                                                                                  
                                   "Local Read Blocks": 0,                                                                                                 
                                   "Local Dirtied Blocks": 0,                                                                                              
                                   "Local Written Blocks": 0,                                                                                              
                                   "Temp Read Blocks": 0,                                                                                                  
                                   "Temp Written Blocks": 0,                                                                                               
                                   "Plans": [                                                                                                              
                                     {                                                                                                                     
                                       "Node Type": "Sort",                                                                                                
                                       "Parent Relationship": "Outer",                                                                                     
                                       "Parallel Aware": false,                                                                                            
                                       "Startup Cost": 22555.22,                                                                                           
                                       "Total Cost": 22555.22,                                                                                             
                                       "Plan Rows": 1,                                                                                                     
                                       "Plan Width": 72,                                                                                                   
                                       "Actual Startup Time": 5509.152,                                                                                    
                                       "Actual Total Time": 5509.159,                                                                                      
                                       "Actual Rows": 46,                                                                                                  
                                       "Actual Loops": 1,                                                                                                  
                                       "Sort Key": ["mc1.movie_id"],                                                                                       
                                       "Sort Method": "quicksort",                                                                                         
                                       "Sort Space Used": 31,                                                                                              
                                       "Sort Space Type": "Memory",                                                                                        
                                       "Shared Hit Blocks": 11461,                                                                                         
                                       "Shared Read Blocks": 63393,                                                                                        
                                       "Shared Dirtied Blocks": 0,                                                                                         
                                       "Shared Written Blocks": 0,                                                                                         
                                       "Local Hit Blocks": 0,                                                                                              
                                       "Local Read Blocks": 0,                                                                                             
                                       "Local Dirtied Blocks": 0,                                                                                          
                                       "Local Written Blocks": 0,                                                                                          
                                       "Temp Read Blocks": 0,                                                                                              
                                       "Temp Written Blocks": 0,                                                                                           
                                       "Plans": [                                                                                                          
                                         {                                                                                                                 
                                           "Node Type": "Merge Join",                                                                                      
                                           "Parent Relationship": "Outer",                                                                                 
                                           "Parallel Aware": false,                                                                                        
                                           "Join Type": "Inner",                                                                                           
                                           "Startup Cost": 22555.21,                                                                                       
                                           "Total Cost": 22555.21,                                                                                         
                                           "Plan Rows": 1,                                                                                                 
                                           "Plan Width": 72,                                                                                               
                                           "Actual Startup Time": 5509.114,                                                                                
                                           "Actual Total Time": 5509.133,                                                                                  
                                           "Actual Rows": 46,                                                                                              
                                           "Actual Loops": 1,                                                                                              
                                           "Inner Unique": true,                                                                                           
                                           "Merge Cond": "(ml.link_type_id = lt.id)",                                                                      
                                           "Shared Hit Blocks": 11461,                                                                                     
                                           "Shared Read Blocks": 63393,                                                                                    
                                           "Shared Dirtied Blocks": 0,                                                                                     
                                           "Shared Written Blocks": 0,                                                                                     
                                           "Local Hit Blocks": 0,                                                                                          
                                           "Local Read Blocks": 0,                                                                                         
                                           "Local Dirtied Blocks": 0,                                                                                      
                                           "Local Written Blocks": 0,                                                                                      
                                           "Temp Read Blocks": 0,                                                                                          
                                           "Temp Written Blocks": 0,                                                                                       
                                           "Plans": [                                                                                                      
                                             {                                                                                                             
                                               "Node Type": "Sort",                                                                                        
                                               "Parent Relationship": "Outer",                                                                             
                                               "Parallel Aware": false,                                                                                    
                                               "Startup Cost": 22555.18,                                                                                   
                                               "Total Cost": 22555.18,                                                                                     
                                               "Plan Rows": 3,                                                                                             
                                               "Plan Width": 76,                                                                                           
                                               "Actual Startup Time": 5509.081,                                                                            
                                               "Actual Total Time": 5509.084,                                                                              
                                               "Actual Rows": 47,                                                                                          
                                               "Actual Loops": 1,                                                                                          
                                               "Sort Key": ["ml.link_type_id"],                                                                            
                                               "Sort Method": "quicksort",                                                                                 
                                               "Sort Space Used": 478,                                                                                     
                                               "Sort Space Type": "Memory",                                                                                
                                               "Shared Hit Blocks": 11460,                                                                                 
                                               "Shared Read Blocks": 63393,                                                                                
                                               "Shared Dirtied Blocks": 0,                                                                                 
                                               "Shared Written Blocks": 0,                                                                                 
                                               "Local Hit Blocks": 0,                                                                                      
                                               "Local Read Blocks": 0,                                                                                     
                                               "Local Dirtied Blocks": 0,                                                                                  
                                               "Local Written Blocks": 0,                                                                                  
                                               "Temp Read Blocks": 0,                                                                                      
                                               "Temp Written Blocks": 0,                                                                                   
                                               "Plans": [                                                                                                  
                                                 {                                                                                                         
                                                   "Node Type": "Merge Join",                                                                              
                                                   "Parent Relationship": "Outer",                                                                         
                                                   "Parallel Aware": false,                                                                                
                                                   "Join Type": "Inner",                                                                                   
                                                   "Startup Cost": 22555.18,                                                                               
                                                   "Total Cost": 22555.18,                                                                                 
                                                   "Plan Rows": 3,                                                                                         
                                                   "Plan Width": 76,                                                                                       
                                                   "Actual Startup Time": 5507.048,                                                                        
                                                   "Actual Total Time": 5508.022,                                                                          
                                                   "Actual Rows": 2719,                                                                                    
                                                   "Actual Loops": 1,                                                                                      
                                                   "Inner Unique": false,                                                                                  
                                                   "Merge Cond": "(kt2.id = t2.kind_id)",                                                                  
                                                   "Shared Hit Blocks": 11460,                                                                             
                                                   "Shared Read Blocks": 63393,                                                                            
                                                   "Shared Dirtied Blocks": 0,                                                                             
                                                   "Shared Written Blocks": 0,                                                                             
                                                   "Local Hit Blocks": 0,                                                                                  
                                                   "Local Read Blocks": 0,                                                                                 
                                                   "Local Dirtied Blocks": 0,                                                                              
                                                   "Local Written Blocks": 0,                                                                              
                                                   "Temp Read Blocks": 0,                                                                                  
                                                   "Temp Written Blocks": 0,                                                                               
                                                   "Plans": [                                                                                              
                                                     {                                                                                                     
                                                       "Node Type": "Sort",                                                                                
                                                       "Parent Relationship": "Outer",                                                                     
                                                       "Parallel Aware": false,                                                                            
                                                       "Startup Cost": 0.03,                                                                               
                                                       "Total Cost": 0.03,                                                                                 
                                                       "Plan Rows": 2,                                                                                     
                                                       "Plan Width": 4,                                                                                    
                                                       "Actual Startup Time": 0.005,                                                                       
                                                       "Actual Total Time": 0.006,                                                                         
                                                       "Actual Rows": 2,                                                                                   
                                                       "Actual Loops": 1,                                                                                  
                                                       "Sort Key": ["kt2.id"],                                                                             
                                                       "Sort Method": "quicksort",                                                                         
                                                       "Sort Space Used": 25,                                                                              
                                                       "Sort Space Type": "Memory",                                                                        
                                                       "Shared Hit Blocks": 1,                                                                             
                                                       "Shared Read Blocks": 0,                                                                            
                                                       "Shared Dirtied Blocks": 0,                                                                         
                                                       "Shared Written Blocks": 0,                                                                         
                                                       "Local Hit Blocks": 0,                                                                              
                                                       "Local Read Blocks": 0,                                                                             
                                                       "Local Dirtied Blocks": 0,                                                                          
                                                       "Local Written Blocks": 0,                                                                          
                                                       "Temp Read Blocks": 0,                                                                              
                                                       "Temp Written Blocks": 0,                                                                           
                                                       "Plans": [                                                                                          
                                                         {                                                                                                 
                                                           "Node Type": "Seq Scan",                                                                        
                                                           "Parent Relationship": "Outer",                                                                 
                                                           "Parallel Aware": false,                                                                        
                                                           "Relation Name": "kind_type",                                                                   
                                                           "Alias": "kt2",                                                                                 
                                                           "Startup Cost": 0.00,                                                                           
                                                           "Total Cost": 0.03,                                                                             
                                                           "Plan Rows": 2,                                                                                 
                                                           "Plan Width": 4,                                                                                
                                                           "Actual Startup Time": 0.002,                                                                   
                                                           "Actual Total Time": 0.003,                                                                     
                                                           "Actual Rows": 2,                                                                               
                                                           "Actual Loops": 1,                                                                              
                                                           "Filter": "((kind)::text = ANY ('{\"tv series\",episode}'::text[]))",                           
                                                           "Rows Removed by Filter": 5,                                                                    
                                                           "Shared Hit Blocks": 1,                                                                         
                                                           "Shared Read Blocks": 0,                                                                        
                                                           "Shared Dirtied Blocks": 0,                                                                     
                                                           "Shared Written Blocks": 0,                                                                     
                                                           "Local Hit Blocks": 0,                                                                          
                                                           "Local Read Blocks": 0,                                                                         
                                                           "Local Dirtied Blocks": 0,                                                                      
                                                           "Local Written Blocks": 0,                                                                      
                                                           "Temp Read Blocks": 0,                                                                          
                                                           "Temp Written Blocks": 0                                                                        
                                                         }                                                                                                 
                                                       ]                                                                                                   
                                                     },                                                                                                    
                                                     {                                                                                                     
                                                       "Node Type": "Sort",                                                                                
                                                       "Parent Relationship": "Inner",                                                                     
                                                       "Parallel Aware": false,                                                                            
                                                       "Startup Cost": 22555.14,                                                                           
                                                       "Total Cost": 22555.14,                                                                             
                                                       "Plan Rows": 11,                                                                                    
                                                       "Plan Width": 80,                                                                                   
                                                       "Actual Startup Time": 5506.953,                                                                    
                                                       "Actual Total Time": 5507.135,                                                                      
                                                       "Actual Rows": 3597,                                                                                
                                                       "Actual Loops": 1,                                                                                  
                                                       "Sort Key": ["t2.kind_id"],                                                                         
                                                       "Sort Method": "quicksort",                                                                         
                                                       "Sort Space Used": 613,                                                                             
                                                       "Sort Space Type": "Memory",                                                                        
                                                       "Shared Hit Blocks": 11459,                                                                         
                                                       "Shared Read Blocks": 63393,                                                                        
                                                       "Shared Dirtied Blocks": 0,                                                                         
                                                       "Shared Written Blocks": 0,                                                                         
                                                       "Local Hit Blocks": 0,                                                                              
                                                       "Local Read Blocks": 0,                                                                             
                                                       "Local Dirtied Blocks": 0,                                                                          
                                                       "Local Written Blocks": 0,                                                                          
                                                       "Temp Read Blocks": 0,                                                                              
                                                       "Temp Written Blocks": 0,                                                                           
                                                       "Plans": [                                                                                          
                                                         {                                                                                                 
                                                           "Node Type": "Merge Join",                                                                      
                                                           "Parent Relationship": "Outer",                                                                 
                                                           "Parallel Aware": false,                                                                        
                                                           "Join Type": "Inner",                                                                           
                                                           "Startup Cost": 22393.44,                                                                       
                                                           "Total Cost": 22555.14,                                                                         
                                                           "Plan Rows": 11,                                                                                
                                                           "Plan Width": 80,                                                                               
                                                           "Actual Startup Time": 5235.857,                                                                
                                                           "Actual Total Time": 5505.257,                                                                  
                                                           "Actual Rows": 3597,                                                                            
                                                           "Actual Loops": 1,                                                                              
                                                           "Inner Unique": true,                                                                           
                                                           "Merge Cond": "(ml.linked_movie_id = t2.id)",                                                   
                                                           "Shared Hit Blocks": 11459,                                                                     
                                                           "Shared Read Blocks": 63393,                                                                    
                                                           "Shared Dirtied Blocks": 0,                                                                     
                                                           "Shared Written Blocks": 0,                                                                     
                                                           "Local Hit Blocks": 0,                                                                          
                                                           "Local Read Blocks": 0,                                                                         
                                                           "Local Dirtied Blocks": 0,                                                                      
                                                           "Local Written Blocks": 0,                                                                      
                                                           "Temp Read Blocks": 0,                                                                          
                                                           "Temp Written Blocks": 0,                                                                       
                                                           "Plans": [                                                                                      
                                                             {                                                                                             
                                                               "Node Type": "Sort",                                                                        
                                                               "Parent Relationship": "Outer",                                                             
                                                               "Parallel Aware": false,                                                                    
                                                               "Startup Cost": 17459.65,                                                                   
                                                               "Total Cost": 17459.65,                                                                     
                                                               "Plan Rows": 27,                                                                            
                                                               "Plan Width": 55,                                                                           
                                                               "Actual Startup Time": 3284.282,                                                            
                                                               "Actual Total Time": 3284.843,                                                              
                                                               "Actual Rows": 4040,                                                                        
                                                               "Actual Loops": 1,                                                                          
                                                               "Sort Key": ["mi_idx2.movie_id"],                                                           
                                                               "Sort Method": "quicksort",                                                                 
                                                               "Sort Space Used": 520,                                                                     
                                                               "Sort Space Type": "Memory",                                                                
                                                               "Shared Hit Blocks": 11458,                                                                 
                                                               "Shared Read Blocks": 27396,                                                                
                                                               "Shared Dirtied Blocks": 0,                                                                 
                                                               "Shared Written Blocks": 0,                                                                 
                                                               "Local Hit Blocks": 0,                                                                      
                                                               "Local Read Blocks": 0,                                                                     
                                                               "Local Dirtied Blocks": 0,                                                                  
                                                               "Local Written Blocks": 0,                                                                  
                                                               "Temp Read Blocks": 0,                                                                      
                                                               "Temp Written Blocks": 0,                                                                   
                                                               "Plans": [                                                                                  
                                                                 {                                                                                         
                                                                   "Node Type": "Merge Join",                                                              
                                                                   "Parent Relationship": "Outer",                                                         
                                                                   "Parallel Aware": false,                                                                
                                                                   "Join Type": "Inner",                                                                   
                                                                   "Startup Cost": 17440.02,                                                               
                                                                   "Total Cost": 17459.63,                                                                 
                                                                   "Plan Rows": 27,                                                                        
                                                                   "Plan Width": 55,                                                                       
                                                                   "Actual Startup Time": 3271.562,                                                        
                                                                   "Actual Total Time": 3282.744,                                                          
                                                                   "Actual Rows": 4040,                                                                    
                                                                   "Actual Loops": 1,                                                                      
                                                                   "Inner Unique": true,                                                                   
                                                                   "Merge Cond": "(mc1.company_id = cn1.id)",                                              
                                                                   "Shared Hit Blocks": 11458,                                                             
                                                                   "Shared Read Blocks": 27396,                                                            
                                                                   "Shared Dirtied Blocks": 0,                                                             
                                                                   "Shared Written Blocks": 0,                                                             
                                                                   "Local Hit Blocks": 0,                                                                  
                                                                   "Local Read Blocks": 0,                                                                 
                                                                   "Local Dirtied Blocks": 0,                                                              
                                                                   "Local Written Blocks": 0,                                                              
                                                                   "Temp Read Blocks": 0,                                                                  
                                                                   "Temp Written Blocks": 0,                                                               
                                                                   "Plans": [                                                                              
                                                                     {                                                                                     
                                                                       "Node Type": "Sort",                                                                
                                                                       "Parent Relationship": "Outer",                                                     
                                                                       "Parallel Aware": false,                                                            
                                                                       "Startup Cost": 16979.46,                                                           
                                                                       "Total Cost": 16979.46,                                                             
                                                                       "Plan Rows": 50,                                                                    
                                                                       "Plan Width": 40,                                                                   
                                                                       "Actual Startup Time": 3180.557,                                                    
                                                                       "Actual Total Time": 3181.056,                                                      
                                                                       "Actual Rows": 5853,                                                                
                                                                       "Actual Loops": 1,                                                                  
                                                                       "Sort Key": ["mc1.company_id"],                                                     
                                                                       "Sort Method": "quicksort",                                                         
                                                                       "Sort Space Used": 650,                                                             
                                                                       "Sort Space Type": "Memory",                                                        
                                                                       "Shared Hit Blocks": 8464,                                                          
                                                                       "Shared Read Blocks": 27396,                                                        
                                                                       "Shared Dirtied Blocks": 0,                                                         
                                                                       "Shared Written Blocks": 0,                                                         
                                                                       "Local Hit Blocks": 0,                                                              
                                                                       "Local Read Blocks": 0,                                                             
                                                                       "Local Dirtied Blocks": 0,                                                          
                                                                       "Local Written Blocks": 0,                                                          
                                                                       "Temp Read Blocks": 0,                                                              
                                                                       "Temp Written Blocks": 0,                                                           
                                                                       "Plans": [                                                                          
                                                                         {                                                                                 
                                                                           "Node Type": "Merge Join",                                                      
                                                                           "Parent Relationship": "Outer",                                                 
                                                                           "Parallel Aware": false,                                                        
                                                                           "Join Type": "Inner",                                                           
                                                                           "Startup Cost": 16978.54,                                                       
                                                                           "Total Cost": 16979.41,                                                         
                                                                           "Plan Rows": 50,                                                                
                                                                           "Plan Width": 40,                                                               
                                                                           "Actual Startup Time": 3176.474,                                                
                                                                           "Actual Total Time": 3178.438,                                                  
                                                                           "Actual Rows": 5853,                                                            
                                                                           "Actual Loops": 1,                                                              
                                                                           "Inner Unique": true,                                                           
                                                                           "Merge Cond": "(mi_idx1.info_type_id = it1.id)",                                
                                                                           "Shared Hit Blocks": 8464,                                                      
                                                                           "Shared Read Blocks": 27396,                                                    
                                                                           "Shared Dirtied Blocks": 0,                                                     
                                                                           "Shared Written Blocks": 0,                                                     
                                                                           "Local Hit Blocks": 0,                                                          
                                                                           "Local Read Blocks": 0,                                                         
                                                                           "Local Dirtied Blocks": 0,                                                      
                                                                           "Local Written Blocks": 0,                                                      
                                                                           "Temp Read Blocks": 0,                                                          
                                                                           "Temp Written Blocks": 0,                                                       
                                                                           "Plans": [                                                                      
                                                                             {                                                                             
                                                                               "Node Type": "Sort",                                                        
                                                                               "Parent Relationship": "Outer",                                             
                                                                               "Parallel Aware": false,                                                    
                                                                               "Startup Cost": 16978.49,                                                   
                                                                               "Total Cost": 16978.92,                                                     
                                                                               "Plan Rows": 5637,                                                          
                                                                               "Plan Width": 44,                                                           
                                                                               "Actual Startup Time": 3174.145,                                            
                                                                               "Actual Total Time": 3174.983,                                              
                                                                               "Actual Rows": 17559,                                                       
                                                                               "Actual Loops": 1,                                                          
                                                                               "Sort Key": ["mi_idx1.info_type_id"],                                       
                                                                               "Sort Method": "quicksort",                                                 
                                                                               "Sort Space Used": 2140,                                                    
                                                                               "Sort Space Type": "Memory",                                                
                                                                               "Shared Hit Blocks": 8463,                                                  
                                                                               "Shared Read Blocks": 27396,                                                
                                                                               "Shared Dirtied Blocks": 0,                                                 
                                                                               "Shared Written Blocks": 0,                                                 
                                                                               "Local Hit Blocks": 0,                                                      
                                                                               "Local Read Blocks": 0,                                                     
                                                                               "Local Dirtied Blocks": 0,                                                  
                                                                               "Local Written Blocks": 0,                                                  
                                                                               "Temp Read Blocks": 0,                                                      
                                                                               "Temp Written Blocks": 0,                                                   
                                                                               "Plans": [                                                                  
                                                                                 {                                                                         
                                                                                   "Node Type": "Merge Join",                                              
                                                                                   "Parent Relationship": "Outer",                                         
                                                                                   "Parallel Aware": false,                                                
                                                                                   "Join Type": "Inner",                                                   
                                                                                   "Startup Cost": 16941.42,                                               
                                                                                   "Total Cost": 16967.58,                                                 
                                                                                   "Plan Rows": 5637,                                                      
                                                                                   "Plan Width": 44,                                                       
                                                                                   "Actual Startup Time": 3139.867,                                        
                                                                                   "Actual Total Time": 3167.597,                                          
                                                                                   "Actual Rows": 17559,                                                   
                                                                                   "Actual Loops": 1,                                                      
                                                                                   "Inner Unique": false,                                                  
                                                                                   "Merge Cond": "(ml.movie_id = mi_idx1.movie_id)",                       
                                                                                   "Shared Hit Blocks": 8463,                                              
                                                                                   "Shared Read Blocks": 27396,                                            
                                                                                   "Shared Dirtied Blocks": 0,                                             
                                                                                   "Shared Written Blocks": 0,                                             
                                                                                   "Local Hit Blocks": 0,                                                  
                                                                                   "Local Read Blocks": 0,                                                 
                                                                                   "Local Dirtied Blocks": 0,                                              
                                                                                   "Local Written Blocks": 0,                                              
                                                                                   "Temp Read Blocks": 0,                                                  
                                                                                   "Temp Written Blocks": 0,                                               
                                                                                   "Plans": [                                                              
                                                                                     {                                                                     
                                                                                       "Node Type": "Merge Join",                                          
                                                                                       "Parent Relationship": "Outer",                                     
                                                                                       "Parallel Aware": false,                                            
                                                                                       "Join Type": "Inner",                                               
                                                                                       "Startup Cost": 12210.11,                                           
                                                                                       "Total Cost": 12225.82,                                             
                                                                                       "Plan Rows": 1879,                                                  
                                                                                       "Plan Width": 30,                                                   
                                                                                       "Actual Startup Time": 2438.994,                                    
                                                                                       "Actual Total Time": 2453.121,                                      
                                                                                       "Actual Rows": 6138,                                                
                                                                                       "Actual Loops": 1,                                                  
                                                                                       "Inner Unique": false,                                              
                                                                                       "Merge Cond": "(ml.movie_id = mc1.movie_id)",                       
                                                                                       "Shared Hit Blocks": 10,                                            
                                                                                       "Shared Read Blocks": 27396,                                        
                                                                                       "Shared Dirtied Blocks": 0,                                         
                                                                                       "Shared Written Blocks": 0,                                         
                                                                                       "Local Hit Blocks": 0,                                              
                                                                                       "Local Read Blocks": 0,                                             
                                                                                       "Local Dirtied Blocks": 0,                                          
                                                                                       "Local Written Blocks": 0,                                          
                                                                                       "Temp Read Blocks": 0,                                              
                                                                                       "Temp Written Blocks": 0,                                           
                                                                                       "Plans": [                                                          
                                                                                         {                                                                 
                                                                                           "Node Type": "Sort",                                            
                                                                                           "Parent Relationship": "Outer",                                 
                                                                                           "Parallel Aware": false,                                        
                                                                                           "Startup Cost": 2804.66,                                        
                                                                                           "Total Cost": 2804.69,                                          
                                                                                           "Plan Rows": 416,                                               
                                                                                           "Plan Width": 22,                                               
                                                                                           "Actual Startup Time": 819.796,                                 
                                                                                           "Actual Total Time": 819.953,                                   
                                                                                           "Actual Rows": 1505,                                            
                                                                                           "Actual Loops": 1,                                              
                                                                                           "Sort Key": ["ml.movie_id"],                                    
                                                                                           "Sort Method": "quicksort",                                     
                                                                                           "Sort Space Used": 166,                                         
                                                                                           "Sort Space Type": "Memory",                                    
                                                                                           "Shared Hit Blocks": 7,                                         
                                                                                           "Shared Read Blocks": 8610,                                     
                                                                                           "Shared Dirtied Blocks": 0,                                     
                                                                                           "Shared Written Blocks": 0,                                     
                                                                                           "Local Hit Blocks": 0,                                          
                                                                                           "Local Read Blocks": 0,                                         
                                                                                           "Local Dirtied Blocks": 0,                                      
                                                                                           "Local Written Blocks": 0,                                      
                                                                                           "Temp Read Blocks": 0,                                          
                                                                                           "Temp Written Blocks": 0,                                       
                                                                                           "Plans": [                                                      
                                                                                             {                                                             
                                                                                               "Node Type": "Merge Join",                                  
                                                                                               "Parent Relationship": "Outer",                             
                                                                                               "Parallel Aware": false,                                    
                                                                                               "Join Type": "Inner",                                       
                                                                                               "Startup Cost": 2798.44,                                    
                                                                                               "Total Cost": 2804.10,                                      
                                                                                               "Plan Rows": 416,                                           
                                                                                               "Plan Width": 22,                                           
                                                                                               "Actual Startup Time": 807.149,                             
                                                                                               "Actual Total Time": 819.281,                               
                                                                                               "Actual Rows": 1505,                                        
                                                                                               "Actual Loops": 1,                                          
                                                                                               "Inner Unique": false,                                      
                                                                                               "Merge Cond": "(mi_idx2.movie_id = ml.linked_movie_id)",    
                                                                                               "Shared Hit Blocks": 7,                                     
                                                                                               "Shared Read Blocks": 8610,                                 
                                                                                               "Shared Dirtied Blocks": 0,                                 
                                                                                               "Shared Written Blocks": 0,                                 
                                                                                               "Local Hit Blocks": 0,                                      
                                                                                               "Local Read Blocks": 0,                                     
                                                                                               "Local Dirtied Blocks": 0,                                  
                                                                                               "Local Written Blocks": 0,                                  
                                                                                               "Temp Read Blocks": 0,                                      
                                                                                               "Temp Written Blocks": 0,                                   
                                                                                               "Plans": [                                                  
                                                                                                 {                                                         
                                                                                                   "Node Type": "Sort",                                    
                                                                                                   "Parent Relationship": "Outer",                         
                                                                                                   "Parallel Aware": false,                                
                                                                                                   "Startup Cost": 2721.98,                                
                                                                                                   "Total Cost": 2722.46,                                  
                                                                                                   "Plan Rows": 6253,                                      
                                                                                                   "Plan Width": 10,                                       
                                                                                                   "Actual Startup Time": 765.275,                         
                                                                                                   "Actual Total Time": 767.738,                           
                                                                                                   "Actual Rows": 36729,                                   
                                                                                                   "Actual Loops": 1,                                      
                                                                                                   "Sort Key": ["mi_idx2.movie_id"],                       
                                                                                                   "Sort Method": "quicksort",                             
                                                                                                   "Sort Space Used": 3259,                                
                                                                                                   "Sort Space Type": "Memory",                            
                                                                                                   "Shared Hit Blocks": 3,                                 
                                                                                                   "Shared Read Blocks": 8451,                             
                                                                                                   "Shared Dirtied Blocks": 0,                             
                                                                                                   "Shared Written Blocks": 0,                             
                                                                                                   "Local Hit Blocks": 0,                                  
                                                                                                   "Local Read Blocks": 0,                                 
                                                                                                   "Local Dirtied Blocks": 0,                              
                                                                                                   "Local Written Blocks": 0,                              
                                                                                                   "Temp Read Blocks": 0,                                  
                                                                                                   "Temp Written Blocks": 0,                               
                                                                                                   "Plans": [                                              
                                                                                                     {                                                     
                                                                                                       "Node Type": "Merge Join",                          
                                                                                                       "Parent Relationship": "Outer",                     
                                                                                                       "Parallel Aware": false,                            
                                                                                                       "Join Type": "Inner",                               
                                                                                                       "Startup Cost": 2599.59,                            
                                                                                                       "Total Cost": 2709.73,                              
                                                                                                       "Plan Rows": 6253,                                  
                                                                                                       "Plan Width": 10,                                   
                                                                                                       "Actual Startup Time": 738.625,                     
                                                                                                       "Actual Total Time": 752.418,                       
                                                                                                       "Actual Rows": 36749,                               
                                                                                                       "Actual Loops": 1,                                  
                                                                                                       "Inner Unique": true,                               
                                                                                                       "Merge Cond": "(mi_idx2.info_type_id = it2.id)",    
                                                                                                       "Shared Hit Blocks": 3,                             
                                                                                                       "Shared Read Blocks": 8451,                         
                                                                                                       "Shared Dirtied Blocks": 0,                         
                                                                                                       "Shared Written Blocks": 0,                         
                                                                                                       "Local Hit Blocks": 0,                              
                                                                                                       "Local Read Blocks": 0,                             
                                                                                                       "Local Dirtied Blocks": 0,                          
                                                                                                       "Local Written Blocks": 0,                          
                                                                                                       "Temp Read Blocks": 0,                              
                                                                                                       "Temp Written Blocks": 0,                           
                                                                                                       "Plans": [                                          
                                                                                                         {                                                 
                                                                                                           "Node Type": "Sort",                            
                                                                                                           "Parent Relationship": "Outer",                 
                                                                                                           "Parallel Aware": false,                        
                                                                                                           "Startup Cost": 2599.54,                        
                                                                                                           "Total Cost": 2654.40,                          
                                                                                                           "Plan Rows": 706570,                            
                                                                                                           "Plan Width": 14,                               
                                                                                                           "Actual Startup Time": 634.328,                 
                                                                                                           "Actual Total Time": 674.147,                   
                                                                                                           "Actual Rows": 706377,                          
                                                                                                           "Actual Loops": 1,                              
                                                                                                           "Sort Key": ["mi_idx2.info_type_id"],           
                                                                                                           "Sort Method": "quicksort",                     
                                                                                                           "Sort Space Used": 71256,                       
                                                                                                           "Sort Space Type": "Memory",                    
                                                                                                           "Shared Hit Blocks": 2,                         
                                                                                                           "Shared Read Blocks": 8451,                     
                                                                                                           "Shared Dirtied Blocks": 0,                     
                                                                                                           "Shared Written Blocks": 0,                     
                                                                                                           "Local Hit Blocks": 0,                          
                                                                                                           "Local Read Blocks": 0,                         
                                                                                                           "Local Dirtied Blocks": 0,                      
                                                                                                           "Local Written Blocks": 0,                      
                                                                                                           "Temp Read Blocks": 0,                          
                                                                                                           "Temp Written Blocks": 0,                       
                                                                                                           "Plans": [                                      
                                                                                                             {                                             
                                                                                                               "Node Type": "Seq Scan",                    
                                                                                                               "Parent Relationship": "Outer",             
                                                                                                               "Parallel Aware": false,                    
                                                                                                               "Relation Name": "movie_info_idx",          
                                                                                                               "Alias": "mi_idx2",                         
                                                                                                               "Startup Cost": 0.00,                       
                                                                                                               "Total Cost": 467.71,                       
                                                                                                               "Plan Rows": 706570,                        
                                                                                                               "Plan Width": 14,                           
                                                                                                               "Actual Startup Time": 0.009,               
                                                                                                               "Actual Total Time": 449.129,               
                                                                                                               "Actual Rows": 706560,                      
                                                                                                               "Actual Loops": 1,                          
                                                                                                               "Filter": "(info < '3.5'::text)",           
                                                                                                               "Rows Removed by Filter": 673475,           
                                                                                                               "Shared Hit Blocks": 2,                     
                                                                                                               "Shared Read Blocks": 8451,                 
                                                                                                               "Shared Dirtied Blocks": 0,                 
                                                                                                               "Shared Written Blocks": 0,                 
                                                                                                               "Local Hit Blocks": 0,                      
                                                                                                               "Local Read Blocks": 0,                     
                                                                                                               "Local Dirtied Blocks": 0,                  
                                                                                                               "Local Written Blocks": 0,                  
                                                                                                               "Temp Read Blocks": 0,                      
                                                                                                               "Temp Written Blocks": 0                    
                                                                                                             }                                             
                                                                                                           ]                                               
                                                                                                         },                                                
                                                                                                         {                                                 
                                                                                                           "Node Type": "Sort",                            
                                                                                                           "Parent Relationship": "Inner",                 
                                                                                                           "Parallel Aware": false,                        
                                                                                                           "Startup Cost": 0.05,                           
                                                                                                           "Total Cost": 0.05,                             
                                                                                                           "Plan Rows": 1,                                 
                                                                                                           "Plan Width": 4,                                
                                                                                                           "Actual Startup Time": 0.035,                   
                                                                                                           "Actual Total Time": 0.035,                     
                                                                                                           "Actual Rows": 1,                               
                                                                                                           "Actual Loops": 1,                              
                                                                                                           "Sort Key": ["it2.id"],                         
                                                                                                           "Sort Method": "quicksort",                     
                                                                                                           "Sort Space Used": 25,                          
                                                                                                           "Sort Space Type": "Memory",                    
                                                                                                           "Shared Hit Blocks": 1,                         
                                                                                                           "Shared Read Blocks": 0,                        
                                                                                                           "Shared Dirtied Blocks": 0,                     
                                                                                                           "Shared Written Blocks": 0,                     
                                                                                                           "Local Hit Blocks": 0,                          
                                                                                                           "Local Read Blocks": 0,                         
                                                                                                           "Local Dirtied Blocks": 0,                      
                                                                                                           "Local Written Blocks": 0,                      
                                                                                                           "Temp Read Blocks": 0,                          
                                                                                                           "Temp Written Blocks": 0,                       
                                                                                                           "Plans": [                                      
                                                                                                             {                                             
                                                                                                               "Node Type": "Seq Scan",                    
                                                                                                               "Parent Relationship": "Outer",             
                                                                                                               "Parallel Aware": false,                    
                                                                                                               "Relation Name": "info_type",               
                                                                                                               "Alias": "it2",                             
                                                                                                               "Startup Cost": 0.00,                       
                                                                                                               "Total Cost": 0.05,                         
                                                                                                               "Plan Rows": 1,                             
                                                                                                               "Plan Width": 4,                            
                                                                                                               "Actual Startup Time": 0.023,               
                                                                                                               "Actual Total Time": 0.025,                 
                                                                                                               "Actual Rows": 1,                           
                                                                                                               "Actual Loops": 1,                          
                                                                                                               "Filter": "((info)::text = 'rating'::text)",
                                                                                                               "Rows Removed by Filter": 112,              
                                                                                                               "Shared Hit Blocks": 1,                     
                                                                                                               "Shared Read Blocks": 0,                    
                                                                                                               "Shared Dirtied Blocks": 0,                 
                                                                                                               "Shared Written Blocks": 0,                 
                                                                                                               "Local Hit Blocks": 0,                      
                                                                                                               "Local Read Blocks": 0,                     
                                                                                                               "Local Dirtied Blocks": 0,                  
                                                                                                               "Local Written Blocks": 0,                  
                                                                                                               "Temp Read Blocks": 0,                      
                                                                                                               "Temp Written Blocks": 0                    
                                                                                                             }                                             
                                                                                                           ]                                               
                                                                                                         }                                                 
                                                                                                       ]                                                   
                                                                                                     }                                                     
                                                                                                   ]                                                       
                                                                                                 },                                                        
                                                                                                 {                                                         
                                                                                                   "Node Type": "Sort",                                    
                                                                                                   "Parent Relationship": "Inner",                         
                                                                                                   "Parallel Aware": false,                                
                                                                                                   "Startup Cost": 76.46,                                  
                                                                                                   "Total Cost": 78.79,                                    
                                                                                                   "Plan Rows": 29997,                                     
                                                                                                   "Plan Width": 12,                                       
                                                                                                   "Actual Startup Time": 41.845,                          
                                                                                                   "Actual Total Time": 43.667,                            
                                                                                                   "Actual Rows": 29997,                                   
                                                                                                   "Actual Loops": 1,                                      
                                                                                                   "Sort Key": ["ml.linked_movie_id"],                     
                                                                                                   "Sort Method": "quicksort",                             
                                                                                                   "Sort Space Used": 2175,                                
                                                                                                   "Sort Space Type": "Memory",                            
                                                                                                   "Shared Hit Blocks": 4,                                 
                                                                                                   "Shared Read Blocks": 159,                              
                                                                                                   "Shared Dirtied Blocks": 0,                             
                                                                                                   "Shared Written Blocks": 0,                             
                                                                                                   "Local Hit Blocks": 0,                                  
                                                                                                   "Local Read Blocks": 0,                                 
                                                                                                   "Local Dirtied Blocks": 0,                              
                                                                                                   "Local Written Blocks": 0,                              
                                                                                                   "Temp Read Blocks": 0,                                  
                                                                                                   "Temp Written Blocks": 0,                               
                                                                                                   "Plans": [                                              
                                                                                                     {                                                     
                                                                                                       "Node Type": "Seq Scan",                            
                                                                                                       "Parent Relationship": "Outer",                     
                                                                                                       "Parallel Aware": false,                            
                                                                                                       "Relation Name": "movie_link",                      
                                                                                                       "Alias": "ml",                                      
                                                                                                       "Startup Cost": 0.00,                               
                                                                                                       "Total Cost": 7.19,                                 
                                                                                                       "Plan Rows": 29997,                                 
                                                                                                       "Plan Width": 12,                                   
                                                                                                       "Actual Startup Time": 0.013,                       
                                                                                                       "Actual Total Time": 24.168,                        
                                                                                                       "Actual Rows": 29997,                               
                                                                                                       "Actual Loops": 1,                                  
                                                                                                       "Shared Hit Blocks": 4,                             
                                                                                                       "Shared Read Blocks": 159,                          
                                                                                                       "Shared Dirtied Blocks": 0,                         
                                                                                                       "Shared Written Blocks": 0,                         
                                                                                                       "Local Hit Blocks": 0,                              
                                                                                                       "Local Read Blocks": 0,                             
                                                                                                       "Local Dirtied Blocks": 0,                          
                                                                                                       "Local Written Blocks": 0,                          
                                                                                                       "Temp Read Blocks": 0,                              
                                                                                                       "Temp Written Blocks": 0                            
                                                                                                     }                                                     
                                                                                                   ]                                                       
                                                                                                 }                                                         
                                                                                               ]                                                           
                                                                                             }                                                             
                                                                                           ]                                                               
                                                                                         },                                                                
                                                                                         {                                                                 
                                                                                           "Node Type": "Sort",                                            
                                                                                           "Parent Relationship": "Inner",                                 
                                                                                           "Parallel Aware": false,                                        
                                                                                           "Startup Cost": 9405.45,                                        
                                                                                           "Total Cost": 9608.03,                                          
                                                                                           "Plan Rows": 2609129,                                           
                                                                                           "Plan Width": 8,                                                
                                                                                           "Actual Startup Time": 1619.163,                                
                                                                                           "Actual Total Time": 1623.206,                                  
                                                                                           "Actual Rows": 88444,                                           
                                                                                           "Actual Loops": 1,                                              
                                                                                           "Sort Key": ["mc1.movie_id"],                                   
                                                                                           "Sort Method": "quicksort",                                     
                                                                                           "Sort Space Used": 220607,                                      
                                                                                           "Sort Space Type": "Memory",                                    
                                                                                           "Shared Hit Blocks": 3,                                         
                                                                                           "Shared Read Blocks": 18786,                                    
                                                                                           "Shared Dirtied Blocks": 0,                                     
                                                                                           "Shared Written Blocks": 0,                                     
                                                                                           "Local Hit Blocks": 0,                                          
                                                                                           "Local Read Blocks": 0,                                         
                                                                                           "Local Dirtied Blocks": 0,                                      
                                                                                           "Local Written Blocks": 0,                                      
                                                                                           "Temp Read Blocks": 0,                                          
                                                                                           "Temp Written Blocks": 0,                                       
                                                                                           "Plans": [                                                      
                                                                                             {                                                             
                                                                                               "Node Type": "Seq Scan",                                    
                                                                                               "Parent Relationship": "Outer",                             
                                                                                               "Parallel Aware": false,                                    
                                                                                               "Relation Name": "movie_companies",                         
                                                                                               "Alias": "mc1",                                             
                                                                                               "Startup Cost": 0.00,                                       
                                                                                               "Total Cost": 769.75,                                       
                                                                                               "Plan Rows": 2609129,                                       
                                                                                               "Plan Width": 8,                                            
                                                                                               "Actual Startup Time": 0.010,                               
                                                                                               "Actual Total Time": 672.541,                               
                                                                                               "Actual Rows": 2609129,                                     
                                                                                               "Actual Loops": 1,                                          
                                                                                               "Shared Hit Blocks": 3,                                     
                                                                                               "Shared Read Blocks": 18786,                                
                                                                                               "Shared Dirtied Blocks": 0,                                 
                                                                                               "Shared Written Blocks": 0,                                 
                                                                                               "Local Hit Blocks": 0,                                      
                                                                                               "Local Read Blocks": 0,                                     
                                                                                               "Local Dirtied Blocks": 0,                                  
                                                                                               "Local Written Blocks": 0,                                  
                                                                                               "Temp Read Blocks": 0,                                      
                                                                                               "Temp Written Blocks": 0                                    
                                                                                             }                                                             
                                                                                           ]                                                               
                                                                                         }                                                                 
                                                                                       ]                                                                   
                                                                                     },                                                                    
                                                                                     {                                                                     
                                                                                       "Node Type": "Sort",                                                
                                                                                       "Parent Relationship": "Inner",                                     
                                                                                       "Parallel Aware": false,                                            
                                                                                       "Startup Cost": 4731.30,                                            
                                                                                       "Total Cost": 4838.45,                                              
                                                                                       "Plan Rows": 1380035,                                               
                                                                                       "Plan Width": 14,                                                   
                                                                                       "Actual Startup Time": 700.850,                                     
                                                                                       "Actual Total Time": 704.130,                                       
                                                                                       "Actual Rows": 71833,                                               
                                                                                       "Actual Loops": 1,                                                  
                                                                                       "Sort Key": ["mi_idx1.movie_id"],                                   
                                                                                       "Sort Method": "quicksort",                                         
                                                                                       "Sort Space Used": 128214,                                          
                                                                                       "Sort Space Type": "Memory",                                        
                                                                                       "Shared Hit Blocks": 8453,                                          
                                                                                       "Shared Read Blocks": 0,                                            
                                                                                       "Shared Dirtied Blocks": 0,                                         
                                                                                       "Shared Written Blocks": 0,                                         
                                                                                       "Local Hit Blocks": 0,                                              
                                                                                       "Local Read Blocks": 0,                                             
                                                                                       "Local Dirtied Blocks": 0,                                          
                                                                                       "Local Written Blocks": 0,                                          
                                                                                       "Temp Read Blocks": 0,                                              
                                                                                       "Temp Written Blocks": 0,                                           
                                                                                       "Plans": [                                                          
                                                                                         {                                                                 
                                                                                           "Node Type": "Seq Scan",                                        
                                                                                           "Parent Relationship": "Outer",                                 
                                                                                           "Parallel Aware": false,                                        
                                                                                           "Relation Name": "movie_info_idx",                              
                                                                                           "Alias": "mi_idx1",                                             
                                                                                           "Startup Cost": 0.00,                                           
                                                                                           "Total Cost": 360.56,                                           
                                                                                           "Plan Rows": 1380035,                                           
                                                                                           "Plan Width": 14,                                               
                                                                                           "Actual Startup Time": 0.013,                                   
                                                                                           "Actual Total Time": 208.542,                                   
                                                                                           "Actual Rows": 1380035,                                         
                                                                                           "Actual Loops": 1,                                              
                                                                                           "Shared Hit Blocks": 8453,                                      
                                                                                           "Shared Read Blocks": 0,                                        
                                                                                           "Shared Dirtied Blocks": 0,                                     
                                                                                           "Shared Written Blocks": 0,                                     
                                                                                           "Local Hit Blocks": 0,                                          
                                                                                           "Local Read Blocks": 0,                                         
                                                                                           "Local Dirtied Blocks": 0,                                      
                                                                                           "Local Written Blocks": 0,                                      
                                                                                           "Temp Read Blocks": 0,                                          
                                                                                           "Temp Written Blocks": 0                                        
                                                                                         }                                                                 
                                                                                       ]                                                                   
                                                                                     }                                                                     
                                                                                   ]                                                                       
                                                                                 }                                                                         
                                                                               ]                                                                           
                                                                             },                                                                            
                                                                             {                                                                             
                                                                               "Node Type": "Sort",                                                        
                                                                               "Parent Relationship": "Inner",                                             
                                                                               "Parallel Aware": false,                                                    
                                                                               "Startup Cost": 0.05,                                                       
                                                                               "Total Cost": 0.05,                                                         
                                                                               "Plan Rows": 1,                                                             
                                                                               "Plan Width": 4,                                                            
                                                                               "Actual Startup Time": 0.033,                                               
                                                                               "Actual Total Time": 0.033,                                                 
                                                                               "Actual Rows": 1,                                                           
                                                                               "Actual Loops": 1,                                                          
                                                                               "Sort Key": ["it1.id"],                                                     
                                                                               "Sort Method": "quicksort",                                                 
                                                                               "Sort Space Used": 25,                                                      
                                                                               "Sort Space Type": "Memory",                                                
                                                                               "Shared Hit Blocks": 1,                                                     
                                                                               "Shared Read Blocks": 0,                                                    
                                                                               "Shared Dirtied Blocks": 0,                                                 
                                                                               "Shared Written Blocks": 0,                                                 
                                                                               "Local Hit Blocks": 0,                                                      
                                                                               "Local Read Blocks": 0,                                                     
                                                                               "Local Dirtied Blocks": 0,                                                  
                                                                               "Local Written Blocks": 0,                                                  
                                                                               "Temp Read Blocks": 0,                                                      
                                                                               "Temp Written Blocks": 0,                                                   
                                                                               "Plans": [                                                                  
                                                                                 {                                                                         
                                                                                   "Node Type": "Seq Scan",                                                
                                                                                   "Parent Relationship": "Outer",                                         
                                                                                   "Parallel Aware": false,                                                
                                                                                   "Relation Name": "info_type",                                           
                                                                                   "Alias": "it1",                                                         
                                                                                   "Startup Cost": 0.00,                                                   
                                                                                   "Total Cost": 0.05,                                                     
                                                                                   "Plan Rows": 1,                                                         
                                                                                   "Plan Width": 4,                                                        
                                                                                   "Actual Startup Time": 0.025,                                           
                                                                                   "Actual Total Time": 0.027,                                             
                                                                                   "Actual Rows": 1,                                                       
                                                                                   "Actual Loops": 1,                                                      
                                                                                   "Filter": "((info)::text = 'rating'::text)",                            
                                                                                   "Rows Removed by Filter": 112,                                          
                                                                                   "Shared Hit Blocks": 1,                                                 
                                                                                   "Shared Read Blocks": 0,                                                
                                                                                   "Shared Dirtied Blocks": 0,                                             
                                                                                   "Shared Written Blocks": 0,                                             
                                                                                   "Local Hit Blocks": 0,                                                  
                                                                                   "Local Read Blocks": 0,                                                 
                                                                                   "Local Dirtied Blocks": 0,                                              
                                                                                   "Local Written Blocks": 0,                                              
                                                                                   "Temp Read Blocks": 0,                                                  
                                                                                   "Temp Written Blocks": 0                                                
                                                                                 }                                                                         
                                                                               ]                                                                           
                                                                             }                                                                             
                                                                           ]                                                                               
                                                                         }                                                                                 
                                                                       ]                                                                                   
                                                                     },                                                                                    
                                                                     {                                                                                     
                                                                       "Node Type": "Sort",                                                                
                                                                       "Parent Relationship": "Inner",                                                     
                                                                       "Parallel Aware": false,                                                            
                                                                       "Startup Cost": 460.56,                                                             
                                                                       "Total Cost": 470.36,                                                               
                                                                       "Plan Rows": 126230,                                                                
                                                                       "Plan Width": 23,                                                                   
                                                                       "Actual Startup Time": 90.998,                                                      
                                                                       "Actual Total Time": 94.974,                                                        
                                                                       "Actual Rows": 40695,                                                               
                                                                       "Actual Loops": 1,                                                                  
                                                                       "Sort Key": ["cn1.id"],                                                             
                                                                       "Sort Method": "quicksort",                                                         
                                                                       "Sort Space Used": 12077,                                                           
                                                                       "Sort Space Type": "Memory",                                                        
                                                                       "Shared Hit Blocks": 2994,                                                          
                                                                       "Shared Read Blocks": 0,                                                            
                                                                       "Shared Dirtied Blocks": 0,                                                         
                                                                       "Shared Written Blocks": 0,                                                         
                                                                       "Local Hit Blocks": 0,                                                              
                                                                       "Local Read Blocks": 0,                                                             
                                                                       "Local Dirtied Blocks": 0,                                                          
                                                                       "Local Written Blocks": 0,                                                          
                                                                       "Temp Read Blocks": 0,                                                              
                                                                       "Temp Written Blocks": 0,                                                           
                                                                       "Plans": [                                                                          
                                                                         {                                                                                 
                                                                           "Node Type": "Seq Scan",                                                        
                                                                           "Parent Relationship": "Outer",                                                 
                                                                           "Parallel Aware": false,                                                        
                                                                           "Relation Name": "company_name",                                                
                                                                           "Alias": "cn1",                                                                 
                                                                           "Startup Cost": 0.00,                                                           
                                                                           "Total Cost": 128.41,                                                           
                                                                           "Plan Rows": 126230,                                                            
                                                                           "Plan Width": 23,                                                               
                                                                           "Actual Startup Time": 0.008,                                                   
                                                                           "Actual Total Time": 40.308,                                                    
                                                                           "Actual Rows": 126230,                                                          
                                                                           "Actual Loops": 1,                                                              
                                                                           "Filter": "((country_code)::text <> '[us]'::text)",                             
                                                                           "Rows Removed by Filter": 108767,                                               
                                                                           "Shared Hit Blocks": 2994,                                                      
                                                                           "Shared Read Blocks": 0,                                                        
                                                                           "Shared Dirtied Blocks": 0,                                                     
                                                                           "Shared Written Blocks": 0,                                                     
                                                                           "Local Hit Blocks": 0,                                                          
                                                                           "Local Read Blocks": 0,                                                         
                                                                           "Local Dirtied Blocks": 0,                                                      
                                                                           "Local Written Blocks": 0,                                                      
                                                                           "Temp Read Blocks": 0,                                                          
                                                                           "Temp Written Blocks": 0                                                        
                                                                         }                                                                                 
                                                                       ]                                                                                   
                                                                     }                                                                                     
                                                                   ]                                                                                       
                                                                 }                                                                                         
                                                               ]                                                                                           
                                                             },                                                                                            
                                                             {                                                                                             
                                                               "Node Type": "Sort",                                                                        
                                                               "Parent Relationship": "Inner",                                                             
                                                               "Parallel Aware": false,                                                                    
                                                               "Startup Cost": 4933.77,                                                                    
                                                               "Total Cost": 5014.74,                                                                      
                                                               "Plan Rows": 1042800,                                                                       
                                                               "Plan Width": 25,                                                                           
                                                               "Actual Startup Time": 1950.475,                                                            
                                                               "Actual Total Time": 2075.079,                                                              
                                                               "Actual Rows": 1035704,                                                                     
                                                               "Actual Loops": 1,                                                                          
                                                               "Sort Key": ["t2.id"],                                                                      
                                                               "Sort Method": "quicksort",                                                                 
                                                               "Sort Space Used": 103253,                                                                  
                                                               "Sort Space Type": "Memory",                                                                
                                                               "Shared Hit Blocks": 1,                                                                     
                                                               "Shared Read Blocks": 35997,                                                                
                                                               "Shared Dirtied Blocks": 0,                                                                 
                                                               "Shared Written Blocks": 0,                                                                 
                                                               "Local Hit Blocks": 0,                                                                      
                                                               "Local Read Blocks": 0,                                                                     
                                                               "Local Dirtied Blocks": 0,                                                                  
                                                               "Local Written Blocks": 0,                                                                  
                                                               "Temp Read Blocks": 0,                                                                      
                                                               "Temp Written Blocks": 0,                                                                   
                                                               "Plans": [                                                                                  
                                                                 {                                                                                         
                                                                   "Node Type": "Seq Scan",                                                                
                                                                   "Parent Relationship": "Outer",                                                         
                                                                   "Parallel Aware": false,                                                                
                                                                   "Relation Name": "title",                                                               
                                                                   "Alias": "t2",                                                                          
                                                                   "Startup Cost": 0.00,                                                                   
                                                                   "Total Cost": 1696.56,                                                                  
                                                                   "Plan Rows": 1042800,                                                                   
                                                                   "Plan Width": 25,                                                                       
                                                                   "Actual Startup Time": 15.022,                                                          
                                                                   "Actual Total Time": 1326.070,                                                          
                                                                   "Actual Rows": 1042800,                                                                 
                                                                   "Actual Loops": 1,                                                                      
                                                                   "Filter": "((production_year >= 2000) AND (production_year <= 2010))",                  
                                                                   "Rows Removed by Filter": 1485512,                                                      
                                                                   "Shared Hit Blocks": 1,                                                                 
                                                                   "Shared Read Blocks": 35997,                                                            
                                                                   "Shared Dirtied Blocks": 0,                                                             
                                                                   "Shared Written Blocks": 0,                                                             
                                                                   "Local Hit Blocks": 0,                                                                  
                                                                   "Local Read Blocks": 0,                                                                 
                                                                   "Local Dirtied Blocks": 0,                                                              
                                                                   "Local Written Blocks": 0,                                                              
                                                                   "Temp Read Blocks": 0,                                                                  
                                                                   "Temp Written Blocks": 0                                                                
                                                                 }                                                                                         
                                                               ]                                                                                           
                                                             }                                                                                             
                                                           ]                                                                                               
                                                         }                                                                                                 
                                                       ]                                                                                                   
                                                     }                                                                                                     
                                                   ]                                                                                                       
                                                 }                                                                                                         
                                               ]                                                                                                           
                                             },                                                                                                            
                                             {                                                                                                             
                                               "Node Type": "Sort",                                                                                        
                                               "Parent Relationship": "Inner",                                                                             
                                               "Parallel Aware": false,                                                                                    
                                               "Startup Cost": 0.04,                                                                                       
                                               "Total Cost": 0.04,                                                                                         
                                               "Plan Rows": 3,                                                                                             
                                               "Plan Width": 4,                                                                                            
                                               "Actual Startup Time": 0.029,                                                                               
                                               "Actual Total Time": 0.029,                                                                                 
                                               "Actual Rows": 2,                                                                                           
                                               "Actual Loops": 1,                                                                                          
                                               "Sort Key": ["lt.id"],                                                                                      
                                               "Sort Method": "quicksort",                                                                                 
                                               "Sort Space Used": 25,                                                                                      
                                               "Sort Space Type": "Memory",                                                                                
                                               "Shared Hit Blocks": 1,                                                                                     
                                               "Shared Read Blocks": 0,                                                                                    
                                               "Shared Dirtied Blocks": 0,                                                                                 
                                               "Shared Written Blocks": 0,                                                                                 
                                               "Local Hit Blocks": 0,                                                                                      
                                               "Local Read Blocks": 0,                                                                                     
                                               "Local Dirtied Blocks": 0,                                                                                  
                                               "Local Written Blocks": 0,                                                                                  
                                               "Temp Read Blocks": 0,                                                                                      
                                               "Temp Written Blocks": 0,                                                                                   
                                               "Plans": [                                                                                                  
                                                 {                                                                                                         
                                                   "Node Type": "Seq Scan",                                                                                
                                                   "Parent Relationship": "Outer",                                                                         
                                                   "Parallel Aware": false,                                                                                
                                                   "Relation Name": "link_type",                                                                           
                                                   "Alias": "lt",                                                                                          
                                                   "Startup Cost": 0.00,                                                                                   
                                                   "Total Cost": 0.03,                                                                                     
                                                   "Plan Rows": 3,                                                                                         
                                                   "Plan Width": 4,                                                                                        
                                                   "Actual Startup Time": 0.018,                                                                           
                                                   "Actual Total Time": 0.022,                                                                             
                                                   "Actual Rows": 2,                                                                                       
                                                   "Actual Loops": 1,                                                                                      
                                                   "Filter": "((link)::text = ANY ('{sequel,follows,\"followed by\"}'::text[]))",                          
                                                   "Rows Removed by Filter": 16,                                                                           
                                                   "Shared Hit Blocks": 1,                                                                                 
                                                   "Shared Read Blocks": 0,                                                                                
                                                   "Shared Dirtied Blocks": 0,                                                                             
                                                   "Shared Written Blocks": 0,                                                                             
                                                   "Local Hit Blocks": 0,                                                                                  
                                                   "Local Read Blocks": 0,                                                                                 
                                                   "Local Dirtied Blocks": 0,                                                                              
                                                   "Local Written Blocks": 0,                                                                              
                                                   "Temp Read Blocks": 0,                                                                                  
                                                   "Temp Written Blocks": 0                                                                                
                                                 }                                                                                                         
                                               ]                                                                                                           
                                             }                                                                                                             
                                           ]                                                                                                               
                                         }                                                                                                                 
                                       ]                                                                                                                   
                                     },                                                                                                                    
                                     {                                                                                                                     
                                       "Node Type": "Sort",                                                                                                
                                       "Parent Relationship": "Inner",                                                                                     
                                       "Parallel Aware": false,                                                                                            
                                       "Startup Cost": 9654.35,                                                                                            
                                       "Total Cost": 9850.65,                                                                                              
                                       "Plan Rows": 2528312,                                                                                               
                                       "Plan Width": 25,                                                                                                   
                                       "Actual Startup Time": 1545.869,                                                                                    
                                       "Actual Total Time": 1566.843,                                                                                      
                                       "Actual Rows": 152916,                                                                                              
                                       "Actual Loops": 1,                                                                                                  
                                       "Sort Key": ["t1.id"],                                                                                              
                                       "Sort Method": "quicksort",                                                                                         
                                       "Sort Space Used": 290000,                                                                                          
                                       "Sort Space Type": "Memory",                                                                                        
                                       "Shared Hit Blocks": 35998,                                                                                         
                                       "Shared Read Blocks": 0,                                                                                            
                                       "Shared Dirtied Blocks": 0,                                                                                         
                                       "Shared Written Blocks": 0,                                                                                         
                                       "Local Hit Blocks": 0,                                                                                              
                                       "Local Read Blocks": 0,                                                                                             
                                       "Local Dirtied Blocks": 0,                                                                                          
                                       "Local Written Blocks": 0,                                                                                          
                                       "Temp Read Blocks": 0,                                                                                              
                                       "Temp Written Blocks": 0,                                                                                           
                                       "Plans": [                                                                                                          
                                         {                                                                                                                 
                                           "Node Type": "Seq Scan",                                                                                        
                                           "Parent Relationship": "Outer",                                                                                 
                                           "Parallel Aware": false,                                                                                        
                                           "Relation Name": "title",                                                                                       
                                           "Alias": "t1",                                                                                                  
                                           "Startup Cost": 0.00,                                                                                           
                                           "Total Cost": 1303.96,                                                                                          
                                           "Plan Rows": 2528312,                                                                                           
                                           "Plan Width": 25,                                                                                               
                                           "Actual Startup Time": 0.005,                                                                                   
                                           "Actual Total Time": 413.539,                                                                                   
                                           "Actual Rows": 2528312,                                                                                         
                                           "Actual Loops": 1,                                                                                              
                                           "Shared Hit Blocks": 35998,                                                                                     
                                           "Shared Read Blocks": 0,                                                                                        
                                           "Shared Dirtied Blocks": 0,                                                                                     
                                           "Shared Written Blocks": 0,                                                                                     
                                           "Local Hit Blocks": 0,                                                                                          
                                           "Local Read Blocks": 0,                                                                                         
                                           "Local Dirtied Blocks": 0,                                                                                      
                                           "Local Written Blocks": 0,                                                                                      
                                           "Temp Read Blocks": 0,                                                                                          
                                           "Temp Written Blocks": 0                                                                                        
                                         }                                                                                                                 
                                       ]                                                                                                                   
                                     }                                                                                                                     
                                   ]                                                                                                                       
                                 }                                                                                                                         
                               ]                                                                                                                           
                             }                                                                                                                             
                           ]                                                                                                                               
                         }                                                                                                                                 
                       ]                                                                                                                                   
                     },                                                                                                                                    
                     {                                                                                                                                     
                       "Node Type": "Sort",                                                                                                                
                       "Parent Relationship": "Inner",                                                                                                     
                       "Parallel Aware": false,                                                                                                            
                       "Startup Cost": 9405.45,                                                                                                            
                       "Total Cost": 9608.03,                                                                                                              
                       "Plan Rows": 2609129,                                                                                                               
                       "Plan Width": 8,                                                                                                                    
                       "Actual Startup Time": 1262.334,                                                                                                    
                       "Actual Total Time": 1291.440,                                                                                                      
                       "Actual Rows": 622239,                                                                                                              
                       "Actual Loops": 1,                                                                                                                  
                       "Sort Key": ["mc2.movie_id"],                                                                                                       
                       "Sort Method": "quicksort",                                                                                                         
                       "Sort Space Used": 220607,                                                                                                          
                       "Sort Space Type": "Memory",                                                                                                        
                       "Shared Hit Blocks": 18789,                                                                                                         
                       "Shared Read Blocks": 0,                                                                                                            
                       "Shared Dirtied Blocks": 0,                                                                                                         
                       "Shared Written Blocks": 0,                                                                                                         
                       "Local Hit Blocks": 0,                                                                                                              
                       "Local Read Blocks": 0,                                                                                                             
                       "Local Dirtied Blocks": 0,                                                                                                          
                       "Local Written Blocks": 0,                                                                                                          
                       "Temp Read Blocks": 0,                                                                                                              
                       "Temp Written Blocks": 0,                                                                                                           
                       "Plans": [                                                                                                                          
                         {                                                                                                                                 
                           "Node Type": "Seq Scan",                                                                                                        
                           "Parent Relationship": "Outer",                                                                                                 
                           "Parallel Aware": false,                                                                                                        
                           "Relation Name": "movie_companies",                                                                                             
                           "Alias": "mc2",                                                                                                                 
                           "Startup Cost": 0.00,                                                                                                           
                           "Total Cost": 769.75,                                                                                                           
                           "Plan Rows": 2609129,                                                                                                           
                           "Plan Width": 8,                                                                                                                
                           "Actual Startup Time": 0.019,                                                                                                   
                           "Actual Total Time": 368.752,                                                                                                   
                           "Actual Rows": 2609129,                                                                                                         
                           "Actual Loops": 1,                                                                                                              
                           "Shared Hit Blocks": 18789,                                                                                                     
                           "Shared Read Blocks": 0,                                                                                                        
                           "Shared Dirtied Blocks": 0,                                                                                                     
                           "Shared Written Blocks": 0,                                                                                                     
                           "Local Hit Blocks": 0,                                                                                                          
                           "Local Read Blocks": 0,                                                                                                         
                           "Local Dirtied Blocks": 0,                                                                                                      
                           "Local Written Blocks": 0,                                                                                                      
                           "Temp Read Blocks": 0,                                                                                                          
                           "Temp Written Blocks": 0                                                                                                        
                         }                                                                                                                                 
                       ]                                                                                                                                   
                     }                                                                                                                                     
                   ]                                                                                                                                       
                 }                                                                                                                                         
               ]                                                                                                                                           
             }                                                                                                                                             
           ]                                                                                                                                               
         }                                                                                                                                                 
       ]                                                                                                                                                   
     },                                                                                                                                                    
     "Planning Time": 6373.383,                                                                                                                            
     "Triggers": [                                                                                                                                         
     ],                                                                                                                                                    
     "Execution Time": 8757.600                                                                                                                            
   }                                                                                                                                                       
 ]
