 [                                                                                                                                   
   {                                                                                                                                 
     "Plan": {                                                                                                                       
       "Node Type": "Aggregate",                                                                                                     
       "Strategy": "Plain",                                                                                                          
       "Partial Mode": "Simple",                                                                                                     
       "Parallel Aware": false,                                                                                                      
       "Startup Cost": 38872.71,                                                                                                     
       "Total Cost": 38872.71,                                                                                                       
       "Plan Rows": 1,                                                                                                               
       "Plan Width": 32,                                                                                                             
       "Actual Startup Time": 14948.524,                                                                                             
       "Actual Total Time": 14948.524,                                                                                               
       "Actual Rows": 1,                                                                                                             
       "Actual Loops": 1,                                                                                                            
       "Shared Hit Blocks": 12,                                                                                                      
       "Shared Read Blocks": 223285,                                                                                                 
       "Shared Dirtied Blocks": 0,                                                                                                   
       "Shared Written Blocks": 0,                                                                                                   
       "Local Hit Blocks": 0,                                                                                                        
       "Local Read Blocks": 0,                                                                                                       
       "Local Dirtied Blocks": 0,                                                                                                    
       "Local Written Blocks": 0,                                                                                                    
       "Temp Read Blocks": 0,                                                                                                        
       "Temp Written Blocks": 0,                                                                                                     
       "Plans": [                                                                                                                    
         {                                                                                                                           
           "Node Type": "Merge Join",                                                                                                
           "Parent Relationship": "Outer",                                                                                           
           "Parallel Aware": false,                                                                                                  
           "Join Type": "Inner",                                                                                                     
           "Startup Cost": 38491.16,                                                                                                 
           "Total Cost": 38872.49,                                                                                                   
           "Plan Rows": 2873,                                                                                                        
           "Plan Width": 17,                                                                                                         
           "Actual Startup Time": 14351.009,                                                                                         
           "Actual Total Time": 14924.776,                                                                                           
           "Actual Rows": 7250,                                                                                                      
           "Actual Loops": 1,                                                                                                        
           "Inner Unique": false,                                                                                                    
           "Merge Cond": "(t.id = mi.movie_id)",                                                                                     
           "Shared Hit Blocks": 12,                                                                                                  
           "Shared Read Blocks": 223285,                                                                                             
           "Shared Dirtied Blocks": 0,                                                                                               
           "Shared Written Blocks": 0,                                                                                               
           "Local Hit Blocks": 0,                                                                                                    
           "Local Read Blocks": 0,                                                                                                   
           "Local Dirtied Blocks": 0,                                                                                                
           "Local Written Blocks": 0,                                                                                                
           "Temp Read Blocks": 0,                                                                                                    
           "Temp Written Blocks": 0,                                                                                                 
           "Plans": [                                                                                                                
             {                                                                                                                       
               "Node Type": "Merge Join",                                                                                            
               "Parent Relationship": "Outer",                                                                                       
               "Parallel Aware": false,                                                                                              
               "Join Type": "Inner",                                                                                                 
               "Startup Cost": 24499.50,                                                                                             
               "Total Cost": 24771.29,                                                                                               
               "Plan Rows": 1563,                                                                                                    
               "Plan Width": 25,                                                                                                     
               "Actual Startup Time": 5658.976,                                                                                      
               "Actual Total Time": 6125.741,                                                                                        
               "Actual Rows": 7874,                                                                                                  
               "Actual Loops": 1,                                                                                                    
               "Inner Unique": true,                                                                                                 
               "Merge Cond": "(mk.movie_id = t.id)",                                                                                 
               "Shared Hit Blocks": 10,                                                                                              
               "Shared Read Blocks": 61395,                                                                                          
               "Shared Dirtied Blocks": 0,                                                                                           
               "Shared Written Blocks": 0,                                                                                           
               "Local Hit Blocks": 0,                                                                                                
               "Local Read Blocks": 0,                                                                                               
               "Local Dirtied Blocks": 0,                                                                                            
               "Local Written Blocks": 0,                                                                                            
               "Temp Read Blocks": 0,                                                                                                
               "Temp Written Blocks": 0,                                                                                             
               "Plans": [                                                                                                            
                 {                                                                                                                   
                   "Node Type": "Sort",                                                                                              
                   "Parent Relationship": "Outer",                                                                                   
                   "Parallel Aware": false,                                                                                          
                   "Startup Cost": 17366.99,                                                                                         
                   "Total Cost": 17367.17,                                                                                           
                   "Plan Rows": 2259,                                                                                                
                   "Plan Width": 4,                                                                                                  
                   "Actual Startup Time": 3527.140,                                                                                  
                   "Actual Total Time": 3528.937,                                                                                    
                   "Actual Rows": 12951,                                                                                             
                   "Actual Loops": 1,                                                                                                
                   "Sort Key": ["mk.movie_id"],                                                                                      
                   "Sort Method": "quicksort",                                                                                       
                   "Sort Space Used": 992,                                                                                           
                   "Sort Space Type": "Memory",                                                                                      
                   "Shared Hit Blocks": 9,                                                                                           
                   "Shared Read Blocks": 25398,                                                                                      
                   "Shared Dirtied Blocks": 0,                                                                                       
                   "Shared Written Blocks": 0,                                                                                       
                   "Local Hit Blocks": 0,                                                                                            
                   "Local Read Blocks": 0,                                                                                           
                   "Local Dirtied Blocks": 0,                                                                                        
                   "Local Written Blocks": 0,                                                                                        
                   "Temp Read Blocks": 0,                                                                                            
                   "Temp Written Blocks": 0,                                                                                         
                   "Plans": [                                                                                                        
                     {                                                                                                               
                       "Node Type": "Merge Join",                                                                                    
                       "Parent Relationship": "Outer",                                                                               
                       "Parallel Aware": false,                                                                                      
                       "Join Type": "Inner",                                                                                         
                       "Startup Cost": 16660.45,                                                                                     
                       "Total Cost": 17363.09,                                                                                       
                       "Plan Rows": 2259,                                                                                            
                       "Plan Width": 4,                                                                                              
                       "Actual Startup Time": 2451.665,                                                                              
                       "Actual Total Time": 3513.358,                                                                                
                       "Actual Rows": 12951,                                                                                         
                       "Actual Loops": 1,                                                                                            
                       "Inner Unique": false,                                                                                        
                       "Merge Cond": "(k.id = mk.keyword_id)",                                                                       
                       "Shared Hit Blocks": 5,                                                                                       
                       "Shared Read Blocks": 25398,                                                                                  
                       "Shared Dirtied Blocks": 0,                                                                                   
                       "Shared Written Blocks": 0,                                                                                   
                       "Local Hit Blocks": 0,                                                                                        
                       "Local Read Blocks": 0,                                                                                       
                       "Local Dirtied Blocks": 0,                                                                                    
                       "Local Written Blocks": 0,                                                                                    
                       "Temp Read Blocks": 0,                                                                                        
                       "Temp Written Blocks": 0,                                                                                     
                       "Plans": [                                                                                                    
                         {                                                                                                           
                           "Node Type": "Sort",                                                                                      
                           "Parent Relationship": "Outer",                                                                           
                           "Parallel Aware": false,                                                                                  
                           "Startup Cost": 49.52,                                                                                    
                           "Total Cost": 49.53,                                                                                      
                           "Plan Rows": 67,                                                                                          
                           "Plan Width": 4,                                                                                          
                           "Actual Startup Time": 84.264,                                                                            
                           "Actual Total Time": 84.274,                                                                              
                           "Actual Rows": 30,                                                                                        
                           "Actual Loops": 1,                                                                                        
                           "Sort Key": ["k.id"],                                                                                     
                           "Sort Method": "quicksort",                                                                               
                           "Sort Space Used": 26,                                                                                    
                           "Sort Space Type": "Memory",                                                                              
                           "Shared Hit Blocks": 2,                                                                                   
                           "Shared Read Blocks": 947,                                                                                
                           "Shared Dirtied Blocks": 0,                                                                               
                           "Shared Written Blocks": 0,                                                                               
                           "Local Hit Blocks": 0,                                                                                    
                           "Local Read Blocks": 0,                                                                                   
                           "Local Dirtied Blocks": 0,                                                                                
                           "Local Written Blocks": 0,                                                                                
                           "Temp Read Blocks": 0,                                                                                    
                           "Temp Written Blocks": 0,                                                                                 
                           "Plans": [                                                                                                
                             {                                                                                                       
                               "Node Type": "Seq Scan",                                                                              
                               "Parent Relationship": "Outer",                                                                       
                               "Parallel Aware": false,                                                                              
                               "Relation Name": "keyword",                                                                           
                               "Alias": "k",                                                                                         
                               "Startup Cost": 0.00,                                                                                 
                               "Total Cost": 49.46,                                                                                  
                               "Plan Rows": 67,                                                                                      
                               "Plan Width": 4,                                                                                      
                               "Actual Startup Time": 24.203,                                                                        
                               "Actual Total Time": 84.226,                                                                          
                               "Actual Rows": 30,                                                                                    
                               "Actual Loops": 1,                                                                                    
                               "Filter": "(keyword ~~ '%sequel%'::text)",                                                            
                               "Rows Removed by Filter": 134140,                                                                     
                               "Shared Hit Blocks": 2,                                                                               
                               "Shared Read Blocks": 947,                                                                            
                               "Shared Dirtied Blocks": 0,                                                                           
                               "Shared Written Blocks": 0,                                                                           
                               "Local Hit Blocks": 0,                                                                                
                               "Local Read Blocks": 0,                                                                               
                               "Local Dirtied Blocks": 0,                                                                            
                               "Local Written Blocks": 0,                                                                            
                               "Temp Read Blocks": 0,                                                                                
                               "Temp Written Blocks": 0                                                                              
                             }                                                                                                       
                           ]                                                                                                         
                         },                                                                                                          
                         {                                                                                                           
                           "Node Type": "Sort",                                                                                      
                           "Parent Relationship": "Inner",                                                                           
                           "Parallel Aware": false,                                                                                  
                           "Startup Cost": 16610.92,                                                                                 
                           "Total Cost": 16962.16,                                                                                   
                           "Plan Rows": 4523930,                                                                                     
                           "Plan Width": 8,                                                                                          
                           "Actual Startup Time": 2218.519,                                                                          
                           "Actual Total Time": 2884.463,                                                                            
                           "Actual Rows": 4518173,                                                                                   
                           "Actual Loops": 1,                                                                                        
                           "Sort Key": ["mk.keyword_id"],                                                                            
                           "Sort Method": "quicksort",                                                                               
                           "Sort Space Used": 408668,                                                                                
                           "Sort Space Type": "Memory",                                                                              
                           "Shared Hit Blocks": 3,                                                                                   
                           "Shared Read Blocks": 24451,                                                                              
                           "Shared Dirtied Blocks": 0,                                                                               
                           "Shared Written Blocks": 0,                                                                               
                           "Local Hit Blocks": 0,                                                                                    
                           "Local Read Blocks": 0,                                                                                   
                           "Local Dirtied Blocks": 0,                                                                                
                           "Local Written Blocks": 0,                                                                                
                           "Temp Read Blocks": 0,                                                                                    
                           "Temp Written Blocks": 0,                                                                                 
                           "Plans": [                                                                                                
                             {                                                                                                       
                               "Node Type": "Seq Scan",                                                                              
                               "Parent Relationship": "Outer",                                                                       
                               "Parallel Aware": false,                                                                              
                               "Relation Name": "movie_keyword",                                                                     
                               "Alias": "mk",                                                                                        
                               "Startup Cost": 0.00,                                                                                 
                               "Total Cost": 1079.84,                                                                                
                               "Plan Rows": 4523930,                                                                                 
                               "Plan Width": 8,                                                                                      
                               "Actual Startup Time": 0.007,                                                                         
                               "Actual Total Time": 784.611,                                                                         
                               "Actual Rows": 4523930,                                                                               
                               "Actual Loops": 1,                                                                                    
                               "Shared Hit Blocks": 3,                                                                               
                               "Shared Read Blocks": 24451,                                                                          
                               "Shared Dirtied Blocks": 0,                                                                           
                               "Shared Written Blocks": 0,                                                                           
                               "Local Hit Blocks": 0,                                                                                
                               "Local Read Blocks": 0,                                                                               
                               "Local Dirtied Blocks": 0,                                                                            
                               "Local Written Blocks": 0,                                                                            
                               "Temp Read Blocks": 0,                                                                                
                               "Temp Written Blocks": 0                                                                              
                             }                                                                                                       
                           ]                                                                                                         
                         }                                                                                                           
                       ]                                                                                                             
                     }                                                                                                               
                   ]                                                                                                                 
                 },                                                                                                                  
                 {                                                                                                                   
                   "Node Type": "Sort",                                                                                              
                   "Parent Relationship": "Inner",                                                                                   
                   "Parallel Aware": false,                                                                                          
                   "Startup Cost": 7132.50,                                                                                          
                   "Total Cost": 7268.30,                                                                                            
                   "Plan Rows": 1749033,                                                                                             
                   "Plan Width": 21,                                                                                                 
                   "Actual Startup Time": 2131.571,                                                                                  
                   "Actual Total Time": 2336.360,                                                                                    
                   "Actual Rows": 1748431,                                                                                           
                   "Actual Loops": 1,                                                                                                
                   "Sort Key": ["t.id"],                                                                                             
                   "Sort Method": "quicksort",                                                                                       
                   "Sort Space Used": 171002,                                                                                        
                   "Sort Space Type": "Memory",                                                                                      
                   "Shared Hit Blocks": 1,                                                                                           
                   "Shared Read Blocks": 35997,                                                                                      
                   "Shared Dirtied Blocks": 0,                                                                                       
                   "Shared Written Blocks": 0,                                                                                       
                   "Local Hit Blocks": 0,                                                                                            
                   "Local Read Blocks": 0,                                                                                           
                   "Local Dirtied Blocks": 0,                                                                                        
                   "Local Written Blocks": 0,                                                                                        
                   "Temp Read Blocks": 0,                                                                                            
                   "Temp Written Blocks": 0,                                                                                         
                   "Plans": [                                                                                                        
                     {                                                                                                               
                       "Node Type": "Seq Scan",                                                                                      
                       "Parent Relationship": "Outer",                                                                               
                       "Parallel Aware": false,                                                                                      
                       "Relation Name": "title",                                                                                     
                       "Alias": "t",                                                                                                 
                       "Startup Cost": 0.00,                                                                                         
                       "Total Cost": 1500.26,                                                                                        
                       "Plan Rows": 1749033,                                                                                         
                       "Plan Width": 21,                                                                                             
                       "Actual Startup Time": 19.846,                                                                                
                       "Actual Total Time": 1198.462,                                                                                
                       "Actual Rows": 1749032,                                                                                       
                       "Actual Loops": 1,                                                                                            
                       "Filter": "(production_year > 1990)",                                                                         
                       "Rows Removed by Filter": 779280,                                                                             
                       "Shared Hit Blocks": 1,                                                                                       
                       "Shared Read Blocks": 35997,                                                                                  
                       "Shared Dirtied Blocks": 0,                                                                                   
                       "Shared Written Blocks": 0,                                                                                   
                       "Local Hit Blocks": 0,                                                                                        
                       "Local Read Blocks": 0,                                                                                       
                       "Local Dirtied Blocks": 0,                                                                                    
                       "Local Written Blocks": 0,                                                                                    
                       "Temp Read Blocks": 0,                                                                                        
                       "Temp Written Blocks": 0                                                                                      
                     }                                                                                                               
                   ]                                                                                                                 
                 }                                                                                                                   
               ]                                                                                                                     
             },                                                                                                                      
             {                                                                                                                       
               "Node Type": "Sort",                                                                                                  
               "Parent Relationship": "Inner",                                                                                       
               "Parallel Aware": false,                                                                                              
               "Startup Cost": 13991.66,                                                                                             
               "Total Cost": 14046.44,                                                                                               
               "Plan Rows": 705579,                                                                                                  
               "Plan Width": 4,                                                                                                      
               "Actual Startup Time": 8688.269,                                                                                      
               "Actual Total Time": 8727.259,                                                                                        
               "Actual Rows": 708530,                                                                                                
               "Actual Loops": 1,                                                                                                    
               "Sort Key": ["mi.movie_id"],                                                                                          
               "Sort Method": "quicksort",                                                                                           
               "Sort Space Used": 57702,                                                                                             
               "Sort Space Type": "Memory",                                                                                          
               "Shared Hit Blocks": 2,                                                                                               
               "Shared Read Blocks": 161890,                                                                                         
               "Shared Dirtied Blocks": 0,                                                                                           
               "Shared Written Blocks": 0,                                                                                           
               "Local Hit Blocks": 0,                                                                                                
               "Local Read Blocks": 0,                                                                                               
               "Local Dirtied Blocks": 0,                                                                                            
               "Local Written Blocks": 0,                                                                                            
               "Temp Read Blocks": 0,                                                                                                
               "Temp Written Blocks": 0,                                                                                             
               "Plans": [                                                                                                            
                 {                                                                                                                   
                   "Node Type": "Seq Scan",                                                                                          
                   "Parent Relationship": "Outer",                                                                                   
                   "Parallel Aware": false,                                                                                          
                   "Relation Name": "movie_info",                                                                                    
                   "Alias": "mi",                                                                                                    
                   "Startup Cost": 0.00,                                                                                             
                   "Total Cost": 11863.04,                                                                                           
                   "Plan Rows": 705579,                                                                                              
                   "Plan Width": 4,                                                                                                  
                   "Actual Startup Time": 13.491,                                                                                    
                   "Actual Total Time": 8454.223,                                                                                    
                   "Actual Rows": 706674,                                                                                            
                   "Actual Loops": 1,                                                                                                
                   "Filter": "(info = ANY ('{Sweden,Norway,Germany,Denmark,Swedish,Denish,Norwegian,German,USA,American}'::text[]))",
                   "Rows Removed by Filter": 14129046,                                                                               
                   "Shared Hit Blocks": 2,                                                                                           
                   "Shared Read Blocks": 161890,                                                                                     
                   "Shared Dirtied Blocks": 0,                                                                                       
                   "Shared Written Blocks": 0,                                                                                       
                   "Local Hit Blocks": 0,                                                                                            
                   "Local Read Blocks": 0,                                                                                           
                   "Local Dirtied Blocks": 0,                                                                                        
                   "Local Written Blocks": 0,                                                                                        
                   "Temp Read Blocks": 0,                                                                                            
                   "Temp Written Blocks": 0                                                                                          
                 }                                                                                                                   
               ]                                                                                                                     
             }                                                                                                                       
           ]                                                                                                                         
         }                                                                                                                           
       ]                                                                                                                             
     },                                                                                                                              
     "Planning Time": 2245.267,                                                                                                      
     "Triggers": [                                                                                                                   
     ],                                                                                                                              
     "Execution Time": 15006.035                                                                                                     
   }                                                                                                                                 
 ]
