 [                                                                                                                                           
   {                                                                                                                                         
     "Plan": {                                                                                                                               
       "Node Type": "Aggregate",                                                                                                             
       "Strategy": "Plain",                                                                                                                  
       "Partial Mode": "Simple",                                                                                                             
       "Parallel Aware": false,                                                                                                              
       "Startup Cost": 23366.44,                                                                                                             
       "Total Cost": 23366.44,                                                                                                               
       "Plan Rows": 1,                                                                                                                       
       "Plan Width": 32,                                                                                                                     
       "Actual Startup Time": 12411.988,                                                                                                     
       "Actual Total Time": 12411.988,                                                                                                       
       "Actual Rows": 1,                                                                                                                     
       "Actual Loops": 1,                                                                                                                    
       "Shared Hit Blocks": 11,                                                                                                              
       "Shared Read Blocks": 216674,                                                                                                         
       "Shared Dirtied Blocks": 0,                                                                                                           
       "Shared Written Blocks": 0,                                                                                                           
       "Local Hit Blocks": 0,                                                                                                                
       "Local Read Blocks": 0,                                                                                                               
       "Local Dirtied Blocks": 0,                                                                                                            
       "Local Written Blocks": 0,                                                                                                            
       "Temp Read Blocks": 0,                                                                                                                
       "Temp Written Blocks": 0,                                                                                                             
       "Plans": [                                                                                                                            
         {                                                                                                                                   
           "Node Type": "Merge Join",                                                                                                        
           "Parent Relationship": "Outer",                                                                                                   
           "Parallel Aware": false,                                                                                                          
           "Join Type": "Inner",                                                                                                             
           "Startup Cost": 23357.68,                                                                                                         
           "Total Cost": 23364.19,                                                                                                           
           "Plan Rows": 28943,                                                                                                               
           "Plan Width": 17,                                                                                                                 
           "Actual Startup Time": 12411.694,                                                                                                 
           "Actual Total Time": 12411.863,                                                                                                   
           "Actual Rows": 669,                                                                                                               
           "Actual Loops": 1,                                                                                                                
           "Inner Unique": true,                                                                                                             
           "Merge Cond": "(mi.info_type_id = it.id)",                                                                                        
           "Shared Hit Blocks": 11,                                                                                                          
           "Shared Read Blocks": 216674,                                                                                                     
           "Shared Dirtied Blocks": 0,                                                                                                       
           "Shared Written Blocks": 0,                                                                                                       
           "Local Hit Blocks": 0,                                                                                                            
           "Local Read Blocks": 0,                                                                                                           
           "Local Dirtied Blocks": 0,                                                                                                        
           "Local Written Blocks": 0,                                                                                                        
           "Temp Read Blocks": 0,                                                                                                            
           "Temp Written Blocks": 0,                                                                                                         
           "Plans": [                                                                                                                        
             {                                                                                                                               
               "Node Type": "Sort",                                                                                                          
               "Parent Relationship": "Outer",                                                                                               
               "Parallel Aware": false,                                                                                                      
               "Startup Cost": 23357.52,                                                                                                     
               "Total Cost": 23359.77,                                                                                                       
               "Plan Rows": 28943,                                                                                                           
               "Plan Width": 21,                                                                                                             
               "Actual Startup Time": 12411.636,                                                                                             
               "Actual Total Time": 12411.669,                                                                                               
               "Actual Rows": 669,                                                                                                           
               "Actual Loops": 1,                                                                                                            
               "Sort Key": ["mi.info_type_id"],                                                                                              
               "Sort Method": "quicksort",                                                                                                   
               "Sort Space Used": 72,                                                                                                        
               "Sort Space Type": "Memory",                                                                                                  
               "Shared Hit Blocks": 10,                                                                                                      
               "Shared Read Blocks": 216674,                                                                                                 
               "Shared Dirtied Blocks": 0,                                                                                                   
               "Shared Written Blocks": 0,                                                                                                   
               "Local Hit Blocks": 0,                                                                                                        
               "Local Read Blocks": 0,                                                                                                       
               "Local Dirtied Blocks": 0,                                                                                                    
               "Local Written Blocks": 0,                                                                                                    
               "Temp Read Blocks": 0,                                                                                                        
               "Temp Written Blocks": 0,                                                                                                     
               "Plans": [                                                                                                                    
                 {                                                                                                                           
                   "Node Type": "Merge Join",                                                                                                
                   "Parent Relationship": "Outer",                                                                                           
                   "Parallel Aware": false,                                                                                                  
                   "Join Type": "Inner",                                                                                                     
                   "Startup Cost": 22898.58,                                                                                                 
                   "Total Cost": 23290.91,                                                                                                   
                   "Plan Rows": 28943,                                                                                                       
                   "Plan Width": 21,                                                                                                         
                   "Actual Startup Time": 11859.393,                                                                                         
                   "Actual Total Time": 12401.860,                                                                                           
                   "Actual Rows": 669,                                                                                                       
                   "Actual Loops": 1,                                                                                                        
                   "Inner Unique": false,                                                                                                    
                   "Merge Cond": "(t.id = mi.movie_id)",                                                                                     
                   "Shared Hit Blocks": 6,                                                                                                   
                   "Shared Read Blocks": 216674,                                                                                             
                   "Shared Dirtied Blocks": 0,                                                                                               
                   "Shared Written Blocks": 0,                                                                                               
                   "Local Hit Blocks": 0,                                                                                                    
                   "Local Read Blocks": 0,                                                                                                   
                   "Local Dirtied Blocks": 0,                                                                                                
                   "Local Written Blocks": 0,                                                                                                
                   "Temp Read Blocks": 0,                                                                                                    
                   "Temp Written Blocks": 0,                                                                                                 
                   "Plans": [                                                                                                                
                     {                                                                                                                       
                       "Node Type": "Merge Join",                                                                                            
                       "Parent Relationship": "Outer",                                                                                       
                       "Parallel Aware": false,                                                                                              
                       "Join Type": "Inner",                                                                                                 
                       "Startup Cost": 8906.92,                                                                                              
                       "Total Cost": 9187.00,                                                                                                
                       "Plan Rows": 29863,                                                                                                   
                       "Plan Width": 25,                                                                                                     
                       "Actual Startup Time": 3412.169,                                                                                      
                       "Actual Total Time": 3851.538,                                                                                        
                       "Actual Rows": 767,                                                                                                   
                       "Actual Loops": 1,                                                                                                    
                       "Inner Unique": true,                                                                                                 
                       "Merge Cond": "(mc.movie_id = t.id)",                                                                                 
                       "Shared Hit Blocks": 4,                                                                                               
                       "Shared Read Blocks": 54784,                                                                                          
                       "Shared Dirtied Blocks": 0,                                                                                           
                       "Shared Written Blocks": 0,                                                                                           
                       "Local Hit Blocks": 0,                                                                                                
                       "Local Read Blocks": 0,                                                                                               
                       "Local Dirtied Blocks": 0,                                                                                            
                       "Local Written Blocks": 0,                                                                                            
                       "Temp Read Blocks": 0,                                                                                                
                       "Temp Written Blocks": 0,                                                                                             
                       "Plans": [                                                                                                            
                         {                                                                                                                   
                           "Node Type": "Sort",                                                                                              
                           "Parent Relationship": "Outer",                                                                                   
                           "Parallel Aware": false,                                                                                          
                           "Startup Cost": 1774.42,                                                                                          
                           "Total Cost": 1777.77,                                                                                            
                           "Plan Rows": 43168,                                                                                               
                           "Plan Width": 4,                                                                                                  
                           "Actual Startup Time": 1042.614,                                                                                  
                           "Actual Total Time": 1042.697,                                                                                    
                           "Actual Rows": 798,                                                                                               
                           "Actual Loops": 1,                                                                                                
                           "Sort Key": ["mc.movie_id"],                                                                                      
                           "Sort Method": "quicksort",                                                                                       
                           "Sort Space Used": 62,                                                                                            
                           "Sort Space Type": "Memory",                                                                                      
                           "Shared Hit Blocks": 3,                                                                                           
                           "Shared Read Blocks": 18787,                                                                                      
                           "Shared Dirtied Blocks": 0,                                                                                       
                           "Shared Written Blocks": 0,                                                                                       
                           "Local Hit Blocks": 0,                                                                                            
                           "Local Read Blocks": 0,                                                                                           
                           "Local Dirtied Blocks": 0,                                                                                        
                           "Local Written Blocks": 0,                                                                                        
                           "Temp Read Blocks": 0,                                                                                            
                           "Temp Written Blocks": 0,                                                                                         
                           "Plans": [                                                                                                        
                             {                                                                                                               
                               "Node Type": "Merge Join",                                                                                    
                               "Parent Relationship": "Outer",                                                                               
                               "Parallel Aware": false,                                                                                      
                               "Join Type": "Inner",                                                                                         
                               "Startup Cost": 1641.41,                                                                                      
                               "Total Cost": 1671.21,                                                                                        
                               "Plan Rows": 43168,                                                                                           
                               "Plan Width": 4,                                                                                              
                               "Actual Startup Time": 1042.235,                                                                              
                               "Actual Total Time": 1042.408,                                                                                
                               "Actual Rows": 798,                                                                                           
                               "Actual Loops": 1,                                                                                            
                               "Inner Unique": false,                                                                                        
                               "Merge Cond": "(ct.id = mc.company_type_id)",                                                                 
                               "Shared Hit Blocks": 3,                                                                                       
                               "Shared Read Blocks": 18787,                                                                                  
                               "Shared Dirtied Blocks": 0,                                                                                   
                               "Shared Written Blocks": 0,                                                                                   
                               "Local Hit Blocks": 0,                                                                                        
                               "Local Read Blocks": 0,                                                                                       
                               "Local Dirtied Blocks": 0,                                                                                    
                               "Local Written Blocks": 0,                                                                                    
                               "Temp Read Blocks": 0,                                                                                        
                               "Temp Written Blocks": 0,                                                                                     
                               "Plans": [                                                                                                    
                                 {                                                                                                           
                                   "Node Type": "Sort",                                                                                      
                                   "Parent Relationship": "Outer",                                                                           
                                   "Parallel Aware": false,                                                                                  
                                   "Startup Cost": 0.03,                                                                                     
                                   "Total Cost": 0.03,                                                                                       
                                   "Plan Rows": 1,                                                                                           
                                   "Plan Width": 4,                                                                                          
                                   "Actual Startup Time": 0.041,                                                                             
                                   "Actual Total Time": 0.042,                                                                               
                                   "Actual Rows": 1,                                                                                         
                                   "Actual Loops": 1,                                                                                        
                                   "Sort Key": ["ct.id"],                                                                                    
                                   "Sort Method": "quicksort",                                                                               
                                   "Sort Space Used": 25,                                                                                    
                                   "Sort Space Type": "Memory",                                                                              
                                   "Shared Hit Blocks": 1,                                                                                   
                                   "Shared Read Blocks": 0,                                                                                  
                                   "Shared Dirtied Blocks": 0,                                                                               
                                   "Shared Written Blocks": 0,                                                                               
                                   "Local Hit Blocks": 0,                                                                                    
                                   "Local Read Blocks": 0,                                                                                   
                                   "Local Dirtied Blocks": 0,                                                                                
                                   "Local Written Blocks": 0,                                                                                
                                   "Temp Read Blocks": 0,                                                                                    
                                   "Temp Written Blocks": 0,                                                                                 
                                   "Plans": [                                                                                                
                                     {                                                                                                       
                                       "Node Type": "Seq Scan",                                                                              
                                       "Parent Relationship": "Outer",                                                                       
                                       "Parallel Aware": false,                                                                              
                                       "Relation Name": "company_type",                                                                      
                                       "Alias": "ct",                                                                                        
                                       "Startup Cost": 0.00,                                                                                 
                                       "Total Cost": 0.03,                                                                                   
                                       "Plan Rows": 1,                                                                                       
                                       "Plan Width": 4,                                                                                      
                                       "Actual Startup Time": 0.019,                                                                         
                                       "Actual Total Time": 0.021,                                                                           
                                       "Actual Rows": 1,                                                                                     
                                       "Actual Loops": 1,                                                                                    
                                       "Filter": "((kind)::text = 'production companies'::text)",                                            
                                       "Rows Removed by Filter": 3,                                                                          
                                       "Shared Hit Blocks": 1,                                                                               
                                       "Shared Read Blocks": 0,                                                                              
                                       "Shared Dirtied Blocks": 0,                                                                           
                                       "Shared Written Blocks": 0,                                                                           
                                       "Local Hit Blocks": 0,                                                                                
                                       "Local Read Blocks": 0,                                                                               
                                       "Local Dirtied Blocks": 0,                                                                            
                                       "Local Written Blocks": 0,                                                                            
                                       "Temp Read Blocks": 0,                                                                                
                                       "Temp Written Blocks": 0                                                                              
                                     }                                                                                                       
                                   ]                                                                                                         
                                 },                                                                                                          
                                 {                                                                                                           
                                   "Node Type": "Sort",                                                                                      
                                   "Parent Relationship": "Inner",                                                                           
                                   "Parallel Aware": false,                                                                                  
                                   "Startup Cost": 1641.38,                                                                                  
                                   "Total Cost": 1654.78,                                                                                    
                                   "Plan Rows": 172674,                                                                                      
                                   "Plan Width": 8,                                                                                          
                                   "Actual Startup Time": 999.659,                                                                           
                                   "Actual Total Time": 1012.616,                                                                            
                                   "Actual Rows": 295628,                                                                                    
                                   "Actual Loops": 1,                                                                                        
                                   "Sort Key": ["mc.company_type_id"],                                                                       
                                   "Sort Method": "quicksort",                                                                               
                                   "Sort Space Used": 26146,                                                                                 
                                   "Sort Space Type": "Memory",                                                                              
                                   "Shared Hit Blocks": 2,                                                                                   
                                   "Shared Read Blocks": 18787,                                                                              
                                   "Shared Dirtied Blocks": 0,                                                                               
                                   "Shared Written Blocks": 0,                                                                               
                                   "Local Hit Blocks": 0,                                                                                    
                                   "Local Read Blocks": 0,                                                                                   
                                   "Local Dirtied Blocks": 0,                                                                                
                                   "Local Written Blocks": 0,                                                                                
                                   "Temp Read Blocks": 0,                                                                                    
                                   "Temp Written Blocks": 0,                                                                                 
                                   "Plans": [                                                                                                
                                     {                                                                                                       
                                       "Node Type": "Seq Scan",                                                                              
                                       "Parent Relationship": "Outer",                                                                       
                                       "Parallel Aware": false,                                                                              
                                       "Relation Name": "movie_companies",                                                                   
                                       "Alias": "mc",                                                                                        
                                       "Startup Cost": 0.00,                                                                                 
                                       "Total Cost": 1174.90,                                                                                
                                       "Plan Rows": 172674,                                                                                  
                                       "Plan Width": 8,                                                                                      
                                       "Actual Startup Time": 0.019,                                                                         
                                       "Actual Total Time": 940.881,                                                                         
                                       "Actual Rows": 295628,                                                                                
                                       "Actual Loops": 1,                                                                                    
                                       "Filter": "((note !~~ '%(TV)%'::text) AND (note ~~ '%(USA)%'::text))",                                
                                       "Rows Removed by Filter": 2313501,                                                                    
                                       "Shared Hit Blocks": 2,                                                                               
                                       "Shared Read Blocks": 18787,                                                                          
                                       "Shared Dirtied Blocks": 0,                                                                           
                                       "Shared Written Blocks": 0,                                                                           
                                       "Local Hit Blocks": 0,                                                                                
                                       "Local Read Blocks": 0,                                                                               
                                       "Local Dirtied Blocks": 0,                                                                            
                                       "Local Written Blocks": 0,                                                                            
                                       "Temp Read Blocks": 0,                                                                                
                                       "Temp Written Blocks": 0                                                                              
                                     }                                                                                                       
                                   ]                                                                                                         
                                 }                                                                                                           
                               ]                                                                                                             
                             }                                                                                                               
                           ]                                                                                                                 
                         },                                                                                                                  
                         {                                                                                                                   
                           "Node Type": "Sort",                                                                                              
                           "Parent Relationship": "Inner",                                                                                   
                           "Parallel Aware": false,                                                                                          
                           "Startup Cost": 7132.50,                                                                                          
                           "Total Cost": 7268.30,                                                                                            
                           "Plan Rows": 1749033,                                                                                             
                           "Plan Width": 21,                                                                                                 
                           "Actual Startup Time": 2354.551,                                                                                  
                           "Actual Total Time": 2566.293,                                                                                    
                           "Actual Rows": 1744819,                                                                                           
                           "Actual Loops": 1,                                                                                                
                           "Sort Key": ["t.id"],                                                                                             
                           "Sort Method": "quicksort",                                                                                       
                           "Sort Space Used": 171002,                                                                                        
                           "Sort Space Type": "Memory",                                                                                      
                           "Shared Hit Blocks": 1,                                                                                           
                           "Shared Read Blocks": 35997,                                                                                      
                           "Shared Dirtied Blocks": 0,                                                                                       
                           "Shared Written Blocks": 0,                                                                                       
                           "Local Hit Blocks": 0,                                                                                            
                           "Local Read Blocks": 0,                                                                                           
                           "Local Dirtied Blocks": 0,                                                                                        
                           "Local Written Blocks": 0,                                                                                        
                           "Temp Read Blocks": 0,                                                                                            
                           "Temp Written Blocks": 0,                                                                                         
                           "Plans": [                                                                                                        
                             {                                                                                                               
                               "Node Type": "Seq Scan",                                                                                      
                               "Parent Relationship": "Outer",                                                                               
                               "Parallel Aware": false,                                                                                      
                               "Relation Name": "title",                                                                                     
                               "Alias": "t",                                                                                                 
                               "Startup Cost": 0.00,                                                                                         
                               "Total Cost": 1500.26,                                                                                        
                               "Plan Rows": 1749033,                                                                                         
                               "Plan Width": 21,                                                                                             
                               "Actual Startup Time": 11.573,                                                                                
                               "Actual Total Time": 1421.690,                                                                                
                               "Actual Rows": 1749032,                                                                                       
                               "Actual Loops": 1,                                                                                            
                               "Filter": "(production_year > 1990)",                                                                         
                               "Rows Removed by Filter": 779280,                                                                             
                               "Shared Hit Blocks": 1,                                                                                       
                               "Shared Read Blocks": 35997,                                                                                  
                               "Shared Dirtied Blocks": 0,                                                                                   
                               "Shared Written Blocks": 0,                                                                                   
                               "Local Hit Blocks": 0,                                                                                        
                               "Local Read Blocks": 0,                                                                                       
                               "Local Dirtied Blocks": 0,                                                                                    
                               "Local Written Blocks": 0,                                                                                    
                               "Temp Read Blocks": 0,                                                                                        
                               "Temp Written Blocks": 0                                                                                      
                             }                                                                                                               
                           ]                                                                                                                 
                         }                                                                                                                   
                       ]                                                                                                                     
                     },                                                                                                                      
                     {                                                                                                                       
                       "Node Type": "Sort",                                                                                                  
                       "Parent Relationship": "Inner",                                                                                       
                       "Parallel Aware": false,                                                                                              
                       "Startup Cost": 13991.66,                                                                                             
                       "Total Cost": 14046.44,                                                                                               
                       "Plan Rows": 705579,                                                                                                  
                       "Plan Width": 8,                                                                                                      
                       "Actual Startup Time": 8445.939,                                                                                      
                       "Actual Total Time": 8482.193,                                                                                        
                       "Actual Rows": 704128,                                                                                                
                       "Actual Loops": 1,                                                                                                    
                       "Sort Key": ["mi.movie_id"],                                                                                          
                       "Sort Method": "quicksort",                                                                                           
                       "Sort Space Used": 57702,                                                                                             
                       "Sort Space Type": "Memory",                                                                                          
                       "Shared Hit Blocks": 2,                                                                                               
                       "Shared Read Blocks": 161890,                                                                                         
                       "Shared Dirtied Blocks": 0,                                                                                           
                       "Shared Written Blocks": 0,                                                                                           
                       "Local Hit Blocks": 0,                                                                                                
                       "Local Read Blocks": 0,                                                                                               
                       "Local Dirtied Blocks": 0,                                                                                            
                       "Local Written Blocks": 0,                                                                                            
                       "Temp Read Blocks": 0,                                                                                                
                       "Temp Written Blocks": 0,                                                                                             
                       "Plans": [                                                                                                            
                         {                                                                                                                   
                           "Node Type": "Seq Scan",                                                                                          
                           "Parent Relationship": "Outer",                                                                                   
                           "Parallel Aware": false,                                                                                          
                           "Relation Name": "movie_info",                                                                                    
                           "Alias": "mi",                                                                                                    
                           "Startup Cost": 0.00,                                                                                             
                           "Total Cost": 11863.04,                                                                                           
                           "Plan Rows": 705579,                                                                                              
                           "Plan Width": 8,                                                                                                  
                           "Actual Startup Time": 27.219,                                                                                    
                           "Actual Total Time": 8200.841,                                                                                    
                           "Actual Rows": 706674,                                                                                            
                           "Actual Loops": 1,                                                                                                
                           "Filter": "(info = ANY ('{Sweden,Norway,Germany,Denmark,Swedish,Denish,Norwegian,German,USA,American}'::text[]))",
                           "Rows Removed by Filter": 14129046,                                                                               
                           "Shared Hit Blocks": 2,                                                                                           
                           "Shared Read Blocks": 161890,                                                                                     
                           "Shared Dirtied Blocks": 0,                                                                                       
                           "Shared Written Blocks": 0,                                                                                       
                           "Local Hit Blocks": 0,                                                                                            
                           "Local Read Blocks": 0,                                                                                           
                           "Local Dirtied Blocks": 0,                                                                                        
                           "Local Written Blocks": 0,                                                                                        
                           "Temp Read Blocks": 0,                                                                                            
                           "Temp Written Blocks": 0                                                                                          
                         }                                                                                                                   
                       ]                                                                                                                     
                     }                                                                                                                       
                   ]                                                                                                                         
                 }                                                                                                                           
               ]                                                                                                                             
             },                                                                                                                              
             {                                                                                                                               
               "Node Type": "Sort",                                                                                                          
               "Parent Relationship": "Inner",                                                                                               
               "Parallel Aware": false,                                                                                                      
               "Startup Cost": 0.16,                                                                                                         
               "Total Cost": 0.17,                                                                                                           
               "Plan Rows": 113,                                                                                                             
               "Plan Width": 4,                                                                                                              
               "Actual Startup Time": 0.053,                                                                                                 
               "Actual Total Time": 0.054,                                                                                                   
               "Actual Rows": 18,                                                                                                            
               "Actual Loops": 1,                                                                                                            
               "Sort Key": ["it.id"],                                                                                                        
               "Sort Method": "quicksort",                                                                                                   
               "Sort Space Used": 30,                                                                                                        
               "Sort Space Type": "Memory",                                                                                                  
               "Shared Hit Blocks": 1,                                                                                                       
               "Shared Read Blocks": 0,                                                                                                      
               "Shared Dirtied Blocks": 0,                                                                                                   
               "Shared Written Blocks": 0,                                                                                                   
               "Local Hit Blocks": 0,                                                                                                        
               "Local Read Blocks": 0,                                                                                                       
               "Local Dirtied Blocks": 0,                                                                                                    
               "Local Written Blocks": 0,                                                                                                    
               "Temp Read Blocks": 0,                                                                                                        
               "Temp Written Blocks": 0,                                                                                                     
               "Plans": [                                                                                                                    
                 {                                                                                                                           
                   "Node Type": "Seq Scan",                                                                                                  
                   "Parent Relationship": "Outer",                                                                                           
                   "Parallel Aware": false,                                                                                                  
                   "Relation Name": "info_type",                                                                                             
                   "Alias": "it",                                                                                                            
                   "Startup Cost": 0.00,                                                                                                     
                   "Total Cost": 0.04,                                                                                                       
                   "Plan Rows": 113,                                                                                                         
                   "Plan Width": 4,                                                                                                          
                   "Actual Startup Time": 0.015,                                                                                             
                   "Actual Total Time": 0.028,                                                                                               
                   "Actual Rows": 113,                                                                                                       
                   "Actual Loops": 1,                                                                                                        
                   "Shared Hit Blocks": 1,                                                                                                   
                   "Shared Read Blocks": 0,                                                                                                  
                   "Shared Dirtied Blocks": 0,                                                                                               
                   "Shared Written Blocks": 0,                                                                                               
                   "Local Hit Blocks": 0,                                                                                                    
                   "Local Read Blocks": 0,                                                                                                   
                   "Local Dirtied Blocks": 0,                                                                                                
                   "Local Written Blocks": 0,                                                                                                
                   "Temp Read Blocks": 0,                                                                                                    
                   "Temp Written Blocks": 0                                                                                                  
                 }                                                                                                                           
               ]                                                                                                                             
             }                                                                                                                               
           ]                                                                                                                                 
         }                                                                                                                                   
       ]                                                                                                                                     
     },                                                                                                                                      
     "Planning Time": 2006.392,                                                                                                              
     "Triggers": [                                                                                                                           
     ],                                                                                                                                      
     "Execution Time": 12506.778                                                                                                             
   }                                                                                                                                         
 ]
