     "Plan": {                                                                                   
       "Node Type": "Aggregate",                                                                 
       "Strategy": "Plain",                                                                      
       "Partial Mode": "Simple",                                                                 
       "Parallel Aware": false,                                                                  
       "Startup Cost": 179795.95,                                                                
       "Total Cost": 179795.95,                                                                  
       "Plan Rows": 1,                                                                           
       "Plan Width": 96,                                                                         
       "Actual Startup Time": 36692.866,                                                         
       "Actual Total Time": 36692.866,                                                           
       "Actual Rows": 1,                                                                         
       "Actual Loops": 1,                                                                        
       "Shared Hit Blocks": 15,                                                                  
       "Shared Read Blocks": 369657,                                                             
       "Shared Dirtied Blocks": 0,                                                               
       "Shared Written Blocks": 0,                                                               
       "Local Hit Blocks": 0,                                                                    
       "Local Read Blocks": 0,                                                                   
       "Local Dirtied Blocks": 0,                                                                
       "Local Written Blocks": 0,                                                                
       "Temp Read Blocks": 0,                                                                    
       "Temp Written Blocks": 0,                                                                 
       "Plans": [                                                                                
         {                                                                                       
           "Node Type": "Merge Join",                                                            
           "Parent Relationship": "Outer",                                                       
           "Parallel Aware": false,                                                              
           "Join Type": "Inner",                                                                 
           "Startup Cost": 179795.86,                                                            
           "Total Cost": 179795.95,                                                              
           "Plan Rows": 1,                                                                       
           "Plan Width": 48,                                                                     
           "Actual Startup Time": 36692.831,                                                     
           "Actual Total Time": 36692.838,                                                       
           "Actual Rows": 6,                                                                     
           "Actual Loops": 1,                                                                    
           "Inner Unique": true,                                                                 
           "Merge Cond": "(ci.person_id = n.id)",                                                
           "Shared Hit Blocks": 15,                                                              
           "Shared Read Blocks": 369657,                                                         
           "Shared Dirtied Blocks": 0,                                                           
           "Shared Written Blocks": 0,                                                           
           "Local Hit Blocks": 0,                                                                
           "Local Read Blocks": 0,                                                               
           "Local Dirtied Blocks": 0,                                                            
           "Local Written Blocks": 0,                                                            
           "Temp Read Blocks": 0,                                                                
           "Temp Written Blocks": 0,                                                             
           "Plans": [                                                                            
             {                                                                                   
               "Node Type": "Sort",                                                              
               "Parent Relationship": "Outer",                                                   
               "Parallel Aware": false,                                                          
               "Startup Cost": 177439.20,                                                        
               "Total Cost": 177439.21,                                                          
               "Plan Rows": 176,                                                                 
               "Plan Width": 37,                                                                 
               "Actual Startup Time": 33905.155,                                                 
               "Actual Total Time": 33905.183,                                                   
               "Actual Rows": 122,                                                               
               "Actual Loops": 1,                                                                
               "Sort Key": ["ci.person_id"],                                                     
               "Sort Method": "quicksort",                                                       
               "Sort Space Used": 169,                                                           
               "Sort Space Type": "Memory",                                                      
               "Shared Hit Blocks": 14,                                                          
               "Shared Read Blocks": 314045,                                                     
               "Shared Dirtied Blocks": 0,                                                       
               "Shared Written Blocks": 0,                                                       
               "Local Hit Blocks": 0,                                                            
               "Local Read Blocks": 0,                                                           
               "Local Dirtied Blocks": 0,                                                        
               "Local Written Blocks": 0,                                                        
               "Temp Read Blocks": 0,                                                            
               "Temp Written Blocks": 0,                                                         
               "Plans": [                                                                        
                 {                                                                               
                   "Node Type": "Merge Join",                                                    
                   "Parent Relationship": "Outer",                                               
                   "Parallel Aware": false,                                                      
                   "Join Type": "Inner",                                                         
                   "Startup Cost": 171750.23,                                                    
                   "Total Cost": 177439.00,                                                      
                   "Plan Rows": 176,                                                             
                   "Plan Width": 37,                                                             
                   "Actual Startup Time": 25874.063,                                             
                   "Actual Total Time": 33821.709,                                               
                   "Actual Rows": 1224,                                                          
                   "Actual Loops": 1,                                                            
                   "Inner Unique": false,                                                        
                   "Merge Cond": "(t.id = ci.movie_id)",                                         
                   "Shared Hit Blocks": 10,                                                      
                   "Shared Read Blocks": 314045,                                                 
                   "Shared Dirtied Blocks": 0,                                                   
                   "Shared Written Blocks": 0,                                                   
                   "Local Hit Blocks": 0,                                                        
                   "Local Read Blocks": 0,                                                       
                   "Local Dirtied Blocks": 0,                                                    
                   "Local Written Blocks": 0,                                                    
                   "Temp Read Blocks": 0,                                                        
                   "Temp Written Blocks": 0,                                                     
                   "Plans": [                                                                    
                     {                                                                           
                       "Node Type": "Merge Join",                                                
                       "Parent Relationship": "Outer",                                           
                       "Parallel Aware": false,                                                  
                       "Join Type": "Inner",                                                     
                       "Startup Cost": 19993.10,                                                 
                       "Total Cost": 20053.86,                                                   
                       "Plan Rows": 5,                                                           
                       "Plan Width": 41,                                                         
                       "Actual Startup Time": 4913.434,                                          
                       "Actual Total Time": 5006.920,                                            
                       "Actual Rows": 11,                                                        
                       "Actual Loops": 1,                                                        
                       "Inner Unique": true,                                                     
                       "Merge Cond": "(mk.movie_id = t.id)",                                     
                       "Shared Hit Blocks": 6,                                                   
                       "Shared Read Blocks": 61395,                                              
                       "Shared Dirtied Blocks": 0,                                               
                       "Shared Written Blocks": 0,                                               
                       "Local Hit Blocks": 0,                                                    
                       "Local Read Blocks": 0,                                                   
                       "Local Dirtied Blocks": 0,                                                
                       "Local Written Blocks": 0,                                                
                       "Temp Read Blocks": 0,                                                    
                       "Temp Written Blocks": 0,                                                 
                       "Plans": [                                                                
                         {                                                                       
                           "Node Type": "Sort",                                                  
                           "Parent Relationship": "Outer",                                       
                           "Parallel Aware": false,                                              
                           "Startup Cost": 17362.89,                                             
                           "Total Cost": 17362.89,                                               
                           "Plan Rows": 34,                                                      
                           "Plan Width": 20,                                                     
                           "Actual Startup Time": 3090.434,                                      
                           "Actual Total Time": 3090.438,                                        
                           "Actual Rows": 14,                                                    
                           "Actual Loops": 1,                                                    
                           "Sort Key": ["mk.movie_id"],                                          
                           "Sort Method": "quicksort",                                           
                           "Sort Space Used": 26,                                                
                           "Sort Space Type": "Memory",                                          
                           "Shared Hit Blocks": 5,                                               
                           "Shared Read Blocks": 25398,                                          
                           "Shared Dirtied Blocks": 0,                                           
                           "Shared Written Blocks": 0,                                           
                           "Local Hit Blocks": 0,                                                
                           "Local Read Blocks": 0,                                               
                           "Local Dirtied Blocks": 0,                                            
                           "Local Written Blocks": 0,                                            
                           "Temp Read Blocks": 0,                                                
                           "Temp Written Blocks": 0,                                             
                           "Plans": [                                                            
                             {                                                                   
                               "Node Type": "Merge Join",                                        
                               "Parent Relationship": "Outer",                                   
                               "Parallel Aware": false,                                          
                               "Join Type": "Inner",                                             
                               "Startup Cost": 16660.38,                                         
                               "Total Cost": 17362.86,                                           
                               "Plan Rows": 34,                                                  
                               "Plan Width": 20,                                                 
                               "Actual Startup Time": 3090.410,                                  
                               "Actual Total Time": 3090.416,                                    
                               "Actual Rows": 14,                                                
                               "Actual Loops": 1,                                                
                               "Inner Unique": false,                                            
                               "Merge Cond": "(k.id = mk.keyword_id)",                           
                               "Shared Hit Blocks": 5,                                           
                               "Shared Read Blocks": 25398,                                      
                               "Shared Dirtied Blocks": 0,                                       
                               "Shared Written Blocks": 0,                                       
                               "Local Hit Blocks": 0,                                            
                               "Local Read Blocks": 0,                                           
                               "Local Dirtied Blocks": 0,                                        
                               "Local Written Blocks": 0,                                        
                               "Temp Read Blocks": 0,                                            
                               "Temp Written Blocks": 0,                                         
                               "Plans": [                                                        
                                 {                                                               
                                   "Node Type": "Sort",                                          
                                   "Parent Relationship": "Outer",                               
                                   "Parallel Aware": false,                                      
                                   "Startup Cost": 49.46,                                        
                                   "Total Cost": 49.46,                                          
                                   "Plan Rows": 1,                                               
                                   "Plan Width": 20,                                             
                                   "Actual Startup Time": 83.651,                                
                                   "Actual Total Time": 83.651,                                  
                                   "Actual Rows": 1,                                             
                                   "Actual Loops": 1,                                            
                                   "Sort Key": ["k.id"],                                         
                                   "Sort Method": "quicksort",                                   
                                   "Sort Space Used": 25,                                        
                                   "Sort Space Type": "Memory",                                  
                                   "Shared Hit Blocks": 2,                                       
                                   "Shared Read Blocks": 947,                                    
                                   "Shared Dirtied Blocks": 0,                                   
                                   "Shared Written Blocks": 0,                                   
                                   "Local Hit Blocks": 0,                                        
                                   "Local Read Blocks": 0,                                       
                                   "Local Dirtied Blocks": 0,                                    
                                   "Local Written Blocks": 0,                                    
                                   "Temp Read Blocks": 0,                                        
                                   "Temp Written Blocks": 0,                                     
                                   "Plans": [                                                    
                                     {                                                           
                                       "Node Type": "Seq Scan",                                  
                                       "Parent Relationship": "Outer",                           
                                       "Parallel Aware": false,                                  
                                       "Relation Name": "keyword",                               
                                       "Alias": "k",                                             
                                       "Startup Cost": 0.00,                                     
                                       "Total Cost": 49.46,                                      
                                       "Plan Rows": 1,                                           
                                       "Plan Width": 20,                                         
                                       "Actual Startup Time": 20.746,                            
                                       "Actual Total Time": 83.630,                              
                                       "Actual Rows": 1,                                         
                                       "Actual Loops": 1,                                        
                                       "Filter": "(keyword = 'marvel-cinematic-universe'::text)",
                                       "Rows Removed by Filter": 134169,                         
                                       "Shared Hit Blocks": 2,                                   
                                       "Shared Read Blocks": 947,                                
                                       "Shared Dirtied Blocks": 0,                               
                                       "Shared Written Blocks": 0,                               
                                       "Local Hit Blocks": 0,                                    
                                       "Local Read Blocks": 0,                                   
                                       "Local Dirtied Blocks": 0,                                
                                       "Local Written Blocks": 0,                                
                                       "Temp Read Blocks": 0,                                    
                                       "Temp Written Blocks": 0                                  
                                     }                                                           
                                   ]                                                             
                                 },                                                              
                                 {                                                               
                                   "Node Type": "Sort",                                          
                                   "Parent Relationship": "Inner",                               
                                   "Parallel Aware": false,                                      
                                   "Startup Cost": 16610.92,                                     
                                   "Total Cost": 16962.16,                                       
                                   "Plan Rows": 4523930,                                         
                                   "Plan Width": 8,                                              
                                   "Actual Startup Time": 2271.819,                              
                                   "Actual Total Time": 2692.478,                                
                                   "Actual Rows": 2796683,                                       
                                   "Actual Loops": 1,                                            
                                   "Sort Key": ["mk.keyword_id"],                                
                                   "Sort Method": "quicksort",                                   
                                   "Sort Space Used": 408668,                                    
                                   "Sort Space Type": "Memory",                                  
                                   "Shared Hit Blocks": 3,                                       
                                   "Shared Read Blocks": 24451,                                  
                                   "Shared Dirtied Blocks": 0,                                   
                                   "Shared Written Blocks": 0,                                   
                                   "Local Hit Blocks": 0,                                        
                                   "Local Read Blocks": 0,                                       
                                   "Local Dirtied Blocks": 0,                                    
                                   "Local Written Blocks": 0,                                    
                                   "Temp Read Blocks": 0,                                        
                                   "Temp Written Blocks": 0,                                     
                                   "Plans": [                                                    
                                     {                                                           
                                       "Node Type": "Seq Scan",                                  
                                       "Parent Relationship": "Outer",                           
                                       "Parallel Aware": false,                                  
                                       "Relation Name": "movie_keyword",                         
                                       "Alias": "mk",                                            
                                       "Startup Cost": 0.00,                                     
                                       "Total Cost": 1079.84,                                    
                                       "Plan Rows": 4523930,                                     
                                       "Plan Width": 8,                                          
                                       "Actual Startup Time": 0.007,                             
                                       "Actual Total Time": 826.955,                             
                                       "Actual Rows": 4523930,                                   
                                       "Actual Loops": 1,                                        
                                       "Shared Hit Blocks": 3,                                   
                                       "Shared Read Blocks": 24451,                              
                                       "Shared Dirtied Blocks": 0,                               
                                       "Shared Written Blocks": 0,                               
                                       "Local Hit Blocks": 0,                                    
                                       "Local Read Blocks": 0,                                   
                                       "Local Dirtied Blocks": 0,                                
                                       "Local Written Blocks": 0,                                
                                       "Temp Read Blocks": 0,                                    
                                       "Temp Written Blocks": 0                                  
                                     }                                                           
                                   ]                                                             
                                 }                                                               
                               ]                                                                 
                             }                                                                   
                           ]                                                                     
                         },                                                                      
                         {                                                                       
                           "Node Type": "Sort",                                                  
                           "Parent Relationship": "Inner",                                       
                           "Parallel Aware": false,                                              
                           "Startup Cost": 2630.21,                                              
                           "Total Cost": 2660.62,                                                
                           "Plan Rows": 391667,                                                  
                           "Plan Width": 21,                                                     
                           "Actual Startup Time": 1820.359,                                      
                           "Actual Total Time": 1864.626,                                        
                           "Actual Rows": 383801,                                                
                           "Actual Loops": 1,                                                    
                           "Sort Key": ["t.id"],                                                 
                           "Sort Method": "quicksort",                                           
                           "Sort Space Used": 39792,                                             
                           "Sort Space Type": "Memory",                                          
                           "Shared Hit Blocks": 1,                                               
                           "Shared Read Blocks": 35997,                                          
                           "Shared Dirtied Blocks": 0,                                           
                           "Shared Written Blocks": 0,                                           
                           "Local Hit Blocks": 0,                                                
                           "Local Read Blocks": 0,                                               
                           "Local Dirtied Blocks": 0,                                            
                           "Local Written Blocks": 0,                                            
                           "Temp Read Blocks": 0,                                                
                           "Temp Written Blocks": 0,                                             
                           "Plans": [                                                            
                             {                                                                   
                               "Node Type": "Seq Scan",                                          
                               "Parent Relationship": "Outer",                                   
                               "Parallel Aware": false,                                          
                               "Relation Name": "title",                                         
                               "Alias": "t",                                                     
                               "Startup Cost": 0.00,                                             
                               "Total Cost": 1500.26,                                            
                               "Plan Rows": 391667,                                              
                               "Plan Width": 21,                                                 
                               "Actual Startup Time": 21.975,                                    
                               "Actual Total Time": 1543.780,                                    
                               "Actual Rows": 391666,                                            
                               "Actual Loops": 1,                                                
                               "Filter": "(production_year > 2010)",                             
                               "Rows Removed by Filter": 2136646,                                
                               "Shared Hit Blocks": 1,                                           
                               "Shared Read Blocks": 35997,                                      
                               "Shared Dirtied Blocks": 0,                                       
                               "Shared Written Blocks": 0,                                       
                               "Local Hit Blocks": 0,                                            
                               "Local Read Blocks": 0,                                           
                               "Local Dirtied Blocks": 0,                                        
                               "Local Written Blocks": 0,                                        
                               "Temp Read Blocks": 0,                                            
                               "Temp Written Blocks": 0                                          
                             }                                                                   
                           ]                                                                     
                         }                                                                       
                       ]                                                                         
                     },                                                                          
                     {                                                                           
                       "Node Type": "Sort",                                                      
                       "Parent Relationship": "Inner",                                           
                       "Parallel Aware": false,                                                  
                       "Startup Cost": 151757.13,                                                
                       "Total Cost": 154571.13,                                                  
                       "Plan Rows": 36244344,                                                    
                       "Plan Width": 8,                                                          
                       "Actual Startup Time": 20830.653,                                         
                       "Actual Total Time": 24889.517,                                           
                       "Actual Rows": 34806442,                                                  
                       "Actual Loops": 1,                                                        
                       "Sort Key": ["ci.movie_id"],                                              
                       "Sort Method": "quicksort",                                               
                       "Sort Space Used": 3271818,                                               
                       "Sort Space Type": "Memory",                                              
                       "Shared Hit Blocks": 4,                                                   
                       "Shared Read Blocks": 252650,                                             
                       "Shared Dirtied Blocks": 0,                                               
                       "Shared Written Blocks": 0,                                               
                       "Local Hit Blocks": 0,                                                    
                       "Local Read Blocks": 0,                                                   
                       "Local Dirtied Blocks": 0,                                                
                       "Local Written Blocks": 0,                                                
                       "Temp Read Blocks": 0,                                                    
                       "Temp Written Blocks": 0,                                                 
                       "Plans": [                                                                
                         {                                                                       
                           "Node Type": "Seq Scan",                                              
                           "Parent Relationship": "Outer",                                       
                           "Parallel Aware": false,                                              
                           "Relation Name": "cast_info",                                         
                           "Alias": "ci",                                                        
                           "Startup Cost": 0.00,                                                 
                           "Total Cost": 10431.00,                                               
                           "Plan Rows": 36244344,                                                
                           "Plan Width": 8,                                                      
                           "Actual Startup Time": 0.010,                                         
                           "Actual Total Time": 6766.228,                                        
                           "Actual Rows": 36244344,                                              
                           "Actual Loops": 1,                                                    
                           "Shared Hit Blocks": 4,                                               
                           "Shared Read Blocks": 252650,                                         
                           "Shared Dirtied Blocks": 0,                                           
                           "Shared Written Blocks": 0,                                           
                           "Local Hit Blocks": 0,                                                
                           "Local Read Blocks": 0,                                               
                           "Local Dirtied Blocks": 0,                                            
                           "Local Written Blocks": 0,                                            
                           "Temp Read Blocks": 0,                                                
                           "Temp Written Blocks": 0                                              
                         }                                                                       
                       ]                                                                         
                     }                                                                           
                   ]                                                                             
                 }                                                                               
               ]                                                                                 
             },                                                                                  
             {                                                                                   
               "Node Type": "Sort",                                                              
               "Parent Relationship": "Inner",                                                   
               "Parallel Aware": false,                                                          
               "Startup Cost": 2356.66,                                                          
               "Total Cost": 2356.69,                                                            
               "Plan Rows": 400,                                                                 
               "Plan Width": 19,                                                                 
               "Actual Startup Time": 2787.614,                                                  
               "Actual Total Time": 2787.614,                                                    
               "Actual Rows": 2,                                                                 
               "Actual Loops": 1,                                                                
               "Sort Key": ["n.id"],                                                             
               "Sort Method": "quicksort",                                                       
               "Sort Space Used": 25,                                                            
               "Sort Space Type": "Memory",                                                      
               "Shared Hit Blocks": 1,                                                           
               "Shared Read Blocks": 55612,                                                      
               "Shared Dirtied Blocks": 0,                                                       
               "Shared Written Blocks": 0,                                                       
               "Local Hit Blocks": 0,                                                            
               "Local Read Blocks": 0,                                                           
               "Local Dirtied Blocks": 0,                                                        
               "Local Written Blocks": 0,                                                        
               "Temp Read Blocks": 0,                                                            
               "Temp Written Blocks": 0,                                                         
               "Plans": [                                                                        
                 {                                                                               
                   "Node Type": "Seq Scan",                                                      
                   "Parent Relationship": "Outer",                                               
                   "Parallel Aware": false,                                                      
                   "Relation Name": "name",                                                      
                   "Alias": "n",                                                                 
                   "Startup Cost": 0.00,                                                         
                   "Total Cost": 2356.12,                                                        
                   "Plan Rows": 400,                                                             
                   "Plan Width": 19,                                                             
                   "Actual Startup Time": 359.346,                                               
                   "Actual Total Time": 2787.599,                                                
                   "Actual Rows": 2,                                                             
                   "Actual Loops": 1,                                                            
                   "Filter": "(name ~~ '%Downey%Robert%'::text)",                                
                   "Rows Removed by Filter": 4167489,                                            
                   "Shared Hit Blocks": 1,                                                       
                   "Shared Read Blocks": 55612,                                                  
                   "Shared Dirtied Blocks": 0,                                                   
                   "Shared Written Blocks": 0,                                                   
                   "Local Hit Blocks": 0,                                                        
                   "Local Read Blocks": 0,                                                       
                   "Local Dirtied Blocks": 0,                                                    
                   "Local Written Blocks": 0,                                                    
                   "Temp Read Blocks": 0,                                                        
                   "Temp Written Blocks": 0                                                      
                 }                                                                               
               ]                                                                                 
             }                                                                                   
           ]                                                                                     
         }                                                                                       
       ]                                                                                         
     },                                                                                          
     "Planning Time": 2762.357,                                                                  
     "Triggers": [                                                                               
     ],                                                                                          
     "Execution Time": 36807.937                                                                 
