 [                                                                                                                                                               
   {                                                                                                                                                             
     "Plan": {                                                                                                                                                   
       "Node Type": "Aggregate",                                                                                                                                 
       "Strategy": "Plain",                                                                                                                                      
       "Partial Mode": "Simple",                                                                                                                                 
       "Parallel Aware": false,                                                                                                                                  
       "Startup Cost": 178632.83,                                                                                                                                
       "Total Cost": 178632.83,                                                                                                                                  
       "Plan Rows": 1,                                                                                                                                           
       "Plan Width": 96,                                                                                                                                         
       "Actual Startup Time": 37078.238,                                                                                                                         
       "Actual Total Time": 37078.239,                                                                                                                           
       "Actual Rows": 1,                                                                                                                                         
       "Actual Loops": 1,                                                                                                                                        
       "Shared Hit Blocks": 15,                                                                                                                                  
       "Shared Read Blocks": 369657,                                                                                                                             
       "Shared Dirtied Blocks": 0,                                                                                                                               
       "Shared Written Blocks": 0,                                                                                                                               
       "Local Hit Blocks": 0,                                                                                                                                    
       "Local Read Blocks": 0,                                                                                                                                   
       "Local Dirtied Blocks": 0,                                                                                                                                
       "Local Written Blocks": 0,                                                                                                                                
       "Temp Read Blocks": 0,                                                                                                                                    
       "Temp Written Blocks": 0,                                                                                                                                 
       "Plans": [                                                                                                                                                
         {                                                                                                                                                       
           "Node Type": "Merge Join",                                                                                                                            
           "Parent Relationship": "Outer",                                                                                                                       
           "Parallel Aware": false,                                                                                                                              
           "Join Type": "Inner",                                                                                                                                 
           "Startup Cost": 178632.77,                                                                                                                            
           "Total Cost": 178632.83,                                                                                                                              
           "Plan Rows": 1,                                                                                                                                       
           "Plan Width": 48,                                                                                                                                     
           "Actual Startup Time": 37078.177,                                                                                                                     
           "Actual Total Time": 37078.189,                                                                                                                       
           "Actual Rows": 12,                                                                                                                                    
           "Actual Loops": 1,                                                                                                                                    
           "Inner Unique": true,                                                                                                                                 
           "Merge Cond": "(ci.person_id = n.id)",                                                                                                                
           "Shared Hit Blocks": 15,                                                                                                                              
           "Shared Read Blocks": 369657,                                                                                                                         
           "Shared Dirtied Blocks": 0,                                                                                                                           
           "Shared Written Blocks": 0,                                                                                                                           
           "Local Hit Blocks": 0,                                                                                                                                
           "Local Read Blocks": 0,                                                                                                                               
           "Local Dirtied Blocks": 0,                                                                                                                            
           "Local Written Blocks": 0,                                                                                                                            
           "Temp Read Blocks": 0,                                                                                                                                
           "Temp Written Blocks": 0,                                                                                                                             
           "Plans": [                                                                                                                                            
             {                                                                                                                                                   
               "Node Type": "Sort",                                                                                                                              
               "Parent Relationship": "Outer",                                                                                                                   
               "Parallel Aware": false,                                                                                                                          
               "Startup Cost": 176276.11,                                                                                                                        
               "Total Cost": 176276.11,                                                                                                                          
               "Plan Rows": 2,                                                                                                                                   
               "Plan Width": 37,                                                                                                                                 
               "Actual Startup Time": 34360.318,                                                                                                                 
               "Actual Total Time": 34360.327,                                                                                                                   
               "Actual Rows": 47,                                                                                                                                
               "Actual Loops": 1,                                                                                                                                
               "Sort Key": ["ci.person_id"],                                                                                                                     
               "Sort Method": "quicksort",                                                                                                                       
               "Sort Space Used": 55,                                                                                                                            
               "Sort Space Type": "Memory",                                                                                                                      
               "Shared Hit Blocks": 14,                                                                                                                          
               "Shared Read Blocks": 314045,                                                                                                                     
               "Shared Dirtied Blocks": 0,                                                                                                                       
               "Shared Written Blocks": 0,                                                                                                                       
               "Local Hit Blocks": 0,                                                                                                                            
               "Local Read Blocks": 0,                                                                                                                           
               "Local Dirtied Blocks": 0,                                                                                                                        
               "Local Written Blocks": 0,                                                                                                                        
               "Temp Read Blocks": 0,                                                                                                                            
               "Temp Written Blocks": 0,                                                                                                                         
               "Plans": [                                                                                                                                        
                 {                                                                                                                                               
                   "Node Type": "Merge Join",                                                                                                                    
                   "Parent Relationship": "Outer",                                                                                                               
                   "Parallel Aware": false,                                                                                                                      
                   "Join Type": "Inner",                                                                                                                         
                   "Startup Cost": 170652.45,                                                                                                                    
                   "Total Cost": 176276.11,                                                                                                                      
                   "Plan Rows": 2,                                                                                                                               
                   "Plan Width": 37,                                                                                                                             
                   "Actual Startup Time": 30780.532,                                                                                                             
                   "Actual Total Time": 34350.588,                                                                                                               
                   "Actual Rows": 383,                                                                                                                           
                   "Actual Loops": 1,                                                                                                                            
                   "Inner Unique": false,                                                                                                                        
                   "Merge Cond": "(t.id = mk.movie_id)",                                                                                                         
                   "Shared Hit Blocks": 10,                                                                                                                      
                   "Shared Read Blocks": 314045,                                                                                                                 
                   "Shared Dirtied Blocks": 0,                                                                                                                   
                   "Shared Written Blocks": 0,                                                                                                                   
                   "Local Hit Blocks": 0,                                                                                                                        
                   "Local Read Blocks": 0,                                                                                                                       
                   "Local Dirtied Blocks": 0,                                                                                                                    
                   "Local Written Blocks": 0,                                                                                                                    
                   "Temp Read Blocks": 0,                                                                                                                        
                   "Temp Written Blocks": 0,                                                                                                                     
                   "Plans": [                                                                                                                                    
                     {                                                                                                                                           
                       "Node Type": "Merge Join",                                                                                                                
                       "Parent Relationship": "Outer",                                                                                                           
                       "Parallel Aware": false,                                                                                                                  
                       "Join Type": "Inner",                                                                                                                     
                       "Startup Cost": 153257.99,                                                                                                                
                       "Total Cost": 158886.49,                                                                                                                  
                       "Plan Rows": 6279,                                                                                                                        
                       "Plan Width": 29,                                                                                                                         
                       "Actual Startup Time": 23332.297,                                                                                                         
                       "Actual Total Time": 31216.541,                                                                                                           
                       "Actual Rows": 3099,                                                                                                                      
                       "Actual Loops": 1,                                                                                                                        
                       "Inner Unique": true,                                                                                                                     
                       "Merge Cond": "(ci.movie_id = t.id)",                                                                                                     
                       "Shared Hit Blocks": 5,                                                                                                                   
                       "Shared Read Blocks": 288647,                                                                                                             
                       "Shared Dirtied Blocks": 0,                                                                                                               
                       "Shared Written Blocks": 0,                                                                                                               
                       "Local Hit Blocks": 0,                                                                                                                    
                       "Local Read Blocks": 0,                                                                                                                   
                       "Local Dirtied Blocks": 0,                                                                                                                
                       "Local Written Blocks": 0,                                                                                                                
                       "Temp Read Blocks": 0,                                                                                                                    
                       "Temp Written Blocks": 0,                                                                                                                 
                       "Plans": [                                                                                                                                
                         {                                                                                                                                       
                           "Node Type": "Sort",                                                                                                                  
                           "Parent Relationship": "Outer",                                                                                                       
                           "Parallel Aware": false,                                                                                                              
                           "Startup Cost": 151757.13,                                                                                                            
                           "Total Cost": 154571.13,                                                                                                              
                           "Plan Rows": 36244344,                                                                                                                
                           "Plan Width": 8,                                                                                                                      
                           "Actual Startup Time": 20997.548,                                                                                                     
                           "Actual Total Time": 25353.440,                                                                                                       
                           "Actual Rows": 36157068,                                                                                                              
                           "Actual Loops": 1,                                                                                                                    
                           "Sort Key": ["ci.movie_id"],                                                                                                          
                           "Sort Method": "quicksort",                                                                                                           
                           "Sort Space Used": 3271818,                                                                                                           
                           "Sort Space Type": "Memory",                                                                                                          
                           "Shared Hit Blocks": 4,                                                                                                               
                           "Shared Read Blocks": 252650,                                                                                                         
                           "Shared Dirtied Blocks": 0,                                                                                                           
                           "Shared Written Blocks": 0,                                                                                                           
                           "Local Hit Blocks": 0,                                                                                                                
                           "Local Read Blocks": 0,                                                                                                               
                           "Local Dirtied Blocks": 0,                                                                                                            
                           "Local Written Blocks": 0,                                                                                                            
                           "Temp Read Blocks": 0,                                                                                                                
                           "Temp Written Blocks": 0,                                                                                                             
                           "Plans": [                                                                                                                            
                             {                                                                                                                                   
                               "Node Type": "Seq Scan",                                                                                                          
                               "Parent Relationship": "Outer",                                                                                                   
                               "Parallel Aware": false,                                                                                                          
                               "Relation Name": "cast_info",                                                                                                     
                               "Alias": "ci",                                                                                                                    
                               "Startup Cost": 0.00,                                                                                                             
                               "Total Cost": 10431.00,                                                                                                           
                               "Plan Rows": 36244344,                                                                                                            
                               "Plan Width": 8,                                                                                                                  
                               "Actual Startup Time": 0.016,                                                                                                     
                               "Actual Total Time": 6895.810,                                                                                                    
                               "Actual Rows": 36244344,                                                                                                          
                               "Actual Loops": 1,                                                                                                                
                               "Shared Hit Blocks": 4,                                                                                                           
                               "Shared Read Blocks": 252650,                                                                                                     
                               "Shared Dirtied Blocks": 0,                                                                                                       
                               "Shared Written Blocks": 0,                                                                                                       
                               "Local Hit Blocks": 0,                                                                                                            
                               "Local Read Blocks": 0,                                                                                                           
                               "Local Dirtied Blocks": 0,                                                                                                        
                               "Local Written Blocks": 0,                                                                                                        
                               "Temp Read Blocks": 0,                                                                                                            
                               "Temp Written Blocks": 0                                                                                                          
                             }                                                                                                                                   
                           ]                                                                                                                                     
                         },                                                                                                                                      
                         {                                                                                                                                       
                           "Node Type": "Sort",                                                                                                                  
                           "Parent Relationship": "Inner",                                                                                                       
                           "Parallel Aware": false,                                                                                                              
                           "Startup Cost": 1500.86,                                                                                                              
                           "Total Cost": 1500.89,                                                                                                                
                           "Plan Rows": 438,                                                                                                                     
                           "Plan Width": 21,                                                                                                                     
                           "Actual Startup Time": 1729.744,                                                                                                      
                           "Actual Total Time": 1729.849,                                                                                                        
                           "Actual Rows": 438,                                                                                                                   
                           "Actual Loops": 1,                                                                                                                    
                           "Sort Key": ["t.id"],                                                                                                                 
                           "Sort Method": "quicksort",                                                                                                           
                           "Sort Space Used": 55,                                                                                                                
                           "Sort Space Type": "Memory",                                                                                                          
                           "Shared Hit Blocks": 1,                                                                                                               
                           "Shared Read Blocks": 35997,                                                                                                          
                           "Shared Dirtied Blocks": 0,                                                                                                           
                           "Shared Written Blocks": 0,                                                                                                           
                           "Local Hit Blocks": 0,                                                                                                                
                           "Local Read Blocks": 0,                                                                                                               
                           "Local Dirtied Blocks": 0,                                                                                                            
                           "Local Written Blocks": 0,                                                                                                            
                           "Temp Read Blocks": 0,                                                                                                                
                           "Temp Written Blocks": 0,                                                                                                             
                           "Plans": [                                                                                                                            
                             {                                                                                                                                   
                               "Node Type": "Seq Scan",                                                                                                          
                               "Parent Relationship": "Outer",                                                                                                   
                               "Parallel Aware": false,                                                                                                          
                               "Relation Name": "title",                                                                                                         
                               "Alias": "t",                                                                                                                     
                               "Startup Cost": 0.00,                                                                                                             
                               "Total Cost": 1500.26,                                                                                                            
                               "Plan Rows": 438,                                                                                                                 
                               "Plan Width": 21,                                                                                                                 
                               "Actual Startup Time": 171.846,                                                                                                   
                               "Actual Total Time": 1728.921,                                                                                                    
                               "Actual Rows": 438,                                                                                                               
                               "Actual Loops": 1,                                                                                                                
                               "Filter": "(production_year > 2014)",                                                                                             
                               "Rows Removed by Filter": 2527874,                                                                                                
                               "Shared Hit Blocks": 1,                                                                                                           
                               "Shared Read Blocks": 35997,                                                                                                      
                               "Shared Dirtied Blocks": 0,                                                                                                       
                               "Shared Written Blocks": 0,                                                                                                       
                               "Local Hit Blocks": 0,                                                                                                            
                               "Local Read Blocks": 0,                                                                                                           
                               "Local Dirtied Blocks": 0,                                                                                                        
                               "Local Written Blocks": 0,                                                                                                        
                               "Temp Read Blocks": 0,                                                                                                            
                               "Temp Written Blocks": 0                                                                                                          
                             }                                                                                                                                   
                           ]                                                                                                                                     
                         }                                                                                                                                       
                       ]                                                                                                                                         
                     },                                                                                                                                          
                     {                                                                                                                                           
                       "Node Type": "Sort",                                                                                                                      
                       "Parent Relationship": "Inner",                                                                                                           
                       "Parallel Aware": false,                                                                                                                  
                       "Startup Cost": 17394.47,                                                                                                                 
                       "Total Cost": 17394.49,                                                                                                                   
                       "Plan Rows": 270,                                                                                                                         
                       "Plan Width": 20,                                                                                                                         
                       "Actual Startup Time": 3123.774,                                                                                                          
                       "Actual Total Time": 3128.722,                                                                                                            
                       "Actual Rows": 35707,                                                                                                                     
                       "Actual Loops": 1,                                                                                                                        
                       "Sort Key": ["mk.movie_id"],                                                                                                              
                       "Sort Method": "quicksort",                                                                                                               
                       "Sort Space Used": 3278,                                                                                                                  
                       "Sort Space Type": "Memory",                                                                                                              
                       "Shared Hit Blocks": 5,                                                                                                                   
                       "Shared Read Blocks": 25398,                                                                                                              
                       "Shared Dirtied Blocks": 0,                                                                                                               
                       "Shared Written Blocks": 0,                                                                                                               
                       "Local Hit Blocks": 0,                                                                                                                    
                       "Local Read Blocks": 0,                                                                                                                   
                       "Local Dirtied Blocks": 0,                                                                                                                
                       "Local Written Blocks": 0,                                                                                                                
                       "Temp Read Blocks": 0,                                                                                                                    
                       "Temp Written Blocks": 0,                                                                                                                 
                       "Plans": [                                                                                                                                
                         {                                                                                                                                       
                           "Node Type": "Merge Join",                                                                                                            
                           "Parent Relationship": "Outer",                                                                                                       
                           "Parallel Aware": false,                                                                                                              
                           "Join Type": "Inner",                                                                                                                 
                           "Startup Cost": 16691.64,                                                                                                             
                           "Total Cost": 17394.13,                                                                                                               
                           "Plan Rows": 270,                                                                                                                     
                           "Plan Width": 20,                                                                                                                     
                           "Actual Startup Time": 2517.306,                                                                                                      
                           "Actual Total Time": 3110.819,                                                                                                        
                           "Actual Rows": 35548,                                                                                                                 
                           "Actual Loops": 1,                                                                                                                    
                           "Inner Unique": false,                                                                                                                
                           "Merge Cond": "(k.id = mk.keyword_id)",                                                                                               
                           "Shared Hit Blocks": 5,                                                                                                               
                           "Shared Read Blocks": 25398,                                                                                                          
                           "Shared Dirtied Blocks": 0,                                                                                                           
                           "Shared Written Blocks": 0,                                                                                                           
                           "Local Hit Blocks": 0,                                                                                                                
                           "Local Read Blocks": 0,                                                                                                               
                           "Local Dirtied Blocks": 0,                                                                                                            
                           "Local Written Blocks": 0,                                                                                                            
                           "Temp Read Blocks": 0,                                                                                                                
                           "Temp Written Blocks": 0,                                                                                                             
                           "Plans": [                                                                                                                            
                             {                                                                                                                                   
                               "Node Type": "Sort",                                                                                                              
                               "Parent Relationship": "Outer",                                                                                                   
                               "Parallel Aware": false,                                                                                                          
                               "Startup Cost": 80.72,                                                                                                            
                               "Total Cost": 80.72,                                                                                                              
                               "Plan Rows": 8,                                                                                                                   
                               "Plan Width": 20,                                                                                                                 
                               "Actual Startup Time": 84.334,                                                                                                    
                               "Actual Total Time": 84.337,                                                                                                      
                               "Actual Rows": 8,                                                                                                                 
                               "Actual Loops": 1,                                                                                                                
                               "Sort Key": ["k.id"],                                                                                                             
                               "Sort Method": "quicksort",                                                                                                       
                               "Sort Space Used": 25,                                                                                                            
                               "Sort Space Type": "Memory",                                                                                                      
                               "Shared Hit Blocks": 2,                                                                                                           
                               "Shared Read Blocks": 947,                                                                                                        
                               "Shared Dirtied Blocks": 0,                                                                                                       
                               "Shared Written Blocks": 0,                                                                                                       
                               "Local Hit Blocks": 0,                                                                                                            
                               "Local Read Blocks": 0,                                                                                                           
                               "Local Dirtied Blocks": 0,                                                                                                        
                               "Local Written Blocks": 0,                                                                                                        
                               "Temp Read Blocks": 0,                                                                                                            
                               "Temp Written Blocks": 0,                                                                                                         
                               "Plans": [                                                                                                                        
                                 {                                                                                                                               
                                   "Node Type": "Seq Scan",                                                                                                      
                                   "Parent Relationship": "Outer",                                                                                               
                                   "Parallel Aware": false,                                                                                                      
                                   "Relation Name": "keyword",                                                                                                   
                                   "Alias": "k",                                                                                                                 
                                   "Startup Cost": 0.00,                                                                                                         
                                   "Total Cost": 80.71,                                                                                                          
                                   "Plan Rows": 8,                                                                                                               
                                   "Plan Width": 20,                                                                                                             
                                   "Actual Startup Time": 19.117,                                                                                                
                                   "Actual Total Time": 84.314,                                                                                                  
                                   "Actual Rows": 8,                                                                                                             
                                   "Actual Loops": 1,                                                                                                            
                                   "Filter": "(keyword = ANY ('{superhero,sequel,second-part,marvel-comics,based-on-comic,tv-special,fight,violence}'::text[]))",
                                   "Rows Removed by Filter": 134162,                                                                                             
                                   "Shared Hit Blocks": 2,                                                                                                       
                                   "Shared Read Blocks": 947,                                                                                                    
                                   "Shared Dirtied Blocks": 0,                                                                                                   
                                   "Shared Written Blocks": 0,                                                                                                   
                                   "Local Hit Blocks": 0,                                                                                                        
                                   "Local Read Blocks": 0,                                                                                                       
                                   "Local Dirtied Blocks": 0,                                                                                                    
                                   "Local Written Blocks": 0,                                                                                                    
                                   "Temp Read Blocks": 0,                                                                                                        
                                   "Temp Written Blocks": 0                                                                                                      
                                 }                                                                                                                               
                               ]                                                                                                                                 
                             },                                                                                                                                  
                             {                                                                                                                                   
                               "Node Type": "Sort",                                                                                                              
                               "Parent Relationship": "Inner",                                                                                                   
                               "Parallel Aware": false,                                                                                                          
                               "Startup Cost": 16610.92,                                                                                                         
                               "Total Cost": 16962.16,                                                                                                           
                               "Plan Rows": 4523930,                                                                                                             
                               "Plan Width": 8,                                                                                                                  
                               "Actual Startup Time": 2290.175,                                                                                                  
                               "Actual Total Time": 2708.408,                                                                                                    
                               "Actual Rows": 2796931,                                                                                                           
                               "Actual Loops": 1,                                                                                                                
                               "Sort Key": ["mk.keyword_id"],                                                                                                    
                               "Sort Method": "quicksort",                                                                                                       
                               "Sort Space Used": 408668,                                                                                                        
                               "Sort Space Type": "Memory",                                                                                                      
                               "Shared Hit Blocks": 3,                                                                                                           
                               "Shared Read Blocks": 24451,                                                                                                      
                               "Shared Dirtied Blocks": 0,                                                                                                       
                               "Shared Written Blocks": 0,                                                                                                       
                               "Local Hit Blocks": 0,                                                                                                            
                               "Local Read Blocks": 0,                                                                                                           
                               "Local Dirtied Blocks": 0,                                                                                                        
                               "Local Written Blocks": 0,                                                                                                        
                               "Temp Read Blocks": 0,                                                                                                            
                               "Temp Written Blocks": 0,                                                                                                         
                               "Plans": [                                                                                                                        
                                 {                                                                                                                               
                                   "Node Type": "Seq Scan",                                                                                                      
                                   "Parent Relationship": "Outer",                                                                                               
                                   "Parallel Aware": false,                                                                                                      
                                   "Relation Name": "movie_keyword",                                                                                             
                                   "Alias": "mk",                                                                                                                
                                   "Startup Cost": 0.00,                                                                                                         
                                   "Total Cost": 1079.84,                                                                                                        
                                   "Plan Rows": 4523930,                                                                                                         
                                   "Plan Width": 8,                                                                                                              
                                   "Actual Startup Time": 0.008,                                                                                                 
                                   "Actual Total Time": 837.649,                                                                                                 
                                   "Actual Rows": 4523930,                                                                                                       
                                   "Actual Loops": 1,                                                                                                            
                                   "Shared Hit Blocks": 3,                                                                                                       
                                   "Shared Read Blocks": 24451,                                                                                                  
                                   "Shared Dirtied Blocks": 0,                                                                                                   
                                   "Shared Written Blocks": 0,                                                                                                   
                                   "Local Hit Blocks": 0,                                                                                                        
                                   "Local Read Blocks": 0,                                                                                                       
                                   "Local Dirtied Blocks": 0,                                                                                                    
                                   "Local Written Blocks": 0,                                                                                                    
                                   "Temp Read Blocks": 0,                                                                                                        
                                   "Temp Written Blocks": 0                                                                                                      
                                 }                                                                                                                               
                               ]                                                                                                                                 
                             }                                                                                                                                   
                           ]                                                                                                                                     
                         }                                                                                                                                       
                       ]                                                                                                                                         
                     }                                                                                                                                           
                   ]                                                                                                                                             
                 }                                                                                                                                               
               ]                                                                                                                                                 
             },                                                                                                                                                  
             {                                                                                                                                                   
               "Node Type": "Sort",                                                                                                                              
               "Parent Relationship": "Inner",                                                                                                                   
               "Parallel Aware": false,                                                                                                                          
               "Startup Cost": 2356.66,                                                                                                                          
               "Total Cost": 2356.69,                                                                                                                            
               "Plan Rows": 400,                                                                                                                                 
               "Plan Width": 19,                                                                                                                                 
               "Actual Startup Time": 2717.831,                                                                                                                  
               "Actual Total Time": 2717.832,                                                                                                                    
               "Actual Rows": 2,                                                                                                                                 
               "Actual Loops": 1,                                                                                                                                
               "Sort Key": ["n.id"],                                                                                                                             
               "Sort Method": "quicksort",                                                                                                                       
               "Sort Space Used": 25,                                                                                                                            
               "Sort Space Type": "Memory",                                                                                                                      
               "Shared Hit Blocks": 1,                                                                                                                           
               "Shared Read Blocks": 55612,                                                                                                                      
               "Shared Dirtied Blocks": 0,                                                                                                                       
               "Shared Written Blocks": 0,                                                                                                                       
               "Local Hit Blocks": 0,                                                                                                                            
               "Local Read Blocks": 0,                                                                                                                           
               "Local Dirtied Blocks": 0,                                                                                                                        
               "Local Written Blocks": 0,                                                                                                                        
               "Temp Read Blocks": 0,                                                                                                                            
               "Temp Written Blocks": 0,                                                                                                                         
               "Plans": [                                                                                                                                        
                 {                                                                                                                                               
                   "Node Type": "Seq Scan",                                                                                                                      
                   "Parent Relationship": "Outer",                                                                                                               
                   "Parallel Aware": false,                                                                                                                      
                   "Relation Name": "name",                                                                                                                      
                   "Alias": "n",                                                                                                                                 
                   "Startup Cost": 0.00,                                                                                                                         
                   "Total Cost": 2356.12,                                                                                                                        
                   "Plan Rows": 400,                                                                                                                             
                   "Plan Width": 19,                                                                                                                             
                   "Actual Startup Time": 399.315,                                                                                                               
                   "Actual Total Time": 2717.814,                                                                                                                
                   "Actual Rows": 2,                                                                                                                             
                   "Actual Loops": 1,                                                                                                                            
                   "Filter": "(name ~~ '%Downey%Robert%'::text)",                                                                                                
                   "Rows Removed by Filter": 4167489,                                                                                                            
                   "Shared Hit Blocks": 1,                                                                                                                       
                   "Shared Read Blocks": 55612,                                                                                                                  
                   "Shared Dirtied Blocks": 0,                                                                                                                   
                   "Shared Written Blocks": 0,                                                                                                                   
                   "Local Hit Blocks": 0,                                                                                                                        
                   "Local Read Blocks": 0,                                                                                                                       
                   "Local Dirtied Blocks": 0,                                                                                                                    
                   "Local Written Blocks": 0,                                                                                                                    
                   "Temp Read Blocks": 0,                                                                                                                        
                   "Temp Written Blocks": 0                                                                                                                      
                 }                                                                                                                                               
               ]                                                                                                                                                 
             }                                                                                                                                                   
           ]                                                                                                                                                     
         }                                                                                                                                                       
       ]                                                                                                                                                         
     },                                                                                                                                                          
     "Planning Time": 2700.060,                                                                                                                                  
     "Triggers": [                                                                                                                                               
     ],                                                                                                                                                          
     "Execution Time": 37211.796                                                                                                                                 
   }                                                                                                                                                             
 ]
