     "Plan": {                                                                               
       "Node Type": "Aggregate",                                                             
       "Strategy": "Plain",                                                                  
       "Partial Mode": "Simple",                                                             
       "Parallel Aware": false,                                                              
       "Startup Cost": 178601.21,                                                            
       "Total Cost": 178601.21,                                                              
       "Plan Rows": 1,                                                                       
       "Plan Width": 96,                                                                     
       "Actual Startup Time": 36782.647,                                                     
       "Actual Total Time": 36782.647,                                                       
       "Actual Rows": 1,                                                                     
       "Actual Loops": 1,                                                                    
       "Shared Hit Blocks": 15,                                                              
       "Shared Read Blocks": 369657,                                                         
       "Shared Dirtied Blocks": 0,                                                           
       "Shared Written Blocks": 0,                                                           
       "Local Hit Blocks": 0,                                                                
       "Local Read Blocks": 0,                                                               
       "Local Dirtied Blocks": 0,                                                            
       "Local Written Blocks": 0,                                                            
       "Temp Read Blocks": 0,                                                                
       "Temp Written Blocks": 0,                                                             
       "Plans": [                                                                            
         {                                                                                   
           "Node Type": "Merge Join",                                                        
           "Parent Relationship": "Outer",                                                   
           "Parallel Aware": false,                                                          
           "Join Type": "Inner",                                                             
           "Startup Cost": 178601.15,                                                        
           "Total Cost": 178601.21,                                                          
           "Plan Rows": 1,                                                                   
           "Plan Width": 48,                                                                 
           "Actual Startup Time": 36782.627,                                                 
           "Actual Total Time": 36782.629,                                                   
           "Actual Rows": 2,                                                                 
           "Actual Loops": 1,                                                                
           "Inner Unique": true,                                                             
           "Merge Cond": "(ci.person_id = n.id)",                                            
           "Shared Hit Blocks": 15,                                                          
           "Shared Read Blocks": 369657,                                                     
           "Shared Dirtied Blocks": 0,                                                       
           "Shared Written Blocks": 0,                                                       
           "Local Hit Blocks": 0,                                                            
           "Local Read Blocks": 0,                                                           
           "Local Dirtied Blocks": 0,                                                        
           "Local Written Blocks": 0,                                                        
           "Temp Read Blocks": 0,                                                            
           "Temp Written Blocks": 0,                                                         
           "Plans": [                                                                        
             {                                                                               
               "Node Type": "Sort",                                                          
               "Parent Relationship": "Outer",                                               
               "Parallel Aware": false,                                                      
               "Startup Cost": 176244.49,                                                    
               "Total Cost": 176244.49,                                                      
               "Plan Rows": 1,                                                               
               "Plan Width": 37,                                                             
               "Actual Startup Time": 34066.088,                                             
               "Actual Total Time": 34066.089,                                               
               "Actual Rows": 4,                                                             
               "Actual Loops": 1,                                                            
               "Sort Key": ["ci.person_id"],                                                 
               "Sort Method": "quicksort",                                                   
               "Sort Space Used": 27,                                                        
               "Sort Space Type": "Memory",                                                  
               "Shared Hit Blocks": 14,                                                      
               "Shared Read Blocks": 314045,                                                 
               "Shared Dirtied Blocks": 0,                                                   
               "Shared Written Blocks": 0,                                                   
               "Local Hit Blocks": 0,                                                        
               "Local Read Blocks": 0,                                                       
               "Local Dirtied Blocks": 0,                                                    
               "Local Written Blocks": 0,                                                    
               "Temp Read Blocks": 0,                                                        
               "Temp Written Blocks": 0,                                                     
               "Plans": [                                                                    
                 {                                                                           
                   "Node Type": "Merge Join",                                                
                   "Parent Relationship": "Outer",                                           
                   "Parallel Aware": false,                                                  
                   "Join Type": "Inner",                                                     
                   "Startup Cost": 170620.87,                                                
                   "Total Cost": 176244.49,                                                  
                   "Plan Rows": 1,                                                           
                   "Plan Width": 37,                                                         
                   "Actual Startup Time": 30772.984,                                         
                   "Actual Total Time": 34042.521,                                           
                   "Actual Rows": 33,                                                        
                   "Actual Loops": 1,                                                        
                   "Inner Unique": false,                                                    
                   "Merge Cond": "(t.id = mk.movie_id)",                                     
                   "Shared Hit Blocks": 10,                                                  
                   "Shared Read Blocks": 314045,                                             
                   "Shared Dirtied Blocks": 0,                                               
                   "Shared Written Blocks": 0,                                               
                   "Local Hit Blocks": 0,                                                    
                   "Local Read Blocks": 0,                                                   
                   "Local Dirtied Blocks": 0,                                                
                   "Local Written Blocks": 0,                                                
                   "Temp Read Blocks": 0,                                                    
                   "Temp Written Blocks": 0,                                                 
                   "Plans": [                                                                
                     {                                                                       
                       "Node Type": "Merge Join",                                            
                       "Parent Relationship": "Outer",                                       
                       "Parallel Aware": false,                                              
                       "Join Type": "Inner",                                                 
                       "Startup Cost": 153257.99,                                            
                       "Total Cost": 158886.49,                                              
                       "Plan Rows": 6279,                                                    
                       "Plan Width": 29,                                                     
                       "Actual Startup Time": 23381.317,                                     
                       "Actual Total Time": 30974.582,                                       
                       "Actual Rows": 2983,                                                  
                       "Actual Loops": 1,                                                    
                       "Inner Unique": true,                                                 
                       "Merge Cond": "(ci.movie_id = t.id)",                                 
                       "Shared Hit Blocks": 5,                                               
                       "Shared Read Blocks": 288647,                                         
                       "Shared Dirtied Blocks": 0,                                           
                       "Shared Written Blocks": 0,                                           
                       "Local Hit Blocks": 0,                                                
                       "Local Read Blocks": 0,                                               
                       "Local Dirtied Blocks": 0,                                            
                       "Local Written Blocks": 0,                                            
                       "Temp Read Blocks": 0,                                                
                       "Temp Written Blocks": 0,                                             
                       "Plans": [                                                            
                         {                                                                   
                           "Node Type": "Sort",                                              
                           "Parent Relationship": "Outer",                                   
                           "Parallel Aware": false,                                          
                           "Startup Cost": 151757.13,                                        
                           "Total Cost": 154571.13,                                          
                           "Plan Rows": 36244344,                                            
                           "Plan Width": 8,                                                  
                           "Actual Startup Time": 20999.015,                                 
                           "Actual Total Time": 25154.145,                                   
                           "Actual Rows": 35355239,                                          
                           "Actual Loops": 1,                                                
                           "Sort Key": ["ci.movie_id"],                                      
                           "Sort Method": "quicksort",                                       
                           "Sort Space Used": 3271818,                                       
                           "Sort Space Type": "Memory",                                      
                           "Shared Hit Blocks": 4,                                           
                           "Shared Read Blocks": 252650,                                     
                           "Shared Dirtied Blocks": 0,                                       
                           "Shared Written Blocks": 0,                                       
                           "Local Hit Blocks": 0,                                            
                           "Local Read Blocks": 0,                                           
                           "Local Dirtied Blocks": 0,                                        
                           "Local Written Blocks": 0,                                        
                           "Temp Read Blocks": 0,                                            
                           "Temp Written Blocks": 0,                                         
                           "Plans": [                                                        
                             {                                                               
                               "Node Type": "Seq Scan",                                      
                               "Parent Relationship": "Outer",                               
                               "Parallel Aware": false,                                      
                               "Relation Name": "cast_info",                                 
                               "Alias": "ci",                                                
                               "Startup Cost": 0.00,                                         
                               "Total Cost": 10431.00,                                       
                               "Plan Rows": 36244344,                                        
                               "Plan Width": 8,                                              
                               "Actual Startup Time": 0.018,                                 
                               "Actual Total Time": 6855.135,                                
                               "Actual Rows": 36244344,                                      
                               "Actual Loops": 1,                                            
                               "Shared Hit Blocks": 4,                                       
                               "Shared Read Blocks": 252650,                                 
                               "Shared Dirtied Blocks": 0,                                   
                               "Shared Written Blocks": 0,                                   
                               "Local Hit Blocks": 0,                                        
                               "Local Read Blocks": 0,                                       
                               "Local Dirtied Blocks": 0,                                    
                               "Local Written Blocks": 0,                                    
                               "Temp Read Blocks": 0,                                        
                               "Temp Written Blocks": 0                                      
                             }                                                               
                           ]                                                                 
                         },                                                                  
                         {                                                                   
                           "Node Type": "Sort",                                              
                           "Parent Relationship": "Inner",                                   
                           "Parallel Aware": false,                                          
                           "Startup Cost": 1500.86,                                          
                           "Total Cost": 1500.89,                                            
                           "Plan Rows": 438,                                                 
                           "Plan Width": 21,                                                 
                           "Actual Startup Time": 1778.478,                                  
                           "Actual Total Time": 1778.573,                                    
                           "Actual Rows": 416,                                               
                           "Actual Loops": 1,                                                
                           "Sort Key": ["t.id"],                                             
                           "Sort Method": "quicksort",                                       
                           "Sort Space Used": 55,                                            
                           "Sort Space Type": "Memory",                                      
                           "Shared Hit Blocks": 1,                                           
                           "Shared Read Blocks": 35997,                                      
                           "Shared Dirtied Blocks": 0,                                       
                           "Shared Written Blocks": 0,                                       
                           "Local Hit Blocks": 0,                                            
                           "Local Read Blocks": 0,                                           
                           "Local Dirtied Blocks": 0,                                        
                           "Local Written Blocks": 0,                                        
                           "Temp Read Blocks": 0,                                            
                           "Temp Written Blocks": 0,                                         
                           "Plans": [                                                        
                             {                                                               
                               "Node Type": "Seq Scan",                                      
                               "Parent Relationship": "Outer",                               
                               "Parallel Aware": false,                                      
                               "Relation Name": "title",                                     
                               "Alias": "t",                                                 
                               "Startup Cost": 0.00,                                         
                               "Total Cost": 1500.26,                                        
                               "Plan Rows": 438,                                             
                               "Plan Width": 21,                                             
                               "Actual Startup Time": 220.293,                               
                               "Actual Total Time": 1777.708,                                
                               "Actual Rows": 438,                                           
                               "Actual Loops": 1,                                            
                               "Filter": "(production_year > 2014)",                         
                               "Rows Removed by Filter": 2527874,                            
                               "Shared Hit Blocks": 1,                                       
                               "Shared Read Blocks": 35997,                                  
                               "Shared Dirtied Blocks": 0,                                   
                               "Shared Written Blocks": 0,                                   
                               "Local Hit Blocks": 0,                                        
                               "Local Read Blocks": 0,                                       
                               "Local Dirtied Blocks": 0,                                    
                               "Local Written Blocks": 0,                                    
                               "Temp Read Blocks": 0,                                        
                               "Temp Written Blocks": 0                                      
                             }                                                               
                           ]                                                                 
                         }                                                                   
                       ]                                                                     
                     },                                                                      
                     {                                                                       
                       "Node Type": "Sort",                                                  
                       "Parent Relationship": "Inner",                                       
                       "Parallel Aware": false,                                              
                       "Startup Cost": 17362.89,                                             
                       "Total Cost": 17362.89,                                               
                       "Plan Rows": 34,                                                      
                       "Plan Width": 20,                                                     
                       "Actual Startup Time": 3067.605,                                      
                       "Actual Total Time": 3067.611,                                        
                       "Actual Rows": 45,                                                    
                       "Actual Loops": 1,                                                    
                       "Sort Key": ["mk.movie_id"],                                          
                       "Sort Method": "quicksort",                                           
                       "Sort Space Used": 26,                                                
                       "Sort Space Type": "Memory",                                          
                       "Shared Hit Blocks": 5,                                               
                       "Shared Read Blocks": 25398,                                          
                       "Shared Dirtied Blocks": 0,                                           
                       "Shared Written Blocks": 0,                                           
                       "Local Hit Blocks": 0,                                                
                       "Local Read Blocks": 0,                                               
                       "Local Dirtied Blocks": 0,                                            
                       "Local Written Blocks": 0,                                            
                       "Temp Read Blocks": 0,                                                
                       "Temp Written Blocks": 0,                                             
                       "Plans": [                                                            
                         {                                                                   
                           "Node Type": "Merge Join",                                        
                           "Parent Relationship": "Outer",                                   
                           "Parallel Aware": false,                                          
                           "Join Type": "Inner",                                             
                           "Startup Cost": 16660.38,                                         
                           "Total Cost": 17362.86,                                           
                           "Plan Rows": 34,                                                  
                           "Plan Width": 20,                                                 
                           "Actual Startup Time": 3067.583,                                  
                           "Actual Total Time": 3067.588,                                    
                           "Actual Rows": 14,                                                
                           "Actual Loops": 1,                                                
                           "Inner Unique": false,                                            
                           "Merge Cond": "(k.id = mk.keyword_id)",                           
                           "Shared Hit Blocks": 5,                                           
                           "Shared Read Blocks": 25398,                                      
                           "Shared Dirtied Blocks": 0,                                       
                           "Shared Written Blocks": 0,                                       
                           "Local Hit Blocks": 0,                                            
                           "Local Read Blocks": 0,                                           
                           "Local Dirtied Blocks": 0,                                        
                           "Local Written Blocks": 0,                                        
                           "Temp Read Blocks": 0,                                            
                           "Temp Written Blocks": 0,                                         
                           "Plans": [                                                        
                             {                                                               
                               "Node Type": "Sort",                                          
                               "Parent Relationship": "Outer",                               
                               "Parallel Aware": false,                                      
                               "Startup Cost": 49.46,                                        
                               "Total Cost": 49.46,                                          
                               "Plan Rows": 1,                                               
                               "Plan Width": 20,                                             
                               "Actual Startup Time": 83.909,                                
                               "Actual Total Time": 83.909,                                  
                               "Actual Rows": 1,                                             
                               "Actual Loops": 1,                                            
                               "Sort Key": ["k.id"],                                         
                               "Sort Method": "quicksort",                                   
                               "Sort Space Used": 25,                                        
                               "Sort Space Type": "Memory",                                  
                               "Shared Hit Blocks": 2,                                       
                               "Shared Read Blocks": 947,                                    
                               "Shared Dirtied Blocks": 0,                                   
                               "Shared Written Blocks": 0,                                   
                               "Local Hit Blocks": 0,                                        
                               "Local Read Blocks": 0,                                       
                               "Local Dirtied Blocks": 0,                                    
                               "Local Written Blocks": 0,                                    
                               "Temp Read Blocks": 0,                                        
                               "Temp Written Blocks": 0,                                     
                               "Plans": [                                                    
                                 {                                                           
                                   "Node Type": "Seq Scan",                                  
                                   "Parent Relationship": "Outer",                           
                                   "Parallel Aware": false,                                  
                                   "Relation Name": "keyword",                               
                                   "Alias": "k",                                             
                                   "Startup Cost": 0.00,                                     
                                   "Total Cost": 49.46,                                      
                                   "Plan Rows": 1,                                           
                                   "Plan Width": 20,                                         
                                   "Actual Startup Time": 21.612,                            
                                   "Actual Total Time": 83.901,                              
                                   "Actual Rows": 1,                                         
                                   "Actual Loops": 1,                                        
                                   "Filter": "(keyword = 'marvel-cinematic-universe'::text)",
                                   "Rows Removed by Filter": 134169,                         
                                   "Shared Hit Blocks": 2,                                   
                                   "Shared Read Blocks": 947,                                
                                   "Shared Dirtied Blocks": 0,                               
                                   "Shared Written Blocks": 0,                               
                                   "Local Hit Blocks": 0,                                    
                                   "Local Read Blocks": 0,                                   
                                   "Local Dirtied Blocks": 0,                                
                                   "Local Written Blocks": 0,                                
                                   "Temp Read Blocks": 0,                                    
                                   "Temp Written Blocks": 0                                  
                                 }                                                           
                               ]                                                             
                             },                                                              
                             {                                                               
                               "Node Type": "Sort",                                          
                               "Parent Relationship": "Inner",                               
                               "Parallel Aware": false,                                      
                               "Startup Cost": 16610.92,                                     
                               "Total Cost": 16962.16,                                       
                               "Plan Rows": 4523930,                                         
                               "Plan Width": 8,                                              
                               "Actual Startup Time": 2262.005,                              
                               "Actual Total Time": 2669.490,                                
                               "Actual Rows": 2796683,                                       
                               "Actual Loops": 1,                                            
                               "Sort Key": ["mk.keyword_id"],                                
                               "Sort Method": "quicksort",                                   
                               "Sort Space Used": 408668,                                    
                               "Sort Space Type": "Memory",                                  
                               "Shared Hit Blocks": 3,                                       
                               "Shared Read Blocks": 24451,                                  
                               "Shared Dirtied Blocks": 0,                                   
                               "Shared Written Blocks": 0,                                   
                               "Local Hit Blocks": 0,                                        
                               "Local Read Blocks": 0,                                       
                               "Local Dirtied Blocks": 0,                                    
                               "Local Written Blocks": 0,                                    
                               "Temp Read Blocks": 0,                                        
                               "Temp Written Blocks": 0,                                     
                               "Plans": [                                                    
                                 {                                                           
                                   "Node Type": "Seq Scan",                                  
                                   "Parent Relationship": "Outer",                           
                                   "Parallel Aware": false,                                  
                                   "Relation Name": "movie_keyword",                         
                                   "Alias": "mk",                                            
                                   "Startup Cost": 0.00,                                     
                                   "Total Cost": 1079.84,                                    
                                   "Plan Rows": 4523930,                                     
                                   "Plan Width": 8,                                          
                                   "Actual Startup Time": 0.007,                             
                                   "Actual Total Time": 814.445,                             
                                   "Actual Rows": 4523930,                                   
                                   "Actual Loops": 1,                                        
                                   "Shared Hit Blocks": 3,                                   
                                   "Shared Read Blocks": 24451,                              
                                   "Shared Dirtied Blocks": 0,                               
                                   "Shared Written Blocks": 0,                               
                                   "Local Hit Blocks": 0,                                    
                                   "Local Read Blocks": 0,                                   
                                   "Local Dirtied Blocks": 0,                                
                                   "Local Written Blocks": 0,                                
                                   "Temp Read Blocks": 0,                                    
                                   "Temp Written Blocks": 0                                  
                                 }                                                           
                               ]                                                             
                             }                                                               
                           ]                                                                 
                         }                                                                   
                       ]                                                                     
                     }                                                                       
                   ]                                                                         
                 }                                                                           
               ]                                                                             
             },                                                                              
             {                                                                               
               "Node Type": "Sort",                                                          
               "Parent Relationship": "Inner",                                               
               "Parallel Aware": false,                                                      
               "Startup Cost": 2356.66,                                                      
               "Total Cost": 2356.69,                                                        
               "Plan Rows": 400,                                                             
               "Plan Width": 19,                                                             
               "Actual Startup Time": 2716.529,                                              
               "Actual Total Time": 2716.529,                                                
               "Actual Rows": 2,                                                             
               "Actual Loops": 1,                                                            
               "Sort Key": ["n.id"],                                                         
               "Sort Method": "quicksort",                                                   
               "Sort Space Used": 25,                                                        
               "Sort Space Type": "Memory",                                                  
               "Shared Hit Blocks": 1,                                                       
               "Shared Read Blocks": 55612,                                                  
               "Shared Dirtied Blocks": 0,                                                   
               "Shared Written Blocks": 0,                                                   
               "Local Hit Blocks": 0,                                                        
               "Local Read Blocks": 0,                                                       
               "Local Dirtied Blocks": 0,                                                    
               "Local Written Blocks": 0,                                                    
               "Temp Read Blocks": 0,                                                        
               "Temp Written Blocks": 0,                                                     
               "Plans": [                                                                    
                 {                                                                           
                   "Node Type": "Seq Scan",                                                  
                   "Parent Relationship": "Outer",                                           
                   "Parallel Aware": false,                                                  
                   "Relation Name": "name",                                                  
                   "Alias": "n",                                                             
                   "Startup Cost": 0.00,                                                     
                   "Total Cost": 2356.12,                                                    
                   "Plan Rows": 400,                                                         
                   "Plan Width": 19,                                                         
                   "Actual Startup Time": 289.083,                                           
                   "Actual Total Time": 2716.510,                                            
                   "Actual Rows": 2,                                                         
                   "Actual Loops": 1,                                                        
                   "Filter": "(name ~~ '%Downey%Robert%'::text)",                            
                   "Rows Removed by Filter": 4167489,                                        
                   "Shared Hit Blocks": 1,                                                   
                   "Shared Read Blocks": 55612,                                              
                   "Shared Dirtied Blocks": 0,                                               
                   "Shared Written Blocks": 0,                                               
                   "Local Hit Blocks": 0,                                                    
                   "Local Read Blocks": 0,                                                   
                   "Local Dirtied Blocks": 0,                                                
                   "Local Written Blocks": 0,                                                
                   "Temp Read Blocks": 0,                                                    
                   "Temp Written Blocks": 0                                                  
                 }                                                                           
               ]                                                                             
             }                                                                               
           ]                                                                                 
         }                                                                                   
       ]                                                                                     
     },                                                                                      
     "Planning Time": 2755.240,                                                              
     "Triggers": [                                                                           
     ],                                                                                      
     "Execution Time": 36894.289                                                             
