     "Plan": {                                                                                                                                               
       "Node Type": "Aggregate",                                                                                                                             
       "Strategy": "Plain",                                                                                                                                  
       "Partial Mode": "Simple",                                                                                                                             
       "Parallel Aware": false,                                                                                                                              
       "Startup Cost": 183233.62,                                                                                                                            
       "Total Cost": 183233.62,                                                                                                                              
       "Plan Rows": 1,                                                                                                                                       
       "Plan Width": 96,                                                                                                                                     
       "Actual Startup Time": 27688.641,                                                                                                                     
       "Actual Total Time": 27688.641,                                                                                                                       
       "Actual Rows": 1,                                                                                                                                     
       "Actual Loops": 1,                                                                                                                                    
       "Shared Hit Blocks": 15,                                                                                                                              
       "Shared Read Blocks": 369657,                                                                                                                         
       "Shared Dirtied Blocks": 0,                                                                                                                           
       "Shared Written Blocks": 0,                                                                                                                           
       "Local Hit Blocks": 0,                                                                                                                                
       "Local Read Blocks": 0,                                                                                                                               
       "Local Dirtied Blocks": 0,                                                                                                                            
       "Local Written Blocks": 0,                                                                                                                            
       "Temp Read Blocks": 0,                                                                                                                                
       "Temp Written Blocks": 0,                                                                                                                             
       "Plans": [                                                                                                                                            
         {                                                                                                                                                   
           "Node Type": "Merge Join",                                                                                                                        
           "Parent Relationship": "Outer",                                                                                                                   
           "Parallel Aware": false,                                                                                                                          
           "Join Type": "Inner",                                                                                                                             
           "Startup Cost": 183018.72,                                                                                                                        
           "Total Cost": 183233.62,                                                                                                                          
           "Plan Rows": 1,                                                                                                                                   
           "Plan Width": 48,                                                                                                                                 
           "Actual Startup Time": 27391.310,                                                                                                                 
           "Actual Total Time": 27688.559,                                                                                                                   
           "Actual Rows": 88,                                                                                                                                
           "Actual Loops": 1,                                                                                                                                
           "Inner Unique": true,                                                                                                                             
           "Merge Cond": "(mk.movie_id = t.id)",                                                                                                             
           "Shared Hit Blocks": 15,                                                                                                                          
           "Shared Read Blocks": 369657,                                                                                                                     
           "Shared Dirtied Blocks": 0,                                                                                                                       
           "Shared Written Blocks": 0,                                                                                                                       
           "Local Hit Blocks": 0,                                                                                                                            
           "Local Read Blocks": 0,                                                                                                                           
           "Local Dirtied Blocks": 0,                                                                                                                        
           "Local Written Blocks": 0,                                                                                                                        
           "Temp Read Blocks": 0,                                                                                                                            
           "Temp Written Blocks": 0,                                                                                                                         
           "Plans": [                                                                                                                                        
             {                                                                                                                                               
               "Node Type": "Merge Join",                                                                                                                    
               "Parent Relationship": "Outer",                                                                                                               
               "Parallel Aware": false,                                                                                                                      
               "Join Type": "Inner",                                                                                                                         
               "Startup Cost": 177142.92,                                                                                                                    
               "Total Cost": 177143.50,                                                                                                                      
               "Plan Rows": 1,                                                                                                                               
               "Plan Width": 39,                                                                                                                             
               "Actual Startup Time": 25291.082,                                                                                                             
               "Actual Total Time": 25299.742,                                                                                                               
               "Actual Rows": 112,                                                                                                                           
               "Actual Loops": 1,                                                                                                                            
               "Inner Unique": false,                                                                                                                        
               "Merge Cond": "(ci.movie_id = mk.movie_id)",                                                                                                  
               "Shared Hit Blocks": 14,                                                                                                                      
               "Shared Read Blocks": 333660,                                                                                                                 
               "Shared Dirtied Blocks": 0,                                                                                                                   
               "Shared Written Blocks": 0,                                                                                                                   
               "Local Hit Blocks": 0,                                                                                                                        
               "Local Read Blocks": 0,                                                                                                                       
               "Local Dirtied Blocks": 0,                                                                                                                    
               "Local Written Blocks": 0,                                                                                                                    
               "Temp Read Blocks": 0,                                                                                                                        
               "Temp Written Blocks": 0,                                                                                                                     
               "Plans": [                                                                                                                                    
                 {                                                                                                                                           
                   "Node Type": "Sort",                                                                                                                      
                   "Parent Relationship": "Outer",                                                                                                           
                   "Parallel Aware": false,                                                                                                                  
                   "Startup Cost": 159748.45,                                                                                                                
                   "Total Cost": 159748.72,                                                                                                                  
                   "Plan Rows": 3479,                                                                                                                        
                   "Plan Width": 19,                                                                                                                         
                   "Actual Startup Time": 22225.460,                                                                                                         
                   "Actual Total Time": 22225.529,                                                                                                           
                   "Actual Rows": 486,                                                                                                                       
                   "Actual Loops": 1,                                                                                                                        
                   "Sort Key": ["ci.movie_id"],                                                                                                              
                   "Sort Method": "quicksort",                                                                                                               
                   "Sort Space Used": 62,                                                                                                                    
                   "Sort Space Type": "Memory",                                                                                                              
                   "Shared Hit Blocks": 9,                                                                                                                   
                   "Shared Read Blocks": 308262,                                                                                                             
                   "Shared Dirtied Blocks": 0,                                                                                                               
                   "Shared Written Blocks": 0,                                                                                                               
                   "Local Hit Blocks": 0,                                                                                                                    
                   "Local Read Blocks": 0,                                                                                                                   
                   "Local Dirtied Blocks": 0,                                                                                                                
                   "Local Written Blocks": 0,                                                                                                                
                   "Temp Read Blocks": 0,                                                                                                                    
                   "Temp Written Blocks": 0,                                                                                                                 
                   "Plans": [                                                                                                                                
                     {                                                                                                                                       
                       "Node Type": "Merge Join",                                                                                                            
                       "Parent Relationship": "Outer",                                                                                                       
                       "Parallel Aware": false,                                                                                                              
                       "Join Type": "Inner",                                                                                                                 
                       "Startup Cost": 154113.79,                                                                                                            
                       "Total Cost": 159742.09,                                                                                                              
                       "Plan Rows": 3479,                                                                                                                    
                       "Plan Width": 19,                                                                                                                     
                       "Actual Startup Time": 22215.649,                                                                                                     
                       "Actual Total Time": 22215.778,                                                                                                       
                       "Actual Rows": 486,                                                                                                                   
                       "Actual Loops": 1,                                                                                                                    
                       "Inner Unique": true,                                                                                                                 
                       "Merge Cond": "(ci.person_id = n.id)",                                                                                                
                       "Shared Hit Blocks": 5,                                                                                                               
                       "Shared Read Blocks": 308262,                                                                                                         
                       "Shared Dirtied Blocks": 0,                                                                                                           
                       "Shared Written Blocks": 0,                                                                                                           
                       "Local Hit Blocks": 0,                                                                                                                
                       "Local Read Blocks": 0,                                                                                                               
                       "Local Dirtied Blocks": 0,                                                                                                            
                       "Local Written Blocks": 0,                                                                                                            
                       "Temp Read Blocks": 0,                                                                                                                
                       "Temp Written Blocks": 0,                                                                                                             
                       "Plans": [                                                                                                                            
                         {                                                                                                                                   
                           "Node Type": "Sort",                                                                                                              
                           "Parent Relationship": "Outer",                                                                                                   
                           "Parallel Aware": false,                                                                                                          
                           "Startup Cost": 151757.13,                                                                                                        
                           "Total Cost": 154571.13,                                                                                                          
                           "Plan Rows": 36244344,                                                                                                            
                           "Plan Width": 8,                                                                                                                  
                           "Actual Startup Time": 18928.521,                                                                                                 
                           "Actual Total Time": 19156.645,                                                                                                   
                           "Actual Rows": 4303605,                                                                                                           
                           "Actual Loops": 1,                                                                                                                
                           "Sort Key": ["ci.person_id"],                                                                                                     
                           "Sort Method": "quicksort",                                                                                                       
                           "Sort Space Used": 3271818,                                                                                                       
                           "Sort Space Type": "Memory",                                                                                                      
                           "Shared Hit Blocks": 4,                                                                                                           
                           "Shared Read Blocks": 252650,                                                                                                     
                           "Shared Dirtied Blocks": 0,                                                                                                       
                           "Shared Written Blocks": 0,                                                                                                       
                           "Local Hit Blocks": 0,                                                                                                            
                           "Local Read Blocks": 0,                                                                                                           
                           "Local Dirtied Blocks": 0,                                                                                                        
                           "Local Written Blocks": 0,                                                                                                        
                           "Temp Read Blocks": 0,                                                                                                            
                           "Temp Written Blocks": 0,                                                                                                         
                           "Plans": [                                                                                                                        
                             {                                                                                                                               
                               "Node Type": "Seq Scan",                                                                                                      
                               "Parent Relationship": "Outer",                                                                                               
                               "Parallel Aware": false,                                                                                                      
                               "Relation Name": "cast_info",                                                                                                 
                               "Alias": "ci",                                                                                                                
                               "Startup Cost": 0.00,                                                                                                         
                               "Total Cost": 10431.00,                                                                                                       
                               "Plan Rows": 36244344,                                                                                                        
                               "Plan Width": 8,                                                                                                              
                               "Actual Startup Time": 0.018,                                                                                                 
                               "Actual Total Time": 6867.820,                                                                                                
                               "Actual Rows": 36244344,                                                                                                      
                               "Actual Loops": 1,                                                                                                            
                               "Shared Hit Blocks": 4,                                                                                                       
                               "Shared Read Blocks": 252650,                                                                                                 
                               "Shared Dirtied Blocks": 0,                                                                                                   
                               "Shared Written Blocks": 0,                                                                                                   
                               "Local Hit Blocks": 0,                                                                                                        
                               "Local Read Blocks": 0,                                                                                                       
                               "Local Dirtied Blocks": 0,                                                                                                    
                               "Local Written Blocks": 0,                                                                                                    
                               "Temp Read Blocks": 0,                                                                                                        
                               "Temp Written Blocks": 0                                                                                                      
                             }                                                                                                                               
                           ]                                                                                                                                 
                         },                                                                                                                                  
                         {                                                                                                                                   
                           "Node Type": "Sort",                                                                                                              
                           "Parent Relationship": "Inner",                                                                                                   
                           "Parallel Aware": false,                                                                                                          
                           "Startup Cost": 2356.66,                                                                                                          
                           "Total Cost": 2356.69,                                                                                                            
                           "Plan Rows": 400,                                                                                                                 
                           "Plan Width": 19,                                                                                                                 
                           "Actual Startup Time": 2615.082,                                                                                                  
                           "Actual Total Time": 2615.084,                                                                                                    
                           "Actual Rows": 2,                                                                                                                 
                           "Actual Loops": 1,                                                                                                                
                           "Sort Key": ["n.id"],                                                                                                             
                           "Sort Method": "quicksort",                                                                                                       
                           "Sort Space Used": 25,                                                                                                            
                           "Sort Space Type": "Memory",                                                                                                      
                           "Shared Hit Blocks": 1,                                                                                                           
                           "Shared Read Blocks": 55612,                                                                                                      
                           "Shared Dirtied Blocks": 0,                                                                                                       
                           "Shared Written Blocks": 0,                                                                                                       
                           "Local Hit Blocks": 0,                                                                                                            
                           "Local Read Blocks": 0,                                                                                                           
                           "Local Dirtied Blocks": 0,                                                                                                        
                           "Local Written Blocks": 0,                                                                                                        
                           "Temp Read Blocks": 0,                                                                                                            
                           "Temp Written Blocks": 0,                                                                                                         
                           "Plans": [                                                                                                                        
                             {                                                                                                                               
                               "Node Type": "Seq Scan",                                                                                                      
                               "Parent Relationship": "Outer",                                                                                               
                               "Parallel Aware": false,                                                                                                      
                               "Relation Name": "name",                                                                                                      
                               "Alias": "n",                                                                                                                 
                               "Startup Cost": 0.00,                                                                                                         
                               "Total Cost": 2356.12,                                                                                                        
                               "Plan Rows": 400,                                                                                                             
                               "Plan Width": 19,                                                                                                             
                               "Actual Startup Time": 287.728,                                                                                               
                               "Actual Total Time": 2615.064,                                                                                                
                               "Actual Rows": 2,                                                                                                             
                               "Actual Loops": 1,                                                                                                            
                               "Filter": "(name ~~ '%Downey%Robert%'::text)",                                                                                
                               "Rows Removed by Filter": 4167489,                                                                                            
                               "Shared Hit Blocks": 1,                                                                                                       
                               "Shared Read Blocks": 55612,                                                                                                  
                               "Shared Dirtied Blocks": 0,                                                                                                   
                               "Shared Written Blocks": 0,                                                                                                   
                               "Local Hit Blocks": 0,                                                                                                        
                               "Local Read Blocks": 0,                                                                                                       
                               "Local Dirtied Blocks": 0,                                                                                                    
                               "Local Written Blocks": 0,                                                                                                    
                               "Temp Read Blocks": 0,                                                                                                        
                               "Temp Written Blocks": 0                                                                                                      
                             }                                                                                                                               
                           ]                                                                                                                                 
                         }                                                                                                                                   
                       ]                                                                                                                                     
                     }                                                                                                                                       
                   ]                                                                                                                                         
                 },                                                                                                                                          
                 {                                                                                                                                           
                   "Node Type": "Sort",                                                                                                                      
                   "Parent Relationship": "Inner",                                                                                                           
                   "Parallel Aware": false,                                                                                                                  
                   "Startup Cost": 17394.47,                                                                                                                 
                   "Total Cost": 17394.49,                                                                                                                   
                   "Plan Rows": 270,                                                                                                                         
                   "Plan Width": 20,                                                                                                                         
                   "Actual Startup Time": 3065.378,                                                                                                          
                   "Actual Total Time": 3069.562,                                                                                                            
                   "Actual Rows": 35354,                                                                                                                     
                   "Actual Loops": 1,                                                                                                                        
                   "Sort Key": ["mk.movie_id"],                                                                                                              
                   "Sort Method": "quicksort",                                                                                                               
                   "Sort Space Used": 3278,                                                                                                                  
                   "Sort Space Type": "Memory",                                                                                                              
                   "Shared Hit Blocks": 5,                                                                                                                   
                   "Shared Read Blocks": 25398,                                                                                                              
                   "Shared Dirtied Blocks": 0,                                                                                                               
                   "Shared Written Blocks": 0,                                                                                                               
                   "Local Hit Blocks": 0,                                                                                                                    
                   "Local Read Blocks": 0,                                                                                                                   
                   "Local Dirtied Blocks": 0,                                                                                                                
                   "Local Written Blocks": 0,                                                                                                                
                   "Temp Read Blocks": 0,                                                                                                                    
                   "Temp Written Blocks": 0,                                                                                                                 
                   "Plans": [                                                                                                                                
                     {                                                                                                                                       
                       "Node Type": "Merge Join",                                                                                                            
                       "Parent Relationship": "Outer",                                                                                                       
                       "Parallel Aware": false,                                                                                                              
                       "Join Type": "Inner",                                                                                                                 
                       "Startup Cost": 16691.64,                                                                                                             
                       "Total Cost": 17394.13,                                                                                                               
                       "Plan Rows": 270,                                                                                                                     
                       "Plan Width": 20,                                                                                                                     
                       "Actual Startup Time": 2449.070,                                                                                                      
                       "Actual Total Time": 3052.372,                                                                                                        
                       "Actual Rows": 35548,                                                                                                                 
                       "Actual Loops": 1,                                                                                                                    
                       "Inner Unique": false,                                                                                                                
                       "Merge Cond": "(k.id = mk.keyword_id)",                                                                                               
                       "Shared Hit Blocks": 5,                                                                                                               
                       "Shared Read Blocks": 25398,                                                                                                          
                       "Shared Dirtied Blocks": 0,                                                                                                           
                       "Shared Written Blocks": 0,                                                                                                           
                       "Local Hit Blocks": 0,                                                                                                                
                       "Local Read Blocks": 0,                                                                                                               
                       "Local Dirtied Blocks": 0,                                                                                                            
                       "Local Written Blocks": 0,                                                                                                            
                       "Temp Read Blocks": 0,                                                                                                                
                       "Temp Written Blocks": 0,                                                                                                             
                       "Plans": [                                                                                                                            
                         {                                                                                                                                   
                           "Node Type": "Sort",                                                                                                              
                           "Parent Relationship": "Outer",                                                                                                   
                           "Parallel Aware": false,                                                                                                          
                           "Startup Cost": 80.72,                                                                                                            
                           "Total Cost": 80.72,                                                                                                              
                           "Plan Rows": 8,                                                                                                                   
                           "Plan Width": 20,                                                                                                                 
                           "Actual Startup Time": 83.306,                                                                                                    
                           "Actual Total Time": 83.309,                                                                                                      
                           "Actual Rows": 8,                                                                                                                 
                           "Actual Loops": 1,                                                                                                                
                           "Sort Key": ["k.id"],                                                                                                             
                           "Sort Method": "quicksort",                                                                                                       
                           "Sort Space Used": 25,                                                                                                            
                           "Sort Space Type": "Memory",                                                                                                      
                           "Shared Hit Blocks": 2,                                                                                                           
                           "Shared Read Blocks": 947,                                                                                                        
                           "Shared Dirtied Blocks": 0,                                                                                                       
                           "Shared Written Blocks": 0,                                                                                                       
                           "Local Hit Blocks": 0,                                                                                                            
                           "Local Read Blocks": 0,                                                                                                           
                           "Local Dirtied Blocks": 0,                                                                                                        
                           "Local Written Blocks": 0,                                                                                                        
                           "Temp Read Blocks": 0,                                                                                                            
                           "Temp Written Blocks": 0,                                                                                                         
                           "Plans": [                                                                                                                        
                             {                                                                                                                               
                               "Node Type": "Seq Scan",                                                                                                      
                               "Parent Relationship": "Outer",                                                                                               
                               "Parallel Aware": false,                                                                                                      
                               "Relation Name": "keyword",                                                                                                   
                               "Alias": "k",                                                                                                                 
                               "Startup Cost": 0.00,                                                                                                         
                               "Total Cost": 80.71,                                                                                                          
                               "Plan Rows": 8,                                                                                                               
                               "Plan Width": 20,                                                                                                             
                               "Actual Startup Time": 18.928,                                                                                                
                               "Actual Total Time": 83.287,                                                                                                  
                               "Actual Rows": 8,                                                                                                             
                               "Actual Loops": 1,                                                                                                            
                               "Filter": "(keyword = ANY ('{superhero,sequel,second-part,marvel-comics,based-on-comic,tv-special,fight,violence}'::text[]))",
                               "Rows Removed by Filter": 134162,                                                                                             
                               "Shared Hit Blocks": 2,                                                                                                       
                               "Shared Read Blocks": 947,                                                                                                    
                               "Shared Dirtied Blocks": 0,                                                                                                   
                               "Shared Written Blocks": 0,                                                                                                   
                               "Local Hit Blocks": 0,                                                                                                        
                               "Local Read Blocks": 0,                                                                                                       
                               "Local Dirtied Blocks": 0,                                                                                                    
                               "Local Written Blocks": 0,                                                                                                    
                               "Temp Read Blocks": 0,                                                                                                        
                               "Temp Written Blocks": 0                                                                                                      
                             }                                                                                                                               
                           ]                                                                                                                                 
                         },                                                                                                                                  
                         {                                                                                                                                   
                           "Node Type": "Sort",                                                                                                              
                           "Parent Relationship": "Inner",                                                                                                   
                           "Parallel Aware": false,                                                                                                          
                           "Startup Cost": 16610.92,                                                                                                         
                           "Total Cost": 16962.16,                                                                                                           
                           "Plan Rows": 4523930,                                                                                                             
                           "Plan Width": 8,                                                                                                                  
                           "Actual Startup Time": 2222.611,                                                                                                  
                           "Actual Total Time": 2645.611,                                                                                                    
                           "Actual Rows": 2796931,                                                                                                           
                           "Actual Loops": 1,                                                                                                                
                           "Sort Key": ["mk.keyword_id"],                                                                                                    
                           "Sort Method": "quicksort",                                                                                                       
                           "Sort Space Used": 408668,                                                                                                        
                           "Sort Space Type": "Memory",                                                                                                      
                           "Shared Hit Blocks": 3,                                                                                                           
                           "Shared Read Blocks": 24451,                                                                                                      
                           "Shared Dirtied Blocks": 0,                                                                                                       
                           "Shared Written Blocks": 0,                                                                                                       
                           "Local Hit Blocks": 0,                                                                                                            
                           "Local Read Blocks": 0,                                                                                                           
                           "Local Dirtied Blocks": 0,                                                                                                        
                           "Local Written Blocks": 0,                                                                                                        
                           "Temp Read Blocks": 0,                                                                                                            
                           "Temp Written Blocks": 0,                                                                                                         
                           "Plans": [                                                                                                                        
                             {                                                                                                                               
                               "Node Type": "Seq Scan",                                                                                                      
                               "Parent Relationship": "Outer",                                                                                               
                               "Parallel Aware": false,                                                                                                      
                               "Relation Name": "movie_keyword",                                                                                             
                               "Alias": "mk",                                                                                                                
                               "Startup Cost": 0.00,                                                                                                         
                               "Total Cost": 1079.84,                                                                                                        
                               "Plan Rows": 4523930,                                                                                                         
                               "Plan Width": 8,                                                                                                              
                               "Actual Startup Time": 0.006,                                                                                                 
                               "Actual Total Time": 783.189,                                                                                                 
                               "Actual Rows": 4523930,                                                                                                       
                               "Actual Loops": 1,                                                                                                            
                               "Shared Hit Blocks": 3,                                                                                                       
                               "Shared Read Blocks": 24451,                                                                                                  
                               "Shared Dirtied Blocks": 0,                                                                                                   
                               "Shared Written Blocks": 0,                                                                                                   
                               "Local Hit Blocks": 0,                                                                                                        
                               "Local Read Blocks": 0,                                                                                                       
                               "Local Dirtied Blocks": 0,                                                                                                    
                               "Local Written Blocks": 0,                                                                                                    
                               "Temp Read Blocks": 0,                                                                                                        
                               "Temp Written Blocks": 0                                                                                                      
                             }                                                                                                                               
                           ]                                                                                                                                 
                         }                                                                                                                                   
                       ]                                                                                                                                     
                     }                                                                                                                                       
                   ]                                                                                                                                         
                 }                                                                                                                                           
               ]                                                                                                                                             
             },                                                                                                                                              
             {                                                                                                                                               
               "Node Type": "Sort",                                                                                                                          
               "Parent Relationship": "Inner",                                                                                                               
               "Parallel Aware": false,                                                                                                                      
               "Startup Cost": 5875.81,                                                                                                                      
               "Total Cost": 5983.06,                                                                                                                        
               "Plan Rows": 1381453,                                                                                                                         
               "Plan Width": 21,                                                                                                                             
               "Actual Startup Time": 2037.331,                                                                                                              
               "Actual Total Time": 2200.578,                                                                                                                
               "Actual Rows": 1378920,                                                                                                                       
               "Actual Loops": 1,                                                                                                                            
               "Sort Key": ["t.id"],                                                                                                                         
               "Sort Method": "quicksort",                                                                                                                   
               "Sort Space Used": 145245,                                                                                                                    
               "Sort Space Type": "Memory",                                                                                                                  
               "Shared Hit Blocks": 1,                                                                                                                       
               "Shared Read Blocks": 35997,                                                                                                                  
               "Shared Dirtied Blocks": 0,                                                                                                                   
               "Shared Written Blocks": 0,                                                                                                                   
               "Local Hit Blocks": 0,                                                                                                                        
               "Local Read Blocks": 0,                                                                                                                       
               "Local Dirtied Blocks": 0,                                                                                                                    
               "Local Written Blocks": 0,                                                                                                                    
               "Temp Read Blocks": 0,                                                                                                                        
               "Temp Written Blocks": 0,                                                                                                                     
               "Plans": [                                                                                                                                    
                 {                                                                                                                                           
                   "Node Type": "Seq Scan",                                                                                                                  
                   "Parent Relationship": "Outer",                                                                                                           
                   "Parallel Aware": false,                                                                                                                  
                   "Relation Name": "title",                                                                                                                 
                   "Alias": "t",                                                                                                                             
                   "Startup Cost": 0.00,                                                                                                                     
                   "Total Cost": 1500.26,                                                                                                                    
                   "Plan Rows": 1381453,                                                                                                                     
                   "Plan Width": 21,                                                                                                                         
                   "Actual Startup Time": 12.997,                                                                                                            
                   "Actual Total Time": 1257.147,                                                                                                            
                   "Actual Rows": 1381453,                                                                                                                   
                   "Actual Loops": 1,                                                                                                                        
                   "Filter": "(production_year > 2000)",                                                                                                     
                   "Rows Removed by Filter": 1146859,                                                                                                        
                   "Shared Hit Blocks": 1,                                                                                                                   
                   "Shared Read Blocks": 35997,                                                                                                              
                   "Shared Dirtied Blocks": 0,                                                                                                               
                   "Shared Written Blocks": 0,                                                                                                               
                   "Local Hit Blocks": 0,                                                                                                                    
                   "Local Read Blocks": 0,                                                                                                                   
                   "Local Dirtied Blocks": 0,                                                                                                                
                   "Local Written Blocks": 0,                                                                                                                
                   "Temp Read Blocks": 0,                                                                                                                    
                   "Temp Written Blocks": 0                                                                                                                  
                 }                                                                                                                                           
               ]                                                                                                                                             
             }                                                                                                                                               
           ]                                                                                                                                                 
         }                                                                                                                                                   
       ]                                                                                                                                                     
     },                                                                                                                                                      
     "Planning Time": 2856.937,                                                                                                                              
     "Triggers": [                                                                                                                                           
     ],                                                                                                                                                      
     "Execution Time": 27825.890                                                                                                                             
