     "Plan": {                                                                                                                                                       
       "Node Type": "Aggregate",                                                                                                                                     
       "Strategy": "Plain",                                                                                                                                          
       "Partial Mode": "Simple",                                                                                                                                     
       "Parallel Aware": false,                                                                                                                                      
       "Startup Cost": 197775.75,                                                                                                                                    
       "Total Cost": 197775.75,                                                                                                                                      
       "Plan Rows": 1,                                                                                                                                               
       "Plan Width": 96,                                                                                                                                             
       "Actual Startup Time": 40730.404,                                                                                                                             
       "Actual Total Time": 40730.404,                                                                                                                               
       "Actual Rows": 1,                                                                                                                                             
       "Actual Loops": 1,                                                                                                                                            
       "Shared Hit Blocks": 15,                                                                                                                                      
       "Shared Read Blocks": 369657,                                                                                                                                 
       "Shared Dirtied Blocks": 0,                                                                                                                                   
       "Shared Written Blocks": 0,                                                                                                                                   
       "Local Hit Blocks": 0,                                                                                                                                        
       "Local Read Blocks": 0,                                                                                                                                       
       "Local Dirtied Blocks": 0,                                                                                                                                    
       "Local Written Blocks": 0,                                                                                                                                    
       "Temp Read Blocks": 0,                                                                                                                                        
       "Temp Written Blocks": 0,                                                                                                                                     
       "Plans": [                                                                                                                                                    
         {                                                                                                                                                           
           "Node Type": "Merge Join",                                                                                                                                
           "Parent Relationship": "Outer",                                                                                                                           
           "Parallel Aware": false,                                                                                                                                  
           "Join Type": "Inner",                                                                                                                                     
           "Startup Cost": 197142.75,                                                                                                                                
           "Total Cost": 197774.59,                                                                                                                                  
           "Plan Rows": 4974,                                                                                                                                        
           "Plan Width": 48,                                                                                                                                         
           "Actual Startup Time": 39086.520,                                                                                                                         
           "Actual Total Time": 40474.061,                                                                                                                           
           "Actual Rows": 785477,                                                                                                                                    
           "Actual Loops": 1,                                                                                                                                        
           "Inner Unique": true,                                                                                                                                     
           "Merge Cond": "(ci.person_id = n.id)",                                                                                                                    
           "Shared Hit Blocks": 15,                                                                                                                                  
           "Shared Read Blocks": 369657,                                                                                                                             
           "Shared Dirtied Blocks": 0,                                                                                                                               
           "Shared Written Blocks": 0,                                                                                                                               
           "Local Hit Blocks": 0,                                                                                                                                    
           "Local Read Blocks": 0,                                                                                                                                   
           "Local Dirtied Blocks": 0,                                                                                                                                
           "Local Written Blocks": 0,                                                                                                                                
           "Temp Read Blocks": 0,                                                                                                                                    
           "Temp Written Blocks": 0,                                                                                                                                 
           "Plans": [                                                                                                                                                
             {                                                                                                                                                       
               "Node Type": "Sort",                                                                                                                                  
               "Parent Relationship": "Outer",                                                                                                                       
               "Parallel Aware": false,                                                                                                                              
               "Startup Cost": 180879.41,                                                                                                                            
               "Total Cost": 180879.80,                                                                                                                              
               "Plan Rows": 4974,                                                                                                                                    
               "Plan Width": 37,                                                                                                                                     
               "Actual Startup Time": 35595.048,                                                                                                                     
               "Actual Total Time": 35719.205,                                                                                                                       
               "Actual Rows": 785477,                                                                                                                                
               "Actual Loops": 1,                                                                                                                                    
               "Sort Key": ["ci.person_id"],                                                                                                                         
               "Sort Method": "quicksort",                                                                                                                           
               "Sort Space Used": 90473,                                                                                                                             
               "Sort Space Type": "Memory",                                                                                                                          
               "Shared Hit Blocks": 14,                                                                                                                              
               "Shared Read Blocks": 314045,                                                                                                                         
               "Shared Dirtied Blocks": 0,                                                                                                                           
               "Shared Written Blocks": 0,                                                                                                                           
               "Local Hit Blocks": 0,                                                                                                                                
               "Local Read Blocks": 0,                                                                                                                               
               "Local Dirtied Blocks": 0,                                                                                                                            
               "Local Written Blocks": 0,                                                                                                                            
               "Temp Read Blocks": 0,                                                                                                                                
               "Temp Written Blocks": 0,                                                                                                                             
               "Plans": [                                                                                                                                            
                 {                                                                                                                                                   
                   "Node Type": "Merge Join",                                                                                                                        
                   "Parent Relationship": "Outer",                                                                                                                   
                   "Parallel Aware": false,                                                                                                                          
                   "Join Type": "Inner",                                                                                                                             
                   "Startup Cost": 175027.41,                                                                                                                        
                   "Total Cost": 180869.93,                                                                                                                          
                   "Plan Rows": 4974,                                                                                                                                
                   "Plan Width": 37,                                                                                                                                 
                   "Actual Startup Time": 26254.436,                                                                                                                 
                   "Actual Total Time": 35258.400,                                                                                                                   
                   "Actual Rows": 785477,                                                                                                                            
                   "Actual Loops": 1,                                                                                                                                
                   "Inner Unique": false,                                                                                                                            
                   "Merge Cond": "(t.id = ci.movie_id)",                                                                                                             
                   "Shared Hit Blocks": 10,                                                                                                                          
                   "Shared Read Blocks": 314045,                                                                                                                     
                   "Shared Dirtied Blocks": 0,                                                                                                                       
                   "Shared Written Blocks": 0,                                                                                                                       
                   "Local Hit Blocks": 0,                                                                                                                            
                   "Local Read Blocks": 0,                                                                                                                           
                   "Local Dirtied Blocks": 0,                                                                                                                        
                   "Local Written Blocks": 0,                                                                                                                        
                   "Temp Read Blocks": 0,                                                                                                                            
                   "Temp Written Blocks": 0,                                                                                                                         
                   "Plans": [                                                                                                                                        
                     {                                                                                                                                               
                       "Node Type": "Merge Join",                                                                                                                    
                       "Parent Relationship": "Outer",                                                                                                               
                       "Parallel Aware": false,                                                                                                                      
                       "Join Type": "Inner",                                                                                                                         
                       "Startup Cost": 23270.28,                                                                                                                     
                       "Total Cost": 23484.64,                                                                                                                       
                       "Plan Rows": 148,                                                                                                                             
                       "Plan Width": 41,                                                                                                                             
                       "Actual Startup Time": 5282.951,                                                                                                              
                       "Actual Total Time": 5695.092,                                                                                                                
                       "Actual Rows": 14165,                                                                                                                         
                       "Actual Loops": 1,                                                                                                                            
                       "Inner Unique": true,                                                                                                                         
                       "Merge Cond": "(mk.movie_id = t.id)",                                                                                                         
                       "Shared Hit Blocks": 6,                                                                                                                       
                       "Shared Read Blocks": 61395,                                                                                                                  
                       "Shared Dirtied Blocks": 0,                                                                                                                   
                       "Shared Written Blocks": 0,                                                                                                                   
                       "Local Hit Blocks": 0,                                                                                                                        
                       "Local Read Blocks": 0,                                                                                                                       
                       "Local Dirtied Blocks": 0,                                                                                                                    
                       "Local Written Blocks": 0,                                                                                                                    
                       "Temp Read Blocks": 0,                                                                                                                        
                       "Temp Written Blocks": 0,                                                                                                                     
                       "Plans": [                                                                                                                                    
                         {                                                                                                                                           
                           "Node Type": "Sort",                                                                                                                      
                           "Parent Relationship": "Outer",                                                                                                           
                           "Parallel Aware": false,                                                                                                                  
                           "Startup Cost": 17394.47,                                                                                                                 
                           "Total Cost": 17394.49,                                                                                                                   
                           "Plan Rows": 270,                                                                                                                         
                           "Plan Width": 20,                                                                                                                         
                           "Actual Startup Time": 3222.928,                                                                                                          
                           "Actual Total Time": 3228.722,                                                                                                            
                           "Actual Rows": 35548,                                                                                                                     
                           "Actual Loops": 1,                                                                                                                        
                           "Sort Key": ["mk.movie_id"],                                                                                                              
                           "Sort Method": "quicksort",                                                                                                               
                           "Sort Space Used": 3278,                                                                                                                  
                           "Sort Space Type": "Memory",                                                                                                              
                           "Shared Hit Blocks": 5,                                                                                                                   
                           "Shared Read Blocks": 25398,                                                                                                              
                           "Shared Dirtied Blocks": 0,                                                                                                               
                           "Shared Written Blocks": 0,                                                                                                               
                           "Local Hit Blocks": 0,                                                                                                                    
                           "Local Read Blocks": 0,                                                                                                                   
                           "Local Dirtied Blocks": 0,                                                                                                                
                           "Local Written Blocks": 0,                                                                                                                
                           "Temp Read Blocks": 0,                                                                                                                    
                           "Temp Written Blocks": 0,                                                                                                                 
                           "Plans": [                                                                                                                                
                             {                                                                                                                                       
                               "Node Type": "Merge Join",                                                                                                            
                               "Parent Relationship": "Outer",                                                                                                       
                               "Parallel Aware": false,                                                                                                              
                               "Join Type": "Inner",                                                                                                                 
                               "Startup Cost": 16691.64,                                                                                                             
                               "Total Cost": 17394.13,                                                                                                               
                               "Plan Rows": 270,                                                                                                                     
                               "Plan Width": 20,                                                                                                                     
                               "Actual Startup Time": 2612.160,                                                                                                      
                               "Actual Total Time": 3209.947,                                                                                                        
                               "Actual Rows": 35548,                                                                                                                 
                               "Actual Loops": 1,                                                                                                                    
                               "Inner Unique": false,                                                                                                                
                               "Merge Cond": "(k.id = mk.keyword_id)",                                                                                               
                               "Shared Hit Blocks": 5,                                                                                                               
                               "Shared Read Blocks": 25398,                                                                                                          
                               "Shared Dirtied Blocks": 0,                                                                                                           
                               "Shared Written Blocks": 0,                                                                                                           
                               "Local Hit Blocks": 0,                                                                                                                
                               "Local Read Blocks": 0,                                                                                                               
                               "Local Dirtied Blocks": 0,                                                                                                            
                               "Local Written Blocks": 0,                                                                                                            
                               "Temp Read Blocks": 0,                                                                                                                
                               "Temp Written Blocks": 0,                                                                                                             
                               "Plans": [                                                                                                                            
                                 {                                                                                                                                   
                                   "Node Type": "Sort",                                                                                                              
                                   "Parent Relationship": "Outer",                                                                                                   
                                   "Parallel Aware": false,                                                                                                          
                                   "Startup Cost": 80.72,                                                                                                            
                                   "Total Cost": 80.72,                                                                                                              
                                   "Plan Rows": 8,                                                                                                                   
                                   "Plan Width": 20,                                                                                                                 
                                   "Actual Startup Time": 85.365,                                                                                                    
                                   "Actual Total Time": 85.368,                                                                                                      
                                   "Actual Rows": 8,                                                                                                                 
                                   "Actual Loops": 1,                                                                                                                
                                   "Sort Key": ["k.id"],                                                                                                             
                                   "Sort Method": "quicksort",                                                                                                       
                                   "Sort Space Used": 25,                                                                                                            
                                   "Sort Space Type": "Memory",                                                                                                      
                                   "Shared Hit Blocks": 2,                                                                                                           
                                   "Shared Read Blocks": 947,                                                                                                        
                                   "Shared Dirtied Blocks": 0,                                                                                                       
                                   "Shared Written Blocks": 0,                                                                                                       
                                   "Local Hit Blocks": 0,                                                                                                            
                                   "Local Read Blocks": 0,                                                                                                           
                                   "Local Dirtied Blocks": 0,                                                                                                        
                                   "Local Written Blocks": 0,                                                                                                        
                                   "Temp Read Blocks": 0,                                                                                                            
                                   "Temp Written Blocks": 0,                                                                                                         
                                   "Plans": [                                                                                                                        
                                     {                                                                                                                               
                                       "Node Type": "Seq Scan",                                                                                                      
                                       "Parent Relationship": "Outer",                                                                                               
                                       "Parallel Aware": false,                                                                                                      
                                       "Relation Name": "keyword",                                                                                                   
                                       "Alias": "k",                                                                                                                 
                                       "Startup Cost": 0.00,                                                                                                         
                                       "Total Cost": 80.71,                                                                                                          
                                       "Plan Rows": 8,                                                                                                               
                                       "Plan Width": 20,                                                                                                             
                                       "Actual Startup Time": 19.374,                                                                                                
                                       "Actual Total Time": 85.332,                                                                                                  
                                       "Actual Rows": 8,                                                                                                             
                                       "Actual Loops": 1,                                                                                                            
                                       "Filter": "(keyword = ANY ('{superhero,sequel,second-part,marvel-comics,based-on-comic,tv-special,fight,violence}'::text[]))",
                                       "Rows Removed by Filter": 134162,                                                                                             
                                       "Shared Hit Blocks": 2,                                                                                                       
                                       "Shared Read Blocks": 947,                                                                                                    
                                       "Shared Dirtied Blocks": 0,                                                                                                   
                                       "Shared Written Blocks": 0,                                                                                                   
                                       "Local Hit Blocks": 0,                                                                                                        
                                       "Local Read Blocks": 0,                                                                                                       
                                       "Local Dirtied Blocks": 0,                                                                                                    
                                       "Local Written Blocks": 0,                                                                                                    
                                       "Temp Read Blocks": 0,                                                                                                        
                                       "Temp Written Blocks": 0                                                                                                      
                                     }                                                                                                                               
                                   ]                                                                                                                                 
                                 },                                                                                                                                  
                                 {                                                                                                                                   
                                   "Node Type": "Sort",                                                                                                              
                                   "Parent Relationship": "Inner",                                                                                                   
                                   "Parallel Aware": false,                                                                                                          
                                   "Startup Cost": 16610.92,                                                                                                         
                                   "Total Cost": 16962.16,                                                                                                           
                                   "Plan Rows": 4523930,                                                                                                             
                                   "Plan Width": 8,                                                                                                                  
                                   "Actual Startup Time": 2383.688,                                                                                                  
                                   "Actual Total Time": 2806.607,                                                                                                    
                                   "Actual Rows": 2796931,                                                                                                           
                                   "Actual Loops": 1,                                                                                                                
                                   "Sort Key": ["mk.keyword_id"],                                                                                                    
                                   "Sort Method": "quicksort",                                                                                                       
                                   "Sort Space Used": 408668,                                                                                                        
                                   "Sort Space Type": "Memory",                                                                                                      
                                   "Shared Hit Blocks": 3,                                                                                                           
                                   "Shared Read Blocks": 24451,                                                                                                      
                                   "Shared Dirtied Blocks": 0,                                                                                                       
                                   "Shared Written Blocks": 0,                                                                                                       
                                   "Local Hit Blocks": 0,                                                                                                            
                                   "Local Read Blocks": 0,                                                                                                           
                                   "Local Dirtied Blocks": 0,                                                                                                        
                                   "Local Written Blocks": 0,                                                                                                        
                                   "Temp Read Blocks": 0,                                                                                                            
                                   "Temp Written Blocks": 0,                                                                                                         
                                   "Plans": [                                                                                                                        
                                     {                                                                                                                               
                                       "Node Type": "Seq Scan",                                                                                                      
                                       "Parent Relationship": "Outer",                                                                                               
                                       "Parallel Aware": false,                                                                                                      
                                       "Relation Name": "movie_keyword",                                                                                             
                                       "Alias": "mk",                                                                                                                
                                       "Startup Cost": 0.00,                                                                                                         
                                       "Total Cost": 1079.84,                                                                                                        
                                       "Plan Rows": 4523930,                                                                                                         
                                       "Plan Width": 8,                                                                                                              
                                       "Actual Startup Time": 0.012,                                                                                                 
                                       "Actual Total Time": 910.778,                                                                                                 
                                       "Actual Rows": 4523930,                                                                                                       
                                       "Actual Loops": 1,                                                                                                            
                                       "Shared Hit Blocks": 3,                                                                                                       
                                       "Shared Read Blocks": 24451,                                                                                                  
                                       "Shared Dirtied Blocks": 0,                                                                                                   
                                       "Shared Written Blocks": 0,                                                                                                   
                                       "Local Hit Blocks": 0,                                                                                                        
                                       "Local Read Blocks": 0,                                                                                                       
                                       "Local Dirtied Blocks": 0,                                                                                                    
                                       "Local Written Blocks": 0,                                                                                                    
                                       "Temp Read Blocks": 0,                                                                                                        
                                       "Temp Written Blocks": 0                                                                                                      
                                     }                                                                                                                               
                                   ]                                                                                                                                 
                                 }                                                                                                                                   
                               ]                                                                                                                                     
                             }                                                                                                                                       
                           ]                                                                                                                                         
                         },                                                                                                                                          
                         {                                                                                                                                           
                           "Node Type": "Sort",                                                                                                                      
                           "Parent Relationship": "Inner",                                                                                                           
                           "Parallel Aware": false,                                                                                                                  
                           "Startup Cost": 5875.81,                                                                                                                  
                           "Total Cost": 5983.06,                                                                                                                    
                           "Plan Rows": 1381453,                                                                                                                     
                           "Plan Width": 21,                                                                                                                         
                           "Actual Startup Time": 2059.799,                                                                                                          
                           "Actual Total Time": 2254.821,                                                                                                            
                           "Actual Rows": 1381079,                                                                                                                   
                           "Actual Loops": 1,                                                                                                                        
                           "Sort Key": ["t.id"],                                                                                                                     
                           "Sort Method": "quicksort",                                                                                                               
                           "Sort Space Used": 145245,                                                                                                                
                           "Sort Space Type": "Memory",                                                                                                              
                           "Shared Hit Blocks": 1,                                                                                                                   
                           "Shared Read Blocks": 35997,                                                                                                              
                           "Shared Dirtied Blocks": 0,                                                                                                               
                           "Shared Written Blocks": 0,                                                                                                               
                           "Local Hit Blocks": 0,                                                                                                                    
                           "Local Read Blocks": 0,                                                                                                                   
                           "Local Dirtied Blocks": 0,                                                                                                                
                           "Local Written Blocks": 0,                                                                                                                
                           "Temp Read Blocks": 0,                                                                                                                    
                           "Temp Written Blocks": 0,                                                                                                                 
                           "Plans": [                                                                                                                                
                             {                                                                                                                                       
                               "Node Type": "Seq Scan",                                                                                                              
                               "Parent Relationship": "Outer",                                                                                                       
                               "Parallel Aware": false,                                                                                                              
                               "Relation Name": "title",                                                                                                             
                               "Alias": "t",                                                                                                                         
                               "Startup Cost": 0.00,                                                                                                                 
                               "Total Cost": 1500.26,                                                                                                                
                               "Plan Rows": 1381453,                                                                                                                 
                               "Plan Width": 21,                                                                                                                     
                               "Actual Startup Time": 14.502,                                                                                                        
                               "Actual Total Time": 1292.785,                                                                                                        
                               "Actual Rows": 1381453,                                                                                                               
                               "Actual Loops": 1,                                                                                                                    
                               "Filter": "(production_year > 2000)",                                                                                                 
                               "Rows Removed by Filter": 1146859,                                                                                                    
                               "Shared Hit Blocks": 1,                                                                                                               
                               "Shared Read Blocks": 35997,                                                                                                          
                               "Shared Dirtied Blocks": 0,                                                                                                           
                               "Shared Written Blocks": 0,                                                                                                           
                               "Local Hit Blocks": 0,                                                                                                                
                               "Local Read Blocks": 0,                                                                                                               
                               "Local Dirtied Blocks": 0,                                                                                                            
                               "Local Written Blocks": 0,                                                                                                            
                               "Temp Read Blocks": 0,                                                                                                                
                               "Temp Written Blocks": 0                                                                                                              
                             }                                                                                                                                       
                           ]                                                                                                                                         
                         }                                                                                                                                           
                       ]                                                                                                                                             
                     },                                                                                                                                              
                     {                                                                                                                                               
                       "Node Type": "Sort",                                                                                                                          
                       "Parent Relationship": "Inner",                                                                                                               
                       "Parallel Aware": false,                                                                                                                      
                       "Startup Cost": 151757.13,                                                                                                                    
                       "Total Cost": 154571.13,                                                                                                                      
                       "Plan Rows": 36244344,                                                                                                                        
                       "Plan Width": 8,                                                                                                                              
                       "Actual Startup Time": 20967.680,                                                                                                             
                       "Actual Total Time": 25364.900,                                                                                                               
                       "Actual Rows": 36443382,                                                                                                                      
                       "Actual Loops": 1,                                                                                                                            
                       "Sort Key": ["ci.movie_id"],                                                                                                                  
                       "Sort Method": "quicksort",                                                                                                                   
                       "Sort Space Used": 3271818,                                                                                                                   
                       "Sort Space Type": "Memory",                                                                                                                  
                       "Shared Hit Blocks": 4,                                                                                                                       
                       "Shared Read Blocks": 252650,                                                                                                                 
                       "Shared Dirtied Blocks": 0,                                                                                                                   
                       "Shared Written Blocks": 0,                                                                                                                   
                       "Local Hit Blocks": 0,                                                                                                                        
                       "Local Read Blocks": 0,                                                                                                                       
                       "Local Dirtied Blocks": 0,                                                                                                                    
                       "Local Written Blocks": 0,                                                                                                                    
                       "Temp Read Blocks": 0,                                                                                                                        
                       "Temp Written Blocks": 0,                                                                                                                     
                       "Plans": [                                                                                                                                    
                         {                                                                                                                                           
                           "Node Type": "Seq Scan",                                                                                                                  
                           "Parent Relationship": "Outer",                                                                                                           
                           "Parallel Aware": false,                                                                                                                  
                           "Relation Name": "cast_info",                                                                                                             
                           "Alias": "ci",                                                                                                                            
                           "Startup Cost": 0.00,                                                                                                                     
                           "Total Cost": 10431.00,                                                                                                                   
                           "Plan Rows": 36244344,                                                                                                                    
                           "Plan Width": 8,                                                                                                                          
                           "Actual Startup Time": 0.015,                                                                                                             
                           "Actual Total Time": 6840.750,                                                                                                            
                           "Actual Rows": 36244344,                                                                                                                  
                           "Actual Loops": 1,                                                                                                                        
                           "Shared Hit Blocks": 4,                                                                                                                   
                           "Shared Read Blocks": 252650,                                                                                                             
                           "Shared Dirtied Blocks": 0,                                                                                                               
                           "Shared Written Blocks": 0,                                                                                                               
                           "Local Hit Blocks": 0,                                                                                                                    
                           "Local Read Blocks": 0,                                                                                                                   
                           "Local Dirtied Blocks": 0,                                                                                                                
                           "Local Written Blocks": 0,                                                                                                                
                           "Temp Read Blocks": 0,                                                                                                                    
                           "Temp Written Blocks": 0                                                                                                                  
                         }                                                                                                                                           
                       ]                                                                                                                                             
                     }                                                                                                                                               
                   ]                                                                                                                                                 
                 }                                                                                                                                                   
               ]                                                                                                                                                     
             },                                                                                                                                                      
             {                                                                                                                                                       
               "Node Type": "Sort",                                                                                                                                  
               "Parent Relationship": "Inner",                                                                                                                       
               "Parallel Aware": false,                                                                                                                              
               "Startup Cost": 16263.33,                                                                                                                             
               "Total Cost": 16586.90,                                                                                                                               
               "Plan Rows": 4167491,                                                                                                                                 
               "Plan Width": 19,                                                                                                                                     
               "Actual Startup Time": 3491.459,                                                                                                                      
               "Actual Total Time": 3943.369,                                                                                                                        
               "Actual Rows": 4061912,                                                                                                                               
               "Actual Loops": 1,                                                                                                                                    
               "Sort Key": ["n.id"],                                                                                                                                 
               "Sort Method": "quicksort",                                                                                                                           
               "Sort Space Used": 405945,                                                                                                                            
               "Sort Space Type": "Memory",                                                                                                                          
               "Shared Hit Blocks": 1,                                                                                                                               
               "Shared Read Blocks": 55612,                                                                                                                          
               "Shared Dirtied Blocks": 0,                                                                                                                           
               "Shared Written Blocks": 0,                                                                                                                           
               "Local Hit Blocks": 0,                                                                                                                                
               "Local Read Blocks": 0,                                                                                                                               
               "Local Dirtied Blocks": 0,                                                                                                                            
               "Local Written Blocks": 0,                                                                                                                            
               "Temp Read Blocks": 0,                                                                                                                                
               "Temp Written Blocks": 0,                                                                                                                             
               "Plans": [                                                                                                                                            
                 {                                                                                                                                                   
                   "Node Type": "Seq Scan",                                                                                                                          
                   "Parent Relationship": "Outer",                                                                                                                   
                   "Parallel Aware": false,                                                                                                                          
                   "Relation Name": "name",                                                                                                                          
                   "Alias": "n",                                                                                                                                     
                   "Startup Cost": 0.00,                                                                                                                             
                   "Total Cost": 2032.56,                                                                                                                            
                   "Plan Rows": 4167491,                                                                                                                             
                   "Plan Width": 19,                                                                                                                                 
                   "Actual Startup Time": 18.677,                                                                                                                    
                   "Actual Total Time": 1517.016,                                                                                                                    
                   "Actual Rows": 4167491,                                                                                                                           
                   "Actual Loops": 1,                                                                                                                                
                   "Shared Hit Blocks": 1,                                                                                                                           
                   "Shared Read Blocks": 55612,                                                                                                                      
                   "Shared Dirtied Blocks": 0,                                                                                                                       
                   "Shared Written Blocks": 0,                                                                                                                       
                   "Local Hit Blocks": 0,                                                                                                                            
                   "Local Read Blocks": 0,                                                                                                                           
                   "Local Dirtied Blocks": 0,                                                                                                                        
                   "Local Written Blocks": 0,                                                                                                                        
                   "Temp Read Blocks": 0,                                                                                                                            
                   "Temp Written Blocks": 0                                                                                                                          
                 }                                                                                                                                                   
               ]                                                                                                                                                     
             }                                                                                                                                                       
           ]                                                                                                                                                         
         }                                                                                                                                                           
       ]                                                                                                                                                             
     },                                                                                                                                                              
     "Planning Time": 2771.587,                                                                                                                                      
     "Triggers": [                                                                                                                                                   
     ],                                                                                                                                                              
     "Execution Time": 40939.050                                                                                                                                     
