 [                                                                                                                 
   {                                                                                                               
     "Plan": {                                                                                                     
       "Node Type": "Aggregate",                                                                                   
       "Strategy": "Plain",                                                                                        
       "Partial Mode": "Simple",                                                                                   
       "Parallel Aware": false,                                                                                    
       "Startup Cost": 211815.05,                                                                                  
       "Total Cost": 211815.05,                                                                                    
       "Plan Rows": 1,                                                                                             
       "Plan Width": 32,                                                                                           
       "Actual Startup Time": 44342.072,                                                                           
       "Actual Total Time": 44342.072,                                                                             
       "Actual Rows": 1,                                                                                           
       "Actual Loops": 1,                                                                                          
       "Shared Hit Blocks": 18,                                                                                    
       "Shared Read Blocks": 390492,                                                                               
       "Shared Dirtied Blocks": 0,                                                                                 
       "Shared Written Blocks": 0,                                                                                 
       "Local Hit Blocks": 0,                                                                                      
       "Local Read Blocks": 0,                                                                                     
       "Local Dirtied Blocks": 0,                                                                                  
       "Local Written Blocks": 0,                                                                                  
       "Temp Read Blocks": 0,                                                                                      
       "Temp Written Blocks": 0,                                                                                   
       "Plans": [                                                                                                  
         {                                                                                                         
           "Node Type": "Merge Join",                                                                              
           "Parent Relationship": "Outer",                                                                         
           "Parallel Aware": false,                                                                                
           "Join Type": "Inner",                                                                                   
           "Startup Cost": 211184.09,                                                                              
           "Total Cost": 211814.99,                                                                                
           "Plan Rows": 789,                                                                                       
           "Plan Width": 15,                                                                                       
           "Actual Startup Time": 41882.712,                                                                       
           "Actual Total Time": 43904.910,                                                                         
           "Actual Rows": 2832555,                                                                                 
           "Actual Loops": 1,                                                                                      
           "Inner Unique": true,                                                                                   
           "Merge Cond": "(ci.person_id = n.id)",                                                                  
           "Shared Hit Blocks": 18,                                                                                
           "Shared Read Blocks": 390492,                                                                           
           "Shared Dirtied Blocks": 0,                                                                             
           "Shared Written Blocks": 0,                                                                             
           "Local Hit Blocks": 0,                                                                                  
           "Local Read Blocks": 0,                                                                                 
           "Local Dirtied Blocks": 0,                                                                              
           "Local Written Blocks": 0,                                                                              
           "Temp Read Blocks": 0,                                                                                  
           "Temp Written Blocks": 0,                                                                               
           "Plans": [                                                                                              
             {                                                                                                     
               "Node Type": "Sort",                                                                                
               "Parent Relationship": "Outer",                                                                     
               "Parallel Aware": false,                                                                            
               "Startup Cost": 194920.75,                                                                          
               "Total Cost": 194920.82,                                                                            
               "Plan Rows": 789,                                                                                   
               "Plan Width": 4,                                                                                    
               "Actual Startup Time": 38385.460,                                                                   
               "Actual Total Time": 38806.799,                                                                     
               "Actual Rows": 2832555,                                                                             
               "Actual Loops": 1,                                                                                  
               "Sort Key": ["ci.person_id"],                                                                       
               "Sort Method": "quicksort",                                                                         
               "Sort Space Used": 231081,                                                                          
               "Sort Space Type": "Memory",                                                                        
               "Shared Hit Blocks": 17,                                                                            
               "Shared Read Blocks": 334880,                                                                       
               "Shared Dirtied Blocks": 0,                                                                         
               "Shared Written Blocks": 0,                                                                         
               "Local Hit Blocks": 0,                                                                              
               "Local Read Blocks": 0,                                                                             
               "Local Dirtied Blocks": 0,                                                                          
               "Local Written Blocks": 0,                                                                          
               "Temp Read Blocks": 0,                                                                              
               "Temp Written Blocks": 0,                                                                           
               "Plans": [                                                                                          
                 {                                                                                                 
                   "Node Type": "Merge Join",                                                                      
                   "Parent Relationship": "Outer",                                                                 
                   "Parallel Aware": false,                                                                        
                   "Join Type": "Inner",                                                                           
                   "Startup Cost": 188899.26,                                                                      
                   "Total Cost": 194919.58,                                                                        
                   "Plan Rows": 789,                                                                               
                   "Plan Width": 4,                                                                                
                   "Actual Startup Time": 27815.128,                                                               
                   "Actual Total Time": 37367.645,                                                                 
                   "Actual Rows": 2832555,                                                                         
                   "Actual Loops": 1,                                                                              
                   "Inner Unique": false,                                                                          
                   "Merge Cond": "(t.id = ci.movie_id)",                                                           
                   "Shared Hit Blocks": 13,                                                                        
                   "Shared Read Blocks": 334880,                                                                   
                   "Shared Dirtied Blocks": 0,                                                                     
                   "Shared Written Blocks": 0,                                                                     
                   "Local Hit Blocks": 0,                                                                          
                   "Local Read Blocks": 0,                                                                         
                   "Local Dirtied Blocks": 0,                                                                      
                   "Local Written Blocks": 0,                                                                      
                   "Temp Read Blocks": 0,                                                                          
                   "Temp Written Blocks": 0,                                                                       
                   "Plans": [                                                                                      
                     {                                                                                             
                       "Node Type": "Merge Join",                                                                  
                       "Parent Relationship": "Outer",                                                             
                       "Parallel Aware": false,                                                                    
                       "Join Type": "Inner",                                                                       
                       "Startup Cost": 37142.13,                                                                   
                       "Total Cost": 37534.37,                                                                     
                       "Plan Rows": 68,                                                                            
                       "Plan Width": 12,                                                                           
                       "Actual Startup Time": 6859.709,                                                            
                       "Actual Total Time": 7536.279,                                                              
                       "Actual Rows": 68316,                                                                       
                       "Actual Loops": 1,                                                                          
                       "Inner Unique": true,                                                                       
                       "Merge Cond": "(mk.movie_id = t.id)",                                                       
                       "Shared Hit Blocks": 9,                                                                     
                       "Shared Read Blocks": 82230,                                                                
                       "Shared Dirtied Blocks": 0,                                                                 
                       "Shared Written Blocks": 0,                                                                 
                       "Local Hit Blocks": 0,                                                                      
                       "Local Read Blocks": 0,                                                                     
                       "Local Dirtied Blocks": 0,                                                                  
                       "Local Written Blocks": 0,                                                                  
                       "Temp Read Blocks": 0,                                                                      
                       "Temp Written Blocks": 0,                                                                   
                       "Plans": [                                                                                  
                         {                                                                                         
                           "Node Type": "Sort",                                                                    
                           "Parent Relationship": "Outer",                                                         
                           "Parallel Aware": false,                                                                
                           "Startup Cost": 27487.78,                                                               
                           "Total Cost": 27487.78,                                                                 
                           "Plan Rows": 68,                                                                        
                           "Plan Width": 8,                                                                        
                           "Actual Startup Time": 4558.059,                                                        
                           "Actual Total Time": 4569.350,                                                          
                           "Actual Rows": 68316,                                                                   
                           "Actual Loops": 1,                                                                      
                           "Sort Key": ["mc.movie_id"],                                                            
                           "Sort Method": "quicksort",                                                             
                           "Sort Space Used": 6275,                                                                
                           "Sort Space Type": "Memory",                                                            
                           "Shared Hit Blocks": 8,                                                                 
                           "Shared Read Blocks": 46233,                                                            
                           "Shared Dirtied Blocks": 0,                                                             
                           "Shared Written Blocks": 0,                                                             
                           "Local Hit Blocks": 0,                                                                  
                           "Local Read Blocks": 0,                                                                 
                           "Local Dirtied Blocks": 0,                                                              
                           "Local Written Blocks": 0,                                                              
                           "Temp Read Blocks": 0,                                                                  
                           "Temp Written Blocks": 0,                                                               
                           "Plans": [                                                                              
                             {                                                                                     
                               "Node Type": "Merge Join",                                                          
                               "Parent Relationship": "Outer",                                                     
                               "Parallel Aware": false,                                                            
                               "Join Type": "Inner",                                                               
                               "Startup Cost": 27474.50,                                                           
                               "Total Cost": 27487.71,                                                             
                               "Plan Rows": 68,                                                                    
                               "Plan Width": 8,                                                                    
                               "Actual Startup Time": 4472.662,                                                    
                               "Actual Total Time": 4534.394,                                                      
                               "Actual Rows": 68316,                                                               
                               "Actual Loops": 1,                                                                  
                               "Inner Unique": true,                                                               
                               "Merge Cond": "(mc.company_id = cn.id)",                                            
                               "Shared Hit Blocks": 8,                                                             
                               "Shared Read Blocks": 46233,                                                        
                               "Shared Dirtied Blocks": 0,                                                         
                               "Shared Written Blocks": 0,                                                         
                               "Local Hit Blocks": 0,                                                              
                               "Local Read Blocks": 0,                                                             
                               "Local Dirtied Blocks": 0,                                                          
                               "Local Written Blocks": 0,                                                          
                               "Temp Read Blocks": 0,                                                              
                               "Temp Written Blocks": 0,                                                           
                               "Plans": [                                                                          
                                 {                                                                                 
                                   "Node Type": "Sort",                                                            
                                   "Parent Relationship": "Outer",                                                 
                                   "Parallel Aware": false,                                                        
                                   "Startup Cost": 27130.40,                                                       
                                   "Total Cost": 27130.41,                                                         
                                   "Plan Rows": 190,                                                               
                                   "Plan Width": 12,                                                               
                                   "Actual Startup Time": 4239.759,                                                
                                   "Actual Total Time": 4255.966,                                                  
                                   "Actual Rows": 148552,                                                          
                                   "Actual Loops": 1,                                                              
                                   "Sort Key": ["mc.company_id"],                                                  
                                   "Sort Method": "quicksort",                                                     
                                   "Sort Space Used": 13108,                                                       
                                   "Sort Space Type": "Memory",                                                    
                                   "Shared Hit Blocks": 6,                                                         
                                   "Shared Read Blocks": 43241,                                                    
                                   "Shared Dirtied Blocks": 0,                                                     
                                   "Shared Written Blocks": 0,                                                     
                                   "Local Hit Blocks": 0,                                                          
                                   "Local Read Blocks": 0,                                                         
                                   "Local Dirtied Blocks": 0,                                                      
                                   "Local Written Blocks": 0,                                                      
                                   "Temp Read Blocks": 0,                                                          
                                   "Temp Written Blocks": 0,                                                       
                                   "Plans": [                                                                      
                                     {                                                                             
                                       "Node Type": "Merge Join",                                                  
                                       "Parent Relationship": "Outer",                                             
                                       "Parallel Aware": false,                                                    
                                       "Join Type": "Inner",                                                       
                                       "Startup Cost": 26725.01,                                                   
                                       "Total Cost": 27130.18,                                                     
                                       "Plan Rows": 190,                                                           
                                       "Plan Width": 12,                                                           
                                       "Actual Startup Time": 3796.154,                                            
                                       "Actual Total Time": 4191.295,                                              
                                       "Actual Rows": 148552,                                                      
                                       "Actual Loops": 1,                                                          
                                       "Inner Unique": false,                                                      
                                       "Merge Cond": "(mk.movie_id = mc.movie_id)",                                
                                       "Shared Hit Blocks": 6,                                                     
                                       "Shared Read Blocks": 43241,                                                
                                       "Shared Dirtied Blocks": 0,                                                 
                                       "Shared Written Blocks": 0,                                                 
                                       "Local Hit Blocks": 0,                                                      
                                       "Local Read Blocks": 0,                                                     
                                       "Local Dirtied Blocks": 0,                                                  
                                       "Local Written Blocks": 0,                                                  
                                       "Temp Read Blocks": 0,                                                      
                                       "Temp Written Blocks": 0,                                                   
                                       "Plans": [                                                                  
                                         {                                                                         
                                           "Node Type": "Sort",                                                    
                                           "Parent Relationship": "Outer",                                         
                                           "Parallel Aware": false,                                                
                                           "Startup Cost": 17319.56,                                               
                                           "Total Cost": 17319.56,                                                 
                                           "Plan Rows": 34,                                                        
                                           "Plan Width": 4,                                                        
                                           "Actual Startup Time": 2322.824,                                        
                                           "Actual Total Time": 2327.165,                                          
                                           "Actual Rows": 41839,                                                   
                                           "Actual Loops": 1,                                                      
                                           "Sort Key": ["mk.movie_id"],                                            
                                           "Sort Method": "quicksort",                                             
                                           "Sort Space Used": 3498,                                                
                                           "Sort Space Type": "Memory",                                            
                                           "Shared Hit Blocks": 3,                                                 
                                           "Shared Read Blocks": 24455,                                            
                                           "Shared Dirtied Blocks": 0,                                             
                                           "Shared Written Blocks": 0,                                             
                                           "Local Hit Blocks": 0,                                                  
                                           "Local Read Blocks": 0,                                                 
                                           "Local Dirtied Blocks": 0,                                              
                                           "Local Written Blocks": 0,                                              
                                           "Temp Read Blocks": 0,                                                  
                                           "Temp Written Blocks": 0,                                               
                                           "Plans": [                                                              
                                             {                                                                     
                                               "Node Type": "Merge Join",                                          
                                               "Parent Relationship": "Outer",                                     
                                               "Parallel Aware": false,                                            
                                               "Join Type": "Inner",                                               
                                               "Startup Cost": 16617.06,                                           
                                               "Total Cost": 17319.53,                                             
                                               "Plan Rows": 34,                                                    
                                               "Plan Width": 4,                                                    
                                               "Actual Startup Time": 2296.019,                                    
                                               "Actual Total Time": 2309.084,                                      
                                               "Actual Rows": 41840,                                               
                                               "Actual Loops": 1,                                                  
                                               "Inner Unique": false,                                              
                                               "Merge Cond": "(k.id = mk.keyword_id)",                             
                                               "Shared Hit Blocks": 3,                                             
                                               "Shared Read Blocks": 24455,                                        
                                               "Shared Dirtied Blocks": 0,                                         
                                               "Shared Written Blocks": 0,                                         
                                               "Local Hit Blocks": 0,                                              
                                               "Local Read Blocks": 0,                                             
                                               "Local Dirtied Blocks": 0,                                          
                                               "Local Written Blocks": 0,                                          
                                               "Temp Read Blocks": 0,                                              
                                               "Temp Written Blocks": 0,                                           
                                               "Plans": [                                                          
                                                 {                                                                 
                                                   "Node Type": "Sort",                                            
                                                   "Parent Relationship": "Outer",                                 
                                                   "Parallel Aware": false,                                        
                                                   "Startup Cost": 6.13,                                           
                                                   "Total Cost": 6.13,                                             
                                                   "Plan Rows": 1,                                                 
                                                   "Plan Width": 4,                                                
                                                   "Actual Startup Time": 30.313,                                  
                                                   "Actual Total Time": 30.314,                                    
                                                   "Actual Rows": 1,                                               
                                                   "Actual Loops": 1,                                              
                                                   "Sort Key": ["k.id"],                                           
                                                   "Sort Method": "quicksort",                                     
                                                   "Sort Space Used": 25,                                          
                                                   "Sort Space Type": "Memory",                                    
                                                   "Shared Hit Blocks": 0,                                         
                                                   "Shared Read Blocks": 4,                                        
                                                   "Shared Dirtied Blocks": 0,                                     
                                                   "Shared Written Blocks": 0,                                     
                                                   "Local Hit Blocks": 0,                                          
                                                   "Local Read Blocks": 0,                                         
                                                   "Local Dirtied Blocks": 0,                                      
                                                   "Local Written Blocks": 0,                                      
                                                   "Temp Read Blocks": 0,                                          
                                                   "Temp Written Blocks": 0,                                       
                                                   "Plans": [                                                      
                                                     {                                                             
                                                       "Node Type": "Index Scan",                                  
                                                       "Parent Relationship": "Outer",                             
                                                       "Parallel Aware": false,                                    
                                                       "Scan Direction": "Forward",                                
                                                       "Index Name": "keyword_idx_keyword",                        
                                                       "Relation Name": "keyword",                                 
                                                       "Alias": "k",                                               
                                                       "Startup Cost": 0.01,                                       
                                                       "Total Cost": 6.13,                                         
                                                       "Plan Rows": 1,                                             
                                                       "Plan Width": 4,                                            
                                                       "Actual Startup Time": 30.290,                              
                                                       "Actual Total Time": 30.293,                                
                                                       "Actual Rows": 1,                                           
                                                       "Actual Loops": 1,                                          
                                                       "Index Cond": "(keyword = 'character-name-in-title'::text)",
                                                       "Rows Removed by Index Recheck": 0,                         
                                                       "Shared Hit Blocks": 0,                                     
                                                       "Shared Read Blocks": 4,                                    
                                                       "Shared Dirtied Blocks": 0,                                 
                                                       "Shared Written Blocks": 0,                                 
                                                       "Local Hit Blocks": 0,                                      
                                                       "Local Read Blocks": 0,                                     
                                                       "Local Dirtied Blocks": 0,                                  
                                                       "Local Written Blocks": 0,                                  
                                                       "Temp Read Blocks": 0,                                      
                                                       "Temp Written Blocks": 0                                    
                                                     }                                                             
                                                   ]                                                               
                                                 },                                                                
                                                 {                                                                 
                                                   "Node Type": "Sort",                                            
                                                   "Parent Relationship": "Inner",                                 
                                                   "Parallel Aware": false,                                        
                                                   "Startup Cost": 16610.92,                                       
                                                   "Total Cost": 16962.16,                                         
                                                   "Plan Rows": 4523930,                                           
                                                   "Plan Width": 8,                                                
                                                   "Actual Startup Time": 2231.554,                                
                                                   "Actual Total Time": 2256.247,                                  
                                                   "Actual Rows": 163762,                                          
                                                   "Actual Loops": 1,                                              
                                                   "Sort Key": ["mk.keyword_id"],                                  
                                                   "Sort Method": "quicksort",                                     
                                                   "Sort Space Used": 408668,                                      
                                                   "Sort Space Type": "Memory",                                    
                                                   "Shared Hit Blocks": 3,                                         
                                                   "Shared Read Blocks": 24451,                                    
                                                   "Shared Dirtied Blocks": 0,                                     
                                                   "Shared Written Blocks": 0,                                     
                                                   "Local Hit Blocks": 0,                                          
                                                   "Local Read Blocks": 0,                                         
                                                   "Local Dirtied Blocks": 0,                                      
                                                   "Local Written Blocks": 0,                                      
                                                   "Temp Read Blocks": 0,                                          
                                                   "Temp Written Blocks": 0,                                       
                                                   "Plans": [                                                      
                                                     {                                                             
                                                       "Node Type": "Seq Scan",                                    
                                                       "Parent Relationship": "Outer",                             
                                                       "Parallel Aware": false,                                    
                                                       "Relation Name": "movie_keyword",                           
                                                       "Alias": "mk",                                              
                                                       "Startup Cost": 0.00,                                       
                                                       "Total Cost": 1079.84,                                      
                                                       "Plan Rows": 4523930,                                       
                                                       "Plan Width": 8,                                            
                                                       "Actual Startup Time": 0.019,                               
                                                       "Actual Total Time": 784.765,                               
                                                       "Actual Rows": 4523930,                                     
                                                       "Actual Loops": 1,                                          
                                                       "Shared Hit Blocks": 3,                                     
                                                       "Shared Read Blocks": 24451,                                
                                                       "Shared Dirtied Blocks": 0,                                 
                                                       "Shared Written Blocks": 0,                                 
                                                       "Local Hit Blocks": 0,                                      
                                                       "Local Read Blocks": 0,                                     
                                                       "Local Dirtied Blocks": 0,                                  
                                                       "Local Written Blocks": 0,                                  
                                                       "Temp Read Blocks": 0,                                      
                                                       "Temp Written Blocks": 0                                    
                                                     }                                                             
                                                   ]                                                               
                                                 }                                                                 
                                               ]                                                                   
                                             }                                                                     
                                           ]                                                                       
                                         },                                                                        
                                         {                                                                         
                                           "Node Type": "Sort",                                                    
                                           "Parent Relationship": "Inner",                                         
                                           "Parallel Aware": false,                                                
                                           "Startup Cost": 9405.45,                                                
                                           "Total Cost": 9608.03,                                                  
                                           "Plan Rows": 2609129,                                                   
                                           "Plan Width": 8,                                                        
                                           "Actual Startup Time": 1473.214,                                        
                                           "Actual Total Time": 1592.116,                                          
                                           "Actual Rows": 2609194,                                                 
                                           "Actual Loops": 1,                                                      
                                           "Sort Key": ["mc.movie_id"],                                            
                                           "Sort Method": "quicksort",                                             
                                           "Sort Space Used": 220607,                                              
                                           "Sort Space Type": "Memory",                                            
                                           "Shared Hit Blocks": 3,                                                 
                                           "Shared Read Blocks": 18786,                                            
                                           "Shared Dirtied Blocks": 0,                                             
                                           "Shared Written Blocks": 0,                                             
                                           "Local Hit Blocks": 0,                                                  
                                           "Local Read Blocks": 0,                                                 
                                           "Local Dirtied Blocks": 0,                                              
                                           "Local Written Blocks": 0,                                              
                                           "Temp Read Blocks": 0,                                                  
                                           "Temp Written Blocks": 0,                                               
                                           "Plans": [                                                              
                                             {                                                                     
                                               "Node Type": "Seq Scan",                                            
                                               "Parent Relationship": "Outer",                                     
                                               "Parallel Aware": false,                                            
                                               "Relation Name": "movie_companies",                                 
                                               "Alias": "mc",                                                      
                                               "Startup Cost": 0.00,                                               
                                               "Total Cost": 769.75,                                               
                                               "Plan Rows": 2609129,                                               
                                               "Plan Width": 8,                                                    
                                               "Actual Startup Time": 0.018,                                       
                                               "Actual Total Time": 529.699,                                       
                                               "Actual Rows": 2609129,                                             
                                               "Actual Loops": 1,                                                  
                                               "Shared Hit Blocks": 3,                                             
                                               "Shared Read Blocks": 18786,                                        
                                               "Shared Dirtied Blocks": 0,                                         
                                               "Shared Written Blocks": 0,                                         
                                               "Local Hit Blocks": 0,                                              
                                               "Local Read Blocks": 0,                                             
                                               "Local Dirtied Blocks": 0,                                          
                                               "Local Written Blocks": 0,                                          
                                               "Temp Read Blocks": 0,                                              
                                               "Temp Written Blocks": 0                                            
                                             }                                                                     
                                           ]                                                                       
                                         }                                                                         
                                       ]                                                                           
                                     }                                                                             
                                   ]                                                                               
                                 },                                                                                
                                 {                                                                                 
                                   "Node Type": "Sort",                                                            
                                   "Parent Relationship": "Inner",                                                 
                                   "Parallel Aware": false,                                                        
                                   "Startup Cost": 344.10,                                                         
                                   "Total Cost": 350.69,                                                           
                                   "Plan Rows": 84843,                                                             
                                   "Plan Width": 4,                                                                
                                   "Actual Startup Time": 232.895,                                                 
                                   "Actual Total Time": 241.961,                                                   
                                   "Actual Rows": 84843,                                                           
                                   "Actual Loops": 1,                                                              
                                   "Sort Key": ["cn.id"],                                                          
                                   "Sort Method": "quicksort",                                                     
                                   "Sort Space Used": 7050,                                                        
                                   "Sort Space Type": "Memory",                                                    
                                   "Shared Hit Blocks": 2,                                                         
                                   "Shared Read Blocks": 2992,                                                     
                                   "Shared Dirtied Blocks": 0,                                                     
                                   "Shared Written Blocks": 0,                                                     
                                   "Local Hit Blocks": 0,                                                          
                                   "Local Read Blocks": 0,                                                         
                                   "Local Dirtied Blocks": 0,                                                      
                                   "Local Written Blocks": 0,                                                      
                                   "Temp Read Blocks": 0,                                                          
                                   "Temp Written Blocks": 0,                                                       
                                   "Plans": [                                                                      
                                     {                                                                             
                                       "Node Type": "Seq Scan",                                                    
                                       "Parent Relationship": "Outer",                                             
                                       "Parallel Aware": false,                                                    
                                       "Relation Name": "company_name",                                            
                                       "Alias": "cn",                                                              
                                       "Startup Cost": 0.00,                                                       
                                       "Total Cost": 128.41,                                                       
                                       "Plan Rows": 84843,                                                         
                                       "Plan Width": 4,                                                            
                                       "Actual Startup Time": 30.716,                                              
                                       "Actual Total Time": 194.780,                                               
                                       "Actual Rows": 84843,                                                       
                                       "Actual Loops": 1,                                                          
                                       "Filter": "((country_code)::text = '[us]'::text)",                          
                                       "Rows Removed by Filter": 150154,                                           
                                       "Shared Hit Blocks": 2,                                                     
                                       "Shared Read Blocks": 2992,                                                 
                                       "Shared Dirtied Blocks": 0,                                                 
                                       "Shared Written Blocks": 0,                                                 
                                       "Local Hit Blocks": 0,                                                      
                                       "Local Read Blocks": 0,                                                     
                                       "Local Dirtied Blocks": 0,                                                  
                                       "Local Written Blocks": 0,                                                  
                                       "Temp Read Blocks": 0,                                                      
                                       "Temp Written Blocks": 0                                                    
                                     }                                                                             
                                   ]                                                                               
                                 }                                                                                 
                               ]                                                                                   
                             }                                                                                     
                           ]                                                                                       
                         },                                                                                        
                         {                                                                                         
                           "Node Type": "Sort",                                                                    
                           "Parent Relationship": "Inner",                                                         
                           "Parallel Aware": false,                                                                
                           "Startup Cost": 9654.35,                                                                
                           "Total Cost": 9850.65,                                                                  
                           "Plan Rows": 2528312,                                                                   
                           "Plan Width": 4,                                                                        
                           "Actual Startup Time": 2301.360,                                                        
                           "Actual Total Time": 2660.226,                                                          
                           "Actual Rows": 2524891,                                                                 
                           "Actual Loops": 1,                                                                      
                           "Sort Key": ["t.id"],                                                                   
                           "Sort Method": "quicksort",                                                             
                           "Sort Space Used": 216819,                                                              
                           "Sort Space Type": "Memory",                                                            
                           "Shared Hit Blocks": 1,                                                                 
                           "Shared Read Blocks": 35997,                                                            
                           "Shared Dirtied Blocks": 0,                                                             
                           "Shared Written Blocks": 0,                                                             
                           "Local Hit Blocks": 0,                                                                  
                           "Local Read Blocks": 0,                                                                 
                           "Local Dirtied Blocks": 0,                                                              
                           "Local Written Blocks": 0,                                                              
                           "Temp Read Blocks": 0,                                                                  
                           "Temp Written Blocks": 0,                                                               
                           "Plans": [                                                                              
                             {                                                                                     
                               "Node Type": "Seq Scan",                                                            
                               "Parent Relationship": "Outer",                                                     
                               "Parallel Aware": false,                                                            
                               "Relation Name": "title",                                                           
                               "Alias": "t",                                                                       
                               "Startup Cost": 0.00,                                                               
                               "Total Cost": 1303.96,                                                              
                               "Plan Rows": 2528312,                                                               
                               "Plan Width": 4,                                                                    
                               "Actual Startup Time": 4.315,                                                       
                               "Actual Total Time": 1085.496,                                                      
                               "Actual Rows": 2528312,                                                             
                               "Actual Loops": 1,                                                                  
                               "Shared Hit Blocks": 1,                                                             
                               "Shared Read Blocks": 35997,                                                        
                               "Shared Dirtied Blocks": 0,                                                         
                               "Shared Written Blocks": 0,                                                         
                               "Local Hit Blocks": 0,                                                              
                               "Local Read Blocks": 0,                                                             
                               "Local Dirtied Blocks": 0,                                                          
                               "Local Written Blocks": 0,                                                          
                               "Temp Read Blocks": 0,                                                              
                               "Temp Written Blocks": 0                                                            
                             }                                                                                     
                           ]                                                                                       
                         }                                                                                         
                       ]                                                                                           
                     },                                                                                            
                     {                                                                                             
                       "Node Type": "Sort",                                                                        
                       "Parent Relationship": "Inner",                                                             
                       "Parallel Aware": false,                                                                    
                       "Startup Cost": 151757.13,                                                                  
                       "Total Cost": 154571.13,                                                                    
                       "Plan Rows": 36244344,                                                                      
                       "Plan Width": 8,                                                                            
                       "Actual Startup Time": 20945.344,                                                           
                       "Actual Total Time": 25076.645,                                                             
                       "Actual Rows": 38314797,                                                                    
                       "Actual Loops": 1,                                                                          
                       "Sort Key": ["ci.movie_id"],                                                                
                       "Sort Method": "quicksort",                                                                 
                       "Sort Space Used": 3271818,                                                                 
                       "Sort Space Type": "Memory",                                                                
                       "Shared Hit Blocks": 4,                                                                     
                       "Shared Read Blocks": 252650,                                                               
                       "Shared Dirtied Blocks": 0,                                                                 
                       "Shared Written Blocks": 0,                                                                 
                       "Local Hit Blocks": 0,                                                                      
                       "Local Read Blocks": 0,                                                                     
                       "Local Dirtied Blocks": 0,                                                                  
                       "Local Written Blocks": 0,                                                                  
                       "Temp Read Blocks": 0,                                                                      
                       "Temp Written Blocks": 0,                                                                   
                       "Plans": [                                                                                  
                         {                                                                                         
                           "Node Type": "Seq Scan",                                                                
                           "Parent Relationship": "Outer",                                                         
                           "Parallel Aware": false,                                                                
                           "Relation Name": "cast_info",                                                           
                           "Alias": "ci",                                                                          
                           "Startup Cost": 0.00,                                                                   
                           "Total Cost": 10431.00,                                                                 
                           "Plan Rows": 36244344,                                                                  
                           "Plan Width": 8,                                                                        
                           "Actual Startup Time": 0.014,                                                           
                           "Actual Total Time": 6804.040,                                                          
                           "Actual Rows": 36244344,                                                                
                           "Actual Loops": 1,                                                                      
                           "Shared Hit Blocks": 4,                                                                 
                           "Shared Read Blocks": 252650,                                                           
                           "Shared Dirtied Blocks": 0,                                                             
                           "Shared Written Blocks": 0,                                                             
                           "Local Hit Blocks": 0,                                                                  
                           "Local Read Blocks": 0,                                                                 
                           "Local Dirtied Blocks": 0,                                                              
                           "Local Written Blocks": 0,                                                              
                           "Temp Read Blocks": 0,                                                                  
                           "Temp Written Blocks": 0                                                                
                         }                                                                                         
                       ]                                                                                           
                     }                                                                                             
                   ]                                                                                               
                 }                                                                                                 
               ]                                                                                                   
             },                                                                                                    
             {                                                                                                     
               "Node Type": "Sort",                                                                                
               "Parent Relationship": "Inner",                                                                     
               "Parallel Aware": false,                                                                            
               "Startup Cost": 16263.33,                                                                           
               "Total Cost": 16586.90,                                                                             
               "Plan Rows": 4167491,                                                                               
               "Plan Width": 19,                                                                                   
               "Actual Startup Time": 3497.241,                                                                    
               "Actual Total Time": 3933.751,                                                                      
               "Actual Rows": 4061913,                                                                             
               "Actual Loops": 1,                                                                                  
               "Sort Key": ["n.id"],                                                                               
               "Sort Method": "quicksort",                                                                         
               "Sort Space Used": 405945,                                                                          
               "Sort Space Type": "Memory",                                                                        
               "Shared Hit Blocks": 1,                                                                             
               "Shared Read Blocks": 55612,                                                                        
               "Shared Dirtied Blocks": 0,                                                                         
               "Shared Written Blocks": 0,                                                                         
               "Local Hit Blocks": 0,                                                                              
               "Local Read Blocks": 0,                                                                             
               "Local Dirtied Blocks": 0,                                                                          
               "Local Written Blocks": 0,                                                                          
               "Temp Read Blocks": 0,                                                                              
               "Temp Written Blocks": 0,                                                                           
               "Plans": [                                                                                          
                 {                                                                                                 
                   "Node Type": "Seq Scan",                                                                        
                   "Parent Relationship": "Outer",                                                                 
                   "Parallel Aware": false,                                                                        
                   "Relation Name": "name",                                                                        
                   "Alias": "n",                                                                                   
                   "Startup Cost": 0.00,                                                                           
                   "Total Cost": 2032.56,                                                                          
                   "Plan Rows": 4167491,                                                                           
                   "Plan Width": 19,                                                                               
                   "Actual Startup Time": 19.063,                                                                  
                   "Actual Total Time": 1531.635,                                                                  
                   "Actual Rows": 4167491,                                                                         
                   "Actual Loops": 1,                                                                              
                   "Shared Hit Blocks": 1,                                                                         
                   "Shared Read Blocks": 55612,                                                                    
                   "Shared Dirtied Blocks": 0,                                                                     
                   "Shared Written Blocks": 0,                                                                     
                   "Local Hit Blocks": 0,                                                                          
                   "Local Read Blocks": 0,                                                                         
                   "Local Dirtied Blocks": 0,                                                                      
                   "Local Written Blocks": 0,                                                                      
                   "Temp Read Blocks": 0,                                                                          
                   "Temp Written Blocks": 0                                                                        
                 }                                                                                                 
               ]                                                                                                   
             }                                                                                                     
           ]                                                                                                       
         }                                                                                                         
       ]                                                                                                           
     },                                                                                                            
     "Planning Time": 5810.705,                                                                                    
     "Triggers": [                                                                                                 
     ],                                                                                                            
     "Execution Time": 44493.462                                                                                   
   }                                                                                                               
 ]
