 [                                                                                                                                                                          
   {                                                                                                                                                                        
     "Plan": {                                                                                                                                                              
       "Node Type": "Aggregate",                                                                                                                                            
       "Strategy": "Plain",                                                                                                                                                 
       "Partial Mode": "Simple",                                                                                                                                            
       "Parallel Aware": false,                                                                                                                                             
       "Startup Cost": 3453.86,                                                                                                                                             
       "Total Cost": 3453.86,                                                                                                                                               
       "Plan Rows": 1,                                                                                                                                                      
       "Plan Width": 68,                                                                                                                                                    
       "Actual Startup Time": 3621.819,                                                                                                                                     
       "Actual Total Time": 3621.819,                                                                                                                                       
       "Actual Rows": 1,                                                                                                                                                    
       "Actual Loops": 1,                                                                                                                                                   
       "Shared Hit Blocks": 3,                                                                                                                                              
       "Shared Read Blocks": 63242,                                                                                                                                         
       "Shared Dirtied Blocks": 0,                                                                                                                                          
       "Shared Written Blocks": 0,                                                                                                                                          
       "Local Hit Blocks": 0,                                                                                                                                               
       "Local Read Blocks": 0,                                                                                                                                              
       "Local Dirtied Blocks": 0,                                                                                                                                           
       "Local Written Blocks": 0,                                                                                                                                           
       "Temp Read Blocks": 0,                                                                                                                                               
       "Temp Written Blocks": 0,                                                                                                                                            
       "Plans": [                                                                                                                                                           
         {                                                                                                                                                                  
           "Node Type": "Hash Join",                                                                                                                                        
           "Parent Relationship": "Outer",                                                                                                                                  
           "Parallel Aware": false,                                                                                                                                         
           "Join Type": "Inner",                                                                                                                                            
           "Startup Cost": 1855.44,                                                                                                                                         
           "Total Cost": 3453.85,                                                                                                                                           
           "Plan Rows": 42,                                                                                                                                                 
           "Plan Width": 45,                                                                                                                                                
           "Actual Startup Time": 3032.428,                                                                                                                                 
           "Actual Total Time": 3621.530,                                                                                                                                   
           "Actual Rows": 142,                                                                                                                                              
           "Actual Loops": 1,                                                                                                                                               
           "Inner Unique": false,                                                                                                                                           
           "Hash Cond": "(t.id = mc.movie_id)",                                                                                                                             
           "Shared Hit Blocks": 3,                                                                                                                                          
           "Shared Read Blocks": 63242,                                                                                                                                     
           "Shared Dirtied Blocks": 0,                                                                                                                                      
           "Shared Written Blocks": 0,                                                                                                                                      
           "Local Hit Blocks": 0,                                                                                                                                           
           "Local Read Blocks": 0,                                                                                                                                          
           "Local Dirtied Blocks": 0,                                                                                                                                       
           "Local Written Blocks": 0,                                                                                                                                       
           "Temp Read Blocks": 0,                                                                                                                                           
           "Temp Written Blocks": 0,                                                                                                                                        
           "Plans": [                                                                                                                                                       
             {                                                                                                                                                              
               "Node Type": "Seq Scan",                                                                                                                                     
               "Parent Relationship": "Outer",                                                                                                                              
               "Parallel Aware": false,                                                                                                                                     
               "Relation Name": "title",                                                                                                                                    
               "Alias": "t",                                                                                                                                                
               "Startup Cost": 0.00,                                                                                                                                        
               "Total Cost": 1303.96,                                                                                                                                       
               "Plan Rows": 2528312,                                                                                                                                        
               "Plan Width": 25,                                                                                                                                            
               "Actual Startup Time": 21.600,                                                                                                                               
               "Actual Total Time": 1375.403,                                                                                                                               
               "Actual Rows": 2528312,                                                                                                                                      
               "Actual Loops": 1,                                                                                                                                           
               "Shared Hit Blocks": 0,                                                                                                                                      
               "Shared Read Blocks": 35998,                                                                                                                                 
               "Shared Dirtied Blocks": 0,                                                                                                                                  
               "Shared Written Blocks": 0,                                                                                                                                  
               "Local Hit Blocks": 0,                                                                                                                                       
               "Local Read Blocks": 0,                                                                                                                                      
               "Local Dirtied Blocks": 0,                                                                                                                                   
               "Local Written Blocks": 0,                                                                                                                                   
               "Temp Read Blocks": 0,                                                                                                                                       
               "Temp Written Blocks": 0                                                                                                                                     
             },                                                                                                                                                             
             {                                                                                                                                                              
               "Node Type": "Hash",                                                                                                                                         
               "Parent Relationship": "Inner",                                                                                                                              
               "Parallel Aware": false,                                                                                                                                     
               "Startup Cost": 1855.44,                                                                                                                                     
               "Total Cost": 1855.44,                                                                                                                                       
               "Plan Rows": 42,                                                                                                                                             
               "Plan Width": 32,                                                                                                                                            
               "Actual Startup Time": 1684.079,                                                                                                                             
               "Actual Total Time": 1684.079,                                                                                                                               
               "Actual Rows": 142,                                                                                                                                          
               "Actual Loops": 1,                                                                                                                                           
               "Hash Buckets": 1024,                                                                                                                                        
               "Original Hash Buckets": 1024,                                                                                                                               
               "Hash Batches": 1,                                                                                                                                           
               "Original Hash Batches": 1,                                                                                                                                  
               "Peak Memory Usage": 17,                                                                                                                                     
               "Shared Hit Blocks": 0,                                                                                                                                      
               "Shared Read Blocks": 27244,                                                                                                                                 
               "Shared Dirtied Blocks": 0,                                                                                                                                  
               "Shared Written Blocks": 0,                                                                                                                                  
               "Local Hit Blocks": 0,                                                                                                                                       
               "Local Read Blocks": 0,                                                                                                                                      
               "Local Dirtied Blocks": 0,                                                                                                                                   
               "Local Written Blocks": 0,                                                                                                                                   
               "Temp Read Blocks": 0,                                                                                                                                       
               "Temp Written Blocks": 0,                                                                                                                                    
               "Plans": [                                                                                                                                                   
                 {                                                                                                                                                          
                   "Node Type": "Hash Join",                                                                                                                                
                   "Parent Relationship": "Outer",                                                                                                                          
                   "Parallel Aware": false,                                                                                                                                 
                   "Join Type": "Inner",                                                                                                                                    
                   "Startup Cost": 476.21,                                                                                                                                  
                   "Total Cost": 1855.44,                                                                                                                                   
                   "Plan Rows": 42,                                                                                                                                         
                   "Plan Width": 32,                                                                                                                                        
                   "Actual Startup Time": 1467.925,                                                                                                                         
                   "Actual Total Time": 1683.972,                                                                                                                           
                   "Actual Rows": 142,                                                                                                                                      
                   "Actual Loops": 1,                                                                                                                                       
                   "Inner Unique": true,                                                                                                                                    
                   "Hash Cond": "(mc.company_type_id = ct.id)",                                                                                                             
                   "Shared Hit Blocks": 0,                                                                                                                                  
                   "Shared Read Blocks": 27244,                                                                                                                             
                   "Shared Dirtied Blocks": 0,                                                                                                                              
                   "Shared Written Blocks": 0,                                                                                                                              
                   "Local Hit Blocks": 0,                                                                                                                                   
                   "Local Read Blocks": 0,                                                                                                                                  
                   "Local Dirtied Blocks": 0,                                                                                                                               
                   "Local Written Blocks": 0,                                                                                                                               
                   "Temp Read Blocks": 0,                                                                                                                                   
                   "Temp Written Blocks": 0,                                                                                                                                
                   "Plans": [                                                                                                                                               
                     {                                                                                                                                                      
                       "Node Type": "Hash Join",                                                                                                                            
                       "Parent Relationship": "Outer",                                                                                                                      
                       "Parallel Aware": false,                                                                                                                             
                       "Join Type": "Inner",                                                                                                                                
                       "Startup Cost": 476.18,                                                                                                                              
                       "Total Cost": 1855.39,                                                                                                                               
                       "Plan Rows": 168,                                                                                                                                    
                       "Plan Width": 36,                                                                                                                                    
                       "Actual Startup Time": 918.282,                                                                                                                      
                       "Actual Total Time": 1683.734,                                                                                                                       
                       "Actual Rows": 147,                                                                                                                                  
                       "Actual Loops": 1,                                                                                                                                   
                       "Inner Unique": false,                                                                                                                               
                       "Hash Cond": "(mc.movie_id = mi_idx.movie_id)",                                                                                                      
                       "Shared Hit Blocks": 0,                                                                                                                              
                       "Shared Read Blocks": 27243,                                                                                                                         
                       "Shared Dirtied Blocks": 0,                                                                                                                          
                       "Shared Written Blocks": 0,                                                                                                                          
                       "Local Hit Blocks": 0,                                                                                                                               
                       "Local Read Blocks": 0,                                                                                                                              
                       "Local Dirtied Blocks": 0,                                                                                                                           
                       "Local Written Blocks": 0,                                                                                                                           
                       "Temp Read Blocks": 0,                                                                                                                               
                       "Temp Written Blocks": 0,                                                                                                                            
                       "Plans": [                                                                                                                                           
                         {                                                                                                                                                  
                           "Node Type": "Seq Scan",                                                                                                                         
                           "Parent Relationship": "Outer",                                                                                                                  
                           "Parallel Aware": false,                                                                                                                         
                           "Relation Name": "movie_companies",                                                                                                              
                           "Alias": "mc",                                                                                                                                   
                           "Startup Cost": 0.00,                                                                                                                            
                           "Total Cost": 1377.47,                                                                                                                           
                           "Plan Rows": 14835,                                                                                                                              
                           "Plan Width": 32,                                                                                                                                
                           "Actual Startup Time": 96.781,                                                                                                                   
                           "Actual Total Time": 1034.201,                                                                                                                   
                           "Actual Rows": 28889,                                                                                                                            
                           "Actual Loops": 1,                                                                                                                               
                           "Filter": "((note !~~ '%(as Metro-Goldwyn-Mayer Pictures)%'::text) AND ((note ~~ '%(co-production)%'::text) OR (note ~~ '%(presents)%'::text)))",
                           "Rows Removed by Filter": 2580240,                                                                                                               
                           "Shared Hit Blocks": 0,                                                                                                                          
                           "Shared Read Blocks": 18789,                                                                                                                     
                           "Shared Dirtied Blocks": 0,                                                                                                                      
                           "Shared Written Blocks": 0,                                                                                                                      
                           "Local Hit Blocks": 0,                                                                                                                           
                           "Local Read Blocks": 0,                                                                                                                          
                           "Local Dirtied Blocks": 0,                                                                                                                       
                           "Local Written Blocks": 0,                                                                                                                       
                           "Temp Read Blocks": 0,                                                                                                                           
                           "Temp Written Blocks": 0                                                                                                                         
                         },                                                                                                                                                 
                         {                                                                                                                                                  
                           "Node Type": "Hash",                                                                                                                             
                           "Parent Relationship": "Inner",                                                                                                                  
                           "Parallel Aware": false,                                                                                                                         
                           "Startup Cost": 474.39,                                                                                                                          
                           "Total Cost": 474.39,                                                                                                                            
                           "Plan Rows": 12213,                                                                                                                              
                           "Plan Width": 4,                                                                                                                                 
                           "Actual Startup Time": 643.487,                                                                                                                  
                           "Actual Total Time": 643.487,                                                                                                                    
                           "Actual Rows": 250,                                                                                                                              
                           "Actual Loops": 1,                                                                                                                               
                           "Hash Buckets": 16384,                                                                                                                           
                           "Original Hash Buckets": 16384,                                                                                                                  
                           "Hash Batches": 1,                                                                                                                               
                           "Original Hash Batches": 1,                                                                                                                      
                           "Peak Memory Usage": 137,                                                                                                                        
                           "Shared Hit Blocks": 0,                                                                                                                          
                           "Shared Read Blocks": 8454,                                                                                                                      
                           "Shared Dirtied Blocks": 0,                                                                                                                      
                           "Shared Written Blocks": 0,                                                                                                                      
                           "Local Hit Blocks": 0,                                                                                                                           
                           "Local Read Blocks": 0,                                                                                                                          
                           "Local Dirtied Blocks": 0,                                                                                                                       
                           "Local Written Blocks": 0,                                                                                                                       
                           "Temp Read Blocks": 0,                                                                                                                           
                           "Temp Written Blocks": 0,                                                                                                                        
                           "Plans": [                                                                                                                                       
                             {                                                                                                                                              
                               "Node Type": "Hash Join",                                                                                                                    
                               "Parent Relationship": "Outer",                                                                                                              
                               "Parallel Aware": false,                                                                                                                     
                               "Join Type": "Inner",                                                                                                                        
                               "Startup Cost": 0.05,                                                                                                                        
                               "Total Cost": 474.39,                                                                                                                        
                               "Plan Rows": 12213,                                                                                                                          
                               "Plan Width": 4,                                                                                                                             
                               "Actual Startup Time": 643.238,                                                                                                              
                               "Actual Total Time": 643.377,                                                                                                                
                               "Actual Rows": 250,                                                                                                                          
                               "Actual Loops": 1,                                                                                                                           
                               "Inner Unique": true,                                                                                                                        
                               "Hash Cond": "(mi_idx.info_type_id = it.id)",                                                                                                
                               "Shared Hit Blocks": 0,                                                                                                                      
                               "Shared Read Blocks": 8454,                                                                                                                  
                               "Shared Dirtied Blocks": 0,                                                                                                                  
                               "Shared Written Blocks": 0,                                                                                                                  
                               "Local Hit Blocks": 0,                                                                                                                       
                               "Local Read Blocks": 0,                                                                                                                      
                               "Local Dirtied Blocks": 0,                                                                                                                   
                               "Local Written Blocks": 0,                                                                                                                   
                               "Temp Read Blocks": 0,                                                                                                                       
                               "Temp Written Blocks": 0,                                                                                                                    
                               "Plans": [                                                                                                                                   
                                 {                                                                                                                                          
                                   "Node Type": "Seq Scan",                                                                                                                 
                                   "Parent Relationship": "Outer",                                                                                                          
                                   "Parallel Aware": false,                                                                                                                 
                                   "Relation Name": "movie_info_idx",                                                                                                       
                                   "Alias": "mi_idx",                                                                                                                       
                                   "Startup Cost": 0.00,                                                                                                                    
                                   "Total Cost": 360.56,                                                                                                                    
                                   "Plan Rows": 1380035,                                                                                                                    
                                   "Plan Width": 8,                                                                                                                         
                                   "Actual Startup Time": 26.639,                                                                                                           
                                   "Actual Total Time": 356.710,                                                                                                            
                                   "Actual Rows": 1380035,                                                                                                                  
                                   "Actual Loops": 1,                                                                                                                       
                                   "Shared Hit Blocks": 0,                                                                                                                  
                                   "Shared Read Blocks": 8453,                                                                                                              
                                   "Shared Dirtied Blocks": 0,                                                                                                              
                                   "Shared Written Blocks": 0,                                                                                                              
                                   "Local Hit Blocks": 0,                                                                                                                   
                                   "Local Read Blocks": 0,                                                                                                                  
                                   "Local Dirtied Blocks": 0,                                                                                                               
                                   "Local Written Blocks": 0,                                                                                                               
                                   "Temp Read Blocks": 0,                                                                                                                   
                                   "Temp Written Blocks": 0                                                                                                                 
                                 },                                                                                                                                         
                                 {                                                                                                                                          
                                   "Node Type": "Hash",                                                                                                                     
                                   "Parent Relationship": "Inner",                                                                                                          
                                   "Parallel Aware": false,                                                                                                                 
                                   "Startup Cost": 0.05,                                                                                                                    
                                   "Total Cost": 0.05,                                                                                                                      
                                   "Plan Rows": 1,                                                                                                                          
                                   "Plan Width": 4,                                                                                                                         
                                   "Actual Startup Time": 7.509,                                                                                                            
                                   "Actual Total Time": 7.510,                                                                                                              
                                   "Actual Rows": 1,                                                                                                                        
                                   "Actual Loops": 1,                                                                                                                       
                                   "Hash Buckets": 1024,                                                                                                                    
                                   "Original Hash Buckets": 1024,                                                                                                           
                                   "Hash Batches": 1,                                                                                                                       
                                   "Original Hash Batches": 1,                                                                                                              
                                   "Peak Memory Usage": 9,                                                                                                                  
                                   "Shared Hit Blocks": 0,                                                                                                                  
                                   "Shared Read Blocks": 1,                                                                                                                 
                                   "Shared Dirtied Blocks": 0,                                                                                                              
                                   "Shared Written Blocks": 0,                                                                                                              
                                   "Local Hit Blocks": 0,                                                                                                                   
                                   "Local Read Blocks": 0,                                                                                                                  
                                   "Local Dirtied Blocks": 0,                                                                                                               
                                   "Local Written Blocks": 0,                                                                                                               
                                   "Temp Read Blocks": 0,                                                                                                                   
                                   "Temp Written Blocks": 0,                                                                                                                
                                   "Plans": [                                                                                                                               
                                     {                                                                                                                                      
                                       "Node Type": "Seq Scan",                                                                                                             
                                       "Parent Relationship": "Outer",                                                                                                      
                                       "Parallel Aware": false,                                                                                                             
                                       "Relation Name": "info_type",                                                                                                        
                                       "Alias": "it",                                                                                                                       
                                       "Startup Cost": 0.00,                                                                                                                
                                       "Total Cost": 0.05,                                                                                                                  
                                       "Plan Rows": 1,                                                                                                                      
                                       "Plan Width": 4,                                                                                                                     
                                       "Actual Startup Time": 7.491,                                                                                                        
                                       "Actual Total Time": 7.493,                                                                                                          
                                       "Actual Rows": 1,                                                                                                                    
                                       "Actual Loops": 1,                                                                                                                   
                                       "Filter": "((info)::text = 'top 250 rank'::text)",                                                                                   
                                       "Rows Removed by Filter": 112,                                                                                                       
                                       "Shared Hit Blocks": 0,                                                                                                              
                                       "Shared Read Blocks": 1,                                                                                                             
                                       "Shared Dirtied Blocks": 0,                                                                                                          
                                       "Shared Written Blocks": 0,                                                                                                          
                                       "Local Hit Blocks": 0,                                                                                                               
                                       "Local Read Blocks": 0,                                                                                                              
                                       "Local Dirtied Blocks": 0,                                                                                                           
                                       "Local Written Blocks": 0,                                                                                                           
                                       "Temp Read Blocks": 0,                                                                                                               
                                       "Temp Written Blocks": 0                                                                                                             
                                     }                                                                                                                                      
                                   ]                                                                                                                                        
                                 }                                                                                                                                          
                               ]                                                                                                                                            
                             }                                                                                                                                              
                           ]                                                                                                                                                
                         }                                                                                                                                                  
                       ]                                                                                                                                                    
                     },                                                                                                                                                     
                     {                                                                                                                                                      
                       "Node Type": "Hash",                                                                                                                                 
                       "Parent Relationship": "Inner",                                                                                                                      
                       "Parallel Aware": false,                                                                                                                             
                       "Startup Cost": 0.03,                                                                                                                                
                       "Total Cost": 0.03,                                                                                                                                  
                       "Plan Rows": 1,                                                                                                                                      
                       "Plan Width": 4,                                                                                                                                     
                       "Actual Startup Time": 0.136,                                                                                                                        
                       "Actual Total Time": 0.136,                                                                                                                          
                       "Actual Rows": 1,                                                                                                                                    
                       "Actual Loops": 1,                                                                                                                                   
                       "Hash Buckets": 1024,                                                                                                                                
                       "Original Hash Buckets": 1024,                                                                                                                       
                       "Hash Batches": 1,                                                                                                                                   
                       "Original Hash Batches": 1,                                                                                                                          
                       "Peak Memory Usage": 9,                                                                                                                              
                       "Shared Hit Blocks": 0,                                                                                                                              
                       "Shared Read Blocks": 1,                                                                                                                             
                       "Shared Dirtied Blocks": 0,                                                                                                                          
                       "Shared Written Blocks": 0,                                                                                                                          
                       "Local Hit Blocks": 0,                                                                                                                               
                       "Local Read Blocks": 0,                                                                                                                              
                       "Local Dirtied Blocks": 0,                                                                                                                           
                       "Local Written Blocks": 0,                                                                                                                           
                       "Temp Read Blocks": 0,                                                                                                                               
                       "Temp Written Blocks": 0,                                                                                                                            
                       "Plans": [                                                                                                                                           
                         {                                                                                                                                                  
                           "Node Type": "Seq Scan",                                                                                                                         
                           "Parent Relationship": "Outer",                                                                                                                  
                           "Parallel Aware": false,                                                                                                                         
                           "Relation Name": "company_type",                                                                                                                 
                           "Alias": "ct",                                                                                                                                   
                           "Startup Cost": 0.00,                                                                                                                            
                           "Total Cost": 0.03,                                                                                                                              
                           "Plan Rows": 1,                                                                                                                                  
                           "Plan Width": 4,                                                                                                                                 
                           "Actual Startup Time": 0.123,                                                                                                                    
                           "Actual Total Time": 0.125,                                                                                                                      
                           "Actual Rows": 1,                                                                                                                                
                           "Actual Loops": 1,                                                                                                                               
                           "Filter": "((kind)::text = 'production companies'::text)",                                                                                       
                           "Rows Removed by Filter": 3,                                                                                                                     
                           "Shared Hit Blocks": 0,                                                                                                                          
                           "Shared Read Blocks": 1,                                                                                                                         
                           "Shared Dirtied Blocks": 0,                                                                                                                      
                           "Shared Written Blocks": 0,                                                                                                                      
                           "Local Hit Blocks": 0,                                                                                                                           
                           "Local Read Blocks": 0,                                                                                                                          
                           "Local Dirtied Blocks": 0,                                                                                                                       
                           "Local Written Blocks": 0,                                                                                                                       
                           "Temp Read Blocks": 0,                                                                                                                           
                           "Temp Written Blocks": 0                                                                                                                         
                         }                                                                                                                                                  
                       ]                                                                                                                                                    
                     }                                                                                                                                                      
                   ]                                                                                                                                                        
                 }                                                                                                                                                          
               ]                                                                                                                                                            
             }                                                                                                                                                              
           ]                                                                                                                                                                
         }                                                                                                                                                                  
       ]                                                                                                                                                                    
     },                                                                                                                                                                     
     "Planning Time": 2196.057,                                                                                                                                             
     "Triggers": [                                                                                                                                                          
     ],                                                                                                                                                                     
     "Execution Time": 3642.531                                                                                                                                             
   }                                                                                                                                                                        
 ]
