 [                                                                                                                                      
   {                                                                                                                                    
     "Plan": {                                                                                                                          
       "Node Type": "Aggregate",                                                                                                        
       "Strategy": "Plain",                                                                                                             
       "Partial Mode": "Simple",                                                                                                        
       "Parallel Aware": false,                                                                                                         
       "Startup Cost": 3198.07,                                                                                                         
       "Total Cost": 3198.07,                                                                                                           
       "Plan Rows": 1,                                                                                                                  
       "Plan Width": 68,                                                                                                                
       "Actual Startup Time": 3487.361,                                                                                                 
       "Actual Total Time": 3487.361,                                                                                                   
       "Actual Rows": 1,                                                                                                                
       "Actual Loops": 1,                                                                                                               
       "Shared Hit Blocks": 3,                                                                                                          
       "Shared Read Blocks": 63242,                                                                                                     
       "Shared Dirtied Blocks": 0,                                                                                                      
       "Shared Written Blocks": 0,                                                                                                      
       "Local Hit Blocks": 0,                                                                                                           
       "Local Read Blocks": 0,                                                                                                          
       "Local Dirtied Blocks": 0,                                                                                                       
       "Local Written Blocks": 0,                                                                                                       
       "Temp Read Blocks": 0,                                                                                                           
       "Temp Written Blocks": 0,                                                                                                        
       "Plans": [                                                                                                                       
         {                                                                                                                              
           "Node Type": "Hash Join",                                                                                                    
           "Parent Relationship": "Outer",                                                                                              
           "Parallel Aware": false,                                                                                                     
           "Join Type": "Inner",                                                                                                        
           "Startup Cost": 1652.20,                                                                                                     
           "Total Cost": 3198.07,                                                                                                       
           "Plan Rows": 4,                                                                                                              
           "Plan Width": 45,                                                                                                            
           "Actual Startup Time": 3112.814,                                                                                             
           "Actual Total Time": 3487.331,                                                                                               
           "Actual Rows": 3,                                                                                                            
           "Actual Loops": 1,                                                                                                           
           "Inner Unique": false,                                                                                                       
           "Hash Cond": "(t.id = mc.movie_id)",                                                                                         
           "Shared Hit Blocks": 3,                                                                                                      
           "Shared Read Blocks": 63242,                                                                                                 
           "Shared Dirtied Blocks": 0,                                                                                                  
           "Shared Written Blocks": 0,                                                                                                  
           "Local Hit Blocks": 0,                                                                                                       
           "Local Read Blocks": 0,                                                                                                      
           "Local Dirtied Blocks": 0,                                                                                                   
           "Local Written Blocks": 0,                                                                                                   
           "Temp Read Blocks": 0,                                                                                                       
           "Temp Written Blocks": 0,                                                                                                    
           "Plans": [                                                                                                                   
             {                                                                                                                          
               "Node Type": "Seq Scan",                                                                                                 
               "Parent Relationship": "Outer",                                                                                          
               "Parallel Aware": false,                                                                                                 
               "Relation Name": "title",                                                                                                
               "Alias": "t",                                                                                                            
               "Startup Cost": 0.00,                                                                                                    
               "Total Cost": 1500.26,                                                                                                   
               "Plan Rows": 391667,                                                                                                     
               "Plan Width": 25,                                                                                                        
               "Actual Startup Time": 21.608,                                                                                           
               "Actual Total Time": 1821.185,                                                                                           
               "Actual Rows": 391666,                                                                                                   
               "Actual Loops": 1,                                                                                                       
               "Filter": "(production_year > 2010)",                                                                                    
               "Rows Removed by Filter": 2136646,                                                                                       
               "Shared Hit Blocks": 0,                                                                                                  
               "Shared Read Blocks": 35998,                                                                                             
               "Shared Dirtied Blocks": 0,                                                                                              
               "Shared Written Blocks": 0,                                                                                              
               "Local Hit Blocks": 0,                                                                                                   
               "Local Read Blocks": 0,                                                                                                  
               "Local Dirtied Blocks": 0,                                                                                               
               "Local Written Blocks": 0,                                                                                               
               "Temp Read Blocks": 0,                                                                                                   
               "Temp Written Blocks": 0                                                                                                 
             },                                                                                                                         
             {                                                                                                                          
               "Node Type": "Hash",                                                                                                     
               "Parent Relationship": "Inner",                                                                                          
               "Parallel Aware": false,                                                                                                 
               "Startup Cost": 1652.19,                                                                                                 
               "Total Cost": 1652.19,                                                                                                   
               "Plan Rows": 26,                                                                                                         
               "Plan Width": 32,                                                                                                        
               "Actual Startup Time": 1567.788,                                                                                         
               "Actual Total Time": 1567.789,                                                                                           
               "Actual Rows": 23,                                                                                                       
               "Actual Loops": 1,                                                                                                       
               "Hash Buckets": 1024,                                                                                                    
               "Original Hash Buckets": 1024,                                                                                           
               "Hash Batches": 1,                                                                                                       
               "Original Hash Batches": 1,                                                                                              
               "Peak Memory Usage": 10,                                                                                                 
               "Shared Hit Blocks": 0,                                                                                                  
               "Shared Read Blocks": 27244,                                                                                             
               "Shared Dirtied Blocks": 0,                                                                                              
               "Shared Written Blocks": 0,                                                                                              
               "Local Hit Blocks": 0,                                                                                                   
               "Local Read Blocks": 0,                                                                                                  
               "Local Dirtied Blocks": 0,                                                                                               
               "Local Written Blocks": 0,                                                                                               
               "Temp Read Blocks": 0,                                                                                                   
               "Temp Written Blocks": 0,                                                                                                
               "Plans": [                                                                                                               
                 {                                                                                                                      
                   "Node Type": "Hash Join",                                                                                            
                   "Parent Relationship": "Outer",                                                                                      
                   "Parallel Aware": false,                                                                                             
                   "Join Type": "Inner",                                                                                                
                   "Startup Cost": 476.21,                                                                                              
                   "Total Cost": 1652.19,                                                                                               
                   "Plan Rows": 26,                                                                                                     
                   "Plan Width": 32,                                                                                                    
                   "Actual Startup Time": 1382.967,                                                                                     
                   "Actual Total Time": 1567.765,                                                                                       
                   "Actual Rows": 23,                                                                                                   
                   "Actual Loops": 1,                                                                                                   
                   "Inner Unique": true,                                                                                                
                   "Hash Cond": "(mc.company_type_id = ct.id)",                                                                         
                   "Shared Hit Blocks": 0,                                                                                              
                   "Shared Read Blocks": 27244,                                                                                         
                   "Shared Dirtied Blocks": 0,                                                                                          
                   "Shared Written Blocks": 0,                                                                                          
                   "Local Hit Blocks": 0,                                                                                               
                   "Local Read Blocks": 0,                                                                                              
                   "Local Dirtied Blocks": 0,                                                                                           
                   "Local Written Blocks": 0,                                                                                           
                   "Temp Read Blocks": 0,                                                                                               
                   "Temp Written Blocks": 0,                                                                                            
                   "Plans": [                                                                                                           
                     {                                                                                                                  
                       "Node Type": "Hash Join",                                                                                        
                       "Parent Relationship": "Outer",                                                                                  
                       "Parallel Aware": false,                                                                                         
                       "Join Type": "Inner",                                                                                            
                       "Startup Cost": 476.18,                                                                                          
                       "Total Cost": 1652.15,                                                                                           
                       "Plan Rows": 103,                                                                                                
                       "Plan Width": 36,                                                                                                
                       "Actual Startup Time": 1382.817,                                                                                 
                       "Actual Total Time": 1567.597,                                                                                   
                       "Actual Rows": 23,                                                                                               
                       "Actual Loops": 1,                                                                                               
                       "Inner Unique": false,                                                                                           
                       "Hash Cond": "(mc.movie_id = mi_idx.movie_id)",                                                                  
                       "Shared Hit Blocks": 0,                                                                                          
                       "Shared Read Blocks": 27243,                                                                                     
                       "Shared Dirtied Blocks": 0,                                                                                      
                       "Shared Written Blocks": 0,                                                                                      
                       "Local Hit Blocks": 0,                                                                                           
                       "Local Read Blocks": 0,                                                                                          
                       "Local Dirtied Blocks": 0,                                                                                       
                       "Local Written Blocks": 0,                                                                                       
                       "Temp Read Blocks": 0,                                                                                           
                       "Temp Written Blocks": 0,                                                                                        
                       "Plans": [                                                                                                       
                         {                                                                                                              
                           "Node Type": "Seq Scan",                                                                                     
                           "Parent Relationship": "Outer",                                                                              
                           "Parallel Aware": false,                                                                                     
                           "Relation Name": "movie_companies",                                                                          
                           "Alias": "mc",                                                                                               
                           "Startup Cost": 0.00,                                                                                        
                           "Total Cost": 1174.90,                                                                                       
                           "Plan Rows": 9141,                                                                                           
                           "Plan Width": 32,                                                                                            
                           "Actual Startup Time": 330.585,                                                                              
                           "Actual Total Time": 922.517,                                                                                
                           "Actual Rows": 17816,                                                                                        
                           "Actual Loops": 1,                                                                                           
                           "Filter": "((note !~~ '%(as Metro-Goldwyn-Mayer Pictures)%'::text) AND (note ~~ '%(co-production)%'::text))",
                           "Rows Removed by Filter": 2591313,                                                                           
                           "Shared Hit Blocks": 0,                                                                                      
                           "Shared Read Blocks": 18789,                                                                                 
                           "Shared Dirtied Blocks": 0,                                                                                  
                           "Shared Written Blocks": 0,                                                                                  
                           "Local Hit Blocks": 0,                                                                                       
                           "Local Read Blocks": 0,                                                                                      
                           "Local Dirtied Blocks": 0,                                                                                   
                           "Local Written Blocks": 0,                                                                                   
                           "Temp Read Blocks": 0,                                                                                       
                           "Temp Written Blocks": 0                                                                                     
                         },                                                                                                             
                         {                                                                                                              
                           "Node Type": "Hash",                                                                                         
                           "Parent Relationship": "Inner",                                                                              
                           "Parallel Aware": false,                                                                                     
                           "Startup Cost": 474.39,                                                                                      
                           "Total Cost": 474.39,                                                                                        
                           "Plan Rows": 12213,                                                                                          
                           "Plan Width": 4,                                                                                             
                           "Actual Startup Time": 641.097,                                                                              
                           "Actual Total Time": 641.097,                                                                                
                           "Actual Rows": 250,                                                                                          
                           "Actual Loops": 1,                                                                                           
                           "Hash Buckets": 16384,                                                                                       
                           "Original Hash Buckets": 16384,                                                                              
                           "Hash Batches": 1,                                                                                           
                           "Original Hash Batches": 1,                                                                                  
                           "Peak Memory Usage": 137,                                                                                    
                           "Shared Hit Blocks": 0,                                                                                      
                           "Shared Read Blocks": 8454,                                                                                  
                           "Shared Dirtied Blocks": 0,                                                                                  
                           "Shared Written Blocks": 0,                                                                                  
                           "Local Hit Blocks": 0,                                                                                       
                           "Local Read Blocks": 0,                                                                                      
                           "Local Dirtied Blocks": 0,                                                                                   
                           "Local Written Blocks": 0,                                                                                   
                           "Temp Read Blocks": 0,                                                                                       
                           "Temp Written Blocks": 0,                                                                                    
                           "Plans": [                                                                                                   
                             {                                                                                                          
                               "Node Type": "Hash Join",                                                                                
                               "Parent Relationship": "Outer",                                                                          
                               "Parallel Aware": false,                                                                                 
                               "Join Type": "Inner",                                                                                    
                               "Startup Cost": 0.05,                                                                                    
                               "Total Cost": 474.39,                                                                                    
                               "Plan Rows": 12213,                                                                                      
                               "Plan Width": 4,                                                                                         
                               "Actual Startup Time": 640.916,                                                                          
                               "Actual Total Time": 641.020,                                                                            
                               "Actual Rows": 250,                                                                                      
                               "Actual Loops": 1,                                                                                       
                               "Inner Unique": true,                                                                                    
                               "Hash Cond": "(mi_idx.info_type_id = it.id)",                                                            
                               "Shared Hit Blocks": 0,                                                                                  
                               "Shared Read Blocks": 8454,                                                                              
                               "Shared Dirtied Blocks": 0,                                                                              
                               "Shared Written Blocks": 0,                                                                              
                               "Local Hit Blocks": 0,                                                                                   
                               "Local Read Blocks": 0,                                                                                  
                               "Local Dirtied Blocks": 0,                                                                               
                               "Local Written Blocks": 0,                                                                               
                               "Temp Read Blocks": 0,                                                                                   
                               "Temp Written Blocks": 0,                                                                                
                               "Plans": [                                                                                               
                                 {                                                                                                      
                                   "Node Type": "Seq Scan",                                                                             
                                   "Parent Relationship": "Outer",                                                                      
                                   "Parallel Aware": false,                                                                             
                                   "Relation Name": "movie_info_idx",                                                                   
                                   "Alias": "mi_idx",                                                                                   
                                   "Startup Cost": 0.00,                                                                                
                                   "Total Cost": 360.56,                                                                                
                                   "Plan Rows": 1380035,                                                                                
                                   "Plan Width": 8,                                                                                     
                                   "Actual Startup Time": 26.139,                                                                       
                                   "Actual Total Time": 351.597,                                                                        
                                   "Actual Rows": 1380035,                                                                              
                                   "Actual Loops": 1,                                                                                   
                                   "Shared Hit Blocks": 0,                                                                              
                                   "Shared Read Blocks": 8453,                                                                          
                                   "Shared Dirtied Blocks": 0,                                                                          
                                   "Shared Written Blocks": 0,                                                                          
                                   "Local Hit Blocks": 0,                                                                               
                                   "Local Read Blocks": 0,                                                                              
                                   "Local Dirtied Blocks": 0,                                                                           
                                   "Local Written Blocks": 0,                                                                           
                                   "Temp Read Blocks": 0,                                                                               
                                   "Temp Written Blocks": 0                                                                             
                                 },                                                                                                     
                                 {                                                                                                      
                                   "Node Type": "Hash",                                                                                 
                                   "Parent Relationship": "Inner",                                                                      
                                   "Parallel Aware": false,                                                                             
                                   "Startup Cost": 0.05,                                                                                
                                   "Total Cost": 0.05,                                                                                  
                                   "Plan Rows": 1,                                                                                      
                                   "Plan Width": 4,                                                                                     
                                   "Actual Startup Time": 7.553,                                                                        
                                   "Actual Total Time": 7.553,                                                                          
                                   "Actual Rows": 1,                                                                                    
                                   "Actual Loops": 1,                                                                                   
                                   "Hash Buckets": 1024,                                                                                
                                   "Original Hash Buckets": 1024,                                                                       
                                   "Hash Batches": 1,                                                                                   
                                   "Original Hash Batches": 1,                                                                          
                                   "Peak Memory Usage": 9,                                                                              
                                   "Shared Hit Blocks": 0,                                                                              
                                   "Shared Read Blocks": 1,                                                                             
                                   "Shared Dirtied Blocks": 0,                                                                          
                                   "Shared Written Blocks": 0,                                                                          
                                   "Local Hit Blocks": 0,                                                                               
                                   "Local Read Blocks": 0,                                                                              
                                   "Local Dirtied Blocks": 0,                                                                           
                                   "Local Written Blocks": 0,                                                                           
                                   "Temp Read Blocks": 0,                                                                               
                                   "Temp Written Blocks": 0,                                                                            
                                   "Plans": [                                                                                           
                                     {                                                                                                  
                                       "Node Type": "Seq Scan",                                                                         
                                       "Parent Relationship": "Outer",                                                                  
                                       "Parallel Aware": false,                                                                         
                                       "Relation Name": "info_type",                                                                    
                                       "Alias": "it",                                                                                   
                                       "Startup Cost": 0.00,                                                                            
                                       "Total Cost": 0.05,                                                                              
                                       "Plan Rows": 1,                                                                                  
                                       "Plan Width": 4,                                                                                 
                                       "Actual Startup Time": 7.538,                                                                    
                                       "Actual Total Time": 7.541,                                                                      
                                       "Actual Rows": 1,                                                                                
                                       "Actual Loops": 1,                                                                               
                                       "Filter": "((info)::text = 'top 250 rank'::text)",                                               
                                       "Rows Removed by Filter": 112,                                                                   
                                       "Shared Hit Blocks": 0,                                                                          
                                       "Shared Read Blocks": 1,                                                                         
                                       "Shared Dirtied Blocks": 0,                                                                      
                                       "Shared Written Blocks": 0,                                                                      
                                       "Local Hit Blocks": 0,                                                                           
                                       "Local Read Blocks": 0,                                                                          
                                       "Local Dirtied Blocks": 0,                                                                       
                                       "Local Written Blocks": 0,                                                                       
                                       "Temp Read Blocks": 0,                                                                           
                                       "Temp Written Blocks": 0                                                                         
                                     }                                                                                                  
                                   ]                                                                                                    
                                 }                                                                                                      
                               ]                                                                                                        
                             }                                                                                                          
                           ]                                                                                                            
                         }                                                                                                              
                       ]                                                                                                                
                     },                                                                                                                 
                     {                                                                                                                  
                       "Node Type": "Hash",                                                                                             
                       "Parent Relationship": "Inner",                                                                                  
                       "Parallel Aware": false,                                                                                         
                       "Startup Cost": 0.03,                                                                                            
                       "Total Cost": 0.03,                                                                                              
                       "Plan Rows": 1,                                                                                                  
                       "Plan Width": 4,                                                                                                 
                       "Actual Startup Time": 0.134,                                                                                    
                       "Actual Total Time": 0.134,                                                                                      
                       "Actual Rows": 1,                                                                                                
                       "Actual Loops": 1,                                                                                               
                       "Hash Buckets": 1024,                                                                                            
                       "Original Hash Buckets": 1024,                                                                                   
                       "Hash Batches": 1,                                                                                               
                       "Original Hash Batches": 1,                                                                                      
                       "Peak Memory Usage": 9,                                                                                          
                       "Shared Hit Blocks": 0,                                                                                          
                       "Shared Read Blocks": 1,                                                                                         
                       "Shared Dirtied Blocks": 0,                                                                                      
                       "Shared Written Blocks": 0,                                                                                      
                       "Local Hit Blocks": 0,                                                                                           
                       "Local Read Blocks": 0,                                                                                          
                       "Local Dirtied Blocks": 0,                                                                                       
                       "Local Written Blocks": 0,                                                                                       
                       "Temp Read Blocks": 0,                                                                                           
                       "Temp Written Blocks": 0,                                                                                        
                       "Plans": [                                                                                                       
                         {                                                                                                              
                           "Node Type": "Seq Scan",                                                                                     
                           "Parent Relationship": "Outer",                                                                              
                           "Parallel Aware": false,                                                                                     
                           "Relation Name": "company_type",                                                                             
                           "Alias": "ct",                                                                                               
                           "Startup Cost": 0.00,                                                                                        
                           "Total Cost": 0.03,                                                                                          
                           "Plan Rows": 1,                                                                                              
                           "Plan Width": 4,                                                                                             
                           "Actual Startup Time": 0.121,                                                                                
                           "Actual Total Time": 0.124,                                                                                  
                           "Actual Rows": 1,                                                                                            
                           "Actual Loops": 1,                                                                                           
                           "Filter": "((kind)::text = 'production companies'::text)",                                                   
                           "Rows Removed by Filter": 3,                                                                                 
                           "Shared Hit Blocks": 0,                                                                                      
                           "Shared Read Blocks": 1,                                                                                     
                           "Shared Dirtied Blocks": 0,                                                                                  
                           "Shared Written Blocks": 0,                                                                                  
                           "Local Hit Blocks": 0,                                                                                       
                           "Local Read Blocks": 0,                                                                                      
                           "Local Dirtied Blocks": 0,                                                                                   
                           "Local Written Blocks": 0,                                                                                   
                           "Temp Read Blocks": 0,                                                                                       
                           "Temp Written Blocks": 0                                                                                     
                         }                                                                                                              
                       ]                                                                                                                
                     }                                                                                                                  
                   ]                                                                                                                    
                 }                                                                                                                      
               ]                                                                                                                        
             }                                                                                                                          
           ]                                                                                                                            
         }                                                                                                                              
       ]                                                                                                                                
     },                                                                                                                                 
     "Planning Time": 2310.525,                                                                                                         
     "Triggers": [                                                                                                                      
     ],                                                                                                                                 
     "Execution Time": 3505.430                                                                                                         
   }                                                                                                                                    
 ]
