 [                                                                                                                                                                   
   {                                                                                                                                                                 
     "Plan": {                                                                                                                                                       
       "Node Type": "Aggregate",                                                                                                                                     
       "Strategy": "Plain",                                                                                                                                          
       "Partial Mode": "Simple",                                                                                                                                     
       "Parallel Aware": false,                                                                                                                                      
       "Startup Cost": 21071.62,                                                                                                                                     
       "Total Cost": 21071.62,                                                                                                                                       
       "Plan Rows": 1,                                                                                                                                               
       "Plan Width": 32,                                                                                                                                             
       "Actual Startup Time": 19854.525,                                                                                                                             
       "Actual Total Time": 19854.526,                                                                                                                               
       "Actual Rows": 1,                                                                                                                                             
       "Actual Loops": 1,                                                                                                                                            
       "Shared Hit Blocks": 4,                                                                                                                                       
       "Shared Read Blocks": 406848,                                                                                                                                 
       "Shared Dirtied Blocks": 0,                                                                                                                                   
       "Shared Written Blocks": 0,                                                                                                                                   
       "Local Hit Blocks": 0,                                                                                                                                        
       "Local Read Blocks": 0,                                                                                                                                       
       "Local Dirtied Blocks": 0,                                                                                                                                    
       "Local Written Blocks": 0,                                                                                                                                    
       "Temp Read Blocks": 0,                                                                                                                                        
       "Temp Written Blocks": 0,                                                                                                                                     
       "Plans": [                                                                                                                                                    
         {                                                                                                                                                           
           "Node Type": "Hash Join",                                                                                                                                 
           "Parent Relationship": "Outer",                                                                                                                           
           "Parallel Aware": false,                                                                                                                                  
           "Join Type": "Inner",                                                                                                                                     
           "Startup Cost": 7685.64,                                                                                                                                  
           "Total Cost": 21071.62,                                                                                                                                   
           "Plan Rows": 1,                                                                                                                                           
           "Plan Width": 17,                                                                                                                                         
           "Actual Startup Time": 8733.586,                                                                                                                          
           "Actual Total Time": 19854.491,                                                                                                                           
           "Actual Rows": 17,                                                                                                                                        
           "Actual Loops": 1,                                                                                                                                        
           "Inner Unique": false,                                                                                                                                    
           "Hash Cond": "(ci.movie_id = t.id)",                                                                                                                      
           "Shared Hit Blocks": 4,                                                                                                                                   
           "Shared Read Blocks": 406848,                                                                                                                             
           "Shared Dirtied Blocks": 0,                                                                                                                               
           "Shared Written Blocks": 0,                                                                                                                               
           "Local Hit Blocks": 0,                                                                                                                                    
           "Local Read Blocks": 0,                                                                                                                                   
           "Local Dirtied Blocks": 0,                                                                                                                                
           "Local Written Blocks": 0,                                                                                                                                
           "Temp Read Blocks": 0,                                                                                                                                    
           "Temp Written Blocks": 0,                                                                                                                                 
           "Plans": [                                                                                                                                                
             {                                                                                                                                                       
               "Node Type": "Hash Join",                                                                                                                             
               "Parent Relationship": "Outer",                                                                                                                       
               "Parallel Aware": false,                                                                                                                              
               "Join Type": "Inner",                                                                                                                                 
               "Startup Cost": 4448.08,                                                                                                                              
               "Total Cost": 17834.07,                                                                                                                               
               "Plan Rows": 1,                                                                                                                                       
               "Plan Width": 4,                                                                                                                                      
               "Actual Startup Time": 5558.702,                                                                                                                      
               "Actual Total Time": 16679.597,                                                                                                                       
               "Actual Rows": 16,                                                                                                                                    
               "Actual Loops": 1,                                                                                                                                    
               "Inner Unique": true,                                                                                                                                 
               "Hash Cond": "(ci.person_role_id = chn.id)",                                                                                                          
               "Shared Hit Blocks": 0,                                                                                                                               
               "Shared Read Blocks": 344714,                                                                                                                         
               "Shared Dirtied Blocks": 0,                                                                                                                           
               "Shared Written Blocks": 0,                                                                                                                           
               "Local Hit Blocks": 0,                                                                                                                                
               "Local Read Blocks": 0,                                                                                                                               
               "Local Dirtied Blocks": 0,                                                                                                                            
               "Local Written Blocks": 0,                                                                                                                            
               "Temp Read Blocks": 0,                                                                                                                                
               "Temp Written Blocks": 0,                                                                                                                             
               "Plans": [                                                                                                                                            
                 {                                                                                                                                                   
                   "Node Type": "Hash Join",                                                                                                                         
                   "Parent Relationship": "Outer",                                                                                                                   
                   "Parallel Aware": false,                                                                                                                          
                   "Join Type": "Inner",                                                                                                                             
                   "Startup Cost": 2356.18,                                                                                                                          
                   "Total Cost": 15741.88,                                                                                                                           
                   "Plan Rows": 3479,                                                                                                                                
                   "Plan Width": 8,                                                                                                                                  
                   "Actual Startup Time": 3812.364,                                                                                                                  
                   "Actual Total Time": 14933.224,                                                                                                                   
                   "Actual Rows": 486,                                                                                                                               
                   "Actual Loops": 1,                                                                                                                                
                   "Inner Unique": true,                                                                                                                             
                   "Hash Cond": "(ci.person_id = n.id)",                                                                                                             
                   "Shared Hit Blocks": 0,                                                                                                                           
                   "Shared Read Blocks": 308267,                                                                                                                     
                   "Shared Dirtied Blocks": 0,                                                                                                                       
                   "Shared Written Blocks": 0,                                                                                                                       
                   "Local Hit Blocks": 0,                                                                                                                            
                   "Local Read Blocks": 0,                                                                                                                           
                   "Local Dirtied Blocks": 0,                                                                                                                        
                   "Local Written Blocks": 0,                                                                                                                        
                   "Temp Read Blocks": 0,                                                                                                                            
                   "Temp Written Blocks": 0,                                                                                                                         
                   "Plans": [                                                                                                                                        
                     {                                                                                                                                               
                       "Node Type": "Seq Scan",                                                                                                                      
                       "Parent Relationship": "Outer",                                                                                                               
                       "Parallel Aware": false,                                                                                                                      
                       "Relation Name": "cast_info",                                                                                                                 
                       "Alias": "ci",                                                                                                                                
                       "Startup Cost": 0.00,                                                                                                                         
                       "Total Cost": 10431.00,                                                                                                                       
                       "Plan Rows": 36244344,                                                                                                                        
                       "Plan Width": 12,                                                                                                                             
                       "Actual Startup Time": 47.541,                                                                                                                
                       "Actual Total Time": 6493.819,                                                                                                                
                       "Actual Rows": 36244344,                                                                                                                      
                       "Actual Loops": 1,                                                                                                                            
                       "Shared Hit Blocks": 0,                                                                                                                       
                       "Shared Read Blocks": 252654,                                                                                                                 
                       "Shared Dirtied Blocks": 0,                                                                                                                   
                       "Shared Written Blocks": 0,                                                                                                                   
                       "Local Hit Blocks": 0,                                                                                                                        
                       "Local Read Blocks": 0,                                                                                                                       
                       "Local Dirtied Blocks": 0,                                                                                                                    
                       "Local Written Blocks": 0,                                                                                                                    
                       "Temp Read Blocks": 0,                                                                                                                        
                       "Temp Written Blocks": 0                                                                                                                      
                     },                                                                                                                                              
                     {                                                                                                                                               
                       "Node Type": "Hash",                                                                                                                          
                       "Parent Relationship": "Inner",                                                                                                               
                       "Parallel Aware": false,                                                                                                                      
                       "Startup Cost": 2356.12,                                                                                                                      
                       "Total Cost": 2356.12,                                                                                                                        
                       "Plan Rows": 400,                                                                                                                             
                       "Plan Width": 4,                                                                                                                              
                       "Actual Startup Time": 2793.753,                                                                                                              
                       "Actual Total Time": 2793.753,                                                                                                                
                       "Actual Rows": 2,                                                                                                                             
                       "Actual Loops": 1,                                                                                                                            
                       "Hash Buckets": 1024,                                                                                                                         
                       "Original Hash Buckets": 1024,                                                                                                                
                       "Hash Batches": 1,                                                                                                                            
                       "Original Hash Batches": 1,                                                                                                                   
                       "Peak Memory Usage": 9,                                                                                                                       
                       "Shared Hit Blocks": 0,                                                                                                                       
                       "Shared Read Blocks": 55613,                                                                                                                  
                       "Shared Dirtied Blocks": 0,                                                                                                                   
                       "Shared Written Blocks": 0,                                                                                                                   
                       "Local Hit Blocks": 0,                                                                                                                        
                       "Local Read Blocks": 0,                                                                                                                       
                       "Local Dirtied Blocks": 0,                                                                                                                    
                       "Local Written Blocks": 0,                                                                                                                    
                       "Temp Read Blocks": 0,                                                                                                                        
                       "Temp Written Blocks": 0,                                                                                                                     
                       "Plans": [                                                                                                                                    
                         {                                                                                                                                           
                           "Node Type": "Seq Scan",                                                                                                                  
                           "Parent Relationship": "Outer",                                                                                                           
                           "Parallel Aware": false,                                                                                                                  
                           "Relation Name": "name",                                                                                                                  
                           "Alias": "n",                                                                                                                             
                           "Startup Cost": 0.00,                                                                                                                     
                           "Total Cost": 2356.12,                                                                                                                    
                           "Plan Rows": 400,                                                                                                                         
                           "Plan Width": 4,                                                                                                                          
                           "Actual Startup Time": 315.599,                                                                                                           
                           "Actual Total Time": 2793.744,                                                                                                            
                           "Actual Rows": 2,                                                                                                                         
                           "Actual Loops": 1,                                                                                                                        
                           "Filter": "(name ~~ '%Downey%Robert%'::text)",                                                                                            
                           "Rows Removed by Filter": 4167489,                                                                                                        
                           "Shared Hit Blocks": 0,                                                                                                                   
                           "Shared Read Blocks": 55613,                                                                                                              
                           "Shared Dirtied Blocks": 0,                                                                                                               
                           "Shared Written Blocks": 0,                                                                                                               
                           "Local Hit Blocks": 0,                                                                                                                    
                           "Local Read Blocks": 0,                                                                                                                   
                           "Local Dirtied Blocks": 0,                                                                                                                
                           "Local Written Blocks": 0,                                                                                                                
                           "Temp Read Blocks": 0,                                                                                                                    
                           "Temp Written Blocks": 0                                                                                                                  
                         }                                                                                                                                           
                       ]                                                                                                                                             
                     }                                                                                                                                               
                   ]                                                                                                                                                 
                 },                                                                                                                                                  
                 {                                                                                                                                                   
                   "Node Type": "Hash",                                                                                                                              
                   "Parent Relationship": "Inner",                                                                                                                   
                   "Parallel Aware": false,                                                                                                                          
                   "Startup Cost": 2091.81,                                                                                                                          
                   "Total Cost": 2091.81,                                                                                                                            
                   "Plan Rows": 628,                                                                                                                                 
                   "Plan Width": 4,                                                                                                                                  
                   "Actual Startup Time": 1746.269,                                                                                                                  
                   "Actual Total Time": 1746.269,                                                                                                                    
                   "Actual Rows": 30,                                                                                                                                
                   "Actual Loops": 1,                                                                                                                                
                   "Hash Buckets": 1024,                                                                                                                             
                   "Original Hash Buckets": 1024,                                                                                                                    
                   "Hash Batches": 1,                                                                                                                                
                   "Original Hash Batches": 1,                                                                                                                       
                   "Peak Memory Usage": 10,                                                                                                                          
                   "Shared Hit Blocks": 0,                                                                                                                           
                   "Shared Read Blocks": 36447,                                                                                                                      
                   "Shared Dirtied Blocks": 0,                                                                                                                       
                   "Shared Written Blocks": 0,                                                                                                                       
                   "Local Hit Blocks": 0,                                                                                                                            
                   "Local Read Blocks": 0,                                                                                                                           
                   "Local Dirtied Blocks": 0,                                                                                                                        
                   "Local Written Blocks": 0,                                                                                                                        
                   "Temp Read Blocks": 0,                                                                                                                            
                   "Temp Written Blocks": 0,                                                                                                                         
                   "Plans": [                                                                                                                                        
                     {                                                                                                                                               
                       "Node Type": "Seq Scan",                                                                                                                      
                       "Parent Relationship": "Outer",                                                                                                               
                       "Parallel Aware": false,                                                                                                                      
                       "Relation Name": "char_name",                                                                                                                 
                       "Alias": "chn",                                                                                                                               
                       "Startup Cost": 0.00,                                                                                                                         
                       "Total Cost": 2091.81,                                                                                                                        
                       "Plan Rows": 628,                                                                                                                             
                       "Plan Width": 4,                                                                                                                              
                       "Actual Startup Time": 58.580,                                                                                                                
                       "Actual Total Time": 1746.160,                                                                                                                
                       "Actual Rows": 30,                                                                                                                            
                       "Actual Loops": 1,                                                                                                                            
                       "Filter": "((name !~~ '%Sherlock%'::text) AND ((name ~~ '%Tony%Stark%'::text) OR (name ~~ '%Iron%Man%'::text)))",                             
                       "Rows Removed by Filter": 3140309,                                                                                                            
                       "Shared Hit Blocks": 0,                                                                                                                       
                       "Shared Read Blocks": 36447,                                                                                                                  
                       "Shared Dirtied Blocks": 0,                                                                                                                   
                       "Shared Written Blocks": 0,                                                                                                                   
                       "Local Hit Blocks": 0,                                                                                                                        
                       "Local Read Blocks": 0,                                                                                                                       
                       "Local Dirtied Blocks": 0,                                                                                                                    
                       "Local Written Blocks": 0,                                                                                                                    
                       "Temp Read Blocks": 0,                                                                                                                        
                       "Temp Written Blocks": 0                                                                                                                      
                     }                                                                                                                                               
                   ]                                                                                                                                                 
                 }                                                                                                                                                   
               ]                                                                                                                                                     
             },                                                                                                                                                      
             {                                                                                                                                                       
               "Node Type": "Hash",                                                                                                                                  
               "Parent Relationship": "Inner",                                                                                                                       
               "Parallel Aware": false,                                                                                                                              
               "Startup Cost": 3237.55,                                                                                                                              
               "Total Cost": 3237.55,                                                                                                                                
               "Plan Rows": 1,                                                                                                                                       
               "Plan Width": 29,                                                                                                                                     
               "Actual Startup Time": 3174.855,                                                                                                                      
               "Actual Total Time": 3174.855,                                                                                                                        
               "Actual Rows": 1472,                                                                                                                                  
               "Actual Loops": 1,                                                                                                                                    
               "Hash Buckets": 2048,                                                                                                                                 
               "Original Hash Buckets": 1024,                                                                                                                        
               "Hash Batches": 1,                                                                                                                                    
               "Original Hash Batches": 1,                                                                                                                           
               "Peak Memory Usage": 106,                                                                                                                             
               "Shared Hit Blocks": 1,                                                                                                                               
               "Shared Read Blocks": 62134,                                                                                                                          
               "Shared Dirtied Blocks": 0,                                                                                                                           
               "Shared Written Blocks": 0,                                                                                                                           
               "Local Hit Blocks": 0,                                                                                                                                
               "Local Read Blocks": 0,                                                                                                                               
               "Local Dirtied Blocks": 0,                                                                                                                            
               "Local Written Blocks": 0,                                                                                                                            
               "Temp Read Blocks": 0,                                                                                                                                
               "Temp Written Blocks": 0,                                                                                                                             
               "Plans": [                                                                                                                                            
                 {                                                                                                                                                   
                   "Node Type": "Hash Join",                                                                                                                         
                   "Parent Relationship": "Outer",                                                                                                                   
                   "Parallel Aware": false,                                                                                                                          
                   "Join Type": "Inner",                                                                                                                             
                   "Startup Cost": 1581.15,                                                                                                                          
                   "Total Cost": 3237.55,                                                                                                                            
                   "Plan Rows": 1,                                                                                                                                   
                   "Plan Width": 29,                                                                                                                                 
                   "Actual Startup Time": 2566.972,                                                                                                                  
                   "Actual Total Time": 3173.893,                                                                                                                    
                   "Actual Rows": 1472,                                                                                                                              
                   "Actual Loops": 1,                                                                                                                                
                   "Inner Unique": false,                                                                                                                            
                   "Hash Cond": "(t.id = mk.movie_id)",                                                                                                              
                   "Shared Hit Blocks": 1,                                                                                                                           
                   "Shared Read Blocks": 62134,                                                                                                                      
                   "Shared Dirtied Blocks": 0,                                                                                                                       
                   "Shared Written Blocks": 0,                                                                                                                       
                   "Local Hit Blocks": 0,                                                                                                                            
                   "Local Read Blocks": 0,                                                                                                                           
                   "Local Dirtied Blocks": 0,                                                                                                                        
                   "Local Written Blocks": 0,                                                                                                                        
                   "Temp Read Blocks": 0,                                                                                                                            
                   "Temp Written Blocks": 0,                                                                                                                         
                   "Plans": [                                                                                                                                        
                     {                                                                                                                                               
                       "Node Type": "Hash Join",                                                                                                                     
                       "Parent Relationship": "Outer",                                                                                                               
                       "Parallel Aware": false,                                                                                                                      
                       "Join Type": "Inner",                                                                                                                         
                       "Startup Cost": 0.03,                                                                                                                         
                       "Total Cost": 1633.45,                                                                                                                        
                       "Plan Rows": 197350,                                                                                                                          
                       "Plan Width": 21,                                                                                                                             
                       "Actual Startup Time": 125.540,                                                                                                               
                       "Actual Total Time": 1720.555,                                                                                                                
                       "Actual Rows": 274015,                                                                                                                        
                       "Actual Loops": 1,                                                                                                                            
                       "Inner Unique": true,                                                                                                                         
                       "Hash Cond": "(t.kind_id = kt.id)",                                                                                                           
                       "Shared Hit Blocks": 0,                                                                                                                       
                       "Shared Read Blocks": 35999,                                                                                                                  
                       "Shared Dirtied Blocks": 0,                                                                                                                   
                       "Shared Written Blocks": 0,                                                                                                                   
                       "Local Hit Blocks": 0,                                                                                                                        
                       "Local Read Blocks": 0,                                                                                                                       
                       "Local Dirtied Blocks": 0,                                                                                                                    
                       "Local Written Blocks": 0,                                                                                                                    
                       "Temp Read Blocks": 0,                                                                                                                        
                       "Temp Written Blocks": 0,                                                                                                                     
                       "Plans": [                                                                                                                                    
                         {                                                                                                                                           
                           "Node Type": "Seq Scan",                                                                                                                  
                           "Parent Relationship": "Outer",                                                                                                           
                           "Parallel Aware": false,                                                                                                                  
                           "Relation Name": "title",                                                                                                                 
                           "Alias": "t",                                                                                                                             
                           "Startup Cost": 0.00,                                                                                                                     
                           "Total Cost": 1500.26,                                                                                                                    
                           "Plan Rows": 1381453,                                                                                                                     
                           "Plan Width": 25,                                                                                                                         
                           "Actual Startup Time": 22.073,                                                                                                            
                           "Actual Total Time": 1363.522,                                                                                                            
                           "Actual Rows": 1381453,                                                                                                                   
                           "Actual Loops": 1,                                                                                                                        
                           "Filter": "(production_year > 2000)",                                                                                                     
                           "Rows Removed by Filter": 1146859,                                                                                                        
                           "Shared Hit Blocks": 0,                                                                                                                   
                           "Shared Read Blocks": 35998,                                                                                                              
                           "Shared Dirtied Blocks": 0,                                                                                                               
                           "Shared Written Blocks": 0,                                                                                                               
                           "Local Hit Blocks": 0,                                                                                                                    
                           "Local Read Blocks": 0,                                                                                                                   
                           "Local Dirtied Blocks": 0,                                                                                                                
                           "Local Written Blocks": 0,                                                                                                                
                           "Temp Read Blocks": 0,                                                                                                                    
                           "Temp Written Blocks": 0                                                                                                                  
                         },                                                                                                                                          
                         {                                                                                                                                           
                           "Node Type": "Hash",                                                                                                                      
                           "Parent Relationship": "Inner",                                                                                                           
                           "Parallel Aware": false,                                                                                                                  
                           "Startup Cost": 0.03,                                                                                                                     
                           "Total Cost": 0.03,                                                                                                                       
                           "Plan Rows": 1,                                                                                                                           
                           "Plan Width": 4,                                                                                                                          
                           "Actual Startup Time": 21.256,                                                                                                            
                           "Actual Total Time": 21.256,                                                                                                              
                           "Actual Rows": 1,                                                                                                                         
                           "Actual Loops": 1,                                                                                                                        
                           "Hash Buckets": 1024,                                                                                                                     
                           "Original Hash Buckets": 1024,                                                                                                            
                           "Hash Batches": 1,                                                                                                                        
                           "Original Hash Batches": 1,                                                                                                               
                           "Peak Memory Usage": 9,                                                                                                                   
                           "Shared Hit Blocks": 0,                                                                                                                   
                           "Shared Read Blocks": 1,                                                                                                                  
                           "Shared Dirtied Blocks": 0,                                                                                                               
                           "Shared Written Blocks": 0,                                                                                                               
                           "Local Hit Blocks": 0,                                                                                                                    
                           "Local Read Blocks": 0,                                                                                                                   
                           "Local Dirtied Blocks": 0,                                                                                                                
                           "Local Written Blocks": 0,                                                                                                                
                           "Temp Read Blocks": 0,                                                                                                                    
                           "Temp Written Blocks": 0,                                                                                                                 
                           "Plans": [                                                                                                                                
                             {                                                                                                                                       
                               "Node Type": "Seq Scan",                                                                                                              
                               "Parent Relationship": "Outer",                                                                                                       
                               "Parallel Aware": false,                                                                                                              
                               "Relation Name": "kind_type",                                                                                                         
                               "Alias": "kt",                                                                                                                        
                               "Startup Cost": 0.00,                                                                                                                 
                               "Total Cost": 0.03,                                                                                                                   
                               "Plan Rows": 1,                                                                                                                       
                               "Plan Width": 4,                                                                                                                      
                               "Actual Startup Time": 21.237,                                                                                                        
                               "Actual Total Time": 21.243,                                                                                                          
                               "Actual Rows": 1,                                                                                                                     
                               "Actual Loops": 1,                                                                                                                    
                               "Filter": "((kind)::text = 'movie'::text)",                                                                                           
                               "Rows Removed by Filter": 6,                                                                                                          
                               "Shared Hit Blocks": 0,                                                                                                               
                               "Shared Read Blocks": 1,                                                                                                              
                               "Shared Dirtied Blocks": 0,                                                                                                           
                               "Shared Written Blocks": 0,                                                                                                           
                               "Local Hit Blocks": 0,                                                                                                                
                               "Local Read Blocks": 0,                                                                                                               
                               "Local Dirtied Blocks": 0,                                                                                                            
                               "Local Written Blocks": 0,                                                                                                            
                               "Temp Read Blocks": 0,                                                                                                                
                               "Temp Written Blocks": 0                                                                                                              
                             }                                                                                                                                       
                           ]                                                                                                                                         
                         }                                                                                                                                           
                       ]                                                                                                                                             
                     },                                                                                                                                              
                     {                                                                                                                                               
                       "Node Type": "Hash",                                                                                                                          
                       "Parent Relationship": "Inner",                                                                                                               
                       "Parallel Aware": false,                                                                                                                      
                       "Startup Cost": 1581.12,                                                                                                                      
                       "Total Cost": 1581.12,                                                                                                                        
                       "Plan Rows": 5,                                                                                                                               
                       "Plan Width": 8,                                                                                                                              
                       "Actual Startup Time": 1392.726,                                                                                                              
                       "Actual Total Time": 1392.726,                                                                                                                
                       "Actual Rows": 8765,                                                                                                                          
                       "Actual Loops": 1,                                                                                                                            
                       "Hash Buckets": 16384,                                                                                                                        
                       "Original Hash Buckets": 1024,                                                                                                                
                       "Hash Batches": 1,                                                                                                                            
                       "Original Hash Batches": 1,                                                                                                                   
                       "Peak Memory Usage": 471,                                                                                                                     
                       "Shared Hit Blocks": 1,                                                                                                                       
                       "Shared Read Blocks": 26135,                                                                                                                  
                       "Shared Dirtied Blocks": 0,                                                                                                                   
                       "Shared Written Blocks": 0,                                                                                                                   
                       "Local Hit Blocks": 0,                                                                                                                        
                       "Local Read Blocks": 0,                                                                                                                       
                       "Local Dirtied Blocks": 0,                                                                                                                    
                       "Local Written Blocks": 0,                                                                                                                    
                       "Temp Read Blocks": 0,                                                                                                                        
                       "Temp Written Blocks": 0,                                                                                                                     
                       "Plans": [                                                                                                                                    
                         {                                                                                                                                           
                           "Node Type": "Hash Join",                                                                                                                 
                           "Parent Relationship": "Outer",                                                                                                           
                           "Parallel Aware": false,                                                                                                                  
                           "Join Type": "Inner",                                                                                                                     
                           "Startup Cost": 132.45,                                                                                                                   
                           "Total Cost": 1581.12,                                                                                                                    
                           "Plan Rows": 5,                                                                                                                           
                           "Plan Width": 8,                                                                                                                          
                           "Actual Startup Time": 244.392,                                                                                                           
                           "Actual Total Time": 1390.047,                                                                                                            
                           "Actual Rows": 8765,                                                                                                                      
                           "Actual Loops": 1,                                                                                                                        
                           "Inner Unique": false,                                                                                                                    
                           "Hash Cond": "(mk.movie_id = cc.movie_id)",                                                                                               
                           "Shared Hit Blocks": 1,                                                                                                                   
                           "Shared Read Blocks": 26135,                                                                                                              
                           "Shared Dirtied Blocks": 0,                                                                                                               
                           "Shared Written Blocks": 0,                                                                                                               
                           "Local Hit Blocks": 0,                                                                                                                    
                           "Local Read Blocks": 0,                                                                                                                   
                           "Local Dirtied Blocks": 0,                                                                                                                
                           "Local Written Blocks": 0,                                                                                                                
                           "Temp Read Blocks": 0,                                                                                                                    
                           "Temp Written Blocks": 0,                                                                                                                 
                           "Plans": [                                                                                                                                
                             {                                                                                                                                       
                               "Node Type": "Hash Join",                                                                                                             
                               "Parent Relationship": "Outer",                                                                                                       
                               "Parallel Aware": false,                                                                                                              
                               "Join Type": "Inner",                                                                                                                 
                               "Startup Cost": 80.71,                                                                                                                
                               "Total Cost": 1529.36,                                                                                                                
                               "Plan Rows": 270,                                                                                                                     
                               "Plan Width": 4,                                                                                                                      
                               "Actual Startup Time": 118.782,                                                                                                       
                               "Actual Total Time": 1253.771,                                                                                                        
                               "Actual Rows": 35548,                                                                                                                 
                               "Actual Loops": 1,                                                                                                                    
                               "Inner Unique": true,                                                                                                                 
                               "Hash Cond": "(mk.keyword_id = k.id)",                                                                                                
                               "Shared Hit Blocks": 0,                                                                                                               
                               "Shared Read Blocks": 25403,                                                                                                          
                               "Shared Dirtied Blocks": 0,                                                                                                           
                               "Shared Written Blocks": 0,                                                                                                           
                               "Local Hit Blocks": 0,                                                                                                                
                               "Local Read Blocks": 0,                                                                                                               
                               "Local Dirtied Blocks": 0,                                                                                                            
                               "Local Written Blocks": 0,                                                                                                            
                               "Temp Read Blocks": 0,                                                                                                                
                               "Temp Written Blocks": 0,                                                                                                             
                               "Plans": [                                                                                                                            
                                 {                                                                                                                                   
                                   "Node Type": "Seq Scan",                                                                                                          
                                   "Parent Relationship": "Outer",                                                                                                   
                                   "Parallel Aware": false,                                                                                                          
                                   "Relation Name": "movie_keyword",                                                                                                 
                                   "Alias": "mk",                                                                                                                    
                                   "Startup Cost": 0.00,                                                                                                             
                                   "Total Cost": 1079.84,                                                                                                            
                                   "Plan Rows": 4523930,                                                                                                             
                                   "Plan Width": 8,                                                                                                                  
                                   "Actual Startup Time": 26.719,                                                                                                    
                                   "Actual Total Time": 550.123,                                                                                                     
                                   "Actual Rows": 4523930,                                                                                                           
                                   "Actual Loops": 1,                                                                                                                
                                   "Shared Hit Blocks": 0,                                                                                                           
                                   "Shared Read Blocks": 24454,                                                                                                      
                                   "Shared Dirtied Blocks": 0,                                                                                                       
                                   "Shared Written Blocks": 0,                                                                                                       
                                   "Local Hit Blocks": 0,                                                                                                            
                                   "Local Read Blocks": 0,                                                                                                           
                                   "Local Dirtied Blocks": 0,                                                                                                        
                                   "Local Written Blocks": 0,                                                                                                        
                                   "Temp Read Blocks": 0,                                                                                                            
                                   "Temp Written Blocks": 0                                                                                                          
                                 },                                                                                                                                  
                                 {                                                                                                                                   
                                   "Node Type": "Hash",                                                                                                              
                                   "Parent Relationship": "Inner",                                                                                                   
                                   "Parallel Aware": false,                                                                                                          
                                   "Startup Cost": 80.71,                                                                                                            
                                   "Total Cost": 80.71,                                                                                                              
                                   "Plan Rows": 8,                                                                                                                   
                                   "Plan Width": 4,                                                                                                                  
                                   "Actual Startup Time": 91.822,                                                                                                    
                                   "Actual Total Time": 91.822,                                                                                                      
                                   "Actual Rows": 8,                                                                                                                 
                                   "Actual Loops": 1,                                                                                                                
                                   "Hash Buckets": 1024,                                                                                                             
                                   "Original Hash Buckets": 1024,                                                                                                    
                                   "Hash Batches": 1,                                                                                                                
                                   "Original Hash Batches": 1,                                                                                                       
                                   "Peak Memory Usage": 9,                                                                                                           
                                   "Shared Hit Blocks": 0,                                                                                                           
                                   "Shared Read Blocks": 949,                                                                                                        
                                   "Shared Dirtied Blocks": 0,                                                                                                       
                                   "Shared Written Blocks": 0,                                                                                                       
                                   "Local Hit Blocks": 0,                                                                                                            
                                   "Local Read Blocks": 0,                                                                                                           
                                   "Local Dirtied Blocks": 0,                                                                                                        
                                   "Local Written Blocks": 0,                                                                                                        
                                   "Temp Read Blocks": 0,                                                                                                            
                                   "Temp Written Blocks": 0,                                                                                                         
                                   "Plans": [                                                                                                                        
                                     {                                                                                                                               
                                       "Node Type": "Seq Scan",                                                                                                      
                                       "Parent Relationship": "Outer",                                                                                               
                                       "Parallel Aware": false,                                                                                                      
                                       "Relation Name": "keyword",                                                                                                   
                                       "Alias": "k",                                                                                                                 
                                       "Startup Cost": 0.00,                                                                                                         
                                       "Total Cost": 80.71,                                                                                                          
                                       "Plan Rows": 8,                                                                                                               
                                       "Plan Width": 4,                                                                                                              
                                       "Actual Startup Time": 0.611,                                                                                                 
                                       "Actual Total Time": 91.802,                                                                                                  
                                       "Actual Rows": 8,                                                                                                             
                                       "Actual Loops": 1,                                                                                                            
                                       "Filter": "(keyword = ANY ('{superhero,sequel,second-part,marvel-comics,based-on-comic,tv-special,fight,violence}'::text[]))",
                                       "Rows Removed by Filter": 134162,                                                                                             
                                       "Shared Hit Blocks": 0,                                                                                                       
                                       "Shared Read Blocks": 949,                                                                                                    
                                       "Shared Dirtied Blocks": 0,                                                                                                   
                                       "Shared Written Blocks": 0,                                                                                                   
                                       "Local Hit Blocks": 0,                                                                                                        
                                       "Local Read Blocks": 0,                                                                                                       
                                       "Local Dirtied Blocks": 0,                                                                                                    
                                       "Local Written Blocks": 0,                                                                                                    
                                       "Temp Read Blocks": 0,                                                                                                        
                                       "Temp Written Blocks": 0                                                                                                      
                                     }                                                                                                                               
                                   ]                                                                                                                                 
                                 }                                                                                                                                   
                               ]                                                                                                                                     
                             },                                                                                                                                      
                             {                                                                                                                                       
                               "Node Type": "Hash",                                                                                                                  
                               "Parent Relationship": "Inner",                                                                                                       
                               "Parallel Aware": false,                                                                                                              
                               "Startup Cost": 50.49,                                                                                                                
                               "Total Cost": 50.49,                                                                                                                  
                               "Plan Rows": 8443,                                                                                                                    
                               "Plan Width": 4,                                                                                                                      
                               "Actual Startup Time": 123.997,                                                                                                       
                               "Actual Total Time": 123.997,                                                                                                         
                               "Actual Rows": 85941,                                                                                                                 
                               "Actual Loops": 1,                                                                                                                    
                               "Hash Buckets": 131072,                                                                                                               
                               "Original Hash Buckets": 16384,                                                                                                       
                               "Hash Batches": 1,                                                                                                                    
                               "Original Hash Batches": 1,                                                                                                           
                               "Peak Memory Usage": 4046,                                                                                                            
                               "Shared Hit Blocks": 1,                                                                                                               
                               "Shared Read Blocks": 732,                                                                                                            
                               "Shared Dirtied Blocks": 0,                                                                                                           
                               "Shared Written Blocks": 0,                                                                                                           
                               "Local Hit Blocks": 0,                                                                                                                
                               "Local Read Blocks": 0,                                                                                                               
                               "Local Dirtied Blocks": 0,                                                                                                            
                               "Local Written Blocks": 0,                                                                                                            
                               "Temp Read Blocks": 0,                                                                                                                
                               "Temp Written Blocks": 0,                                                                                                             
                               "Plans": [                                                                                                                            
                                 {                                                                                                                                   
                                   "Node Type": "Hash Join",                                                                                                         
                                   "Parent Relationship": "Outer",                                                                                                   
                                   "Parallel Aware": false,                                                                                                          
                                   "Join Type": "Inner",                                                                                                             
                                   "Startup Cost": 0.06,                                                                                                             
                                   "Total Cost": 50.49,                                                                                                              
                                   "Plan Rows": 8443,                                                                                                                
                                   "Plan Width": 4,                                                                                                                  
                                   "Actual Startup Time": 19.407,                                                                                                    
                                   "Actual Total Time": 102.529,                                                                                                     
                                   "Actual Rows": 85941,                                                                                                             
                                   "Actual Loops": 1,                                                                                                                
                                   "Inner Unique": true,                                                                                                             
                                   "Hash Cond": "(cc.status_id = cct.id)",                                                                                          
                                   "Shared Hit Blocks": 1,                                                                                                           
                                   "Shared Read Blocks": 732,                                                                                                        
                                   "Shared Dirtied Blocks": 0,                                                                                                       
                                   "Shared Written Blocks": 0,                                                                                                       
                                   "Local Hit Blocks": 0,                                                                                                            
                                   "Local Read Blocks": 0,                                                                                                           
                                   "Local Dirtied Blocks": 0,                                                                                                        
                                   "Local Written Blocks": 0,                                                                                                        
                                   "Temp Read Blocks": 0,                                                                                                            
                                   "Temp Written Blocks": 0,                                                                                                         
                                   "Plans": [                                                                                                                        
                                     {                                                                                                                               
                                       "Node Type": "Hash Join",                                                                                                     
                                       "Parent Relationship": "Outer",                                                                                               
                                       "Parallel Aware": false,                                                                                                      
                                       "Join Type": "Inner",                                                                                                         
                                       "Startup Cost": 0.03,                                                                                                         
                                       "Total Cost": 46.83,                                                                                                          
                                       "Plan Rows": 33772,                                                                                                           
                                       "Plan Width": 8,                                                                                                              
                                       "Actual Startup Time": 19.260,                                                                                                
                                       "Actual Total Time": 74.491,                                                                                                  
                                       "Actual Rows": 85941,                                                                                                         
                                       "Actual Loops": 1,                                                                                                            
                                       "Inner Unique": true,                                                                                                         
                                       "Hash Cond": "(cc.subject_id = cct.id)",                                                                                     
                                       "Shared Hit Blocks": 1,                                                                                                       
                                       "Shared Read Blocks": 731,                                                                                                    
                                       "Shared Dirtied Blocks": 0,                                                                                                   
                                       "Shared Written Blocks": 0,                                                                                                   
                                       "Local Hit Blocks": 0,                                                                                                        
                                       "Local Read Blocks": 0,                                                                                                       
                                       "Local Dirtied Blocks": 0,                                                                                                    
                                       "Local Written Blocks": 0,                                                                                                    
                                       "Temp Read Blocks": 0,                                                                                                        
                                       "Temp Written Blocks": 0,                                                                                                     
                                       "Plans": [                                                                                                                    
                                         {                                                                                                                           
                                           "Node Type": "Seq Scan",                                                                                                  
                                           "Parent Relationship": "Outer",                                                                                           
                                           "Parallel Aware": false,                                                                                                  
                                           "Relation Name": "complete_cast",                                                                                         
                                           "Alias": "cc",                                                                                                            
                                           "Startup Cost": 0.00,                                                                                                     
                                           "Total Cost": 32.27,                                                                                                      
                                           "Plan Rows": 135086,                                                                                                      
                                           "Plan Width": 12,                                                                                                         
                                           "Actual Startup Time": 19.195,                                                                                            
                                           "Actual Total Time": 36.418,                                                                                              
                                           "Actual Rows": 135086,                                                                                                    
                                           "Actual Loops": 1,                                                                                                        
                                           "Shared Hit Blocks": 0,                                                                                                   
                                           "Shared Read Blocks": 731,                                                                                                
                                           "Shared Dirtied Blocks": 0,                                                                                               
                                           "Shared Written Blocks": 0,                                                                                               
                                           "Local Hit Blocks": 0,                                                                                                    
                                           "Local Read Blocks": 0,                                                                                                   
                                           "Local Dirtied Blocks": 0,                                                                                                
                                           "Local Written Blocks": 0,                                                                                                
                                           "Temp Read Blocks": 0,                                                                                                    
                                           "Temp Written Blocks": 0                                                                                                  
                                         },                                                                                                                          
                                         {                                                                                                                           
                                           "Node Type": "Hash",                                                                                                      
                                           "Parent Relationship": "Inner",                                                                                           
                                           "Parallel Aware": false,                                                                                                  
                                           "Startup Cost": 0.03,                                                                                                     
                                           "Total Cost": 0.03,                                                                                                       
                                           "Plan Rows": 1,                                                                                                           
                                           "Plan Width": 4,                                                                                                          
                                           "Actual Startup Time": 0.027,                                                                                             
                                           "Actual Total Time": 0.027,                                                                                               
                                           "Actual Rows": 1,                                                                                                         
                                           "Actual Loops": 1,                                                                                                        
                                           "Hash Buckets": 1024,                                                                                                     
                                           "Original Hash Buckets": 1024,                                                                                            
                                           "Hash Batches": 1,                                                                                                        
                                           "Original Hash Batches": 1,                                                                                               
                                           "Peak Memory Usage": 9,                                                                                                   
                                           "Shared Hit Blocks": 1,                                                                                                   
                                           "Shared Read Blocks": 0,                                                                                                  
                                           "Shared Dirtied Blocks": 0,                                                                                               
                                           "Shared Written Blocks": 0,                                                                                               
                                           "Local Hit Blocks": 0,                                                                                                    
                                           "Local Read Blocks": 0,                                                                                                   
                                           "Local Dirtied Blocks": 0,                                                                                                
                                           "Local Written Blocks": 0,                                                                                                
                                           "Temp Read Blocks": 0,                                                                                                    
                                           "Temp Written Blocks": 0,                                                                                                 
                                           "Plans": [                                                                                                                
                                             {                                                                                                                       
                                               "Node Type": "Seq Scan",                                                                                              
                                               "Parent Relationship": "Outer",                                                                                       
                                               "Parallel Aware": false,                                                                                              
                                               "Relation Name": "comp_cast_type",                                                                                    
                                               "Alias": "cct",                                                                                                      
                                               "Startup Cost": 0.00,                                                                                                 
                                               "Total Cost": 0.03,                                                                                                   
                                               "Plan Rows": 1,                                                                                                       
                                               "Plan Width": 4,                                                                                                      
                                               "Actual Startup Time": 0.015,                                                                                         
                                               "Actual Total Time": 0.019,                                                                                           
                                               "Actual Rows": 1,                                                                                                     
                                               "Actual Loops": 1,                                                                                                    
                                               "Filter": "((kind)::text = 'cast'::text)",                                                                            
                                               "Rows Removed by Filter": 3,                                                                                          
                                               "Shared Hit Blocks": 1,                                                                                               
                                               "Shared Read Blocks": 0,                                                                                              
                                               "Shared Dirtied Blocks": 0,                                                                                           
                                               "Shared Written Blocks": 0,                                                                                           
                                               "Local Hit Blocks": 0,                                                                                                
                                               "Local Read Blocks": 0,                                                                                               
                                               "Local Dirtied Blocks": 0,                                                                                            
                                               "Local Written Blocks": 0,                                                                                            
                                               "Temp Read Blocks": 0,                                                                                                
                                               "Temp Written Blocks": 0                                                                                              
                                             }                                                                                                                       
                                           ]                                                                                                                         
                                         }                                                                                                                           
                                       ]                                                                                                                             
                                     },                                                                                                                              
                                     {                                                                                                                               
                                       "Node Type": "Hash",                                                                                                          
                                       "Parent Relationship": "Inner",                                                                                               
                                       "Parallel Aware": false,                                                                                                      
                                       "Startup Cost": 0.03,                                                                                                         
                                       "Total Cost": 0.03,                                                                                                           
                                       "Plan Rows": 1,                                                                                                               
                                       "Plan Width": 4,                                                                                                              
                                       "Actual Startup Time": 0.117,                                                                                                 
                                       "Actual Total Time": 0.117,                                                                                                   
                                       "Actual Rows": 2,                                                                                                             
                                       "Actual Loops": 1,                                                                                                            
                                       "Hash Buckets": 1024,                                                                                                         
                                       "Original Hash Buckets": 1024,                                                                                                
                                       "Hash Batches": 1,                                                                                                            
                                       "Original Hash Batches": 1,                                                                                                   
                                       "Peak Memory Usage": 9,                                                                                                       
                                       "Shared Hit Blocks": 0,                                                                                                       
                                       "Shared Read Blocks": 1,                                                                                                      
                                       "Shared Dirtied Blocks": 0,                                                                                                   
                                       "Shared Written Blocks": 0,                                                                                                   
                                       "Local Hit Blocks": 0,                                                                                                        
                                       "Local Read Blocks": 0,                                                                                                       
                                       "Local Dirtied Blocks": 0,                                                                                                    
                                       "Local Written Blocks": 0,                                                                                                    
                                       "Temp Read Blocks": 0,                                                                                                        
                                       "Temp Written Blocks": 0,                                                                                                     
                                       "Plans": [                                                                                                                    
                                         {                                                                                                                           
                                           "Node Type": "Seq Scan",                                                                                                  
                                           "Parent Relationship": "Outer",                                                                                           
                                           "Parallel Aware": false,                                                                                                  
                                           "Relation Name": "comp_cast_type",                                                                                        
                                           "Alias": "cct",                                                                                                          
                                           "Startup Cost": 0.00,                                                                                                     
                                           "Total Cost": 0.03,                                                                                                       
                                           "Plan Rows": 1,                                                                                                           
                                           "Plan Width": 4,                                                                                                          
                                           "Actual Startup Time": 0.105,                                                                                             
                                           "Actual Total Time": 0.107,                                                                                               
                                           "Actual Rows": 2,                                                                                                         
                                           "Actual Loops": 1,                                                                                                        
                                           "Filter": "((kind)::text ~~ '%complete%'::text)",                                                                         
                                           "Rows Removed by Filter": 2,                                                                                              
                                           "Shared Hit Blocks": 0,                                                                                                   
                                           "Shared Read Blocks": 1,                                                                                                  
                                           "Shared Dirtied Blocks": 0,                                                                                               
                                           "Shared Written Blocks": 0,                                                                                               
                                           "Local Hit Blocks": 0,                                                                                                    
                                           "Local Read Blocks": 0,                                                                                                   
                                           "Local Dirtied Blocks": 0,                                                                                                
                                           "Local Written Blocks": 0,                                                                                                
                                           "Temp Read Blocks": 0,                                                                                                    
                                           "Temp Written Blocks": 0                                                                                                  
                                         }                                                                                                                           
                                       ]                                                                                                                             
                                     }                                                                                                                               
                                   ]                                                                                                                                 
                                 }                                                                                                                                   
                               ]                                                                                                                                     
                             }                                                                                                                                       
                           ]                                                                                                                                         
                         }                                                                                                                                           
                       ]                                                                                                                                             
                     }                                                                                                                                               
                   ]                                                                                                                                                 
                 }                                                                                                                                                   
               ]                                                                                                                                                     
             }                                                                                                                                                       
           ]                                                                                                                                                         
         }                                                                                                                                                           
       ]                                                                                                                                                             
     },                                                                                                                                                              
     "Planning Time": 5344.121,                                                                                                                                      
     "Triggers": [                                                                                                                                                   
     ],                                                                                                                                                              
     "Execution Time": 19854.999                                                                                                                                     
   }                                                                                                                                                                 
 ]
