 [                                                                                                                                                                          
   {                                                                                                                                                                        
     "Plan": {                                                                                                                                                              
       "Node Type": "Aggregate",                                                                                                                                            
       "Strategy": "Plain",                                                                                                                                                 
       "Partial Mode": "Simple",                                                                                                                                            
       "Parallel Aware": false,                                                                                                                                             
       "Startup Cost": 21274.78,                                                                                                                                            
       "Total Cost": 21274.78,                                                                                                                                              
       "Plan Rows": 1,                                                                                                                                                      
       "Plan Width": 64,                                                                                                                                                    
       "Actual Startup Time": 19849.241,                                                                                                                                    
       "Actual Total Time": 19849.242,                                                                                                                                      
       "Actual Rows": 1,                                                                                                                                                    
       "Actual Loops": 1,                                                                                                                                                   
       "Shared Hit Blocks": 4,                                                                                                                                              
       "Shared Read Blocks": 406848,                                                                                                                                        
       "Shared Dirtied Blocks": 0,                                                                                                                                          
       "Shared Written Blocks": 0,                                                                                                                                          
       "Local Hit Blocks": 0,                                                                                                                                               
       "Local Read Blocks": 0,                                                                                                                                              
       "Local Dirtied Blocks": 0,                                                                                                                                           
       "Local Written Blocks": 0,                                                                                                                                           
       "Temp Read Blocks": 0,                                                                                                                                               
       "Temp Written Blocks": 0,                                                                                                                                            
       "Plans": [                                                                                                                                                           
         {                                                                                                                                                                  
           "Node Type": "Hash Join",                                                                                                                                        
           "Parent Relationship": "Outer",                                                                                                                                  
           "Parallel Aware": false,                                                                                                                                         
           "Join Type": "Inner",                                                                                                                                            
           "Startup Cost": 7767.58,                                                                                                                                         
           "Total Cost": 21274.78,                                                                                                                                          
           "Plan Rows": 1,                                                                                                                                                  
           "Plan Width": 32,                                                                                                                                                
           "Actual Startup Time": 7708.640,                                                                                                                                 
           "Actual Total Time": 19834.129,                                                                                                                                  
           "Actual Rows": 5406,                                                                                                                                             
           "Actual Loops": 1,                                                                                                                                               
           "Inner Unique": true,                                                                                                                                            
           "Hash Cond": "(ci.person_id = n.id)",                                                                                                                            
           "Shared Hit Blocks": 4,                                                                                                                                          
           "Shared Read Blocks": 406848,                                                                                                                                    
           "Shared Dirtied Blocks": 0,                                                                                                                                      
           "Shared Written Blocks": 0,                                                                                                                                      
           "Local Hit Blocks": 0,                                                                                                                                           
           "Local Read Blocks": 0,                                                                                                                                          
           "Local Dirtied Blocks": 0,                                                                                                                                       
           "Local Written Blocks": 0,                                                                                                                                       
           "Temp Read Blocks": 0,                                                                                                                                           
           "Temp Written Blocks": 0,                                                                                                                                        
           "Plans": [                                                                                                                                                       
             {                                                                                                                                                              
               "Node Type": "Hash Join",                                                                                                                                    
               "Parent Relationship": "Outer",                                                                                                                              
               "Parallel Aware": false,                                                                                                                                     
               "Join Type": "Inner",                                                                                                                                        
               "Startup Cost": 5123.31,                                                                                                                                     
               "Total Cost": 18630.50,                                                                                                                                      
               "Plan Rows": 1,                                                                                                                                              
               "Plan Width": 21,                                                                                                                                            
               "Actual Startup Time": 4912.227,                                                                                                                             
               "Actual Total Time": 17033.590,                                                                                                                              
               "Actual Rows": 5406,                                                                                                                                         
               "Actual Loops": 1,                                                                                                                                           
               "Inner Unique": false,                                                                                                                                       
               "Hash Cond": "(ci.movie_id = t.id)",                                                                                                                         
               "Shared Hit Blocks": 1,                                                                                                                                      
               "Shared Read Blocks": 351235,                                                                                                                                
               "Shared Dirtied Blocks": 0,                                                                                                                                  
               "Shared Written Blocks": 0,                                                                                                                                  
               "Local Hit Blocks": 0,                                                                                                                                       
               "Local Read Blocks": 0,                                                                                                                                      
               "Local Dirtied Blocks": 0,                                                                                                                                   
               "Local Written Blocks": 0,                                                                                                                                   
               "Temp Read Blocks": 0,                                                                                                                                       
               "Temp Written Blocks": 0,                                                                                                                                    
               "Plans": [                                                                                                                                                   
                 {                                                                                                                                                          
                   "Node Type": "Hash Join",                                                                                                                                
                   "Parent Relationship": "Outer",                                                                                                                          
                   "Parallel Aware": false,                                                                                                                                 
                   "Join Type": "Inner",                                                                                                                                    
                   "Startup Cost": 1875.33,                                                                                                                                 
                   "Total Cost": 15261.03,                                                                                                                                  
                   "Plan Rows": 1043217,                                                                                                                                    
                   "Plan Width": 8,                                                                                                                                         
                   "Actual Startup Time": 1724.144,                                                                                                                         
                   "Actual Total Time": 13761.679,                                                                                                                          
                   "Actual Rows": 623586,                                                                                                                                   
                   "Actual Loops": 1,                                                                                                                                       
                   "Inner Unique": true,                                                                                                                                    
                   "Hash Cond": "(ci.person_role_id = chn.id)",                                                                                                             
                   "Shared Hit Blocks": 0,                                                                                                                                  
                   "Shared Read Blocks": 289101,                                                                                                                            
                   "Shared Dirtied Blocks": 0,                                                                                                                              
                   "Shared Written Blocks": 0,                                                                                                                              
                   "Local Hit Blocks": 0,                                                                                                                                   
                   "Local Read Blocks": 0,                                                                                                                                  
                   "Local Dirtied Blocks": 0,                                                                                                                               
                   "Local Written Blocks": 0,                                                                                                                               
                   "Temp Read Blocks": 0,                                                                                                                                   
                   "Temp Written Blocks": 0,                                                                                                                                
                   "Plans": [                                                                                                                                               
                     {                                                                                                                                                      
                       "Node Type": "Seq Scan",                                                                                                                             
                       "Parent Relationship": "Outer",                                                                                                                      
                       "Parallel Aware": false,                                                                                                                             
                       "Relation Name": "cast_info",                                                                                                                        
                       "Alias": "ci",                                                                                                                                       
                       "Startup Cost": 0.00,                                                                                                                                
                       "Total Cost": 10431.00,                                                                                                                              
                       "Plan Rows": 36244344,                                                                                                                               
                       "Plan Width": 12,                                                                                                                                    
                       "Actual Startup Time": 5.340,                                                                                                                        
                       "Actual Total Time": 6497.487,                                                                                                                       
                       "Actual Rows": 36244344,                                                                                                                             
                       "Actual Loops": 1,                                                                                                                                   
                       "Shared Hit Blocks": 0,                                                                                                                              
                       "Shared Read Blocks": 252654,                                                                                                                        
                       "Shared Dirtied Blocks": 0,                                                                                                                          
                       "Shared Written Blocks": 0,                                                                                                                          
                       "Local Hit Blocks": 0,                                                                                                                               
                       "Local Read Blocks": 0,                                                                                                                              
                       "Local Dirtied Blocks": 0,                                                                                                                           
                       "Local Written Blocks": 0,                                                                                                                           
                       "Temp Read Blocks": 0,                                                                                                                               
                       "Temp Written Blocks": 0                                                                                                                             
                     },                                                                                                                                                     
                     {                                                                                                                                                      
                       "Node Type": "Hash",                                                                                                                                 
                       "Parent Relationship": "Inner",                                                                                                                      
                       "Parallel Aware": false,                                                                                                                             
                       "Startup Cost": 1847.99,                                                                                                                             
                       "Total Cost": 1847.99,                                                                                                                               
                       "Plan Rows": 186251,                                                                                                                                 
                       "Plan Width": 4,                                                                                                                                     
                       "Actual Startup Time": 1717.254,                                                                                                                     
                       "Actual Total Time": 1717.254,                                                                                                                       
                       "Actual Rows": 180152,                                                                                                                               
                       "Actual Loops": 1,                                                                                                                                   
                       "Hash Buckets": 262144,                                                                                                                              
                       "Original Hash Buckets": 262144,                                                                                                                     
                       "Hash Batches": 1,                                                                                                                                   
                       "Original Hash Batches": 1,                                                                                                                          
                       "Peak Memory Usage": 8382,                                                                                                                           
                       "Shared Hit Blocks": 0,                                                                                                                              
                       "Shared Read Blocks": 36447,                                                                                                                         
                       "Shared Dirtied Blocks": 0,                                                                                                                          
                       "Shared Written Blocks": 0,                                                                                                                          
                       "Local Hit Blocks": 0,                                                                                                                               
                       "Local Read Blocks": 0,                                                                                                                              
                       "Local Dirtied Blocks": 0,                                                                                                                           
                       "Local Written Blocks": 0,                                                                                                                           
                       "Temp Read Blocks": 0,                                                                                                                               
                       "Temp Written Blocks": 0,                                                                                                                            
                       "Plans": [                                                                                                                                           
                         {                                                                                                                                                  
                           "Node Type": "Seq Scan",                                                                                                                         
                           "Parent Relationship": "Outer",                                                                                                                  
                           "Parallel Aware": false,                                                                                                                         
                           "Relation Name": "char_name",                                                                                                                    
                           "Alias": "chn",                                                                                                                                  
                           "Startup Cost": 0.00,                                                                                                                            
                           "Total Cost": 1847.99,                                                                                                                           
                           "Plan Rows": 186251,                                                                                                                             
                           "Plan Width": 4,                                                                                                                                 
                           "Actual Startup Time": 5.063,                                                                                                                    
                           "Actual Total Time": 1641.702,                                                                                                                   
                           "Actual Rows": 180152,                                                                                                                           
                           "Actual Loops": 1,                                                                                                                               
                           "Filter": "((name IS NOT NULL) AND ((name ~~ '%man%'::text) OR (name ~~ '%Man%'::text)))",                                                       
                           "Rows Removed by Filter": 2960187,                                                                                                               
                           "Shared Hit Blocks": 0,                                                                                                                          
                           "Shared Read Blocks": 36447,                                                                                                                     
                           "Shared Dirtied Blocks": 0,                                                                                                                      
                           "Shared Written Blocks": 0,                                                                                                                      
                           "Local Hit Blocks": 0,                                                                                                                           
                           "Local Read Blocks": 0,                                                                                                                          
                           "Local Dirtied Blocks": 0,                                                                                                                       
                           "Local Written Blocks": 0,                                                                                                                       
                           "Temp Read Blocks": 0,                                                                                                                           
                           "Temp Written Blocks": 0                                                                                                                         
                         }                                                                                                                                                  
                       ]                                                                                                                                                    
                     }                                                                                                                                                      
                   ]                                                                                                                                                        
                 },                                                                                                                                                         
                 {                                                                                                                                                          
                   "Node Type": "Hash",                                                                                                                                     
                   "Parent Relationship": "Inner",                                                                                                                          
                   "Parallel Aware": false,                                                                                                                                 
                   "Startup Cost": 3247.98,                                                                                                                                 
                   "Total Cost": 3247.98,                                                                                                                                   
                   "Plan Rows": 1,                                                                                                                                          
                   "Plan Width": 29,                                                                                                                                        
                   "Actual Startup Time": 3175.148,                                                                                                                         
                   "Actual Total Time": 3175.148,                                                                                                                           
                   "Actual Rows": 1267,                                                                                                                                     
                   "Actual Loops": 1,                                                                                                                                       
                   "Hash Buckets": 2048,                                                                                                                                    
                   "Original Hash Buckets": 1024,                                                                                                                           
                   "Hash Batches": 1,                                                                                                                                       
                   "Original Hash Batches": 1,                                                                                                                              
                   "Peak Memory Usage": 92,                                                                                                                                 
                   "Shared Hit Blocks": 1,                                                                                                                                  
                   "Shared Read Blocks": 62134,                                                                                                                             
                   "Shared Dirtied Blocks": 0,                                                                                                                              
                   "Shared Written Blocks": 0,                                                                                                                              
                   "Local Hit Blocks": 0,                                                                                                                                   
                   "Local Read Blocks": 0,                                                                                                                                  
                   "Local Dirtied Blocks": 0,                                                                                                                               
                   "Local Written Blocks": 0,                                                                                                                               
                   "Temp Read Blocks": 0,                                                                                                                                   
                   "Temp Written Blocks": 0,                                                                                                                                
                   "Plans": [                                                                                                                                               
                     {                                                                                                                                                      
                       "Node Type": "Hash Join",                                                                                                                            
                       "Parent Relationship": "Outer",                                                                                                                      
                       "Parallel Aware": false,                                                                                                                             
                       "Join Type": "Inner",                                                                                                                                
                       "Startup Cost": 1591.58,                                                                                                                             
                       "Total Cost": 3247.98,                                                                                                                               
                       "Plan Rows": 1,                                                                                                                                      
                       "Plan Width": 29,                                                                                                                                    
                       "Actual Startup Time": 2570.820,                                                                                                                     
                       "Actual Total Time": 3174.234,                                                                                                                       
                       "Actual Rows": 1267,                                                                                                                                 
                       "Actual Loops": 1,                                                                                                                                   
                       "Inner Unique": false,                                                                                                                               
                       "Hash Cond": "(t.id = mk.movie_id)",                                                                                                                 
                       "Shared Hit Blocks": 1,                                                                                                                              
                       "Shared Read Blocks": 62134,                                                                                                                         
                       "Shared Dirtied Blocks": 0,                                                                                                                          
                       "Shared Written Blocks": 0,                                                                                                                          
                       "Local Hit Blocks": 0,                                                                                                                               
                       "Local Read Blocks": 0,                                                                                                                              
                       "Local Dirtied Blocks": 0,                                                                                                                           
                       "Local Written Blocks": 0,                                                                                                                           
                       "Temp Read Blocks": 0,                                                                                                                               
                       "Temp Written Blocks": 0,                                                                                                                            
                       "Plans": [                                                                                                                                           
                         {                                                                                                                                                  
                           "Node Type": "Hash Join",                                                                                                                        
                           "Parent Relationship": "Outer",                                                                                                                  
                           "Parallel Aware": false,                                                                                                                         
                           "Join Type": "Inner",                                                                                                                            
                           "Startup Cost": 0.03,                                                                                                                            
                           "Total Cost": 1633.45,                                                                                                                           
                           "Plan Rows": 197350,                                                                                                                             
                           "Plan Width": 21,                                                                                                                                
                           "Actual Startup Time": 112.074,                                                                                                                  
                           "Actual Total Time": 1704.896,                                                                                                                   
                           "Actual Rows": 274015,                                                                                                                           
                           "Actual Loops": 1,                                                                                                                               
                           "Inner Unique": true,                                                                                                                            
                           "Hash Cond": "(t.kind_id = kt.id)",                                                                                                              
                           "Shared Hit Blocks": 0,                                                                                                                          
                           "Shared Read Blocks": 35999,                                                                                                                     
                           "Shared Dirtied Blocks": 0,                                                                                                                      
                           "Shared Written Blocks": 0,                                                                                                                      
                           "Local Hit Blocks": 0,                                                                                                                           
                           "Local Read Blocks": 0,                                                                                                                          
                           "Local Dirtied Blocks": 0,                                                                                                                       
                           "Local Written Blocks": 0,                                                                                                                       
                           "Temp Read Blocks": 0,                                                                                                                           
                           "Temp Written Blocks": 0,                                                                                                                        
                           "Plans": [                                                                                                                                       
                             {                                                                                                                                              
                               "Node Type": "Seq Scan",                                                                                                                     
                               "Parent Relationship": "Outer",                                                                                                              
                               "Parallel Aware": false,                                                                                                                     
                               "Relation Name": "title",                                                                                                                    
                               "Alias": "t",                                                                                                                                
                               "Startup Cost": 0.00,                                                                                                                        
                               "Total Cost": 1500.26,                                                                                                                       
                               "Plan Rows": 1381453,                                                                                                                        
                               "Plan Width": 25,                                                                                                                            
                               "Actual Startup Time": 9.181,                                                                                                                
                               "Actual Total Time": 1366.349,                                                                                                               
                               "Actual Rows": 1381453,                                                                                                                      
                               "Actual Loops": 1,                                                                                                                           
                               "Filter": "(production_year > 2000)",                                                                                                        
                               "Rows Removed by Filter": 1146859,                                                                                                           
                               "Shared Hit Blocks": 0,                                                                                                                      
                               "Shared Read Blocks": 35998,                                                                                                                 
                               "Shared Dirtied Blocks": 0,                                                                                                                  
                               "Shared Written Blocks": 0,                                                                                                                  
                               "Local Hit Blocks": 0,                                                                                                                       
                               "Local Read Blocks": 0,                                                                                                                      
                               "Local Dirtied Blocks": 0,                                                                                                                   
                               "Local Written Blocks": 0,                                                                                                                   
                               "Temp Read Blocks": 0,                                                                                                                       
                               "Temp Written Blocks": 0                                                                                                                     
                             },                                                                                                                                             
                             {                                                                                                                                              
                               "Node Type": "Hash",                                                                                                                         
                               "Parent Relationship": "Inner",                                                                                                              
                               "Parallel Aware": false,                                                                                                                     
                               "Startup Cost": 0.03,                                                                                                                        
                               "Total Cost": 0.03,                                                                                                                          
                               "Plan Rows": 1,                                                                                                                              
                               "Plan Width": 4,                                                                                                                             
                               "Actual Startup Time": 21.232,                                                                                                               
                               "Actual Total Time": 21.232,                                                                                                                 
                               "Actual Rows": 1,                                                                                                                            
                               "Actual Loops": 1,                                                                                                                           
                               "Hash Buckets": 1024,                                                                                                                        
                               "Original Hash Buckets": 1024,                                                                                                               
                               "Hash Batches": 1,                                                                                                                           
                               "Original Hash Batches": 1,                                                                                                                  
                               "Peak Memory Usage": 9,                                                                                                                      
                               "Shared Hit Blocks": 0,                                                                                                                      
                               "Shared Read Blocks": 1,                                                                                                                     
                               "Shared Dirtied Blocks": 0,                                                                                                                  
                               "Shared Written Blocks": 0,                                                                                                                  
                               "Local Hit Blocks": 0,                                                                                                                       
                               "Local Read Blocks": 0,                                                                                                                      
                               "Local Dirtied Blocks": 0,                                                                                                                   
                               "Local Written Blocks": 0,                                                                                                                   
                               "Temp Read Blocks": 0,                                                                                                                       
                               "Temp Written Blocks": 0,                                                                                                                    
                               "Plans": [                                                                                                                                   
                                 {                                                                                                                                          
                                   "Node Type": "Seq Scan",                                                                                                                 
                                   "Parent Relationship": "Outer",                                                                                                          
                                   "Parallel Aware": false,                                                                                                                 
                                   "Relation Name": "kind_type",                                                                                                            
                                   "Alias": "kt",                                                                                                                           
                                   "Startup Cost": 0.00,                                                                                                                    
                                   "Total Cost": 0.03,                                                                                                                      
                                   "Plan Rows": 1,                                                                                                                          
                                   "Plan Width": 4,                                                                                                                         
                                   "Actual Startup Time": 21.213,                                                                                                           
                                   "Actual Total Time": 21.219,                                                                                                             
                                   "Actual Rows": 1,                                                                                                                        
                                   "Actual Loops": 1,                                                                                                                       
                                   "Filter": "((kind)::text = 'movie'::text)",                                                                                              
                                   "Rows Removed by Filter": 6,                                                                                                             
                                   "Shared Hit Blocks": 0,                                                                                                                  
                                   "Shared Read Blocks": 1,                                                                                                                 
                                   "Shared Dirtied Blocks": 0,                                                                                                              
                                   "Shared Written Blocks": 0,                                                                                                              
                                   "Local Hit Blocks": 0,                                                                                                                   
                                   "Local Read Blocks": 0,                                                                                                                  
                                   "Local Dirtied Blocks": 0,                                                                                                               
                                   "Local Written Blocks": 0,                                                                                                               
                                   "Temp Read Blocks": 0,                                                                                                                   
                                   "Temp Written Blocks": 0                                                                                                                 
                                 }                                                                                                                                          
                               ]                                                                                                                                            
                             }                                                                                                                                              
                           ]                                                                                                                                                
                         },                                                                                                                                                 
                         {                                                                                                                                                  
                           "Node Type": "Hash",                                                                                                                             
                           "Parent Relationship": "Inner",                                                                                                                  
                           "Parallel Aware": false,                                                                                                                         
                           "Startup Cost": 1591.55,                                                                                                                         
                           "Total Cost": 1591.55,                                                                                                                           
                           "Plan Rows": 6,                                                                                                                                  
                           "Plan Width": 8,                                                                                                                                 
                           "Actual Startup Time": 1410.151,                                                                                                                 
                           "Actual Total Time": 1410.151,                                                                                                                   
                           "Actual Rows": 6396,                                                                                                                             
                           "Actual Loops": 1,                                                                                                                               
                           "Hash Buckets": 8192,                                                                                                                            
                           "Original Hash Buckets": 1024,                                                                                                                   
                           "Hash Batches": 1,                                                                                                                               
                           "Original Hash Batches": 1,                                                                                                                      
                           "Peak Memory Usage": 314,                                                                                                                        
                           "Shared Hit Blocks": 1,                                                                                                                          
                           "Shared Read Blocks": 26135,                                                                                                                     
                           "Shared Dirtied Blocks": 0,                                                                                                                      
                           "Shared Written Blocks": 0,                                                                                                                      
                           "Local Hit Blocks": 0,                                                                                                                           
                           "Local Read Blocks": 0,                                                                                                                          
                           "Local Dirtied Blocks": 0,                                                                                                                       
                           "Local Written Blocks": 0,                                                                                                                       
                           "Temp Read Blocks": 0,                                                                                                                           
                           "Temp Written Blocks": 0,                                                                                                                        
                           "Plans": [                                                                                                                                       
                             {                                                                                                                                              
                               "Node Type": "Hash Join",                                                                                                                    
                               "Parent Relationship": "Outer",                                                                                                              
                               "Parallel Aware": false,                                                                                                                     
                               "Join Type": "Inner",                                                                                                                        
                               "Startup Cost": 142.86,                                                                                                                      
                               "Total Cost": 1591.55,                                                                                                                       
                               "Plan Rows": 6,                                                                                                                              
                               "Plan Width": 8,                                                                                                                             
                               "Actual Startup Time": 257.483,                                                                                                              
                               "Actual Total Time": 1407.961,                                                                                                               
                               "Actual Rows": 6396,                                                                                                                         
                               "Actual Loops": 1,                                                                                                                           
                               "Inner Unique": false,                                                                                                                       
                               "Hash Cond": "(mk.movie_id = cc.movie_id)",                                                                                                  
                               "Shared Hit Blocks": 1,                                                                                                                      
                               "Shared Read Blocks": 26135,                                                                                                                 
                               "Shared Dirtied Blocks": 0,                                                                                                                  
                               "Shared Written Blocks": 0,                                                                                                                  
                               "Local Hit Blocks": 0,                                                                                                                       
                               "Local Read Blocks": 0,                                                                                                                      
                               "Local Dirtied Blocks": 0,                                                                                                                   
                               "Local Written Blocks": 0,                                                                                                                   
                               "Temp Read Blocks": 0,                                                                                                                       
                               "Temp Written Blocks": 0,                                                                                                                    
                               "Plans": [                                                                                                                                   
                                 {                                                                                                                                          
                                   "Node Type": "Hash Join",                                                                                                                
                                   "Parent Relationship": "Outer",                                                                                                          
                                   "Parallel Aware": false,                                                                                                                 
                                   "Join Type": "Inner",                                                                                                                    
                                   "Startup Cost": 91.13,                                                                                                                   
                                   "Total Cost": 1539.77,                                                                                                                   
                                   "Plan Rows": 337,                                                                                                                        
                                   "Plan Width": 4,                                                                                                                         
                                   "Actual Startup Time": 123.239,                                                                                                          
                                   "Actual Total Time": 1269.124,                                                                                                           
                                   "Actual Rows": 24091,                                                                                                                    
                                   "Actual Loops": 1,                                                                                                                       
                                   "Inner Unique": true,                                                                                                                    
                                   "Hash Cond": "(mk.keyword_id = k.id)",                                                                                                   
                                   "Shared Hit Blocks": 0,                                                                                                                  
                                   "Shared Read Blocks": 25403,                                                                                                             
                                   "Shared Dirtied Blocks": 0,                                                                                                              
                                   "Shared Written Blocks": 0,                                                                                                              
                                   "Local Hit Blocks": 0,                                                                                                                   
                                   "Local Read Blocks": 0,                                                                                                                  
                                   "Local Dirtied Blocks": 0,                                                                                                               
                                   "Local Written Blocks": 0,                                                                                                               
                                   "Temp Read Blocks": 0,                                                                                                                   
                                   "Temp Written Blocks": 0,                                                                                                                
                                   "Plans": [                                                                                                                               
                                     {                                                                                                                                      
                                       "Node Type": "Seq Scan",                                                                                                             
                                       "Parent Relationship": "Outer",                                                                                                      
                                       "Parallel Aware": false,                                                                                                             
                                       "Relation Name": "movie_keyword",                                                                                                    
                                       "Alias": "mk",                                                                                                                       
                                       "Startup Cost": 0.00,                                                                                                                
                                       "Total Cost": 1079.84,                                                                                                               
                                       "Plan Rows": 4523930,                                                                                                                
                                       "Plan Width": 8,                                                                                                                     
                                       "Actual Startup Time": 21.344,                                                                                                       
                                       "Actual Total Time": 560.363,                                                                                                        
                                       "Actual Rows": 4523930,                                                                                                              
                                       "Actual Loops": 1,                                                                                                                   
                                       "Shared Hit Blocks": 0,                                                                                                              
                                       "Shared Read Blocks": 24454,                                                                                                         
                                       "Shared Dirtied Blocks": 0,                                                                                                          
                                       "Shared Written Blocks": 0,                                                                                                          
                                       "Local Hit Blocks": 0,                                                                                                               
                                       "Local Read Blocks": 0,                                                                                                              
                                       "Local Dirtied Blocks": 0,                                                                                                           
                                       "Local Written Blocks": 0,                                                                                                           
                                       "Temp Read Blocks": 0,                                                                                                               
                                       "Temp Written Blocks": 0                                                                                                             
                                     },                                                                                                                                     
                                     {                                                                                                                                      
                                       "Node Type": "Hash",                                                                                                                 
                                       "Parent Relationship": "Inner",                                                                                                      
                                       "Parallel Aware": false,                                                                                                             
                                       "Startup Cost": 91.13,                                                                                                               
                                       "Total Cost": 91.13,                                                                                                                 
                                       "Plan Rows": 10,                                                                                                                     
                                       "Plan Width": 4,                                                                                                                     
                                       "Actual Startup Time": 101.706,                                                                                                      
                                       "Actual Total Time": 101.706,                                                                                                        
                                       "Actual Rows": 10,                                                                                                                   
                                       "Actual Loops": 1,                                                                                                                   
                                       "Hash Buckets": 1024,                                                                                                                
                                       "Original Hash Buckets": 1024,                                                                                                       
                                       "Hash Batches": 1,                                                                                                                   
                                       "Original Hash Batches": 1,                                                                                                          
                                       "Peak Memory Usage": 9,                                                                                                              
                                       "Shared Hit Blocks": 0,                                                                                                              
                                       "Shared Read Blocks": 949,                                                                                                           
                                       "Shared Dirtied Blocks": 0,                                                                                                          
                                       "Shared Written Blocks": 0,                                                                                                          
                                       "Local Hit Blocks": 0,                                                                                                               
                                       "Local Read Blocks": 0,                                                                                                              
                                       "Local Dirtied Blocks": 0,                                                                                                           
                                       "Local Written Blocks": 0,                                                                                                           
                                       "Temp Read Blocks": 0,                                                                                                               
                                       "Temp Written Blocks": 0,                                                                                                            
                                       "Plans": [                                                                                                                           
                                         {                                                                                                                                  
                                           "Node Type": "Seq Scan",                                                                                                         
                                           "Parent Relationship": "Outer",                                                                                                  
                                           "Parallel Aware": false,                                                                                                         
                                           "Relation Name": "keyword",                                                                                                      
                                           "Alias": "k",                                                                                                                    
                                           "Startup Cost": 0.00,                                                                                                            
                                           "Total Cost": 91.13,                                                                                                             
                                           "Plan Rows": 10,                                                                                                                 
                                           "Plan Width": 4,                                                                                                                 
                                           "Actual Startup Time": 0.664,                                                                                                    
                                           "Actual Total Time": 101.690,                                                                                                    
                                           "Actual Rows": 10,                                                                                                               
                                           "Actual Loops": 1,                                                                                                               
                                           "Filter": "(keyword = ANY ('{superhero,marvel-comics,based-on-comic,tv-special,fight,violence,magnet,web,claw,laser}'::text[]))",
                                           "Rows Removed by Filter": 134160,                                                                                                
                                           "Shared Hit Blocks": 0,                                                                                                          
                                           "Shared Read Blocks": 949,                                                                                                       
                                           "Shared Dirtied Blocks": 0,                                                                                                      
                                           "Shared Written Blocks": 0,                                                                                                      
                                           "Local Hit Blocks": 0,                                                                                                           
                                           "Local Read Blocks": 0,                                                                                                          
                                           "Local Dirtied Blocks": 0,                                                                                                       
                                           "Local Written Blocks": 0,                                                                                                       
                                           "Temp Read Blocks": 0,                                                                                                           
                                           "Temp Written Blocks": 0                                                                                                         
                                         }                                                                                                                                  
                                       ]                                                                                                                                    
                                     }                                                                                                                                      
                                   ]                                                                                                                                        
                                 },                                                                                                                                         
                                 {                                                                                                                                          
                                   "Node Type": "Hash",                                                                                                                     
                                   "Parent Relationship": "Inner",                                                                                                          
                                   "Parallel Aware": false,                                                                                                                 
                                   "Startup Cost": 50.49,                                                                                                                   
                                   "Total Cost": 50.49,                                                                                                                     
                                   "Plan Rows": 8443,                                                                                                                       
                                   "Plan Width": 4,                                                                                                                         
                                   "Actual Startup Time": 130.056,                                                                                                          
                                   "Actual Total Time": 130.056,                                                                                                            
                                   "Actual Rows": 85941,                                                                                                                    
                                   "Actual Loops": 1,                                                                                                                       
                                   "Hash Buckets": 131072,                                                                                                                  
                                   "Original Hash Buckets": 16384,                                                                                                          
                                   "Hash Batches": 1,                                                                                                                       
                                   "Original Hash Batches": 1,                                                                                                              
                                   "Peak Memory Usage": 4046,                                                                                                               
                                   "Shared Hit Blocks": 1,                                                                                                                  
                                   "Shared Read Blocks": 732,                                                                                                               
                                   "Shared Dirtied Blocks": 0,                                                                                                              
                                   "Shared Written Blocks": 0,                                                                                                              
                                   "Local Hit Blocks": 0,                                                                                                                   
                                   "Local Read Blocks": 0,                                                                                                                  
                                   "Local Dirtied Blocks": 0,                                                                                                               
                                   "Local Written Blocks": 0,                                                                                                               
                                   "Temp Read Blocks": 0,                                                                                                                   
                                   "Temp Written Blocks": 0,                                                                                                                
                                   "Plans": [                                                                                                                               
                                     {                                                                                                                                      
                                       "Node Type": "Hash Join",                                                                                                            
                                       "Parent Relationship": "Outer",                                                                                                      
                                       "Parallel Aware": false,                                                                                                             
                                       "Join Type": "Inner",                                                                                                                
                                       "Startup Cost": 0.06,                                                                                                                
                                       "Total Cost": 50.49,                                                                                                                 
                                       "Plan Rows": 8443,                                                                                                                   
                                       "Plan Width": 4,                                                                                                                     
                                       "Actual Startup Time": 28.444,                                                                                                       
                                       "Actual Total Time": 109.353,                                                                                                        
                                       "Actual Rows": 85941,                                                                                                                
                                       "Actual Loops": 1,                                                                                                                   
                                       "Inner Unique": true,                                                                                                                
                                       "Hash Cond": "(cc.status_id = cct.id)",                                                                                             
                                       "Shared Hit Blocks": 1,                                                                                                              
                                       "Shared Read Blocks": 732,                                                                                                           
                                       "Shared Dirtied Blocks": 0,                                                                                                          
                                       "Shared Written Blocks": 0,                                                                                                          
                                       "Local Hit Blocks": 0,                                                                                                               
                                       "Local Read Blocks": 0,                                                                                                              
                                       "Local Dirtied Blocks": 0,                                                                                                           
                                       "Local Written Blocks": 0,                                                                                                           
                                       "Temp Read Blocks": 0,                                                                                                               
                                       "Temp Written Blocks": 0,                                                                                                            
                                       "Plans": [                                                                                                                           
                                         {                                                                                                                                  
                                           "Node Type": "Hash Join",                                                                                                        
                                           "Parent Relationship": "Outer",                                                                                                  
                                           "Parallel Aware": false,                                                                                                         
                                           "Join Type": "Inner",                                                                                                            
                                           "Startup Cost": 0.03,                                                                                                            
                                           "Total Cost": 46.83,                                                                                                             
                                           "Plan Rows": 33772,                                                                                                              
                                           "Plan Width": 8,                                                                                                                 
                                           "Actual Startup Time": 9.471,                                                                                                    
                                           "Actual Total Time": 63.148,                                                                                                     
                                           "Actual Rows": 85941,                                                                                                            
                                           "Actual Loops": 1,                                                                                                               
                                           "Inner Unique": true,                                                                                                            
                                           "Hash Cond": "(cc.subject_id = cct.id)",                                                                                        
                                           "Shared Hit Blocks": 1,                                                                                                          
                                           "Shared Read Blocks": 731,                                                                                                       
                                           "Shared Dirtied Blocks": 0,                                                                                                      
                                           "Shared Written Blocks": 0,                                                                                                      
                                           "Local Hit Blocks": 0,                                                                                                           
                                           "Local Read Blocks": 0,                                                                                                          
                                           "Local Dirtied Blocks": 0,                                                                                                       
                                           "Local Written Blocks": 0,                                                                                                       
                                           "Temp Read Blocks": 0,                                                                                                           
                                           "Temp Written Blocks": 0,                                                                                                        
                                           "Plans": [                                                                                                                       
                                             {                                                                                                                              
                                               "Node Type": "Seq Scan",                                                                                                     
                                               "Parent Relationship": "Outer",                                                                                              
                                               "Parallel Aware": false,                                                                                                     
                                               "Relation Name": "complete_cast",                                                                                            
                                               "Alias": "cc",                                                                                                               
                                               "Startup Cost": 0.00,                                                                                                        
                                               "Total Cost": 32.27,                                                                                                         
                                               "Plan Rows": 135086,                                                                                                         
                                               "Plan Width": 12,                                                                                                            
                                               "Actual Startup Time": 9.402,                                                                                                
                                               "Actual Total Time": 26.102,                                                                                                 
                                               "Actual Rows": 135086,                                                                                                       
                                               "Actual Loops": 1,                                                                                                           
                                               "Shared Hit Blocks": 0,                                                                                                      
                                               "Shared Read Blocks": 731,                                                                                                   
                                               "Shared Dirtied Blocks": 0,                                                                                                  
                                               "Shared Written Blocks": 0,                                                                                                  
                                               "Local Hit Blocks": 0,                                                                                                       
                                               "Local Read Blocks": 0,                                                                                                      
                                               "Local Dirtied Blocks": 0,                                                                                                   
                                               "Local Written Blocks": 0,                                                                                                   
                                               "Temp Read Blocks": 0,                                                                                                       
                                               "Temp Written Blocks": 0                                                                                                     
                                             },                                                                                                                             
                                             {                                                                                                                              
                                               "Node Type": "Hash",                                                                                                         
                                               "Parent Relationship": "Inner",                                                                                              
                                               "Parallel Aware": false,                                                                                                     
                                               "Startup Cost": 0.03,                                                                                                        
                                               "Total Cost": 0.03,                                                                                                          
                                               "Plan Rows": 1,                                                                                                              
                                               "Plan Width": 4,                                                                                                             
                                               "Actual Startup Time": 0.028,                                                                                                
                                               "Actual Total Time": 0.028,                                                                                                  
                                               "Actual Rows": 1,                                                                                                            
                                               "Actual Loops": 1,                                                                                                           
                                               "Hash Buckets": 1024,                                                                                                        
                                               "Original Hash Buckets": 1024,                                                                                               
                                               "Hash Batches": 1,                                                                                                           
                                               "Original Hash Batches": 1,                                                                                                  
                                               "Peak Memory Usage": 9,                                                                                                      
                                               "Shared Hit Blocks": 1,                                                                                                      
                                               "Shared Read Blocks": 0,                                                                                                     
                                               "Shared Dirtied Blocks": 0,                                                                                                  
                                               "Shared Written Blocks": 0,                                                                                                  
                                               "Local Hit Blocks": 0,                                                                                                       
                                               "Local Read Blocks": 0,                                                                                                      
                                               "Local Dirtied Blocks": 0,                                                                                                   
                                               "Local Written Blocks": 0,                                                                                                   
                                               "Temp Read Blocks": 0,                                                                                                       
                                               "Temp Written Blocks": 0,                                                                                                    
                                               "Plans": [                                                                                                                   
                                                 {                                                                                                                          
                                                   "Node Type": "Seq Scan",                                                                                                 
                                                   "Parent Relationship": "Outer",                                                                                          
                                                   "Parallel Aware": false,                                                                                                 
                                                   "Relation Name": "comp_cast_type",                                                                                       
                                                   "Alias": "cct",                                                                                                         
                                                   "Startup Cost": 0.00,                                                                                                    
                                                   "Total Cost": 0.03,                                                                                                      
                                                   "Plan Rows": 1,                                                                                                          
                                                   "Plan Width": 4,                                                                                                         
                                                   "Actual Startup Time": 0.015,                                                                                            
                                                   "Actual Total Time": 0.019,                                                                                              
                                                   "Actual Rows": 1,                                                                                                        
                                                   "Actual Loops": 1,                                                                                                       
                                                   "Filter": "((kind)::text = 'cast'::text)",                                                                               
                                                   "Rows Removed by Filter": 3,                                                                                             
                                                   "Shared Hit Blocks": 1,                                                                                                  
                                                   "Shared Read Blocks": 0,                                                                                                 
                                                   "Shared Dirtied Blocks": 0,                                                                                              
                                                   "Shared Written Blocks": 0,                                                                                              
                                                   "Local Hit Blocks": 0,                                                                                                   
                                                   "Local Read Blocks": 0,                                                                                                  
                                                   "Local Dirtied Blocks": 0,                                                                                               
                                                   "Local Written Blocks": 0,                                                                                               
                                                   "Temp Read Blocks": 0,                                                                                                   
                                                   "Temp Written Blocks": 0                                                                                                 
                                                 }                                                                                                                          
                                               ]                                                                                                                            
                                             }                                                                                                                              
                                           ]                                                                                                                                
                                         },                                                                                                                                 
                                         {                                                                                                                                  
                                           "Node Type": "Hash",                                                                                                             
                                           "Parent Relationship": "Inner",                                                                                                  
                                           "Parallel Aware": false,                                                                                                         
                                           "Startup Cost": 0.03,                                                                                                            
                                           "Total Cost": 0.03,                                                                                                              
                                           "Plan Rows": 1,                                                                                                                  
                                           "Plan Width": 4,                                                                                                                 
                                           "Actual Startup Time": 18.958,                                                                                                   
                                           "Actual Total Time": 18.958,                                                                                                     
                                           "Actual Rows": 2,                                                                                                                
                                           "Actual Loops": 1,                                                                                                               
                                           "Hash Buckets": 1024,                                                                                                            
                                           "Original Hash Buckets": 1024,                                                                                                   
                                           "Hash Batches": 1,                                                                                                               
                                           "Original Hash Batches": 1,                                                                                                      
                                           "Peak Memory Usage": 9,                                                                                                          
                                           "Shared Hit Blocks": 0,                                                                                                          
                                           "Shared Read Blocks": 1,                                                                                                         
                                           "Shared Dirtied Blocks": 0,                                                                                                      
                                           "Shared Written Blocks": 0,                                                                                                      
                                           "Local Hit Blocks": 0,                                                                                                           
                                           "Local Read Blocks": 0,                                                                                                          
                                           "Local Dirtied Blocks": 0,                                                                                                       
                                           "Local Written Blocks": 0,                                                                                                       
                                           "Temp Read Blocks": 0,                                                                                                           
                                           "Temp Written Blocks": 0,                                                                                                        
                                           "Plans": [                                                                                                                       
                                             {                                                                                                                              
                                               "Node Type": "Seq Scan",                                                                                                     
                                               "Parent Relationship": "Outer",                                                                                              
                                               "Parallel Aware": false,                                                                                                     
                                               "Relation Name": "comp_cast_type",                                                                                           
                                               "Alias": "cct",                                                                                                             
                                               "Startup Cost": 0.00,                                                                                                        
                                               "Total Cost": 0.03,                                                                                                          
                                               "Plan Rows": 1,                                                                                                              
                                               "Plan Width": 4,                                                                                                             
                                               "Actual Startup Time": 18.941,                                                                                               
                                               "Actual Total Time": 18.944,                                                                                                 
                                               "Actual Rows": 2,                                                                                                            
                                               "Actual Loops": 1,                                                                                                           
                                               "Filter": "((kind)::text ~~ '%complete%'::text)",                                                                            
                                               "Rows Removed by Filter": 2,                                                                                                 
                                               "Shared Hit Blocks": 0,                                                                                                      
                                               "Shared Read Blocks": 1,                                                                                                     
                                               "Shared Dirtied Blocks": 0,                                                                                                  
                                               "Shared Written Blocks": 0,                                                                                                  
                                               "Local Hit Blocks": 0,                                                                                                       
                                               "Local Read Blocks": 0,                                                                                                      
                                               "Local Dirtied Blocks": 0,                                                                                                   
                                               "Local Written Blocks": 0,                                                                                                   
                                               "Temp Read Blocks": 0,                                                                                                       
                                               "Temp Written Blocks": 0                                                                                                     
                                             }                                                                                                                              
                                           ]                                                                                                                                
                                         }                                                                                                                                  
                                       ]                                                                                                                                    
                                     }                                                                                                                                      
                                   ]                                                                                                                                        
                                 }                                                                                                                                          
                               ]                                                                                                                                            
                             }                                                                                                                                              
                           ]                                                                                                                                                
                         }                                                                                                                                                  
                       ]                                                                                                                                                    
                     }                                                                                                                                                      
                   ]                                                                                                                                                        
                 }                                                                                                                                                          
               ]                                                                                                                                                            
             },                                                                                                                                                             
             {                                                                                                                                                              
               "Node Type": "Hash",                                                                                                                                         
               "Parent Relationship": "Inner",                                                                                                                              
               "Parallel Aware": false,                                                                                                                                     
               "Startup Cost": 2032.56,                                                                                                                                     
               "Total Cost": 2032.56,                                                                                                                                       
               "Plan Rows": 4167491,                                                                                                                                        
               "Plan Width": 19,                                                                                                                                            
               "Actual Startup Time": 2786.085,                                                                                                                             
               "Actual Total Time": 2786.085,                                                                                                                               
               "Actual Rows": 4167491,                                                                                                                                      
               "Actual Loops": 1,                                                                                                                                           
               "Hash Buckets": 4194304,                                                                                                                                     
               "Original Hash Buckets": 4194304,                                                                                                                            
               "Hash Batches": 1,                                                                                                                                           
               "Original Hash Batches": 1,                                                                                                                                  
               "Peak Memory Usage": 248744,                                                                                                                                 
               "Shared Hit Blocks": 0,                                                                                                                                      
               "Shared Read Blocks": 55613,                                                                                                                                 
               "Shared Dirtied Blocks": 0,                                                                                                                                  
               "Shared Written Blocks": 0,                                                                                                                                  
               "Local Hit Blocks": 0,                                                                                                                                       
               "Local Read Blocks": 0,                                                                                                                                      
               "Local Dirtied Blocks": 0,                                                                                                                                   
               "Local Written Blocks": 0,                                                                                                                                   
               "Temp Read Blocks": 0,                                                                                                                                       
               "Temp Written Blocks": 0,                                                                                                                                    
               "Plans": [                                                                                                                                                   
                 {                                                                                                                                                          
                   "Node Type": "Seq Scan",                                                                                                                                 
                   "Parent Relationship": "Outer",                                                                                                                          
                   "Parallel Aware": false,                                                                                                                                 
                   "Relation Name": "name",                                                                                                                                 
                   "Alias": "n",                                                                                                                                            
                   "Startup Cost": 0.00,                                                                                                                                    
                   "Total Cost": 2032.56,                                                                                                                                   
                   "Plan Rows": 4167491,                                                                                                                                    
                   "Plan Width": 19,                                                                                                                                        
                   "Actual Startup Time": 38.213,                                                                                                                           
                   "Actual Total Time": 1403.698,                                                                                                                           
                   "Actual Rows": 4167491,                                                                                                                                  
                   "Actual Loops": 1,                                                                                                                                       
                   "Shared Hit Blocks": 0,                                                                                                                                  
                   "Shared Read Blocks": 55613,                                                                                                                             
                   "Shared Dirtied Blocks": 0,                                                                                                                              
                   "Shared Written Blocks": 0,                                                                                                                              
                   "Local Hit Blocks": 0,                                                                                                                                   
                   "Local Read Blocks": 0,                                                                                                                                  
                   "Local Dirtied Blocks": 0,                                                                                                                               
                   "Local Written Blocks": 0,                                                                                                                               
                   "Temp Read Blocks": 0,                                                                                                                                   
                   "Temp Written Blocks": 0                                                                                                                                 
                 }                                                                                                                                                          
               ]                                                                                                                                                            
             }                                                                                                                                                              
           ]                                                                                                                                                                
         }                                                                                                                                                                  
       ]                                                                                                                                                                    
     },                                                                                                                                                                     
     "Planning Time": 5402.850,                                                                                                                                             
     "Triggers": [                                                                                                                                                          
     ],                                                                                                                                                                     
     "Execution Time": 19853.052                                                                                                                                            
   }                                                                                                                                                                        
 ]
