 [                                                                                                                                                                   
   {                                                                                                                                                                 
     "Plan": {                                                                                                                                                       
       "Node Type": "Aggregate",                                                                                                                                     
       "Strategy": "Plain",                                                                                                                                          
       "Partial Mode": "Simple",                                                                                                                                     
       "Parallel Aware": false,                                                                                                                                      
       "Startup Cost": 15123.96,                                                                                                                                     
       "Total Cost": 15123.96,                                                                                                                                       
       "Plan Rows": 1,                                                                                                                                               
       "Plan Width": 96,                                                                                                                                             
       "Actual Startup Time": 13055.803,                                                                                                                             
       "Actual Total Time": 13055.804,                                                                                                                               
       "Actual Rows": 1,                                                                                                                                             
       "Actual Loops": 1,                                                                                                                                            
       "Shared Hit Blocks": 3,                                                                                                                                       
       "Shared Read Blocks": 245241,                                                                                                                                 
       "Shared Dirtied Blocks": 0,                                                                                                                                   
       "Shared Written Blocks": 0,                                                                                                                                   
       "Local Hit Blocks": 0,                                                                                                                                        
       "Local Read Blocks": 0,                                                                                                                                       
       "Local Dirtied Blocks": 0,                                                                                                                                    
       "Local Written Blocks": 0,                                                                                                                                    
       "Temp Read Blocks": 0,                                                                                                                                        
       "Temp Written Blocks": 0,                                                                                                                                     
       "Plans": [                                                                                                                                                    
         {                                                                                                                                                           
           "Node Type": "Hash Join",                                                                                                                                 
           "Parent Relationship": "Outer",                                                                                                                           
           "Parallel Aware": false,                                                                                                                                  
           "Join Type": "Inner",                                                                                                                                     
           "Startup Cost": 4394.78,                                                                                                                                  
           "Total Cost": 15123.96,                                                                                                                                   
           "Plan Rows": 1,                                                                                                                                           
           "Plan Width": 48,                                                                                                                                         
           "Actual Startup Time": 11684.099,                                                                                                                         
           "Actual Total Time": 13027.247,                                                                                                                           
           "Actual Rows": 1410,                                                                                                                                      
           "Actual Loops": 1,                                                                                                                                        
           "Inner Unique": false,                                                                                                                                    
           "Hash Cond": "(t.id = ml.movie_id)",                                                                                                                      
           "Shared Hit Blocks": 3,                                                                                                                                   
           "Shared Read Blocks": 245241,                                                                                                                             
           "Shared Dirtied Blocks": 0,                                                                                                                               
           "Shared Written Blocks": 0,                                                                                                                               
           "Local Hit Blocks": 0,                                                                                                                                    
           "Local Read Blocks": 0,                                                                                                                                   
           "Local Dirtied Blocks": 0,                                                                                                                                
           "Local Written Blocks": 0,                                                                                                                                
           "Temp Read Blocks": 0,                                                                                                                                    
           "Temp Written Blocks": 0,                                                                                                                                 
           "Plans": [                                                                                                                                                
             {                                                                                                                                                       
               "Node Type": "Hash Join",                                                                                                                             
               "Parent Relationship": "Outer",                                                                                                                       
               "Parallel Aware": false,                                                                                                                              
               "Join Type": "Inner",                                                                                                                                 
               "Startup Cost": 4384.69,                                                                                                                              
               "Total Cost": 15113.88,                                                                                                                               
               "Plan Rows": 1,                                                                                                                                       
               "Plan Width": 52,                                                                                                                                     
               "Actual Startup Time": 4275.859,                                                                                                                      
               "Actual Total Time": 12993.506,                                                                                                                       
               "Actual Rows": 696,                                                                                                                                   
               "Actual Loops": 1,                                                                                                                                    
               "Inner Unique": false,                                                                                                                                
               "Hash Cond": "(mi.movie_id = t.id)",                                                                                                                  
               "Shared Hit Blocks": 0,                                                                                                                               
               "Shared Read Blocks": 245077,                                                                                                                         
               "Shared Dirtied Blocks": 0,                                                                                                                           
               "Shared Written Blocks": 0,                                                                                                                           
               "Local Hit Blocks": 0,                                                                                                                                
               "Local Read Blocks": 0,                                                                                                                               
               "Local Dirtied Blocks": 0,                                                                                                                            
               "Local Written Blocks": 0,                                                                                                                            
               "Temp Read Blocks": 0,                                                                                                                                
               "Temp Written Blocks": 0,                                                                                                                             
               "Plans": [                                                                                                                                            
                 {                                                                                                                                                   
                   "Node Type": "Seq Scan",                                                                                                                          
                   "Parent Relationship": "Outer",                                                                                                                   
                   "Parallel Aware": false,                                                                                                                          
                   "Relation Name": "movie_info",                                                                                                                    
                   "Alias": "mi",                                                                                                                                    
                   "Startup Cost": 0.00,                                                                                                                             
                   "Total Cost": 10711.20,                                                                                                                           
                   "Plan Rows": 154416,                                                                                                                              
                   "Plan Width": 4,                                                                                                                                  
                   "Actual Startup Time": 26.095,                                                                                                                    
                   "Actual Total Time": 8744.920,                                                                                                                    
                   "Actual Rows": 153897,                                                                                                                            
                   "Actual Loops": 1,                                                                                                                                
                   "Filter": "(info = ANY ('{Sweden,Norway,Germany,Denmark,Swedish,Denish,Norwegian,German}'::text[]))",                                             
                   "Rows Removed by Filter": 14681823,                                                                                                               
                   "Shared Hit Blocks": 0,                                                                                                                           
                   "Shared Read Blocks": 161892,                                                                                                                     
                   "Shared Dirtied Blocks": 0,                                                                                                                       
                   "Shared Written Blocks": 0,                                                                                                                       
                   "Local Hit Blocks": 0,                                                                                                                            
                   "Local Read Blocks": 0,                                                                                                                           
                   "Local Dirtied Blocks": 0,                                                                                                                        
                   "Local Written Blocks": 0,                                                                                                                        
                   "Temp Read Blocks": 0,                                                                                                                            
                   "Temp Written Blocks": 0                                                                                                                          
                 },                                                                                                                                                  
                 {                                                                                                                                                   
                   "Node Type": "Hash",                                                                                                                              
                   "Parent Relationship": "Inner",                                                                                                                   
                   "Parallel Aware": false,                                                                                                                          
                   "Startup Cost": 4384.69,                                                                                                                          
                   "Total Cost": 4384.69,                                                                                                                            
                   "Plan Rows": 2,                                                                                                                                   
                   "Plan Width": 48,                                                                                                                                 
                   "Actual Startup Time": 4223.556,                                                                                                                  
                   "Actual Total Time": 4223.556,                                                                                                                    
                   "Actual Rows": 1292,                                                                                                                              
                   "Actual Loops": 1,                                                                                                                                
                   "Hash Buckets": 2048,                                                                                                                             
                   "Original Hash Buckets": 1024,                                                                                                                    
                   "Hash Batches": 1,                                                                                                                                
                   "Original Hash Batches": 1,                                                                                                                       
                   "Peak Memory Usage": 132,                                                                                                                         
                   "Shared Hit Blocks": 0,                                                                                                                           
                   "Shared Read Blocks": 83185,                                                                                                                      
                   "Shared Dirtied Blocks": 0,                                                                                                                       
                   "Shared Written Blocks": 0,                                                                                                                       
                   "Local Hit Blocks": 0,                                                                                                                            
                   "Local Read Blocks": 0,                                                                                                                           
                   "Local Dirtied Blocks": 0,                                                                                                                        
                   "Local Written Blocks": 0,                                                                                                                        
                   "Temp Read Blocks": 0,                                                                                                                            
                   "Temp Written Blocks": 0,                                                                                                                         
                   "Plans": [                                                                                                                                        
                     {                                                                                                                                               
                       "Node Type": "Hash Join",                                                                                                                     
                       "Parent Relationship": "Outer",                                                                                                               
                       "Parallel Aware": false,                                                                                                                      
                       "Join Type": "Inner",                                                                                                                         
                       "Startup Cost": 2582.09,                                                                                                                      
                       "Total Cost": 4384.69,                                                                                                                        
                       "Plan Rows": 2,                                                                                                                               
                       "Plan Width": 48,                                                                                                                             
                       "Actual Startup Time": 2522.481,                                                                                                              
                       "Actual Total Time": 4222.277,                                                                                                                
                       "Actual Rows": 1292,                                                                                                                          
                       "Actual Loops": 1,                                                                                                                            
                       "Inner Unique": false,                                                                                                                        
                       "Hash Cond": "(t.id = mk.movie_id)",                                                                                                          
                       "Shared Hit Blocks": 0,                                                                                                                       
                       "Shared Read Blocks": 83185,                                                                                                                  
                       "Shared Dirtied Blocks": 0,                                                                                                                   
                       "Shared Written Blocks": 0,                                                                                                                   
                       "Local Hit Blocks": 0,                                                                                                                        
                       "Local Read Blocks": 0,                                                                                                                       
                       "Local Dirtied Blocks": 0,                                                                                                                    
                       "Local Written Blocks": 0,                                                                                                                    
                       "Temp Read Blocks": 0,                                                                                                                        
                       "Temp Written Blocks": 0,                                                                                                                     
                       "Plans": [                                                                                                                                    
                         {                                                                                                                                           
                           "Node Type": "Seq Scan",                                                                                                                  
                           "Parent Relationship": "Outer",                                                                                                           
                           "Parallel Aware": false,                                                                                                                  
                           "Relation Name": "title",                                                                                                                 
                           "Alias": "t",                                                                                                                             
                           "Startup Cost": 0.00,                                                                                                                     
                           "Total Cost": 1696.56,                                                                                                                    
                           "Plan Rows": 910581,                                                                                                                      
                           "Plan Width": 21,                                                                                                                         
                           "Actual Startup Time": 7.102,                                                                                                             
                           "Actual Total Time": 1500.013,                                                                                                            
                           "Actual Rows": 910581,                                                                                                                    
                           "Actual Loops": 1,                                                                                                                        
                           "Filter": "((production_year >= 1950) AND (production_year <= 2000))",                                                                    
                           "Rows Removed by Filter": 1617731,                                                                                                        
                           "Shared Hit Blocks": 0,                                                                                                                   
                           "Shared Read Blocks": 35998,                                                                                                              
                           "Shared Dirtied Blocks": 0,                                                                                                               
                           "Shared Written Blocks": 0,                                                                                                               
                           "Local Hit Blocks": 0,                                                                                                                    
                           "Local Read Blocks": 0,                                                                                                                   
                           "Local Dirtied Blocks": 0,                                                                                                                
                           "Local Written Blocks": 0,                                                                                                                
                           "Temp Read Blocks": 0,                                                                                                                    
                           "Temp Written Blocks": 0                                                                                                                  
                         },                                                                                                                                          
                         {                                                                                                                                           
                           "Node Type": "Hash",                                                                                                                      
                           "Parent Relationship": "Inner",                                                                                                           
                           "Parallel Aware": false,                                                                                                                  
                           "Startup Cost": 2582.09,                                                                                                                  
                           "Total Cost": 2582.09,                                                                                                                    
                           "Plan Rows": 5,                                                                                                                           
                           "Plan Width": 27,                                                                                                                         
                           "Actual Startup Time": 2504.672,                                                                                                          
                           "Actual Total Time": 2504.672,                                                                                                            
                           "Actual Rows": 2293,                                                                                                                      
                           "Actual Loops": 1,                                                                                                                        
                           "Hash Buckets": 4096,                                                                                                                     
                           "Original Hash Buckets": 1024,                                                                                                            
                           "Hash Batches": 1,                                                                                                                        
                           "Original Hash Batches": 1,                                                                                                               
                           "Peak Memory Usage": 171,                                                                                                                 
                           "Shared Hit Blocks": 0,                                                                                                                   
                           "Shared Read Blocks": 47187,                                                                                                              
                           "Shared Dirtied Blocks": 0,                                                                                                               
                           "Shared Written Blocks": 0,                                                                                                               
                           "Local Hit Blocks": 0,                                                                                                                    
                           "Local Read Blocks": 0,                                                                                                                   
                           "Local Dirtied Blocks": 0,                                                                                                                
                           "Local Written Blocks": 0,                                                                                                                
                           "Temp Read Blocks": 0,                                                                                                                    
                           "Temp Written Blocks": 0,                                                                                                                 
                           "Plans": [                                                                                                                                
                             {                                                                                                                                       
                               "Node Type": "Hash Join",                                                                                                             
                               "Parent Relationship": "Outer",                                                                                                       
                               "Parallel Aware": false,                                                                                                              
                               "Join Type": "Inner",                                                                                                                 
                               "Startup Cost": 1133.44,                                                                                                              
                               "Total Cost": 2582.09,                                                                                                                
                               "Plan Rows": 5,                                                                                                                       
                               "Plan Width": 27,                                                                                                                     
                               "Actual Startup Time": 1381.556,                                                                                                      
                               "Actual Total Time": 2503.641,                                                                                                        
                               "Actual Rows": 2293,                                                                                                                  
                               "Actual Loops": 1,                                                                                                                    
                               "Inner Unique": false,                                                                                                                
                               "Hash Cond": "(mk.movie_id = mc.movie_id)",                                                                                           
                               "Shared Hit Blocks": 0,                                                                                                               
                               "Shared Read Blocks": 47187,                                                                                                          
                               "Shared Dirtied Blocks": 0,                                                                                                           
                               "Shared Written Blocks": 0,                                                                                                           
                               "Local Hit Blocks": 0,                                                                                                                
                               "Local Read Blocks": 0,                                                                                                               
                               "Local Dirtied Blocks": 0,                                                                                                            
                               "Local Written Blocks": 0,                                                                                                            
                               "Temp Read Blocks": 0,                                                                                                                
                               "Temp Written Blocks": 0,                                                                                                             
                               "Plans": [                                                                                                                            
                                 {                                                                                                                                   
                                   "Node Type": "Hash Join",                                                                                                         
                                   "Parent Relationship": "Outer",                                                                                                   
                                   "Parallel Aware": false,                                                                                                          
                                   "Join Type": "Inner",                                                                                                             
                                   "Startup Cost": 49.46,                                                                                                            
                                   "Total Cost": 1498.10,                                                                                                            
                                   "Plan Rows": 34,                                                                                                                  
                                   "Plan Width": 4,                                                                                                                  
                                   "Actual Startup Time": 95.912,                                                                                                    
                                   "Actual Total Time": 1232.854,                                                                                                    
                                   "Actual Rows": 10544,                                                                                                             
                                   "Actual Loops": 1,                                                                                                                
                                   "Inner Unique": true,                                                                                                             
                                   "Hash Cond": "(mk.keyword_id = k.id)",                                                                                            
                                   "Shared Hit Blocks": 0,                                                                                                           
                                   "Shared Read Blocks": 25403,                                                                                                      
                                   "Shared Dirtied Blocks": 0,                                                                                                       
                                   "Shared Written Blocks": 0,                                                                                                       
                                   "Local Hit Blocks": 0,                                                                                                            
                                   "Local Read Blocks": 0,                                                                                                           
                                   "Local Dirtied Blocks": 0,                                                                                                        
                                   "Local Written Blocks": 0,                                                                                                        
                                   "Temp Read Blocks": 0,                                                                                                            
                                   "Temp Written Blocks": 0,                                                                                                         
                                   "Plans": [                                                                                                                        
                                     {                                                                                                                               
                                       "Node Type": "Seq Scan",                                                                                                      
                                       "Parent Relationship": "Outer",                                                                                               
                                       "Parallel Aware": false,                                                                                                      
                                       "Relation Name": "movie_keyword",                                                                                             
                                       "Alias": "mk",                                                                                                                
                                       "Startup Cost": 0.00,                                                                                                         
                                       "Total Cost": 1079.84,                                                                                                        
                                       "Plan Rows": 4523930,                                                                                                         
                                       "Plan Width": 8,                                                                                                              
                                       "Actual Startup Time": 4.307,                                                                                                 
                                       "Actual Total Time": 538.251,                                                                                                 
                                       "Actual Rows": 4523930,                                                                                                       
                                       "Actual Loops": 1,                                                                                                            
                                       "Shared Hit Blocks": 0,                                                                                                       
                                       "Shared Read Blocks": 24454,                                                                                                  
                                       "Shared Dirtied Blocks": 0,                                                                                                   
                                       "Shared Written Blocks": 0,                                                                                                   
                                       "Local Hit Blocks": 0,                                                                                                        
                                       "Local Read Blocks": 0,                                                                                                       
                                       "Local Dirtied Blocks": 0,                                                                                                    
                                       "Local Written Blocks": 0,                                                                                                    
                                       "Temp Read Blocks": 0,                                                                                                        
                                       "Temp Written Blocks": 0                                                                                                      
                                     },                                                                                                                              
                                     {                                                                                                                               
                                       "Node Type": "Hash",                                                                                                          
                                       "Parent Relationship": "Inner",                                                                                               
                                       "Parallel Aware": false,                                                                                                      
                                       "Startup Cost": 49.46,                                                                                                        
                                       "Total Cost": 49.46,                                                                                                          
                                       "Plan Rows": 1,                                                                                                               
                                       "Plan Width": 4,                                                                                                              
                                       "Actual Startup Time": 91.343,                                                                                                
                                       "Actual Total Time": 91.344,                                                                                                  
                                       "Actual Rows": 1,                                                                                                             
                                       "Actual Loops": 1,                                                                                                            
                                       "Hash Buckets": 1024,                                                                                                         
                                       "Original Hash Buckets": 1024,                                                                                                
                                       "Hash Batches": 1,                                                                                                            
                                       "Original Hash Batches": 1,                                                                                                   
                                       "Peak Memory Usage": 9,                                                                                                       
                                       "Shared Hit Blocks": 0,                                                                                                       
                                       "Shared Read Blocks": 949,                                                                                                    
                                       "Shared Dirtied Blocks": 0,                                                                                                   
                                       "Shared Written Blocks": 0,                                                                                                   
                                       "Local Hit Blocks": 0,                                                                                                        
                                       "Local Read Blocks": 0,                                                                                                       
                                       "Local Dirtied Blocks": 0,                                                                                                    
                                       "Local Written Blocks": 0,                                                                                                    
                                       "Temp Read Blocks": 0,                                                                                                        
                                       "Temp Written Blocks": 0,                                                                                                     
                                       "Plans": [                                                                                                                    
                                         {                                                                                                                           
                                           "Node Type": "Seq Scan",                                                                                                  
                                           "Parent Relationship": "Outer",                                                                                           
                                           "Parallel Aware": false,                                                                                                  
                                           "Relation Name": "keyword",                                                                                               
                                           "Alias": "k",                                                                                                             
                                           "Startup Cost": 0.00,                                                                                                     
                                           "Total Cost": 49.46,                                                                                                      
                                           "Plan Rows": 1,                                                                                                           
                                           "Plan Width": 4,                                                                                                          
                                           "Actual Startup Time": 31.584,                                                                                            
                                           "Actual Total Time": 91.336,                                                                                              
                                           "Actual Rows": 1,                                                                                                         
                                           "Actual Loops": 1,                                                                                                        
                                           "Filter": "(keyword = 'sequel'::text)",                                                                                   
                                           "Rows Removed by Filter": 134169,                                                                                         
                                           "Shared Hit Blocks": 0,                                                                                                   
                                           "Shared Read Blocks": 949,                                                                                                
                                           "Shared Dirtied Blocks": 0,                                                                                               
                                           "Shared Written Blocks": 0,                                                                                               
                                           "Local Hit Blocks": 0,                                                                                                    
                                           "Local Read Blocks": 0,                                                                                                   
                                           "Local Dirtied Blocks": 0,                                                                                                
                                           "Local Written Blocks": 0,                                                                                                
                                           "Temp Read Blocks": 0,                                                                                                    
                                           "Temp Written Blocks": 0                                                                                                  
                                         }                                                                                                                           
                                       ]                                                                                                                             
                                     }                                                                                                                               
                                   ]                                                                                                                                 
                                 },                                                                                                                                  
                                 {                                                                                                                                   
                                   "Node Type": "Hash",                                                                                                              
                                   "Parent Relationship": "Inner",                                                                                                   
                                   "Parallel Aware": false,                                                                                                          
                                   "Startup Cost": 1074.21,                                                                                                          
                                   "Total Cost": 1074.21,                                                                                                            
                                   "Plan Rows": 66524,                                                                                                               
                                   "Plan Width": 23,                                                                                                                 
                                   "Actual Startup Time": 1265.666,                                                                                                  
                                   "Actual Total Time": 1265.666,                                                                                                    
                                   "Actual Rows": 224256,                                                                                                            
                                   "Actual Loops": 1,                                                                                                                
                                   "Hash Buckets": 262144,                                                                                                           
                                   "Original Hash Buckets": 131072,                                                                                                  
                                   "Hash Batches": 1,                                                                                                                
                                   "Original Hash Batches": 1,                                                                                                       
                                   "Peak Memory Usage": 14559,                                                                                                       
                                   "Shared Hit Blocks": 0,                                                                                                           
                                   "Shared Read Blocks": 21784,                                                                                                      
                                   "Shared Dirtied Blocks": 0,                                                                                                       
                                   "Shared Written Blocks": 0,                                                                                                       
                                   "Local Hit Blocks": 0,                                                                                                            
                                   "Local Read Blocks": 0,                                                                                                           
                                   "Local Dirtied Blocks": 0,                                                                                                        
                                   "Local Written Blocks": 0,                                                                                                        
                                   "Temp Read Blocks": 0,                                                                                                            
                                   "Temp Written Blocks": 0,                                                                                                         
                                   "Plans": [                                                                                                                        
                                     {                                                                                                                               
                                       "Node Type": "Hash Join",                                                                                                     
                                       "Parent Relationship": "Outer",                                                                                               
                                       "Parallel Aware": false,                                                                                                      
                                       "Join Type": "Inner",                                                                                                         
                                       "Startup Cost": 172.14,                                                                                                       
                                       "Total Cost": 1074.21,                                                                                                        
                                       "Plan Rows": 66524,                                                                                                           
                                       "Plan Width": 23,                                                                                                             
                                       "Actual Startup Time": 706.643,                                                                                               
                                       "Actual Total Time": 1194.355,                                                                                                
                                       "Actual Rows": 224256,                                                                                                        
                                       "Actual Loops": 1,                                                                                                            
                                       "Inner Unique": true,                                                                                                         
                                       "Hash Cond": "(mc.company_type_id = ct.id)",                                                                                  
                                       "Shared Hit Blocks": 0,                                                                                                       
                                       "Shared Read Blocks": 21784,                                                                                                  
                                       "Shared Dirtied Blocks": 0,                                                                                                   
                                       "Shared Written Blocks": 0,                                                                                                   
                                       "Local Hit Blocks": 0,                                                                                                        
                                       "Local Read Blocks": 0,                                                                                                       
                                       "Local Dirtied Blocks": 0,                                                                                                    
                                       "Local Written Blocks": 0,                                                                                                    
                                       "Temp Read Blocks": 0,                                                                                                        
                                       "Temp Written Blocks": 0,                                                                                                     
                                       "Plans": [                                                                                                                    
                                         {                                                                                                                           
                                           "Node Type": "Hash Join",                                                                                                 
                                           "Parent Relationship": "Outer",                                                                                           
                                           "Parallel Aware": false,                                                                                                  
                                           "Join Type": "Inner",                                                                                                     
                                           "Startup Cost": 172.11,                                                                                                   
                                           "Total Cost": 1045.56,                                                                                                    
                                           "Plan Rows": 266098,                                                                                                      
                                           "Plan Width": 27,                                                                                                         
                                           "Actual Startup Time": 169.150,                                                                                           
                                           "Actual Total Time": 1133.057,                                                                                            
                                           "Actual Rows": 240875,                                                                                                    
                                           "Actual Loops": 1,                                                                                                        
                                           "Inner Unique": true,                                                                                                     
                                           "Hash Cond": "(mc.company_id = cn.id)",                                                                                   
                                           "Shared Hit Blocks": 0,                                                                                                   
                                           "Shared Read Blocks": 21783,                                                                                              
                                           "Shared Dirtied Blocks": 0,                                                                                               
                                           "Shared Written Blocks": 0,                                                                                               
                                           "Local Hit Blocks": 0,                                                                                                    
                                           "Local Read Blocks": 0,                                                                                                   
                                           "Local Dirtied Blocks": 0,                                                                                                
                                           "Local Written Blocks": 0,                                                                                                
                                           "Temp Read Blocks": 0,                                                                                                    
                                           "Temp Written Blocks": 0,                                                                                                 
                                           "Plans": [                                                                                                                
                                             {                                                                                                                       
                                               "Node Type": "Seq Scan",                                                                                              
                                               "Parent Relationship": "Outer",                                                                                       
                                               "Parallel Aware": false,                                                                                              
                                               "Relation Name": "movie_companies",                                                                                   
                                               "Alias": "mc",                                                                                                        
                                               "Startup Cost": 0.00,                                                                                                 
                                               "Total Cost": 769.75,                                                                                                 
                                               "Plan Rows": 1271989,                                                                                                 
                                               "Plan Width": 12,                                                                                                     
                                               "Actual Startup Time": 25.062,                                                                                        
                                               "Actual Total Time": 758.291,                                                                                         
                                               "Actual Rows": 1271989,                                                                                               
                                               "Actual Loops": 1,                                                                                                    
                                               "Filter": "(note IS NULL)",                                                                                           
                                               "Rows Removed by Filter": 1337140,                                                                                    
                                               "Shared Hit Blocks": 0,                                                                                               
                                               "Shared Read Blocks": 18789,                                                                                          
                                               "Shared Dirtied Blocks": 0,                                                                                           
                                               "Shared Written Blocks": 0,                                                                                           
                                               "Local Hit Blocks": 0,                                                                                                
                                               "Local Read Blocks": 0,                                                                                               
                                               "Local Dirtied Blocks": 0,                                                                                            
                                               "Local Written Blocks": 0,                                                                                            
                                               "Temp Read Blocks": 0,                                                                                                
                                               "Temp Written Blocks": 0                                                                                              
                                             },                                                                                                                      
                                             {                                                                                                                       
                                               "Node Type": "Hash",                                                                                                  
                                               "Parent Relationship": "Inner",                                                                                       
                                               "Parallel Aware": false,                                                                                              
                                               "Startup Cost": 164.90,                                                                                               
                                               "Total Cost": 164.90,                                                                                                 
                                               "Plan Rows": 49161,                                                                                                   
                                               "Plan Width": 23,                                                                                                     
                                               "Actual Startup Time": 138.762,                                                                                       
                                               "Actual Total Time": 138.762,                                                                                         
                                               "Actual Rows": 48302,                                                                                                 
                                               "Actual Loops": 1,                                                                                                    
                                               "Hash Buckets": 65536,                                                                                                
                                               "Original Hash Buckets": 65536,                                                                                       
                                               "Hash Batches": 1,                                                                                                    
                                               "Original Hash Batches": 1,                                                                                           
                                               "Peak Memory Usage": 3137,                                                                                            
                                               "Shared Hit Blocks": 0,                                                                                               
                                               "Shared Read Blocks": 2994,                                                                                           
                                               "Shared Dirtied Blocks": 0,                                                                                           
                                               "Shared Written Blocks": 0,                                                                                           
                                               "Local Hit Blocks": 0,                                                                                                
                                               "Local Read Blocks": 0,                                                                                               
                                               "Local Dirtied Blocks": 0,                                                                                            
                                               "Local Written Blocks": 0,                                                                                            
                                               "Temp Read Blocks": 0,                                                                                                
                                               "Temp Written Blocks": 0,                                                                                             
                                               "Plans": [                                                                                                            
                                                 {                                                                                                                   
                                                   "Node Type": "Seq Scan",                                                                                          
                                                   "Parent Relationship": "Outer",                                                                                   
                                                   "Parallel Aware": false,                                                                                          
                                                   "Relation Name": "company_name",                                                                                  
                                                   "Alias": "cn",                                                                                                    
                                                   "Startup Cost": 0.00,                                                                                             
                                                   "Total Cost": 164.90,                                                                                             
                                                   "Plan Rows": 49161,                                                                                               
                                                   "Plan Width": 23,                                                                                                 
                                                   "Actual Startup Time": 2.960,                                                                                     
                                                   "Actual Total Time": 121.624,                                                                                     
                                                   "Actual Rows": 48302,                                                                                             
                                                   "Actual Loops": 1,                                                                                                
                                                   "Filter": "(((country_code)::text <> '[pl]'::text) AND ((name ~~ '%Film%'::text) OR (name ~~ '%Warner%'::text)))",
                                                   "Rows Removed by Filter": 186695,                                                                                 
                                                   "Shared Hit Blocks": 0,                                                                                           
                                                   "Shared Read Blocks": 2994,                                                                                       
                                                   "Shared Dirtied Blocks": 0,                                                                                       
                                                   "Shared Written Blocks": 0,                                                                                       
                                                   "Local Hit Blocks": 0,                                                                                            
                                                   "Local Read Blocks": 0,                                                                                           
                                                   "Local Dirtied Blocks": 0,                                                                                        
                                                   "Local Written Blocks": 0,                                                                                        
                                                   "Temp Read Blocks": 0,                                                                                            
                                                   "Temp Written Blocks": 0                                                                                          
                                                 }                                                                                                                   
                                               ]                                                                                                                     
                                             }                                                                                                                       
                                           ]                                                                                                                         
                                         },                                                                                                                          
                                         {                                                                                                                           
                                           "Node Type": "Hash",                                                                                                      
                                           "Parent Relationship": "Inner",                                                                                           
                                           "Parallel Aware": false,                                                                                                  
                                           "Startup Cost": 0.03,                                                                                                     
                                           "Total Cost": 0.03,                                                                                                       
                                           "Plan Rows": 1,                                                                                                           
                                           "Plan Width": 4,                                                                                                          
                                           "Actual Startup Time": 0.078,                                                                                             
                                           "Actual Total Time": 0.078,                                                                                               
                                           "Actual Rows": 1,                                                                                                         
                                           "Actual Loops": 1,                                                                                                        
                                           "Hash Buckets": 1024,                                                                                                     
                                           "Original Hash Buckets": 1024,                                                                                            
                                           "Hash Batches": 1,                                                                                                        
                                           "Original Hash Batches": 1,                                                                                               
                                           "Peak Memory Usage": 9,                                                                                                   
                                           "Shared Hit Blocks": 0,                                                                                                   
                                           "Shared Read Blocks": 1,                                                                                                  
                                           "Shared Dirtied Blocks": 0,                                                                                               
                                           "Shared Written Blocks": 0,                                                                                               
                                           "Local Hit Blocks": 0,                                                                                                    
                                           "Local Read Blocks": 0,                                                                                                   
                                           "Local Dirtied Blocks": 0,                                                                                                
                                           "Local Written Blocks": 0,                                                                                                
                                           "Temp Read Blocks": 0,                                                                                                    
                                           "Temp Written Blocks": 0,                                                                                                 
                                           "Plans": [                                                                                                                
                                             {                                                                                                                       
                                               "Node Type": "Seq Scan",                                                                                              
                                               "Parent Relationship": "Outer",                                                                                       
                                               "Parallel Aware": false,                                                                                              
                                               "Relation Name": "company_type",                                                                                      
                                               "Alias": "ct",                                                                                                        
                                               "Startup Cost": 0.00,                                                                                                 
                                               "Total Cost": 0.03,                                                                                                   
                                               "Plan Rows": 1,                                                                                                       
                                               "Plan Width": 4,                                                                                                      
                                               "Actual Startup Time": 0.071,                                                                                         
                                               "Actual Total Time": 0.072,                                                                                           
                                               "Actual Rows": 1,                                                                                                     
                                               "Actual Loops": 1,                                                                                                    
                                               "Filter": "((kind)::text = 'production companies'::text)",                                                            
                                               "Rows Removed by Filter": 3,                                                                                          
                                               "Shared Hit Blocks": 0,                                                                                               
                                               "Shared Read Blocks": 1,                                                                                              
                                               "Shared Dirtied Blocks": 0,                                                                                           
                                               "Shared Written Blocks": 0,                                                                                           
                                               "Local Hit Blocks": 0,                                                                                                
                                               "Local Read Blocks": 0,                                                                                               
                                               "Local Dirtied Blocks": 0,                                                                                            
                                               "Local Written Blocks": 0,                                                                                            
                                               "Temp Read Blocks": 0,                                                                                                
                                               "Temp Written Blocks": 0                                                                                              
                                             }                                                                                                                       
                                           ]                                                                                                                         
                                         }                                                                                                                           
                                       ]                                                                                                                             
                                     }                                                                                                                               
                                   ]                                                                                                                                 
                                 }                                                                                                                                   
                               ]                                                                                                                                     
                             }                                                                                                                                       
                           ]                                                                                                                                         
                         }                                                                                                                                           
                       ]                                                                                                                                             
                     }                                                                                                                                               
                   ]                                                                                                                                                 
                 }                                                                                                                                                   
               ]                                                                                                                                                     
             },                                                                                                                                                      
             {                                                                                                                                                       
               "Node Type": "Hash",                                                                                                                                  
               "Parent Relationship": "Inner",                                                                                                                       
               "Parallel Aware": false,                                                                                                                              
               "Startup Cost": 9.84,                                                                                                                                 
               "Total Cost": 9.84,                                                                                                                                   
               "Plan Rows": 1666,                                                                                                                                    
               "Plan Width": 16,                                                                                                                                     
               "Actual Startup Time": 33.218,                                                                                                                        
               "Actual Total Time": 33.218,                                                                                                                          
               "Actual Rows": 2315,                                                                                                                                  
               "Actual Loops": 1,                                                                                                                                    
               "Hash Buckets": 4096,                                                                                                                                 
               "Original Hash Buckets": 2048,                                                                                                                        
               "Hash Batches": 1,                                                                                                                                    
               "Original Hash Batches": 1,                                                                                                                           
               "Peak Memory Usage": 136,                                                                                                                             
               "Shared Hit Blocks": 0,                                                                                                                               
               "Shared Read Blocks": 164,                                                                                                                            
               "Shared Dirtied Blocks": 0,                                                                                                                           
               "Shared Written Blocks": 0,                                                                                                                           
               "Local Hit Blocks": 0,                                                                                                                                
               "Local Read Blocks": 0,                                                                                                                               
               "Local Dirtied Blocks": 0,                                                                                                                            
               "Local Written Blocks": 0,                                                                                                                            
               "Temp Read Blocks": 0,                                                                                                                                
               "Temp Written Blocks": 0,                                                                                                                             
               "Plans": [                                                                                                                                            
                 {                                                                                                                                                   
                   "Node Type": "Hash Join",                                                                                                                         
                   "Parent Relationship": "Outer",                                                                                                                   
                   "Parallel Aware": false,                                                                                                                          
                   "Join Type": "Inner",                                                                                                                             
                   "Startup Cost": 0.03,                                                                                                                             
                   "Total Cost": 9.84,                                                                                                                               
                   "Plan Rows": 1666,                                                                                                                                
                   "Plan Width": 16,                                                                                                                                 
                   "Actual Startup Time": 20.867,                                                                                                                    
                   "Actual Total Time": 32.462,                                                                                                                      
                   "Actual Rows": 2315,                                                                                                                              
                   "Actual Loops": 1,                                                                                                                                
                   "Inner Unique": true,                                                                                                                             
                   "Hash Cond": "(ml.link_type_id = lt.id)",                                                                                                         
                   "Shared Hit Blocks": 0,                                                                                                                           
                   "Shared Read Blocks": 164,                                                                                                                        
                   "Shared Dirtied Blocks": 0,                                                                                                                       
                   "Shared Written Blocks": 0,                                                                                                                       
                   "Local Hit Blocks": 0,                                                                                                                            
                   "Local Read Blocks": 0,                                                                                                                           
                   "Local Dirtied Blocks": 0,                                                                                                                        
                   "Local Written Blocks": 0,                                                                                                                        
                   "Temp Read Blocks": 0,                                                                                                                            
                   "Temp Written Blocks": 0,                                                                                                                         
                   "Plans": [                                                                                                                                        
                     {                                                                                                                                               
                       "Node Type": "Seq Scan",                                                                                                                      
                       "Parent Relationship": "Outer",                                                                                                               
                       "Parallel Aware": false,                                                                                                                      
                       "Relation Name": "movie_link",                                                                                                                
                       "Alias": "ml",                                                                                                                                
                       "Startup Cost": 0.00,                                                                                                                         
                       "Total Cost": 7.19,                                                                                                                           
                       "Plan Rows": 29997,                                                                                                                           
                       "Plan Width": 8,                                                                                                                              
                       "Actual Startup Time": 20.640,                                                                                                                
                       "Actual Total Time": 25.829,                                                                                                                  
                       "Actual Rows": 29997,                                                                                                                         
                       "Actual Loops": 1,                                                                                                                            
                       "Shared Hit Blocks": 0,                                                                                                                       
                       "Shared Read Blocks": 163,                                                                                                                    
                       "Shared Dirtied Blocks": 0,                                                                                                                   
                       "Shared Written Blocks": 0,                                                                                                                   
                       "Local Hit Blocks": 0,                                                                                                                        
                       "Local Read Blocks": 0,                                                                                                                       
                       "Local Dirtied Blocks": 0,                                                                                                                    
                       "Local Written Blocks": 0,                                                                                                                    
                       "Temp Read Blocks": 0,                                                                                                                        
                       "Temp Written Blocks": 0                                                                                                                      
                     },                                                                                                                                              
                     {                                                                                                                                               
                       "Node Type": "Hash",                                                                                                                          
                       "Parent Relationship": "Inner",                                                                                                               
                       "Parallel Aware": false,                                                                                                                      
                       "Startup Cost": 0.03,                                                                                                                         
                       "Total Cost": 0.03,                                                                                                                           
                       "Plan Rows": 1,                                                                                                                               
                       "Plan Width": 16,                                                                                                                             
                       "Actual Startup Time": 0.145,                                                                                                                 
                       "Actual Total Time": 0.145,                                                                                                                   
                       "Actual Rows": 2,                                                                                                                             
                       "Actual Loops": 1,                                                                                                                            
                       "Hash Buckets": 1024,                                                                                                                         
                       "Original Hash Buckets": 1024,                                                                                                                
                       "Hash Batches": 1,                                                                                                                            
                       "Original Hash Batches": 1,                                                                                                                   
                       "Peak Memory Usage": 9,                                                                                                                       
                       "Shared Hit Blocks": 0,                                                                                                                       
                       "Shared Read Blocks": 1,                                                                                                                      
                       "Shared Dirtied Blocks": 0,                                                                                                                   
                       "Shared Written Blocks": 0,                                                                                                                   
                       "Local Hit Blocks": 0,                                                                                                                        
                       "Local Read Blocks": 0,                                                                                                                       
                       "Local Dirtied Blocks": 0,                                                                                                                    
                       "Local Written Blocks": 0,                                                                                                                    
                       "Temp Read Blocks": 0,                                                                                                                        
                       "Temp Written Blocks": 0,                                                                                                                     
                       "Plans": [                                                                                                                                    
                         {                                                                                                                                           
                           "Node Type": "Seq Scan",                                                                                                                  
                           "Parent Relationship": "Outer",                                                                                                           
                           "Parallel Aware": false,                                                                                                                  
                           "Relation Name": "link_type",                                                                                                             
                           "Alias": "lt",                                                                                                                            
                           "Startup Cost": 0.00,                                                                                                                     
                           "Total Cost": 0.03,                                                                                                                       
                           "Plan Rows": 1,                                                                                                                           
                           "Plan Width": 16,                                                                                                                         
                           "Actual Startup Time": 0.119,                                                                                                             
                           "Actual Total Time": 0.134,                                                                                                               
                           "Actual Rows": 2,                                                                                                                         
                           "Actual Loops": 1,                                                                                                                        
                           "Filter": "((link)::text ~~ '%follow%'::text)",                                                                                           
                           "Rows Removed by Filter": 16,                                                                                                             
                           "Shared Hit Blocks": 0,                                                                                                                   
                           "Shared Read Blocks": 1,                                                                                                                  
                           "Shared Dirtied Blocks": 0,                                                                                                               
                           "Shared Written Blocks": 0,                                                                                                               
                           "Local Hit Blocks": 0,                                                                                                                    
                           "Local Read Blocks": 0,                                                                                                                   
                           "Local Dirtied Blocks": 0,                                                                                                                
                           "Local Written Blocks": 0,                                                                                                                
                           "Temp Read Blocks": 0,                                                                                                                    
                           "Temp Written Blocks": 0                                                                                                                  
                         }                                                                                                                                           
                       ]                                                                                                                                             
                     }                                                                                                                                               
                   ]                                                                                                                                                 
                 }                                                                                                                                                   
               ]                                                                                                                                                     
             }                                                                                                                                                       
           ]                                                                                                                                                         
         }                                                                                                                                                           
       ]                                                                                                                                                             
     },                                                                                                                                                              
     "Planning Time": 5491.433,                                                                                                                                      
     "Triggers": [                                                                                                                                                   
     ],                                                                                                                                                              
     "Execution Time": 13056.517                                                                                                                                     
   }                                                                                                                                                                 
 ]
