 [                                                                                                                                                                   
   {                                                                                                                                                                 
     "Plan": {                                                                                                                                                       
       "Node Type": "Aggregate",                                                                                                                                     
       "Strategy": "Plain",                                                                                                                                          
       "Partial Mode": "Simple",                                                                                                                                     
       "Parallel Aware": false,                                                                                                                                      
       "Startup Cost": 15906.28,                                                                                                                                     
       "Total Cost": 15906.28,                                                                                                                                       
       "Plan Rows": 1,                                                                                                                                               
       "Plan Width": 96,                                                                                                                                             
       "Actual Startup Time": 12863.888,                                                                                                                             
       "Actual Total Time": 12863.888,                                                                                                                               
       "Actual Rows": 1,                                                                                                                                             
       "Actual Loops": 1,                                                                                                                                            
       "Shared Hit Blocks": 3,                                                                                                                                       
       "Shared Read Blocks": 245241,                                                                                                                                 
       "Shared Dirtied Blocks": 0,                                                                                                                                   
       "Shared Written Blocks": 0,                                                                                                                                   
       "Local Hit Blocks": 0,                                                                                                                                        
       "Local Read Blocks": 0,                                                                                                                                       
       "Local Dirtied Blocks": 0,                                                                                                                                    
       "Local Written Blocks": 0,                                                                                                                                    
       "Temp Read Blocks": 0,                                                                                                                                        
       "Temp Written Blocks": 0,                                                                                                                                     
       "Plans": [                                                                                                                                                    
         {                                                                                                                                                           
           "Node Type": "Hash Join",                                                                                                                                 
           "Parent Relationship": "Outer",                                                                                                                           
           "Parallel Aware": false,                                                                                                                                  
           "Join Type": "Inner",                                                                                                                                     
           "Startup Cost": 4510.05,                                                                                                                                  
           "Total Cost": 15906.28,                                                                                                                                   
           "Plan Rows": 1,                                                                                                                                           
           "Plan Width": 48,                                                                                                                                         
           "Actual Startup Time": 11476.766,                                                                                                                         
           "Actual Total Time": 12837.131,                                                                                                                           
           "Actual Rows": 1874,                                                                                                                                      
           "Actual Loops": 1,                                                                                                                                        
           "Inner Unique": false,                                                                                                                                    
           "Hash Cond": "(mi.movie_id = ml.movie_id)",                                                                                                               
           "Shared Hit Blocks": 3,                                                                                                                                   
           "Shared Read Blocks": 245241,                                                                                                                             
           "Shared Dirtied Blocks": 0,                                                                                                                               
           "Shared Written Blocks": 0,                                                                                                                               
           "Local Hit Blocks": 0,                                                                                                                                    
           "Local Read Blocks": 0,                                                                                                                                   
           "Local Dirtied Blocks": 0,                                                                                                                                
           "Local Written Blocks": 0,                                                                                                                                
           "Temp Read Blocks": 0,                                                                                                                                    
           "Temp Written Blocks": 0,                                                                                                                                 
           "Plans": [                                                                                                                                                
             {                                                                                                                                                       
               "Node Type": "Seq Scan",                                                                                                                              
               "Parent Relationship": "Outer",                                                                                                                       
               "Parallel Aware": false,                                                                                                                              
               "Relation Name": "movie_info",                                                                                                                        
               "Alias": "mi",                                                                                                                                        
               "Startup Cost": 0.00,                                                                                                                                 
               "Total Cost": 11287.12,                                                                                                                               
               "Plan Rows": 936891,                                                                                                                                  
               "Plan Width": 4,                                                                                                                                      
               "Actual Startup Time": 39.358,                                                                                                                        
               "Actual Total Time": 8438.803,                                                                                                                        
               "Actual Rows": 936223,                                                                                                                                
               "Actual Loops": 1,                                                                                                                                    
               "Filter": "(info = ANY ('{Sweden,Norway,Germany,Denmark,Swedish,Denish,Norwegian,German,English}'::text[]))",                                         
               "Rows Removed by Filter": 13899497,                                                                                                                   
               "Shared Hit Blocks": 0,                                                                                                                               
               "Shared Read Blocks": 161892,                                                                                                                         
               "Shared Dirtied Blocks": 0,                                                                                                                           
               "Shared Written Blocks": 0,                                                                                                                           
               "Local Hit Blocks": 0,                                                                                                                                
               "Local Read Blocks": 0,                                                                                                                               
               "Local Dirtied Blocks": 0,                                                                                                                            
               "Local Written Blocks": 0,                                                                                                                            
               "Temp Read Blocks": 0,                                                                                                                                
               "Temp Written Blocks": 0                                                                                                                              
             },                                                                                                                                                      
             {                                                                                                                                                       
               "Node Type": "Hash",                                                                                                                                  
               "Parent Relationship": "Inner",                                                                                                                       
               "Parallel Aware": false,                                                                                                                              
               "Startup Cost": 4510.05,                                                                                                                              
               "Total Cost": 4510.05,                                                                                                                                
               "Plan Rows": 1,                                                                                                                                       
               "Plan Width": 64,                                                                                                                                     
               "Actual Startup Time": 4295.659,                                                                                                                      
               "Actual Total Time": 4295.659,                                                                                                                        
               "Actual Rows": 402,                                                                                                                                   
               "Actual Loops": 1,                                                                                                                                    
               "Hash Buckets": 1024,                                                                                                                                 
               "Original Hash Buckets": 1024,                                                                                                                        
               "Hash Batches": 1,                                                                                                                                    
               "Original Hash Batches": 1,                                                                                                                           
               "Peak Memory Usage": 49,                                                                                                                              
               "Shared Hit Blocks": 0,                                                                                                                               
               "Shared Read Blocks": 83349,                                                                                                                          
               "Shared Dirtied Blocks": 0,                                                                                                                           
               "Shared Written Blocks": 0,                                                                                                                           
               "Local Hit Blocks": 0,                                                                                                                                
               "Local Read Blocks": 0,                                                                                                                               
               "Local Dirtied Blocks": 0,                                                                                                                            
               "Local Written Blocks": 0,                                                                                                                            
               "Temp Read Blocks": 0,                                                                                                                                
               "Temp Written Blocks": 0,                                                                                                                             
               "Plans": [                                                                                                                                            
                 {                                                                                                                                                   
                   "Node Type": "Hash Join",                                                                                                                         
                   "Parent Relationship": "Outer",                                                                                                                   
                   "Parallel Aware": false,                                                                                                                          
                   "Join Type": "Inner",                                                                                                                             
                   "Startup Cost": 2592.17,                                                                                                                          
                   "Total Cost": 4510.05,                                                                                                                            
                   "Plan Rows": 1,                                                                                                                                   
                   "Plan Width": 64,                                                                                                                                 
                   "Actual Startup Time": 2596.693,                                                                                                                  
                   "Actual Total Time": 4295.438,                                                                                                                    
                   "Actual Rows": 402,                                                                                                                               
                   "Actual Loops": 1,                                                                                                                                
                   "Inner Unique": false,                                                                                                                            
                   "Hash Cond": "(t.id = ml.movie_id)",                                                                                                              
                   "Shared Hit Blocks": 0,                                                                                                                           
                   "Shared Read Blocks": 83349,                                                                                                                      
                   "Shared Dirtied Blocks": 0,                                                                                                                       
                   "Shared Written Blocks": 0,                                                                                                                       
                   "Local Hit Blocks": 0,                                                                                                                            
                   "Local Read Blocks": 0,                                                                                                                           
                   "Local Dirtied Blocks": 0,                                                                                                                        
                   "Local Written Blocks": 0,                                                                                                                        
                   "Temp Read Blocks": 0,                                                                                                                            
                   "Temp Written Blocks": 0,                                                                                                                         
                   "Plans": [                                                                                                                                        
                     {                                                                                                                                               
                       "Node Type": "Hash Join",                                                                                                                     
                       "Parent Relationship": "Outer",                                                                                                               
                       "Parallel Aware": false,                                                                                                                      
                       "Join Type": "Inner",                                                                                                                         
                       "Startup Cost": 2582.09,                                                                                                                      
                       "Total Cost": 4499.96,                                                                                                                        
                       "Plan Rows": 4,                                                                                                                               
                       "Plan Width": 48,                                                                                                                             
                       "Actual Startup Time": 2547.703,                                                                                                              
                       "Actual Total Time": 4245.702,                                                                                                                
                       "Actual Rows": 1803,                                                                                                                          
                       "Actual Loops": 1,                                                                                                                            
                       "Inner Unique": false,                                                                                                                        
                       "Hash Cond": "(t.id = mk.movie_id)",                                                                                                          
                       "Shared Hit Blocks": 0,                                                                                                                       
                       "Shared Read Blocks": 83185,                                                                                                                  
                       "Shared Dirtied Blocks": 0,                                                                                                                   
                       "Shared Written Blocks": 0,                                                                                                                   
                       "Local Hit Blocks": 0,                                                                                                                        
                       "Local Read Blocks": 0,                                                                                                                       
                       "Local Dirtied Blocks": 0,                                                                                                                    
                       "Local Written Blocks": 0,                                                                                                                    
                       "Temp Read Blocks": 0,                                                                                                                        
                       "Temp Written Blocks": 0,                                                                                                                     
                       "Plans": [                                                                                                                                    
                         {                                                                                                                                           
                           "Node Type": "Seq Scan",                                                                                                                  
                           "Parent Relationship": "Outer",                                                                                                           
                           "Parallel Aware": false,                                                                                                                  
                           "Relation Name": "title",                                                                                                                 
                           "Alias": "t",                                                                                                                             
                           "Startup Cost": 0.00,                                                                                                                     
                           "Total Cost": 1696.56,                                                                                                                    
                           "Plan Rows": 1900368,                                                                                                                     
                           "Plan Width": 21,                                                                                                                         
                           "Actual Startup Time": 22.569,                                                                                                            
                           "Actual Total Time": 1351.553,                                                                                                            
                           "Actual Rows": 1900368,                                                                                                                   
                           "Actual Loops": 1,                                                                                                                        
                           "Filter": "((production_year >= 1950) AND (production_year <= 2010))",                                                                    
                           "Rows Removed by Filter": 627944,                                                                                                         
                           "Shared Hit Blocks": 0,                                                                                                                   
                           "Shared Read Blocks": 35998,                                                                                                              
                           "Shared Dirtied Blocks": 0,                                                                                                               
                           "Shared Written Blocks": 0,                                                                                                               
                           "Local Hit Blocks": 0,                                                                                                                    
                           "Local Read Blocks": 0,                                                                                                                   
                           "Local Dirtied Blocks": 0,                                                                                                                
                           "Local Written Blocks": 0,                                                                                                                
                           "Temp Read Blocks": 0,                                                                                                                    
                           "Temp Written Blocks": 0                                                                                                                  
                         },                                                                                                                                          
                         {                                                                                                                                           
                           "Node Type": "Hash",                                                                                                                      
                           "Parent Relationship": "Inner",                                                                                                           
                           "Parallel Aware": false,                                                                                                                  
                           "Startup Cost": 2582.09,                                                                                                                  
                           "Total Cost": 2582.09,                                                                                                                    
                           "Plan Rows": 5,                                                                                                                           
                           "Plan Width": 27,                                                                                                                         
                           "Actual Startup Time": 2505.714,                                                                                                          
                           "Actual Total Time": 2505.714,                                                                                                            
                           "Actual Rows": 2293,                                                                                                                      
                           "Actual Loops": 1,                                                                                                                        
                           "Hash Buckets": 4096,                                                                                                                     
                           "Original Hash Buckets": 1024,                                                                                                            
                           "Hash Batches": 1,                                                                                                                        
                           "Original Hash Batches": 1,                                                                                                               
                           "Peak Memory Usage": 171,                                                                                                                 
                           "Shared Hit Blocks": 0,                                                                                                                   
                           "Shared Read Blocks": 47187,                                                                                                              
                           "Shared Dirtied Blocks": 0,                                                                                                               
                           "Shared Written Blocks": 0,                                                                                                               
                           "Local Hit Blocks": 0,                                                                                                                    
                           "Local Read Blocks": 0,                                                                                                                   
                           "Local Dirtied Blocks": 0,                                                                                                                
                           "Local Written Blocks": 0,                                                                                                                
                           "Temp Read Blocks": 0,                                                                                                                    
                           "Temp Written Blocks": 0,                                                                                                                 
                           "Plans": [                                                                                                                                
                             {                                                                                                                                       
                               "Node Type": "Hash Join",                                                                                                             
                               "Parent Relationship": "Outer",                                                                                                       
                               "Parallel Aware": false,                                                                                                              
                               "Join Type": "Inner",                                                                                                                 
                               "Startup Cost": 1133.44,                                                                                                              
                               "Total Cost": 2582.09,                                                                                                                
                               "Plan Rows": 5,                                                                                                                       
                               "Plan Width": 27,                                                                                                                     
                               "Actual Startup Time": 1376.249,                                                                                                      
                               "Actual Total Time": 2504.674,                                                                                                        
                               "Actual Rows": 2293,                                                                                                                  
                               "Actual Loops": 1,                                                                                                                    
                               "Inner Unique": false,                                                                                                                
                               "Hash Cond": "(mk.movie_id = mc.movie_id)",                                                                                           
                               "Shared Hit Blocks": 0,                                                                                                               
                               "Shared Read Blocks": 47187,                                                                                                          
                               "Shared Dirtied Blocks": 0,                                                                                                           
                               "Shared Written Blocks": 0,                                                                                                           
                               "Local Hit Blocks": 0,                                                                                                                
                               "Local Read Blocks": 0,                                                                                                               
                               "Local Dirtied Blocks": 0,                                                                                                            
                               "Local Written Blocks": 0,                                                                                                            
                               "Temp Read Blocks": 0,                                                                                                                
                               "Temp Written Blocks": 0,                                                                                                             
                               "Plans": [                                                                                                                            
                                 {                                                                                                                                   
                                   "Node Type": "Hash Join",                                                                                                         
                                   "Parent Relationship": "Outer",                                                                                                   
                                   "Parallel Aware": false,                                                                                                          
                                   "Join Type": "Inner",                                                                                                             
                                   "Startup Cost": 49.46,                                                                                                            
                                   "Total Cost": 1498.10,                                                                                                            
                                   "Plan Rows": 34,                                                                                                                  
                                   "Plan Width": 4,                                                                                                                  
                                   "Actual Startup Time": 96.035,                                                                                                    
                                   "Actual Total Time": 1227.502,                                                                                                    
                                   "Actual Rows": 10544,                                                                                                             
                                   "Actual Loops": 1,                                                                                                                
                                   "Inner Unique": true,                                                                                                             
                                   "Hash Cond": "(mk.keyword_id = k.id)",                                                                                            
                                   "Shared Hit Blocks": 0,                                                                                                           
                                   "Shared Read Blocks": 25403,                                                                                                      
                                   "Shared Dirtied Blocks": 0,                                                                                                       
                                   "Shared Written Blocks": 0,                                                                                                       
                                   "Local Hit Blocks": 0,                                                                                                            
                                   "Local Read Blocks": 0,                                                                                                           
                                   "Local Dirtied Blocks": 0,                                                                                                        
                                   "Local Written Blocks": 0,                                                                                                        
                                   "Temp Read Blocks": 0,                                                                                                            
                                   "Temp Written Blocks": 0,                                                                                                         
                                   "Plans": [                                                                                                                        
                                     {                                                                                                                               
                                       "Node Type": "Seq Scan",                                                                                                      
                                       "Parent Relationship": "Outer",                                                                                               
                                       "Parallel Aware": false,                                                                                                      
                                       "Relation Name": "movie_keyword",                                                                                             
                                       "Alias": "mk",                                                                                                                
                                       "Startup Cost": 0.00,                                                                                                         
                                       "Total Cost": 1079.84,                                                                                                        
                                       "Plan Rows": 4523930,                                                                                                         
                                       "Plan Width": 8,                                                                                                              
                                       "Actual Startup Time": 4.340,                                                                                                 
                                       "Actual Total Time": 510.740,                                                                                                 
                                       "Actual Rows": 4523930,                                                                                                       
                                       "Actual Loops": 1,                                                                                                            
                                       "Shared Hit Blocks": 0,                                                                                                       
                                       "Shared Read Blocks": 24454,                                                                                                  
                                       "Shared Dirtied Blocks": 0,                                                                                                   
                                       "Shared Written Blocks": 0,                                                                                                   
                                       "Local Hit Blocks": 0,                                                                                                        
                                       "Local Read Blocks": 0,                                                                                                       
                                       "Local Dirtied Blocks": 0,                                                                                                    
                                       "Local Written Blocks": 0,                                                                                                    
                                       "Temp Read Blocks": 0,                                                                                                        
                                       "Temp Written Blocks": 0                                                                                                      
                                     },                                                                                                                              
                                     {                                                                                                                               
                                       "Node Type": "Hash",                                                                                                          
                                       "Parent Relationship": "Inner",                                                                                               
                                       "Parallel Aware": false,                                                                                                      
                                       "Startup Cost": 49.46,                                                                                                        
                                       "Total Cost": 49.46,                                                                                                          
                                       "Plan Rows": 1,                                                                                                               
                                       "Plan Width": 4,                                                                                                              
                                       "Actual Startup Time": 91.445,                                                                                                
                                       "Actual Total Time": 91.446,                                                                                                  
                                       "Actual Rows": 1,                                                                                                             
                                       "Actual Loops": 1,                                                                                                            
                                       "Hash Buckets": 1024,                                                                                                         
                                       "Original Hash Buckets": 1024,                                                                                                
                                       "Hash Batches": 1,                                                                                                            
                                       "Original Hash Batches": 1,                                                                                                   
                                       "Peak Memory Usage": 9,                                                                                                       
                                       "Shared Hit Blocks": 0,                                                                                                       
                                       "Shared Read Blocks": 949,                                                                                                    
                                       "Shared Dirtied Blocks": 0,                                                                                                   
                                       "Shared Written Blocks": 0,                                                                                                   
                                       "Local Hit Blocks": 0,                                                                                                        
                                       "Local Read Blocks": 0,                                                                                                       
                                       "Local Dirtied Blocks": 0,                                                                                                    
                                       "Local Written Blocks": 0,                                                                                                    
                                       "Temp Read Blocks": 0,                                                                                                        
                                       "Temp Written Blocks": 0,                                                                                                     
                                       "Plans": [                                                                                                                    
                                         {                                                                                                                           
                                           "Node Type": "Seq Scan",                                                                                                  
                                           "Parent Relationship": "Outer",                                                                                           
                                           "Parallel Aware": false,                                                                                                  
                                           "Relation Name": "keyword",                                                                                               
                                           "Alias": "k",                                                                                                             
                                           "Startup Cost": 0.00,                                                                                                     
                                           "Total Cost": 49.46,                                                                                                      
                                           "Plan Rows": 1,                                                                                                           
                                           "Plan Width": 4,                                                                                                          
                                           "Actual Startup Time": 31.474,                                                                                            
                                           "Actual Total Time": 91.437,                                                                                              
                                           "Actual Rows": 1,                                                                                                         
                                           "Actual Loops": 1,                                                                                                        
                                           "Filter": "(keyword = 'sequel'::text)",                                                                                   
                                           "Rows Removed by Filter": 134169,                                                                                         
                                           "Shared Hit Blocks": 0,                                                                                                   
                                           "Shared Read Blocks": 949,                                                                                                
                                           "Shared Dirtied Blocks": 0,                                                                                               
                                           "Shared Written Blocks": 0,                                                                                               
                                           "Local Hit Blocks": 0,                                                                                                    
                                           "Local Read Blocks": 0,                                                                                                   
                                           "Local Dirtied Blocks": 0,                                                                                                
                                           "Local Written Blocks": 0,                                                                                                
                                           "Temp Read Blocks": 0,                                                                                                    
                                           "Temp Written Blocks": 0                                                                                                  
                                         }                                                                                                                           
                                       ]                                                                                                                             
                                     }                                                                                                                               
                                   ]                                                                                                                                 
                                 },                                                                                                                                  
                                 {                                                                                                                                   
                                   "Node Type": "Hash",                                                                                                              
                                   "Parent Relationship": "Inner",                                                                                                   
                                   "Parallel Aware": false,                                                                                                          
                                   "Startup Cost": 1074.21,                                                                                                          
                                   "Total Cost": 1074.21,                                                                                                            
                                   "Plan Rows": 66524,                                                                                                               
                                   "Plan Width": 23,                                                                                                                 
                                   "Actual Startup Time": 1272.002,                                                                                                  
                                   "Actual Total Time": 1272.002,                                                                                                    
                                   "Actual Rows": 224256,                                                                                                            
                                   "Actual Loops": 1,                                                                                                                
                                   "Hash Buckets": 262144,                                                                                                           
                                   "Original Hash Buckets": 131072,                                                                                                  
                                   "Hash Batches": 1,                                                                                                                
                                   "Original Hash Batches": 1,                                                                                                       
                                   "Peak Memory Usage": 14559,                                                                                                       
                                   "Shared Hit Blocks": 0,                                                                                                           
                                   "Shared Read Blocks": 21784,                                                                                                      
                                   "Shared Dirtied Blocks": 0,                                                                                                       
                                   "Shared Written Blocks": 0,                                                                                                       
                                   "Local Hit Blocks": 0,                                                                                                            
                                   "Local Read Blocks": 0,                                                                                                           
                                   "Local Dirtied Blocks": 0,                                                                                                        
                                   "Local Written Blocks": 0,                                                                                                        
                                   "Temp Read Blocks": 0,                                                                                                            
                                   "Temp Written Blocks": 0,                                                                                                         
                                   "Plans": [                                                                                                                        
                                     {                                                                                                                               
                                       "Node Type": "Hash Join",                                                                                                     
                                       "Parent Relationship": "Outer",                                                                                               
                                       "Parallel Aware": false,                                                                                                      
                                       "Join Type": "Inner",                                                                                                         
                                       "Startup Cost": 172.14,                                                                                                       
                                       "Total Cost": 1074.21,                                                                                                        
                                       "Plan Rows": 66524,                                                                                                           
                                       "Plan Width": 23,                                                                                                             
                                       "Actual Startup Time": 706.637,                                                                                               
                                       "Actual Total Time": 1200.667,                                                                                                
                                       "Actual Rows": 224256,                                                                                                        
                                       "Actual Loops": 1,                                                                                                            
                                       "Inner Unique": true,                                                                                                         
                                       "Hash Cond": "(mc.company_type_id = ct.id)",                                                                                  
                                       "Shared Hit Blocks": 0,                                                                                                       
                                       "Shared Read Blocks": 21784,                                                                                                  
                                       "Shared Dirtied Blocks": 0,                                                                                                   
                                       "Shared Written Blocks": 0,                                                                                                   
                                       "Local Hit Blocks": 0,                                                                                                        
                                       "Local Read Blocks": 0,                                                                                                       
                                       "Local Dirtied Blocks": 0,                                                                                                    
                                       "Local Written Blocks": 0,                                                                                                    
                                       "Temp Read Blocks": 0,                                                                                                        
                                       "Temp Written Blocks": 0,                                                                                                     
                                       "Plans": [                                                                                                                    
                                         {                                                                                                                           
                                           "Node Type": "Hash Join",                                                                                                 
                                           "Parent Relationship": "Outer",                                                                                           
                                           "Parallel Aware": false,                                                                                                  
                                           "Join Type": "Inner",                                                                                                     
                                           "Startup Cost": 172.11,                                                                                                   
                                           "Total Cost": 1045.56,                                                                                                    
                                           "Plan Rows": 266098,                                                                                                      
                                           "Plan Width": 27,                                                                                                         
                                           "Actual Startup Time": 169.058,                                                                                           
                                           "Actual Total Time": 1137.444,                                                                                            
                                           "Actual Rows": 240875,                                                                                                    
                                           "Actual Loops": 1,                                                                                                        
                                           "Inner Unique": true,                                                                                                     
                                           "Hash Cond": "(mc.company_id = cn.id)",                                                                                   
                                           "Shared Hit Blocks": 0,                                                                                                   
                                           "Shared Read Blocks": 21783,                                                                                              
                                           "Shared Dirtied Blocks": 0,                                                                                               
                                           "Shared Written Blocks": 0,                                                                                               
                                           "Local Hit Blocks": 0,                                                                                                    
                                           "Local Read Blocks": 0,                                                                                                   
                                           "Local Dirtied Blocks": 0,                                                                                                
                                           "Local Written Blocks": 0,                                                                                                
                                           "Temp Read Blocks": 0,                                                                                                    
                                           "Temp Written Blocks": 0,                                                                                                 
                                           "Plans": [                                                                                                                
                                             {                                                                                                                       
                                               "Node Type": "Seq Scan",                                                                                              
                                               "Parent Relationship": "Outer",                                                                                       
                                               "Parallel Aware": false,                                                                                              
                                               "Relation Name": "movie_companies",                                                                                   
                                               "Alias": "mc",                                                                                                        
                                               "Startup Cost": 0.00,                                                                                                 
                                               "Total Cost": 769.75,                                                                                                 
                                               "Plan Rows": 1271989,                                                                                                 
                                               "Plan Width": 12,                                                                                                     
                                               "Actual Startup Time": 24.958,                                                                                        
                                               "Actual Total Time": 756.614,                                                                                         
                                               "Actual Rows": 1271989,                                                                                               
                                               "Actual Loops": 1,                                                                                                    
                                               "Filter": "(note IS NULL)",                                                                                           
                                               "Rows Removed by Filter": 1337140,                                                                                    
                                               "Shared Hit Blocks": 0,                                                                                               
                                               "Shared Read Blocks": 18789,                                                                                          
                                               "Shared Dirtied Blocks": 0,                                                                                           
                                               "Shared Written Blocks": 0,                                                                                           
                                               "Local Hit Blocks": 0,                                                                                                
                                               "Local Read Blocks": 0,                                                                                               
                                               "Local Dirtied Blocks": 0,                                                                                            
                                               "Local Written Blocks": 0,                                                                                            
                                               "Temp Read Blocks": 0,                                                                                                
                                               "Temp Written Blocks": 0                                                                                              
                                             },                                                                                                                      
                                             {                                                                                                                       
                                               "Node Type": "Hash",                                                                                                  
                                               "Parent Relationship": "Inner",                                                                                       
                                               "Parallel Aware": false,                                                                                              
                                               "Startup Cost": 164.90,                                                                                               
                                               "Total Cost": 164.90,                                                                                                 
                                               "Plan Rows": 49161,                                                                                                   
                                               "Plan Width": 23,                                                                                                     
                                               "Actual Startup Time": 139.969,                                                                                       
                                               "Actual Total Time": 139.969,                                                                                         
                                               "Actual Rows": 48302,                                                                                                 
                                               "Actual Loops": 1,                                                                                                    
                                               "Hash Buckets": 65536,                                                                                                
                                               "Original Hash Buckets": 65536,                                                                                       
                                               "Hash Batches": 1,                                                                                                    
                                               "Original Hash Batches": 1,                                                                                           
                                               "Peak Memory Usage": 3137,                                                                                            
                                               "Shared Hit Blocks": 0,                                                                                               
                                               "Shared Read Blocks": 2994,                                                                                           
                                               "Shared Dirtied Blocks": 0,                                                                                           
                                               "Shared Written Blocks": 0,                                                                                           
                                               "Local Hit Blocks": 0,                                                                                                
                                               "Local Read Blocks": 0,                                                                                               
                                               "Local Dirtied Blocks": 0,                                                                                            
                                               "Local Written Blocks": 0,                                                                                            
                                               "Temp Read Blocks": 0,                                                                                                
                                               "Temp Written Blocks": 0,                                                                                             
                                               "Plans": [                                                                                                            
                                                 {                                                                                                                   
                                                   "Node Type": "Seq Scan",                                                                                          
                                                   "Parent Relationship": "Outer",                                                                                   
                                                   "Parallel Aware": false,                                                                                          
                                                   "Relation Name": "company_name",                                                                                  
                                                   "Alias": "cn",                                                                                                    
                                                   "Startup Cost": 0.00,                                                                                             
                                                   "Total Cost": 164.90,                                                                                             
                                                   "Plan Rows": 49161,                                                                                               
                                                   "Plan Width": 23,                                                                                                 
                                                   "Actual Startup Time": 3.034,                                                                                     
                                                   "Actual Total Time": 121.441,                                                                                     
                                                   "Actual Rows": 48302,                                                                                             
                                                   "Actual Loops": 1,                                                                                                
                                                   "Filter": "(((country_code)::text <> '[pl]'::text) AND ((name ~~ '%Film%'::text) OR (name ~~ '%Warner%'::text)))",
                                                   "Rows Removed by Filter": 186695,                                                                                 
                                                   "Shared Hit Blocks": 0,                                                                                           
                                                   "Shared Read Blocks": 2994,                                                                                       
                                                   "Shared Dirtied Blocks": 0,                                                                                       
                                                   "Shared Written Blocks": 0,                                                                                       
                                                   "Local Hit Blocks": 0,                                                                                            
                                                   "Local Read Blocks": 0,                                                                                           
                                                   "Local Dirtied Blocks": 0,                                                                                        
                                                   "Local Written Blocks": 0,                                                                                        
                                                   "Temp Read Blocks": 0,                                                                                            
                                                   "Temp Written Blocks": 0                                                                                          
                                                 }                                                                                                                   
                                               ]                                                                                                                     
                                             }                                                                                                                       
                                           ]                                                                                                                         
                                         },                                                                                                                          
                                         {                                                                                                                           
                                           "Node Type": "Hash",                                                                                                      
                                           "Parent Relationship": "Inner",                                                                                           
                                           "Parallel Aware": false,                                                                                                  
                                           "Startup Cost": 0.03,                                                                                                     
                                           "Total Cost": 0.03,                                                                                                       
                                           "Plan Rows": 1,                                                                                                           
                                           "Plan Width": 4,                                                                                                          
                                           "Actual Startup Time": 0.072,                                                                                             
                                           "Actual Total Time": 0.072,                                                                                               
                                           "Actual Rows": 1,                                                                                                         
                                           "Actual Loops": 1,                                                                                                        
                                           "Hash Buckets": 1024,                                                                                                     
                                           "Original Hash Buckets": 1024,                                                                                            
                                           "Hash Batches": 1,                                                                                                        
                                           "Original Hash Batches": 1,                                                                                               
                                           "Peak Memory Usage": 9,                                                                                                   
                                           "Shared Hit Blocks": 0,                                                                                                   
                                           "Shared Read Blocks": 1,                                                                                                  
                                           "Shared Dirtied Blocks": 0,                                                                                               
                                           "Shared Written Blocks": 0,                                                                                               
                                           "Local Hit Blocks": 0,                                                                                                    
                                           "Local Read Blocks": 0,                                                                                                   
                                           "Local Dirtied Blocks": 0,                                                                                                
                                           "Local Written Blocks": 0,                                                                                                
                                           "Temp Read Blocks": 0,                                                                                                    
                                           "Temp Written Blocks": 0,                                                                                                 
                                           "Plans": [                                                                                                                
                                             {                                                                                                                       
                                               "Node Type": "Seq Scan",                                                                                              
                                               "Parent Relationship": "Outer",                                                                                       
                                               "Parallel Aware": false,                                                                                              
                                               "Relation Name": "company_type",                                                                                      
                                               "Alias": "ct",                                                                                                        
                                               "Startup Cost": 0.00,                                                                                                 
                                               "Total Cost": 0.03,                                                                                                   
                                               "Plan Rows": 1,                                                                                                       
                                               "Plan Width": 4,                                                                                                      
                                               "Actual Startup Time": 0.065,                                                                                         
                                               "Actual Total Time": 0.066,                                                                                           
                                               "Actual Rows": 1,                                                                                                     
                                               "Actual Loops": 1,                                                                                                    
                                               "Filter": "((kind)::text = 'production companies'::text)",                                                            
                                               "Rows Removed by Filter": 3,                                                                                          
                                               "Shared Hit Blocks": 0,                                                                                               
                                               "Shared Read Blocks": 1,                                                                                              
                                               "Shared Dirtied Blocks": 0,                                                                                           
                                               "Shared Written Blocks": 0,                                                                                           
                                               "Local Hit Blocks": 0,                                                                                                
                                               "Local Read Blocks": 0,                                                                                               
                                               "Local Dirtied Blocks": 0,                                                                                            
                                               "Local Written Blocks": 0,                                                                                            
                                               "Temp Read Blocks": 0,                                                                                                
                                               "Temp Written Blocks": 0                                                                                              
                                             }                                                                                                                       
                                           ]                                                                                                                         
                                         }                                                                                                                           
                                       ]                                                                                                                             
                                     }                                                                                                                               
                                   ]                                                                                                                                 
                                 }                                                                                                                                   
                               ]                                                                                                                                     
                             }                                                                                                                                       
                           ]                                                                                                                                         
                         }                                                                                                                                           
                       ]                                                                                                                                             
                     },                                                                                                                                              
                     {                                                                                                                                               
                       "Node Type": "Hash",                                                                                                                          
                       "Parent Relationship": "Inner",                                                                                                               
                       "Parallel Aware": false,                                                                                                                      
                       "Startup Cost": 9.84,                                                                                                                         
                       "Total Cost": 9.84,                                                                                                                           
                       "Plan Rows": 1666,                                                                                                                            
                       "Plan Width": 16,                                                                                                                             
                       "Actual Startup Time": 48.956,                                                                                                                
                       "Actual Total Time": 48.956,                                                                                                                  
                       "Actual Rows": 2315,                                                                                                                          
                       "Actual Loops": 1,                                                                                                                            
                       "Hash Buckets": 4096,                                                                                                                         
                       "Original Hash Buckets": 2048,                                                                                                                
                       "Hash Batches": 1,                                                                                                                            
                       "Original Hash Batches": 1,                                                                                                                   
                       "Peak Memory Usage": 136,                                                                                                                     
                       "Shared Hit Blocks": 0,                                                                                                                       
                       "Shared Read Blocks": 164,                                                                                                                    
                       "Shared Dirtied Blocks": 0,                                                                                                                   
                       "Shared Written Blocks": 0,                                                                                                                   
                       "Local Hit Blocks": 0,                                                                                                                        
                       "Local Read Blocks": 0,                                                                                                                       
                       "Local Dirtied Blocks": 0,                                                                                                                    
                       "Local Written Blocks": 0,                                                                                                                    
                       "Temp Read Blocks": 0,                                                                                                                        
                       "Temp Written Blocks": 0,                                                                                                                     
                       "Plans": [                                                                                                                                    
                         {                                                                                                                                           
                           "Node Type": "Hash Join",                                                                                                                 
                           "Parent Relationship": "Outer",                                                                                                           
                           "Parallel Aware": false,                                                                                                                  
                           "Join Type": "Inner",                                                                                                                     
                           "Startup Cost": 0.03,                                                                                                                     
                           "Total Cost": 9.84,                                                                                                                       
                           "Plan Rows": 1666,                                                                                                                        
                           "Plan Width": 16,                                                                                                                         
                           "Actual Startup Time": 0.376,                                                                                                             
                           "Actual Total Time": 47.560,                                                                                                              
                           "Actual Rows": 2315,                                                                                                                      
                           "Actual Loops": 1,                                                                                                                        
                           "Inner Unique": true,                                                                                                                     
                           "Hash Cond": "(ml.link_type_id = lt.id)",                                                                                                 
                           "Shared Hit Blocks": 0,                                                                                                                   
                           "Shared Read Blocks": 164,                                                                                                                
                           "Shared Dirtied Blocks": 0,                                                                                                               
                           "Shared Written Blocks": 0,                                                                                                               
                           "Local Hit Blocks": 0,                                                                                                                    
                           "Local Read Blocks": 0,                                                                                                                   
                           "Local Dirtied Blocks": 0,                                                                                                                
                           "Local Written Blocks": 0,                                                                                                                
                           "Temp Read Blocks": 0,                                                                                                                    
                           "Temp Written Blocks": 0,                                                                                                                 
                           "Plans": [                                                                                                                                
                             {                                                                                                                                       
                               "Node Type": "Seq Scan",                                                                                                              
                               "Parent Relationship": "Outer",                                                                                                       
                               "Parallel Aware": false,                                                                                                              
                               "Relation Name": "movie_link",                                                                                                        
                               "Alias": "ml",                                                                                                                        
                               "Startup Cost": 0.00,                                                                                                                 
                               "Total Cost": 7.19,                                                                                                                   
                               "Plan Rows": 29997,                                                                                                                   
                               "Plan Width": 8,                                                                                                                      
                               "Actual Startup Time": 0.187,                                                                                                         
                               "Actual Total Time": 34.431,                                                                                                          
                               "Actual Rows": 29997,                                                                                                                 
                               "Actual Loops": 1,                                                                                                                    
                               "Shared Hit Blocks": 0,                                                                                                               
                               "Shared Read Blocks": 163,                                                                                                            
                               "Shared Dirtied Blocks": 0,                                                                                                           
                               "Shared Written Blocks": 0,                                                                                                           
                               "Local Hit Blocks": 0,                                                                                                                
                               "Local Read Blocks": 0,                                                                                                               
                               "Local Dirtied Blocks": 0,                                                                                                            
                               "Local Written Blocks": 0,                                                                                                            
                               "Temp Read Blocks": 0,                                                                                                                
                               "Temp Written Blocks": 0                                                                                                              
                             },                                                                                                                                      
                             {                                                                                                                                       
                               "Node Type": "Hash",                                                                                                                  
                               "Parent Relationship": "Inner",                                                                                                       
                               "Parallel Aware": false,                                                                                                              
                               "Startup Cost": 0.03,                                                                                                                 
                               "Total Cost": 0.03,                                                                                                                   
                               "Plan Rows": 1,                                                                                                                       
                               "Plan Width": 16,                                                                                                                     
                               "Actual Startup Time": 0.120,                                                                                                         
                               "Actual Total Time": 0.120,                                                                                                           
                               "Actual Rows": 2,                                                                                                                     
                               "Actual Loops": 1,                                                                                                                    
                               "Hash Buckets": 1024,                                                                                                                 
                               "Original Hash Buckets": 1024,                                                                                                        
                               "Hash Batches": 1,                                                                                                                    
                               "Original Hash Batches": 1,                                                                                                           
                               "Peak Memory Usage": 9,                                                                                                               
                               "Shared Hit Blocks": 0,                                                                                                               
                               "Shared Read Blocks": 1,                                                                                                              
                               "Shared Dirtied Blocks": 0,                                                                                                           
                               "Shared Written Blocks": 0,                                                                                                           
                               "Local Hit Blocks": 0,                                                                                                                
                               "Local Read Blocks": 0,                                                                                                               
                               "Local Dirtied Blocks": 0,                                                                                                            
                               "Local Written Blocks": 0,                                                                                                            
                               "Temp Read Blocks": 0,                                                                                                                
                               "Temp Written Blocks": 0,                                                                                                             
                               "Plans": [                                                                                                                            
                                 {                                                                                                                                   
                                   "Node Type": "Seq Scan",                                                                                                          
                                   "Parent Relationship": "Outer",                                                                                                   
                                   "Parallel Aware": false,                                                                                                          
                                   "Relation Name": "link_type",                                                                                                     
                                   "Alias": "lt",                                                                                                                    
                                   "Startup Cost": 0.00,                                                                                                             
                                   "Total Cost": 0.03,                                                                                                               
                                   "Plan Rows": 1,                                                                                                                   
                                   "Plan Width": 16,                                                                                                                 
                                   "Actual Startup Time": 0.095,                                                                                                     
                                   "Actual Total Time": 0.109,                                                                                                       
                                   "Actual Rows": 2,                                                                                                                 
                                   "Actual Loops": 1,                                                                                                                
                                   "Filter": "((link)::text ~~ '%follow%'::text)",                                                                                   
                                   "Rows Removed by Filter": 16,                                                                                                     
                                   "Shared Hit Blocks": 0,                                                                                                           
                                   "Shared Read Blocks": 1,                                                                                                          
                                   "Shared Dirtied Blocks": 0,                                                                                                       
                                   "Shared Written Blocks": 0,                                                                                                       
                                   "Local Hit Blocks": 0,                                                                                                            
                                   "Local Read Blocks": 0,                                                                                                           
                                   "Local Dirtied Blocks": 0,                                                                                                        
                                   "Local Written Blocks": 0,                                                                                                        
                                   "Temp Read Blocks": 0,                                                                                                            
                                   "Temp Written Blocks": 0                                                                                                          
                                 }                                                                                                                                   
                               ]                                                                                                                                     
                             }                                                                                                                                       
                           ]                                                                                                                                         
                         }                                                                                                                                           
                       ]                                                                                                                                             
                     }                                                                                                                                               
                   ]                                                                                                                                                 
                 }                                                                                                                                                   
               ]                                                                                                                                                     
             }                                                                                                                                                       
           ]                                                                                                                                                         
         }                                                                                                                                                           
       ]                                                                                                                                                             
     },                                                                                                                                                              
     "Planning Time": 5480.217,                                                                                                                                      
     "Triggers": [                                                                                                                                                   
     ],                                                                                                                                                              
     "Execution Time": 12864.584                                                                                                                                     
   }                                                                                                                                                                 
 ]
