 [                                                                                                                                 
   {                                                                                                                               
     "Plan": {                                                                                                                     
       "Node Type": "Aggregate",                                                                                                   
       "Strategy": "Plain",                                                                                                        
       "Partial Mode": "Simple",                                                                                                   
       "Parallel Aware": false,                                                                                                    
       "Startup Cost": 13439.08,                                                                                                   
       "Total Cost": 13439.08,                                                                                                     
       "Plan Rows": 1,                                                                                                             
       "Plan Width": 96,                                                                                                           
       "Actual Startup Time": 13495.471,                                                                                           
       "Actual Total Time": 13495.471,                                                                                             
       "Actual Rows": 1,                                                                                                           
       "Actual Loops": 1,                                                                                                          
       "Shared Hit Blocks": 4,                                                                                                     
       "Shared Read Blocks": 253532,                                                                                               
       "Shared Dirtied Blocks": 0,                                                                                                 
       "Shared Written Blocks": 0,                                                                                                 
       "Local Hit Blocks": 0,                                                                                                      
       "Local Read Blocks": 0,                                                                                                     
       "Local Dirtied Blocks": 0,                                                                                                  
       "Local Written Blocks": 0,                                                                                                  
       "Temp Read Blocks": 0,                                                                                                      
       "Temp Written Blocks": 0,                                                                                                   
       "Plans": [                                                                                                                  
         {                                                                                                                         
           "Node Type": "Hash Join",                                                                                               
           "Parent Relationship": "Outer",                                                                                         
           "Parallel Aware": false,                                                                                                
           "Join Type": "Inner",                                                                                                   
           "Startup Cost": 4975.81,                                                                                                
           "Total Cost": 13439.08,                                                                                                 
           "Plan Rows": 1,                                                                                                         
           "Plan Width": 42,                                                                                                       
           "Actual Startup Time": 12349.758,                                                                                       
           "Actual Total Time": 13495.403,                                                                                         
           "Actual Rows": 31,                                                                                                      
           "Actual Loops": 1,                                                                                                      
           "Inner Unique": true,                                                                                                   
           "Hash Cond": "(t.kind_id = kt.id)",                                                                                     
           "Shared Hit Blocks": 4,                                                                                                 
           "Shared Read Blocks": 253532,                                                                                           
           "Shared Dirtied Blocks": 0,                                                                                             
           "Shared Written Blocks": 0,                                                                                             
           "Local Hit Blocks": 0,                                                                                                  
           "Local Read Blocks": 0,                                                                                                 
           "Local Dirtied Blocks": 0,                                                                                              
           "Local Written Blocks": 0,                                                                                              
           "Temp Read Blocks": 0,                                                                                                  
           "Temp Written Blocks": 0,                                                                                               
           "Plans": [                                                                                                              
             {                                                                                                                     
               "Node Type": "Hash Join",                                                                                           
               "Parent Relationship": "Outer",                                                                                     
               "Parallel Aware": false,                                                                                            
               "Join Type": "Inner",                                                                                               
               "Startup Cost": 4975.78,                                                                                            
               "Total Cost": 13439.05,                                                                                             
               "Plan Rows": 1,                                                                                                     
               "Plan Width": 46,                                                                                                   
               "Actual Startup Time": 12332.563,                                                                                   
               "Actual Total Time": 13478.191,                                                                                     
               "Actual Rows": 32,                                                                                                  
               "Actual Loops": 1,                                                                                                  
               "Inner Unique": true,                                                                                               
               "Hash Cond": "(mc.company_type_id = ct.id)",                                                                        
               "Shared Hit Blocks": 1,                                                                                             
               "Shared Read Blocks": 253531,                                                                                       
               "Shared Dirtied Blocks": 0,                                                                                         
               "Shared Written Blocks": 0,                                                                                         
               "Local Hit Blocks": 0,                                                                                              
               "Local Read Blocks": 0,                                                                                             
               "Local Dirtied Blocks": 0,                                                                                          
               "Local Written Blocks": 0,                                                                                          
               "Temp Read Blocks": 0,                                                                                              
               "Temp Written Blocks": 0,                                                                                           
               "Plans": [                                                                                                          
                 {                                                                                                                 
                   "Node Type": "Hash Join",                                                                                       
                   "Parent Relationship": "Outer",                                                                                 
                   "Parallel Aware": false,                                                                                        
                   "Join Type": "Inner",                                                                                           
                   "Startup Cost": 4975.75,                                                                                        
                   "Total Cost": 13439.02,                                                                                         
                   "Plan Rows": 1,                                                                                                 
                   "Plan Width": 50,                                                                                               
                   "Actual Startup Time": 12325.445,                                                                               
                   "Actual Total Time": 13471.053,                                                                                 
                   "Actual Rows": 32,                                                                                              
                   "Actual Loops": 1,                                                                                              
                   "Inner Unique": true,                                                                                           
                   "Hash Cond": "(mc.company_id = cn.id)",                                                                         
                   "Shared Hit Blocks": 1,                                                                                         
                   "Shared Read Blocks": 253530,                                                                                   
                   "Shared Dirtied Blocks": 0,                                                                                     
                   "Shared Written Blocks": 0,                                                                                     
                   "Local Hit Blocks": 0,                                                                                          
                   "Local Read Blocks": 0,                                                                                         
                   "Local Dirtied Blocks": 0,                                                                                      
                   "Local Written Blocks": 0,                                                                                      
                   "Temp Read Blocks": 0,                                                                                          
                   "Temp Written Blocks": 0,                                                                                       
                   "Plans": [                                                                                                      
                     {                                                                                                             
                       "Node Type": "Hash Join",                                                                                   
                       "Parent Relationship": "Outer",                                                                             
                       "Parallel Aware": false,                                                                                    
                       "Join Type": "Inner",                                                                                       
                       "Startup Cost": 4828.81,                                                                                    
                       "Total Cost": 13292.08,                                                                                     
                       "Plan Rows": 1,                                                                                             
                       "Plan Width": 35,                                                                                           
                       "Actual Startup Time": 12168.292,                                                                           
                       "Actual Total Time": 13313.866,                                                                             
                       "Actual Rows": 42,                                                                                          
                       "Actual Loops": 1,                                                                                          
                       "Inner Unique": false,                                                                                      
                       "Hash Cond": "(mi.movie_id = t.id)",                                                                        
                       "Shared Hit Blocks": 1,                                                                                     
                       "Shared Read Blocks": 250536,                                                                               
                       "Shared Dirtied Blocks": 0,                                                                                 
                       "Shared Written Blocks": 0,                                                                                 
                       "Local Hit Blocks": 0,                                                                                      
                       "Local Read Blocks": 0,                                                                                     
                       "Local Dirtied Blocks": 0,                                                                                  
                       "Local Written Blocks": 0,                                                                                  
                       "Temp Read Blocks": 0,                                                                                      
                       "Temp Written Blocks": 0,                                                                                   
                       "Plans": [                                                                                                  
                         {                                                                                                         
                           "Node Type": "Hash Join",                                                                               
                           "Parent Relationship": "Outer",                                                                         
                           "Parallel Aware": false,                                                                                
                           "Join Type": "Inner",                                                                                   
                           "Startup Cost": 0.05,                                                                                   
                           "Total Cost": 8462.63,                                                                                  
                           "Plan Rows": 5910,                                                                                      
                           "Plan Width": 4,                                                                                        
                           "Actual Startup Time": 7293.175,                                                                        
                           "Actual Total Time": 8562.558,                                                                          
                           "Actual Rows": 588764,                                                                                  
                           "Actual Loops": 1,                                                                                      
                           "Inner Unique": true,                                                                                   
                           "Hash Cond": "(mi.info_type_id = it.id)",                                                              
                           "Shared Hit Blocks": 0,                                                                                 
                           "Shared Read Blocks": 161893,                                                                           
                           "Shared Dirtied Blocks": 0,                                                                             
                           "Shared Written Blocks": 0,                                                                             
                           "Local Hit Blocks": 0,                                                                                  
                           "Local Read Blocks": 0,                                                                                 
                           "Local Dirtied Blocks": 0,                                                                              
                           "Local Written Blocks": 0,                                                                              
                           "Temp Read Blocks": 0,                                                                                  
                           "Temp Written Blocks": 0,                                                                               
                           "Plans": [                                                                                              
                             {                                                                                                     
                               "Node Type": "Seq Scan",                                                                            
                               "Parent Relationship": "Outer",                                                                     
                               "Parallel Aware": false,                                                                            
                               "Relation Name": "movie_info",                                                                      
                               "Alias": "mi",                                                                                      
                               "Startup Cost": 0.00,                                                                               
                               "Total Cost": 8407.52,                                                                              
                               "Plan Rows": 667885,                                                                                
                               "Plan Width": 8,                                                                                    
                               "Actual Startup Time": 13.203,                                                                      
                               "Actual Total Time": 8389.882,                                                                      
                               "Actual Rows": 669336,                                                                              
                               "Actual Loops": 1,                                                                                  
                               "Filter": "(info = ANY ('{Germany,German,USA,American}'::text[]))",                                 
                               "Rows Removed by Filter": 14166384,                                                                 
                               "Shared Hit Blocks": 0,                                                                             
                               "Shared Read Blocks": 161892,                                                                       
                               "Shared Dirtied Blocks": 0,                                                                         
                               "Shared Written Blocks": 0,                                                                         
                               "Local Hit Blocks": 0,                                                                              
                               "Local Read Blocks": 0,                                                                             
                               "Local Dirtied Blocks": 0,                                                                          
                               "Local Written Blocks": 0,                                                                          
                               "Temp Read Blocks": 0,                                                                              
                               "Temp Written Blocks": 0                                                                            
                             },                                                                                                    
                             {                                                                                                     
                               "Node Type": "Hash",                                                                                
                               "Parent Relationship": "Inner",                                                                     
                               "Parallel Aware": false,                                                                            
                               "Startup Cost": 0.05,                                                                               
                               "Total Cost": 0.05,                                                                                 
                               "Plan Rows": 1,                                                                                     
                               "Plan Width": 4,                                                                                    
                               "Actual Startup Time": 24.091,                                                                      
                               "Actual Total Time": 24.091,                                                                        
                               "Actual Rows": 1,                                                                                   
                               "Actual Loops": 1,                                                                                  
                               "Hash Buckets": 1024,                                                                               
                               "Original Hash Buckets": 1024,                                                                      
                               "Hash Batches": 1,                                                                                  
                               "Original Hash Batches": 1,                                                                         
                               "Peak Memory Usage": 9,                                                                             
                               "Shared Hit Blocks": 0,                                                                             
                               "Shared Read Blocks": 1,                                                                            
                               "Shared Dirtied Blocks": 0,                                                                         
                               "Shared Written Blocks": 0,                                                                         
                               "Local Hit Blocks": 0,                                                                              
                               "Local Read Blocks": 0,                                                                             
                               "Local Dirtied Blocks": 0,                                                                          
                               "Local Written Blocks": 0,                                                                          
                               "Temp Read Blocks": 0,                                                                              
                               "Temp Written Blocks": 0,                                                                           
                               "Plans": [                                                                                          
                                 {                                                                                                 
                                   "Node Type": "Seq Scan",                                                                        
                                   "Parent Relationship": "Outer",                                                                 
                                   "Parallel Aware": false,                                                                        
                                   "Relation Name": "info_type",                                                                   
                                   "Alias": "it",                                                                                 
                                   "Startup Cost": 0.00,                                                                           
                                   "Total Cost": 0.05,                                                                             
                                   "Plan Rows": 1,                                                                                 
                                   "Plan Width": 4,                                                                                
                                   "Actual Startup Time": 24.042,                                                                  
                                   "Actual Total Time": 24.079,                                                                    
                                   "Actual Rows": 1,                                                                               
                                   "Actual Loops": 1,                                                                              
                                   "Filter": "((info)::text = 'countries'::text)",                                                 
                                   "Rows Removed by Filter": 112,                                                                  
                                   "Shared Hit Blocks": 0,                                                                         
                                   "Shared Read Blocks": 1,                                                                        
                                   "Shared Dirtied Blocks": 0,                                                                     
                                   "Shared Written Blocks": 0,                                                                     
                                   "Local Hit Blocks": 0,                                                                          
                                   "Local Read Blocks": 0,                                                                         
                                   "Local Dirtied Blocks": 0,                                                                      
                                   "Local Written Blocks": 0,                                                                      
                                   "Temp Read Blocks": 0,                                                                          
                                   "Temp Written Blocks": 0                                                                        
                                 }                                                                                                 
                               ]                                                                                                   
                             }                                                                                                     
                           ]                                                                                                       
                         },                                                                                                        
                         {                                                                                                         
                           "Node Type": "Hash",                                                                                    
                           "Parent Relationship": "Inner",                                                                         
                           "Parallel Aware": false,                                                                                
                           "Startup Cost": 4828.77,                                                                                
                           "Total Cost": 4828.77,                                                                                  
                           "Plan Rows": 1,                                                                                         
                           "Plan Width": 51,                                                                                       
                           "Actual Startup Time": 4686.986,                                                                        
                           "Actual Total Time": 4686.986,                                                                          
                           "Actual Rows": 100,                                                                                     
                           "Actual Loops": 1,                                                                                      
                           "Hash Buckets": 1024,                                                                                   
                           "Original Hash Buckets": 1024,                                                                          
                           "Hash Batches": 1,                                                                                      
                           "Original Hash Batches": 1,                                                                             
                           "Peak Memory Usage": 16,                                                                                
                           "Shared Hit Blocks": 1,                                                                                 
                           "Shared Read Blocks": 88643,                                                                            
                           "Shared Dirtied Blocks": 0,                                                                             
                           "Shared Written Blocks": 0,                                                                             
                           "Local Hit Blocks": 0,                                                                                  
                           "Local Read Blocks": 0,                                                                                 
                           "Local Dirtied Blocks": 0,                                                                              
                           "Local Written Blocks": 0,                                                                              
                           "Temp Read Blocks": 0,                                                                                  
                           "Temp Written Blocks": 0,                                                                               
                           "Plans": [                                                                                              
                             {                                                                                                     
                               "Node Type": "Hash Join",                                                                           
                               "Parent Relationship": "Outer",                                                                     
                               "Parallel Aware": false,                                                                            
                               "Join Type": "Inner",                                                                               
                               "Startup Cost": 3266.39,                                                                            
                               "Total Cost": 4828.77,                                                                              
                               "Plan Rows": 1,                                                                                     
                               "Plan Width": 51,                                                                                   
                               "Actual Startup Time": 3545.084,                                                                    
                               "Actual Total Time": 4686.820,                                                                      
                               "Actual Rows": 100,                                                                                 
                               "Actual Loops": 1,                                                                                  
                               "Inner Unique": false,                                                                              
                               "Hash Cond": "(t.id = mk.movie_id)",                                                                
                               "Shared Hit Blocks": 1,                                                                             
                               "Shared Read Blocks": 88643,                                                                        
                               "Shared Dirtied Blocks": 0,                                                                         
                               "Shared Written Blocks": 0,                                                                         
                               "Local Hit Blocks": 0,                                                                              
                               "Local Read Blocks": 0,                                                                             
                               "Local Dirtied Blocks": 0,                                                                          
                               "Local Written Blocks": 0,                                                                          
                               "Temp Read Blocks": 0,                                                                              
                               "Temp Written Blocks": 0,                                                                           
                               "Plans": [                                                                                          
                                 {                                                                                                 
                                   "Node Type": "Seq Scan",                                                                        
                                   "Parent Relationship": "Outer",                                                                 
                                   "Parallel Aware": false,                                                                        
                                   "Relation Name": "title",                                                                       
                                   "Alias": "t",                                                                                   
                                   "Startup Cost": 0.00,                                                                           
                                   "Total Cost": 1500.26,                                                                          
                                   "Plan Rows": 533370,                                                                            
                                   "Plan Width": 25,                                                                               
                                   "Actual Startup Time": 20.819,                                                                  
                                   "Actual Total Time": 1657.663,                                                                  
                                   "Actual Rows": 533369,                                                                          
                                   "Actual Loops": 1,                                                                              
                                   "Filter": "(production_year > 2009)",                                                           
                                   "Rows Removed by Filter": 1994943,                                                              
                                   "Shared Hit Blocks": 0,                                                                         
                                   "Shared Read Blocks": 35998,                                                                    
                                   "Shared Dirtied Blocks": 0,                                                                     
                                   "Shared Written Blocks": 0,                                                                     
                                   "Local Hit Blocks": 0,                                                                          
                                   "Local Read Blocks": 0,                                                                         
                                   "Local Dirtied Blocks": 0,                                                                      
                                   "Local Written Blocks": 0,                                                                      
                                   "Temp Read Blocks": 0,                                                                          
                                   "Temp Written Blocks": 0                                                                        
                                 },                                                                                                
                                 {                                                                                                 
                                   "Node Type": "Hash",                                                                            
                                   "Parent Relationship": "Inner",                                                                 
                                   "Parallel Aware": false,                                                                        
                                   "Startup Cost": 3266.39,                                                                        
                                   "Total Cost": 3266.39,                                                                          
                                   "Plan Rows": 1,                                                                                 
                                   "Plan Width": 26,                                                                               
                                   "Actual Startup Time": 2846.977,                                                                
                                   "Actual Total Time": 2846.977,                                                                  
                                   "Actual Rows": 52686,                                                                           
                                   "Actual Loops": 1,                                                                              
                                   "Hash Buckets": 65536,                                                                          
                                   "Original Hash Buckets": 1024,                                                                  
                                   "Hash Batches": 1,                                                                              
                                   "Original Hash Batches": 1,                                                                     
                                   "Peak Memory Usage": 3394,                                                                      
                                   "Shared Hit Blocks": 1,                                                                         
                                   "Shared Read Blocks": 52645,                                                                    
                                   "Shared Dirtied Blocks": 0,                                                                     
                                   "Shared Written Blocks": 0,                                                                     
                                   "Local Hit Blocks": 0,                                                                          
                                   "Local Read Blocks": 0,                                                                         
                                   "Local Dirtied Blocks": 0,                                                                      
                                   "Local Written Blocks": 0,                                                                      
                                   "Temp Read Blocks": 0,                                                                          
                                   "Temp Written Blocks": 0,                                                                       
                                   "Plans": [                                                                                      
                                     {                                                                                             
                                       "Node Type": "Hash Join",                                                                   
                                       "Parent Relationship": "Outer",                                                             
                                       "Parallel Aware": false,                                                                    
                                       "Join Type": "Inner",                                                                       
                                       "Startup Cost": 1817.73,                                                                    
                                       "Total Cost": 3266.39,                                                                      
                                       "Plan Rows": 1,                                                                             
                                       "Plan Width": 26,                                                                           
                                       "Actual Startup Time": 1708.647,                                                            
                                       "Actual Total Time": 2828.467,                                                              
                                       "Actual Rows": 52686,                                                                       
                                       "Actual Loops": 1,                                                                          
                                       "Inner Unique": false,                                                                      
                                       "Hash Cond": "(mk.movie_id = mi_idx.movie_id)",                                             
                                       "Shared Hit Blocks": 1,                                                                     
                                       "Shared Read Blocks": 52645,                                                                
                                       "Shared Dirtied Blocks": 0,                                                                 
                                       "Shared Written Blocks": 0,                                                                 
                                       "Local Hit Blocks": 0,                                                                      
                                       "Local Read Blocks": 0,                                                                     
                                       "Local Dirtied Blocks": 0,                                                                  
                                       "Local Written Blocks": 0,                                                                  
                                       "Temp Read Blocks": 0,                                                                      
                                       "Temp Written Blocks": 0,                                                                   
                                       "Plans": [                                                                                  
                                         {                                                                                         
                                           "Node Type": "Hash Join",                                                               
                                           "Parent Relationship": "Outer",                                                         
                                           "Parallel Aware": false,                                                                
                                           "Join Type": "Inner",                                                                   
                                           "Startup Cost": 59.88,                                                                  
                                           "Total Cost": 1508.52,                                                                  
                                           "Plan Rows": 135,                                                                       
                                           "Plan Width": 4,                                                                        
                                           "Actual Startup Time": 97.537,                                                          
                                           "Actual Total Time": 1206.388,                                                          
                                           "Actual Rows": 37091,                                                                   
                                           "Actual Loops": 1,                                                                      
                                           "Inner Unique": true,                                                                   
                                           "Hash Cond": "(mk.keyword_id = k.id)",                                                  
                                           "Shared Hit Blocks": 0,                                                                 
                                           "Shared Read Blocks": 25403,                                                            
                                           "Shared Dirtied Blocks": 0,                                                             
                                           "Shared Written Blocks": 0,                                                             
                                           "Local Hit Blocks": 0,                                                                  
                                           "Local Read Blocks": 0,                                                                 
                                           "Local Dirtied Blocks": 0,                                                              
                                           "Local Written Blocks": 0,                                                              
                                           "Temp Read Blocks": 0,                                                                  
                                           "Temp Written Blocks": 0,                                                               
                                           "Plans": [                                                                              
                                             {                                                                                     
                                               "Node Type": "Seq Scan",                                                            
                                               "Parent Relationship": "Outer",                                                     
                                               "Parallel Aware": false,                                                            
                                               "Relation Name": "movie_keyword",                                                   
                                               "Alias": "mk",                                                                      
                                               "Startup Cost": 0.00,                                                               
                                               "Total Cost": 1079.84,                                                              
                                               "Plan Rows": 4523930,                                                               
                                               "Plan Width": 8,                                                                    
                                               "Actual Startup Time": 4.322,                                                       
                                               "Actual Total Time": 501.429,                                                       
                                               "Actual Rows": 4523930,                                                             
                                               "Actual Loops": 1,                                                                  
                                               "Shared Hit Blocks": 0,                                                             
                                               "Shared Read Blocks": 24454,                                                        
                                               "Shared Dirtied Blocks": 0,                                                         
                                               "Shared Written Blocks": 0,                                                         
                                               "Local Hit Blocks": 0,                                                              
                                               "Local Read Blocks": 0,                                                             
                                               "Local Dirtied Blocks": 0,                                                          
                                               "Local Written Blocks": 0,                                                          
                                               "Temp Read Blocks": 0,                                                              
                                               "Temp Written Blocks": 0                                                            
                                             },                                                                                    
                                             {                                                                                     
                                               "Node Type": "Hash",                                                                
                                               "Parent Relationship": "Inner",                                                     
                                               "Parallel Aware": false,                                                            
                                               "Startup Cost": 59.88,                                                              
                                               "Total Cost": 59.88,                                                                
                                               "Plan Rows": 4,                                                                     
                                               "Plan Width": 4,                                                                    
                                               "Actual Startup Time": 93.065,                                                      
                                               "Actual Total Time": 93.065,                                                        
                                               "Actual Rows": 3,                                                                   
                                               "Actual Loops": 1,                                                                  
                                               "Hash Buckets": 1024,                                                               
                                               "Original Hash Buckets": 1024,                                                      
                                               "Hash Batches": 1,                                                                  
                                               "Original Hash Batches": 1,                                                         
                                               "Peak Memory Usage": 9,                                                             
                                               "Shared Hit Blocks": 0,                                                             
                                               "Shared Read Blocks": 949,                                                          
                                               "Shared Dirtied Blocks": 0,                                                         
                                               "Shared Written Blocks": 0,                                                         
                                               "Local Hit Blocks": 0,                                                              
                                               "Local Read Blocks": 0,                                                             
                                               "Local Dirtied Blocks": 0,                                                          
                                               "Local Written Blocks": 0,                                                          
                                               "Temp Read Blocks": 0,                                                              
                                               "Temp Written Blocks": 0,                                                           
                                               "Plans": [                                                                          
                                                 {                                                                                 
                                                   "Node Type": "Seq Scan",                                                        
                                                   "Parent Relationship": "Outer",                                                 
                                                   "Parallel Aware": false,                                                        
                                                   "Relation Name": "keyword",                                                     
                                                   "Alias": "k",                                                                   
                                                   "Startup Cost": 0.00,                                                           
                                                   "Total Cost": 59.88,                                                            
                                                   "Plan Rows": 4,                                                                 
                                                   "Plan Width": 4,                                                                
                                                   "Actual Startup Time": 31.527,                                                  
                                                   "Actual Total Time": 93.049,                                                    
                                                   "Actual Rows": 3,                                                               
                                                   "Actual Loops": 1,                                                              
                                                   "Filter": "(keyword = ANY ('{murder,murder-in-title,blood,violence}'::text[]))",
                                                   "Rows Removed by Filter": 134167,                                               
                                                   "Shared Hit Blocks": 0,                                                         
                                                   "Shared Read Blocks": 949,                                                      
                                                   "Shared Dirtied Blocks": 0,                                                     
                                                   "Shared Written Blocks": 0,                                                     
                                                   "Local Hit Blocks": 0,                                                          
                                                   "Local Read Blocks": 0,                                                         
                                                   "Local Dirtied Blocks": 0,                                                      
                                                   "Local Written Blocks": 0,                                                      
                                                   "Temp Read Blocks": 0,                                                          
                                                   "Temp Written Blocks": 0                                                        
                                                 }                                                                                 
                                               ]                                                                                   
                                             }                                                                                     
                                           ]                                                                                       
                                         },                                                                                        
                                         {                                                                                         
                                           "Node Type": "Hash",                                                                    
                                           "Parent Relationship": "Inner",                                                         
                                           "Parallel Aware": false,                                                                
                                           "Startup Cost": 1757.65,                                                                
                                           "Total Cost": 1757.65,                                                                  
                                           "Plan Rows": 1375,                                                                      
                                           "Plan Width": 22,                                                                       
                                           "Actual Startup Time": 1599.438,                                                        
                                           "Actual Total Time": 1599.438,                                                          
                                           "Actual Rows": 135012,                                                                  
                                           "Actual Loops": 1,                                                                      
                                           "Hash Buckets": 262144,                                                                 
                                           "Original Hash Buckets": 2048,                                                          
                                           "Hash Batches": 1,                                                                      
                                           "Original Hash Batches": 1,                                                             
                                           "Peak Memory Usage": 8905,                                                              
                                           "Shared Hit Blocks": 1,                                                                 
                                           "Shared Read Blocks": 27242,                                                            
                                           "Shared Dirtied Blocks": 0,                                                             
                                           "Shared Written Blocks": 0,                                                             
                                           "Local Hit Blocks": 0,                                                                  
                                           "Local Read Blocks": 0,                                                                 
                                           "Local Dirtied Blocks": 0,                                                              
                                           "Local Written Blocks": 0,                                                              
                                           "Temp Read Blocks": 0,                                                                  
                                           "Temp Written Blocks": 0,                                                               
                                           "Plans": [                                                                              
                                             {                                                                                     
                                               "Node Type": "Hash Join",                                                           
                                               "Parent Relationship": "Outer",                                                     
                                               "Parallel Aware": false,                                                            
                                               "Join Type": "Inner",                                                               
                                               "Startup Cost": 565.97,                                                             
                                               "Total Cost": 1757.65,                                                              
                                               "Plan Rows": 1375,                                                                  
                                               "Plan Width": 22,                                                                   
                                               "Actual Startup Time": 668.517,                                                     
                                               "Actual Total Time": 1556.650,                                                      
                                               "Actual Rows": 135012,                                                              
                                               "Actual Loops": 1,                                                                  
                                               "Inner Unique": false,                                                              
                                               "Hash Cond": "(mc.movie_id = mi_idx.movie_id)",                                     
                                               "Shared Hit Blocks": 1,                                                             
                                               "Shared Read Blocks": 27242,                                                        
                                               "Shared Dirtied Blocks": 0,                                                         
                                               "Shared Written Blocks": 0,                                                         
                                               "Local Hit Blocks": 0,                                                              
                                               "Local Read Blocks": 0,                                                             
                                               "Local Dirtied Blocks": 0,                                                          
                                               "Local Written Blocks": 0,                                                          
                                               "Temp Read Blocks": 0,                                                              
                                               "Temp Written Blocks": 0,                                                           
                                               "Plans": [                                                                          
                                                 {                                                                                 
                                                   "Node Type": "Seq Scan",                                                        
                                                   "Parent Relationship": "Outer",                                                 
                                                   "Parallel Aware": false,                                                        
                                                   "Relation Name": "movie_companies",                                             
                                                   "Alias": "mc",                                                                  
                                                   "Startup Cost": 0.00,                                                           
                                                   "Total Cost": 1174.90,                                                          
                                                   "Plan Rows": 143259,                                                            
                                                   "Plan Width": 12,                                                               
                                                   "Actual Startup Time": 23.852,                                                  
                                                   "Actual Total Time": 814.169,                                                   
                                                   "Actual Rows": 303271,                                                          
                                                   "Actual Loops": 1,                                                              
                                                   "Filter": "((note !~~ '%(USA)%'::text) AND (note ~~ '%(200%)%'::text))",        
                                                   "Rows Removed by Filter": 2305858,                                              
                                                   "Shared Hit Blocks": 0,                                                         
                                                   "Shared Read Blocks": 18789,                                                    
                                                   "Shared Dirtied Blocks": 0,                                                     
                                                   "Shared Written Blocks": 0,                                                     
                                                   "Local Hit Blocks": 0,                                                          
                                                   "Local Read Blocks": 0,                                                         
                                                   "Local Dirtied Blocks": 0,                                                      
                                                   "Local Written Blocks": 0,                                                      
                                                   "Temp Read Blocks": 0,                                                          
                                                   "Temp Written Blocks": 0                                                        
                                                 },                                                                                
                                                 {                                                                                 
                                                   "Node Type": "Hash",                                                            
                                                   "Parent Relationship": "Inner",                                                 
                                                   "Parallel Aware": false,                                                        
                                                   "Startup Cost": 564.45,                                                         
                                                   "Total Cost": 564.45,                                                           
                                                   "Plan Rows": 10379,                                                             
                                                   "Plan Width": 10,                                                               
                                                   "Actual Startup Time": 644.505,                                                 
                                                   "Actual Total Time": 644.505,                                                   
                                                   "Actual Rows": 324117,                                                          
                                                   "Actual Loops": 1,                                                              
                                                   "Hash Buckets": 524288,                                                         
                                                   "Original Hash Buckets": 16384,                                                 
                                                   "Hash Batches": 1,                                                              
                                                   "Original Hash Batches": 1,                                                     
                                                   "Peak Memory Usage": 16757,                                                     
                                                   "Shared Hit Blocks": 1,                                                         
                                                   "Shared Read Blocks": 8453,                                                     
                                                   "Shared Dirtied Blocks": 0,                                                     
                                                   "Shared Written Blocks": 0,                                                     
                                                   "Local Hit Blocks": 0,                                                          
                                                   "Local Read Blocks": 0,                                                         
                                                   "Local Dirtied Blocks": 0,                                                      
                                                   "Local Written Blocks": 0,                                                      
                                                   "Temp Read Blocks": 0,                                                          
                                                   "Temp Written Blocks": 0,                                                       
                                                   "Plans": [                                                                      
                                                     {                                                                             
                                                       "Node Type": "Hash Join",                                                   
                                                       "Parent Relationship": "Outer",                                             
                                                       "Parallel Aware": false,                                                    
                                                       "Join Type": "Inner",                                                       
                                                       "Startup Cost": 0.05,                                                       
                                                       "Total Cost": 564.45,                                                       
                                                       "Plan Rows": 10379,                                                         
                                                       "Plan Width": 10,                                                           
                                                       "Actual Startup Time": 27.180,                                              
                                                       "Actual Total Time": 560.735,                                               
                                                       "Actual Rows": 324117,                                                      
                                                       "Actual Loops": 1,                                                          
                                                       "Inner Unique": true,                                                       
                                                       "Hash Cond": "(mi_idx.info_type_id = it.id)",                              
                                                       "Shared Hit Blocks": 1,                                                     
                                                       "Shared Read Blocks": 8453,                                                 
                                                       "Shared Dirtied Blocks": 0,                                                 
                                                       "Shared Written Blocks": 0,                                                 
                                                       "Local Hit Blocks": 0,                                                      
                                                       "Local Read Blocks": 0,                                                     
                                                       "Local Dirtied Blocks": 0,                                                  
                                                       "Local Written Blocks": 0,                                                  
                                                       "Temp Read Blocks": 0,                                                      
                                                       "Temp Written Blocks": 0,                                                   
                                                       "Plans": [                                                                  
                                                         {                                                                         
                                                           "Node Type": "Seq Scan",                                                
                                                           "Parent Relationship": "Outer",                                         
                                                           "Parallel Aware": false,                                                
                                                           "Relation Name": "movie_info_idx",                                      
                                                           "Alias": "mi_idx",                                                      
                                                           "Startup Cost": 0.00,                                                   
                                                           "Total Cost": 467.71,                                                   
                                                           "Plan Rows": 1172842,                                                   
                                                           "Plan Width": 14,                                                       
                                                           "Actual Startup Time": 27.057,                                          
                                                           "Actual Total Time": 372.909,                                           
                                                           "Actual Rows": 1172832,                                                 
                                                           "Actual Loops": 1,                                                      
                                                           "Filter": "(info < '7.0'::text)",                                       
                                                           "Rows Removed by Filter": 207203,                                       
                                                           "Shared Hit Blocks": 0,                                                 
                                                           "Shared Read Blocks": 8453,                                             
                                                           "Shared Dirtied Blocks": 0,                                             
                                                           "Shared Written Blocks": 0,                                             
                                                           "Local Hit Blocks": 0,                                                  
                                                           "Local Read Blocks": 0,                                                 
                                                           "Local Dirtied Blocks": 0,                                              
                                                           "Local Written Blocks": 0,                                              
                                                           "Temp Read Blocks": 0,                                                  
                                                           "Temp Written Blocks": 0                                                
                                                         },                                                                        
                                                         {                                                                         
                                                           "Node Type": "Hash",                                                    
                                                           "Parent Relationship": "Inner",                                         
                                                           "Parallel Aware": false,                                                
                                                           "Startup Cost": 0.05,                                                   
                                                           "Total Cost": 0.05,                                                     
                                                           "Plan Rows": 1,                                                         
                                                           "Plan Width": 4,                                                        
                                                           "Actual Startup Time": 0.072,                                           
                                                           "Actual Total Time": 0.072,                                             
                                                           "Actual Rows": 1,                                                       
                                                           "Actual Loops": 1,                                                      
                                                           "Hash Buckets": 1024,                                                   
                                                           "Original Hash Buckets": 1024,                                          
                                                           "Hash Batches": 1,                                                      
                                                           "Original Hash Batches": 1,                                             
                                                           "Peak Memory Usage": 9,                                                 
                                                           "Shared Hit Blocks": 1,                                                 
                                                           "Shared Read Blocks": 0,                                                
                                                           "Shared Dirtied Blocks": 0,                                             
                                                           "Shared Written Blocks": 0,                                             
                                                           "Local Hit Blocks": 0,                                                  
                                                           "Local Read Blocks": 0,                                                 
                                                           "Local Dirtied Blocks": 0,                                              
                                                           "Local Written Blocks": 0,                                              
                                                           "Temp Read Blocks": 0,                                                  
                                                           "Temp Written Blocks": 0,                                               
                                                           "Plans": [                                                              
                                                             {                                                                     
                                                               "Node Type": "Seq Scan",                                            
                                                               "Parent Relationship": "Outer",                                     
                                                               "Parallel Aware": false,                                            
                                                               "Relation Name": "info_type",                                       
                                                               "Alias": "it",                                                     
                                                               "Startup Cost": 0.00,                                               
                                                               "Total Cost": 0.05,                                                 
                                                               "Plan Rows": 1,                                                     
                                                               "Plan Width": 4,                                                    
                                                               "Actual Startup Time": 0.056,                                       
                                                               "Actual Total Time": 0.062,                                         
                                                               "Actual Rows": 1,                                                   
                                                               "Actual Loops": 1,                                                  
                                                               "Filter": "((info)::text = 'rating'::text)",                        
                                                               "Rows Removed by Filter": 112,                                      
                                                               "Shared Hit Blocks": 1,                                             
                                                               "Shared Read Blocks": 0,                                            
                                                               "Shared Dirtied Blocks": 0,                                         
                                                               "Shared Written Blocks": 0,                                         
                                                               "Local Hit Blocks": 0,                                              
                                                               "Local Read Blocks": 0,                                             
                                                               "Local Dirtied Blocks": 0,                                          
                                                               "Local Written Blocks": 0,                                          
                                                               "Temp Read Blocks": 0,                                              
                                                               "Temp Written Blocks": 0                                            
                                                             }                                                                     
                                                           ]                                                                       
                                                         }                                                                         
                                                       ]                                                                           
                                                     }                                                                             
                                                   ]                                                                               
                                                 }                                                                                 
                                               ]                                                                                   
                                             }                                                                                     
                                           ]                                                                                       
                                         }                                                                                         
                                       ]                                                                                           
                                     }                                                                                             
                                   ]                                                                                               
                                 }                                                                                                 
                               ]                                                                                                   
                             }                                                                                                     
                           ]                                                                                                       
                         }                                                                                                         
                       ]                                                                                                           
                     },                                                                                                            
                     {                                                                                                             
                       "Node Type": "Hash",                                                                                        
                       "Parent Relationship": "Inner",                                                                             
                       "Parallel Aware": false,                                                                                    
                       "Startup Cost": 128.41,                                                                                     
                       "Total Cost": 128.41,                                                                                       
                       "Plan Rows": 126230,                                                                                        
                       "Plan Width": 23,                                                                                           
                       "Actual Startup Time": 156.123,                                                                             
                       "Actual Total Time": 156.123,                                                                               
                       "Actual Rows": 126230,                                                                                      
                       "Actual Loops": 1,                                                                                          
                       "Hash Buckets": 131072,                                                                                     
                       "Original Hash Buckets": 131072,                                                                            
                       "Hash Batches": 1,                                                                                          
                       "Original Hash Batches": 1,                                                                                 
                       "Peak Memory Usage": 7967,                                                                                  
                       "Shared Hit Blocks": 0,                                                                                     
                       "Shared Read Blocks": 2994,                                                                                 
                       "Shared Dirtied Blocks": 0,                                                                                 
                       "Shared Written Blocks": 0,                                                                                 
                       "Local Hit Blocks": 0,                                                                                      
                       "Local Read Blocks": 0,                                                                                     
                       "Local Dirtied Blocks": 0,                                                                                  
                       "Local Written Blocks": 0,                                                                                  
                       "Temp Read Blocks": 0,                                                                                      
                       "Temp Written Blocks": 0,                                                                                   
                       "Plans": [                                                                                                  
                         {                                                                                                         
                           "Node Type": "Seq Scan",                                                                                
                           "Parent Relationship": "Outer",                                                                         
                           "Parallel Aware": false,                                                                                
                           "Relation Name": "company_name",                                                                        
                           "Alias": "cn",                                                                                          
                           "Startup Cost": 0.00,                                                                                   
                           "Total Cost": 128.41,                                                                                   
                           "Plan Rows": 126230,                                                                                    
                           "Plan Width": 23,                                                                                       
                           "Actual Startup Time": 20.286,                                                                          
                           "Actual Total Time": 107.720,                                                                           
                           "Actual Rows": 126230,                                                                                  
                           "Actual Loops": 1,                                                                                      
                           "Filter": "((country_code)::text <> '[us]'::text)",                                                     
                           "Rows Removed by Filter": 108767,                                                                       
                           "Shared Hit Blocks": 0,                                                                                 
                           "Shared Read Blocks": 2994,                                                                             
                           "Shared Dirtied Blocks": 0,                                                                             
                           "Shared Written Blocks": 0,                                                                             
                           "Local Hit Blocks": 0,                                                                                  
                           "Local Read Blocks": 0,                                                                                 
                           "Local Dirtied Blocks": 0,                                                                              
                           "Local Written Blocks": 0,                                                                              
                           "Temp Read Blocks": 0,                                                                                  
                           "Temp Written Blocks": 0                                                                                
                         }                                                                                                         
                       ]                                                                                                           
                     }                                                                                                             
                   ]                                                                                                               
                 },                                                                                                                
                 {                                                                                                                 
                   "Node Type": "Hash",                                                                                            
                   "Parent Relationship": "Inner",                                                                                 
                   "Parallel Aware": false,                                                                                        
                   "Startup Cost": 0.03,                                                                                           
                   "Total Cost": 0.03,                                                                                             
                   "Plan Rows": 4,                                                                                                 
                   "Plan Width": 4,                                                                                                
                   "Actual Startup Time": 7.081,                                                                                   
                   "Actual Total Time": 7.081,                                                                                     
                   "Actual Rows": 4,                                                                                               
                   "Actual Loops": 1,                                                                                              
                   "Hash Buckets": 1024,                                                                                           
                   "Original Hash Buckets": 1024,                                                                                  
                   "Hash Batches": 1,                                                                                              
                   "Original Hash Batches": 1,                                                                                     
                   "Peak Memory Usage": 9,                                                                                         
                   "Shared Hit Blocks": 0,                                                                                         
                   "Shared Read Blocks": 1,                                                                                        
                   "Shared Dirtied Blocks": 0,                                                                                     
                   "Shared Written Blocks": 0,                                                                                     
                   "Local Hit Blocks": 0,                                                                                          
                   "Local Read Blocks": 0,                                                                                         
                   "Local Dirtied Blocks": 0,                                                                                      
                   "Local Written Blocks": 0,                                                                                      
                   "Temp Read Blocks": 0,                                                                                          
                   "Temp Written Blocks": 0,                                                                                       
                   "Plans": [                                                                                                      
                     {                                                                                                             
                       "Node Type": "Seq Scan",                                                                                    
                       "Parent Relationship": "Outer",                                                                             
                       "Parallel Aware": false,                                                                                    
                       "Relation Name": "company_type",                                                                            
                       "Alias": "ct",                                                                                              
                       "Startup Cost": 0.00,                                                                                       
                       "Total Cost": 0.03,                                                                                         
                       "Plan Rows": 4,                                                                                             
                       "Plan Width": 4,                                                                                            
                       "Actual Startup Time": 7.062,                                                                               
                       "Actual Total Time": 7.066,                                                                                 
                       "Actual Rows": 4,                                                                                           
                       "Actual Loops": 1,                                                                                          
                       "Shared Hit Blocks": 0,                                                                                     
                       "Shared Read Blocks": 1,                                                                                    
                       "Shared Dirtied Blocks": 0,                                                                                 
                       "Shared Written Blocks": 0,                                                                                 
                       "Local Hit Blocks": 0,                                                                                      
                       "Local Read Blocks": 0,                                                                                     
                       "Local Dirtied Blocks": 0,                                                                                  
                       "Local Written Blocks": 0,                                                                                  
                       "Temp Read Blocks": 0,                                                                                      
                       "Temp Written Blocks": 0                                                                                    
                     }                                                                                                             
                   ]                                                                                                               
                 }                                                                                                                 
               ]                                                                                                                   
             },                                                                                                                    
             {                                                                                                                     
               "Node Type": "Hash",                                                                                                
               "Parent Relationship": "Inner",                                                                                     
               "Parallel Aware": false,                                                                                            
               "Startup Cost": 0.03,                                                                                               
               "Total Cost": 0.03,                                                                                                 
               "Plan Rows": 2,                                                                                                     
               "Plan Width": 4,                                                                                                    
               "Actual Startup Time": 17.168,                                                                                      
               "Actual Total Time": 17.168,                                                                                        
               "Actual Rows": 2,                                                                                                   
               "Actual Loops": 1,                                                                                                  
               "Hash Buckets": 1024,                                                                                               
               "Original Hash Buckets": 1024,                                                                                      
               "Hash Batches": 1,                                                                                                  
               "Original Hash Batches": 1,                                                                                         
               "Peak Memory Usage": 9,                                                                                             
               "Shared Hit Blocks": 0,                                                                                             
               "Shared Read Blocks": 1,                                                                                            
               "Shared Dirtied Blocks": 0,                                                                                         
               "Shared Written Blocks": 0,                                                                                         
               "Local Hit Blocks": 0,                                                                                              
               "Local Read Blocks": 0,                                                                                             
               "Local Dirtied Blocks": 0,                                                                                          
               "Local Written Blocks": 0,                                                                                          
               "Temp Read Blocks": 0,                                                                                              
               "Temp Written Blocks": 0,                                                                                           
               "Plans": [                                                                                                          
                 {                                                                                                                 
                   "Node Type": "Seq Scan",                                                                                        
                   "Parent Relationship": "Outer",                                                                                 
                   "Parallel Aware": false,                                                                                        
                   "Relation Name": "kind_type",                                                                                   
                   "Alias": "kt",                                                                                                  
                   "Startup Cost": 0.00,                                                                                           
                   "Total Cost": 0.03,                                                                                             
                   "Plan Rows": 2,                                                                                                 
                   "Plan Width": 4,                                                                                                
                   "Actual Startup Time": 17.147,                                                                                  
                   "Actual Total Time": 17.154,                                                                                    
                   "Actual Rows": 2,                                                                                               
                   "Actual Loops": 1,                                                                                              
                   "Filter": "((kind)::text = ANY ('{movie,episode}'::text[]))",                                                   
                   "Rows Removed by Filter": 5,                                                                                    
                   "Shared Hit Blocks": 0,                                                                                         
                   "Shared Read Blocks": 1,                                                                                        
                   "Shared Dirtied Blocks": 0,                                                                                     
                   "Shared Written Blocks": 0,                                                                                     
                   "Local Hit Blocks": 0,                                                                                          
                   "Local Read Blocks": 0,                                                                                         
                   "Local Dirtied Blocks": 0,                                                                                      
                   "Local Written Blocks": 0,                                                                                      
                   "Temp Read Blocks": 0,                                                                                          
                   "Temp Written Blocks": 0                                                                                        
                 }                                                                                                                 
               ]                                                                                                                   
             }                                                                                                                     
           ]                                                                                                                       
         }                                                                                                                         
       ]                                                                                                                           
     },                                                                                                                            
     "Planning Time": 8686.794,                                                                                                    
     "Triggers": [                                                                                                                 
     ],                                                                                                                            
     "Execution Time": 13496.236                                                                                                   
   }                                                                                                                               
 ]
