 [                                                                                                                                       
   {                                                                                                                                     
     "Plan": {                                                                                                                           
       "Node Type": "Aggregate",                                                                                                         
       "Strategy": "Plain",                                                                                                              
       "Partial Mode": "Simple",                                                                                                         
       "Parallel Aware": false,                                                                                                          
       "Startup Cost": 16856.62,                                                                                                         
       "Total Cost": 16856.62,                                                                                                           
       "Plan Rows": 1,                                                                                                                   
       "Plan Width": 96,                                                                                                                 
       "Actual Startup Time": 14393.060,                                                                                                 
       "Actual Total Time": 14393.060,                                                                                                   
       "Actual Rows": 1,                                                                                                                 
       "Actual Loops": 1,                                                                                                                
       "Shared Hit Blocks": 4,                                                                                                           
       "Shared Read Blocks": 253532,                                                                                                     
       "Shared Dirtied Blocks": 0,                                                                                                       
       "Shared Written Blocks": 0,                                                                                                       
       "Local Hit Blocks": 0,                                                                                                            
       "Local Read Blocks": 0,                                                                                                           
       "Local Dirtied Blocks": 0,                                                                                                        
       "Local Written Blocks": 0,                                                                                                        
       "Temp Read Blocks": 0,                                                                                                            
       "Temp Written Blocks": 0,                                                                                                         
       "Plans": [                                                                                                                        
         {                                                                                                                               
           "Node Type": "Hash Join",                                                                                                     
           "Parent Relationship": "Outer",                                                                                               
           "Parallel Aware": false,                                                                                                      
           "Join Type": "Inner",                                                                                                         
           "Startup Cost": 4933.88,                                                                                                      
           "Total Cost": 16856.62,                                                                                                       
           "Plan Rows": 1,                                                                                                               
           "Plan Width": 42,                                                                                                             
           "Actual Startup Time": 12872.979,                                                                                             
           "Actual Total Time": 14357.533,                                                                                               
           "Actual Rows": 46281,                                                                                                         
           "Actual Loops": 1,                                                                                                            
           "Inner Unique": true,                                                                                                         
           "Hash Cond": "(mc.company_type_id = ct.id)",                                                                                  
           "Shared Hit Blocks": 4,                                                                                                       
           "Shared Read Blocks": 253532,                                                                                                 
           "Shared Dirtied Blocks": 0,                                                                                                   
           "Shared Written Blocks": 0,                                                                                                   
           "Local Hit Blocks": 0,                                                                                                        
           "Local Read Blocks": 0,                                                                                                       
           "Local Dirtied Blocks": 0,                                                                                                    
           "Local Written Blocks": 0,                                                                                                    
           "Temp Read Blocks": 0,                                                                                                        
           "Temp Written Blocks": 0,                                                                                                     
           "Plans": [                                                                                                                    
             {                                                                                                                           
               "Node Type": "Hash Join",                                                                                                 
               "Parent Relationship": "Outer",                                                                                           
               "Parallel Aware": false,                                                                                                  
               "Join Type": "Inner",                                                                                                     
               "Startup Cost": 4933.85,                                                                                                  
               "Total Cost": 16856.59,                                                                                                   
               "Plan Rows": 1,                                                                                                           
               "Plan Width": 46,                                                                                                         
               "Actual Startup Time": 12858.362,                                                                                         
               "Actual Total Time": 14332.051,                                                                                           
               "Actual Rows": 46281,                                                                                                     
               "Actual Loops": 1,                                                                                                        
               "Inner Unique": false,                                                                                                    
               "Hash Cond": "(mi.movie_id = t.id)",                                                                                      
               "Shared Hit Blocks": 1,                                                                                                   
               "Shared Read Blocks": 253531,                                                                                             
               "Shared Dirtied Blocks": 0,                                                                                               
               "Shared Written Blocks": 0,                                                                                               
               "Local Hit Blocks": 0,                                                                                                    
               "Local Read Blocks": 0,                                                                                                   
               "Local Dirtied Blocks": 0,                                                                                                
               "Local Written Blocks": 0,                                                                                                
               "Temp Read Blocks": 0,                                                                                                    
               "Temp Written Blocks": 0,                                                                                                 
               "Plans": [                                                                                                                
                 {                                                                                                                       
                   "Node Type": "Hash Join",                                                                                             
                   "Parent Relationship": "Outer",                                                                                       
                   "Parallel Aware": false,                                                                                              
                   "Join Type": "Inner",                                                                                                 
                   "Startup Cost": 0.05,                                                                                                 
                   "Total Cost": 11922.05,                                                                                               
                   "Plan Rows": 6329,                                                                                                    
                   "Plan Width": 4,                                                                                                      
                   "Actual Startup Time": 7115.004,                                                                                      
                   "Actual Total Time": 8515.779,                                                                                        
                   "Actual Rows": 614251,                                                                                                
                   "Actual Loops": 1,                                                                                                    
                   "Inner Unique": true,                                                                                                 
                   "Hash Cond": "(mi.info_type_id = it.id)",                                                                            
                   "Shared Hit Blocks": 0,                                                                                               
                   "Shared Read Blocks": 161893,                                                                                         
                   "Shared Dirtied Blocks": 0,                                                                                           
                   "Shared Written Blocks": 0,                                                                                           
                   "Local Hit Blocks": 0,                                                                                                
                   "Local Read Blocks": 0,                                                                                               
                   "Local Dirtied Blocks": 0,                                                                                            
                   "Local Written Blocks": 0,                                                                                            
                   "Temp Read Blocks": 0,                                                                                                
                   "Temp Written Blocks": 0,                                                                                             
                   "Plans": [                                                                                                            
                     {                                                                                                                   
                       "Node Type": "Seq Scan",                                                                                          
                       "Parent Relationship": "Outer",                                                                                   
                       "Parallel Aware": false,                                                                                          
                       "Relation Name": "movie_info",                                                                                    
                       "Alias": "mi",                                                                                                    
                       "Startup Cost": 0.00,                                                                                             
                       "Total Cost": 11863.04,                                                                                           
                       "Plan Rows": 715132,                                                                                              
                       "Plan Width": 8,                                                                                                  
                       "Actual Startup Time": 31.998,                                                                                    
                       "Actual Total Time": 8334.592,                                                                                    
                       "Actual Rows": 716210,                                                                                            
                       "Actual Loops": 1,                                                                                                
                       "Filter": "(info = ANY ('{Sweden,Norway,Germany,Denmark,Swedish,Danish,Norwegian,German,USA,American}'::text[]))",
                       "Rows Removed by Filter": 14119510,                                                                               
                       "Shared Hit Blocks": 0,                                                                                           
                       "Shared Read Blocks": 161892,                                                                                     
                       "Shared Dirtied Blocks": 0,                                                                                       
                       "Shared Written Blocks": 0,                                                                                       
                       "Local Hit Blocks": 0,                                                                                            
                       "Local Read Blocks": 0,                                                                                           
                       "Local Dirtied Blocks": 0,                                                                                        
                       "Local Written Blocks": 0,                                                                                        
                       "Temp Read Blocks": 0,                                                                                            
                       "Temp Written Blocks": 0                                                                                          
                     },                                                                                                                  
                     {                                                                                                                   
                       "Node Type": "Hash",                                                                                              
                       "Parent Relationship": "Inner",                                                                                   
                       "Parallel Aware": false,                                                                                          
                       "Startup Cost": 0.05,                                                                                             
                       "Total Cost": 0.05,                                                                                               
                       "Plan Rows": 1,                                                                                                   
                       "Plan Width": 4,                                                                                                  
                       "Actual Startup Time": 20.802,                                                                                    
                       "Actual Total Time": 20.802,                                                                                      
                       "Actual Rows": 1,                                                                                                 
                       "Actual Loops": 1,                                                                                                
                       "Hash Buckets": 1024,                                                                                             
                       "Original Hash Buckets": 1024,                                                                                    
                       "Hash Batches": 1,                                                                                                
                       "Original Hash Batches": 1,                                                                                       
                       "Peak Memory Usage": 9,                                                                                           
                       "Shared Hit Blocks": 0,                                                                                           
                       "Shared Read Blocks": 1,                                                                                          
                       "Shared Dirtied Blocks": 0,                                                                                       
                       "Shared Written Blocks": 0,                                                                                       
                       "Local Hit Blocks": 0,                                                                                            
                       "Local Read Blocks": 0,                                                                                           
                       "Local Dirtied Blocks": 0,                                                                                        
                       "Local Written Blocks": 0,                                                                                        
                       "Temp Read Blocks": 0,                                                                                            
                       "Temp Written Blocks": 0,                                                                                         
                       "Plans": [                                                                                                        
                         {                                                                                                               
                           "Node Type": "Seq Scan",                                                                                      
                           "Parent Relationship": "Outer",                                                                               
                           "Parallel Aware": false,                                                                                      
                           "Relation Name": "info_type",                                                                                 
                           "Alias": "it",                                                                                               
                           "Startup Cost": 0.00,                                                                                         
                           "Total Cost": 0.05,                                                                                           
                           "Plan Rows": 1,                                                                                               
                           "Plan Width": 4,                                                                                              
                           "Actual Startup Time": 20.746,                                                                                
                           "Actual Total Time": 20.784,                                                                                  
                           "Actual Rows": 1,                                                                                             
                           "Actual Loops": 1,                                                                                            
                           "Filter": "((info)::text = 'countries'::text)",                                                               
                           "Rows Removed by Filter": 112,                                                                                
                           "Shared Hit Blocks": 0,                                                                                       
                           "Shared Read Blocks": 1,                                                                                      
                           "Shared Dirtied Blocks": 0,                                                                                   
                           "Shared Written Blocks": 0,                                                                                   
                           "Local Hit Blocks": 0,                                                                                        
                           "Local Read Blocks": 0,                                                                                       
                           "Local Dirtied Blocks": 0,                                                                                    
                           "Local Written Blocks": 0,                                                                                    
                           "Temp Read Blocks": 0,                                                                                        
                           "Temp Written Blocks": 0                                                                                      
                         }                                                                                                               
                       ]                                                                                                                 
                     }                                                                                                                   
                   ]                                                                                                                     
                 },                                                                                                                      
                 {                                                                                                                       
                   "Node Type": "Hash",                                                                                                  
                   "Parent Relationship": "Inner",                                                                                       
                   "Parallel Aware": false,                                                                                              
                   "Startup Cost": 4933.80,                                                                                              
                   "Total Cost": 4933.80,                                                                                                
                   "Plan Rows": 1,                                                                                                       
                   "Plan Width": 62,                                                                                                     
                   "Actual Startup Time": 5708.384,                                                                                      
                   "Actual Total Time": 5708.384,                                                                                        
                   "Actual Rows": 56448,                                                                                                 
                   "Actual Loops": 1,                                                                                                    
                   "Hash Buckets": 65536,                                                                                                
                   "Original Hash Buckets": 1024,                                                                                        
                   "Hash Batches": 1,                                                                                                    
                   "Original Hash Batches": 1,                                                                                           
                   "Peak Memory Usage": 5700,                                                                                            
                   "Shared Hit Blocks": 1,                                                                                               
                   "Shared Read Blocks": 91638,                                                                                          
                   "Shared Dirtied Blocks": 0,                                                                                           
                   "Shared Written Blocks": 0,                                                                                           
                   "Local Hit Blocks": 0,                                                                                                
                   "Local Read Blocks": 0,                                                                                               
                   "Local Dirtied Blocks": 0,                                                                                            
                   "Local Written Blocks": 0,                                                                                            
                   "Temp Read Blocks": 0,                                                                                                
                   "Temp Written Blocks": 0,                                                                                             
                   "Plans": [                                                                                                            
                     {                                                                                                                   
                       "Node Type": "Hash Join",                                                                                         
                       "Parent Relationship": "Outer",                                                                                   
                       "Parallel Aware": false,                                                                                          
                       "Join Type": "Inner",                                                                                             
                       "Startup Cost": 3315.58,                                                                                          
                       "Total Cost": 4933.80,                                                                                            
                       "Plan Rows": 1,                                                                                                   
                       "Plan Width": 62,                                                                                                 
                       "Actual Startup Time": 4004.243,                                                                                  
                       "Actual Total Time": 5674.510,                                                                                    
                       "Actual Rows": 56448,                                                                                             
                       "Actual Loops": 1,                                                                                                
                       "Inner Unique": true,                                                                                             
                       "Hash Cond": "(t.kind_id = kt.id)",                                                                               
                       "Shared Hit Blocks": 1,                                                                                           
                       "Shared Read Blocks": 91638,                                                                                      
                       "Shared Dirtied Blocks": 0,                                                                                       
                       "Shared Written Blocks": 0,                                                                                       
                       "Local Hit Blocks": 0,                                                                                            
                       "Local Read Blocks": 0,                                                                                           
                       "Local Dirtied Blocks": 0,                                                                                        
                       "Local Written Blocks": 0,                                                                                        
                       "Temp Read Blocks": 0,                                                                                            
                       "Temp Written Blocks": 0,                                                                                         
                       "Plans": [                                                                                                        
                         {                                                                                                               
                           "Node Type": "Hash Join",                                                                                     
                           "Parent Relationship": "Outer",                                                                               
                           "Parallel Aware": false,                                                                                      
                           "Join Type": "Inner",                                                                                         
                           "Startup Cost": 3315.55,                                                                                      
                           "Total Cost": 4933.77,                                                                                        
                           "Plan Rows": 2,                                                                                               
                           "Plan Width": 66,                                                                                             
                           "Actual Startup Time": 3987.322,                                                                              
                           "Actual Total Time": 5635.865,                                                                                
                           "Actual Rows": 61121,                                                                                         
                           "Actual Loops": 1,                                                                                            
                           "Inner Unique": false,                                                                                        
                           "Hash Cond": "(t.id = mk.movie_id)",                                                                          
                           "Shared Hit Blocks": 1,                                                                                       
                           "Shared Read Blocks": 91637,                                                                                  
                           "Shared Dirtied Blocks": 0,                                                                                   
                           "Shared Written Blocks": 0,                                                                                   
                           "Local Hit Blocks": 0,                                                                                        
                           "Local Read Blocks": 0,                                                                                       
                           "Local Dirtied Blocks": 0,                                                                                    
                           "Local Written Blocks": 0,                                                                                    
                           "Temp Read Blocks": 0,                                                                                        
                           "Temp Written Blocks": 0,                                                                                     
                           "Plans": [                                                                                                    
                             {                                                                                                           
                               "Node Type": "Seq Scan",                                                                                  
                               "Parent Relationship": "Outer",                                                                           
                               "Parallel Aware": false,                                                                                  
                               "Relation Name": "title",                                                                                 
                               "Alias": "t",                                                                                             
                               "Startup Cost": 0.00,                                                                                     
                               "Total Cost": 1500.26,                                                                                    
                               "Plan Rows": 1012920,                                                                                     
                               "Plan Width": 25,                                                                                         
                               "Actual Startup Time": 20.373,                                                                            
                               "Actual Total Time": 1330.083,                                                                            
                               "Actual Rows": 1012920,                                                                                   
                               "Actual Loops": 1,                                                                                        
                               "Filter": "(production_year > 2005)",                                                                     
                               "Rows Removed by Filter": 1515392,                                                                        
                               "Shared Hit Blocks": 0,                                                                                   
                               "Shared Read Blocks": 35998,                                                                              
                               "Shared Dirtied Blocks": 0,                                                                               
                               "Shared Written Blocks": 0,                                                                               
                               "Local Hit Blocks": 0,                                                                                    
                               "Local Read Blocks": 0,                                                                                   
                               "Local Dirtied Blocks": 0,                                                                                
                               "Local Written Blocks": 0,                                                                                
                               "Temp Read Blocks": 0,                                                                                    
                               "Temp Written Blocks": 0                                                                                  
                             },                                                                                                          
                             {                                                                                                           
                               "Node Type": "Hash",                                                                                      
                               "Parent Relationship": "Inner",                                                                           
                               "Parallel Aware": false,                                                                                  
                               "Startup Cost": 3315.55,                                                                                  
                               "Total Cost": 3315.55,                                                                                    
                               "Plan Rows": 5,                                                                                           
                               "Plan Width": 41,                                                                                         
                               "Actual Startup Time": 3951.159,                                                                          
                               "Actual Total Time": 3951.159,                                                                            
                               "Actual Rows": 196248,                                                                                    
                               "Actual Loops": 1,                                                                                        
                               "Hash Buckets": 262144,                                                                                   
                               "Original Hash Buckets": 1024,                                                                            
                               "Hash Batches": 1,                                                                                        
                               "Original Hash Batches": 1,                                                                               
                               "Peak Memory Usage": 16176,                                                                               
                               "Shared Hit Blocks": 1,                                                                                   
                               "Shared Read Blocks": 55639,                                                                              
                               "Shared Dirtied Blocks": 0,                                                                               
                               "Shared Written Blocks": 0,                                                                               
                               "Local Hit Blocks": 0,                                                                                    
                               "Local Read Blocks": 0,                                                                                   
                               "Local Dirtied Blocks": 0,                                                                                
                               "Local Written Blocks": 0,                                                                                
                               "Temp Read Blocks": 0,                                                                                    
                               "Temp Written Blocks": 0,                                                                                 
                               "Plans": [                                                                                                
                                 {                                                                                                       
                                   "Node Type": "Hash Join",                                                                             
                                   "Parent Relationship": "Outer",                                                                       
                                   "Parallel Aware": false,                                                                              
                                   "Join Type": "Inner",                                                                                 
                                   "Startup Cost": 1866.89,                                                                              
                                   "Total Cost": 3315.55,                                                                                
                                   "Plan Rows": 5,                                                                                       
                                   "Plan Width": 41,                                                                                     
                                   "Actual Startup Time": 2609.111,                                                                      
                                   "Actual Total Time": 3887.059,                                                                        
                                   "Actual Rows": 196248,                                                                                
                                   "Actual Loops": 1,                                                                                    
                                   "Inner Unique": true,                                                                                 
                                   "Hash Cond": "(mc.company_id = cn.id)",                                                               
                                   "Shared Hit Blocks": 1,                                                                               
                                   "Shared Read Blocks": 55639,                                                                          
                                   "Shared Dirtied Blocks": 0,                                                                           
                                   "Shared Written Blocks": 0,                                                                           
                                   "Local Hit Blocks": 0,                                                                                
                                   "Local Read Blocks": 0,                                                                               
                                   "Local Dirtied Blocks": 0,                                                                            
                                   "Local Written Blocks": 0,                                                                            
                                   "Temp Read Blocks": 0,                                                                                
                                   "Temp Written Blocks": 0,                                                                             
                                   "Plans": [                                                                                            
                                     {                                                                                                   
                                       "Node Type": "Hash Join",                                                                         
                                       "Parent Relationship": "Outer",                                                                   
                                       "Parallel Aware": false,                                                                          
                                       "Join Type": "Inner",                                                                             
                                       "Startup Cost": 1719.95,                                                                          
                                       "Total Cost": 3168.61,                                                                            
                                       "Plan Rows": 8,                                                                                   
                                       "Plan Width": 26,                                                                                 
                                       "Actual Startup Time": 2465.009,                                                                  
                                       "Actual Total Time": 3643.164,                                                                    
                                       "Actual Rows": 314519,                                                                            
                                       "Actual Loops": 1,                                                                                
                                       "Inner Unique": false,                                                                            
                                       "Hash Cond": "(mk.movie_id = mi_idx.movie_id)",                                                   
                                       "Shared Hit Blocks": 1,                                                                           
                                       "Shared Read Blocks": 52645,                                                                      
                                       "Shared Dirtied Blocks": 0,                                                                       
                                       "Shared Written Blocks": 0,                                                                       
                                       "Local Hit Blocks": 0,                                                                            
                                       "Local Read Blocks": 0,                                                                           
                                       "Local Dirtied Blocks": 0,                                                                        
                                       "Local Written Blocks": 0,                                                                        
                                       "Temp Read Blocks": 0,                                                                            
                                       "Temp Written Blocks": 0,                                                                         
                                       "Plans": [                                                                                        
                                         {                                                                                               
                                           "Node Type": "Hash Join",                                                                     
                                           "Parent Relationship": "Outer",                                                               
                                           "Parallel Aware": false,                                                                      
                                           "Join Type": "Inner",                                                                         
                                           "Startup Cost": 59.88,                                                                        
                                           "Total Cost": 1508.52,                                                                        
                                           "Plan Rows": 135,                                                                             
                                           "Plan Width": 4,                                                                              
                                           "Actual Startup Time": 102.079,                                                               
                                           "Actual Total Time": 1196.878,                                                                
                                           "Actual Rows": 37091,                                                                         
                                           "Actual Loops": 1,                                                                            
                                           "Inner Unique": true,                                                                         
                                           "Hash Cond": "(mk.keyword_id = k.id)",                                                        
                                           "Shared Hit Blocks": 0,                                                                       
                                           "Shared Read Blocks": 25403,                                                                  
                                           "Shared Dirtied Blocks": 0,                                                                   
                                           "Shared Written Blocks": 0,                                                                   
                                           "Local Hit Blocks": 0,                                                                        
                                           "Local Read Blocks": 0,                                                                       
                                           "Local Dirtied Blocks": 0,                                                                    
                                           "Local Written Blocks": 0,                                                                    
                                           "Temp Read Blocks": 0,                                                                        
                                           "Temp Written Blocks": 0,                                                                     
                                           "Plans": [                                                                                    
                                             {                                                                                           
                                               "Node Type": "Seq Scan",                                                                  
                                               "Parent Relationship": "Outer",                                                           
                                               "Parallel Aware": false,                                                                  
                                               "Relation Name": "movie_keyword",                                                         
                                               "Alias": "mk",                                                                            
                                               "Startup Cost": 0.00,                                                                     
                                               "Total Cost": 1079.84,                                                                    
                                               "Plan Rows": 4523930,                                                                     
                                               "Plan Width": 8,                                                                          
                                               "Actual Startup Time": 10.236,                                                            
                                               "Actual Total Time": 513.856,                                                             
                                               "Actual Rows": 4523930,                                                                   
                                               "Actual Loops": 1,                                                                        
                                               "Shared Hit Blocks": 0,                                                                   
                                               "Shared Read Blocks": 24454,                                                              
                                               "Shared Dirtied Blocks": 0,                                                               
                                               "Shared Written Blocks": 0,                                                               
                                               "Local Hit Blocks": 0,                                                                    
                                               "Local Read Blocks": 0,                                                                   
                                               "Local Dirtied Blocks": 0,                                                                
                                               "Local Written Blocks": 0,                                                                
                                               "Temp Read Blocks": 0,                                                                    
                                               "Temp Written Blocks": 0                                                                  
                                             },                                                                                          
                                             {                                                                                           
                                               "Node Type": "Hash",                                                                      
                                               "Parent Relationship": "Inner",                                                           
                                               "Parallel Aware": false,                                                                  
                                               "Startup Cost": 59.88,                                                                    
                                               "Total Cost": 59.88,                                                                      
                                               "Plan Rows": 4,                                                                           
                                               "Plan Width": 4,                                                                          
                                               "Actual Startup Time": 91.742,                                                            
                                               "Actual Total Time": 91.742,                                                              
                                               "Actual Rows": 3,                                                                         
                                               "Actual Loops": 1,                                                                        
                                               "Hash Buckets": 1024,                                                                     
                                               "Original Hash Buckets": 1024,                                                            
                                               "Hash Batches": 1,                                                                        
                                               "Original Hash Batches": 1,                                                               
                                               "Peak Memory Usage": 9,                                                                   
                                               "Shared Hit Blocks": 0,                                                                   
                                               "Shared Read Blocks": 949,                                                                
                                               "Shared Dirtied Blocks": 0,                                                               
                                               "Shared Written Blocks": 0,                                                               
                                               "Local Hit Blocks": 0,                                                                    
                                               "Local Read Blocks": 0,                                                                   
                                               "Local Dirtied Blocks": 0,                                                                
                                               "Local Written Blocks": 0,                                                                
                                               "Temp Read Blocks": 0,                                                                    
                                               "Temp Written Blocks": 0,                                                                 
                                               "Plans": [                                                                                
                                                 {                                                                                       
                                                   "Node Type": "Seq Scan",                                                              
                                                   "Parent Relationship": "Outer",                                                       
                                                   "Parallel Aware": false,                                                              
                                                   "Relation Name": "keyword",                                                           
                                                   "Alias": "k",                                                                         
                                                   "Startup Cost": 0.00,                                                                 
                                                   "Total Cost": 59.88,                                                                  
                                                   "Plan Rows": 4,                                                                       
                                                   "Plan Width": 4,                                                                      
                                                   "Actual Startup Time": 31.247,                                                        
                                                   "Actual Total Time": 91.735,                                                          
                                                   "Actual Rows": 3,                                                                     
                                                   "Actual Loops": 1,                                                                    
                                                   "Filter": "(keyword = ANY ('{murder,murder-in-title,blood,violence}'::text[]))",      
                                                   "Rows Removed by Filter": 134167,                                                     
                                                   "Shared Hit Blocks": 0,                                                               
                                                   "Shared Read Blocks": 949,                                                            
                                                   "Shared Dirtied Blocks": 0,                                                           
                                                   "Shared Written Blocks": 0,                                                           
                                                   "Local Hit Blocks": 0,                                                                
                                                   "Local Read Blocks": 0,                                                               
                                                   "Local Dirtied Blocks": 0,                                                            
                                                   "Local Written Blocks": 0,                                                            
                                                   "Temp Read Blocks": 0,                                                                
                                                   "Temp Written Blocks": 0                                                              
                                                 }                                                                                       
                                               ]                                                                                         
                                             }                                                                                           
                                           ]                                                                                             
                                         },                                                                                              
                                         {                                                                                               
                                           "Node Type": "Hash",                                                                          
                                           "Parent Relationship": "Inner",                                                               
                                           "Parallel Aware": false,                                                                      
                                           "Startup Cost": 1655.86,                                                                      
                                           "Total Cost": 1655.86,                                                                        
                                           "Plan Rows": 28683,                                                                           
                                           "Plan Width": 22,                                                                             
                                           "Actual Startup Time": 2362.804,                                                              
                                           "Actual Total Time": 2362.804,                                                                
                                           "Actual Rows": 1330927,                                                                       
                                           "Actual Loops": 1,                                                                            
                                           "Hash Buckets": 2097152,                                                                      
                                           "Original Hash Buckets": 32768,                                                               
                                           "Hash Batches": 1,                                                                            
                                           "Original Hash Batches": 1,                                                                   
                                           "Peak Memory Usage": 83971,                                                                   
                                           "Shared Hit Blocks": 1,                                                                       
                                           "Shared Read Blocks": 27242,                                                                  
                                           "Shared Dirtied Blocks": 0,                                                                   
                                           "Shared Written Blocks": 0,                                                                   
                                           "Local Hit Blocks": 0,                                                                        
                                           "Local Read Blocks": 0,                                                                       
                                           "Local Dirtied Blocks": 0,                                                                    
                                           "Local Written Blocks": 0,                                                                    
                                           "Temp Read Blocks": 0,                                                                        
                                           "Temp Written Blocks": 0,                                                                     
                                           "Plans": [                                                                                    
                                             {                                                                                           
                                               "Node Type": "Hash Join",                                                                 
                                               "Parent Relationship": "Outer",                                                           
                                               "Parallel Aware": false,                                                                  
                                               "Join Type": "Inner",                                                                     
                                               "Startup Cost": 580.27,                                                                   
                                               "Total Cost": 1655.86,                                                                    
                                               "Plan Rows": 28683,                                                                       
                                               "Plan Width": 22,                                                                         
                                               "Actual Startup Time": 722.618,                                                           
                                               "Actual Total Time": 1969.704,                                                            
                                               "Actual Rows": 1330927,                                                                   
                                               "Actual Loops": 1,                                                                        
                                               "Inner Unique": false,                                                                    
                                               "Hash Cond": "(mc.movie_id = mi_idx.movie_id)",                                           
                                               "Shared Hit Blocks": 1,                                                                   
                                               "Shared Read Blocks": 27242,                                                              
                                               "Shared Dirtied Blocks": 0,                                                               
                                               "Shared Written Blocks": 0,                                                               
                                               "Local Hit Blocks": 0,                                                                    
                                               "Local Read Blocks": 0,                                                                   
                                               "Local Dirtied Blocks": 0,                                                                
                                               "Local Written Blocks": 0,                                                                
                                               "Temp Read Blocks": 0,                                                                    
                                               "Temp Written Blocks": 0,                                                                 
                                               "Plans": [                                                                                
                                                 {                                                                                       
                                                   "Node Type": "Seq Scan",                                                              
                                                   "Parent Relationship": "Outer",                                                       
                                                   "Parallel Aware": false,                                                              
                                                   "Relation Name": "movie_companies",                                                   
                                                   "Alias": "mc",                                                                        
                                                   "Startup Cost": 0.00,                                                                 
                                                   "Total Cost": 769.75,                                                                 
                                                   "Plan Rows": 2609129,                                                                 
                                                   "Plan Width": 12,                                                                     
                                                   "Actual Startup Time": 25.103,                                                        
                                                   "Actual Total Time": 341.935,                                                         
                                                   "Actual Rows": 2609129,                                                               
                                                   "Actual Loops": 1,                                                                    
                                                   "Shared Hit Blocks": 0,                                                               
                                                   "Shared Read Blocks": 18789,                                                          
                                                   "Shared Dirtied Blocks": 0,                                                           
                                                   "Shared Written Blocks": 0,                                                           
                                                   "Local Hit Blocks": 0,                                                                
                                                   "Local Read Blocks": 0,                                                               
                                                   "Local Dirtied Blocks": 0,                                                            
                                                   "Local Written Blocks": 0,                                                            
                                                   "Temp Read Blocks": 0,                                                                
                                                   "Temp Written Blocks": 0                                                              
                                                 },                                                                                      
                                                 {                                                                                       
                                                   "Node Type": "Hash",                                                                  
                                                   "Parent Relationship": "Inner",                                                       
                                                   "Parallel Aware": false,                                                              
                                                   "Startup Cost": 578.52,                                                               
                                                   "Total Cost": 578.52,                                                                 
                                                   "Plan Rows": 11890,                                                                   
                                                   "Plan Width": 10,                                                                     
                                                   "Actual Startup Time": 697.387,                                                       
                                                   "Actual Total Time": 697.387,                                                         
                                                   "Actual Rows": 454230,                                                                
                                                   "Actual Loops": 1,                                                                    
                                                   "Hash Buckets": 524288,                                                               
                                                   "Original Hash Buckets": 16384,                                                       
                                                   "Hash Batches": 1,                                                                    
                                                   "Original Hash Batches": 1,                                                           
                                                   "Peak Memory Usage": 21840,                                                           
                                                   "Shared Hit Blocks": 1,                                                               
                                                   "Shared Read Blocks": 8453,                                                           
                                                   "Shared Dirtied Blocks": 0,                                                           
                                                   "Shared Written Blocks": 0,                                                           
                                                   "Local Hit Blocks": 0,                                                                
                                                   "Local Read Blocks": 0,                                                               
                                                   "Local Dirtied Blocks": 0,                                                            
                                                   "Local Written Blocks": 0,                                                            
                                                   "Temp Read Blocks": 0,                                                                
                                                   "Temp Written Blocks": 0,                                                             
                                                   "Plans": [                                                                            
                                                     {                                                                                   
                                                       "Node Type": "Hash Join",                                                         
                                                       "Parent Relationship": "Outer",                                                   
                                                       "Parallel Aware": false,                                                          
                                                       "Join Type": "Inner",                                                             
                                                       "Startup Cost": 0.05,                                                             
                                                       "Total Cost": 578.52,                                                             
                                                       "Plan Rows": 11890,                                                               
                                                       "Plan Width": 10,                                                                 
                                                       "Actual Startup Time": 27.255,                                                    
                                                       "Actual Total Time": 583.787,                                                     
                                                       "Actual Rows": 454230,                                                            
                                                       "Actual Loops": 1,                                                                
                                                       "Inner Unique": true,                                                             
                                                       "Hash Cond": "(mi_idx.info_type_id = it.id)",                                    
                                                       "Shared Hit Blocks": 1,                                                           
                                                       "Shared Read Blocks": 8453,                                                       
                                                       "Shared Dirtied Blocks": 0,                                                       
                                                       "Shared Written Blocks": 0,                                                       
                                                       "Local Hit Blocks": 0,                                                            
                                                       "Local Read Blocks": 0,                                                           
                                                       "Local Dirtied Blocks": 0,                                                        
                                                       "Local Written Blocks": 0,                                                        
                                                       "Temp Read Blocks": 0,                                                            
                                                       "Temp Written Blocks": 0,                                                         
                                                       "Plans": [                                                                        
                                                         {                                                                               
                                                           "Node Type": "Seq Scan",                                                      
                                                           "Parent Relationship": "Outer",                                               
                                                           "Parallel Aware": false,                                                      
                                                           "Relation Name": "movie_info_idx",                                            
                                                           "Alias": "mi_idx",                                                            
                                                           "Startup Cost": 0.00,                                                         
                                                           "Total Cost": 467.71,                                                         
                                                           "Plan Rows": 1343551,                                                         
                                                           "Plan Width": 14,                                                             
                                                           "Actual Startup Time": 27.141,                                                
                                                           "Actual Total Time": 360.916,                                                 
                                                           "Actual Rows": 1343555,                                                       
                                                           "Actual Loops": 1,                                                            
                                                           "Filter": "(info < '8.5'::text)",                                             
                                                           "Rows Removed by Filter": 36480,                                              
                                                           "Shared Hit Blocks": 0,                                                       
                                                           "Shared Read Blocks": 8453,                                                   
                                                           "Shared Dirtied Blocks": 0,                                                   
                                                           "Shared Written Blocks": 0,                                                   
                                                           "Local Hit Blocks": 0,                                                        
                                                           "Local Read Blocks": 0,                                                       
                                                           "Local Dirtied Blocks": 0,                                                    
                                                           "Local Written Blocks": 0,                                                    
                                                           "Temp Read Blocks": 0,                                                        
                                                           "Temp Written Blocks": 0                                                      
                                                         },                                                                              
                                                         {                                                                               
                                                           "Node Type": "Hash",                                                          
                                                           "Parent Relationship": "Inner",                                               
                                                           "Parallel Aware": false,                                                      
                                                           "Startup Cost": 0.05,                                                         
                                                           "Total Cost": 0.05,                                                           
                                                           "Plan Rows": 1,                                                               
                                                           "Plan Width": 4,                                                              
                                                           "Actual Startup Time": 0.069,                                                 
                                                           "Actual Total Time": 0.069,                                                   
                                                           "Actual Rows": 1,                                                             
                                                           "Actual Loops": 1,                                                            
                                                           "Hash Buckets": 1024,                                                         
                                                           "Original Hash Buckets": 1024,                                                
                                                           "Hash Batches": 1,                                                            
                                                           "Original Hash Batches": 1,                                                   
                                                           "Peak Memory Usage": 9,                                                       
                                                           "Shared Hit Blocks": 1,                                                       
                                                           "Shared Read Blocks": 0,                                                      
                                                           "Shared Dirtied Blocks": 0,                                                   
                                                           "Shared Written Blocks": 0,                                                   
                                                           "Local Hit Blocks": 0,                                                        
                                                           "Local Read Blocks": 0,                                                       
                                                           "Local Dirtied Blocks": 0,                                                    
                                                           "Local Written Blocks": 0,                                                    
                                                           "Temp Read Blocks": 0,                                                        
                                                           "Temp Written Blocks": 0,                                                     
                                                           "Plans": [                                                                    
                                                             {                                                                           
                                                               "Node Type": "Seq Scan",                                                  
                                                               "Parent Relationship": "Outer",                                           
                                                               "Parallel Aware": false,                                                  
                                                               "Relation Name": "info_type",                                             
                                                               "Alias": "it",                                                           
                                                               "Startup Cost": 0.00,                                                     
                                                               "Total Cost": 0.05,                                                       
                                                               "Plan Rows": 1,                                                           
                                                               "Plan Width": 4,                                                          
                                                               "Actual Startup Time": 0.053,                                             
                                                               "Actual Total Time": 0.060,                                               
                                                               "Actual Rows": 1,                                                         
                                                               "Actual Loops": 1,                                                        
                                                               "Filter": "((info)::text = 'rating'::text)",                              
                                                               "Rows Removed by Filter": 112,                                            
                                                               "Shared Hit Blocks": 1,                                                   
                                                               "Shared Read Blocks": 0,                                                  
                                                               "Shared Dirtied Blocks": 0,                                               
                                                               "Shared Written Blocks": 0,                                               
                                                               "Local Hit Blocks": 0,                                                    
                                                               "Local Read Blocks": 0,                                                   
                                                               "Local Dirtied Blocks": 0,                                                
                                                               "Local Written Blocks": 0,                                                
                                                               "Temp Read Blocks": 0,                                                    
                                                               "Temp Written Blocks": 0                                                  
                                                             }                                                                           
                                                           ]                                                                             
                                                         }                                                                               
                                                       ]                                                                                 
                                                     }                                                                                   
                                                   ]                                                                                     
                                                 }                                                                                       
                                               ]                                                                                         
                                             }                                                                                           
                                           ]                                                                                             
                                         }                                                                                               
                                       ]                                                                                                 
                                     },                                                                                                  
                                     {                                                                                                   
                                       "Node Type": "Hash",                                                                              
                                       "Parent Relationship": "Inner",                                                                   
                                       "Parallel Aware": false,                                                                          
                                       "Startup Cost": 128.41,                                                                           
                                       "Total Cost": 128.41,                                                                             
                                       "Plan Rows": 126230,                                                                              
                                       "Plan Width": 23,                                                                                 
                                       "Actual Startup Time": 143.093,                                                                   
                                       "Actual Total Time": 143.093,                                                                     
                                       "Actual Rows": 126230,                                                                            
                                       "Actual Loops": 1,                                                                                
                                       "Hash Buckets": 131072,                                                                           
                                       "Original Hash Buckets": 131072,                                                                  
                                       "Hash Batches": 1,                                                                                
                                       "Original Hash Batches": 1,                                                                       
                                       "Peak Memory Usage": 7967,                                                                        
                                       "Shared Hit Blocks": 0,                                                                           
                                       "Shared Read Blocks": 2994,                                                                       
                                       "Shared Dirtied Blocks": 0,                                                                       
                                       "Shared Written Blocks": 0,                                                                       
                                       "Local Hit Blocks": 0,                                                                            
                                       "Local Read Blocks": 0,                                                                           
                                       "Local Dirtied Blocks": 0,                                                                        
                                       "Local Written Blocks": 0,                                                                        
                                       "Temp Read Blocks": 0,                                                                            
                                       "Temp Written Blocks": 0,                                                                         
                                       "Plans": [                                                                                        
                                         {                                                                                               
                                           "Node Type": "Seq Scan",                                                                      
                                           "Parent Relationship": "Outer",                                                               
                                           "Parallel Aware": false,                                                                      
                                           "Relation Name": "company_name",                                                              
                                           "Alias": "cn",                                                                                
                                           "Startup Cost": 0.00,                                                                         
                                           "Total Cost": 128.41,                                                                         
                                           "Plan Rows": 126230,                                                                          
                                           "Plan Width": 23,                                                                             
                                           "Actual Startup Time": 7.007,                                                                 
                                           "Actual Total Time": 101.927,                                                                 
                                           "Actual Rows": 126230,                                                                        
                                           "Actual Loops": 1,                                                                            
                                           "Filter": "((country_code)::text <> '[us]'::text)",                                           
                                           "Rows Removed by Filter": 108767,                                                             
                                           "Shared Hit Blocks": 0,                                                                       
                                           "Shared Read Blocks": 2994,                                                                   
                                           "Shared Dirtied Blocks": 0,                                                                   
                                           "Shared Written Blocks": 0,                                                                   
                                           "Local Hit Blocks": 0,                                                                        
                                           "Local Read Blocks": 0,                                                                       
                                           "Local Dirtied Blocks": 0,                                                                    
                                           "Local Written Blocks": 0,                                                                    
                                           "Temp Read Blocks": 0,                                                                        
                                           "Temp Written Blocks": 0                                                                      
                                         }                                                                                               
                                       ]                                                                                                 
                                     }                                                                                                   
                                   ]                                                                                                     
                                 }                                                                                                       
                               ]                                                                                                         
                             }                                                                                                           
                           ]                                                                                                             
                         },                                                                                                              
                         {                                                                                                               
                           "Node Type": "Hash",                                                                                          
                           "Parent Relationship": "Inner",                                                                               
                           "Parallel Aware": false,                                                                                      
                           "Startup Cost": 0.03,                                                                                         
                           "Total Cost": 0.03,                                                                                           
                           "Plan Rows": 2,                                                                                               
                           "Plan Width": 4,                                                                                              
                           "Actual Startup Time": 10.791,                                                                                
                           "Actual Total Time": 10.791,                                                                                  
                           "Actual Rows": 2,                                                                                             
                           "Actual Loops": 1,                                                                                            
                           "Hash Buckets": 1024,                                                                                         
                           "Original Hash Buckets": 1024,                                                                                
                           "Hash Batches": 1,                                                                                            
                           "Original Hash Batches": 1,                                                                                   
                           "Peak Memory Usage": 9,                                                                                       
                           "Shared Hit Blocks": 0,                                                                                       
                           "Shared Read Blocks": 1,                                                                                      
                           "Shared Dirtied Blocks": 0,                                                                                   
                           "Shared Written Blocks": 0,                                                                                   
                           "Local Hit Blocks": 0,                                                                                        
                           "Local Read Blocks": 0,                                                                                       
                           "Local Dirtied Blocks": 0,                                                                                    
                           "Local Written Blocks": 0,                                                                                    
                           "Temp Read Blocks": 0,                                                                                        
                           "Temp Written Blocks": 0,                                                                                     
                           "Plans": [                                                                                                    
                             {                                                                                                           
                               "Node Type": "Seq Scan",                                                                                  
                               "Parent Relationship": "Outer",                                                                           
                               "Parallel Aware": false,                                                                                  
                               "Relation Name": "kind_type",                                                                             
                               "Alias": "kt",                                                                                            
                               "Startup Cost": 0.00,                                                                                     
                               "Total Cost": 0.03,                                                                                       
                               "Plan Rows": 2,                                                                                           
                               "Plan Width": 4,                                                                                          
                               "Actual Startup Time": 10.774,                                                                            
                               "Actual Total Time": 10.780,                                                                              
                               "Actual Rows": 2,                                                                                         
                               "Actual Loops": 1,                                                                                        
                               "Filter": "((kind)::text = ANY ('{movie,episode}'::text[]))",                                             
                               "Rows Removed by Filter": 5,                                                                              
                               "Shared Hit Blocks": 0,                                                                                   
                               "Shared Read Blocks": 1,                                                                                  
                               "Shared Dirtied Blocks": 0,                                                                               
                               "Shared Written Blocks": 0,                                                                               
                               "Local Hit Blocks": 0,                                                                                    
                               "Local Read Blocks": 0,                                                                                   
                               "Local Dirtied Blocks": 0,                                                                                
                               "Local Written Blocks": 0,                                                                                
                               "Temp Read Blocks": 0,                                                                                    
                               "Temp Written Blocks": 0                                                                                  
                             }                                                                                                           
                           ]                                                                                                             
                         }                                                                                                               
                       ]                                                                                                                 
                     }                                                                                                                   
                   ]                                                                                                                     
                 }                                                                                                                       
               ]                                                                                                                         
             },                                                                                                                          
             {                                                                                                                           
               "Node Type": "Hash",                                                                                                      
               "Parent Relationship": "Inner",                                                                                           
               "Parallel Aware": false,                                                                                                  
               "Startup Cost": 0.03,                                                                                                     
               "Total Cost": 0.03,                                                                                                       
               "Plan Rows": 4,                                                                                                           
               "Plan Width": 4,                                                                                                          
               "Actual Startup Time": 14.584,                                                                                            
               "Actual Total Time": 14.584,                                                                                              
               "Actual Rows": 4,                                                                                                         
               "Actual Loops": 1,                                                                                                        
               "Hash Buckets": 1024,                                                                                                     
               "Original Hash Buckets": 1024,                                                                                            
               "Hash Batches": 1,                                                                                                        
               "Original Hash Batches": 1,                                                                                               
               "Peak Memory Usage": 9,                                                                                                   
               "Shared Hit Blocks": 0,                                                                                                   
               "Shared Read Blocks": 1,                                                                                                  
               "Shared Dirtied Blocks": 0,                                                                                               
               "Shared Written Blocks": 0,                                                                                               
               "Local Hit Blocks": 0,                                                                                                    
               "Local Read Blocks": 0,                                                                                                   
               "Local Dirtied Blocks": 0,                                                                                                
               "Local Written Blocks": 0,                                                                                                
               "Temp Read Blocks": 0,                                                                                                    
               "Temp Written Blocks": 0,                                                                                                 
               "Plans": [                                                                                                                
                 {                                                                                                                       
                   "Node Type": "Seq Scan",                                                                                              
                   "Parent Relationship": "Outer",                                                                                       
                   "Parallel Aware": false,                                                                                              
                   "Relation Name": "company_type",                                                                                      
                   "Alias": "ct",                                                                                                        
                   "Startup Cost": 0.00,                                                                                                 
                   "Total Cost": 0.03,                                                                                                   
                   "Plan Rows": 4,                                                                                                       
                   "Plan Width": 4,                                                                                                      
                   "Actual Startup Time": 14.564,                                                                                        
                   "Actual Total Time": 14.568,                                                                                          
                   "Actual Rows": 4,                                                                                                     
                   "Actual Loops": 1,                                                                                                    
                   "Shared Hit Blocks": 0,                                                                                               
                   "Shared Read Blocks": 1,                                                                                              
                   "Shared Dirtied Blocks": 0,                                                                                           
                   "Shared Written Blocks": 0,                                                                                           
                   "Local Hit Blocks": 0,                                                                                                
                   "Local Read Blocks": 0,                                                                                               
                   "Local Dirtied Blocks": 0,                                                                                            
                   "Local Written Blocks": 0,                                                                                            
                   "Temp Read Blocks": 0,                                                                                                
                   "Temp Written Blocks": 0                                                                                              
                 }                                                                                                                       
               ]                                                                                                                         
             }                                                                                                                           
           ]                                                                                                                             
         }                                                                                                                               
       ]                                                                                                                                 
     },                                                                                                                                  
     "Planning Time": 8846.407,                                                                                                          
     "Triggers": [                                                                                                                       
     ],                                                                                                                                  
     "Execution Time": 14395.055                                                                                                         
   }                                                                                                                                     
 ]
