 [                                                                                                                                                              
   {                                                                                                                                                            
     "Plan": {                                                                                                                                                  
       "Node Type": "Aggregate",                                                                                                                                
       "Strategy": "Plain",                                                                                                                                     
       "Partial Mode": "Simple",                                                                                                                                
       "Parallel Aware": false,                                                                                                                                 
       "Startup Cost": 14158.22,                                                                                                                                
       "Total Cost": 14158.22,                                                                                                                                  
       "Plan Rows": 1,                                                                                                                                          
       "Plan Width": 64,                                                                                                                                        
       "Actual Startup Time": 14122.063,                                                                                                                        
       "Actual Total Time": 14122.064,                                                                                                                          
       "Actual Rows": 1,                                                                                                                                        
       "Actual Loops": 1,                                                                                                                                       
       "Shared Hit Blocks": 3,                                                                                                                                  
       "Shared Read Blocks": 245811,                                                                                                                            
       "Shared Dirtied Blocks": 0,                                                                                                                              
       "Shared Written Blocks": 0,                                                                                                                              
       "Local Hit Blocks": 0,                                                                                                                                   
       "Local Read Blocks": 0,                                                                                                                                  
       "Local Dirtied Blocks": 0,                                                                                                                               
       "Local Written Blocks": 0,                                                                                                                               
       "Temp Read Blocks": 0,                                                                                                                                   
       "Temp Written Blocks": 0,                                                                                                                                
       "Plans": [                                                                                                                                               
         {                                                                                                                                                      
           "Node Type": "Hash Join",                                                                                                                            
           "Parent Relationship": "Outer",                                                                                                                      
           "Parallel Aware": false,                                                                                                                             
           "Join Type": "Inner",                                                                                                                                
           "Startup Cost": 4598.83,                                                                                                                             
           "Total Cost": 14158.22,                                                                                                                              
           "Plan Rows": 1,                                                                                                                                      
           "Plan Width": 27,                                                                                                                                    
           "Actual Startup Time": 8366.265,                                                                                                                     
           "Actual Total Time": 14121.804,                                                                                                                      
           "Actual Rows": 618,                                                                                                                                  
           "Actual Loops": 1,                                                                                                                                   
           "Inner Unique": true,                                                                                                                                
           "Hash Cond": "(mk.keyword_id = k.id)",                                                                                                               
           "Shared Hit Blocks": 3,                                                                                                                              
           "Shared Read Blocks": 245811,                                                                                                                        
           "Shared Dirtied Blocks": 0,                                                                                                                          
           "Shared Written Blocks": 0,                                                                                                                          
           "Local Hit Blocks": 0,                                                                                                                               
           "Local Read Blocks": 0,                                                                                                                              
           "Local Dirtied Blocks": 0,                                                                                                                           
           "Local Written Blocks": 0,                                                                                                                           
           "Temp Read Blocks": 0,                                                                                                                               
           "Temp Written Blocks": 0,                                                                                                                            
           "Plans": [                                                                                                                                           
             {                                                                                                                                                  
               "Node Type": "Hash Join",                                                                                                                        
               "Parent Relationship": "Outer",                                                                                                                  
               "Parallel Aware": false,                                                                                                                         
               "Join Type": "Inner",                                                                                                                            
               "Startup Cost": 4540.10,                                                                                                                         
               "Total Cost": 14099.48,                                                                                                                          
               "Plan Rows": 1,                                                                                                                                  
               "Plan Width": 31,                                                                                                                                
               "Actual Startup Time": 8283.609,                                                                                                                 
               "Actual Total Time": 14038.893,                                                                                                                  
               "Actual Rows": 618,                                                                                                                              
               "Actual Loops": 1,                                                                                                                               
               "Inner Unique": true,                                                                                                                            
               "Hash Cond": "(mc.company_type_id = ct.id)",                                                                                                     
               "Shared Hit Blocks": 0,                                                                                                                          
               "Shared Read Blocks": 244862,                                                                                                                    
               "Shared Dirtied Blocks": 0,                                                                                                                      
               "Shared Written Blocks": 0,                                                                                                                      
               "Local Hit Blocks": 0,                                                                                                                           
               "Local Read Blocks": 0,                                                                                                                          
               "Local Dirtied Blocks": 0,                                                                                                                       
               "Local Written Blocks": 0,                                                                                                                       
               "Temp Read Blocks": 0,                                                                                                                           
               "Temp Written Blocks": 0,                                                                                                                        
               "Plans": [                                                                                                                                       
                 {                                                                                                                                              
                   "Node Type": "Hash Join",                                                                                                                    
                   "Parent Relationship": "Outer",                                                                                                              
                   "Parallel Aware": false,                                                                                                                     
                   "Join Type": "Inner",                                                                                                                        
                   "Startup Cost": 4540.06,                                                                                                                     
                   "Total Cost": 14099.45,                                                                                                                      
                   "Plan Rows": 1,                                                                                                                              
                   "Plan Width": 35,                                                                                                                            
                   "Actual Startup Time": 8274.575,                                                                                                             
                   "Actual Total Time": 14029.660,                                                                                                              
                   "Actual Rows": 618,                                                                                                                          
                   "Actual Loops": 1,                                                                                                                           
                   "Inner Unique": false,                                                                                                                       
                   "Hash Cond": "(mi.movie_id = t.id)",                                                                                                         
                   "Shared Hit Blocks": 0,                                                                                                                      
                   "Shared Read Blocks": 244861,                                                                                                                
                   "Shared Dirtied Blocks": 0,                                                                                                                  
                   "Shared Written Blocks": 0,                                                                                                                  
                   "Local Hit Blocks": 0,                                                                                                                       
                   "Local Read Blocks": 0,                                                                                                                      
                   "Local Dirtied Blocks": 0,                                                                                                                   
                   "Local Written Blocks": 0,                                                                                                                   
                   "Temp Read Blocks": 0,                                                                                                                       
                   "Temp Written Blocks": 0,                                                                                                                    
                   "Plans": [                                                                                                                                   
                     {                                                                                                                                          
                       "Node Type": "Hash Join",                                                                                                                
                       "Parent Relationship": "Outer",                                                                                                          
                       "Parallel Aware": false,                                                                                                                 
                       "Join Type": "Inner",                                                                                                                    
                       "Startup Cost": 0.05,                                                                                                                    
                       "Total Cost": 9559.43,                                                                                                                   
                       "Plan Rows": 3,                                                                                                                          
                       "Plan Width": 4,                                                                                                                         
                       "Actual Startup Time": 1569.420,                                                                                                         
                       "Actual Total Time": 8414.761,                                                                                                           
                       "Actual Rows": 1783,                                                                                                                     
                       "Actual Loops": 1,                                                                                                                       
                       "Inner Unique": true,                                                                                                                    
                       "Hash Cond": "(mi.info_type_id = it.id)",                                                                                               
                       "Shared Hit Blocks": 0,                                                                                                                  
                       "Shared Read Blocks": 161893,                                                                                                            
                       "Shared Dirtied Blocks": 0,                                                                                                              
                       "Shared Written Blocks": 0,                                                                                                              
                       "Local Hit Blocks": 0,                                                                                                                   
                       "Local Read Blocks": 0,                                                                                                                  
                       "Local Dirtied Blocks": 0,                                                                                                               
                       "Local Written Blocks": 0,                                                                                                               
                       "Temp Read Blocks": 0,                                                                                                                   
                       "Temp Written Blocks": 0,                                                                                                                
                       "Plans": [                                                                                                                               
                         {                                                                                                                                      
                           "Node Type": "Seq Scan",                                                                                                             
                           "Parent Relationship": "Outer",                                                                                                      
                           "Parallel Aware": false,                                                                                                             
                           "Relation Name": "movie_info",                                                                                                       
                           "Alias": "mi",                                                                                                                       
                           "Startup Cost": 0.00,                                                                                                                
                           "Total Cost": 9559.36,                                                                                                               
                           "Plan Rows": 328,                                                                                                                    
                           "Plan Width": 8,                                                                                                                     
                           "Actual Startup Time": 1549.380,                                                                                                     
                           "Actual Total Time": 8393.433,                                                                                                       
                           "Actual Rows": 1783,                                                                                                                 
                           "Actual Loops": 1,                                                                                                                   
                           "Filter": "((info IS NOT NULL) AND (note ~~ '%internet%'::text) AND ((info ~~ 'USA:% 199%'::text) OR (info ~~ 'USA:% 200%'::text)))",
                           "Rows Removed by Filter": 14833937,                                                                                                  
                           "Shared Hit Blocks": 0,                                                                                                              
                           "Shared Read Blocks": 161892,                                                                                                        
                           "Shared Dirtied Blocks": 0,                                                                                                          
                           "Shared Written Blocks": 0,                                                                                                          
                           "Local Hit Blocks": 0,                                                                                                               
                           "Local Read Blocks": 0,                                                                                                              
                           "Local Dirtied Blocks": 0,                                                                                                           
                           "Local Written Blocks": 0,                                                                                                           
                           "Temp Read Blocks": 0,                                                                                                               
                           "Temp Written Blocks": 0                                                                                                             
                         },                                                                                                                                     
                         {                                                                                                                                      
                           "Node Type": "Hash",                                                                                                                 
                           "Parent Relationship": "Inner",                                                                                                      
                           "Parallel Aware": false,                                                                                                             
                           "Startup Cost": 0.05,                                                                                                                
                           "Total Cost": 0.05,                                                                                                                  
                           "Plan Rows": 1,                                                                                                                      
                           "Plan Width": 4,                                                                                                                     
                           "Actual Startup Time": 20.003,                                                                                                       
                           "Actual Total Time": 20.004,                                                                                                         
                           "Actual Rows": 1,                                                                                                                    
                           "Actual Loops": 1,                                                                                                                   
                           "Hash Buckets": 1024,                                                                                                                
                           "Original Hash Buckets": 1024,                                                                                                       
                           "Hash Batches": 1,                                                                                                                   
                           "Original Hash Batches": 1,                                                                                                          
                           "Peak Memory Usage": 9,                                                                                                              
                           "Shared Hit Blocks": 0,                                                                                                              
                           "Shared Read Blocks": 1,                                                                                                             
                           "Shared Dirtied Blocks": 0,                                                                                                          
                           "Shared Written Blocks": 0,                                                                                                          
                           "Local Hit Blocks": 0,                                                                                                               
                           "Local Read Blocks": 0,                                                                                                              
                           "Local Dirtied Blocks": 0,                                                                                                           
                           "Local Written Blocks": 0,                                                                                                           
                           "Temp Read Blocks": 0,                                                                                                               
                           "Temp Written Blocks": 0,                                                                                                            
                           "Plans": [                                                                                                                           
                             {                                                                                                                                  
                               "Node Type": "Seq Scan",                                                                                                         
                               "Parent Relationship": "Outer",                                                                                                  
                               "Parallel Aware": false,                                                                                                         
                               "Relation Name": "info_type",                                                                                                    
                               "Alias": "it",                                                                                                                  
                               "Startup Cost": 0.00,                                                                                                            
                               "Total Cost": 0.05,                                                                                                              
                               "Plan Rows": 1,                                                                                                                  
                               "Plan Width": 4,                                                                                                                 
                               "Actual Startup Time": 19.956,                                                                                                   
                               "Actual Total Time": 19.991,                                                                                                     
                               "Actual Rows": 1,                                                                                                                
                               "Actual Loops": 1,                                                                                                               
                               "Filter": "((info)::text = 'release dates'::text)",                                                                              
                               "Rows Removed by Filter": 112,                                                                                                   
                               "Shared Hit Blocks": 0,                                                                                                          
                               "Shared Read Blocks": 1,                                                                                                         
                               "Shared Dirtied Blocks": 0,                                                                                                      
                               "Shared Written Blocks": 0,                                                                                                      
                               "Local Hit Blocks": 0,                                                                                                           
                               "Local Read Blocks": 0,                                                                                                          
                               "Local Dirtied Blocks": 0,                                                                                                       
                               "Local Written Blocks": 0,                                                                                                       
                               "Temp Read Blocks": 0,                                                                                                           
                               "Temp Written Blocks": 0                                                                                                         
                             }                                                                                                                                  
                           ]                                                                                                                                    
                         }                                                                                                                                      
                       ]                                                                                                                                        
                     },                                                                                                                                         
                     {                                                                                                                                          
                       "Node Type": "Hash",                                                                                                                     
                       "Parent Relationship": "Inner",                                                                                                          
                       "Parallel Aware": false,                                                                                                                 
                       "Startup Cost": 4536.80,                                                                                                                 
                       "Total Cost": 4536.80,                                                                                                                   
                       "Plan Rows": 21936,                                                                                                                      
                       "Plan Width": 51,                                                                                                                        
                       "Actual Startup Time": 5613.556,                                                                                                         
                       "Actual Total Time": 5613.556,                                                                                                           
                       "Actual Rows": 760449,                                                                                                                   
                       "Actual Loops": 1,                                                                                                                       
                       "Hash Buckets": 1048576,                                                                                                                 
                       "Original Hash Buckets": 32768,                                                                                                          
                       "Hash Batches": 1,                                                                                                                       
                       "Original Hash Batches": 1,                                                                                                              
                       "Peak Memory Usage": 67549,                                                                                                              
                       "Shared Hit Blocks": 0,                                                                                                                  
                       "Shared Read Blocks": 82968,                                                                                                             
                       "Shared Dirtied Blocks": 0,                                                                                                              
                       "Shared Written Blocks": 0,                                                                                                              
                       "Local Hit Blocks": 0,                                                                                                                   
                       "Local Read Blocks": 0,                                                                                                                  
                       "Local Dirtied Blocks": 0,                                                                                                               
                       "Local Written Blocks": 0,                                                                                                               
                       "Temp Read Blocks": 0,                                                                                                                   
                       "Temp Written Blocks": 0,                                                                                                                
                       "Plans": [                                                                                                                               
                         {                                                                                                                                      
                           "Node Type": "Hash Join",                                                                                                            
                           "Parent Relationship": "Outer",                                                                                                      
                           "Parallel Aware": false,                                                                                                             
                           "Join Type": "Inner",                                                                                                                
                           "Startup Cost": 2924.37,                                                                                                             
                           "Total Cost": 4536.80,                                                                                                               
                           "Plan Rows": 21936,                                                                                                                  
                           "Plan Width": 51,                                                                                                                    
                           "Actual Startup Time": 3322.368,                                                                                                     
                           "Actual Total Time": 5360.561,                                                                                                       
                           "Actual Rows": 760449,                                                                                                               
                           "Actual Loops": 1,                                                                                                                   
                           "Inner Unique": true,                                                                                                                
                           "Hash Cond": "(mc.company_id = cn.id)",                                                                                              
                           "Shared Hit Blocks": 0,                                                                                                              
                           "Shared Read Blocks": 82968,                                                                                                         
                           "Shared Dirtied Blocks": 0,                                                                                                          
                           "Shared Written Blocks": 0,                                                                                                          
                           "Local Hit Blocks": 0,                                                                                                               
                           "Local Read Blocks": 0,                                                                                                              
                           "Local Dirtied Blocks": 0,                                                                                                           
                           "Local Written Blocks": 0,                                                                                                           
                           "Temp Read Blocks": 0,                                                                                                               
                           "Temp Written Blocks": 0,                                                                                                            
                           "Plans": [                                                                                                                           
                             {                                                                                                                                  
                               "Node Type": "Hash Join",                                                                                                        
                               "Parent Relationship": "Outer",                                                                                                  
                               "Parallel Aware": false,                                                                                                         
                               "Join Type": "Inner",                                                                                                            
                               "Startup Cost": 2783.51,                                                                                                         
                               "Total Cost": 4390.98,                                                                                                           
                               "Plan Rows": 60758,                                                                                                              
                               "Plan Width": 55,                                                                                                                
                               "Actual Startup Time": 3158.838,                                                                                                 
                               "Actual Total Time": 4690.932,                                                                                                   
                               "Actual Rows": 3282823,                                                                                                          
                               "Actual Loops": 1,                                                                                                               
                               "Inner Unique": false,                                                                                                           
                               "Hash Cond": "(mk.movie_id = t.id)",                                                                                             
                               "Shared Hit Blocks": 0,                                                                                                          
                               "Shared Read Blocks": 79974,                                                                                                     
                               "Shared Dirtied Blocks": 0,                                                                                                      
                               "Shared Written Blocks": 0,                                                                                                      
                               "Local Hit Blocks": 0,                                                                                                           
                               "Local Read Blocks": 0,                                                                                                          
                               "Local Dirtied Blocks": 0,                                                                                                       
                               "Local Written Blocks": 0,                                                                                                       
                               "Temp Read Blocks": 0,                                                                                                           
                               "Temp Written Blocks": 0,                                                                                                        
                               "Plans": [                                                                                                                       
                                 {                                                                                                                              
                                   "Node Type": "Seq Scan",                                                                                                     
                                   "Parent Relationship": "Outer",                                                                                              
                                   "Parallel Aware": false,                                                                                                     
                                   "Relation Name": "movie_keyword",                                                                                            
                                   "Alias": "mk",                                                                                                               
                                   "Startup Cost": 0.00,                                                                                                        
                                   "Total Cost": 1079.84,                                                                                                       
                                   "Plan Rows": 4523930,                                                                                                        
                                   "Plan Width": 8,                                                                                                             
                                   "Actual Startup Time": 9.288,                                                                                                
                                   "Actual Total Time": 497.045,                                                                                                
                                   "Actual Rows": 4523930,                                                                                                      
                                   "Actual Loops": 1,                                                                                                           
                                   "Shared Hit Blocks": 0,                                                                                                      
                                   "Shared Read Blocks": 24454,                                                                                                 
                                   "Shared Dirtied Blocks": 0,                                                                                                  
                                   "Shared Written Blocks": 0,                                                                                                  
                                   "Local Hit Blocks": 0,                                                                                                       
                                   "Local Read Blocks": 0,                                                                                                      
                                   "Local Dirtied Blocks": 0,                                                                                                   
                                   "Local Written Blocks": 0,                                                                                                   
                                   "Temp Read Blocks": 0,                                                                                                       
                                   "Temp Written Blocks": 0                                                                                                     
                                 },                                                                                                                             
                                 {                                                                                                                              
                                   "Node Type": "Hash",                                                                                                         
                                   "Parent Relationship": "Inner",                                                                                              
                                   "Parallel Aware": false,                                                                                                     
                                   "Startup Cost": 2782.59,                                                                                                     
                                   "Total Cost": 2782.59,                                                                                                       
                                   "Plan Rows": 6278,                                                                                                           
                                   "Plan Width": 47,                                                                                                            
                                   "Actual Startup Time": 2938.539,                                                                                             
                                   "Actual Total Time": 2938.540,                                                                                               
                                   "Actual Rows": 23883,                                                                                                        
                                   "Actual Loops": 1,                                                                                                           
                                   "Hash Buckets": 32768,                                                                                                       
                                   "Original Hash Buckets": 8192,                                                                                               
                                   "Hash Batches": 1,                                                                                                           
                                   "Original Hash Batches": 1,                                                                                                  
                                   "Peak Memory Usage": 2028,                                                                                                   
                                   "Shared Hit Blocks": 0,                                                                                                      
                                   "Shared Read Blocks": 55520,                                                                                                 
                                   "Shared Dirtied Blocks": 0,                                                                                                  
                                   "Shared Written Blocks": 0,                                                                                                  
                                   "Local Hit Blocks": 0,                                                                                                       
                                   "Local Read Blocks": 0,                                                                                                      
                                   "Local Dirtied Blocks": 0,                                                                                                   
                                   "Local Written Blocks": 0,                                                                                                   
                                   "Temp Read Blocks": 0,                                                                                                       
                                   "Temp Written Blocks": 0,                                                                                                    
                                   "Plans": [                                                                                                                   
                                     {                                                                                                                          
                                       "Node Type": "Hash Join",                                                                                                
                                       "Parent Relationship": "Outer",                                                                                          
                                       "Parallel Aware": false,                                                                                                 
                                       "Join Type": "Inner",                                                                                                    
                                       "Startup Cost": 1708.79,                                                                                                 
                                       "Total Cost": 2782.59,                                                                                                   
                                       "Plan Rows": 6278,                                                                                                       
                                       "Plan Width": 47,                                                                                                        
                                       "Actual Startup Time": 2166.265,                                                                                         
                                       "Actual Total Time": 2928.007,                                                                                           
                                       "Actual Rows": 23883,                                                                                                    
                                       "Actual Loops": 1,                                                                                                       
                                       "Inner Unique": false,                                                                                                   
                                       "Hash Cond": "(mc.movie_id = t.id)",                                                                                     
                                       "Shared Hit Blocks": 0,                                                                                                  
                                       "Shared Read Blocks": 55520,                                                                                             
                                       "Shared Dirtied Blocks": 0,                                                                                              
                                       "Shared Written Blocks": 0,                                                                                              
                                       "Local Hit Blocks": 0,                                                                                                   
                                       "Local Read Blocks": 0,                                                                                                  
                                       "Local Dirtied Blocks": 0,                                                                                               
                                       "Local Written Blocks": 0,                                                                                               
                                       "Temp Read Blocks": 0,                                                                                                   
                                       "Temp Written Blocks": 0,                                                                                                
                                       "Plans": [                                                                                                               
                                         {                                                                                                                      
                                           "Node Type": "Seq Scan",                                                                                             
                                           "Parent Relationship": "Outer",                                                                                      
                                           "Parallel Aware": false,                                                                                             
                                           "Relation Name": "movie_companies",                                                                                  
                                           "Alias": "mc",                                                                                                       
                                           "Startup Cost": 0.00,                                                                                                
                                           "Total Cost": 769.75,                                                                                                
                                           "Plan Rows": 2609129,                                                                                                
                                           "Plan Width": 12,                                                                                                    
                                           "Actual Startup Time": 8.685,                                                                                        
                                           "Actual Total Time": 520.643,                                                                                        
                                           "Actual Rows": 2609129,                                                                                              
                                           "Actual Loops": 1,                                                                                                   
                                           "Shared Hit Blocks": 0,                                                                                              
                                           "Shared Read Blocks": 18789,                                                                                         
                                           "Shared Dirtied Blocks": 0,                                                                                          
                                           "Shared Written Blocks": 0,                                                                                          
                                           "Local Hit Blocks": 0,                                                                                               
                                           "Local Read Blocks": 0,                                                                                              
                                           "Local Dirtied Blocks": 0,                                                                                           
                                           "Local Written Blocks": 0,                                                                                           
                                           "Temp Read Blocks": 0,                                                                                               
                                           "Temp Written Blocks": 0                                                                                             
                                         },                                                                                                                     
                                         {                                                                                                                      
                                           "Node Type": "Hash",                                                                                                 
                                           "Parent Relationship": "Inner",                                                                                      
                                           "Parallel Aware": false,                                                                                             
                                           "Startup Cost": 1708.40,                                                                                             
                                           "Total Cost": 1708.40,                                                                                               
                                           "Plan Rows": 2636,                                                                                                   
                                           "Plan Width": 35,                                                                                                    
                                           "Actual Startup Time": 1977.996,                                                                                     
                                           "Actual Total Time": 1977.997,                                                                                       
                                           "Actual Rows": 1033,                                                                                                 
                                           "Actual Loops": 1,                                                                                                   
                                           "Hash Buckets": 4096,                                                                                                
                                           "Original Hash Buckets": 4096,                                                                                       
                                           "Hash Batches": 1,                                                                                                   
                                           "Original Hash Batches": 1,                                                                                          
                                           "Peak Memory Usage": 97,                                                                                             
                                           "Shared Hit Blocks": 0,                                                                                              
                                           "Shared Read Blocks": 36731,                                                                                         
                                           "Shared Dirtied Blocks": 0,                                                                                          
                                           "Shared Written Blocks": 0,                                                                                          
                                           "Local Hit Blocks": 0,                                                                                               
                                           "Local Read Blocks": 0,                                                                                              
                                           "Local Dirtied Blocks": 0,                                                                                           
                                           "Local Written Blocks": 0,                                                                                           
                                           "Temp Read Blocks": 0,                                                                                               
                                           "Temp Written Blocks": 0,                                                                                            
                                           "Plans": [                                                                                                           
                                             {                                                                                                                  
                                               "Node Type": "Hash Join",                                                                                        
                                               "Parent Relationship": "Outer",                                                                                  
                                               "Parallel Aware": false,                                                                                         
                                               "Join Type": "Inner",                                                                                            
                                               "Startup Cost": 51.82,                                                                                           
                                               "Total Cost": 1708.40,                                                                                           
                                               "Plan Rows": 2636,                                                                                               
                                               "Plan Width": 35,                                                                                                
                                               "Actual Startup Time": 1375.253,                                                                                 
                                               "Actual Total Time": 1977.271,                                                                                   
                                               "Actual Rows": 1033,                                                                                             
                                               "Actual Loops": 1,                                                                                               
                                               "Inner Unique": false,                                                                                           
                                               "Hash Cond": "(t.id = cc.movie_id)",                                                                             
                                               "Shared Hit Blocks": 0,                                                                                          
                                               "Shared Read Blocks": 36731,                                                                                     
                                               "Shared Dirtied Blocks": 0,                                                                                      
                                               "Shared Written Blocks": 0,                                                                                      
                                               "Local Hit Blocks": 0,                                                                                           
                                               "Local Read Blocks": 0,                                                                                          
                                               "Local Dirtied Blocks": 0,                                                                                       
                                               "Local Written Blocks": 0,                                                                                       
                                               "Temp Read Blocks": 0,                                                                                           
                                               "Temp Written Blocks": 0,                                                                                        
                                               "Plans": [                                                                                                       
                                                 {                                                                                                              
                                                   "Node Type": "Hash Join",                                                                                    
                                                   "Parent Relationship": "Outer",                                                                              
                                                   "Parallel Aware": false,                                                                                     
                                                   "Join Type": "Inner",                                                                                        
                                                   "Startup Cost": 0.03,                                                                                        
                                                   "Total Cost": 1633.45,                                                                                       
                                                   "Plan Rows": 197350,                                                                                         
                                                   "Plan Width": 31,                                                                                            
                                                   "Actual Startup Time": 106.409,                                                                              
                                                   "Actual Total Time": 1810.410,                                                                               
                                                   "Actual Rows": 274015,                                                                                       
                                                   "Actual Loops": 1,                                                                                           
                                                   "Inner Unique": true,                                                                                        
                                                   "Hash Cond": "(t.kind_id = kt.id)",                                                                          
                                                   "Shared Hit Blocks": 0,                                                                                      
                                                   "Shared Read Blocks": 35999,                                                                                 
                                                   "Shared Dirtied Blocks": 0,                                                                                  
                                                   "Shared Written Blocks": 0,                                                                                  
                                                   "Local Hit Blocks": 0,                                                                                       
                                                   "Local Read Blocks": 0,                                                                                      
                                                   "Local Dirtied Blocks": 0,                                                                                   
                                                   "Local Written Blocks": 0,                                                                                   
                                                   "Temp Read Blocks": 0,                                                                                       
                                                   "Temp Written Blocks": 0,                                                                                    
                                                   "Plans": [                                                                                                   
                                                     {                                                                                                          
                                                       "Node Type": "Seq Scan",                                                                                 
                                                       "Parent Relationship": "Outer",                                                                          
                                                       "Parallel Aware": false,                                                                                 
                                                       "Relation Name": "title",                                                                                
                                                       "Alias": "t",                                                                                            
                                                       "Startup Cost": 0.00,                                                                                    
                                                       "Total Cost": 1500.26,                                                                                   
                                                       "Plan Rows": 1381453,                                                                                    
                                                       "Plan Width": 25,                                                                                        
                                                       "Actual Startup Time": 3.484,                                                                            
                                                       "Actual Total Time": 1466.048,                                                                           
                                                       "Actual Rows": 1381453,                                                                                  
                                                       "Actual Loops": 1,                                                                                       
                                                       "Filter": "(production_year > 2000)",                                                                    
                                                       "Rows Removed by Filter": 1146859,                                                                       
                                                       "Shared Hit Blocks": 0,                                                                                  
                                                       "Shared Read Blocks": 35998,                                                                             
                                                       "Shared Dirtied Blocks": 0,                                                                              
                                                       "Shared Written Blocks": 0,                                                                              
                                                       "Local Hit Blocks": 0,                                                                                   
                                                       "Local Read Blocks": 0,                                                                                  
                                                       "Local Dirtied Blocks": 0,                                                                               
                                                       "Local Written Blocks": 0,                                                                               
                                                       "Temp Read Blocks": 0,                                                                                   
                                                       "Temp Written Blocks": 0                                                                                 
                                                     },                                                                                                         
                                                     {                                                                                                          
                                                       "Node Type": "Hash",                                                                                     
                                                       "Parent Relationship": "Inner",                                                                          
                                                       "Parallel Aware": false,                                                                                 
                                                       "Startup Cost": 0.03,                                                                                    
                                                       "Total Cost": 0.03,                                                                                      
                                                       "Plan Rows": 1,                                                                                          
                                                       "Plan Width": 14,                                                                                        
                                                       "Actual Startup Time": 21.238,                                                                           
                                                       "Actual Total Time": 21.238,                                                                             
                                                       "Actual Rows": 1,                                                                                        
                                                       "Actual Loops": 1,                                                                                       
                                                       "Hash Buckets": 1024,                                                                                    
                                                       "Original Hash Buckets": 1024,                                                                           
                                                       "Hash Batches": 1,                                                                                       
                                                       "Original Hash Batches": 1,                                                                              
                                                       "Peak Memory Usage": 9,                                                                                  
                                                       "Shared Hit Blocks": 0,                                                                                  
                                                       "Shared Read Blocks": 1,                                                                                 
                                                       "Shared Dirtied Blocks": 0,                                                                              
                                                       "Shared Written Blocks": 0,                                                                              
                                                       "Local Hit Blocks": 0,                                                                                   
                                                       "Local Read Blocks": 0,                                                                                  
                                                       "Local Dirtied Blocks": 0,                                                                               
                                                       "Local Written Blocks": 0,                                                                               
                                                       "Temp Read Blocks": 0,                                                                                   
                                                       "Temp Written Blocks": 0,                                                                                
                                                       "Plans": [                                                                                               
                                                         {                                                                                                      
                                                           "Node Type": "Seq Scan",                                                                             
                                                           "Parent Relationship": "Outer",                                                                      
                                                           "Parallel Aware": false,                                                                             
                                                           "Relation Name": "kind_type",                                                                        
                                                           "Alias": "kt",                                                                                       
                                                           "Startup Cost": 0.00,                                                                                
                                                           "Total Cost": 0.03,                                                                                  
                                                           "Plan Rows": 1,                                                                                      
                                                           "Plan Width": 14,                                                                                    
                                                           "Actual Startup Time": 21.214,                                                                       
                                                           "Actual Total Time": 21.221,                                                                         
                                                           "Actual Rows": 1,                                                                                    
                                                           "Actual Loops": 1,                                                                                   
                                                           "Filter": "((kind)::text = 'movie'::text)",                                                          
                                                           "Rows Removed by Filter": 6,                                                                         
                                                           "Shared Hit Blocks": 0,                                                                              
                                                           "Shared Read Blocks": 1,                                                                             
                                                           "Shared Dirtied Blocks": 0,                                                                          
                                                           "Shared Written Blocks": 0,                                                                          
                                                           "Local Hit Blocks": 0,                                                                               
                                                           "Local Read Blocks": 0,                                                                              
                                                           "Local Dirtied Blocks": 0,                                                                           
                                                           "Local Written Blocks": 0,                                                                           
                                                           "Temp Read Blocks": 0,                                                                               
                                                           "Temp Written Blocks": 0                                                                             
                                                         }                                                                                                      
                                                       ]                                                                                                        
                                                     }                                                                                                          
                                                   ]                                                                                                            
                                                 },                                                                                                             
                                                 {                                                                                                              
                                                   "Node Type": "Hash",                                                                                         
                                                   "Parent Relationship": "Inner",                                                                              
                                                   "Parallel Aware": false,                                                                                     
                                                   "Startup Cost": 46.83,                                                                                       
                                                   "Total Cost": 46.83,                                                                                         
                                                   "Plan Rows": 33772,                                                                                          
                                                   "Plan Width": 4,                                                                                             
                                                   "Actual Startup Time": 97.407,                                                                               
                                                   "Actual Total Time": 97.407,                                                                                 
                                                   "Actual Rows": 24592,                                                                                        
                                                   "Actual Loops": 1,                                                                                           
                                                   "Hash Buckets": 65536,                                                                                       
                                                   "Original Hash Buckets": 65536,                                                                              
                                                   "Hash Batches": 1,                                                                                           
                                                   "Original Hash Batches": 1,                                                                                  
                                                   "Peak Memory Usage": 1377,                                                                                   
                                                   "Shared Hit Blocks": 0,                                                                                      
                                                   "Shared Read Blocks": 732,                                                                                   
                                                   "Shared Dirtied Blocks": 0,                                                                                  
                                                   "Shared Written Blocks": 0,                                                                                  
                                                   "Local Hit Blocks": 0,                                                                                       
                                                   "Local Read Blocks": 0,                                                                                      
                                                   "Local Dirtied Blocks": 0,                                                                                   
                                                   "Local Written Blocks": 0,                                                                                   
                                                   "Temp Read Blocks": 0,                                                                                       
                                                   "Temp Written Blocks": 0,                                                                                    
                                                   "Plans": [                                                                                                   
                                                     {                                                                                                          
                                                       "Node Type": "Hash Join",                                                                                
                                                       "Parent Relationship": "Outer",                                                                          
                                                       "Parallel Aware": false,                                                                                 
                                                       "Join Type": "Inner",                                                                                    
                                                       "Startup Cost": 0.03,                                                                                    
                                                       "Total Cost": 46.83,                                                                                     
                                                       "Plan Rows": 33772,                                                                                      
                                                       "Plan Width": 4,                                                                                         
                                                       "Actual Startup Time": 27.140,                                                                           
                                                       "Actual Total Time": 88.943,                                                                             
                                                       "Actual Rows": 24592,                                                                                    
                                                       "Actual Loops": 1,                                                                                       
                                                       "Inner Unique": true,                                                                                    
                                                       "Hash Cond": "(cc.status_id = cct.id)",                                                                 
                                                       "Shared Hit Blocks": 0,                                                                                  
                                                       "Shared Read Blocks": 732,                                                                               
                                                       "Shared Dirtied Blocks": 0,                                                                              
                                                       "Shared Written Blocks": 0,                                                                              
                                                       "Local Hit Blocks": 0,                                                                                   
                                                       "Local Read Blocks": 0,                                                                                  
                                                       "Local Dirtied Blocks": 0,                                                                               
                                                       "Local Written Blocks": 0,                                                                               
                                                       "Temp Read Blocks": 0,                                                                                   
                                                       "Temp Written Blocks": 0,                                                                                
                                                       "Plans": [                                                                                               
                                                         {                                                                                                      
                                                           "Node Type": "Seq Scan",                                                                             
                                                           "Parent Relationship": "Outer",                                                                      
                                                           "Parallel Aware": false,                                                                             
                                                           "Relation Name": "complete_cast",                                                                    
                                                           "Alias": "cc",                                                                                       
                                                           "Startup Cost": 0.00,                                                                                
                                                           "Total Cost": 32.27,                                                                                 
                                                           "Plan Rows": 135086,                                                                                 
                                                           "Plan Width": 8,                                                                                     
                                                           "Actual Startup Time": 19.862,                                                                       
                                                           "Actual Total Time": 46.521,                                                                         
                                                           "Actual Rows": 135086,                                                                               
                                                           "Actual Loops": 1,                                                                                   
                                                           "Shared Hit Blocks": 0,                                                                              
                                                           "Shared Read Blocks": 731,                                                                           
                                                           "Shared Dirtied Blocks": 0,                                                                          
                                                           "Shared Written Blocks": 0,                                                                          
                                                           "Local Hit Blocks": 0,                                                                               
                                                           "Local Read Blocks": 0,                                                                              
                                                           "Local Dirtied Blocks": 0,                                                                           
                                                           "Local Written Blocks": 0,                                                                           
                                                           "Temp Read Blocks": 0,                                                                               
                                                           "Temp Written Blocks": 0                                                                             
                                                         },                                                                                                     
                                                         {                                                                                                      
                                                           "Node Type": "Hash",                                                                                 
                                                           "Parent Relationship": "Inner",                                                                      
                                                           "Parallel Aware": false,                                                                             
                                                           "Startup Cost": 0.03,                                                                                
                                                           "Total Cost": 0.03,                                                                                  
                                                           "Plan Rows": 1,                                                                                      
                                                           "Plan Width": 4,                                                                                     
                                                           "Actual Startup Time": 7.232,                                                                        
                                                           "Actual Total Time": 7.232,                                                                          
                                                           "Actual Rows": 1,                                                                                    
                                                           "Actual Loops": 1,                                                                                   
                                                           "Hash Buckets": 1024,                                                                                
                                                           "Original Hash Buckets": 1024,                                                                       
                                                           "Hash Batches": 1,                                                                                   
                                                           "Original Hash Batches": 1,                                                                          
                                                           "Peak Memory Usage": 9,                                                                              
                                                           "Shared Hit Blocks": 0,                                                                              
                                                           "Shared Read Blocks": 1,                                                                             
                                                           "Shared Dirtied Blocks": 0,                                                                          
                                                           "Shared Written Blocks": 0,                                                                          
                                                           "Local Hit Blocks": 0,                                                                               
                                                           "Local Read Blocks": 0,                                                                              
                                                           "Local Dirtied Blocks": 0,                                                                           
                                                           "Local Written Blocks": 0,                                                                           
                                                           "Temp Read Blocks": 0,                                                                               
                                                           "Temp Written Blocks": 0,                                                                            
                                                           "Plans": [                                                                                           
                                                             {                                                                                                  
                                                               "Node Type": "Seq Scan",                                                                         
                                                               "Parent Relationship": "Outer",                                                                  
                                                               "Parallel Aware": false,                                                                         
                                                               "Relation Name": "comp_cast_type",                                                               
                                                               "Alias": "cct",                                                                                 
                                                               "Startup Cost": 0.00,                                                                            
                                                               "Total Cost": 0.03,                                                                              
                                                               "Plan Rows": 1,                                                                                  
                                                               "Plan Width": 4,                                                                                 
                                                               "Actual Startup Time": 7.216,                                                                    
                                                               "Actual Total Time": 7.218,                                                                      
                                                               "Actual Rows": 1,                                                                                
                                                               "Actual Loops": 1,                                                                               
                                                               "Filter": "((kind)::text = 'completeverified'::text)",                                          
                                                               "Rows Removed by Filter": 3,                                                                     
                                                               "Shared Hit Blocks": 0,                                                                          
                                                               "Shared Read Blocks": 1,                                                                         
                                                               "Shared Dirtied Blocks": 0,                                                                      
                                                               "Shared Written Blocks": 0,                                                                      
                                                               "Local Hit Blocks": 0,                                                                           
                                                               "Local Read Blocks": 0,                                                                          
                                                               "Local Dirtied Blocks": 0,                                                                       
                                                               "Local Written Blocks": 0,                                                                       
                                                               "Temp Read Blocks": 0,                                                                           
                                                               "Temp Written Blocks": 0                                                                         
                                                             }                                                                                                  
                                                           ]                                                                                                    
                                                         }                                                                                                      
                                                       ]                                                                                                        
                                                     }                                                                                                          
                                                   ]                                                                                                            
                                                 }                                                                                                              
                                               ]                                                                                                                
                                             }                                                                                                                  
                                           ]                                                                                                                    
                                         }                                                                                                                      
                                       ]                                                                                                                        
                                     }                                                                                                                          
                                   ]                                                                                                                            
                                 }                                                                                                                              
                               ]                                                                                                                                
                             },                                                                                                                                 
                             {                                                                                                                                  
                               "Node Type": "Hash",                                                                                                             
                               "Parent Relationship": "Inner",                                                                                                  
                               "Parallel Aware": false,                                                                                                         
                               "Startup Cost": 128.41,                                                                                                          
                               "Total Cost": 128.41,                                                                                                            
                               "Plan Rows": 84843,                                                                                                              
                               "Plan Width": 4,                                                                                                                 
                               "Actual Startup Time": 162.491,                                                                                                  
                               "Actual Total Time": 162.491,                                                                                                    
                               "Actual Rows": 84843,                                                                                                            
                               "Actual Loops": 1,                                                                                                               
                               "Hash Buckets": 131072,                                                                                                          
                               "Original Hash Buckets": 131072,                                                                                                 
                               "Hash Batches": 1,                                                                                                               
                               "Original Hash Batches": 1,                                                                                                      
                               "Peak Memory Usage": 4007,                                                                                                       
                               "Shared Hit Blocks": 0,                                                                                                          
                               "Shared Read Blocks": 2994,                                                                                                      
                               "Shared Dirtied Blocks": 0,                                                                                                      
                               "Shared Written Blocks": 0,                                                                                                      
                               "Local Hit Blocks": 0,                                                                                                           
                               "Local Read Blocks": 0,                                                                                                          
                               "Local Dirtied Blocks": 0,                                                                                                       
                               "Local Written Blocks": 0,                                                                                                       
                               "Temp Read Blocks": 0,                                                                                                           
                               "Temp Written Blocks": 0,                                                                                                        
                               "Plans": [                                                                                                                       
                                 {                                                                                                                              
                                   "Node Type": "Seq Scan",                                                                                                     
                                   "Parent Relationship": "Outer",                                                                                              
                                   "Parallel Aware": false,                                                                                                     
                                   "Relation Name": "company_name",                                                                                             
                                   "Alias": "cn",                                                                                                               
                                   "Startup Cost": 0.00,                                                                                                        
                                   "Total Cost": 128.41,                                                                                                        
                                   "Plan Rows": 84843,                                                                                                          
                                   "Plan Width": 4,                                                                                                             
                                   "Actual Startup Time": 25.479,                                                                                               
                                   "Actual Total Time": 129.304,                                                                                                
                                   "Actual Rows": 84843,                                                                                                        
                                   "Actual Loops": 1,                                                                                                           
                                   "Filter": "((country_code)::text = '[us]'::text)",                                                                           
                                   "Rows Removed by Filter": 150154,                                                                                            
                                   "Shared Hit Blocks": 0,                                                                                                      
                                   "Shared Read Blocks": 2994,                                                                                                  
                                   "Shared Dirtied Blocks": 0,                                                                                                  
                                   "Shared Written Blocks": 0,                                                                                                  
                                   "Local Hit Blocks": 0,                                                                                                       
                                   "Local Read Blocks": 0,                                                                                                      
                                   "Local Dirtied Blocks": 0,                                                                                                   
                                   "Local Written Blocks": 0,                                                                                                   
                                   "Temp Read Blocks": 0,                                                                                                       
                                   "Temp Written Blocks": 0                                                                                                     
                                 }                                                                                                                              
                               ]                                                                                                                                
                             }                                                                                                                                  
                           ]                                                                                                                                    
                         }                                                                                                                                      
                       ]                                                                                                                                        
                     }                                                                                                                                          
                   ]                                                                                                                                            
                 },                                                                                                                                             
                 {                                                                                                                                              
                   "Node Type": "Hash",                                                                                                                         
                   "Parent Relationship": "Inner",                                                                                                              
                   "Parallel Aware": false,                                                                                                                     
                   "Startup Cost": 0.03,                                                                                                                        
                   "Total Cost": 0.03,                                                                                                                          
                   "Plan Rows": 4,                                                                                                                              
                   "Plan Width": 4,                                                                                                                             
                   "Actual Startup Time": 9.015,                                                                                                                
                   "Actual Total Time": 9.015,                                                                                                                  
                   "Actual Rows": 4,                                                                                                                            
                   "Actual Loops": 1,                                                                                                                           
                   "Hash Buckets": 1024,                                                                                                                        
                   "Original Hash Buckets": 1024,                                                                                                               
                   "Hash Batches": 1,                                                                                                                           
                   "Original Hash Batches": 1,                                                                                                                  
                   "Peak Memory Usage": 9,                                                                                                                      
                   "Shared Hit Blocks": 0,                                                                                                                      
                   "Shared Read Blocks": 1,                                                                                                                     
                   "Shared Dirtied Blocks": 0,                                                                                                                  
                   "Shared Written Blocks": 0,                                                                                                                  
                   "Local Hit Blocks": 0,                                                                                                                       
                   "Local Read Blocks": 0,                                                                                                                      
                   "Local Dirtied Blocks": 0,                                                                                                                   
                   "Local Written Blocks": 0,                                                                                                                   
                   "Temp Read Blocks": 0,                                                                                                                       
                   "Temp Written Blocks": 0,                                                                                                                    
                   "Plans": [                                                                                                                                   
                     {                                                                                                                                          
                       "Node Type": "Seq Scan",                                                                                                                 
                       "Parent Relationship": "Outer",                                                                                                          
                       "Parallel Aware": false,                                                                                                                 
                       "Relation Name": "company_type",                                                                                                         
                       "Alias": "ct",                                                                                                                           
                       "Startup Cost": 0.00,                                                                                                                    
                       "Total Cost": 0.03,                                                                                                                      
                       "Plan Rows": 4,                                                                                                                          
                       "Plan Width": 4,                                                                                                                         
                       "Actual Startup Time": 8.990,                                                                                                            
                       "Actual Total Time": 8.994,                                                                                                              
                       "Actual Rows": 4,                                                                                                                        
                       "Actual Loops": 1,                                                                                                                       
                       "Shared Hit Blocks": 0,                                                                                                                  
                       "Shared Read Blocks": 1,                                                                                                                 
                       "Shared Dirtied Blocks": 0,                                                                                                              
                       "Shared Written Blocks": 0,                                                                                                              
                       "Local Hit Blocks": 0,                                                                                                                   
                       "Local Read Blocks": 0,                                                                                                                  
                       "Local Dirtied Blocks": 0,                                                                                                               
                       "Local Written Blocks": 0,                                                                                                               
                       "Temp Read Blocks": 0,                                                                                                                   
                       "Temp Written Blocks": 0                                                                                                                 
                     }                                                                                                                                          
                   ]                                                                                                                                            
                 }                                                                                                                                              
               ]                                                                                                                                                
             },                                                                                                                                                 
             {                                                                                                                                                  
               "Node Type": "Hash",                                                                                                                             
               "Parent Relationship": "Inner",                                                                                                                  
               "Parallel Aware": false,                                                                                                                         
               "Startup Cost": 39.04,                                                                                                                           
               "Total Cost": 39.04,                                                                                                                             
               "Plan Rows": 134170,                                                                                                                             
               "Plan Width": 4,                                                                                                                                 
               "Actual Startup Time": 80.603,                                                                                                                   
               "Actual Total Time": 80.603,                                                                                                                     
               "Actual Rows": 134170,                                                                                                                           
               "Actual Loops": 1,                                                                                                                               
               "Hash Buckets": 262144,                                                                                                                          
               "Original Hash Buckets": 262144,                                                                                                                 
               "Hash Batches": 1,                                                                                                                               
               "Original Hash Batches": 1,                                                                                                                      
               "Peak Memory Usage": 6765,                                                                                                                       
               "Shared Hit Blocks": 0,                                                                                                                          
               "Shared Read Blocks": 949,                                                                                                                       
               "Shared Dirtied Blocks": 0,                                                                                                                      
               "Shared Written Blocks": 0,                                                                                                                      
               "Local Hit Blocks": 0,                                                                                                                           
               "Local Read Blocks": 0,                                                                                                                          
               "Local Dirtied Blocks": 0,                                                                                                                       
               "Local Written Blocks": 0,                                                                                                                       
               "Temp Read Blocks": 0,                                                                                                                           
               "Temp Written Blocks": 0,                                                                                                                        
               "Plans": [                                                                                                                                       
                 {                                                                                                                                              
                   "Node Type": "Seq Scan",                                                                                                                     
                   "Parent Relationship": "Outer",                                                                                                              
                   "Parallel Aware": false,                                                                                                                     
                   "Relation Name": "keyword",                                                                                                                  
                   "Alias": "k",                                                                                                                                
                   "Startup Cost": 0.00,                                                                                                                        
                   "Total Cost": 39.04,                                                                                                                         
                   "Plan Rows": 134170,                                                                                                                         
                   "Plan Width": 4,                                                                                                                             
                   "Actual Startup Time": 9.207,                                                                                                                
                   "Actual Total Time": 42.508,                                                                                                                 
                   "Actual Rows": 134170,                                                                                                                       
                   "Actual Loops": 1,                                                                                                                           
                   "Shared Hit Blocks": 0,                                                                                                                      
                   "Shared Read Blocks": 949,                                                                                                                   
                   "Shared Dirtied Blocks": 0,                                                                                                                  
                   "Shared Written Blocks": 0,                                                                                                                  
                   "Local Hit Blocks": 0,                                                                                                                       
                   "Local Read Blocks": 0,                                                                                                                      
                   "Local Dirtied Blocks": 0,                                                                                                                   
                   "Local Written Blocks": 0,                                                                                                                   
                   "Temp Read Blocks": 0,                                                                                                                       
                   "Temp Written Blocks": 0                                                                                                                     
                 }                                                                                                                                              
               ]                                                                                                                                                
             }                                                                                                                                                  
           ]                                                                                                                                                    
         }                                                                                                                                                      
       ]                                                                                                                                                        
     },                                                                                                                                                         
     "Planning Time": 8553.904,                                                                                                                                 
     "Triggers": [                                                                                                                                              
     ],                                                                                                                                                         
     "Execution Time": 14151.038                                                                                                                                
   }                                                                                                                                                            
 ]
