 [                                                                                                                             
   {                                                                                                                           
     "Plan": {                                                                                                                 
       "Node Type": "Aggregate",                                                                                               
       "Strategy": "Plain",                                                                                                    
       "Partial Mode": "Simple",                                                                                               
       "Parallel Aware": false,                                                                                                
       "Startup Cost": 12839.01,                                                                                               
       "Total Cost": 12839.01,                                                                                                 
       "Plan Rows": 1,                                                                                                         
       "Plan Width": 64,                                                                                                       
       "Actual Startup Time": 12735.971,                                                                                       
       "Actual Total Time": 12735.972,                                                                                         
       "Actual Rows": 1,                                                                                                       
       "Actual Loops": 1,                                                                                                      
       "Shared Hit Blocks": 3,                                                                                                 
       "Shared Read Blocks": 245811,                                                                                           
       "Shared Dirtied Blocks": 0,                                                                                             
       "Shared Written Blocks": 0,                                                                                             
       "Local Hit Blocks": 0,                                                                                                  
       "Local Read Blocks": 0,                                                                                                 
       "Local Dirtied Blocks": 0,                                                                                              
       "Local Written Blocks": 0,                                                                                              
       "Temp Read Blocks": 0,                                                                                                  
       "Temp Written Blocks": 0,                                                                                               
       "Plans": [                                                                                                              
         {                                                                                                                     
           "Node Type": "Hash Join",                                                                                           
           "Parent Relationship": "Outer",                                                                                     
           "Parallel Aware": false,                                                                                            
           "Join Type": "Inner",                                                                                               
           "Startup Cost": 4431.47,                                                                                            
           "Total Cost": 12839.01,                                                                                             
           "Plan Rows": 1,                                                                                                     
           "Plan Width": 27,                                                                                                   
           "Actual Startup Time": 6942.202,                                                                                    
           "Actual Total Time": 12735.934,                                                                                     
           "Actual Rows": 16,                                                                                                  
           "Actual Loops": 1,                                                                                                  
           "Inner Unique": true,                                                                                               
           "Hash Cond": "(mc.company_type_id = ct.id)",                                                                        
           "Shared Hit Blocks": 3,                                                                                             
           "Shared Read Blocks": 245811,                                                                                       
           "Shared Dirtied Blocks": 0,                                                                                         
           "Shared Written Blocks": 0,                                                                                         
           "Local Hit Blocks": 0,                                                                                              
           "Local Read Blocks": 0,                                                                                             
           "Local Dirtied Blocks": 0,                                                                                          
           "Local Written Blocks": 0,                                                                                          
           "Temp Read Blocks": 0,                                                                                              
           "Temp Written Blocks": 0,                                                                                           
           "Plans": [                                                                                                          
             {                                                                                                                 
               "Node Type": "Hash Join",                                                                                       
               "Parent Relationship": "Outer",                                                                                 
               "Parallel Aware": false,                                                                                        
               "Join Type": "Inner",                                                                                           
               "Startup Cost": 4431.44,                                                                                        
               "Total Cost": 12838.98,                                                                                         
               "Plan Rows": 1,                                                                                                 
               "Plan Width": 31,                                                                                               
               "Actual Startup Time": 6927.688,                                                                                
               "Actual Total Time": 12721.416,                                                                                 
               "Actual Rows": 16,                                                                                              
               "Actual Loops": 1,                                                                                              
               "Inner Unique": false,                                                                                          
               "Hash Cond": "(mi.movie_id = t.id)",                                                                            
               "Shared Hit Blocks": 0,                                                                                         
               "Shared Read Blocks": 245810,                                                                                   
               "Shared Dirtied Blocks": 0,                                                                                     
               "Shared Written Blocks": 0,                                                                                     
               "Local Hit Blocks": 0,                                                                                          
               "Local Read Blocks": 0,                                                                                         
               "Local Dirtied Blocks": 0,                                                                                      
               "Local Written Blocks": 0,                                                                                      
               "Temp Read Blocks": 0,                                                                                          
               "Temp Written Blocks": 0,                                                                                       
               "Plans": [                                                                                                      
                 {                                                                                                             
                   "Node Type": "Hash Join",                                                                                   
                   "Parent Relationship": "Outer",                                                                             
                   "Parallel Aware": false,                                                                                    
                   "Join Type": "Inner",                                                                                       
                   "Startup Cost": 0.05,                                                                                       
                   "Total Cost": 8407.59,                                                                                      
                   "Plan Rows": 2,                                                                                             
                   "Plan Width": 4,                                                                                            
                   "Actual Startup Time": 1544.416,                                                                            
                   "Actual Total Time": 8435.883,                                                                              
                   "Actual Rows": 1771,                                                                                        
                   "Actual Loops": 1,                                                                                          
                   "Inner Unique": true,                                                                                       
                   "Hash Cond": "(mi.info_type_id = it.id)",                                                                  
                   "Shared Hit Blocks": 0,                                                                                     
                   "Shared Read Blocks": 161893,                                                                               
                   "Shared Dirtied Blocks": 0,                                                                                 
                   "Shared Written Blocks": 0,                                                                                 
                   "Local Hit Blocks": 0,                                                                                      
                   "Local Read Blocks": 0,                                                                                     
                   "Local Dirtied Blocks": 0,                                                                                  
                   "Local Written Blocks": 0,                                                                                  
                   "Temp Read Blocks": 0,                                                                                      
                   "Temp Written Blocks": 0,                                                                                   
                   "Plans": [                                                                                                  
                     {                                                                                                         
                       "Node Type": "Seq Scan",                                                                                
                       "Parent Relationship": "Outer",                                                                         
                       "Parallel Aware": false,                                                                                
                       "Relation Name": "movie_info",                                                                          
                       "Alias": "mi",                                                                                          
                       "Startup Cost": 0.00,                                                                                   
                       "Total Cost": 8407.52,                                                                                  
                       "Plan Rows": 260,                                                                                       
                       "Plan Width": 8,                                                                                        
                       "Actual Startup Time": 1523.519,                                                                        
                       "Actual Total Time": 8413.614,                                                                          
                       "Actual Rows": 1771,                                                                                    
                       "Actual Loops": 1,                                                                                      
                       "Filter": "((note ~~ '%internet%'::text) AND (info ~~ 'USA:% 200%'::text))",                            
                       "Rows Removed by Filter": 14833949,                                                                     
                       "Shared Hit Blocks": 0,                                                                                 
                       "Shared Read Blocks": 161892,                                                                           
                       "Shared Dirtied Blocks": 0,                                                                             
                       "Shared Written Blocks": 0,                                                                             
                       "Local Hit Blocks": 0,                                                                                  
                       "Local Read Blocks": 0,                                                                                 
                       "Local Dirtied Blocks": 0,                                                                              
                       "Local Written Blocks": 0,                                                                              
                       "Temp Read Blocks": 0,                                                                                  
                       "Temp Written Blocks": 0                                                                                
                     },                                                                                                        
                     {                                                                                                         
                       "Node Type": "Hash",                                                                                    
                       "Parent Relationship": "Inner",                                                                         
                       "Parallel Aware": false,                                                                                
                       "Startup Cost": 0.05,                                                                                   
                       "Total Cost": 0.05,                                                                                     
                       "Plan Rows": 1,                                                                                         
                       "Plan Width": 4,                                                                                        
                       "Actual Startup Time": 20.855,                                                                          
                       "Actual Total Time": 20.856,                                                                            
                       "Actual Rows": 1,                                                                                       
                       "Actual Loops": 1,                                                                                      
                       "Hash Buckets": 1024,                                                                                   
                       "Original Hash Buckets": 1024,                                                                          
                       "Hash Batches": 1,                                                                                      
                       "Original Hash Batches": 1,                                                                             
                       "Peak Memory Usage": 9,                                                                                 
                       "Shared Hit Blocks": 0,                                                                                 
                       "Shared Read Blocks": 1,                                                                                
                       "Shared Dirtied Blocks": 0,                                                                             
                       "Shared Written Blocks": 0,                                                                             
                       "Local Hit Blocks": 0,                                                                                  
                       "Local Read Blocks": 0,                                                                                 
                       "Local Dirtied Blocks": 0,                                                                              
                       "Local Written Blocks": 0,                                                                              
                       "Temp Read Blocks": 0,                                                                                  
                       "Temp Written Blocks": 0,                                                                               
                       "Plans": [                                                                                              
                         {                                                                                                     
                           "Node Type": "Seq Scan",                                                                            
                           "Parent Relationship": "Outer",                                                                     
                           "Parallel Aware": false,                                                                            
                           "Relation Name": "info_type",                                                                       
                           "Alias": "it",                                                                                     
                           "Startup Cost": 0.00,                                                                               
                           "Total Cost": 0.05,                                                                                 
                           "Plan Rows": 1,                                                                                     
                           "Plan Width": 4,                                                                                    
                           "Actual Startup Time": 20.795,                                                                      
                           "Actual Total Time": 20.830,                                                                        
                           "Actual Rows": 1,                                                                                   
                           "Actual Loops": 1,                                                                                  
                           "Filter": "((info)::text = 'release dates'::text)",                                                 
                           "Rows Removed by Filter": 112,                                                                      
                           "Shared Hit Blocks": 0,                                                                             
                           "Shared Read Blocks": 1,                                                                            
                           "Shared Dirtied Blocks": 0,                                                                         
                           "Shared Written Blocks": 0,                                                                         
                           "Local Hit Blocks": 0,                                                                              
                           "Local Read Blocks": 0,                                                                             
                           "Local Dirtied Blocks": 0,                                                                          
                           "Local Written Blocks": 0,                                                                          
                           "Temp Read Blocks": 0,                                                                              
                           "Temp Written Blocks": 0                                                                            
                         }                                                                                                     
                       ]                                                                                                       
                     }                                                                                                         
                   ]                                                                                                           
                 },                                                                                                            
                 {                                                                                                             
                   "Node Type": "Hash",                                                                                        
                   "Parent Relationship": "Inner",                                                                             
                   "Parallel Aware": false,                                                                                    
                   "Startup Cost": 4431.39,                                                                                    
                   "Total Cost": 4431.39,                                                                                      
                   "Plan Rows": 1,                                                                                             
                   "Plan Width": 47,                                                                                           
                   "Actual Startup Time": 4284.788,                                                                            
                   "Actual Total Time": 4284.788,                                                                              
                   "Actual Rows": 315,                                                                                         
                   "Actual Loops": 1,                                                                                          
                   "Hash Buckets": 1024,                                                                                       
                   "Original Hash Buckets": 1024,                                                                              
                   "Hash Batches": 1,                                                                                          
                   "Original Hash Batches": 1,                                                                                 
                   "Peak Memory Usage": 32,                                                                                    
                   "Shared Hit Blocks": 0,                                                                                     
                   "Shared Read Blocks": 83917,                                                                                
                   "Shared Dirtied Blocks": 0,                                                                                 
                   "Shared Written Blocks": 0,                                                                                 
                   "Local Hit Blocks": 0,                                                                                      
                   "Local Read Blocks": 0,                                                                                     
                   "Local Dirtied Blocks": 0,                                                                                  
                   "Local Written Blocks": 0,                                                                                  
                   "Temp Read Blocks": 0,                                                                                      
                   "Temp Written Blocks": 0,                                                                                   
                   "Plans": [                                                                                                  
                     {                                                                                                         
                       "Node Type": "Hash Join",                                                                               
                       "Parent Relationship": "Outer",                                                                         
                       "Parallel Aware": false,                                                                                
                       "Join Type": "Inner",                                                                                   
                       "Startup Cost": 2774.99,                                                                                
                       "Total Cost": 4431.39,                                                                                  
                       "Plan Rows": 1,                                                                                         
                       "Plan Width": 47,                                                                                       
                       "Actual Startup Time": 3588.574,                                                                        
                       "Actual Total Time": 4284.561,                                                                          
                       "Actual Rows": 315,                                                                                     
                       "Actual Loops": 1,                                                                                      
                       "Inner Unique": false,                                                                                  
                       "Hash Cond": "(t.id = cc.movie_id)",                                                                    
                       "Shared Hit Blocks": 0,                                                                                 
                       "Shared Read Blocks": 83917,                                                                            
                       "Shared Dirtied Blocks": 0,                                                                             
                       "Shared Written Blocks": 0,                                                                             
                       "Local Hit Blocks": 0,                                                                                  
                       "Local Read Blocks": 0,                                                                                 
                       "Local Dirtied Blocks": 0,                                                                              
                       "Local Written Blocks": 0,                                                                              
                       "Temp Read Blocks": 0,                                                                                  
                       "Temp Written Blocks": 0,                                                                               
                       "Plans": [                                                                                              
                         {                                                                                                     
                           "Node Type": "Hash Join",                                                                           
                           "Parent Relationship": "Outer",                                                                     
                           "Parallel Aware": false,                                                                            
                           "Join Type": "Inner",                                                                               
                           "Startup Cost": 2723.20,                                                                            
                           "Total Cost": 4379.60,                                                                              
                           "Plan Rows": 21,                                                                                    
                           "Plan Width": 43,                                                                                   
                           "Actual Startup Time": 3489.773,                                                                    
                           "Actual Total Time": 4198.196,                                                                      
                           "Actual Rows": 1075,                                                                                
                           "Actual Loops": 1,                                                                                  
                           "Inner Unique": false,                                                                              
                           "Hash Cond": "(t.id = mk.movie_id)",                                                                
                           "Shared Hit Blocks": 0,                                                                             
                           "Shared Read Blocks": 83185,                                                                        
                           "Shared Dirtied Blocks": 0,                                                                         
                           "Shared Written Blocks": 0,                                                                         
                           "Local Hit Blocks": 0,                                                                              
                           "Local Read Blocks": 0,                                                                             
                           "Local Dirtied Blocks": 0,                                                                          
                           "Local Written Blocks": 0,                                                                          
                           "Temp Read Blocks": 0,                                                                              
                           "Temp Written Blocks": 0,                                                                           
                           "Plans": [                                                                                          
                             {                                                                                                 
                               "Node Type": "Hash Join",                                                                       
                               "Parent Relationship": "Outer",                                                                 
                               "Parallel Aware": false,                                                                        
                               "Join Type": "Inner",                                                                           
                               "Startup Cost": 0.03,                                                                           
                               "Total Cost": 1633.45,                                                                          
                               "Plan Rows": 197350,                                                                            
                               "Plan Width": 31,                                                                               
                               "Actual Startup Time": 127.924,                                                                 
                               "Actual Total Time": 1836.878,                                                                  
                               "Actual Rows": 274015,                                                                          
                               "Actual Loops": 1,                                                                              
                               "Inner Unique": true,                                                                           
                               "Hash Cond": "(t.kind_id = kt.id)",                                                             
                               "Shared Hit Blocks": 0,                                                                         
                               "Shared Read Blocks": 35999,                                                                    
                               "Shared Dirtied Blocks": 0,                                                                     
                               "Shared Written Blocks": 0,                                                                     
                               "Local Hit Blocks": 0,                                                                          
                               "Local Read Blocks": 0,                                                                         
                               "Local Dirtied Blocks": 0,                                                                      
                               "Local Written Blocks": 0,                                                                      
                               "Temp Read Blocks": 0,                                                                          
                               "Temp Written Blocks": 0,                                                                       
                               "Plans": [                                                                                      
                                 {                                                                                             
                                   "Node Type": "Seq Scan",                                                                    
                                   "Parent Relationship": "Outer",                                                             
                                   "Parallel Aware": false,                                                                    
                                   "Relation Name": "title",                                                                   
                                   "Alias": "t",                                                                               
                                   "Startup Cost": 0.00,                                                                       
                                   "Total Cost": 1500.26,                                                                      
                                   "Plan Rows": 1381453,                                                                       
                                   "Plan Width": 25,                                                                           
                                   "Actual Startup Time": 24.448,                                                              
                                   "Actual Total Time": 1484.313,                                                              
                                   "Actual Rows": 1381453,                                                                     
                                   "Actual Loops": 1,                                                                          
                                   "Filter": "(production_year > 2000)",                                                       
                                   "Rows Removed by Filter": 1146859,                                                          
                                   "Shared Hit Blocks": 0,                                                                     
                                   "Shared Read Blocks": 35998,                                                                
                                   "Shared Dirtied Blocks": 0,                                                                 
                                   "Shared Written Blocks": 0,                                                                 
                                   "Local Hit Blocks": 0,                                                                      
                                   "Local Read Blocks": 0,                                                                     
                                   "Local Dirtied Blocks": 0,                                                                  
                                   "Local Written Blocks": 0,                                                                  
                                   "Temp Read Blocks": 0,                                                                      
                                   "Temp Written Blocks": 0                                                                    
                                 },                                                                                            
                                 {                                                                                             
                                   "Node Type": "Hash",                                                                        
                                   "Parent Relationship": "Inner",                                                             
                                   "Parallel Aware": false,                                                                    
                                   "Startup Cost": 0.03,                                                                       
                                   "Total Cost": 0.03,                                                                         
                                   "Plan Rows": 1,                                                                             
                                   "Plan Width": 14,                                                                           
                                   "Actual Startup Time": 21.233,                                                              
                                   "Actual Total Time": 21.233,                                                                
                                   "Actual Rows": 1,                                                                           
                                   "Actual Loops": 1,                                                                          
                                   "Hash Buckets": 1024,                                                                       
                                   "Original Hash Buckets": 1024,                                                              
                                   "Hash Batches": 1,                                                                          
                                   "Original Hash Batches": 1,                                                                 
                                   "Peak Memory Usage": 9,                                                                     
                                   "Shared Hit Blocks": 0,                                                                     
                                   "Shared Read Blocks": 1,                                                                    
                                   "Shared Dirtied Blocks": 0,                                                                 
                                   "Shared Written Blocks": 0,                                                                 
                                   "Local Hit Blocks": 0,                                                                      
                                   "Local Read Blocks": 0,                                                                     
                                   "Local Dirtied Blocks": 0,                                                                  
                                   "Local Written Blocks": 0,                                                                  
                                   "Temp Read Blocks": 0,                                                                      
                                   "Temp Written Blocks": 0,                                                                   
                                   "Plans": [                                                                                  
                                     {                                                                                         
                                       "Node Type": "Seq Scan",                                                                
                                       "Parent Relationship": "Outer",                                                         
                                       "Parallel Aware": false,                                                                
                                       "Relation Name": "kind_type",                                                           
                                       "Alias": "kt",                                                                          
                                       "Startup Cost": 0.00,                                                                   
                                       "Total Cost": 0.03,                                                                     
                                       "Plan Rows": 1,                                                                         
                                       "Plan Width": 14,                                                                       
                                       "Actual Startup Time": 21.213,                                                          
                                       "Actual Total Time": 21.219,                                                            
                                       "Actual Rows": 1,                                                                       
                                       "Actual Loops": 1,                                                                      
                                       "Filter": "((kind)::text = 'movie'::text)",                                             
                                       "Rows Removed by Filter": 6,                                                            
                                       "Shared Hit Blocks": 0,                                                                 
                                       "Shared Read Blocks": 1,                                                                
                                       "Shared Dirtied Blocks": 0,                                                             
                                       "Shared Written Blocks": 0,                                                             
                                       "Local Hit Blocks": 0,                                                                  
                                       "Local Read Blocks": 0,                                                                 
                                       "Local Dirtied Blocks": 0,                                                              
                                       "Local Written Blocks": 0,                                                              
                                       "Temp Read Blocks": 0,                                                                  
                                       "Temp Written Blocks": 0                                                                
                                     }                                                                                         
                                   ]                                                                                           
                                 }                                                                                             
                               ]                                                                                               
                             },                                                                                                
                             {                                                                                                 
                               "Node Type": "Hash",                                                                            
                               "Parent Relationship": "Inner",                                                                 
                               "Parallel Aware": false,                                                                        
                               "Startup Cost": 2723.13,                                                                        
                               "Total Cost": 2723.13,                                                                          
                               "Plan Rows": 272,                                                                               
                               "Plan Width": 12,                                                                               
                               "Actual Startup Time": 2306.430,                                                                
                               "Actual Total Time": 2306.430,                                                                  
                               "Actual Rows": 3338,                                                                            
                               "Actual Loops": 1,                                                                              
                               "Hash Buckets": 4096,                                                                           
                               "Original Hash Buckets": 1024,                                                                  
                               "Hash Batches": 1,                                                                              
                               "Original Hash Batches": 1,                                                                     
                               "Peak Memory Usage": 176,                                                                       
                               "Shared Hit Blocks": 0,                                                                         
                               "Shared Read Blocks": 47186,                                                                    
                               "Shared Dirtied Blocks": 0,                                                                     
                               "Shared Written Blocks": 0,                                                                     
                               "Local Hit Blocks": 0,                                                                          
                               "Local Read Blocks": 0,                                                                         
                               "Local Dirtied Blocks": 0,                                                                      
                               "Local Written Blocks": 0,                                                                      
                               "Temp Read Blocks": 0,                                                                          
                               "Temp Written Blocks": 0,                                                                       
                               "Plans": [                                                                                      
                                 {                                                                                             
                                   "Node Type": "Hash Join",                                                                   
                                   "Parent Relationship": "Outer",                                                             
                                   "Parallel Aware": false,                                                                    
                                   "Join Type": "Inner",                                                                       
                                   "Startup Cost": 1649.40,                                                                    
                                   "Total Cost": 2723.13,                                                                      
                                   "Plan Rows": 272,                                                                           
                                   "Plan Width": 12,                                                                           
                                   "Actual Startup Time": 1409.599,                                                            
                                   "Actual Total Time": 2304.964,                                                              
                                   "Actual Rows": 3338,                                                                        
                                   "Actual Loops": 1,                                                                          
                                   "Inner Unique": true,                                                                       
                                   "Hash Cond": "(mc.company_id = cn.id)",                                                     
                                   "Shared Hit Blocks": 0,                                                                     
                                   "Shared Read Blocks": 47186,                                                                
                                   "Shared Dirtied Blocks": 0,                                                                 
                                   "Shared Written Blocks": 0,                                                                 
                                   "Local Hit Blocks": 0,                                                                      
                                   "Local Read Blocks": 0,                                                                     
                                   "Local Dirtied Blocks": 0,                                                                  
                                   "Local Written Blocks": 0,                                                                  
                                   "Temp Read Blocks": 0,                                                                      
                                   "Temp Written Blocks": 0,                                                                   
                                   "Plans": [                                                                                  
                                     {                                                                                         
                                       "Node Type": "Hash Join",                                                               
                                       "Parent Relationship": "Outer",                                                         
                                       "Parallel Aware": false,                                                                
                                       "Join Type": "Inner",                                                                   
                                       "Startup Cost": 1508.54,                                                                
                                       "Total Cost": 2582.21,                                                                  
                                       "Plan Rows": 754,                                                                       
                                       "Plan Width": 16,                                                                       
                                       "Actual Startup Time": 1269.418,                                                        
                                       "Actual Total Time": 2160.437,                                                          
                                       "Actual Rows": 9894,                                                                    
                                       "Actual Loops": 1,                                                                      
                                       "Inner Unique": false,                                                                  
                                       "Hash Cond": "(mc.movie_id = mk.movie_id)",                                             
                                       "Shared Hit Blocks": 0,                                                                 
                                       "Shared Read Blocks": 44192,                                                            
                                       "Shared Dirtied Blocks": 0,                                                             
                                       "Shared Written Blocks": 0,                                                             
                                       "Local Hit Blocks": 0,                                                                  
                                       "Local Read Blocks": 0,                                                                 
                                       "Local Dirtied Blocks": 0,                                                              
                                       "Local Written Blocks": 0,                                                              
                                       "Temp Read Blocks": 0,                                                                  
                                       "Temp Written Blocks": 0,                                                               
                                       "Plans": [                                                                              
                                         {                                                                                     
                                           "Node Type": "Seq Scan",                                                            
                                           "Parent Relationship": "Outer",                                                     
                                           "Parallel Aware": false,                                                            
                                           "Relation Name": "movie_companies",                                                 
                                           "Alias": "mc",                                                                      
                                           "Startup Cost": 0.00,                                                               
                                           "Total Cost": 769.75,                                                               
                                           "Plan Rows": 2609129,                                                               
                                           "Plan Width": 12,                                                                   
                                           "Actual Startup Time": 2.660,                                                       
                                           "Actual Total Time": 455.087,                                                       
                                           "Actual Rows": 2609129,                                                             
                                           "Actual Loops": 1,                                                                  
                                           "Shared Hit Blocks": 0,                                                             
                                           "Shared Read Blocks": 18789,                                                        
                                           "Shared Dirtied Blocks": 0,                                                         
                                           "Shared Written Blocks": 0,                                                         
                                           "Local Hit Blocks": 0,                                                              
                                           "Local Read Blocks": 0,                                                             
                                           "Local Dirtied Blocks": 0,                                                          
                                           "Local Written Blocks": 0,                                                          
                                           "Temp Read Blocks": 0,                                                              
                                           "Temp Written Blocks": 0                                                            
                                         },                                                                                    
                                         {                                                                                     
                                           "Node Type": "Hash",                                                                
                                           "Parent Relationship": "Inner",                                                     
                                           "Parallel Aware": false,                                                            
                                           "Startup Cost": 1508.52,                                                            
                                           "Total Cost": 1508.52,                                                              
                                           "Plan Rows": 135,                                                                   
                                           "Plan Width": 4,                                                                    
                                           "Actual Startup Time": 1258.015,                                                    
                                           "Actual Total Time": 1258.015,                                                      
                                           "Actual Rows": 1133,                                                                
                                           "Actual Loops": 1,                                                                  
                                           "Hash Buckets": 2048,                                                               
                                           "Original Hash Buckets": 1024,                                                      
                                           "Hash Batches": 1,                                                                  
                                           "Original Hash Batches": 1,                                                         
                                           "Peak Memory Usage": 56,                                                            
                                           "Shared Hit Blocks": 0,                                                             
                                           "Shared Read Blocks": 25403,                                                        
                                           "Shared Dirtied Blocks": 0,                                                         
                                           "Shared Written Blocks": 0,                                                         
                                           "Local Hit Blocks": 0,                                                              
                                           "Local Read Blocks": 0,                                                             
                                           "Local Dirtied Blocks": 0,                                                          
                                           "Local Written Blocks": 0,                                                          
                                           "Temp Read Blocks": 0,                                                              
                                           "Temp Written Blocks": 0,                                                           
                                           "Plans": [                                                                          
                                             {                                                                                 
                                               "Node Type": "Hash Join",                                                       
                                               "Parent Relationship": "Outer",                                                 
                                               "Parallel Aware": false,                                                        
                                               "Join Type": "Inner",                                                           
                                               "Startup Cost": 59.88,                                                          
                                               "Total Cost": 1508.52,                                                          
                                               "Plan Rows": 135,                                                               
                                               "Plan Width": 4,                                                                
                                               "Actual Startup Time": 102.844,                                                 
                                               "Actual Total Time": 1257.473,                                                  
                                               "Actual Rows": 1133,                                                            
                                               "Actual Loops": 1,                                                              
                                               "Inner Unique": true,                                                           
                                               "Hash Cond": "(mk.keyword_id = k.id)",                                          
                                               "Shared Hit Blocks": 0,                                                         
                                               "Shared Read Blocks": 25403,                                                    
                                               "Shared Dirtied Blocks": 0,                                                     
                                               "Shared Written Blocks": 0,                                                     
                                               "Local Hit Blocks": 0,                                                          
                                               "Local Read Blocks": 0,                                                         
                                               "Local Dirtied Blocks": 0,                                                      
                                               "Local Written Blocks": 0,                                                      
                                               "Temp Read Blocks": 0,                                                          
                                               "Temp Written Blocks": 0,                                                       
                                               "Plans": [                                                                      
                                                 {                                                                             
                                                   "Node Type": "Seq Scan",                                                    
                                                   "Parent Relationship": "Outer",                                             
                                                   "Parallel Aware": false,                                                    
                                                   "Relation Name": "movie_keyword",                                           
                                                   "Alias": "mk",                                                              
                                                   "Startup Cost": 0.00,                                                       
                                                   "Total Cost": 1079.84,                                                      
                                                   "Plan Rows": 4523930,                                                       
                                                   "Plan Width": 8,                                                            
                                                   "Actual Startup Time": 7.960,                                               
                                                   "Actual Total Time": 553.947,                                               
                                                   "Actual Rows": 4523930,                                                     
                                                   "Actual Loops": 1,                                                          
                                                   "Shared Hit Blocks": 0,                                                     
                                                   "Shared Read Blocks": 24454,                                                
                                                   "Shared Dirtied Blocks": 0,                                                 
                                                   "Shared Written Blocks": 0,                                                 
                                                   "Local Hit Blocks": 0,                                                      
                                                   "Local Read Blocks": 0,                                                     
                                                   "Local Dirtied Blocks": 0,                                                  
                                                   "Local Written Blocks": 0,                                                  
                                                   "Temp Read Blocks": 0,                                                      
                                                   "Temp Written Blocks": 0                                                    
                                                 },                                                                            
                                                 {                                                                             
                                                   "Node Type": "Hash",                                                        
                                                   "Parent Relationship": "Inner",                                             
                                                   "Parallel Aware": false,                                                    
                                                   "Startup Cost": 59.88,                                                      
                                                   "Total Cost": 59.88,                                                        
                                                   "Plan Rows": 4,                                                             
                                                   "Plan Width": 4,                                                            
                                                   "Actual Startup Time": 94.487,                                              
                                                   "Actual Total Time": 94.487,                                                
                                                   "Actual Rows": 4,                                                           
                                                   "Actual Loops": 1,                                                          
                                                   "Hash Buckets": 1024,                                                       
                                                   "Original Hash Buckets": 1024,                                              
                                                   "Hash Batches": 1,                                                          
                                                   "Original Hash Batches": 1,                                                 
                                                   "Peak Memory Usage": 9,                                                     
                                                   "Shared Hit Blocks": 0,                                                     
                                                   "Shared Read Blocks": 949,                                                  
                                                   "Shared Dirtied Blocks": 0,                                                 
                                                   "Shared Written Blocks": 0,                                                 
                                                   "Local Hit Blocks": 0,                                                      
                                                   "Local Read Blocks": 0,                                                     
                                                   "Local Dirtied Blocks": 0,                                                  
                                                   "Local Written Blocks": 0,                                                  
                                                   "Temp Read Blocks": 0,                                                      
                                                   "Temp Written Blocks": 0,                                                   
                                                   "Plans": [                                                                  
                                                     {                                                                         
                                                       "Node Type": "Seq Scan",                                                
                                                       "Parent Relationship": "Outer",                                         
                                                       "Parallel Aware": false,                                                
                                                       "Relation Name": "keyword",                                             
                                                       "Alias": "k",                                                           
                                                       "Startup Cost": 0.00,                                                   
                                                       "Total Cost": 59.88,                                                    
                                                       "Plan Rows": 4,                                                         
                                                       "Plan Width": 4,                                                        
                                                       "Actual Startup Time": 29.763,                                          
                                                       "Actual Total Time": 94.470,                                            
                                                       "Actual Rows": 4,                                                       
                                                       "Actual Loops": 1,                                                      
                                                       "Filter": "(keyword = ANY ('{nerd,loner,alienation,dignity}'::text[]))",
                                                       "Rows Removed by Filter": 134166,                                       
                                                       "Shared Hit Blocks": 0,                                                 
                                                       "Shared Read Blocks": 949,                                              
                                                       "Shared Dirtied Blocks": 0,                                             
                                                       "Shared Written Blocks": 0,                                             
                                                       "Local Hit Blocks": 0,                                                  
                                                       "Local Read Blocks": 0,                                                 
                                                       "Local Dirtied Blocks": 0,                                              
                                                       "Local Written Blocks": 0,                                              
                                                       "Temp Read Blocks": 0,                                                  
                                                       "Temp Written Blocks": 0                                                
                                                     }                                                                         
                                                   ]                                                                           
                                                 }                                                                             
                                               ]                                                                               
                                             }                                                                                 
                                           ]                                                                                   
                                         }                                                                                     
                                       ]                                                                                       
                                     },                                                                                        
                                     {                                                                                         
                                       "Node Type": "Hash",                                                                    
                                       "Parent Relationship": "Inner",                                                         
                                       "Parallel Aware": false,                                                                
                                       "Startup Cost": 128.41,                                                                 
                                       "Total Cost": 128.41,                                                                   
                                       "Plan Rows": 84843,                                                                     
                                       "Plan Width": 4,                                                                        
                                       "Actual Startup Time": 139.527,                                                         
                                       "Actual Total Time": 139.527,                                                           
                                       "Actual Rows": 84843,                                                                   
                                       "Actual Loops": 1,                                                                      
                                       "Hash Buckets": 131072,                                                                 
                                       "Original Hash Buckets": 131072,                                                        
                                       "Hash Batches": 1,                                                                      
                                       "Original Hash Batches": 1,                                                             
                                       "Peak Memory Usage": 4007,                                                              
                                       "Shared Hit Blocks": 0,                                                                 
                                       "Shared Read Blocks": 2994,                                                             
                                       "Shared Dirtied Blocks": 0,                                                             
                                       "Shared Written Blocks": 0,                                                             
                                       "Local Hit Blocks": 0,                                                                  
                                       "Local Read Blocks": 0,                                                                 
                                       "Local Dirtied Blocks": 0,                                                              
                                       "Local Written Blocks": 0,                                                              
                                       "Temp Read Blocks": 0,                                                                  
                                       "Temp Written Blocks": 0,                                                               
                                       "Plans": [                                                                              
                                         {                                                                                     
                                           "Node Type": "Seq Scan",                                                            
                                           "Parent Relationship": "Outer",                                                     
                                           "Parallel Aware": false,                                                            
                                           "Relation Name": "company_name",                                                    
                                           "Alias": "cn",                                                                      
                                           "Startup Cost": 0.00,                                                               
                                           "Total Cost": 128.41,                                                               
                                           "Plan Rows": 84843,                                                                 
                                           "Plan Width": 4,                                                                    
                                           "Actual Startup Time": 3.860,                                                       
                                           "Actual Total Time": 109.298,                                                       
                                           "Actual Rows": 84843,                                                               
                                           "Actual Loops": 1,                                                                  
                                           "Filter": "((country_code)::text = '[us]'::text)",                                  
                                           "Rows Removed by Filter": 150154,                                                   
                                           "Shared Hit Blocks": 0,                                                             
                                           "Shared Read Blocks": 2994,                                                         
                                           "Shared Dirtied Blocks": 0,                                                         
                                           "Shared Written Blocks": 0,                                                         
                                           "Local Hit Blocks": 0,                                                              
                                           "Local Read Blocks": 0,                                                             
                                           "Local Dirtied Blocks": 0,                                                          
                                           "Local Written Blocks": 0,                                                          
                                           "Temp Read Blocks": 0,                                                              
                                           "Temp Written Blocks": 0                                                            
                                         }                                                                                     
                                       ]                                                                                       
                                     }                                                                                         
                                   ]                                                                                           
                                 }                                                                                             
                               ]                                                                                               
                             }                                                                                                 
                           ]                                                                                                   
                         },                                                                                                    
                         {                                                                                                     
                           "Node Type": "Hash",                                                                                
                           "Parent Relationship": "Inner",                                                                     
                           "Parallel Aware": false,                                                                            
                           "Startup Cost": 46.83,                                                                              
                           "Total Cost": 46.83,                                                                                
                           "Plan Rows": 33772,                                                                                 
                           "Plan Width": 4,                                                                                    
                           "Actual Startup Time": 85.420,                                                                      
                           "Actual Total Time": 85.420,                                                                        
                           "Actual Rows": 24592,                                                                               
                           "Actual Loops": 1,                                                                                  
                           "Hash Buckets": 65536,                                                                              
                           "Original Hash Buckets": 65536,                                                                     
                           "Hash Batches": 1,                                                                                  
                           "Original Hash Batches": 1,                                                                         
                           "Peak Memory Usage": 1377,                                                                          
                           "Shared Hit Blocks": 0,                                                                             
                           "Shared Read Blocks": 732,                                                                          
                           "Shared Dirtied Blocks": 0,                                                                         
                           "Shared Written Blocks": 0,                                                                         
                           "Local Hit Blocks": 0,                                                                              
                           "Local Read Blocks": 0,                                                                             
                           "Local Dirtied Blocks": 0,                                                                          
                           "Local Written Blocks": 0,                                                                          
                           "Temp Read Blocks": 0,                                                                              
                           "Temp Written Blocks": 0,                                                                           
                           "Plans": [                                                                                          
                             {                                                                                                 
                               "Node Type": "Hash Join",                                                                       
                               "Parent Relationship": "Outer",                                                                 
                               "Parallel Aware": false,                                                                        
                               "Join Type": "Inner",                                                                           
                               "Startup Cost": 0.03,                                                                           
                               "Total Cost": 46.83,                                                                            
                               "Plan Rows": 33772,                                                                             
                               "Plan Width": 4,                                                                                
                               "Actual Startup Time": 15.133,                                                                  
                               "Actual Total Time": 77.002,                                                                    
                               "Actual Rows": 24592,                                                                           
                               "Actual Loops": 1,                                                                              
                               "Inner Unique": true,                                                                           
                               "Hash Cond": "(cc.status_id = cct.id)",                                                        
                               "Shared Hit Blocks": 0,                                                                         
                               "Shared Read Blocks": 732,                                                                      
                               "Shared Dirtied Blocks": 0,                                                                     
                               "Shared Written Blocks": 0,                                                                     
                               "Local Hit Blocks": 0,                                                                          
                               "Local Read Blocks": 0,                                                                         
                               "Local Dirtied Blocks": 0,                                                                      
                               "Local Written Blocks": 0,                                                                      
                               "Temp Read Blocks": 0,                                                                          
                               "Temp Written Blocks": 0,                                                                       
                               "Plans": [                                                                                      
                                 {                                                                                             
                                   "Node Type": "Seq Scan",                                                                    
                                   "Parent Relationship": "Outer",                                                             
                                   "Parallel Aware": false,                                                                    
                                   "Relation Name": "complete_cast",                                                           
                                   "Alias": "cc",                                                                              
                                   "Startup Cost": 0.00,                                                                       
                                   "Total Cost": 32.27,                                                                        
                                   "Plan Rows": 135086,                                                                        
                                   "Plan Width": 8,                                                                            
                                   "Actual Startup Time": 7.866,                                                               
                                   "Actual Total Time": 35.483,                                                                
                                   "Actual Rows": 135086,                                                                      
                                   "Actual Loops": 1,                                                                          
                                   "Shared Hit Blocks": 0,                                                                     
                                   "Shared Read Blocks": 731,                                                                  
                                   "Shared Dirtied Blocks": 0,                                                                 
                                   "Shared Written Blocks": 0,                                                                 
                                   "Local Hit Blocks": 0,                                                                      
                                   "Local Read Blocks": 0,                                                                     
                                   "Local Dirtied Blocks": 0,                                                                  
                                   "Local Written Blocks": 0,                                                                  
                                   "Temp Read Blocks": 0,                                                                      
                                   "Temp Written Blocks": 0                                                                    
                                 },                                                                                            
                                 {                                                                                             
                                   "Node Type": "Hash",                                                                        
                                   "Parent Relationship": "Inner",                                                             
                                   "Parallel Aware": false,                                                                    
                                   "Startup Cost": 0.03,                                                                       
                                   "Total Cost": 0.03,                                                                         
                                   "Plan Rows": 1,                                                                             
                                   "Plan Width": 4,                                                                            
                                   "Actual Startup Time": 7.227,                                                               
                                   "Actual Total Time": 7.227,                                                                 
                                   "Actual Rows": 1,                                                                           
                                   "Actual Loops": 1,                                                                          
                                   "Hash Buckets": 1024,                                                                       
                                   "Original Hash Buckets": 1024,                                                              
                                   "Hash Batches": 1,                                                                          
                                   "Original Hash Batches": 1,                                                                 
                                   "Peak Memory Usage": 9,                                                                     
                                   "Shared Hit Blocks": 0,                                                                     
                                   "Shared Read Blocks": 1,                                                                    
                                   "Shared Dirtied Blocks": 0,                                                                 
                                   "Shared Written Blocks": 0,                                                                 
                                   "Local Hit Blocks": 0,                                                                      
                                   "Local Read Blocks": 0,                                                                     
                                   "Local Dirtied Blocks": 0,                                                                  
                                   "Local Written Blocks": 0,                                                                  
                                   "Temp Read Blocks": 0,                                                                      
                                   "Temp Written Blocks": 0,                                                                   
                                   "Plans": [                                                                                  
                                     {                                                                                         
                                       "Node Type": "Seq Scan",                                                                
                                       "Parent Relationship": "Outer",                                                         
                                       "Parallel Aware": false,                                                                
                                       "Relation Name": "comp_cast_type",                                                      
                                       "Alias": "cct",                                                                        
                                       "Startup Cost": 0.00,                                                                   
                                       "Total Cost": 0.03,                                                                     
                                       "Plan Rows": 1,                                                                         
                                       "Plan Width": 4,                                                                        
                                       "Actual Startup Time": 7.215,                                                           
                                       "Actual Total Time": 7.216,                                                             
                                       "Actual Rows": 1,                                                                       
                                       "Actual Loops": 1,                                                                      
                                       "Filter": "((kind)::text = 'completeverified'::text)",                                 
                                       "Rows Removed by Filter": 3,                                                            
                                       "Shared Hit Blocks": 0,                                                                 
                                       "Shared Read Blocks": 1,                                                                
                                       "Shared Dirtied Blocks": 0,                                                             
                                       "Shared Written Blocks": 0,                                                             
                                       "Local Hit Blocks": 0,                                                                  
                                       "Local Read Blocks": 0,                                                                 
                                       "Local Dirtied Blocks": 0,                                                              
                                       "Local Written Blocks": 0,                                                              
                                       "Temp Read Blocks": 0,                                                                  
                                       "Temp Written Blocks": 0                                                                
                                     }                                                                                         
                                   ]                                                                                           
                                 }                                                                                             
                               ]                                                                                               
                             }                                                                                                 
                           ]                                                                                                   
                         }                                                                                                     
                       ]                                                                                                       
                     }                                                                                                         
                   ]                                                                                                           
                 }                                                                                                             
               ]                                                                                                               
             },                                                                                                                
             {                                                                                                                 
               "Node Type": "Hash",                                                                                            
               "Parent Relationship": "Inner",                                                                                 
               "Parallel Aware": false,                                                                                        
               "Startup Cost": 0.03,                                                                                           
               "Total Cost": 0.03,                                                                                             
               "Plan Rows": 4,                                                                                                 
               "Plan Width": 4,                                                                                                
               "Actual Startup Time": 14.485,                                                                                  
               "Actual Total Time": 14.485,                                                                                    
               "Actual Rows": 4,                                                                                               
               "Actual Loops": 1,                                                                                              
               "Hash Buckets": 1024,                                                                                           
               "Original Hash Buckets": 1024,                                                                                  
               "Hash Batches": 1,                                                                                              
               "Original Hash Batches": 1,                                                                                     
               "Peak Memory Usage": 9,                                                                                         
               "Shared Hit Blocks": 0,                                                                                         
               "Shared Read Blocks": 1,                                                                                        
               "Shared Dirtied Blocks": 0,                                                                                     
               "Shared Written Blocks": 0,                                                                                     
               "Local Hit Blocks": 0,                                                                                          
               "Local Read Blocks": 0,                                                                                         
               "Local Dirtied Blocks": 0,                                                                                      
               "Local Written Blocks": 0,                                                                                      
               "Temp Read Blocks": 0,                                                                                          
               "Temp Written Blocks": 0,                                                                                       
               "Plans": [                                                                                                      
                 {                                                                                                             
                   "Node Type": "Seq Scan",                                                                                    
                   "Parent Relationship": "Outer",                                                                             
                   "Parallel Aware": false,                                                                                    
                   "Relation Name": "company_type",                                                                            
                   "Alias": "ct",                                                                                              
                   "Startup Cost": 0.00,                                                                                       
                   "Total Cost": 0.03,                                                                                         
                   "Plan Rows": 4,                                                                                             
                   "Plan Width": 4,                                                                                            
                   "Actual Startup Time": 14.458,                                                                              
                   "Actual Total Time": 14.463,                                                                                
                   "Actual Rows": 4,                                                                                           
                   "Actual Loops": 1,                                                                                          
                   "Shared Hit Blocks": 0,                                                                                     
                   "Shared Read Blocks": 1,                                                                                    
                   "Shared Dirtied Blocks": 0,                                                                                 
                   "Shared Written Blocks": 0,                                                                                 
                   "Local Hit Blocks": 0,                                                                                      
                   "Local Read Blocks": 0,                                                                                     
                   "Local Dirtied Blocks": 0,                                                                                  
                   "Local Written Blocks": 0,                                                                                  
                   "Temp Read Blocks": 0,                                                                                      
                   "Temp Written Blocks": 0                                                                                    
                 }                                                                                                             
               ]                                                                                                               
             }                                                                                                                 
           ]                                                                                                                   
         }                                                                                                                     
       ]                                                                                                                       
     },                                                                                                                        
     "Planning Time": 8754.892,                                                                                                
     "Triggers": [                                                                                                             
     ],                                                                                                                        
     "Execution Time": 12736.595                                                                                               
   }                                                                                                                           
 ]
