 [                                                                                                                                                              
   {                                                                                                                                                            
     "Plan": {                                                                                                                                                  
       "Node Type": "Aggregate",                                                                                                                                
       "Strategy": "Plain",                                                                                                                                     
       "Partial Mode": "Simple",                                                                                                                                
       "Parallel Aware": false,                                                                                                                                 
       "Startup Cost": 14223.93,                                                                                                                                
       "Total Cost": 14223.93,                                                                                                                                  
       "Plan Rows": 1,                                                                                                                                          
       "Plan Width": 64,                                                                                                                                        
       "Actual Startup Time": 13756.374,                                                                                                                        
       "Actual Total Time": 13756.374,                                                                                                                          
       "Actual Rows": 1,                                                                                                                                        
       "Actual Loops": 1,                                                                                                                                       
       "Shared Hit Blocks": 3,                                                                                                                                  
       "Shared Read Blocks": 245811,                                                                                                                            
       "Shared Dirtied Blocks": 0,                                                                                                                              
       "Shared Written Blocks": 0,                                                                                                                              
       "Local Hit Blocks": 0,                                                                                                                                   
       "Local Read Blocks": 0,                                                                                                                                  
       "Local Dirtied Blocks": 0,                                                                                                                               
       "Local Written Blocks": 0,                                                                                                                               
       "Temp Read Blocks": 0,                                                                                                                                   
       "Temp Written Blocks": 0,                                                                                                                                
       "Plans": [                                                                                                                                               
         {                                                                                                                                                      
           "Node Type": "Hash Join",                                                                                                                            
           "Parent Relationship": "Outer",                                                                                                                      
           "Parallel Aware": false,                                                                                                                             
           "Join Type": "Inner",                                                                                                                                
           "Startup Cost": 4664.54,                                                                                                                             
           "Total Cost": 14223.93,                                                                                                                              
           "Plan Rows": 5,                                                                                                                                      
           "Plan Width": 27,                                                                                                                                    
           "Actual Startup Time": 7490.578,                                                                                                                     
           "Actual Total Time": 13756.134,                                                                                                                      
           "Actual Rows": 628,                                                                                                                                  
           "Actual Loops": 1,                                                                                                                                   
           "Inner Unique": true,                                                                                                                                
           "Hash Cond": "(mk.keyword_id = k.id)",                                                                                                               
           "Shared Hit Blocks": 3,                                                                                                                              
           "Shared Read Blocks": 245811,                                                                                                                        
           "Shared Dirtied Blocks": 0,                                                                                                                          
           "Shared Written Blocks": 0,                                                                                                                          
           "Local Hit Blocks": 0,                                                                                                                               
           "Local Read Blocks": 0,                                                                                                                              
           "Local Dirtied Blocks": 0,                                                                                                                           
           "Local Written Blocks": 0,                                                                                                                           
           "Temp Read Blocks": 0,                                                                                                                               
           "Temp Written Blocks": 0,                                                                                                                            
           "Plans": [                                                                                                                                           
             {                                                                                                                                                  
               "Node Type": "Hash Join",                                                                                                                        
               "Parent Relationship": "Outer",                                                                                                                  
               "Parallel Aware": false,                                                                                                                         
               "Join Type": "Inner",                                                                                                                            
               "Startup Cost": 4605.80,                                                                                                                         
               "Total Cost": 14165.19,                                                                                                                          
               "Plan Rows": 5,                                                                                                                                  
               "Plan Width": 31,                                                                                                                                
               "Actual Startup Time": 7397.113,                                                                                                                 
               "Actual Total Time": 13662.393,                                                                                                                  
               "Actual Rows": 628,                                                                                                                              
               "Actual Loops": 1,                                                                                                                               
               "Inner Unique": true,                                                                                                                            
               "Hash Cond": "(mc.company_type_id = ct.id)",                                                                                                     
               "Shared Hit Blocks": 0,                                                                                                                          
               "Shared Read Blocks": 244862,                                                                                                                    
               "Shared Dirtied Blocks": 0,                                                                                                                      
               "Shared Written Blocks": 0,                                                                                                                      
               "Local Hit Blocks": 0,                                                                                                                           
               "Local Read Blocks": 0,                                                                                                                          
               "Local Dirtied Blocks": 0,                                                                                                                       
               "Local Written Blocks": 0,                                                                                                                       
               "Temp Read Blocks": 0,                                                                                                                           
               "Temp Written Blocks": 0,                                                                                                                        
               "Plans": [                                                                                                                                       
                 {                                                                                                                                              
                   "Node Type": "Hash Join",                                                                                                                    
                   "Parent Relationship": "Outer",                                                                                                              
                   "Parallel Aware": false,                                                                                                                     
                   "Join Type": "Inner",                                                                                                                        
                   "Startup Cost": 4605.77,                                                                                                                     
                   "Total Cost": 14165.16,                                                                                                                      
                   "Plan Rows": 5,                                                                                                                              
                   "Plan Width": 35,                                                                                                                            
                   "Actual Startup Time": 7388.820,                                                                                                             
                   "Actual Total Time": 13653.888,                                                                                                              
                   "Actual Rows": 628,                                                                                                                          
                   "Actual Loops": 1,                                                                                                                           
                   "Inner Unique": false,                                                                                                                       
                   "Hash Cond": "(mi.movie_id = t.id)",                                                                                                         
                   "Shared Hit Blocks": 0,                                                                                                                      
                   "Shared Read Blocks": 244861,                                                                                                                
                   "Shared Dirtied Blocks": 0,                                                                                                                  
                   "Shared Written Blocks": 0,                                                                                                                  
                   "Local Hit Blocks": 0,                                                                                                                       
                   "Local Read Blocks": 0,                                                                                                                      
                   "Local Dirtied Blocks": 0,                                                                                                                   
                   "Local Written Blocks": 0,                                                                                                                   
                   "Temp Read Blocks": 0,                                                                                                                       
                   "Temp Written Blocks": 0,                                                                                                                    
                   "Plans": [                                                                                                                                   
                     {                                                                                                                                          
                       "Node Type": "Hash Join",                                                                                                                
                       "Parent Relationship": "Outer",                                                                                                          
                       "Parallel Aware": false,                                                                                                                 
                       "Join Type": "Inner",                                                                                                                    
                       "Startup Cost": 0.05,                                                                                                                    
                       "Total Cost": 9559.43,                                                                                                                   
                       "Plan Rows": 3,                                                                                                                          
                       "Plan Width": 4,                                                                                                                         
                       "Actual Startup Time": 1544.422,                                                                                                         
                       "Actual Total Time": 8578.166,                                                                                                           
                       "Actual Rows": 1783,                                                                                                                     
                       "Actual Loops": 1,                                                                                                                       
                       "Inner Unique": true,                                                                                                                    
                       "Hash Cond": "(mi.info_type_id = it.id)",                                                                                               
                       "Shared Hit Blocks": 0,                                                                                                                  
                       "Shared Read Blocks": 161893,                                                                                                            
                       "Shared Dirtied Blocks": 0,                                                                                                              
                       "Shared Written Blocks": 0,                                                                                                              
                       "Local Hit Blocks": 0,                                                                                                                   
                       "Local Read Blocks": 0,                                                                                                                  
                       "Local Dirtied Blocks": 0,                                                                                                               
                       "Local Written Blocks": 0,                                                                                                               
                       "Temp Read Blocks": 0,                                                                                                                   
                       "Temp Written Blocks": 0,                                                                                                                
                       "Plans": [                                                                                                                               
                         {                                                                                                                                      
                           "Node Type": "Seq Scan",                                                                                                             
                           "Parent Relationship": "Outer",                                                                                                      
                           "Parallel Aware": false,                                                                                                             
                           "Relation Name": "movie_info",                                                                                                       
                           "Alias": "mi",                                                                                                                       
                           "Startup Cost": 0.00,                                                                                                                
                           "Total Cost": 9559.36,                                                                                                               
                           "Plan Rows": 328,                                                                                                                    
                           "Plan Width": 8,                                                                                                                     
                           "Actual Startup Time": 1523.970,                                                                                                     
                           "Actual Total Time": 8556.392,                                                                                                       
                           "Actual Rows": 1783,                                                                                                                 
                           "Actual Loops": 1,                                                                                                                   
                           "Filter": "((info IS NOT NULL) AND (note ~~ '%internet%'::text) AND ((info ~~ 'USA:% 199%'::text) OR (info ~~ 'USA:% 200%'::text)))",
                           "Rows Removed by Filter": 14833937,                                                                                                  
                           "Shared Hit Blocks": 0,                                                                                                              
                           "Shared Read Blocks": 161892,                                                                                                        
                           "Shared Dirtied Blocks": 0,                                                                                                          
                           "Shared Written Blocks": 0,                                                                                                          
                           "Local Hit Blocks": 0,                                                                                                               
                           "Local Read Blocks": 0,                                                                                                              
                           "Local Dirtied Blocks": 0,                                                                                                           
                           "Local Written Blocks": 0,                                                                                                           
                           "Temp Read Blocks": 0,                                                                                                               
                           "Temp Written Blocks": 0                                                                                                             
                         },                                                                                                                                     
                         {                                                                                                                                      
                           "Node Type": "Hash",                                                                                                                 
                           "Parent Relationship": "Inner",                                                                                                      
                           "Parallel Aware": false,                                                                                                             
                           "Startup Cost": 0.05,                                                                                                                
                           "Total Cost": 0.05,                                                                                                                  
                           "Plan Rows": 1,                                                                                                                      
                           "Plan Width": 4,                                                                                                                     
                           "Actual Startup Time": 20.418,                                                                                                       
                           "Actual Total Time": 20.419,                                                                                                         
                           "Actual Rows": 1,                                                                                                                    
                           "Actual Loops": 1,                                                                                                                   
                           "Hash Buckets": 1024,                                                                                                                
                           "Original Hash Buckets": 1024,                                                                                                       
                           "Hash Batches": 1,                                                                                                                   
                           "Original Hash Batches": 1,                                                                                                          
                           "Peak Memory Usage": 9,                                                                                                              
                           "Shared Hit Blocks": 0,                                                                                                              
                           "Shared Read Blocks": 1,                                                                                                             
                           "Shared Dirtied Blocks": 0,                                                                                                          
                           "Shared Written Blocks": 0,                                                                                                          
                           "Local Hit Blocks": 0,                                                                                                               
                           "Local Read Blocks": 0,                                                                                                              
                           "Local Dirtied Blocks": 0,                                                                                                           
                           "Local Written Blocks": 0,                                                                                                           
                           "Temp Read Blocks": 0,                                                                                                               
                           "Temp Written Blocks": 0,                                                                                                            
                           "Plans": [                                                                                                                           
                             {                                                                                                                                  
                               "Node Type": "Seq Scan",                                                                                                         
                               "Parent Relationship": "Outer",                                                                                                  
                               "Parallel Aware": false,                                                                                                         
                               "Relation Name": "info_type",                                                                                                    
                               "Alias": "it",                                                                                                                  
                               "Startup Cost": 0.00,                                                                                                            
                               "Total Cost": 0.05,                                                                                                              
                               "Plan Rows": 1,                                                                                                                  
                               "Plan Width": 4,                                                                                                                 
                               "Actual Startup Time": 20.369,                                                                                                   
                               "Actual Total Time": 20.403,                                                                                                     
                               "Actual Rows": 1,                                                                                                                
                               "Actual Loops": 1,                                                                                                               
                               "Filter": "((info)::text = 'release dates'::text)",                                                                              
                               "Rows Removed by Filter": 112,                                                                                                   
                               "Shared Hit Blocks": 0,                                                                                                          
                               "Shared Read Blocks": 1,                                                                                                         
                               "Shared Dirtied Blocks": 0,                                                                                                      
                               "Shared Written Blocks": 0,                                                                                                      
                               "Local Hit Blocks": 0,                                                                                                           
                               "Local Read Blocks": 0,                                                                                                          
                               "Local Dirtied Blocks": 0,                                                                                                       
                               "Local Written Blocks": 0,                                                                                                       
                               "Temp Read Blocks": 0,                                                                                                           
                               "Temp Written Blocks": 0                                                                                                         
                             }                                                                                                                                  
                           ]                                                                                                                                    
                         }                                                                                                                                      
                       ]                                                                                                                                        
                     },                                                                                                                                         
                     {                                                                                                                                          
                       "Node Type": "Hash",                                                                                                                     
                       "Parent Relationship": "Inner",                                                                                                          
                       "Parallel Aware": false,                                                                                                                 
                       "Startup Cost": 4589.41,                                                                                                                 
                       "Total Cost": 4589.41,                                                                                                                   
                       "Plan Rows": 111092,                                                                                                                     
                       "Plan Width": 51,                                                                                                                        
                       "Actual Startup Time": 5073.605,                                                                                                         
                       "Actual Total Time": 5073.605,                                                                                                           
                       "Actual Rows": 1877764,                                                                                                                  
                       "Actual Loops": 1,                                                                                                                       
                       "Hash Buckets": 2097152,                                                                                                                 
                       "Original Hash Buckets": 131072,                                                                                                         
                       "Hash Batches": 1,                                                                                                                       
                       "Original Hash Batches": 1,                                                                                                              
                       "Peak Memory Usage": 162025,                                                                                                             
                       "Shared Hit Blocks": 0,                                                                                                                  
                       "Shared Read Blocks": 82968,                                                                                                             
                       "Shared Dirtied Blocks": 0,                                                                                                              
                       "Shared Written Blocks": 0,                                                                                                              
                       "Local Hit Blocks": 0,                                                                                                                   
                       "Local Read Blocks": 0,                                                                                                                  
                       "Local Dirtied Blocks": 0,                                                                                                               
                       "Local Written Blocks": 0,                                                                                                               
                       "Temp Read Blocks": 0,                                                                                                                   
                       "Temp Written Blocks": 0,                                                                                                                
                       "Plans": [                                                                                                                               
                         {                                                                                                                                      
                           "Node Type": "Hash Join",                                                                                                            
                           "Parent Relationship": "Outer",                                                                                                      
                           "Parallel Aware": false,                                                                                                             
                           "Join Type": "Inner",                                                                                                                
                           "Startup Cost": 2981.30,                                                                                                             
                           "Total Cost": 4589.41,                                                                                                               
                           "Plan Rows": 111092,                                                                                                                 
                           "Plan Width": 51,                                                                                                                    
                           "Actual Startup Time": 3180.337,                                                                                                     
                           "Actual Total Time": 4482.271,                                                                                                       
                           "Actual Rows": 1877764,                                                                                                              
                           "Actual Loops": 1,                                                                                                                   
                           "Inner Unique": false,                                                                                                               
                           "Hash Cond": "(mk.movie_id = t.id)",                                                                                                 
                           "Shared Hit Blocks": 0,                                                                                                              
                           "Shared Read Blocks": 82968,                                                                                                         
                           "Shared Dirtied Blocks": 0,                                                                                                          
                           "Shared Written Blocks": 0,                                                                                                          
                           "Local Hit Blocks": 0,                                                                                                               
                           "Local Read Blocks": 0,                                                                                                              
                           "Local Dirtied Blocks": 0,                                                                                                           
                           "Local Written Blocks": 0,                                                                                                           
                           "Temp Read Blocks": 0,                                                                                                               
                           "Temp Written Blocks": 0,                                                                                                            
                           "Plans": [                                                                                                                           
                             {                                                                                                                                  
                               "Node Type": "Seq Scan",                                                                                                         
                               "Parent Relationship": "Outer",                                                                                                  
                               "Parallel Aware": false,                                                                                                         
                               "Relation Name": "movie_keyword",                                                                                                
                               "Alias": "mk",                                                                                                                   
                               "Startup Cost": 0.00,                                                                                                            
                               "Total Cost": 1079.84,                                                                                                           
                               "Plan Rows": 4523930,                                                                                                            
                               "Plan Width": 8,                                                                                                                 
                               "Actual Startup Time": 22.137,                                                                                                   
                               "Actual Total Time": 521.436,                                                                                                    
                               "Actual Rows": 4523930,                                                                                                          
                               "Actual Loops": 1,                                                                                                               
                               "Shared Hit Blocks": 0,                                                                                                          
                               "Shared Read Blocks": 24454,                                                                                                     
                               "Shared Dirtied Blocks": 0,                                                                                                      
                               "Shared Written Blocks": 0,                                                                                                      
                               "Local Hit Blocks": 0,                                                                                                           
                               "Local Read Blocks": 0,                                                                                                          
                               "Local Dirtied Blocks": 0,                                                                                                       
                               "Local Written Blocks": 0,                                                                                                       
                               "Temp Read Blocks": 0,                                                                                                           
                               "Temp Written Blocks": 0                                                                                                         
                             },                                                                                                                                 
                             {                                                                                                                                  
                               "Node Type": "Hash",                                                                                                             
                               "Parent Relationship": "Inner",                                                                                                  
                               "Parallel Aware": false,                                                                                                         
                               "Startup Cost": 2979.61,                                                                                                         
                               "Total Cost": 2979.61,                                                                                                           
                               "Plan Rows": 11478,                                                                                                              
                               "Plan Width": 43,                                                                                                                
                               "Actual Startup Time": 2931.204,                                                                                                 
                               "Actual Total Time": 2931.204,                                                                                                   
                               "Actual Rows": 21851,                                                                                                            
                               "Actual Loops": 1,                                                                                                               
                               "Hash Buckets": 32768,                                                                                                           
                               "Original Hash Buckets": 16384,                                                                                                  
                               "Hash Batches": 1,                                                                                                               
                               "Original Hash Batches": 1,                                                                                                      
                               "Peak Memory Usage": 1795,                                                                                                       
                               "Shared Hit Blocks": 0,                                                                                                          
                               "Shared Read Blocks": 58514,                                                                                                     
                               "Shared Dirtied Blocks": 0,                                                                                                      
                               "Shared Written Blocks": 0,                                                                                                      
                               "Local Hit Blocks": 0,                                                                                                           
                               "Local Read Blocks": 0,                                                                                                          
                               "Local Dirtied Blocks": 0,                                                                                                       
                               "Local Written Blocks": 0,                                                                                                       
                               "Temp Read Blocks": 0,                                                                                                           
                               "Temp Written Blocks": 0,                                                                                                        
                               "Plans": [                                                                                                                       
                                 {                                                                                                                              
                                   "Node Type": "Hash Join",                                                                                                    
                                   "Parent Relationship": "Outer",                                                                                              
                                   "Parallel Aware": false,                                                                                                     
                                   "Join Type": "Inner",                                                                                                        
                                   "Startup Cost": 1902.46,                                                                                                     
                                   "Total Cost": 2979.61,                                                                                                       
                                   "Plan Rows": 11478,                                                                                                          
                                   "Plan Width": 43,                                                                                                            
                                   "Actual Startup Time": 2207.318,                                                                                             
                                   "Actual Total Time": 2921.538,                                                                                               
                                   "Actual Rows": 21851,                                                                                                        
                                   "Actual Loops": 1,                                                                                                           
                                   "Inner Unique": true,                                                                                                        
                                   "Hash Cond": "(mc.company_id = cn.id)",                                                                                      
                                   "Shared Hit Blocks": 0,                                                                                                      
                                   "Shared Read Blocks": 58514,                                                                                                 
                                   "Shared Dirtied Blocks": 0,                                                                                                  
                                   "Shared Written Blocks": 0,                                                                                                  
                                   "Local Hit Blocks": 0,                                                                                                       
                                   "Local Read Blocks": 0,                                                                                                      
                                   "Local Dirtied Blocks": 0,                                                                                                   
                                   "Local Written Blocks": 0,                                                                                                   
                                   "Temp Read Blocks": 0,                                                                                                       
                                   "Temp Written Blocks": 0,                                                                                                    
                                   "Plans": [                                                                                                                   
                                     {                                                                                                                          
                                       "Node Type": "Hash Join",                                                                                                
                                       "Parent Relationship": "Outer",                                                                                          
                                       "Parallel Aware": false,                                                                                                 
                                       "Join Type": "Inner",                                                                                                    
                                       "Startup Cost": 1761.60,                                                                                                 
                                       "Total Cost": 2836.16,                                                                                                   
                                       "Plan Rows": 31793,                                                                                                      
                                       "Plan Width": 47,                                                                                                        
                                       "Actual Startup Time": 2058.431,                                                                                         
                                       "Actual Total Time": 2752.436,                                                                                           
                                       "Actual Rows": 72524,                                                                                                    
                                       "Actual Loops": 1,                                                                                                       
                                       "Inner Unique": false,                                                                                                   
                                       "Hash Cond": "(mc.movie_id = t.id)",                                                                                     
                                       "Shared Hit Blocks": 0,                                                                                                  
                                       "Shared Read Blocks": 55520,                                                                                             
                                       "Shared Dirtied Blocks": 0,                                                                                              
                                       "Shared Written Blocks": 0,                                                                                              
                                       "Local Hit Blocks": 0,                                                                                                   
                                       "Local Read Blocks": 0,                                                                                                  
                                       "Local Dirtied Blocks": 0,                                                                                               
                                       "Local Written Blocks": 0,                                                                                               
                                       "Temp Read Blocks": 0,                                                                                                   
                                       "Temp Written Blocks": 0,                                                                                                
                                       "Plans": [                                                                                                               
                                         {                                                                                                                      
                                           "Node Type": "Seq Scan",                                                                                             
                                           "Parent Relationship": "Outer",                                                                                      
                                           "Parallel Aware": false,                                                                                             
                                           "Relation Name": "movie_companies",                                                                                  
                                           "Alias": "mc",                                                                                                       
                                           "Startup Cost": 0.00,                                                                                                
                                           "Total Cost": 769.75,                                                                                                
                                           "Plan Rows": 2609129,                                                                                                
                                           "Plan Width": 12,                                                                                                    
                                           "Actual Startup Time": 1.402,                                                                                        
                                           "Actual Total Time": 431.397,                                                                                        
                                           "Actual Rows": 2609129,                                                                                              
                                           "Actual Loops": 1,                                                                                                   
                                           "Shared Hit Blocks": 0,                                                                                              
                                           "Shared Read Blocks": 18789,                                                                                         
                                           "Shared Dirtied Blocks": 0,                                                                                          
                                           "Shared Written Blocks": 0,                                                                                          
                                           "Local Hit Blocks": 0,                                                                                               
                                           "Local Read Blocks": 0,                                                                                              
                                           "Local Dirtied Blocks": 0,                                                                                           
                                           "Local Written Blocks": 0,                                                                                           
                                           "Temp Read Blocks": 0,                                                                                               
                                           "Temp Written Blocks": 0                                                                                             
                                         },                                                                                                                     
                                         {                                                                                                                      
                                           "Node Type": "Hash",                                                                                                 
                                           "Parent Relationship": "Inner",                                                                                      
                                           "Parallel Aware": false,                                                                                             
                                           "Startup Cost": 1759.64,                                                                                             
                                           "Total Cost": 1759.64,                                                                                               
                                           "Plan Rows": 13350,                                                                                                  
                                           "Plan Width": 35,                                                                                                    
                                           "Actual Startup Time": 1877.780,                                                                                     
                                           "Actual Total Time": 1877.781,                                                                                       
                                           "Actual Rows": 5053,                                                                                                 
                                           "Actual Loops": 1,                                                                                                   
                                           "Hash Buckets": 16384,                                                                                               
                                           "Original Hash Buckets": 16384,                                                                                      
                                           "Hash Batches": 1,                                                                                                   
                                           "Original Hash Batches": 1,                                                                                          
                                           "Peak Memory Usage": 448,                                                                                            
                                           "Shared Hit Blocks": 0,                                                                                              
                                           "Shared Read Blocks": 36731,                                                                                         
                                           "Shared Dirtied Blocks": 0,                                                                                          
                                           "Shared Written Blocks": 0,                                                                                          
                                           "Local Hit Blocks": 0,                                                                                               
                                           "Local Read Blocks": 0,                                                                                              
                                           "Local Dirtied Blocks": 0,                                                                                           
                                           "Local Written Blocks": 0,                                                                                           
                                           "Temp Read Blocks": 0,                                                                                               
                                           "Temp Written Blocks": 0,                                                                                            
                                           "Plans": [                                                                                                           
                                             {                                                                                                                  
                                               "Node Type": "Hash Join",                                                                                        
                                               "Parent Relationship": "Outer",                                                                                  
                                               "Parallel Aware": false,                                                                                         
                                               "Join Type": "Inner",                                                                                            
                                               "Startup Cost": 51.82,                                                                                           
                                               "Total Cost": 1759.64,                                                                                           
                                               "Plan Rows": 13350,                                                                                              
                                               "Plan Width": 35,                                                                                                
                                               "Actual Startup Time": 1153.291,                                                                                 
                                               "Actual Total Time": 1874.330,                                                                                   
                                               "Actual Rows": 5053,                                                                                             
                                               "Actual Loops": 1,                                                                                               
                                               "Inner Unique": true,                                                                                            
                                               "Hash Cond": "(t.kind_id = kt.id)",                                                                              
                                               "Shared Hit Blocks": 0,                                                                                          
                                               "Shared Read Blocks": 36731,                                                                                     
                                               "Shared Dirtied Blocks": 0,                                                                                      
                                               "Shared Written Blocks": 0,                                                                                      
                                               "Local Hit Blocks": 0,                                                                                           
                                               "Local Read Blocks": 0,                                                                                          
                                               "Local Dirtied Blocks": 0,                                                                                       
                                               "Local Written Blocks": 0,                                                                                       
                                               "Temp Read Blocks": 0,                                                                                           
                                               "Temp Written Blocks": 0,                                                                                        
                                               "Plans": [                                                                                                       
                                                 {                                                                                                              
                                                   "Node Type": "Hash Join",                                                                                    
                                                   "Parent Relationship": "Outer",                                                                              
                                                   "Parallel Aware": false,                                                                                     
                                                   "Join Type": "Inner",                                                                                        
                                                   "Startup Cost": 51.79,                                                                                       
                                                   "Total Cost": 1757.35,                                                                                       
                                                   "Plan Rows": 23363,                                                                                          
                                                   "Plan Width": 29,                                                                                            
                                                   "Actual Startup Time": 121.898,                                                                              
                                                   "Actual Total Time": 1846.133,                                                                               
                                                   "Actual Rows": 6424,                                                                                         
                                                   "Actual Loops": 1,                                                                                           
                                                   "Inner Unique": false,                                                                                       
                                                   "Hash Cond": "(t.id = cc.movie_id)",                                                                         
                                                   "Shared Hit Blocks": 0,                                                                                      
                                                   "Shared Read Blocks": 36730,                                                                                 
                                                   "Shared Dirtied Blocks": 0,                                                                                  
                                                   "Shared Written Blocks": 0,                                                                                  
                                                   "Local Hit Blocks": 0,                                                                                       
                                                   "Local Read Blocks": 0,                                                                                      
                                                   "Local Dirtied Blocks": 0,                                                                                   
                                                   "Local Written Blocks": 0,                                                                                   
                                                   "Temp Read Blocks": 0,                                                                                       
                                                   "Temp Written Blocks": 0,                                                                                    
                                                   "Plans": [                                                                                                   
                                                     {                                                                                                          
                                                       "Node Type": "Seq Scan",                                                                                 
                                                       "Parent Relationship": "Outer",                                                                          
                                                       "Parallel Aware": false,                                                                                 
                                                       "Relation Name": "title",                                                                                
                                                       "Alias": "t",                                                                                            
                                                       "Startup Cost": 0.00,                                                                                    
                                                       "Total Cost": 1500.26,                                                                                   
                                                       "Plan Rows": 1749033,                                                                                    
                                                       "Plan Width": 25,                                                                                        
                                                       "Actual Startup Time": 20.359,                                                                           
                                                       "Actual Total Time": 1313.048,                                                                           
                                                       "Actual Rows": 1749032,                                                                                  
                                                       "Actual Loops": 1,                                                                                       
                                                       "Filter": "(production_year > 1990)",                                                                    
                                                       "Rows Removed by Filter": 779280,                                                                        
                                                       "Shared Hit Blocks": 0,                                                                                  
                                                       "Shared Read Blocks": 35998,                                                                             
                                                       "Shared Dirtied Blocks": 0,                                                                              
                                                       "Shared Written Blocks": 0,                                                                              
                                                       "Local Hit Blocks": 0,                                                                                   
                                                       "Local Read Blocks": 0,                                                                                  
                                                       "Local Dirtied Blocks": 0,                                                                               
                                                       "Local Written Blocks": 0,                                                                               
                                                       "Temp Read Blocks": 0,                                                                                   
                                                       "Temp Written Blocks": 0                                                                                 
                                                     },                                                                                                         
                                                     {                                                                                                          
                                                       "Node Type": "Hash",                                                                                     
                                                       "Parent Relationship": "Inner",                                                                          
                                                       "Parallel Aware": false,                                                                                 
                                                       "Startup Cost": 46.83,                                                                                   
                                                       "Total Cost": 46.83,                                                                                     
                                                       "Plan Rows": 33772,                                                                                      
                                                       "Plan Width": 4,                                                                                         
                                                       "Actual Startup Time": 100.698,                                                                          
                                                       "Actual Total Time": 100.698,                                                                            
                                                       "Actual Rows": 24592,                                                                                    
                                                       "Actual Loops": 1,                                                                                       
                                                       "Hash Buckets": 65536,                                                                                   
                                                       "Original Hash Buckets": 65536,                                                                          
                                                       "Hash Batches": 1,                                                                                       
                                                       "Original Hash Batches": 1,                                                                              
                                                       "Peak Memory Usage": 1377,                                                                               
                                                       "Shared Hit Blocks": 0,                                                                                  
                                                       "Shared Read Blocks": 732,                                                                               
                                                       "Shared Dirtied Blocks": 0,                                                                              
                                                       "Shared Written Blocks": 0,                                                                              
                                                       "Local Hit Blocks": 0,                                                                                   
                                                       "Local Read Blocks": 0,                                                                                  
                                                       "Local Dirtied Blocks": 0,                                                                               
                                                       "Local Written Blocks": 0,                                                                               
                                                       "Temp Read Blocks": 0,                                                                                   
                                                       "Temp Written Blocks": 0,                                                                                
                                                       "Plans": [                                                                                               
                                                         {                                                                                                      
                                                           "Node Type": "Hash Join",                                                                            
                                                           "Parent Relationship": "Outer",                                                                      
                                                           "Parallel Aware": false,                                                                             
                                                           "Join Type": "Inner",                                                                                
                                                           "Startup Cost": 0.03,                                                                                
                                                           "Total Cost": 46.83,                                                                                 
                                                           "Plan Rows": 33772,                                                                                  
                                                           "Plan Width": 4,                                                                                     
                                                           "Actual Startup Time": 29.771,                                                                       
                                                           "Actual Total Time": 92.192,                                                                         
                                                           "Actual Rows": 24592,                                                                                
                                                           "Actual Loops": 1,                                                                                   
                                                           "Inner Unique": true,                                                                                
                                                           "Hash Cond": "(cc.status_id = cct.id)",                                                             
                                                           "Shared Hit Blocks": 0,                                                                              
                                                           "Shared Read Blocks": 732,                                                                           
                                                           "Shared Dirtied Blocks": 0,                                                                          
                                                           "Shared Written Blocks": 0,                                                                          
                                                           "Local Hit Blocks": 0,                                                                               
                                                           "Local Read Blocks": 0,                                                                              
                                                           "Local Dirtied Blocks": 0,                                                                           
                                                           "Local Written Blocks": 0,                                                                           
                                                           "Temp Read Blocks": 0,                                                                               
                                                           "Temp Written Blocks": 0,                                                                            
                                                           "Plans": [                                                                                           
                                                             {                                                                                                  
                                                               "Node Type": "Seq Scan",                                                                         
                                                               "Parent Relationship": "Outer",                                                                  
                                                               "Parallel Aware": false,                                                                         
                                                               "Relation Name": "complete_cast",                                                                
                                                               "Alias": "cc",                                                                                   
                                                               "Startup Cost": 0.00,                                                                            
                                                               "Total Cost": 32.27,                                                                             
                                                               "Plan Rows": 135086,                                                                             
                                                               "Plan Width": 8,                                                                                 
                                                               "Actual Startup Time": 22.486,                                                                   
                                                               "Actual Total Time": 49.583,                                                                     
                                                               "Actual Rows": 135086,                                                                           
                                                               "Actual Loops": 1,                                                                               
                                                               "Shared Hit Blocks": 0,                                                                          
                                                               "Shared Read Blocks": 731,                                                                       
                                                               "Shared Dirtied Blocks": 0,                                                                      
                                                               "Shared Written Blocks": 0,                                                                      
                                                               "Local Hit Blocks": 0,                                                                           
                                                               "Local Read Blocks": 0,                                                                          
                                                               "Local Dirtied Blocks": 0,                                                                       
                                                               "Local Written Blocks": 0,                                                                       
                                                               "Temp Read Blocks": 0,                                                                           
                                                               "Temp Written Blocks": 0                                                                         
                                                             },                                                                                                 
                                                             {                                                                                                  
                                                               "Node Type": "Hash",                                                                             
                                                               "Parent Relationship": "Inner",                                                                  
                                                               "Parallel Aware": false,                                                                         
                                                               "Startup Cost": 0.03,                                                                            
                                                               "Total Cost": 0.03,                                                                              
                                                               "Plan Rows": 1,                                                                                  
                                                               "Plan Width": 4,                                                                                 
                                                               "Actual Startup Time": 7.246,                                                                    
                                                               "Actual Total Time": 7.246,                                                                      
                                                               "Actual Rows": 1,                                                                                
                                                               "Actual Loops": 1,                                                                               
                                                               "Hash Buckets": 1024,                                                                            
                                                               "Original Hash Buckets": 1024,                                                                   
                                                               "Hash Batches": 1,                                                                               
                                                               "Original Hash Batches": 1,                                                                      
                                                               "Peak Memory Usage": 9,                                                                          
                                                               "Shared Hit Blocks": 0,                                                                          
                                                               "Shared Read Blocks": 1,                                                                         
                                                               "Shared Dirtied Blocks": 0,                                                                      
                                                               "Shared Written Blocks": 0,                                                                      
                                                               "Local Hit Blocks": 0,                                                                           
                                                               "Local Read Blocks": 0,                                                                          
                                                               "Local Dirtied Blocks": 0,                                                                       
                                                               "Local Written Blocks": 0,                                                                       
                                                               "Temp Read Blocks": 0,                                                                           
                                                               "Temp Written Blocks": 0,                                                                        
                                                               "Plans": [                                                                                       
                                                                 {                                                                                              
                                                                   "Node Type": "Seq Scan",                                                                     
                                                                   "Parent Relationship": "Outer",                                                              
                                                                   "Parallel Aware": false,                                                                     
                                                                   "Relation Name": "comp_cast_type",                                                           
                                                                   "Alias": "cct",                                                                             
                                                                   "Startup Cost": 0.00,                                                                        
                                                                   "Total Cost": 0.03,                                                                          
                                                                   "Plan Rows": 1,                                                                              
                                                                   "Plan Width": 4,                                                                             
                                                                   "Actual Startup Time": 7.232,                                                                
                                                                   "Actual Total Time": 7.234,                                                                  
                                                                   "Actual Rows": 1,                                                                            
                                                                   "Actual Loops": 1,                                                                           
                                                                   "Filter": "((kind)::text = 'completeverified'::text)",                                      
                                                                   "Rows Removed by Filter": 3,                                                                 
                                                                   "Shared Hit Blocks": 0,                                                                      
                                                                   "Shared Read Blocks": 1,                                                                     
                                                                   "Shared Dirtied Blocks": 0,                                                                  
                                                                   "Shared Written Blocks": 0,                                                                  
                                                                   "Local Hit Blocks": 0,                                                                       
                                                                   "Local Read Blocks": 0,                                                                      
                                                                   "Local Dirtied Blocks": 0,                                                                   
                                                                   "Local Written Blocks": 0,                                                                   
                                                                   "Temp Read Blocks": 0,                                                                       
                                                                   "Temp Written Blocks": 0                                                                     
                                                                 }                                                                                              
                                                               ]                                                                                                
                                                             }                                                                                                  
                                                           ]                                                                                                    
                                                         }                                                                                                      
                                                       ]                                                                                                        
                                                     }                                                                                                          
                                                   ]                                                                                                            
                                                 },                                                                                                             
                                                 {                                                                                                              
                                                   "Node Type": "Hash",                                                                                         
                                                   "Parent Relationship": "Inner",                                                                              
                                                   "Parallel Aware": false,                                                                                     
                                                   "Startup Cost": 0.03,                                                                                        
                                                   "Total Cost": 0.03,                                                                                          
                                                   "Plan Rows": 4,                                                                                              
                                                   "Plan Width": 14,                                                                                            
                                                   "Actual Startup Time": 24.753,                                                                               
                                                   "Actual Total Time": 24.753,                                                                                 
                                                   "Actual Rows": 4,                                                                                            
                                                   "Actual Loops": 1,                                                                                           
                                                   "Hash Buckets": 1024,                                                                                        
                                                   "Original Hash Buckets": 1024,                                                                               
                                                   "Hash Batches": 1,                                                                                           
                                                   "Original Hash Batches": 1,                                                                                  
                                                   "Peak Memory Usage": 9,                                                                                      
                                                   "Shared Hit Blocks": 0,                                                                                      
                                                   "Shared Read Blocks": 1,                                                                                     
                                                   "Shared Dirtied Blocks": 0,                                                                                  
                                                   "Shared Written Blocks": 0,                                                                                  
                                                   "Local Hit Blocks": 0,                                                                                       
                                                   "Local Read Blocks": 0,                                                                                      
                                                   "Local Dirtied Blocks": 0,                                                                                   
                                                   "Local Written Blocks": 0,                                                                                   
                                                   "Temp Read Blocks": 0,                                                                                       
                                                   "Temp Written Blocks": 0,                                                                                    
                                                   "Plans": [                                                                                                   
                                                     {                                                                                                          
                                                       "Node Type": "Seq Scan",                                                                                 
                                                       "Parent Relationship": "Outer",                                                                          
                                                       "Parallel Aware": false,                                                                                 
                                                       "Relation Name": "kind_type",                                                                            
                                                       "Alias": "kt",                                                                                           
                                                       "Startup Cost": 0.00,                                                                                    
                                                       "Total Cost": 0.03,                                                                                      
                                                       "Plan Rows": 4,                                                                                          
                                                       "Plan Width": 14,                                                                                        
                                                       "Actual Startup Time": 24.728,                                                                           
                                                       "Actual Total Time": 24.737,                                                                             
                                                       "Actual Rows": 4,                                                                                        
                                                       "Actual Loops": 1,                                                                                       
                                                       "Filter": "((kind)::text = ANY ('{movie,\"tv movie\",\"video movie\",\"video game\"}'::text[]))",        
                                                       "Rows Removed by Filter": 3,                                                                             
                                                       "Shared Hit Blocks": 0,                                                                                  
                                                       "Shared Read Blocks": 1,                                                                                 
                                                       "Shared Dirtied Blocks": 0,                                                                              
                                                       "Shared Written Blocks": 0,                                                                              
                                                       "Local Hit Blocks": 0,                                                                                   
                                                       "Local Read Blocks": 0,                                                                                  
                                                       "Local Dirtied Blocks": 0,                                                                               
                                                       "Local Written Blocks": 0,                                                                               
                                                       "Temp Read Blocks": 0,                                                                                   
                                                       "Temp Written Blocks": 0                                                                                 
                                                     }                                                                                                          
                                                   ]                                                                                                            
                                                 }                                                                                                              
                                               ]                                                                                                                
                                             }                                                                                                                  
                                           ]                                                                                                                    
                                         }                                                                                                                      
                                       ]                                                                                                                        
                                     },                                                                                                                         
                                     {                                                                                                                          
                                       "Node Type": "Hash",                                                                                                     
                                       "Parent Relationship": "Inner",                                                                                          
                                       "Parallel Aware": false,                                                                                                 
                                       "Startup Cost": 128.41,                                                                                                  
                                       "Total Cost": 128.41,                                                                                                    
                                       "Plan Rows": 84843,                                                                                                      
                                       "Plan Width": 4,                                                                                                         
                                       "Actual Startup Time": 147.746,                                                                                          
                                       "Actual Total Time": 147.746,                                                                                            
                                       "Actual Rows": 84843,                                                                                                    
                                       "Actual Loops": 1,                                                                                                       
                                       "Hash Buckets": 131072,                                                                                                  
                                       "Original Hash Buckets": 131072,                                                                                         
                                       "Hash Batches": 1,                                                                                                       
                                       "Original Hash Batches": 1,                                                                                              
                                       "Peak Memory Usage": 4007,                                                                                               
                                       "Shared Hit Blocks": 0,                                                                                                  
                                       "Shared Read Blocks": 2994,                                                                                              
                                       "Shared Dirtied Blocks": 0,                                                                                              
                                       "Shared Written Blocks": 0,                                                                                              
                                       "Local Hit Blocks": 0,                                                                                                   
                                       "Local Read Blocks": 0,                                                                                                  
                                       "Local Dirtied Blocks": 0,                                                                                               
                                       "Local Written Blocks": 0,                                                                                               
                                       "Temp Read Blocks": 0,                                                                                                   
                                       "Temp Written Blocks": 0,                                                                                                
                                       "Plans": [                                                                                                               
                                         {                                                                                                                      
                                           "Node Type": "Seq Scan",                                                                                             
                                           "Parent Relationship": "Outer",                                                                                      
                                           "Parallel Aware": false,                                                                                             
                                           "Relation Name": "company_name",                                                                                     
                                           "Alias": "cn",                                                                                                       
                                           "Startup Cost": 0.00,                                                                                                
                                           "Total Cost": 128.41,                                                                                                
                                           "Plan Rows": 84843,                                                                                                  
                                           "Plan Width": 4,                                                                                                     
                                           "Actual Startup Time": 10.840,                                                                                       
                                           "Actual Total Time": 115.953,                                                                                        
                                           "Actual Rows": 84843,                                                                                                
                                           "Actual Loops": 1,                                                                                                   
                                           "Filter": "((country_code)::text = '[us]'::text)",                                                                   
                                           "Rows Removed by Filter": 150154,                                                                                    
                                           "Shared Hit Blocks": 0,                                                                                              
                                           "Shared Read Blocks": 2994,                                                                                          
                                           "Shared Dirtied Blocks": 0,                                                                                          
                                           "Shared Written Blocks": 0,                                                                                          
                                           "Local Hit Blocks": 0,                                                                                               
                                           "Local Read Blocks": 0,                                                                                              
                                           "Local Dirtied Blocks": 0,                                                                                           
                                           "Local Written Blocks": 0,                                                                                           
                                           "Temp Read Blocks": 0,                                                                                               
                                           "Temp Written Blocks": 0                                                                                             
                                         }                                                                                                                      
                                       ]                                                                                                                        
                                     }                                                                                                                          
                                   ]                                                                                                                            
                                 }                                                                                                                              
                               ]                                                                                                                                
                             }                                                                                                                                  
                           ]                                                                                                                                    
                         }                                                                                                                                      
                       ]                                                                                                                                        
                     }                                                                                                                                          
                   ]                                                                                                                                            
                 },                                                                                                                                             
                 {                                                                                                                                              
                   "Node Type": "Hash",                                                                                                                         
                   "Parent Relationship": "Inner",                                                                                                              
                   "Parallel Aware": false,                                                                                                                     
                   "Startup Cost": 0.03,                                                                                                                        
                   "Total Cost": 0.03,                                                                                                                          
                   "Plan Rows": 4,                                                                                                                              
                   "Plan Width": 4,                                                                                                                             
                   "Actual Startup Time": 8.271,                                                                                                                
                   "Actual Total Time": 8.271,                                                                                                                  
                   "Actual Rows": 4,                                                                                                                            
                   "Actual Loops": 1,                                                                                                                           
                   "Hash Buckets": 1024,                                                                                                                        
                   "Original Hash Buckets": 1024,                                                                                                               
                   "Hash Batches": 1,                                                                                                                           
                   "Original Hash Batches": 1,                                                                                                                  
                   "Peak Memory Usage": 9,                                                                                                                      
                   "Shared Hit Blocks": 0,                                                                                                                      
                   "Shared Read Blocks": 1,                                                                                                                     
                   "Shared Dirtied Blocks": 0,                                                                                                                  
                   "Shared Written Blocks": 0,                                                                                                                  
                   "Local Hit Blocks": 0,                                                                                                                       
                   "Local Read Blocks": 0,                                                                                                                      
                   "Local Dirtied Blocks": 0,                                                                                                                   
                   "Local Written Blocks": 0,                                                                                                                   
                   "Temp Read Blocks": 0,                                                                                                                       
                   "Temp Written Blocks": 0,                                                                                                                    
                   "Plans": [                                                                                                                                   
                     {                                                                                                                                          
                       "Node Type": "Seq Scan",                                                                                                                 
                       "Parent Relationship": "Outer",                                                                                                          
                       "Parallel Aware": false,                                                                                                                 
                       "Relation Name": "company_type",                                                                                                         
                       "Alias": "ct",                                                                                                                           
                       "Startup Cost": 0.00,                                                                                                                    
                       "Total Cost": 0.03,                                                                                                                      
                       "Plan Rows": 4,                                                                                                                          
                       "Plan Width": 4,                                                                                                                         
                       "Actual Startup Time": 8.246,                                                                                                            
                       "Actual Total Time": 8.250,                                                                                                              
                       "Actual Rows": 4,                                                                                                                        
                       "Actual Loops": 1,                                                                                                                       
                       "Shared Hit Blocks": 0,                                                                                                                  
                       "Shared Read Blocks": 1,                                                                                                                 
                       "Shared Dirtied Blocks": 0,                                                                                                              
                       "Shared Written Blocks": 0,                                                                                                              
                       "Local Hit Blocks": 0,                                                                                                                   
                       "Local Read Blocks": 0,                                                                                                                  
                       "Local Dirtied Blocks": 0,                                                                                                               
                       "Local Written Blocks": 0,                                                                                                               
                       "Temp Read Blocks": 0,                                                                                                                   
                       "Temp Written Blocks": 0                                                                                                                 
                     }                                                                                                                                          
                   ]                                                                                                                                            
                 }                                                                                                                                              
               ]                                                                                                                                                
             },                                                                                                                                                 
             {                                                                                                                                                  
               "Node Type": "Hash",                                                                                                                             
               "Parent Relationship": "Inner",                                                                                                                  
               "Parallel Aware": false,                                                                                                                         
               "Startup Cost": 39.04,                                                                                                                           
               "Total Cost": 39.04,                                                                                                                             
               "Plan Rows": 134170,                                                                                                                             
               "Plan Width": 4,                                                                                                                                 
               "Actual Startup Time": 92.804,                                                                                                                   
               "Actual Total Time": 92.804,                                                                                                                     
               "Actual Rows": 134170,                                                                                                                           
               "Actual Loops": 1,                                                                                                                               
               "Hash Buckets": 262144,                                                                                                                          
               "Original Hash Buckets": 262144,                                                                                                                 
               "Hash Batches": 1,                                                                                                                               
               "Original Hash Batches": 1,                                                                                                                      
               "Peak Memory Usage": 6765,                                                                                                                       
               "Shared Hit Blocks": 0,                                                                                                                          
               "Shared Read Blocks": 949,                                                                                                                       
               "Shared Dirtied Blocks": 0,                                                                                                                      
               "Shared Written Blocks": 0,                                                                                                                      
               "Local Hit Blocks": 0,                                                                                                                           
               "Local Read Blocks": 0,                                                                                                                          
               "Local Dirtied Blocks": 0,                                                                                                                       
               "Local Written Blocks": 0,                                                                                                                       
               "Temp Read Blocks": 0,                                                                                                                           
               "Temp Written Blocks": 0,                                                                                                                        
               "Plans": [                                                                                                                                       
                 {                                                                                                                                              
                   "Node Type": "Seq Scan",                                                                                                                     
                   "Parent Relationship": "Outer",                                                                                                              
                   "Parallel Aware": false,                                                                                                                     
                   "Relation Name": "keyword",                                                                                                                  
                   "Alias": "k",                                                                                                                                
                   "Startup Cost": 0.00,                                                                                                                        
                   "Total Cost": 39.04,                                                                                                                         
                   "Plan Rows": 134170,                                                                                                                         
                   "Plan Width": 4,                                                                                                                             
                   "Actual Startup Time": 20.652,                                                                                                               
                   "Actual Total Time": 54.084,                                                                                                                 
                   "Actual Rows": 134170,                                                                                                                       
                   "Actual Loops": 1,                                                                                                                           
                   "Shared Hit Blocks": 0,                                                                                                                      
                   "Shared Read Blocks": 949,                                                                                                                   
                   "Shared Dirtied Blocks": 0,                                                                                                                  
                   "Shared Written Blocks": 0,                                                                                                                  
                   "Local Hit Blocks": 0,                                                                                                                       
                   "Local Read Blocks": 0,                                                                                                                      
                   "Local Dirtied Blocks": 0,                                                                                                                   
                   "Local Written Blocks": 0,                                                                                                                   
                   "Temp Read Blocks": 0,                                                                                                                       
                   "Temp Written Blocks": 0                                                                                                                     
                 }                                                                                                                                              
               ]                                                                                                                                                
             }                                                                                                                                                  
           ]                                                                                                                                                    
         }                                                                                                                                                      
       ]                                                                                                                                                        
     },                                                                                                                                                         
     "Planning Time": 8659.314,                                                                                                                                 
     "Triggers": [                                                                                                                                              
     ],                                                                                                                                                         
     "Execution Time": 13759.574                                                                                                                                
   }                                                                                                                                                            
 ]
