 [                                                                                                                                                                        
   {                                                                                                                                                                      
     "Plan": {                                                                                                                                                            
       "Node Type": "Aggregate",                                                                                                                                          
       "Strategy": "Plain",                                                                                                                                               
       "Partial Mode": "Simple",                                                                                                                                          
       "Parallel Aware": false,                                                                                                                                           
       "Startup Cost": 33876.63,                                                                                                                                          
       "Total Cost": 33876.63,                                                                                                                                            
       "Plan Rows": 1,                                                                                                                                                    
       "Plan Width": 96,                                                                                                                                                  
       "Actual Startup Time": 30880.930,                                                                                                                                  
       "Actual Total Time": 30880.931,                                                                                                                                    
       "Actual Rows": 1,                                                                                                                                                  
       "Actual Loops": 1,                                                                                                                                                 
       "Shared Hit Blocks": 6673,                                                                                                                                         
       "Shared Read Blocks": 601608,                                                                                                                                      
       "Shared Dirtied Blocks": 0,                                                                                                                                        
       "Shared Written Blocks": 0,                                                                                                                                        
       "Local Hit Blocks": 0,                                                                                                                                             
       "Local Read Blocks": 0,                                                                                                                                            
       "Local Dirtied Blocks": 0,                                                                                                                                         
       "Local Written Blocks": 0,                                                                                                                                         
       "Temp Read Blocks": 0,                                                                                                                                             
       "Temp Written Blocks": 0,                                                                                                                                          
       "Plans": [                                                                                                                                                         
         {                                                                                                                                                                
           "Node Type": "Hash Join",                                                                                                                                      
           "Parent Relationship": "Outer",                                                                                                                                
           "Parallel Aware": false,                                                                                                                                       
           "Join Type": "Inner",                                                                                                                                          
           "Startup Cost": 17716.70,                                                                                                                                      
           "Total Cost": 33876.63,                                                                                                                                        
           "Plan Rows": 1,                                                                                                                                                
           "Plan Width": 48,                                                                                                                                              
           "Actual Startup Time": 22914.397,                                                                                                                              
           "Actual Total Time": 30880.710,                                                                                                                                
           "Actual Rows": 275,                                                                                                                                            
           "Actual Loops": 1,                                                                                                                                             
           "Inner Unique": true,                                                                                                                                          
           "Hash Cond": "(ci.person_role_id = chn.id)",                                                                                                                   
           "Shared Hit Blocks": 6673,                                                                                                                                     
           "Shared Read Blocks": 601608,                                                                                                                                  
           "Shared Dirtied Blocks": 0,                                                                                                                                    
           "Shared Written Blocks": 0,                                                                                                                                    
           "Local Hit Blocks": 0,                                                                                                                                         
           "Local Read Blocks": 0,                                                                                                                                        
           "Local Dirtied Blocks": 0,                                                                                                                                     
           "Local Written Blocks": 0,                                                                                                                                     
           "Temp Read Blocks": 0,                                                                                                                                         
           "Temp Written Blocks": 0,                                                                                                                                      
           "Plans": [                                                                                                                                                     
             {                                                                                                                                                            
               "Node Type": "Hash Join",                                                                                                                                  
               "Parent Relationship": "Outer",                                                                                                                            
               "Parallel Aware": false,                                                                                                                                   
               "Join Type": "Inner",                                                                                                                                      
               "Startup Cost": 15895.40,                                                                                                                                  
               "Total Cost": 32055.33,                                                                                                                                    
               "Plan Rows": 1,                                                                                                                                            
               "Plan Width": 36,                                                                                                                                          
               "Actual Startup Time": 21153.180,                                                                                                                          
               "Actual Total Time": 29119.385,                                                                                                                            
               "Actual Rows": 277,                                                                                                                                        
               "Actual Loops": 1,                                                                                                                                         
               "Inner Unique": true,                                                                                                                                      
               "Hash Cond": "(mi.info_type_id = it.id)",                                                                                                                  
               "Shared Hit Blocks": 6670,                                                                                                                                 
               "Shared Read Blocks": 565161,                                                                                                                              
               "Shared Dirtied Blocks": 0,                                                                                                                                
               "Shared Written Blocks": 0,                                                                                                                                
               "Local Hit Blocks": 0,                                                                                                                                     
               "Local Read Blocks": 0,                                                                                                                                    
               "Local Dirtied Blocks": 0,                                                                                                                                 
               "Local Written Blocks": 0,                                                                                                                                 
               "Temp Read Blocks": 0,                                                                                                                                     
               "Temp Written Blocks": 0,                                                                                                                                  
               "Plans": [                                                                                                                                                 
                 {                                                                                                                                                        
                   "Node Type": "Hash Join",                                                                                                                              
                   "Parent Relationship": "Outer",                                                                                                                        
                   "Parallel Aware": false,                                                                                                                               
                   "Join Type": "Inner",                                                                                                                                  
                   "Startup Cost": 15895.35,                                                                                                                              
                   "Total Cost": 32055.28,                                                                                                                                
                   "Plan Rows": 1,                                                                                                                                        
                   "Plan Width": 40,                                                                                                                                      
                   "Actual Startup Time": 21128.837,                                                                                                                      
                   "Actual Total Time": 29094.946,                                                                                                                        
                   "Actual Rows": 277,                                                                                                                                    
                   "Actual Loops": 1,                                                                                                                                     
                   "Inner Unique": false,                                                                                                                                 
                   "Hash Cond": "(t.id = mi.movie_id)",                                                                                                                   
                   "Shared Hit Blocks": 6670,                                                                                                                             
                   "Shared Read Blocks": 565160,                                                                                                                          
                   "Shared Dirtied Blocks": 0,                                                                                                                            
                   "Shared Written Blocks": 0,                                                                                                                            
                   "Local Hit Blocks": 0,                                                                                                                                 
                   "Local Read Blocks": 0,                                                                                                                                
                   "Local Dirtied Blocks": 0,                                                                                                                             
                   "Local Written Blocks": 0,                                                                                                                             
                   "Temp Read Blocks": 0,                                                                                                                                 
                   "Temp Written Blocks": 0,                                                                                                                              
                   "Plans": [                                                                                                                                             
                     {                                                                                                                                                    
                       "Node Type": "Hash Join",                                                                                                                          
                       "Parent Relationship": "Outer",                                                                                                                    
                       "Parallel Aware": false,                                                                                                                           
                       "Join Type": "Inner",                                                                                                                              
                       "Startup Cost": 7443.36,                                                                                                                           
                       "Total Cost": 23603.17,                                                                                                                            
                       "Plan Rows": 1,                                                                                                                                    
                       "Plan Width": 52,                                                                                                                                  
                       "Actual Startup Time": 11546.851,                                                                                                                  
                       "Actual Total Time": 19512.861,                                                                                                                    
                       "Actual Rows": 127,                                                                                                                                
                       "Actual Loops": 1,                                                                                                                                 
                       "Inner Unique": true,                                                                                                                              
                       "Hash Cond": "(mc.company_id = cn.id)",                                                                                                            
                       "Shared Hit Blocks": 0,                                                                                                                            
                       "Shared Read Blocks": 402847,                                                                                                                      
                       "Shared Dirtied Blocks": 0,                                                                                                                        
                       "Shared Written Blocks": 0,                                                                                                                        
                       "Local Hit Blocks": 0,                                                                                                                             
                       "Local Read Blocks": 0,                                                                                                                            
                       "Local Dirtied Blocks": 0,                                                                                                                         
                       "Local Written Blocks": 0,                                                                                                                         
                       "Temp Read Blocks": 0,                                                                                                                             
                       "Temp Written Blocks": 0,                                                                                                                          
                       "Plans": [                                                                                                                                         
                         {                                                                                                                                                
                           "Node Type": "Hash Join",                                                                                                                      
                           "Parent Relationship": "Outer",                                                                                                                
                           "Parallel Aware": false,                                                                                                                       
                           "Join Type": "Inner",                                                                                                                          
                           "Startup Cost": 7302.50,                                                                                                                       
                           "Total Cost": 23462.31,                                                                                                                        
                           "Plan Rows": 1,                                                                                                                                
                           "Plan Width": 56,                                                                                                                              
                           "Actual Startup Time": 11383.710,                                                                                                              
                           "Actual Total Time": 19349.610,                                                                                                                
                           "Actual Rows": 347,                                                                                                                            
                           "Actual Loops": 1,                                                                                                                             
                           "Inner Unique": true,                                                                                                                          
                           "Hash Cond": "(ci.role_id = rt.id)",                                                                                                           
                           "Shared Hit Blocks": 0,                                                                                                                        
                           "Shared Read Blocks": 399853,                                                                                                                  
                           "Shared Dirtied Blocks": 0,                                                                                                                    
                           "Shared Written Blocks": 0,                                                                                                                    
                           "Local Hit Blocks": 0,                                                                                                                         
                           "Local Read Blocks": 0,                                                                                                                        
                           "Local Dirtied Blocks": 0,                                                                                                                     
                           "Local Written Blocks": 0,                                                                                                                     
                           "Temp Read Blocks": 0,                                                                                                                         
                           "Temp Written Blocks": 0,                                                                                                                      
                           "Plans": [                                                                                                                                     
                             {                                                                                                                                            
                               "Node Type": "Hash Join",                                                                                                                  
                               "Parent Relationship": "Outer",                                                                                                            
                               "Parallel Aware": false,                                                                                                                   
                               "Join Type": "Inner",                                                                                                                      
                               "Startup Cost": 7302.47,                                                                                                                   
                               "Total Cost": 23462.28,                                                                                                                    
                               "Plan Rows": 1,                                                                                                                            
                               "Plan Width": 60,                                                                                                                          
                               "Actual Startup Time": 11359.325,                                                                                                          
                               "Actual Total Time": 19325.101,                                                                                                            
                               "Actual Rows": 347,                                                                                                                        
                               "Actual Loops": 1,                                                                                                                         
                               "Inner Unique": false,                                                                                                                     
                               "Hash Cond": "(ci.person_id = n.id)",                                                                                                      
                               "Shared Hit Blocks": 0,                                                                                                                    
                               "Shared Read Blocks": 399852,                                                                                                              
                               "Shared Dirtied Blocks": 0,                                                                                                                
                               "Shared Written Blocks": 0,                                                                                                                
                               "Local Hit Blocks": 0,                                                                                                                     
                               "Local Read Blocks": 0,                                                                                                                    
                               "Local Dirtied Blocks": 0,                                                                                                                 
                               "Local Written Blocks": 0,                                                                                                                 
                               "Temp Read Blocks": 0,                                                                                                                     
                               "Temp Written Blocks": 0,                                                                                                                  
                               "Plans": [                                                                                                                                 
                                 {                                                                                                                                        
                                   "Node Type": "Hash Join",                                                                                                              
                                   "Parent Relationship": "Outer",                                                                                                        
                                   "Parallel Aware": false,                                                                                                               
                                   "Join Type": "Inner",                                                                                                                  
                                   "Startup Cost": 4122.82,                                                                                                               
                                   "Total Cost": 20282.63,                                                                                                                
                                   "Plan Rows": 6,                                                                                                                        
                                   "Plan Width": 49,                                                                                                                      
                                   "Actual Startup Time": 4042.685,                                                                                                       
                                   "Actual Total Time": 16013.938,                                                                                                        
                                   "Actual Rows": 15373,                                                                                                                  
                                   "Actual Loops": 1,                                                                                                                     
                                   "Inner Unique": false,                                                                                                                 
                                   "Hash Cond": "(ci.movie_id = t.id)",                                                                                                   
                                   "Shared Hit Blocks": 0,                                                                                                                
                                   "Shared Read Blocks": 332844,                                                                                                          
                                   "Shared Dirtied Blocks": 0,                                                                                                            
                                   "Shared Written Blocks": 0,                                                                                                            
                                   "Local Hit Blocks": 0,                                                                                                                 
                                   "Local Read Blocks": 0,                                                                                                                
                                   "Local Dirtied Blocks": 0,                                                                                                             
                                   "Local Written Blocks": 0,                                                                                                             
                                   "Temp Read Blocks": 0,                                                                                                                 
                                   "Temp Written Blocks": 0,                                                                                                              
                                   "Plans": [                                                                                                                             
                                     {                                                                                                                                    
                                       "Node Type": "Seq Scan",                                                                                                           
                                       "Parent Relationship": "Outer",                                                                                                    
                                       "Parallel Aware": false,                                                                                                           
                                       "Relation Name": "cast_info",                                                                                                      
                                       "Alias": "ci",                                                                                                                     
                                       "Startup Cost": 0.00,                                                                                                              
                                       "Total Cost": 16059.00,                                                                                                            
                                       "Plan Rows": 865636,                                                                                                               
                                       "Plan Width": 16,                                                                                                                  
                                       "Actual Startup Time": 44.691,                                                                                                     
                                       "Actual Total Time": 11856.390,                                                                                                    
                                       "Actual Rows": 867477,                                                                                                             
                                       "Actual Loops": 1,                                                                                                                 
                                       "Filter": "(note = ANY ('{(voice),\"(voice: Japanese version)\",\"(voice) (uncredited)\",\"(voice: English version)\"}'::text[]))",
                                       "Rows Removed by Filter": 35376867,                                                                                                
                                       "Shared Hit Blocks": 0,                                                                                                            
                                       "Shared Read Blocks": 252654,                                                                                                      
                                       "Shared Dirtied Blocks": 0,                                                                                                        
                                       "Shared Written Blocks": 0,                                                                                                        
                                       "Local Hit Blocks": 0,                                                                                                             
                                       "Local Read Blocks": 0,                                                                                                            
                                       "Local Dirtied Blocks": 0,                                                                                                         
                                       "Local Written Blocks": 0,                                                                                                         
                                       "Temp Read Blocks": 0,                                                                                                             
                                       "Temp Written Blocks": 0                                                                                                           
                                     },                                                                                                                                   
                                     {                                                                                                                                    
                                       "Node Type": "Hash",                                                                                                               
                                       "Parent Relationship": "Inner",                                                                                                    
                                       "Parallel Aware": false,                                                                                                           
                                       "Startup Cost": 4122.82,                                                                                                           
                                       "Total Cost": 4122.82,                                                                                                             
                                       "Plan Rows": 17,                                                                                                                   
                                       "Plan Width": 33,                                                                                                                  
                                       "Actual Startup Time": 3979.978,                                                                                                   
                                       "Actual Total Time": 3979.978,                                                                                                     
                                       "Actual Rows": 5566,                                                                                                               
                                       "Actual Loops": 1,                                                                                                                 
                                       "Hash Buckets": 8192,                                                                                                              
                                       "Original Hash Buckets": 1024,                                                                                                     
                                       "Hash Batches": 1,                                                                                                                 
                                       "Original Hash Batches": 1,                                                                                                        
                                       "Peak Memory Usage": 429,                                                                                                          
                                       "Shared Hit Blocks": 0,                                                                                                            
                                       "Shared Read Blocks": 80190,                                                                                                       
                                       "Shared Dirtied Blocks": 0,                                                                                                        
                                       "Shared Written Blocks": 0,                                                                                                        
                                       "Local Hit Blocks": 0,                                                                                                             
                                       "Local Read Blocks": 0,                                                                                                            
                                       "Local Dirtied Blocks": 0,                                                                                                         
                                       "Local Written Blocks": 0,                                                                                                         
                                       "Temp Read Blocks": 0,                                                                                                             
                                       "Temp Written Blocks": 0,                                                                                                          
                                       "Plans": [                                                                                                                         
                                         {                                                                                                                                
                                           "Node Type": "Hash Join",                                                                                                      
                                           "Parent Relationship": "Outer",                                                                                                
                                           "Parallel Aware": false,                                                                                                       
                                           "Join Type": "Inner",                                                                                                          
                                           "Startup Cost": 3049.20,                                                                                                       
                                           "Total Cost": 4122.82,                                                                                                         
                                           "Plan Rows": 17,                                                                                                               
                                           "Plan Width": 33,                                                                                                              
                                           "Actual Startup Time": 3096.348,                                                                                               
                                           "Actual Total Time": 3977.535,                                                                                                 
                                           "Actual Rows": 5566,                                                                                                           
                                           "Actual Loops": 1,                                                                                                             
                                           "Inner Unique": false,                                                                                                         
                                           "Hash Cond": "(mc.movie_id = t.id)",                                                                                           
                                           "Shared Hit Blocks": 0,                                                                                                        
                                           "Shared Read Blocks": 80190,                                                                                                   
                                           "Shared Dirtied Blocks": 0,                                                                                                    
                                           "Shared Written Blocks": 0,                                                                                                    
                                           "Local Hit Blocks": 0,                                                                                                         
                                           "Local Read Blocks": 0,                                                                                                        
                                           "Local Dirtied Blocks": 0,                                                                                                     
                                           "Local Written Blocks": 0,                                                                                                     
                                           "Temp Read Blocks": 0,                                                                                                         
                                           "Temp Written Blocks": 0,                                                                                                      
                                           "Plans": [                                                                                                                     
                                             {                                                                                                                            
                                               "Node Type": "Seq Scan",                                                                                                   
                                               "Parent Relationship": "Outer",                                                                                            
                                               "Parallel Aware": false,                                                                                                   
                                               "Relation Name": "movie_companies",                                                                                        
                                               "Alias": "mc",                                                                                                             
                                               "Startup Cost": 0.00,                                                                                                      
                                               "Total Cost": 769.75,                                                                                                      
                                               "Plan Rows": 2609129,                                                                                                      
                                               "Plan Width": 8,                                                                                                           
                                               "Actual Startup Time": 7.871,                                                                                              
                                               "Actual Total Time": 464.340,                                                                                              
                                               "Actual Rows": 2609129,                                                                                                    
                                               "Actual Loops": 1,                                                                                                         
                                               "Shared Hit Blocks": 0,                                                                                                    
                                               "Shared Read Blocks": 18789,                                                                                               
                                               "Shared Dirtied Blocks": 0,                                                                                                
                                               "Shared Written Blocks": 0,                                                                                                
                                               "Local Hit Blocks": 0,                                                                                                     
                                               "Local Read Blocks": 0,                                                                                                    
                                               "Local Dirtied Blocks": 0,                                                                                                 
                                               "Local Written Blocks": 0,                                                                                                 
                                               "Temp Read Blocks": 0,                                                                                                     
                                               "Temp Written Blocks": 0                                                                                                   
                                             },                                                                                                                           
                                             {                                                                                                                            
                                               "Node Type": "Hash",                                                                                                       
                                               "Parent Relationship": "Inner",                                                                                            
                                               "Parallel Aware": false,                                                                                                   
                                               "Startup Cost": 3049.20,                                                                                                   
                                               "Total Cost": 3049.20,                                                                                                     
                                               "Plan Rows": 16,                                                                                                           
                                               "Plan Width": 25,                                                                                                          
                                               "Actual Startup Time": 3077.605,                                                                                           
                                               "Actual Total Time": 3077.605,                                                                                             
                                               "Actual Rows": 495,                                                                                                        
                                               "Actual Loops": 1,                                                                                                         
                                               "Hash Buckets": 1024,                                                                                                      
                                               "Original Hash Buckets": 1024,                                                                                             
                                               "Hash Batches": 1,                                                                                                         
                                               "Original Hash Batches": 1,                                                                                                
                                               "Peak Memory Usage": 38,                                                                                                   
                                               "Shared Hit Blocks": 0,                                                                                                    
                                               "Shared Read Blocks": 61401,                                                                                               
                                               "Shared Dirtied Blocks": 0,                                                                                                
                                               "Shared Written Blocks": 0,                                                                                                
                                               "Local Hit Blocks": 0,                                                                                                     
                                               "Local Read Blocks": 0,                                                                                                    
                                               "Local Dirtied Blocks": 0,                                                                                                 
                                               "Local Written Blocks": 0,                                                                                                 
                                               "Temp Read Blocks": 0,                                                                                                     
                                               "Temp Written Blocks": 0,                                                                                                  
                                               "Plans": [                                                                                                                 
                                                 {                                                                                                                        
                                                   "Node Type": "Hash Join",                                                                                              
                                                   "Parent Relationship": "Outer",                                                                                        
                                                   "Parallel Aware": false,                                                                                               
                                                   "Join Type": "Inner",                                                                                                  
                                                   "Startup Cost": 1503.33,                                                                                               
                                                   "Total Cost": 3049.20,                                                                                                 
                                                   "Plan Rows": 16,                                                                                                       
                                                   "Plan Width": 25,                                                                                                      
                                                   "Actual Startup Time": 1274.091,                                                                                       
                                                   "Actual Total Time": 3076.944,                                                                                         
                                                   "Actual Rows": 495,                                                                                                    
                                                   "Actual Loops": 1,                                                                                                     
                                                   "Inner Unique": false,                                                                                                 
                                                   "Hash Cond": "(t.id = mk.movie_id)",                                                                                   
                                                   "Shared Hit Blocks": 0,                                                                                                
                                                   "Shared Read Blocks": 61401,                                                                                           
                                                   "Shared Dirtied Blocks": 0,                                                                                            
                                                   "Shared Written Blocks": 0,                                                                                            
                                                   "Local Hit Blocks": 0,                                                                                                 
                                                   "Local Read Blocks": 0,                                                                                                
                                                   "Local Dirtied Blocks": 0,                                                                                             
                                                   "Local Written Blocks": 0,                                                                                             
                                                   "Temp Read Blocks": 0,                                                                                                 
                                                   "Temp Written Blocks": 0,                                                                                              
                                                   "Plans": [                                                                                                             
                                                     {                                                                                                                    
                                                       "Node Type": "Seq Scan",                                                                                           
                                                       "Parent Relationship": "Outer",                                                                                    
                                                       "Parallel Aware": false,                                                                                           
                                                       "Relation Name": "title",                                                                                          
                                                       "Alias": "t",                                                                                                      
                                                       "Startup Cost": 0.00,                                                                                              
                                                       "Total Cost": 1500.26,                                                                                             
                                                       "Plan Rows": 391667,                                                                                               
                                                       "Plan Width": 21,                                                                                                  
                                                       "Actual Startup Time": 3.524,                                                                                      
                                                       "Actual Total Time": 1688.790,                                                                                     
                                                       "Actual Rows": 391666,                                                                                             
                                                       "Actual Loops": 1,                                                                                                 
                                                       "Filter": "(production_year > 2010)",                                                                              
                                                       "Rows Removed by Filter": 2136646,                                                                                 
                                                       "Shared Hit Blocks": 0,                                                                                            
                                                       "Shared Read Blocks": 35998,                                                                                       
                                                       "Shared Dirtied Blocks": 0,                                                                                        
                                                       "Shared Written Blocks": 0,                                                                                        
                                                       "Local Hit Blocks": 0,                                                                                             
                                                       "Local Read Blocks": 0,                                                                                            
                                                       "Local Dirtied Blocks": 0,                                                                                         
                                                       "Local Written Blocks": 0,                                                                                         
                                                       "Temp Read Blocks": 0,                                                                                             
                                                       "Temp Written Blocks": 0                                                                                           
                                                     },                                                                                                                   
                                                     {                                                                                                                    
                                                       "Node Type": "Hash",                                                                                               
                                                       "Parent Relationship": "Inner",                                                                                    
                                                       "Parallel Aware": false,                                                                                           
                                                       "Startup Cost": 1503.31,                                                                                           
                                                       "Total Cost": 1503.31,                                                                                             
                                                       "Plan Rows": 101,                                                                                                  
                                                       "Plan Width": 4,                                                                                                   
                                                       "Actual Startup Time": 1258.198,                                                                                   
                                                       "Actual Total Time": 1258.198,                                                                                     
                                                       "Actual Rows": 9696,                                                                                               
                                                       "Actual Loops": 1,                                                                                                 
                                                       "Hash Buckets": 16384,                                                                                             
                                                       "Original Hash Buckets": 1024,                                                                                     
                                                       "Hash Batches": 1,                                                                                                 
                                                       "Original Hash Batches": 1,                                                                                        
                                                       "Peak Memory Usage": 469,                                                                                          
                                                       "Shared Hit Blocks": 0,                                                                                            
                                                       "Shared Read Blocks": 25403,                                                                                       
                                                       "Shared Dirtied Blocks": 0,                                                                                        
                                                       "Shared Written Blocks": 0,                                                                                        
                                                       "Local Hit Blocks": 0,                                                                                             
                                                       "Local Read Blocks": 0,                                                                                            
                                                       "Local Dirtied Blocks": 0,                                                                                         
                                                       "Local Written Blocks": 0,                                                                                         
                                                       "Temp Read Blocks": 0,                                                                                             
                                                       "Temp Written Blocks": 0,                                                                                          
                                                       "Plans": [                                                                                                         
                                                         {                                                                                                                
                                                           "Node Type": "Hash Join",                                                                                      
                                                           "Parent Relationship": "Outer",                                                                                
                                                           "Parallel Aware": false,                                                                                       
                                                           "Join Type": "Inner",                                                                                          
                                                           "Startup Cost": 54.67,                                                                                         
                                                           "Total Cost": 1503.31,                                                                                         
                                                           "Plan Rows": 101,                                                                                              
                                                           "Plan Width": 4,                                                                                               
                                                           "Actual Startup Time": 123.255,                                                                                
                                                           "Actual Total Time": 1255.442,                                                                                 
                                                           "Actual Rows": 9696,                                                                                           
                                                           "Actual Loops": 1,                                                                                             
                                                           "Inner Unique": true,                                                                                          
                                                           "Hash Cond": "(mk.keyword_id = k.id)",                                                                         
                                                           "Shared Hit Blocks": 0,                                                                                        
                                                           "Shared Read Blocks": 25403,                                                                                   
                                                           "Shared Dirtied Blocks": 0,                                                                                    
                                                           "Shared Written Blocks": 0,                                                                                    
                                                           "Local Hit Blocks": 0,                                                                                         
                                                           "Local Read Blocks": 0,                                                                                        
                                                           "Local Dirtied Blocks": 0,                                                                                     
                                                           "Local Written Blocks": 0,                                                                                     
                                                           "Temp Read Blocks": 0,                                                                                         
                                                           "Temp Written Blocks": 0,                                                                                      
                                                           "Plans": [                                                                                                     
                                                             {                                                                                                            
                                                               "Node Type": "Seq Scan",                                                                                   
                                                               "Parent Relationship": "Outer",                                                                            
                                                               "Parallel Aware": false,                                                                                   
                                                               "Relation Name": "movie_keyword",                                                                          
                                                               "Alias": "mk",                                                                                             
                                                               "Startup Cost": 0.00,                                                                                      
                                                               "Total Cost": 1079.84,                                                                                     
                                                               "Plan Rows": 4523930,                                                                                      
                                                               "Plan Width": 8,                                                                                           
                                                               "Actual Startup Time": 4.335,                                                                              
                                                               "Actual Total Time": 559.347,                                                                              
                                                               "Actual Rows": 4523930,                                                                                    
                                                               "Actual Loops": 1,                                                                                         
                                                               "Shared Hit Blocks": 0,                                                                                    
                                                               "Shared Read Blocks": 24454,                                                                               
                                                               "Shared Dirtied Blocks": 0,                                                                                
                                                               "Shared Written Blocks": 0,                                                                                
                                                               "Local Hit Blocks": 0,                                                                                     
                                                               "Local Read Blocks": 0,                                                                                    
                                                               "Local Dirtied Blocks": 0,                                                                                 
                                                               "Local Written Blocks": 0,                                                                                 
                                                               "Temp Read Blocks": 0,                                                                                     
                                                               "Temp Written Blocks": 0                                                                                   
                                                             },                                                                                                           
                                                             {                                                                                                            
                                                               "Node Type": "Hash",                                                                                       
                                                               "Parent Relationship": "Inner",                                                                            
                                                               "Parallel Aware": false,                                                                                   
                                                               "Startup Cost": 54.67,                                                                                     
                                                               "Total Cost": 54.67,                                                                                       
                                                               "Plan Rows": 3,                                                                                            
                                                               "Plan Width": 4,                                                                                           
                                                               "Actual Startup Time": 92.807,                                                                             
                                                               "Actual Total Time": 92.808,                                                                               
                                                               "Actual Rows": 3,                                                                                          
                                                               "Actual Loops": 1,                                                                                         
                                                               "Hash Buckets": 1024,                                                                                      
                                                               "Original Hash Buckets": 1024,                                                                             
                                                               "Hash Batches": 1,                                                                                         
                                                               "Original Hash Batches": 1,                                                                                
                                                               "Peak Memory Usage": 9,                                                                                    
                                                               "Shared Hit Blocks": 0,                                                                                    
                                                               "Shared Read Blocks": 949,                                                                                 
                                                               "Shared Dirtied Blocks": 0,                                                                                
                                                               "Shared Written Blocks": 0,                                                                                
                                                               "Local Hit Blocks": 0,                                                                                     
                                                               "Local Read Blocks": 0,                                                                                    
                                                               "Local Dirtied Blocks": 0,                                                                                 
                                                               "Local Written Blocks": 0,                                                                                 
                                                               "Temp Read Blocks": 0,                                                                                     
                                                               "Temp Written Blocks": 0,                                                                                  
                                                               "Plans": [                                                                                                 
                                                                 {                                                                                                        
                                                                   "Node Type": "Seq Scan",                                                                               
                                                                   "Parent Relationship": "Outer",                                                                        
                                                                   "Parallel Aware": false,                                                                               
                                                                   "Relation Name": "keyword",                                                                            
                                                                   "Alias": "k",                                                                                          
                                                                   "Startup Cost": 0.00,                                                                                  
                                                                   "Total Cost": 54.67,                                                                                   
                                                                   "Plan Rows": 3,                                                                                        
                                                                   "Plan Width": 4,                                                                                       
                                                                   "Actual Startup Time": 26.920,                                                                         
                                                                   "Actual Total Time": 92.791,                                                                           
                                                                   "Actual Rows": 3,                                                                                      
                                                                   "Actual Loops": 1,                                                                                     
                                                                   "Filter": "(keyword = ANY ('{hero,martial-arts,hand-to-hand-combat}'::text[]))",                       
                                                                   "Rows Removed by Filter": 134167,                                                                      
                                                                   "Shared Hit Blocks": 0,                                                                                
                                                                   "Shared Read Blocks": 949,                                                                             
                                                                   "Shared Dirtied Blocks": 0,                                                                            
                                                                   "Shared Written Blocks": 0,                                                                            
                                                                   "Local Hit Blocks": 0,                                                                                 
                                                                   "Local Read Blocks": 0,                                                                                
                                                                   "Local Dirtied Blocks": 0,                                                                             
                                                                   "Local Written Blocks": 0,                                                                             
                                                                   "Temp Read Blocks": 0,                                                                                 
                                                                   "Temp Written Blocks": 0                                                                               
                                                                 }                                                                                                        
                                                               ]                                                                                                          
                                                             }                                                                                                            
                                                           ]                                                                                                              
                                                         }                                                                                                                
                                                       ]                                                                                                                  
                                                     }                                                                                                                    
                                                   ]                                                                                                                      
                                                 }                                                                                                                        
                                               ]                                                                                                                          
                                             }                                                                                                                            
                                           ]                                                                                                                              
                                         }                                                                                                                                
                                       ]                                                                                                                                  
                                     }                                                                                                                                    
                                   ]                                                                                                                                      
                                 },                                                                                                                                       
                                 {                                                                                                                                        
                                   "Node Type": "Hash",                                                                                                                   
                                   "Parent Relationship": "Inner",                                                                                                        
                                   "Parallel Aware": false,                                                                                                               
                                   "Startup Cost": 3178.45,                                                                                                               
                                   "Total Cost": 3178.45,                                                                                                                 
                                   "Plan Rows": 8155,                                                                                                                     
                                   "Plan Width": 23,                                                                                                                      
                                   "Actual Startup Time": 3308.186,                                                                                                       
                                   "Actual Total Time": 3308.186,                                                                                                         
                                   "Actual Rows": 10525,                                                                                                                  
                                   "Actual Loops": 1,                                                                                                                     
                                   "Hash Buckets": 16384,                                                                                                                 
                                   "Original Hash Buckets": 8192,                                                                                                         
                                   "Hash Batches": 1,                                                                                                                     
                                   "Original Hash Batches": 1,                                                                                                            
                                   "Peak Memory Usage": 724,                                                                                                              
                                   "Shared Hit Blocks": 0,                                                                                                                
                                   "Shared Read Blocks": 67008,                                                                                                           
                                   "Shared Dirtied Blocks": 0,                                                                                                            
                                   "Shared Written Blocks": 0,                                                                                                            
                                   "Local Hit Blocks": 0,                                                                                                                 
                                   "Local Read Blocks": 0,                                                                                                                
                                   "Local Dirtied Blocks": 0,                                                                                                             
                                   "Local Written Blocks": 0,                                                                                                             
                                   "Temp Read Blocks": 0,                                                                                                                 
                                   "Temp Written Blocks": 0,                                                                                                              
                                   "Plans": [                                                                                                                             
                                     {                                                                                                                                    
                                       "Node Type": "Hash Join",                                                                                                          
                                       "Parent Relationship": "Outer",                                                                                                    
                                       "Parallel Aware": false,                                                                                                           
                                       "Join Type": "Inner",                                                                                                              
                                       "Startup Cost": 2685.22,                                                                                                           
                                       "Total Cost": 3178.45,                                                                                                             
                                       "Plan Rows": 8155,                                                                                                                 
                                       "Plan Width": 23,                                                                                                                  
                                       "Actual Startup Time": 2759.977,                                                                                                   
                                       "Actual Total Time": 3303.028,                                                                                                     
                                       "Actual Rows": 10525,                                                                                                              
                                       "Actual Loops": 1,                                                                                                                 
                                       "Inner Unique": true,                                                                                                              
                                       "Hash Cond": "(an.person_id = n.id)",                                                                                              
                                       "Shared Hit Blocks": 0,                                                                                                            
                                       "Shared Read Blocks": 67008,                                                                                                       
                                       "Shared Dirtied Blocks": 0,                                                                                                        
                                       "Shared Written Blocks": 0,                                                                                                        
                                       "Local Hit Blocks": 0,                                                                                                             
                                       "Local Read Blocks": 0,                                                                                                            
                                       "Local Dirtied Blocks": 0,                                                                                                         
                                       "Local Written Blocks": 0,                                                                                                         
                                       "Temp Read Blocks": 0,                                                                                                             
                                       "Temp Written Blocks": 0,                                                                                                          
                                       "Plans": [                                                                                                                         
                                         {                                                                                                                                
                                           "Node Type": "Seq Scan",                                                                                                       
                                           "Parent Relationship": "Outer",                                                                                                
                                           "Parallel Aware": false,                                                                                                       
                                           "Relation Name": "aka_name",                                                                                                   
                                           "Alias": "an",                                                                                                                 
                                           "Startup Cost": 0.00,                                                                                                          
                                           "Total Cost": 419.75,                                                                                                          
                                           "Plan Rows": 901343,                                                                                                           
                                           "Plan Width": 4,                                                                                                               
                                           "Actual Startup Time": 26.677,                                                                                                 
                                           "Actual Total Time": 325.451,                                                                                                  
                                           "Actual Rows": 901343,                                                                                                         
                                           "Actual Loops": 1,                                                                                                             
                                           "Shared Hit Blocks": 0,                                                                                                        
                                           "Shared Read Blocks": 11395,                                                                                                   
                                           "Shared Dirtied Blocks": 0,                                                                                                    
                                           "Shared Written Blocks": 0,                                                                                                    
                                           "Local Hit Blocks": 0,                                                                                                         
                                           "Local Read Blocks": 0,                                                                                                        
                                           "Local Dirtied Blocks": 0,                                                                                                     
                                           "Local Written Blocks": 0,                                                                                                     
                                           "Temp Read Blocks": 0,                                                                                                         
                                           "Temp Written Blocks": 0                                                                                                       
                                         },                                                                                                                               
                                         {                                                                                                                                
                                           "Node Type": "Hash",                                                                                                           
                                           "Parent Relationship": "Inner",                                                                                                
                                           "Parallel Aware": false,                                                                                                       
                                           "Startup Cost": 2679.69,                                                                                                       
                                           "Total Cost": 2679.69,                                                                                                         
                                           "Plan Rows": 37708,                                                                                                            
                                           "Plan Width": 19,                                                                                                              
                                           "Actual Startup Time": 2728.327,                                                                                               
                                           "Actual Total Time": 2728.328,                                                                                                 
                                           "Actual Rows": 50011,                                                                                                          
                                           "Actual Loops": 1,                                                                                                             
                                           "Hash Buckets": 65536,                                                                                                         
                                           "Original Hash Buckets": 65536,                                                                                                
                                           "Hash Batches": 1,                                                                                                             
                                           "Original Hash Batches": 1,                                                                                                    
                                           "Peak Memory Usage": 3135,                                                                                                     
                                           "Shared Hit Blocks": 0,                                                                                                        
                                           "Shared Read Blocks": 55613,                                                                                                   
                                           "Shared Dirtied Blocks": 0,                                                                                                    
                                           "Shared Written Blocks": 0,                                                                                                    
                                           "Local Hit Blocks": 0,                                                                                                         
                                           "Local Read Blocks": 0,                                                                                                        
                                           "Local Dirtied Blocks": 0,                                                                                                     
                                           "Local Written Blocks": 0,                                                                                                     
                                           "Temp Read Blocks": 0,                                                                                                         
                                           "Temp Written Blocks": 0,                                                                                                      
                                           "Plans": [                                                                                                                     
                                             {                                                                                                                            
                                               "Node Type": "Seq Scan",                                                                                                   
                                               "Parent Relationship": "Outer",                                                                                            
                                               "Parallel Aware": false,                                                                                                   
                                               "Relation Name": "name",                                                                                                   
                                               "Alias": "n",                                                                                                              
                                               "Startup Cost": 0.00,                                                                                                      
                                               "Total Cost": 2679.69,                                                                                                     
                                               "Plan Rows": 37708,                                                                                                        
                                               "Plan Width": 19,                                                                                                          
                                               "Actual Startup Time": 1127.623,                                                                                           
                                               "Actual Total Time": 2700.486,                                                                                             
                                               "Actual Rows": 50011,                                                                                                      
                                               "Actual Loops": 1,                                                                                                         
                                               "Filter": "((name ~~ '%An%'::text) AND ((gender)::text = 'f'::text))",                                                     
                                               "Rows Removed by Filter": 4117480,                                                                                         
                                               "Shared Hit Blocks": 0,                                                                                                    
                                               "Shared Read Blocks": 55613,                                                                                               
                                               "Shared Dirtied Blocks": 0,                                                                                                
                                               "Shared Written Blocks": 0,                                                                                                
                                               "Local Hit Blocks": 0,                                                                                                     
                                               "Local Read Blocks": 0,                                                                                                    
                                               "Local Dirtied Blocks": 0,                                                                                                 
                                               "Local Written Blocks": 0,                                                                                                 
                                               "Temp Read Blocks": 0,                                                                                                     
                                               "Temp Written Blocks": 0                                                                                                   
                                             }                                                                                                                            
                                           ]                                                                                                                              
                                         }                                                                                                                                
                                       ]                                                                                                                                  
                                     }                                                                                                                                    
                                   ]                                                                                                                                      
                                 }                                                                                                                                        
                               ]                                                                                                                                          
                             },                                                                                                                                           
                             {                                                                                                                                            
                               "Node Type": "Hash",                                                                                                                       
                               "Parent Relationship": "Inner",                                                                                                            
                               "Parallel Aware": false,                                                                                                                   
                               "Startup Cost": 0.03,                                                                                                                      
                               "Total Cost": 0.03,                                                                                                                        
                               "Plan Rows": 1,                                                                                                                            
                               "Plan Width": 4,                                                                                                                           
                               "Actual Startup Time": 24.358,                                                                                                             
                               "Actual Total Time": 24.358,                                                                                                               
                               "Actual Rows": 1,                                                                                                                          
                               "Actual Loops": 1,                                                                                                                         
                               "Hash Buckets": 1024,                                                                                                                      
                               "Original Hash Buckets": 1024,                                                                                                             
                               "Hash Batches": 1,                                                                                                                         
                               "Original Hash Batches": 1,                                                                                                                
                               "Peak Memory Usage": 9,                                                                                                                    
                               "Shared Hit Blocks": 0,                                                                                                                    
                               "Shared Read Blocks": 1,                                                                                                                   
                               "Shared Dirtied Blocks": 0,                                                                                                                
                               "Shared Written Blocks": 0,                                                                                                                
                               "Local Hit Blocks": 0,                                                                                                                     
                               "Local Read Blocks": 0,                                                                                                                    
                               "Local Dirtied Blocks": 0,                                                                                                                 
                               "Local Written Blocks": 0,                                                                                                                 
                               "Temp Read Blocks": 0,                                                                                                                     
                               "Temp Written Blocks": 0,                                                                                                                  
                               "Plans": [                                                                                                                                 
                                 {                                                                                                                                        
                                   "Node Type": "Seq Scan",                                                                                                               
                                   "Parent Relationship": "Outer",                                                                                                        
                                   "Parallel Aware": false,                                                                                                               
                                   "Relation Name": "role_type",                                                                                                          
                                   "Alias": "rt",                                                                                                                         
                                   "Startup Cost": 0.00,                                                                                                                  
                                   "Total Cost": 0.03,                                                                                                                    
                                   "Plan Rows": 1,                                                                                                                        
                                   "Plan Width": 4,                                                                                                                       
                                   "Actual Startup Time": 24.339,                                                                                                         
                                   "Actual Total Time": 24.346,                                                                                                           
                                   "Actual Rows": 1,                                                                                                                      
                                   "Actual Loops": 1,                                                                                                                     
                                   "Filter": "((role)::text = 'actress'::text)",                                                                                          
                                   "Rows Removed by Filter": 11,                                                                                                          
                                   "Shared Hit Blocks": 0,                                                                                                                
                                   "Shared Read Blocks": 1,                                                                                                               
                                   "Shared Dirtied Blocks": 0,                                                                                                            
                                   "Shared Written Blocks": 0,                                                                                                            
                                   "Local Hit Blocks": 0,                                                                                                                 
                                   "Local Read Blocks": 0,                                                                                                                
                                   "Local Dirtied Blocks": 0,                                                                                                             
                                   "Local Written Blocks": 0,                                                                                                             
                                   "Temp Read Blocks": 0,                                                                                                                 
                                   "Temp Written Blocks": 0                                                                                                               
                                 }                                                                                                                                        
                               ]                                                                                                                                          
                             }                                                                                                                                            
                           ]                                                                                                                                              
                         },                                                                                                                                               
                         {                                                                                                                                                
                           "Node Type": "Hash",                                                                                                                           
                           "Parent Relationship": "Inner",                                                                                                                
                           "Parallel Aware": false,                                                                                                                       
                           "Startup Cost": 128.41,                                                                                                                        
                           "Total Cost": 128.41,                                                                                                                          
                           "Plan Rows": 84843,                                                                                                                            
                           "Plan Width": 4,                                                                                                                               
                           "Actual Startup Time": 162.114,                                                                                                                
                           "Actual Total Time": 162.114,                                                                                                                  
                           "Actual Rows": 84843,                                                                                                                          
                           "Actual Loops": 1,                                                                                                                             
                           "Hash Buckets": 131072,                                                                                                                        
                           "Original Hash Buckets": 131072,                                                                                                               
                           "Hash Batches": 1,                                                                                                                             
                           "Original Hash Batches": 1,                                                                                                                    
                           "Peak Memory Usage": 4007,                                                                                                                     
                           "Shared Hit Blocks": 0,                                                                                                                        
                           "Shared Read Blocks": 2994,                                                                                                                    
                           "Shared Dirtied Blocks": 0,                                                                                                                    
                           "Shared Written Blocks": 0,                                                                                                                    
                           "Local Hit Blocks": 0,                                                                                                                         
                           "Local Read Blocks": 0,                                                                                                                        
                           "Local Dirtied Blocks": 0,                                                                                                                     
                           "Local Written Blocks": 0,                                                                                                                     
                           "Temp Read Blocks": 0,                                                                                                                         
                           "Temp Written Blocks": 0,                                                                                                                      
                           "Plans": [                                                                                                                                     
                             {                                                                                                                                            
                               "Node Type": "Seq Scan",                                                                                                                   
                               "Parent Relationship": "Outer",                                                                                                            
                               "Parallel Aware": false,                                                                                                                   
                               "Relation Name": "company_name",                                                                                                           
                               "Alias": "cn",                                                                                                                             
                               "Startup Cost": 0.00,                                                                                                                      
                               "Total Cost": 128.41,                                                                                                                      
                               "Plan Rows": 84843,                                                                                                                        
                               "Plan Width": 4,                                                                                                                           
                               "Actual Startup Time": 25.774,                                                                                                             
                               "Actual Total Time": 129.222,                                                                                                              
                               "Actual Rows": 84843,                                                                                                                      
                               "Actual Loops": 1,                                                                                                                         
                               "Filter": "((country_code)::text = '[us]'::text)",                                                                                         
                               "Rows Removed by Filter": 150154,                                                                                                          
                               "Shared Hit Blocks": 0,                                                                                                                    
                               "Shared Read Blocks": 2994,                                                                                                                
                               "Shared Dirtied Blocks": 0,                                                                                                                
                               "Shared Written Blocks": 0,                                                                                                                
                               "Local Hit Blocks": 0,                                                                                                                     
                               "Local Read Blocks": 0,                                                                                                                    
                               "Local Dirtied Blocks": 0,                                                                                                                 
                               "Local Written Blocks": 0,                                                                                                                 
                               "Temp Read Blocks": 0,                                                                                                                     
                               "Temp Written Blocks": 0                                                                                                                   
                             }                                                                                                                                            
                           ]                                                                                                                                              
                         }                                                                                                                                                
                       ]                                                                                                                                                  
                     },                                                                                                                                                   
                     {                                                                                                                                                    
                       "Node Type": "Hash",                                                                                                                               
                       "Parent Relationship": "Inner",                                                                                                                    
                       "Parallel Aware": false,                                                                                                                           
                       "Startup Cost": 8407.52,                                                                                                                           
                       "Total Cost": 8407.52,                                                                                                                             
                       "Plan Rows": 302987,                                                                                                                               
                       "Plan Width": 8,                                                                                                                                   
                       "Actual Startup Time": 9580.371,                                                                                                                   
                       "Actual Total Time": 9580.371,                                                                                                                     
                       "Actual Rows": 301247,                                                                                                                             
                       "Actual Loops": 1,                                                                                                                                 
                       "Hash Buckets": 524288,                                                                                                                            
                       "Original Hash Buckets": 524288,                                                                                                                   
                       "Hash Batches": 1,                                                                                                                                 
                       "Original Hash Batches": 1,                                                                                                                        
                       "Peak Memory Usage": 15864,                                                                                                                        
                       "Shared Hit Blocks": 6670,                                                                                                                         
                       "Shared Read Blocks": 162313,                                                                                                                      
                       "Shared Dirtied Blocks": 0,                                                                                                                        
                       "Shared Written Blocks": 0,                                                                                                                        
                       "Local Hit Blocks": 0,                                                                                                                             
                       "Local Read Blocks": 0,                                                                                                                            
                       "Local Dirtied Blocks": 0,                                                                                                                         
                       "Local Written Blocks": 0,                                                                                                                         
                       "Temp Read Blocks": 0,                                                                                                                             
                       "Temp Written Blocks": 0,                                                                                                                          
                       "Plans": [                                                                                                                                         
                         {                                                                                                                                                
                           "Node Type": "Seq Scan",                                                                                                                       
                           "Parent Relationship": "Outer",                                                                                                                
                           "Parallel Aware": false,                                                                                                                       
                           "Relation Name": "movie_info",                                                                                                                 
                           "Alias": "mi",                                                                                                                                 
                           "Startup Cost": 0.00,                                                                                                                          
                           "Total Cost": 8407.52,                                                                                                                         
                           "Plan Rows": 302987,                                                                                                                           
                           "Plan Width": 8,                                                                                                                               
                           "Actual Startup Time": 776.137,                                                                                                                
                           "Actual Total Time": 9478.458,                                                                                                                 
                           "Actual Rows": 301247,                                                                                                                         
                           "Actual Loops": 1,                                                                                                                             
                           "Filter": "((info IS NOT NULL) AND ((info ~~ 'Japan:%201%'::text) OR (info ~~ 'USA:%201%'::text)))",                                           
                           "Rows Removed by Filter": 14534473,                                                                                                            
                           "Shared Hit Blocks": 6670,                                                                                                                     
                           "Shared Read Blocks": 162313,                                                                                                                  
                           "Shared Dirtied Blocks": 0,                                                                                                                    
                           "Shared Written Blocks": 0,                                                                                                                    
                           "Local Hit Blocks": 0,                                                                                                                         
                           "Local Read Blocks": 0,                                                                                                                        
                           "Local Dirtied Blocks": 0,                                                                                                                     
                           "Local Written Blocks": 0,                                                                                                                     
                           "Temp Read Blocks": 0,                                                                                                                         
                           "Temp Written Blocks": 0                                                                                                                       
                         }                                                                                                                                                
                       ]                                                                                                                                                  
                     }                                                                                                                                                    
                   ]                                                                                                                                                      
                 },                                                                                                                                                       
                 {                                                                                                                                                        
                   "Node Type": "Hash",                                                                                                                                   
                   "Parent Relationship": "Inner",                                                                                                                        
                   "Parallel Aware": false,                                                                                                                               
                   "Startup Cost": 0.05,                                                                                                                                  
                   "Total Cost": 0.05,                                                                                                                                    
                   "Plan Rows": 1,                                                                                                                                        
                   "Plan Width": 4,                                                                                                                                       
                   "Actual Startup Time": 24.324,                                                                                                                         
                   "Actual Total Time": 24.324,                                                                                                                           
                   "Actual Rows": 1,                                                                                                                                      
                   "Actual Loops": 1,                                                                                                                                     
                   "Hash Buckets": 1024,                                                                                                                                  
                   "Original Hash Buckets": 1024,                                                                                                                         
                   "Hash Batches": 1,                                                                                                                                     
                   "Original Hash Batches": 1,                                                                                                                            
                   "Peak Memory Usage": 9,                                                                                                                                
                   "Shared Hit Blocks": 0,                                                                                                                                
                   "Shared Read Blocks": 1,                                                                                                                               
                   "Shared Dirtied Blocks": 0,                                                                                                                            
                   "Shared Written Blocks": 0,                                                                                                                            
                   "Local Hit Blocks": 0,                                                                                                                                 
                   "Local Read Blocks": 0,                                                                                                                                
                   "Local Dirtied Blocks": 0,                                                                                                                             
                   "Local Written Blocks": 0,                                                                                                                             
                   "Temp Read Blocks": 0,                                                                                                                                 
                   "Temp Written Blocks": 0,                                                                                                                              
                   "Plans": [                                                                                                                                             
                     {                                                                                                                                                    
                       "Node Type": "Seq Scan",                                                                                                                           
                       "Parent Relationship": "Outer",                                                                                                                    
                       "Parallel Aware": false,                                                                                                                           
                       "Relation Name": "info_type",                                                                                                                      
                       "Alias": "it",                                                                                                                                     
                       "Startup Cost": 0.00,                                                                                                                              
                       "Total Cost": 0.05,                                                                                                                                
                       "Plan Rows": 1,                                                                                                                                    
                       "Plan Width": 4,                                                                                                                                   
                       "Actual Startup Time": 24.277,                                                                                                                     
                       "Actual Total Time": 24.312,                                                                                                                       
                       "Actual Rows": 1,                                                                                                                                  
                       "Actual Loops": 1,                                                                                                                                 
                       "Filter": "((info)::text = 'release dates'::text)",                                                                                                
                       "Rows Removed by Filter": 112,                                                                                                                     
                       "Shared Hit Blocks": 0,                                                                                                                            
                       "Shared Read Blocks": 1,                                                                                                                           
                       "Shared Dirtied Blocks": 0,                                                                                                                        
                       "Shared Written Blocks": 0,                                                                                                                        
                       "Local Hit Blocks": 0,                                                                                                                             
                       "Local Read Blocks": 0,                                                                                                                            
                       "Local Dirtied Blocks": 0,                                                                                                                         
                       "Local Written Blocks": 0,                                                                                                                         
                       "Temp Read Blocks": 0,                                                                                                                             
                       "Temp Written Blocks": 0                                                                                                                           
                     }                                                                                                                                                    
                   ]                                                                                                                                                      
                 }                                                                                                                                                        
               ]                                                                                                                                                          
             },                                                                                                                                                           
             {                                                                                                                                                            
               "Node Type": "Hash",                                                                                                                                       
               "Parent Relationship": "Inner",                                                                                                                            
               "Parallel Aware": false,                                                                                                                                   
               "Startup Cost": 1360.36,                                                                                                                                   
               "Total Cost": 1360.36,                                                                                                                                     
               "Plan Rows": 3140339,                                                                                                                                      
               "Plan Width": 20,                                                                                                                                          
               "Actual Startup Time": 1750.715,                                                                                                                           
               "Actual Total Time": 1750.715,                                                                                                                             
               "Actual Rows": 3140339,                                                                                                                                    
               "Actual Loops": 1,                                                                                                                                         
               "Hash Buckets": 4194304,                                                                                                                                   
               "Original Hash Buckets": 4194304,                                                                                                                          
               "Hash Batches": 1,                                                                                                                                         
               "Original Hash Batches": 1,                                                                                                                                
               "Peak Memory Usage": 198030,                                                                                                                               
               "Shared Hit Blocks": 0,                                                                                                                                    
               "Shared Read Blocks": 36447,                                                                                                                               
               "Shared Dirtied Blocks": 0,                                                                                                                                
               "Shared Written Blocks": 0,                                                                                                                                
               "Local Hit Blocks": 0,                                                                                                                                     
               "Local Read Blocks": 0,                                                                                                                                    
               "Local Dirtied Blocks": 0,                                                                                                                                 
               "Local Written Blocks": 0,                                                                                                                                 
               "Temp Read Blocks": 0,                                                                                                                                     
               "Temp Written Blocks": 0,                                                                                                                                  
               "Plans": [                                                                                                                                                 
                 {                                                                                                                                                        
                   "Node Type": "Seq Scan",                                                                                                                               
                   "Parent Relationship": "Outer",                                                                                                                        
                   "Parallel Aware": false,                                                                                                                               
                   "Relation Name": "char_name",                                                                                                                          
                   "Alias": "chn",                                                                                                                                        
                   "Startup Cost": 0.00,                                                                                                                                  
                   "Total Cost": 1360.36,                                                                                                                                 
                   "Plan Rows": 3140339,                                                                                                                                  
                   "Plan Width": 20,                                                                                                                                      
                   "Actual Startup Time": 22.438,                                                                                                                         
                   "Actual Total Time": 769.058,                                                                                                                          
                   "Actual Rows": 3140339,                                                                                                                                
                   "Actual Loops": 1,                                                                                                                                     
                   "Shared Hit Blocks": 0,                                                                                                                                
                   "Shared Read Blocks": 36447,                                                                                                                           
                   "Shared Dirtied Blocks": 0,                                                                                                                            
                   "Shared Written Blocks": 0,                                                                                                                            
                   "Local Hit Blocks": 0,                                                                                                                                 
                   "Local Read Blocks": 0,                                                                                                                                
                   "Local Dirtied Blocks": 0,                                                                                                                             
                   "Local Written Blocks": 0,                                                                                                                             
                   "Temp Read Blocks": 0,                                                                                                                                 
                   "Temp Written Blocks": 0                                                                                                                               
                 }                                                                                                                                                        
               ]                                                                                                                                                          
             }                                                                                                                                                            
           ]                                                                                                                                                              
         }                                                                                                                                                                
       ]                                                                                                                                                                  
     },                                                                                                                                                                   
     "Planning Time": 10528.021,                                                                                                                                          
     "Triggers": [                                                                                                                                                        
     ],                                                                                                                                                                   
     "Execution Time": 30885.895                                                                                                                                          
   }                                                                                                                                                                      
 ]
