 [                                                                                                                                                                    
   {                                                                                                                                                                  
     "Plan": {                                                                                                                                                        
       "Node Type": "Aggregate",                                                                                                                                      
       "Strategy": "Plain",                                                                                                                                           
       "Partial Mode": "Simple",                                                                                                                                      
       "Parallel Aware": false,                                                                                                                                       
       "Startup Cost": 34038.30,                                                                                                                                      
       "Total Cost": 34038.30,                                                                                                                                        
       "Plan Rows": 1,                                                                                                                                                
       "Plan Width": 96,                                                                                                                                              
       "Actual Startup Time": 30700.562,                                                                                                                              
       "Actual Total Time": 30700.562,                                                                                                                                
       "Actual Rows": 1,                                                                                                                                              
       "Actual Loops": 1,                                                                                                                                             
       "Shared Hit Blocks": 6673,                                                                                                                                     
       "Shared Read Blocks": 601608,                                                                                                                                  
       "Shared Dirtied Blocks": 0,                                                                                                                                    
       "Shared Written Blocks": 0,                                                                                                                                    
       "Local Hit Blocks": 0,                                                                                                                                         
       "Local Read Blocks": 0,                                                                                                                                        
       "Local Dirtied Blocks": 0,                                                                                                                                     
       "Local Written Blocks": 0,                                                                                                                                     
       "Temp Read Blocks": 0,                                                                                                                                         
       "Temp Written Blocks": 0,                                                                                                                                      
       "Plans": [                                                                                                                                                     
         {                                                                                                                                                            
           "Node Type": "Hash Join",                                                                                                                                  
           "Parent Relationship": "Outer",                                                                                                                            
           "Parallel Aware": false,                                                                                                                                   
           "Join Type": "Inner",                                                                                                                                      
           "Startup Cost": 17878.37,                                                                                                                                  
           "Total Cost": 34038.30,                                                                                                                                    
           "Plan Rows": 1,                                                                                                                                            
           "Plan Width": 48,                                                                                                                                          
           "Actual Startup Time": 23581.657,                                                                                                                          
           "Actual Total Time": 30700.514,                                                                                                                            
           "Actual Rows": 45,                                                                                                                                         
           "Actual Loops": 1,                                                                                                                                         
           "Inner Unique": true,                                                                                                                                      
           "Hash Cond": "(mi.info_type_id = it.id)",                                                                                                                  
           "Shared Hit Blocks": 6673,                                                                                                                                 
           "Shared Read Blocks": 601608,                                                                                                                              
           "Shared Dirtied Blocks": 0,                                                                                                                                
           "Shared Written Blocks": 0,                                                                                                                                
           "Local Hit Blocks": 0,                                                                                                                                     
           "Local Read Blocks": 0,                                                                                                                                    
           "Local Dirtied Blocks": 0,                                                                                                                                 
           "Local Written Blocks": 0,                                                                                                                                 
           "Temp Read Blocks": 0,                                                                                                                                     
           "Temp Written Blocks": 0,                                                                                                                                  
           "Plans": [                                                                                                                                                 
             {                                                                                                                                                        
               "Node Type": "Hash Join",                                                                                                                              
               "Parent Relationship": "Outer",                                                                                                                        
               "Parallel Aware": false,                                                                                                                               
               "Join Type": "Inner",                                                                                                                                  
               "Startup Cost": 17878.32,                                                                                                                              
               "Total Cost": 34038.25,                                                                                                                                
               "Plan Rows": 1,                                                                                                                                        
               "Plan Width": 52,                                                                                                                                      
               "Actual Startup Time": 23556.267,                                                                                                                      
               "Actual Total Time": 30675.112,                                                                                                                        
               "Actual Rows": 45,                                                                                                                                     
               "Actual Loops": 1,                                                                                                                                     
               "Inner Unique": false,                                                                                                                                 
               "Hash Cond": "(t.id = mi.movie_id)",                                                                                                                   
               "Shared Hit Blocks": 6670,                                                                                                                             
               "Shared Read Blocks": 601607,                                                                                                                          
               "Shared Dirtied Blocks": 0,                                                                                                                            
               "Shared Written Blocks": 0,                                                                                                                            
               "Local Hit Blocks": 0,                                                                                                                                 
               "Local Read Blocks": 0,                                                                                                                                
               "Local Dirtied Blocks": 0,                                                                                                                             
               "Local Written Blocks": 0,                                                                                                                             
               "Temp Read Blocks": 0,                                                                                                                                 
               "Temp Written Blocks": 0,                                                                                                                              
               "Plans": [                                                                                                                                             
                 {                                                                                                                                                    
                   "Node Type": "Hash Join",                                                                                                                          
                   "Parent Relationship": "Outer",                                                                                                                    
                   "Parallel Aware": false,                                                                                                                           
                   "Join Type": "Inner",                                                                                                                              
                   "Startup Cost": 9426.33,                                                                                                                           
                   "Total Cost": 25586.14,                                                                                                                            
                   "Plan Rows": 1,                                                                                                                                    
                   "Plan Width": 64,                                                                                                                                  
                   "Actual Startup Time": 14264.283,                                                                                                                  
                   "Actual Total Time": 21383.116,                                                                                                                    
                   "Actual Rows": 25,                                                                                                                                 
                   "Actual Loops": 1,                                                                                                                                 
                   "Inner Unique": true,                                                                                                                              
                   "Hash Cond": "(ci.person_role_id = chn.id)",                                                                                                       
                   "Shared Hit Blocks": 0,                                                                                                                            
                   "Shared Read Blocks": 439294,                                                                                                                      
                   "Shared Dirtied Blocks": 0,                                                                                                                        
                   "Shared Written Blocks": 0,                                                                                                                        
                   "Local Hit Blocks": 0,                                                                                                                             
                   "Local Read Blocks": 0,                                                                                                                            
                   "Local Dirtied Blocks": 0,                                                                                                                         
                   "Local Written Blocks": 0,                                                                                                                         
                   "Temp Read Blocks": 0,                                                                                                                             
                   "Temp Written Blocks": 0,                                                                                                                          
                   "Plans": [                                                                                                                                         
                     {                                                                                                                                                
                       "Node Type": "Hash Join",                                                                                                                      
                       "Parent Relationship": "Outer",                                                                                                                
                       "Parallel Aware": false,                                                                                                                       
                       "Join Type": "Inner",                                                                                                                          
                       "Startup Cost": 7605.03,                                                                                                                       
                       "Total Cost": 23764.84,                                                                                                                        
                       "Plan Rows": 1,                                                                                                                                
                       "Plan Width": 52,                                                                                                                              
                       "Actual Startup Time": 12510.813,                                                                                                              
                       "Actual Total Time": 19629.639,                                                                                                                
                       "Actual Rows": 25,                                                                                                                             
                       "Actual Loops": 1,                                                                                                                             
                       "Inner Unique": true,                                                                                                                          
                       "Hash Cond": "(ci.role_id = rt.id)",                                                                                                           
                       "Shared Hit Blocks": 0,                                                                                                                        
                       "Shared Read Blocks": 402847,                                                                                                                  
                       "Shared Dirtied Blocks": 0,                                                                                                                    
                       "Shared Written Blocks": 0,                                                                                                                    
                       "Local Hit Blocks": 0,                                                                                                                         
                       "Local Read Blocks": 0,                                                                                                                        
                       "Local Dirtied Blocks": 0,                                                                                                                     
                       "Local Written Blocks": 0,                                                                                                                     
                       "Temp Read Blocks": 0,                                                                                                                         
                       "Temp Written Blocks": 0,                                                                                                                      
                       "Plans": [                                                                                                                                     
                         {                                                                                                                                            
                           "Node Type": "Hash Join",                                                                                                                  
                           "Parent Relationship": "Outer",                                                                                                            
                           "Parallel Aware": false,                                                                                                                   
                           "Join Type": "Inner",                                                                                                                      
                           "Startup Cost": 7604.99,                                                                                                                   
                           "Total Cost": 23764.80,                                                                                                                    
                           "Plan Rows": 1,                                                                                                                            
                           "Plan Width": 56,                                                                                                                          
                           "Actual Startup Time": 12486.041,                                                                                                          
                           "Actual Total Time": 19604.860,                                                                                                            
                           "Actual Rows": 25,                                                                                                                         
                           "Actual Loops": 1,                                                                                                                         
                           "Inner Unique": false,                                                                                                                     
                           "Hash Cond": "(ci.person_id = n.id)",                                                                                                      
                           "Shared Hit Blocks": 0,                                                                                                                    
                           "Shared Read Blocks": 402846,                                                                                                              
                           "Shared Dirtied Blocks": 0,                                                                                                                
                           "Shared Written Blocks": 0,                                                                                                                
                           "Local Hit Blocks": 0,                                                                                                                     
                           "Local Read Blocks": 0,                                                                                                                    
                           "Local Dirtied Blocks": 0,                                                                                                                 
                           "Local Written Blocks": 0,                                                                                                                 
                           "Temp Read Blocks": 0,                                                                                                                     
                           "Temp Written Blocks": 0,                                                                                                                  
                           "Plans": [                                                                                                                                 
                             {                                                                                                                                        
                               "Node Type": "Hash Join",                                                                                                              
                               "Parent Relationship": "Outer",                                                                                                        
                               "Parallel Aware": false,                                                                                                               
                               "Join Type": "Inner",                                                                                                                  
                               "Startup Cost": 4425.35,                                                                                                               
                               "Total Cost": 20585.16,                                                                                                                
                               "Plan Rows": 1,                                                                                                                        
                               "Plan Width": 45,                                                                                                                      
                               "Actual Startup Time": 4323.141,                                                                                                       
                               "Actual Total Time": 16421.251,                                                                                                        
                               "Actual Rows": 108,                                                                                                                    
                               "Actual Loops": 1,                                                                                                                     
                               "Inner Unique": false,                                                                                                                 
                               "Hash Cond": "(ci.movie_id = t.id)",                                                                                                   
                               "Shared Hit Blocks": 0,                                                                                                                
                               "Shared Read Blocks": 335838,                                                                                                          
                               "Shared Dirtied Blocks": 0,                                                                                                            
                               "Shared Written Blocks": 0,                                                                                                            
                               "Local Hit Blocks": 0,                                                                                                                 
                               "Local Read Blocks": 0,                                                                                                                
                               "Local Dirtied Blocks": 0,                                                                                                             
                               "Local Written Blocks": 0,                                                                                                             
                               "Temp Read Blocks": 0,                                                                                                                 
                               "Temp Written Blocks": 0,                                                                                                              
                               "Plans": [                                                                                                                             
                                 {                                                                                                                                    
                                   "Node Type": "Seq Scan",                                                                                                           
                                   "Parent Relationship": "Outer",                                                                                                    
                                   "Parallel Aware": false,                                                                                                           
                                   "Relation Name": "cast_info",                                                                                                      
                                   "Alias": "ci",                                                                                                                     
                                   "Startup Cost": 0.00,                                                                                                              
                                   "Total Cost": 16059.00,                                                                                                            
                                   "Plan Rows": 865636,                                                                                                               
                                   "Plan Width": 16,                                                                                                                  
                                   "Actual Startup Time": 2.777,                                                                                                      
                                   "Actual Total Time": 12258.944,                                                                                                    
                                   "Actual Rows": 867477,                                                                                                             
                                   "Actual Loops": 1,                                                                                                                 
                                   "Filter": "(note = ANY ('{(voice),\"(voice: Japanese version)\",\"(voice) (uncredited)\",\"(voice: English version)\"}'::text[]))",
                                   "Rows Removed by Filter": 35376867,                                                                                                
                                   "Shared Hit Blocks": 0,                                                                                                            
                                   "Shared Read Blocks": 252654,                                                                                                      
                                   "Shared Dirtied Blocks": 0,                                                                                                        
                                   "Shared Written Blocks": 0,                                                                                                        
                                   "Local Hit Blocks": 0,                                                                                                             
                                   "Local Read Blocks": 0,                                                                                                            
                                   "Local Dirtied Blocks": 0,                                                                                                         
                                   "Local Written Blocks": 0,                                                                                                         
                                   "Temp Read Blocks": 0,                                                                                                             
                                   "Temp Written Blocks": 0                                                                                                           
                                 },                                                                                                                                   
                                 {                                                                                                                                    
                                   "Node Type": "Hash",                                                                                                               
                                   "Parent Relationship": "Inner",                                                                                                    
                                   "Parallel Aware": false,                                                                                                           
                                   "Startup Cost": 4425.35,                                                                                                           
                                   "Total Cost": 4425.35,                                                                                                             
                                   "Plan Rows": 1,                                                                                                                    
                                   "Plan Width": 29,                                                                                                                  
                                   "Actual Startup Time": 4020.644,                                                                                                   
                                   "Actual Total Time": 4020.644,                                                                                                     
                                   "Actual Rows": 6,                                                                                                                  
                                   "Actual Loops": 1,                                                                                                                 
                                   "Hash Buckets": 1024,                                                                                                              
                                   "Original Hash Buckets": 1024,                                                                                                     
                                   "Hash Batches": 1,                                                                                                                 
                                   "Original Hash Batches": 1,                                                                                                        
                                   "Peak Memory Usage": 9,                                                                                                            
                                   "Shared Hit Blocks": 0,                                                                                                            
                                   "Shared Read Blocks": 83184,                                                                                                       
                                   "Shared Dirtied Blocks": 0,                                                                                                        
                                   "Shared Written Blocks": 0,                                                                                                        
                                   "Local Hit Blocks": 0,                                                                                                             
                                   "Local Read Blocks": 0,                                                                                                            
                                   "Local Dirtied Blocks": 0,                                                                                                         
                                   "Local Written Blocks": 0,                                                                                                         
                                   "Temp Read Blocks": 0,                                                                                                             
                                   "Temp Written Blocks": 0,                                                                                                          
                                   "Plans": [                                                                                                                         
                                     {                                                                                                                                
                                       "Node Type": "Hash Join",                                                                                                      
                                       "Parent Relationship": "Outer",                                                                                                
                                       "Parallel Aware": false,                                                                                                       
                                       "Join Type": "Inner",                                                                                                          
                                       "Startup Cost": 3351.73,                                                                                                       
                                       "Total Cost": 4425.35,                                                                                                         
                                       "Plan Rows": 1,                                                                                                                
                                       "Plan Width": 29,                                                                                                              
                                       "Actual Startup Time": 3727.295,                                                                                               
                                       "Actual Total Time": 4020.633,                                                                                                 
                                       "Actual Rows": 6,                                                                                                              
                                       "Actual Loops": 1,                                                                                                             
                                       "Inner Unique": true,                                                                                                          
                                       "Hash Cond": "(mc.company_id = cn.id)",                                                                                        
                                       "Shared Hit Blocks": 0,                                                                                                        
                                       "Shared Read Blocks": 83184,                                                                                                   
                                       "Shared Dirtied Blocks": 0,                                                                                                    
                                       "Shared Written Blocks": 0,                                                                                                    
                                       "Local Hit Blocks": 0,                                                                                                         
                                       "Local Read Blocks": 0,                                                                                                        
                                       "Local Dirtied Blocks": 0,                                                                                                     
                                       "Local Written Blocks": 0,                                                                                                     
                                       "Temp Read Blocks": 0,                                                                                                         
                                       "Temp Written Blocks": 0,                                                                                                      
                                       "Plans": [                                                                                                                     
                                         {                                                                                                                            
                                           "Node Type": "Hash Join",                                                                                                  
                                           "Parent Relationship": "Outer",                                                                                            
                                           "Parallel Aware": false,                                                                                                   
                                           "Join Type": "Inner",                                                                                                      
                                           "Startup Cost": 3205.08,                                                                                                   
                                           "Total Cost": 4278.70,                                                                                                     
                                           "Plan Rows": 1,                                                                                                            
                                           "Plan Width": 33,                                                                                                          
                                           "Actual Startup Time": 3060.762,                                                                                           
                                           "Actual Total Time": 3874.376,                                                                                             
                                           "Actual Rows": 62,                                                                                                         
                                           "Actual Loops": 1,                                                                                                         
                                           "Inner Unique": false,                                                                                                     
                                           "Hash Cond": "(mc.movie_id = t.id)",                                                                                       
                                           "Shared Hit Blocks": 0,                                                                                                    
                                           "Shared Read Blocks": 80190,                                                                                               
                                           "Shared Dirtied Blocks": 0,                                                                                                
                                           "Shared Written Blocks": 0,                                                                                                
                                           "Local Hit Blocks": 0,                                                                                                     
                                           "Local Read Blocks": 0,                                                                                                    
                                           "Local Dirtied Blocks": 0,                                                                                                 
                                           "Local Written Blocks": 0,                                                                                                 
                                           "Temp Read Blocks": 0,                                                                                                     
                                           "Temp Written Blocks": 0,                                                                                                  
                                           "Plans": [                                                                                                                 
                                             {                                                                                                                        
                                               "Node Type": "Seq Scan",                                                                                               
                                               "Parent Relationship": "Outer",                                                                                        
                                               "Parallel Aware": false,                                                                                               
                                               "Relation Name": "movie_companies",                                                                                    
                                               "Alias": "mc",                                                                                                         
                                               "Startup Cost": 0.00,                                                                                                  
                                               "Total Cost": 769.75,                                                                                                  
                                               "Plan Rows": 2609129,                                                                                                  
                                               "Plan Width": 8,                                                                                                       
                                               "Actual Startup Time": 3.279,                                                                                          
                                               "Actual Total Time": 504.608,                                                                                          
                                               "Actual Rows": 2609129,                                                                                                
                                               "Actual Loops": 1,                                                                                                     
                                               "Shared Hit Blocks": 0,                                                                                                
                                               "Shared Read Blocks": 18789,                                                                                           
                                               "Shared Dirtied Blocks": 0,                                                                                            
                                               "Shared Written Blocks": 0,                                                                                            
                                               "Local Hit Blocks": 0,                                                                                                 
                                               "Local Read Blocks": 0,                                                                                                
                                               "Local Dirtied Blocks": 0,                                                                                             
                                               "Local Written Blocks": 0,                                                                                             
                                               "Temp Read Blocks": 0,                                                                                                 
                                               "Temp Written Blocks": 0                                                                                               
                                             },                                                                                                                       
                                             {                                                                                                                        
                                               "Node Type": "Hash",                                                                                                   
                                               "Parent Relationship": "Inner",                                                                                        
                                               "Parallel Aware": false,                                                                                               
                                               "Startup Cost": 3205.08,                                                                                               
                                               "Total Cost": 3205.08,                                                                                                 
                                               "Plan Rows": 1,                                                                                                        
                                               "Plan Width": 25,                                                                                                      
                                               "Actual Startup Time": 2974.456,                                                                                       
                                               "Actual Total Time": 2974.456,                                                                                         
                                               "Actual Rows": 7,                                                                                                      
                                               "Actual Loops": 1,                                                                                                     
                                               "Hash Buckets": 1024,                                                                                                  
                                               "Original Hash Buckets": 1024,                                                                                         
                                               "Hash Batches": 1,                                                                                                     
                                               "Original Hash Batches": 1,                                                                                            
                                               "Peak Memory Usage": 9,                                                                                                
                                               "Shared Hit Blocks": 0,                                                                                                
                                               "Shared Read Blocks": 61401,                                                                                           
                                               "Shared Dirtied Blocks": 0,                                                                                            
                                               "Shared Written Blocks": 0,                                                                                            
                                               "Local Hit Blocks": 0,                                                                                                 
                                               "Local Read Blocks": 0,                                                                                                
                                               "Local Dirtied Blocks": 0,                                                                                             
                                               "Local Written Blocks": 0,                                                                                             
                                               "Temp Read Blocks": 0,                                                                                                 
                                               "Temp Written Blocks": 0,                                                                                              
                                               "Plans": [                                                                                                             
                                                 {                                                                                                                    
                                                   "Node Type": "Hash Join",                                                                                          
                                                   "Parent Relationship": "Outer",                                                                                    
                                                   "Parallel Aware": false,                                                                                           
                                                   "Join Type": "Inner",                                                                                              
                                                   "Startup Cost": 1756.44,                                                                                           
                                                   "Total Cost": 3205.08,                                                                                             
                                                   "Plan Rows": 1,                                                                                                    
                                                   "Plan Width": 25,                                                                                                  
                                                   "Actual Startup Time": 1933.430,                                                                                   
                                                   "Actual Total Time": 2974.444,                                                                                     
                                                   "Actual Rows": 7,                                                                                                  
                                                   "Actual Loops": 1,                                                                                                 
                                                   "Inner Unique": true,                                                                                              
                                                   "Hash Cond": "(mk.keyword_id = k.id)",                                                                             
                                                   "Shared Hit Blocks": 0,                                                                                            
                                                   "Shared Read Blocks": 61401,                                                                                       
                                                   "Shared Dirtied Blocks": 0,                                                                                        
                                                   "Shared Written Blocks": 0,                                                                                        
                                                   "Local Hit Blocks": 0,                                                                                             
                                                   "Local Read Blocks": 0,                                                                                            
                                                   "Local Dirtied Blocks": 0,                                                                                         
                                                   "Local Written Blocks": 0,                                                                                         
                                                   "Temp Read Blocks": 0,                                                                                             
                                                   "Temp Written Blocks": 0,                                                                                          
                                                   "Plans": [                                                                                                         
                                                     {                                                                                                                
                                                       "Node Type": "Hash Join",                                                                                      
                                                       "Parent Relationship": "Outer",                                                                                
                                                       "Parallel Aware": false,                                                                                       
                                                       "Join Type": "Inner",                                                                                          
                                                       "Startup Cost": 1696.56,                                                                                       
                                                       "Total Cost": 3145.20,                                                                                         
                                                       "Plan Rows": 52,                                                                                               
                                                       "Plan Width": 29,                                                                                              
                                                       "Actual Startup Time": 1842.197,                                                                               
                                                       "Actual Total Time": 2883.198,                                                                                 
                                                       "Actual Rows": 88,                                                                                             
                                                       "Actual Loops": 1,                                                                                             
                                                       "Inner Unique": true,                                                                                          
                                                       "Hash Cond": "(mk.movie_id = t.id)",                                                                           
                                                       "Shared Hit Blocks": 0,                                                                                        
                                                       "Shared Read Blocks": 60452,                                                                                   
                                                       "Shared Dirtied Blocks": 0,                                                                                    
                                                       "Shared Written Blocks": 0,                                                                                    
                                                       "Local Hit Blocks": 0,                                                                                         
                                                       "Local Read Blocks": 0,                                                                                        
                                                       "Local Dirtied Blocks": 0,                                                                                     
                                                       "Local Written Blocks": 0,                                                                                     
                                                       "Temp Read Blocks": 0,                                                                                         
                                                       "Temp Written Blocks": 0,                                                                                      
                                                       "Plans": [                                                                                                     
                                                         {                                                                                                            
                                                           "Node Type": "Seq Scan",                                                                                   
                                                           "Parent Relationship": "Outer",                                                                            
                                                           "Parallel Aware": false,                                                                                   
                                                           "Relation Name": "movie_keyword",                                                                          
                                                           "Alias": "mk",                                                                                             
                                                           "Startup Cost": 0.00,                                                                                      
                                                           "Total Cost": 1079.84,                                                                                     
                                                           "Plan Rows": 4523930,                                                                                      
                                                           "Plan Width": 8,                                                                                           
                                                           "Actual Startup Time": 24.976,                                                                             
                                                           "Actual Total Time": 607.604,                                                                              
                                                           "Actual Rows": 4523930,                                                                                    
                                                           "Actual Loops": 1,                                                                                         
                                                           "Shared Hit Blocks": 0,                                                                                    
                                                           "Shared Read Blocks": 24454,                                                                               
                                                           "Shared Dirtied Blocks": 0,                                                                                
                                                           "Shared Written Blocks": 0,                                                                                
                                                           "Local Hit Blocks": 0,                                                                                     
                                                           "Local Read Blocks": 0,                                                                                    
                                                           "Local Dirtied Blocks": 0,                                                                                 
                                                           "Local Written Blocks": 0,                                                                                 
                                                           "Temp Read Blocks": 0,                                                                                     
                                                           "Temp Written Blocks": 0                                                                                   
                                                         },                                                                                                           
                                                         {                                                                                                            
                                                           "Node Type": "Hash",                                                                                       
                                                           "Parent Relationship": "Inner",                                                                            
                                                           "Parallel Aware": false,                                                                                   
                                                           "Startup Cost": 1696.56,                                                                                   
                                                           "Total Cost": 1696.56,                                                                                     
                                                           "Plan Rows": 29,                                                                                           
                                                           "Plan Width": 21,                                                                                          
                                                           "Actual Startup Time": 1719.798,                                                                           
                                                           "Actual Total Time": 1719.798,                                                                             
                                                           "Actual Rows": 8,                                                                                          
                                                           "Actual Loops": 1,                                                                                         
                                                           "Hash Buckets": 1024,                                                                                      
                                                           "Original Hash Buckets": 1024,                                                                             
                                                           "Hash Batches": 1,                                                                                         
                                                           "Original Hash Batches": 1,                                                                                
                                                           "Peak Memory Usage": 9,                                                                                    
                                                           "Shared Hit Blocks": 0,                                                                                    
                                                           "Shared Read Blocks": 35998,                                                                               
                                                           "Shared Dirtied Blocks": 0,                                                                                
                                                           "Shared Written Blocks": 0,                                                                                
                                                           "Local Hit Blocks": 0,                                                                                     
                                                           "Local Read Blocks": 0,                                                                                    
                                                           "Local Dirtied Blocks": 0,                                                                                 
                                                           "Local Written Blocks": 0,                                                                                 
                                                           "Temp Read Blocks": 0,                                                                                     
                                                           "Temp Written Blocks": 0,                                                                                  
                                                           "Plans": [                                                                                                 
                                                             {                                                                                                        
                                                               "Node Type": "Seq Scan",                                                                               
                                                               "Parent Relationship": "Outer",                                                                        
                                                               "Parallel Aware": false,                                                                               
                                                               "Relation Name": "title",                                                                              
                                                               "Alias": "t",                                                                                          
                                                               "Startup Cost": 0.00,                                                                                  
                                                               "Total Cost": 1696.56,                                                                                 
                                                               "Plan Rows": 29,                                                                                       
                                                               "Plan Width": 21,                                                                                      
                                                               "Actual Startup Time": 412.670,                                                                        
                                                               "Actual Total Time": 1719.743,                                                                         
                                                               "Actual Rows": 8,                                                                                      
                                                               "Actual Loops": 1,                                                                                     
                                                               "Filter": "((production_year > 2010) AND (title ~~ 'Kung Fu Panda%'::text))",                          
                                                               "Rows Removed by Filter": 2528304,                                                                     
                                                               "Shared Hit Blocks": 0,                                                                                
                                                               "Shared Read Blocks": 35998,                                                                           
                                                               "Shared Dirtied Blocks": 0,                                                                            
                                                               "Shared Written Blocks": 0,                                                                            
                                                               "Local Hit Blocks": 0,                                                                                 
                                                               "Local Read Blocks": 0,                                                                                
                                                               "Local Dirtied Blocks": 0,                                                                             
                                                               "Local Written Blocks": 0,                                                                             
                                                               "Temp Read Blocks": 0,                                                                                 
                                                               "Temp Written Blocks": 0                                                                               
                                                             }                                                                                                        
                                                           ]                                                                                                          
                                                         }                                                                                                            
                                                       ]                                                                                                              
                                                     },                                                                                                               
                                                     {                                                                                                                
                                                       "Node Type": "Hash",                                                                                           
                                                       "Parent Relationship": "Inner",                                                                                
                                                       "Parallel Aware": false,                                                                                       
                                                       "Startup Cost": 59.88,                                                                                         
                                                       "Total Cost": 59.88,                                                                                           
                                                       "Plan Rows": 4,                                                                                                
                                                       "Plan Width": 4,                                                                                               
                                                       "Actual Startup Time": 91.204,                                                                                 
                                                       "Actual Total Time": 91.204,                                                                                   
                                                       "Actual Rows": 3,                                                                                              
                                                       "Actual Loops": 1,                                                                                             
                                                       "Hash Buckets": 1024,                                                                                          
                                                       "Original Hash Buckets": 1024,                                                                                 
                                                       "Hash Batches": 1,                                                                                             
                                                       "Original Hash Batches": 1,                                                                                    
                                                       "Peak Memory Usage": 9,                                                                                        
                                                       "Shared Hit Blocks": 0,                                                                                        
                                                       "Shared Read Blocks": 949,                                                                                     
                                                       "Shared Dirtied Blocks": 0,                                                                                    
                                                       "Shared Written Blocks": 0,                                                                                    
                                                       "Local Hit Blocks": 0,                                                                                         
                                                       "Local Read Blocks": 0,                                                                                        
                                                       "Local Dirtied Blocks": 0,                                                                                     
                                                       "Local Written Blocks": 0,                                                                                     
                                                       "Temp Read Blocks": 0,                                                                                         
                                                       "Temp Written Blocks": 0,                                                                                      
                                                       "Plans": [                                                                                                     
                                                         {                                                                                                            
                                                           "Node Type": "Seq Scan",                                                                                   
                                                           "Parent Relationship": "Outer",                                                                            
                                                           "Parallel Aware": false,                                                                                   
                                                           "Relation Name": "keyword",                                                                                
                                                           "Alias": "k",                                                                                              
                                                           "Startup Cost": 0.00,                                                                                      
                                                           "Total Cost": 59.88,                                                                                       
                                                           "Plan Rows": 4,                                                                                            
                                                           "Plan Width": 4,                                                                                           
                                                           "Actual Startup Time": 26.491,                                                                             
                                                           "Actual Total Time": 91.179,                                                                               
                                                           "Actual Rows": 3,                                                                                          
                                                           "Actual Loops": 1,                                                                                         
                                                           "Filter": "(keyword = ANY ('{hero,martial-arts,hand-to-hand-combat,computer-animated-movie}'::text[]))",   
                                                           "Rows Removed by Filter": 134167,                                                                          
                                                           "Shared Hit Blocks": 0,                                                                                    
                                                           "Shared Read Blocks": 949,                                                                                 
                                                           "Shared Dirtied Blocks": 0,                                                                                
                                                           "Shared Written Blocks": 0,                                                                                
                                                           "Local Hit Blocks": 0,                                                                                     
                                                           "Local Read Blocks": 0,                                                                                    
                                                           "Local Dirtied Blocks": 0,                                                                                 
                                                           "Local Written Blocks": 0,                                                                                 
                                                           "Temp Read Blocks": 0,                                                                                     
                                                           "Temp Written Blocks": 0                                                                                   
                                                         }                                                                                                            
                                                       ]                                                                                                              
                                                     }                                                                                                                
                                                   ]                                                                                                                  
                                                 }                                                                                                                    
                                               ]                                                                                                                      
                                             }                                                                                                                        
                                           ]                                                                                                                          
                                         },                                                                                                                           
                                         {                                                                                                                            
                                           "Node Type": "Hash",                                                                                                       
                                           "Parent Relationship": "Inner",                                                                                            
                                           "Parallel Aware": false,                                                                                                   
                                           "Startup Cost": 146.65,                                                                                                    
                                           "Total Cost": 146.65,                                                                                                      
                                           "Plan Rows": 1,                                                                                                            
                                           "Plan Width": 4,                                                                                                           
                                           "Actual Startup Time": 146.215,                                                                                            
                                           "Actual Total Time": 146.215,                                                                                              
                                           "Actual Rows": 1,                                                                                                          
                                           "Actual Loops": 1,                                                                                                         
                                           "Hash Buckets": 1024,                                                                                                      
                                           "Original Hash Buckets": 1024,                                                                                             
                                           "Hash Batches": 1,                                                                                                         
                                           "Original Hash Batches": 1,                                                                                                
                                           "Peak Memory Usage": 9,                                                                                                    
                                           "Shared Hit Blocks": 0,                                                                                                    
                                           "Shared Read Blocks": 2994,                                                                                                
                                           "Shared Dirtied Blocks": 0,                                                                                                
                                           "Shared Written Blocks": 0,                                                                                                
                                           "Local Hit Blocks": 0,                                                                                                     
                                           "Local Read Blocks": 0,                                                                                                    
                                           "Local Dirtied Blocks": 0,                                                                                                 
                                           "Local Written Blocks": 0,                                                                                                 
                                           "Temp Read Blocks": 0,                                                                                                     
                                           "Temp Written Blocks": 0,                                                                                                  
                                           "Plans": [                                                                                                                 
                                             {                                                                                                                        
                                               "Node Type": "Seq Scan",                                                                                               
                                               "Parent Relationship": "Outer",                                                                                        
                                               "Parallel Aware": false,                                                                                               
                                               "Relation Name": "company_name",                                                                                       
                                               "Alias": "cn",                                                                                                         
                                               "Startup Cost": 0.00,                                                                                                  
                                               "Total Cost": 146.65,                                                                                                  
                                               "Plan Rows": 1,                                                                                                        
                                               "Plan Width": 4,                                                                                                       
                                               "Actual Startup Time": 47.916,                                                                                         
                                               "Actual Total Time": 146.208,                                                                                          
                                               "Actual Rows": 1,                                                                                                      
                                               "Actual Loops": 1,                                                                                                     
                                               "Filter": "(((country_code)::text = '[us]'::text) AND (name = 'DreamWorks Animation'::text))",                         
                                               "Rows Removed by Filter": 234996,                                                                                      
                                               "Shared Hit Blocks": 0,                                                                                                
                                               "Shared Read Blocks": 2994,                                                                                            
                                               "Shared Dirtied Blocks": 0,                                                                                            
                                               "Shared Written Blocks": 0,                                                                                            
                                               "Local Hit Blocks": 0,                                                                                                 
                                               "Local Read Blocks": 0,                                                                                                
                                               "Local Dirtied Blocks": 0,                                                                                             
                                               "Local Written Blocks": 0,                                                                                             
                                               "Temp Read Blocks": 0,                                                                                                 
                                               "Temp Written Blocks": 0                                                                                               
                                             }                                                                                                                        
                                           ]                                                                                                                          
                                         }                                                                                                                            
                                       ]                                                                                                                              
                                     }                                                                                                                                
                                   ]                                                                                                                                  
                                 }                                                                                                                                    
                               ]                                                                                                                                      
                             },                                                                                                                                       
                             {                                                                                                                                        
                               "Node Type": "Hash",                                                                                                                   
                               "Parent Relationship": "Inner",                                                                                                        
                               "Parallel Aware": false,                                                                                                               
                               "Startup Cost": 3178.45,                                                                                                               
                               "Total Cost": 3178.45,                                                                                                                 
                               "Plan Rows": 8155,                                                                                                                     
                               "Plan Width": 23,                                                                                                                      
                               "Actual Startup Time": 3183.437,                                                                                                       
                               "Actual Total Time": 3183.437,                                                                                                         
                               "Actual Rows": 10525,                                                                                                                  
                               "Actual Loops": 1,                                                                                                                     
                               "Hash Buckets": 16384,                                                                                                                 
                               "Original Hash Buckets": 8192,                                                                                                         
                               "Hash Batches": 1,                                                                                                                     
                               "Original Hash Batches": 1,                                                                                                            
                               "Peak Memory Usage": 724,                                                                                                              
                               "Shared Hit Blocks": 0,                                                                                                                
                               "Shared Read Blocks": 67008,                                                                                                           
                               "Shared Dirtied Blocks": 0,                                                                                                            
                               "Shared Written Blocks": 0,                                                                                                            
                               "Local Hit Blocks": 0,                                                                                                                 
                               "Local Read Blocks": 0,                                                                                                                
                               "Local Dirtied Blocks": 0,                                                                                                             
                               "Local Written Blocks": 0,                                                                                                             
                               "Temp Read Blocks": 0,                                                                                                                 
                               "Temp Written Blocks": 0,                                                                                                              
                               "Plans": [                                                                                                                             
                                 {                                                                                                                                    
                                   "Node Type": "Hash Join",                                                                                                          
                                   "Parent Relationship": "Outer",                                                                                                    
                                   "Parallel Aware": false,                                                                                                           
                                   "Join Type": "Inner",                                                                                                              
                                   "Startup Cost": 2685.22,                                                                                                           
                                   "Total Cost": 3178.45,                                                                                                             
                                   "Plan Rows": 8155,                                                                                                                 
                                   "Plan Width": 23,                                                                                                                  
                                   "Actual Startup Time": 2635.057,                                                                                                   
                                   "Actual Total Time": 3178.447,                                                                                                     
                                   "Actual Rows": 10525,                                                                                                              
                                   "Actual Loops": 1,                                                                                                                 
                                   "Inner Unique": true,                                                                                                              
                                   "Hash Cond": "(an.person_id = n.id)",                                                                                              
                                   "Shared Hit Blocks": 0,                                                                                                            
                                   "Shared Read Blocks": 67008,                                                                                                       
                                   "Shared Dirtied Blocks": 0,                                                                                                        
                                   "Shared Written Blocks": 0,                                                                                                        
                                   "Local Hit Blocks": 0,                                                                                                             
                                   "Local Read Blocks": 0,                                                                                                            
                                   "Local Dirtied Blocks": 0,                                                                                                         
                                   "Local Written Blocks": 0,                                                                                                         
                                   "Temp Read Blocks": 0,                                                                                                             
                                   "Temp Written Blocks": 0,                                                                                                          
                                   "Plans": [                                                                                                                         
                                     {                                                                                                                                
                                       "Node Type": "Seq Scan",                                                                                                       
                                       "Parent Relationship": "Outer",                                                                                                
                                       "Parallel Aware": false,                                                                                                       
                                       "Relation Name": "aka_name",                                                                                                   
                                       "Alias": "an",                                                                                                                 
                                       "Startup Cost": 0.00,                                                                                                          
                                       "Total Cost": 419.75,                                                                                                          
                                       "Plan Rows": 901343,                                                                                                           
                                       "Plan Width": 4,                                                                                                               
                                       "Actual Startup Time": 26.633,                                                                                                 
                                       "Actual Total Time": 337.257,                                                                                                  
                                       "Actual Rows": 901343,                                                                                                         
                                       "Actual Loops": 1,                                                                                                             
                                       "Shared Hit Blocks": 0,                                                                                                        
                                       "Shared Read Blocks": 11395,                                                                                                   
                                       "Shared Dirtied Blocks": 0,                                                                                                    
                                       "Shared Written Blocks": 0,                                                                                                    
                                       "Local Hit Blocks": 0,                                                                                                         
                                       "Local Read Blocks": 0,                                                                                                        
                                       "Local Dirtied Blocks": 0,                                                                                                     
                                       "Local Written Blocks": 0,                                                                                                     
                                       "Temp Read Blocks": 0,                                                                                                         
                                       "Temp Written Blocks": 0                                                                                                       
                                     },                                                                                                                               
                                     {                                                                                                                                
                                       "Node Type": "Hash",                                                                                                           
                                       "Parent Relationship": "Inner",                                                                                                
                                       "Parallel Aware": false,                                                                                                       
                                       "Startup Cost": 2679.69,                                                                                                       
                                       "Total Cost": 2679.69,                                                                                                         
                                       "Plan Rows": 37708,                                                                                                            
                                       "Plan Width": 19,                                                                                                              
                                       "Actual Startup Time": 2602.466,                                                                                               
                                       "Actual Total Time": 2602.466,                                                                                                 
                                       "Actual Rows": 50011,                                                                                                          
                                       "Actual Loops": 1,                                                                                                             
                                       "Hash Buckets": 65536,                                                                                                         
                                       "Original Hash Buckets": 65536,                                                                                                
                                       "Hash Batches": 1,                                                                                                             
                                       "Original Hash Batches": 1,                                                                                                    
                                       "Peak Memory Usage": 3135,                                                                                                     
                                       "Shared Hit Blocks": 0,                                                                                                        
                                       "Shared Read Blocks": 55613,                                                                                                   
                                       "Shared Dirtied Blocks": 0,                                                                                                    
                                       "Shared Written Blocks": 0,                                                                                                    
                                       "Local Hit Blocks": 0,                                                                                                         
                                       "Local Read Blocks": 0,                                                                                                        
                                       "Local Dirtied Blocks": 0,                                                                                                     
                                       "Local Written Blocks": 0,                                                                                                     
                                       "Temp Read Blocks": 0,                                                                                                         
                                       "Temp Written Blocks": 0,                                                                                                      
                                       "Plans": [                                                                                                                     
                                         {                                                                                                                            
                                           "Node Type": "Seq Scan",                                                                                                   
                                           "Parent Relationship": "Outer",                                                                                            
                                           "Parallel Aware": false,                                                                                                   
                                           "Relation Name": "name",                                                                                                   
                                           "Alias": "n",                                                                                                              
                                           "Startup Cost": 0.00,                                                                                                      
                                           "Total Cost": 2679.69,                                                                                                     
                                           "Plan Rows": 37708,                                                                                                        
                                           "Plan Width": 19,                                                                                                          
                                           "Actual Startup Time": 1094.428,                                                                                           
                                           "Actual Total Time": 2576.730,                                                                                             
                                           "Actual Rows": 50011,                                                                                                      
                                           "Actual Loops": 1,                                                                                                         
                                           "Filter": "((name ~~ '%An%'::text) AND ((gender)::text = 'f'::text))",                                                     
                                           "Rows Removed by Filter": 4117480,                                                                                         
                                           "Shared Hit Blocks": 0,                                                                                                    
                                           "Shared Read Blocks": 55613,                                                                                               
                                           "Shared Dirtied Blocks": 0,                                                                                                
                                           "Shared Written Blocks": 0,                                                                                                
                                           "Local Hit Blocks": 0,                                                                                                     
                                           "Local Read Blocks": 0,                                                                                                    
                                           "Local Dirtied Blocks": 0,                                                                                                 
                                           "Local Written Blocks": 0,                                                                                                 
                                           "Temp Read Blocks": 0,                                                                                                     
                                           "Temp Written Blocks": 0                                                                                                   
                                         }                                                                                                                            
                                       ]                                                                                                                              
                                     }                                                                                                                                
                                   ]                                                                                                                                  
                                 }                                                                                                                                    
                               ]                                                                                                                                      
                             }                                                                                                                                        
                           ]                                                                                                                                          
                         },                                                                                                                                           
                         {                                                                                                                                            
                           "Node Type": "Hash",                                                                                                                       
                           "Parent Relationship": "Inner",                                                                                                            
                           "Parallel Aware": false,                                                                                                                   
                           "Startup Cost": 0.03,                                                                                                                      
                           "Total Cost": 0.03,                                                                                                                        
                           "Plan Rows": 1,                                                                                                                            
                           "Plan Width": 4,                                                                                                                           
                           "Actual Startup Time": 24.753,                                                                                                             
                           "Actual Total Time": 24.753,                                                                                                               
                           "Actual Rows": 1,                                                                                                                          
                           "Actual Loops": 1,                                                                                                                         
                           "Hash Buckets": 1024,                                                                                                                      
                           "Original Hash Buckets": 1024,                                                                                                             
                           "Hash Batches": 1,                                                                                                                         
                           "Original Hash Batches": 1,                                                                                                                
                           "Peak Memory Usage": 9,                                                                                                                    
                           "Shared Hit Blocks": 0,                                                                                                                    
                           "Shared Read Blocks": 1,                                                                                                                   
                           "Shared Dirtied Blocks": 0,                                                                                                                
                           "Shared Written Blocks": 0,                                                                                                                
                           "Local Hit Blocks": 0,                                                                                                                     
                           "Local Read Blocks": 0,                                                                                                                    
                           "Local Dirtied Blocks": 0,                                                                                                                 
                           "Local Written Blocks": 0,                                                                                                                 
                           "Temp Read Blocks": 0,                                                                                                                     
                           "Temp Written Blocks": 0,                                                                                                                  
                           "Plans": [                                                                                                                                 
                             {                                                                                                                                        
                               "Node Type": "Seq Scan",                                                                                                               
                               "Parent Relationship": "Outer",                                                                                                        
                               "Parallel Aware": false,                                                                                                               
                               "Relation Name": "role_type",                                                                                                          
                               "Alias": "rt",                                                                                                                         
                               "Startup Cost": 0.00,                                                                                                                  
                               "Total Cost": 0.03,                                                                                                                    
                               "Plan Rows": 1,                                                                                                                        
                               "Plan Width": 4,                                                                                                                       
                               "Actual Startup Time": 24.735,                                                                                                         
                               "Actual Total Time": 24.742,                                                                                                           
                               "Actual Rows": 1,                                                                                                                      
                               "Actual Loops": 1,                                                                                                                     
                               "Filter": "((role)::text = 'actress'::text)",                                                                                          
                               "Rows Removed by Filter": 11,                                                                                                          
                               "Shared Hit Blocks": 0,                                                                                                                
                               "Shared Read Blocks": 1,                                                                                                               
                               "Shared Dirtied Blocks": 0,                                                                                                            
                               "Shared Written Blocks": 0,                                                                                                            
                               "Local Hit Blocks": 0,                                                                                                                 
                               "Local Read Blocks": 0,                                                                                                                
                               "Local Dirtied Blocks": 0,                                                                                                             
                               "Local Written Blocks": 0,                                                                                                             
                               "Temp Read Blocks": 0,                                                                                                                 
                               "Temp Written Blocks": 0                                                                                                               
                             }                                                                                                                                        
                           ]                                                                                                                                          
                         }                                                                                                                                            
                       ]                                                                                                                                              
                     },                                                                                                                                               
                     {                                                                                                                                                
                       "Node Type": "Hash",                                                                                                                           
                       "Parent Relationship": "Inner",                                                                                                                
                       "Parallel Aware": false,                                                                                                                       
                       "Startup Cost": 1360.36,                                                                                                                       
                       "Total Cost": 1360.36,                                                                                                                         
                       "Plan Rows": 3140339,                                                                                                                          
                       "Plan Width": 20,                                                                                                                              
                       "Actual Startup Time": 1742.851,                                                                                                               
                       "Actual Total Time": 1742.851,                                                                                                                 
                       "Actual Rows": 3140339,                                                                                                                        
                       "Actual Loops": 1,                                                                                                                             
                       "Hash Buckets": 4194304,                                                                                                                       
                       "Original Hash Buckets": 4194304,                                                                                                              
                       "Hash Batches": 1,                                                                                                                             
                       "Original Hash Batches": 1,                                                                                                                    
                       "Peak Memory Usage": 198030,                                                                                                                   
                       "Shared Hit Blocks": 0,                                                                                                                        
                       "Shared Read Blocks": 36447,                                                                                                                   
                       "Shared Dirtied Blocks": 0,                                                                                                                    
                       "Shared Written Blocks": 0,                                                                                                                    
                       "Local Hit Blocks": 0,                                                                                                                         
                       "Local Read Blocks": 0,                                                                                                                        
                       "Local Dirtied Blocks": 0,                                                                                                                     
                       "Local Written Blocks": 0,                                                                                                                     
                       "Temp Read Blocks": 0,                                                                                                                         
                       "Temp Written Blocks": 0,                                                                                                                      
                       "Plans": [                                                                                                                                     
                         {                                                                                                                                            
                           "Node Type": "Seq Scan",                                                                                                                   
                           "Parent Relationship": "Outer",                                                                                                            
                           "Parallel Aware": false,                                                                                                                   
                           "Relation Name": "char_name",                                                                                                              
                           "Alias": "chn",                                                                                                                            
                           "Startup Cost": 0.00,                                                                                                                      
                           "Total Cost": 1360.36,                                                                                                                     
                           "Plan Rows": 3140339,                                                                                                                      
                           "Plan Width": 20,                                                                                                                          
                           "Actual Startup Time": 19.077,                                                                                                             
                           "Actual Total Time": 759.334,                                                                                                              
                           "Actual Rows": 3140339,                                                                                                                    
                           "Actual Loops": 1,                                                                                                                         
                           "Shared Hit Blocks": 0,                                                                                                                    
                           "Shared Read Blocks": 36447,                                                                                                               
                           "Shared Dirtied Blocks": 0,                                                                                                                
                           "Shared Written Blocks": 0,                                                                                                                
                           "Local Hit Blocks": 0,                                                                                                                     
                           "Local Read Blocks": 0,                                                                                                                    
                           "Local Dirtied Blocks": 0,                                                                                                                 
                           "Local Written Blocks": 0,                                                                                                                 
                           "Temp Read Blocks": 0,                                                                                                                     
                           "Temp Written Blocks": 0                                                                                                                   
                         }                                                                                                                                            
                       ]                                                                                                                                              
                     }                                                                                                                                                
                   ]                                                                                                                                                  
                 },                                                                                                                                                   
                 {                                                                                                                                                    
                   "Node Type": "Hash",                                                                                                                               
                   "Parent Relationship": "Inner",                                                                                                                    
                   "Parallel Aware": false,                                                                                                                           
                   "Startup Cost": 8407.52,                                                                                                                           
                   "Total Cost": 8407.52,                                                                                                                             
                   "Plan Rows": 302987,                                                                                                                               
                   "Plan Width": 8,                                                                                                                                   
                   "Actual Startup Time": 9288.003,                                                                                                                   
                   "Actual Total Time": 9288.003,                                                                                                                     
                   "Actual Rows": 301247,                                                                                                                             
                   "Actual Loops": 1,                                                                                                                                 
                   "Hash Buckets": 524288,                                                                                                                            
                   "Original Hash Buckets": 524288,                                                                                                                   
                   "Hash Batches": 1,                                                                                                                                 
                   "Original Hash Batches": 1,                                                                                                                        
                   "Peak Memory Usage": 15864,                                                                                                                        
                   "Shared Hit Blocks": 6670,                                                                                                                         
                   "Shared Read Blocks": 162313,                                                                                                                      
                   "Shared Dirtied Blocks": 0,                                                                                                                        
                   "Shared Written Blocks": 0,                                                                                                                        
                   "Local Hit Blocks": 0,                                                                                                                             
                   "Local Read Blocks": 0,                                                                                                                            
                   "Local Dirtied Blocks": 0,                                                                                                                         
                   "Local Written Blocks": 0,                                                                                                                         
                   "Temp Read Blocks": 0,                                                                                                                             
                   "Temp Written Blocks": 0,                                                                                                                          
                   "Plans": [                                                                                                                                         
                     {                                                                                                                                                
                       "Node Type": "Seq Scan",                                                                                                                       
                       "Parent Relationship": "Outer",                                                                                                                
                       "Parallel Aware": false,                                                                                                                       
                       "Relation Name": "movie_info",                                                                                                                 
                       "Alias": "mi",                                                                                                                                 
                       "Startup Cost": 0.00,                                                                                                                          
                       "Total Cost": 8407.52,                                                                                                                         
                       "Plan Rows": 302987,                                                                                                                           
                       "Plan Width": 8,                                                                                                                               
                       "Actual Startup Time": 796.552,                                                                                                                
                       "Actual Total Time": 9186.970,                                                                                                                 
                       "Actual Rows": 301247,                                                                                                                         
                       "Actual Loops": 1,                                                                                                                             
                       "Filter": "((info IS NOT NULL) AND ((info ~~ 'Japan:%201%'::text) OR (info ~~ 'USA:%201%'::text)))",                                           
                       "Rows Removed by Filter": 14534473,                                                                                                            
                       "Shared Hit Blocks": 6670,                                                                                                                     
                       "Shared Read Blocks": 162313,                                                                                                                  
                       "Shared Dirtied Blocks": 0,                                                                                                                    
                       "Shared Written Blocks": 0,                                                                                                                    
                       "Local Hit Blocks": 0,                                                                                                                         
                       "Local Read Blocks": 0,                                                                                                                        
                       "Local Dirtied Blocks": 0,                                                                                                                     
                       "Local Written Blocks": 0,                                                                                                                     
                       "Temp Read Blocks": 0,                                                                                                                         
                       "Temp Written Blocks": 0                                                                                                                       
                     }                                                                                                                                                
                   ]                                                                                                                                                  
                 }                                                                                                                                                    
               ]                                                                                                                                                      
             },                                                                                                                                                       
             {                                                                                                                                                        
               "Node Type": "Hash",                                                                                                                                   
               "Parent Relationship": "Inner",                                                                                                                        
               "Parallel Aware": false,                                                                                                                               
               "Startup Cost": 0.05,                                                                                                                                  
               "Total Cost": 0.05,                                                                                                                                    
               "Plan Rows": 1,                                                                                                                                        
               "Plan Width": 4,                                                                                                                                       
               "Actual Startup Time": 25.362,                                                                                                                         
               "Actual Total Time": 25.362,                                                                                                                           
               "Actual Rows": 1,                                                                                                                                      
               "Actual Loops": 1,                                                                                                                                     
               "Hash Buckets": 1024,                                                                                                                                  
               "Original Hash Buckets": 1024,                                                                                                                         
               "Hash Batches": 1,                                                                                                                                     
               "Original Hash Batches": 1,                                                                                                                            
               "Peak Memory Usage": 9,                                                                                                                                
               "Shared Hit Blocks": 0,                                                                                                                                
               "Shared Read Blocks": 1,                                                                                                                               
               "Shared Dirtied Blocks": 0,                                                                                                                            
               "Shared Written Blocks": 0,                                                                                                                            
               "Local Hit Blocks": 0,                                                                                                                                 
               "Local Read Blocks": 0,                                                                                                                                
               "Local Dirtied Blocks": 0,                                                                                                                             
               "Local Written Blocks": 0,                                                                                                                             
               "Temp Read Blocks": 0,                                                                                                                                 
               "Temp Written Blocks": 0,                                                                                                                              
               "Plans": [                                                                                                                                             
                 {                                                                                                                                                    
                   "Node Type": "Seq Scan",                                                                                                                           
                   "Parent Relationship": "Outer",                                                                                                                    
                   "Parallel Aware": false,                                                                                                                           
                   "Relation Name": "info_type",                                                                                                                      
                   "Alias": "it",                                                                                                                                     
                   "Startup Cost": 0.00,                                                                                                                              
                   "Total Cost": 0.05,                                                                                                                                
                   "Plan Rows": 1,                                                                                                                                    
                   "Plan Width": 4,                                                                                                                                   
                   "Actual Startup Time": 25.305,                                                                                                                     
                   "Actual Total Time": 25.339,                                                                                                                       
                   "Actual Rows": 1,                                                                                                                                  
                   "Actual Loops": 1,                                                                                                                                 
                   "Filter": "((info)::text = 'release dates'::text)",                                                                                                
                   "Rows Removed by Filter": 112,                                                                                                                     
                   "Shared Hit Blocks": 0,                                                                                                                            
                   "Shared Read Blocks": 1,                                                                                                                           
                   "Shared Dirtied Blocks": 0,                                                                                                                        
                   "Shared Written Blocks": 0,                                                                                                                        
                   "Local Hit Blocks": 0,                                                                                                                             
                   "Local Read Blocks": 0,                                                                                                                            
                   "Local Dirtied Blocks": 0,                                                                                                                         
                   "Local Written Blocks": 0,                                                                                                                         
                   "Temp Read Blocks": 0,                                                                                                                             
                   "Temp Written Blocks": 0                                                                                                                           
                 }                                                                                                                                                    
               ]                                                                                                                                                      
             }                                                                                                                                                        
           ]                                                                                                                                                          
         }                                                                                                                                                            
       ]                                                                                                                                                              
     },                                                                                                                                                               
     "Planning Time": 10438.416,                                                                                                                                      
     "Triggers": [                                                                                                                                                    
     ],                                                                                                                                                               
     "Execution Time": 30704.847                                                                                                                                      
   }                                                                                                                                                                  
 ]
