 [                                                                                                                                   
   {                                                                                                                                 
     "Plan": {                                                                                                                       
       "Node Type": "Aggregate",                                                                                                     
       "Strategy": "Plain",                                                                                                          
       "Partial Mode": "Simple",                                                                                                     
       "Parallel Aware": false,                                                                                                      
       "Startup Cost": 31123.84,                                                                                                     
       "Total Cost": 31123.84,                                                                                                       
       "Plan Rows": 1,                                                                                                               
       "Plan Width": 128,                                                                                                            
       "Actual Startup Time": 27038.061,                                                                                             
       "Actual Total Time": 27038.061,                                                                                               
       "Actual Rows": 1,                                                                                                             
       "Actual Loops": 1,                                                                                                            
       "Shared Hit Blocks": 4,                                                                                                       
       "Shared Read Blocks": 540014,                                                                                                 
       "Shared Dirtied Blocks": 0,                                                                                                   
       "Shared Written Blocks": 0,                                                                                                   
       "Local Hit Blocks": 0,                                                                                                        
       "Local Read Blocks": 0,                                                                                                       
       "Local Dirtied Blocks": 0,                                                                                                    
       "Local Written Blocks": 0,                                                                                                    
       "Temp Read Blocks": 0,                                                                                                        
       "Temp Written Blocks": 0,                                                                                                     
       "Plans": [                                                                                                                    
         {                                                                                                                           
           "Node Type": "Hash Join",                                                                                                 
           "Parent Relationship": "Outer",                                                                                           
           "Parallel Aware": false,                                                                                                  
           "Join Type": "Inner",                                                                                                     
           "Startup Cost": 13556.27,                                                                                                 
           "Total Cost": 31123.84,                                                                                                   
           "Plan Rows": 1,                                                                                                           
           "Plan Width": 80,                                                                                                         
           "Actual Startup Time": 22802.150,                                                                                         
           "Actual Total Time": 27038.025,                                                                                           
           "Actual Rows": 6,                                                                                                         
           "Actual Loops": 1,                                                                                                        
           "Inner Unique": true,                                                                                                     
           "Hash Cond": "(ci.person_id = n.id)",                                                                                     
           "Shared Hit Blocks": 4,                                                                                                   
           "Shared Read Blocks": 540014,                                                                                             
           "Shared Dirtied Blocks": 0,                                                                                               
           "Shared Written Blocks": 0,                                                                                               
           "Local Hit Blocks": 0,                                                                                                    
           "Local Read Blocks": 0,                                                                                                   
           "Local Dirtied Blocks": 0,                                                                                                
           "Local Written Blocks": 0,                                                                                                
           "Temp Read Blocks": 0,                                                                                                    
           "Temp Written Blocks": 0,                                                                                                 
           "Plans": [                                                                                                                
             {                                                                                                                       
               "Node Type": "Hash Join",                                                                                             
               "Parent Relationship": "Outer",                                                                                       
               "Parallel Aware": false,                                                                                              
               "Join Type": "Inner",                                                                                                 
               "Startup Cost": 10944.83,                                                                                             
               "Total Cost": 28512.40,                                                                                               
               "Plan Rows": 1,                                                                                                       
               "Plan Width": 69,                                                                                                     
               "Actual Startup Time": 20163.189,                                                                                     
               "Actual Total Time": 24399.059,                                                                                       
               "Actual Rows": 6,                                                                                                     
               "Actual Loops": 1,                                                                                                    
               "Inner Unique": false,                                                                                                
               "Hash Cond": "(t.id = mi.movie_id)",                                                                                  
               "Shared Hit Blocks": 1,                                                                                               
               "Shared Read Blocks": 484401,                                                                                         
               "Shared Dirtied Blocks": 0,                                                                                           
               "Shared Written Blocks": 0,                                                                                           
               "Local Hit Blocks": 0,                                                                                                
               "Local Read Blocks": 0,                                                                                               
               "Local Dirtied Blocks": 0,                                                                                            
               "Local Written Blocks": 0,                                                                                            
               "Temp Read Blocks": 0,                                                                                                
               "Temp Written Blocks": 0,                                                                                             
               "Plans": [                                                                                                            
                 {                                                                                                                   
                   "Node Type": "Hash Join",                                                                                         
                   "Parent Relationship": "Outer",                                                                                   
                   "Parallel Aware": false,                                                                                          
                   "Join Type": "Inner",                                                                                             
                   "Startup Cost": 1696.57,                                                                                          
                   "Total Cost": 19264.13,                                                                                           
                   "Plan Rows": 29,                                                                                                  
                   "Plan Width": 29,                                                                                                 
                   "Actual Startup Time": 9744.625,                                                                                  
                   "Actual Total Time": 14109.507,                                                                                   
                   "Actual Rows": 24,                                                                                                
                   "Actual Loops": 1,                                                                                                
                   "Inner Unique": true,                                                                                             
                   "Hash Cond": "(ci.movie_id = t.id)",                                                                              
                   "Shared Hit Blocks": 0,                                                                                           
                   "Shared Read Blocks": 288652,                                                                                     
                   "Shared Dirtied Blocks": 0,                                                                                       
                   "Shared Written Blocks": 0,                                                                                       
                   "Local Hit Blocks": 0,                                                                                            
                   "Local Read Blocks": 0,                                                                                           
                   "Local Dirtied Blocks": 0,                                                                                        
                   "Local Written Blocks": 0,                                                                                        
                   "Temp Read Blocks": 0,                                                                                            
                   "Temp Written Blocks": 0,                                                                                         
                   "Plans": [                                                                                                        
                     {                                                                                                               
                       "Node Type": "Seq Scan",                                                                                      
                       "Parent Relationship": "Outer",                                                                               
                       "Parallel Aware": false,                                                                                      
                       "Relation Name": "cast_info",                                                                                 
                       "Alias": "ci",                                                                                                
                       "Startup Cost": 0.00,                                                                                         
                       "Total Cost": 17466.00,                                                                                       
                       "Plan Rows": 1245851,                                                                                         
                       "Plan Width": 8,                                                                                              
                       "Actual Startup Time": 400.581,                                                                               
                       "Actual Total Time": 12230.231,                                                                               
                       "Actual Rows": 1244716,                                                                                       
                       "Actual Loops": 1,                                                                                            
                       "Filter": "(note = ANY ('{(writer),\"(head writer)\",\"(written by)\",(story),\"(story editor)\"}'::text[]))",
                       "Rows Removed by Filter": 34999628,                                                                           
                       "Shared Hit Blocks": 0,                                                                                       
                       "Shared Read Blocks": 252654,                                                                                 
                       "Shared Dirtied Blocks": 0,                                                                                   
                       "Shared Written Blocks": 0,                                                                                   
                       "Local Hit Blocks": 0,                                                                                        
                       "Local Read Blocks": 0,                                                                                       
                       "Local Dirtied Blocks": 0,                                                                                    
                       "Local Written Blocks": 0,                                                                                    
                       "Temp Read Blocks": 0,                                                                                        
                       "Temp Written Blocks": 0                                                                                      
                     },                                                                                                              
                     {                                                                                                               
                       "Node Type": "Hash",                                                                                          
                       "Parent Relationship": "Inner",                                                                               
                       "Parallel Aware": false,                                                                                      
                       "Startup Cost": 1696.56,                                                                                      
                       "Total Cost": 1696.56,                                                                                        
                       "Plan Rows": 59,                                                                                              
                       "Plan Width": 21,                                                                                             
                       "Actual Startup Time": 1716.585,                                                                              
                       "Actual Total Time": 1716.585,                                                                                
                       "Actual Rows": 73,                                                                                            
                       "Actual Loops": 1,                                                                                            
                       "Hash Buckets": 1024,                                                                                         
                       "Original Hash Buckets": 1024,                                                                                
                       "Hash Batches": 1,                                                                                            
                       "Original Hash Batches": 1,                                                                                   
                       "Peak Memory Usage": 13,                                                                                      
                       "Shared Hit Blocks": 0,                                                                                       
                       "Shared Read Blocks": 35998,                                                                                  
                       "Shared Dirtied Blocks": 0,                                                                                   
                       "Shared Written Blocks": 0,                                                                                   
                       "Local Hit Blocks": 0,                                                                                        
                       "Local Read Blocks": 0,                                                                                       
                       "Local Dirtied Blocks": 0,                                                                                    
                       "Local Written Blocks": 0,                                                                                    
                       "Temp Read Blocks": 0,                                                                                        
                       "Temp Written Blocks": 0,                                                                                     
                       "Plans": [                                                                                                    
                         {                                                                                                           
                           "Node Type": "Seq Scan",                                                                                  
                           "Parent Relationship": "Outer",                                                                           
                           "Parallel Aware": false,                                                                                  
                           "Relation Name": "title",                                                                                 
                           "Alias": "t",                                                                                             
                           "Startup Cost": 0.00,                                                                                     
                           "Total Cost": 1696.56,                                                                                    
                           "Plan Rows": 59,                                                                                          
                           "Plan Width": 21,                                                                                         
                           "Actual Startup Time": 20.282,                                                                            
                           "Actual Total Time": 1716.325,                                                                            
                           "Actual Rows": 73,                                                                                        
                           "Actual Loops": 1,                                                                                        
                           "Filter": "((production_year > 2010) AND (title ~~ 'Vampire%'::text))",                                   
                           "Rows Removed by Filter": 2528239,                                                                        
                           "Shared Hit Blocks": 0,                                                                                   
                           "Shared Read Blocks": 35998,                                                                              
                           "Shared Dirtied Blocks": 0,                                                                               
                           "Shared Written Blocks": 0,                                                                               
                           "Local Hit Blocks": 0,                                                                                    
                           "Local Read Blocks": 0,                                                                                   
                           "Local Dirtied Blocks": 0,                                                                                
                           "Local Written Blocks": 0,                                                                                
                           "Temp Read Blocks": 0,                                                                                    
                           "Temp Written Blocks": 0                                                                                  
                         }                                                                                                           
                       ]                                                                                                             
                     }                                                                                                               
                   ]                                                                                                                 
                 },                                                                                                                  
                 {                                                                                                                   
                   "Node Type": "Hash",                                                                                              
                   "Parent Relationship": "Inner",                                                                                   
                   "Parallel Aware": false,                                                                                          
                   "Startup Cost": 9248.26,                                                                                          
                   "Total Cost": 9248.26,                                                                                            
                   "Plan Rows": 1,                                                                                                   
                   "Plan Width": 60,                                                                                                 
                   "Actual Startup Time": 10289.500,                                                                                 
                   "Actual Total Time": 10289.500,                                                                                   
                   "Actual Rows": 11389,                                                                                             
                   "Actual Loops": 1,                                                                                                
                   "Hash Buckets": 16384,                                                                                            
                   "Original Hash Buckets": 1024,                                                                                    
                   "Hash Batches": 1,                                                                                                
                   "Original Hash Batches": 1,                                                                                       
                   "Peak Memory Usage": 768,                                                                                         
                   "Shared Hit Blocks": 1,                                                                                           
                   "Shared Read Blocks": 195749,                                                                                     
                   "Shared Dirtied Blocks": 0,                                                                                       
                   "Shared Written Blocks": 0,                                                                                       
                   "Local Hit Blocks": 0,                                                                                            
                   "Local Read Blocks": 0,                                                                                           
                   "Local Dirtied Blocks": 0,                                                                                        
                   "Local Written Blocks": 0,                                                                                        
                   "Temp Read Blocks": 0,                                                                                            
                   "Temp Written Blocks": 0,                                                                                         
                   "Plans": [                                                                                                        
                     {                                                                                                               
                       "Node Type": "Hash Join",                                                                                     
                       "Parent Relationship": "Outer",                                                                               
                       "Parallel Aware": false,                                                                                      
                       "Join Type": "Inner",                                                                                         
                       "Startup Cost": 1989.98,                                                                                      
                       "Total Cost": 9248.26,                                                                                        
                       "Plan Rows": 1,                                                                                               
                       "Plan Width": 60,                                                                                             
                       "Actual Startup Time": 9485.518,                                                                              
                       "Actual Total Time": 10282.239,                                                                               
                       "Actual Rows": 11389,                                                                                         
                       "Actual Loops": 1,                                                                                            
                       "Inner Unique": false,                                                                                        
                       "Hash Cond": "(mi.movie_id = mi_idx.movie_id)",                                                               
                       "Shared Hit Blocks": 1,                                                                                       
                       "Shared Read Blocks": 195749,                                                                                 
                       "Shared Dirtied Blocks": 0,                                                                                   
                       "Shared Written Blocks": 0,                                                                                   
                       "Local Hit Blocks": 0,                                                                                        
                       "Local Read Blocks": 0,                                                                                       
                       "Local Dirtied Blocks": 0,                                                                                    
                       "Local Written Blocks": 0,                                                                                    
                       "Temp Read Blocks": 0,                                                                                        
                       "Temp Written Blocks": 0,                                                                                     
                       "Plans": [                                                                                                    
                         {                                                                                                           
                           "Node Type": "Hash Join",                                                                                 
                           "Parent Relationship": "Outer",                                                                           
                           "Parallel Aware": false,                                                                                  
                           "Join Type": "Inner",                                                                                     
                           "Startup Cost": 0.05,                                                                                     
                           "Total Cost": 7258.30,                                                                                    
                           "Plan Rows": 277,                                                                                         
                           "Plan Width": 46,                                                                                         
                           "Actual Startup Time": 7583.639,                                                                          
                           "Actual Total Time": 8361.209,                                                                            
                           "Actual Rows": 30413,                                                                                     
                           "Actual Loops": 1,                                                                                        
                           "Inner Unique": true,                                                                                     
                           "Hash Cond": "(mi.info_type_id = it.id)",                                                                
                           "Shared Hit Blocks": 0,                                                                                   
                           "Shared Read Blocks": 161893,                                                                             
                           "Shared Dirtied Blocks": 0,                                                                               
                           "Shared Written Blocks": 0,                                                                               
                           "Local Hit Blocks": 0,                                                                                    
                           "Local Read Blocks": 0,                                                                                   
                           "Local Dirtied Blocks": 0,                                                                                
                           "Local Written Blocks": 0,                                                                                
                           "Temp Read Blocks": 0,                                                                                    
                           "Temp Written Blocks": 0,                                                                                 
                           "Plans": [                                                                                                
                             {                                                                                                       
                               "Node Type": "Seq Scan",                                                                              
                               "Parent Relationship": "Outer",                                                                       
                               "Parallel Aware": false,                                                                              
                               "Relation Name": "movie_info",                                                                        
                               "Alias": "mi",                                                                                        
                               "Startup Cost": 0.00,                                                                                 
                               "Total Cost": 7255.68,                                                                                
                               "Plan Rows": 31269,                                                                                   
                               "Plan Width": 50,                                                                                     
                               "Actual Startup Time": 4832.295,                                                                      
                               "Actual Total Time": 8324.705,                                                                        
                               "Actual Rows": 30801,                                                                                 
                               "Actual Loops": 1,                                                                                    
                               "Filter": "(info = 'Horror'::text)",                                                                  
                               "Rows Removed by Filter": 14804919,                                                                   
                               "Shared Hit Blocks": 0,                                                                               
                               "Shared Read Blocks": 161892,                                                                         
                               "Shared Dirtied Blocks": 0,                                                                           
                               "Shared Written Blocks": 0,                                                                           
                               "Local Hit Blocks": 0,                                                                                
                               "Local Read Blocks": 0,                                                                               
                               "Local Dirtied Blocks": 0,                                                                            
                               "Local Written Blocks": 0,                                                                            
                               "Temp Read Blocks": 0,                                                                                
                               "Temp Written Blocks": 0                                                                              
                             },                                                                                                      
                             {                                                                                                       
                               "Node Type": "Hash",                                                                                  
                               "Parent Relationship": "Inner",                                                                       
                               "Parallel Aware": false,                                                                              
                               "Startup Cost": 0.05,                                                                                 
                               "Total Cost": 0.05,                                                                                   
                               "Plan Rows": 1,                                                                                       
                               "Plan Width": 4,                                                                                      
                               "Actual Startup Time": 20.997,                                                                        
                               "Actual Total Time": 20.997,                                                                          
                               "Actual Rows": 1,                                                                                     
                               "Actual Loops": 1,                                                                                    
                               "Hash Buckets": 1024,                                                                                 
                               "Original Hash Buckets": 1024,                                                                        
                               "Hash Batches": 1,                                                                                    
                               "Original Hash Batches": 1,                                                                           
                               "Peak Memory Usage": 9,                                                                               
                               "Shared Hit Blocks": 0,                                                                               
                               "Shared Read Blocks": 1,                                                                              
                               "Shared Dirtied Blocks": 0,                                                                           
                               "Shared Written Blocks": 0,                                                                           
                               "Local Hit Blocks": 0,                                                                                
                               "Local Read Blocks": 0,                                                                               
                               "Local Dirtied Blocks": 0,                                                                            
                               "Local Written Blocks": 0,                                                                            
                               "Temp Read Blocks": 0,                                                                                
                               "Temp Written Blocks": 0,                                                                             
                               "Plans": [                                                                                            
                                 {                                                                                                   
                                   "Node Type": "Seq Scan",                                                                          
                                   "Parent Relationship": "Outer",                                                                   
                                   "Parallel Aware": false,                                                                          
                                   "Relation Name": "info_type",                                                                     
                                   "Alias": "it",                                                                                   
                                   "Startup Cost": 0.00,                                                                             
                                   "Total Cost": 0.05,                                                                               
                                   "Plan Rows": 1,                                                                                   
                                   "Plan Width": 4,                                                                                  
                                   "Actual Startup Time": 20.927,                                                                    
                                   "Actual Total Time": 20.968,                                                                      
                                   "Actual Rows": 1,                                                                                 
                                   "Actual Loops": 1,                                                                                
                                   "Filter": "((info)::text = 'genres'::text)",                                                      
                                   "Rows Removed by Filter": 112,                                                                    
                                   "Shared Hit Blocks": 0,                                                                           
                                   "Shared Read Blocks": 1,                                                                          
                                   "Shared Dirtied Blocks": 0,                                                                       
                                   "Shared Written Blocks": 0,                                                                       
                                   "Local Hit Blocks": 0,                                                                            
                                   "Local Read Blocks": 0,                                                                           
                                   "Local Dirtied Blocks": 0,                                                                        
                                   "Local Written Blocks": 0,                                                                        
                                   "Temp Read Blocks": 0,                                                                            
                                   "Temp Written Blocks": 0                                                                          
                                 }                                                                                                   
                               ]                                                                                                     
                             }                                                                                                       
                           ]                                                                                                         
                         },                                                                                                          
                         {                                                                                                           
                           "Node Type": "Hash",                                                                                      
                           "Parent Relationship": "Inner",                                                                           
                           "Parallel Aware": false,                                                                                  
                           "Startup Cost": 1989.93,                                                                                  
                           "Total Cost": 1989.93,                                                                                    
                           "Plan Rows": 4,                                                                                           
                           "Plan Width": 14,                                                                                         
                           "Actual Startup Time": 1901.801,                                                                          
                           "Actual Total Time": 1901.802,                                                                            
                           "Actual Rows": 50760,                                                                                     
                           "Actual Loops": 1,                                                                                        
                           "Hash Buckets": 65536,                                                                                    
                           "Original Hash Buckets": 1024,                                                                            
                           "Hash Batches": 1,                                                                                        
                           "Original Hash Batches": 1,                                                                               
                           "Peak Memory Usage": 2758,                                                                                
                           "Shared Hit Blocks": 1,                                                                                   
                           "Shared Read Blocks": 33856,                                                                              
                           "Shared Dirtied Blocks": 0,                                                                               
                           "Shared Written Blocks": 0,                                                                               
                           "Local Hit Blocks": 0,                                                                                    
                           "Local Read Blocks": 0,                                                                                   
                           "Local Dirtied Blocks": 0,                                                                                
                           "Local Written Blocks": 0,                                                                                
                           "Temp Read Blocks": 0,                                                                                    
                           "Temp Written Blocks": 0,                                                                                 
                           "Plans": [                                                                                                
                             {                                                                                                       
                               "Node Type": "Hash Join",                                                                             
                               "Parent Relationship": "Outer",                                                                       
                               "Parallel Aware": false,                                                                              
                               "Join Type": "Inner",                                                                                 
                               "Startup Cost": 541.27,                                                                               
                               "Total Cost": 1989.93,                                                                                
                               "Plan Rows": 4,                                                                                       
                               "Plan Width": 14,                                                                                     
                               "Actual Startup Time": 739.766,                                                                       
                               "Actual Total Time": 1886.270,                                                                        
                               "Actual Rows": 50760,                                                                                 
                               "Actual Loops": 1,                                                                                    
                               "Inner Unique": false,                                                                                
                               "Hash Cond": "(mk.movie_id = mi_idx.movie_id)",                                                       
                               "Shared Hit Blocks": 1,                                                                               
                               "Shared Read Blocks": 33856,                                                                          
                               "Shared Dirtied Blocks": 0,                                                                           
                               "Shared Written Blocks": 0,                                                                           
                               "Local Hit Blocks": 0,                                                                                
                               "Local Read Blocks": 0,                                                                               
                               "Local Dirtied Blocks": 0,                                                                            
                               "Local Written Blocks": 0,                                                                            
                               "Temp Read Blocks": 0,                                                                                
                               "Temp Written Blocks": 0,                                                                             
                               "Plans": [                                                                                            
                                 {                                                                                                   
                                   "Node Type": "Hash Join",                                                                         
                                   "Parent Relationship": "Outer",                                                                   
                                   "Parallel Aware": false,                                                                          
                                   "Join Type": "Inner",                                                                             
                                   "Startup Cost": 65.09,                                                                            
                                   "Total Cost": 1513.73,                                                                            
                                   "Plan Rows": 169,                                                                                 
                                   "Plan Width": 4,                                                                                  
                                   "Actual Startup Time": 118.165,                                                                   
                                   "Actual Total Time": 1233.787,                                                                    
                                   "Actual Rows": 62096,                                                                             
                                   "Actual Loops": 1,                                                                                
                                   "Inner Unique": true,                                                                             
                                   "Hash Cond": "(mk.keyword_id = k.id)",                                                            
                                   "Shared Hit Blocks": 0,                                                                           
                                   "Shared Read Blocks": 25403,                                                                      
                                   "Shared Dirtied Blocks": 0,                                                                       
                                   "Shared Written Blocks": 0,                                                                       
                                   "Local Hit Blocks": 0,                                                                            
                                   "Local Read Blocks": 0,                                                                           
                                   "Local Dirtied Blocks": 0,                                                                        
                                   "Local Written Blocks": 0,                                                                        
                                   "Temp Read Blocks": 0,                                                                            
                                   "Temp Written Blocks": 0,                                                                         
                                   "Plans": [                                                                                        
                                     {                                                                                               
                                       "Node Type": "Seq Scan",                                                                      
                                       "Parent Relationship": "Outer",                                                               
                                       "Parallel Aware": false,                                                                      
                                       "Relation Name": "movie_keyword",                                                             
                                       "Alias": "mk",                                                                                
                                       "Startup Cost": 0.00,                                                                         
                                       "Total Cost": 1079.84,                                                                        
                                       "Plan Rows": 4523930,                                                                         
                                       "Plan Width": 8,                                                                              
                                       "Actual Startup Time": 25.946,                                                                
                                       "Actual Total Time": 525.771,                                                                 
                                       "Actual Rows": 4523930,                                                                       
                                       "Actual Loops": 1,                                                                            
                                       "Shared Hit Blocks": 0,                                                                       
                                       "Shared Read Blocks": 24454,                                                                  
                                       "Shared Dirtied Blocks": 0,                                                                   
                                       "Shared Written Blocks": 0,                                                                   
                                       "Local Hit Blocks": 0,                                                                        
                                       "Local Read Blocks": 0,                                                                       
                                       "Local Dirtied Blocks": 0,                                                                    
                                       "Local Written Blocks": 0,                                                                    
                                       "Temp Read Blocks": 0,                                                                        
                                       "Temp Written Blocks": 0                                                                      
                                     },                                                                                              
                                     {                                                                                               
                                       "Node Type": "Hash",                                                                          
                                       "Parent Relationship": "Inner",                                                               
                                       "Parallel Aware": false,                                                                      
                                       "Startup Cost": 65.09,                                                                        
                                       "Total Cost": 65.09,                                                                          
                                       "Plan Rows": 5,                                                                               
                                       "Plan Width": 4,                                                                              
                                       "Actual Startup Time": 92.138,                                                                
                                       "Actual Total Time": 92.138,                                                                  
                                       "Actual Rows": 5,                                                                             
                                       "Actual Loops": 1,                                                                            
                                       "Hash Buckets": 1024,                                                                         
                                       "Original Hash Buckets": 1024,                                                                
                                       "Hash Batches": 1,                                                                            
                                       "Original Hash Batches": 1,                                                                   
                                       "Peak Memory Usage": 9,                                                                       
                                       "Shared Hit Blocks": 0,                                                                       
                                       "Shared Read Blocks": 949,                                                                    
                                       "Shared Dirtied Blocks": 0,                                                                   
                                       "Shared Written Blocks": 0,                                                                   
                                       "Local Hit Blocks": 0,                                                                        
                                       "Local Read Blocks": 0,                                                                       
                                       "Local Dirtied Blocks": 0,                                                                    
                                       "Local Written Blocks": 0,                                                                    
                                       "Temp Read Blocks": 0,                                                                        
                                       "Temp Written Blocks": 0,                                                                     
                                       "Plans": [                                                                                    
                                         {                                                                                           
                                           "Node Type": "Seq Scan",                                                                  
                                           "Parent Relationship": "Outer",                                                           
                                           "Parallel Aware": false,                                                                  
                                           "Relation Name": "keyword",                                                               
                                           "Alias": "k",                                                                             
                                           "Startup Cost": 0.00,                                                                     
                                           "Total Cost": 65.09,                                                                      
                                           "Plan Rows": 5,                                                                           
                                           "Plan Width": 4,                                                                          
                                           "Actual Startup Time": 29.654,                                                            
                                           "Actual Total Time": 92.111,                                                              
                                           "Actual Rows": 5,                                                                         
                                           "Actual Loops": 1,                                                                        
                                           "Filter": "(keyword = ANY ('{murder,blood,gore,death,female-nudity}'::text[]))",          
                                           "Rows Removed by Filter": 134165,                                                         
                                           "Shared Hit Blocks": 0,                                                                   
                                           "Shared Read Blocks": 949,                                                                
                                           "Shared Dirtied Blocks": 0,                                                               
                                           "Shared Written Blocks": 0,                                                               
                                           "Local Hit Blocks": 0,                                                                    
                                           "Local Read Blocks": 0,                                                                   
                                           "Local Dirtied Blocks": 0,                                                                
                                           "Local Written Blocks": 0,                                                                
                                           "Temp Read Blocks": 0,                                                                    
                                           "Temp Written Blocks": 0                                                                  
                                         }                                                                                           
                                       ]                                                                                             
                                     }                                                                                               
                                   ]                                                                                                 
                                 },                                                                                                  
                                 {                                                                                                   
                                   "Node Type": "Hash",                                                                              
                                   "Parent Relationship": "Inner",                                                                   
                                   "Parallel Aware": false,                                                                          
                                   "Startup Cost": 474.39,                                                                           
                                   "Total Cost": 474.39,                                                                             
                                   "Plan Rows": 12213,                                                                               
                                   "Plan Width": 10,                                                                                 
                                   "Actual Startup Time": 621.535,                                                                   
                                   "Actual Total Time": 621.535,                                                                     
                                   "Actual Rows": 459925,                                                                            
                                   "Actual Loops": 1,                                                                                
                                   "Hash Buckets": 524288,                                                                           
                                   "Original Hash Buckets": 16384,                                                                   
                                   "Hash Batches": 1,                                                                                
                                   "Original Hash Batches": 1,                                                                       
                                   "Peak Memory Usage": 22143,                                                                       
                                   "Shared Hit Blocks": 1,                                                                           
                                   "Shared Read Blocks": 8453,                                                                       
                                   "Shared Dirtied Blocks": 0,                                                                       
                                   "Shared Written Blocks": 0,                                                                       
                                   "Local Hit Blocks": 0,                                                                            
                                   "Local Read Blocks": 0,                                                                           
                                   "Local Dirtied Blocks": 0,                                                                        
                                   "Local Written Blocks": 0,                                                                        
                                   "Temp Read Blocks": 0,                                                                            
                                   "Temp Written Blocks": 0,                                                                         
                                   "Plans": [                                                                                        
                                     {                                                                                               
                                       "Node Type": "Hash Join",                                                                     
                                       "Parent Relationship": "Outer",                                                               
                                       "Parallel Aware": false,                                                                      
                                       "Join Type": "Inner",                                                                         
                                       "Startup Cost": 0.05,                                                                         
                                       "Total Cost": 474.39,                                                                         
                                       "Plan Rows": 12213,                                                                           
                                       "Plan Width": 10,                                                                             
                                       "Actual Startup Time": 10.480,                                                                
                                       "Actual Total Time": 499.002,                                                                 
                                       "Actual Rows": 459925,                                                                        
                                       "Actual Loops": 1,                                                                            
                                       "Inner Unique": true,                                                                         
                                       "Hash Cond": "(mi_idx.info_type_id = it.id)",                                                
                                       "Shared Hit Blocks": 1,                                                                       
                                       "Shared Read Blocks": 8453,                                                                   
                                       "Shared Dirtied Blocks": 0,                                                                   
                                       "Shared Written Blocks": 0,                                                                   
                                       "Local Hit Blocks": 0,                                                                        
                                       "Local Read Blocks": 0,                                                                       
                                       "Local Dirtied Blocks": 0,                                                                    
                                       "Local Written Blocks": 0,                                                                    
                                       "Temp Read Blocks": 0,                                                                        
                                       "Temp Written Blocks": 0,                                                                     
                                       "Plans": [                                                                                    
                                         {                                                                                           
                                           "Node Type": "Seq Scan",                                                                  
                                           "Parent Relationship": "Outer",                                                           
                                           "Parallel Aware": false,                                                                  
                                           "Relation Name": "movie_info_idx",                                                        
                                           "Alias": "mi_idx",                                                                        
                                           "Startup Cost": 0.00,                                                                     
                                           "Total Cost": 360.56,                                                                     
                                           "Plan Rows": 1380035,                                                                     
                                           "Plan Width": 14,                                                                         
                                           "Actual Startup Time": 10.362,                                                            
                                           "Actual Total Time": 199.883,                                                             
                                           "Actual Rows": 1380035,                                                                   
                                           "Actual Loops": 1,                                                                        
                                           "Shared Hit Blocks": 0,                                                                   
                                           "Shared Read Blocks": 8453,                                                               
                                           "Shared Dirtied Blocks": 0,                                                               
                                           "Shared Written Blocks": 0,                                                               
                                           "Local Hit Blocks": 0,                                                                    
                                           "Local Read Blocks": 0,                                                                   
                                           "Local Dirtied Blocks": 0,                                                                
                                           "Local Written Blocks": 0,                                                                
                                           "Temp Read Blocks": 0,                                                                    
                                           "Temp Written Blocks": 0                                                                  
                                         },                                                                                          
                                         {                                                                                           
                                           "Node Type": "Hash",                                                                      
                                           "Parent Relationship": "Inner",                                                           
                                           "Parallel Aware": false,                                                                  
                                           "Startup Cost": 0.05,                                                                     
                                           "Total Cost": 0.05,                                                                       
                                           "Plan Rows": 1,                                                                           
                                           "Plan Width": 4,                                                                          
                                           "Actual Startup Time": 0.072,                                                             
                                           "Actual Total Time": 0.072,                                                               
                                           "Actual Rows": 1,                                                                         
                                           "Actual Loops": 1,                                                                        
                                           "Hash Buckets": 1024,                                                                     
                                           "Original Hash Buckets": 1024,                                                            
                                           "Hash Batches": 1,                                                                        
                                           "Original Hash Batches": 1,                                                               
                                           "Peak Memory Usage": 9,                                                                   
                                           "Shared Hit Blocks": 1,                                                                   
                                           "Shared Read Blocks": 0,                                                                  
                                           "Shared Dirtied Blocks": 0,                                                               
                                           "Shared Written Blocks": 0,                                                               
                                           "Local Hit Blocks": 0,                                                                    
                                           "Local Read Blocks": 0,                                                                   
                                           "Local Dirtied Blocks": 0,                                                                
                                           "Local Written Blocks": 0,                                                                
                                           "Temp Read Blocks": 0,                                                                    
                                           "Temp Written Blocks": 0,                                                                 
                                           "Plans": [                                                                                
                                             {                                                                                       
                                               "Node Type": "Seq Scan",                                                              
                                               "Parent Relationship": "Outer",                                                       
                                               "Parallel Aware": false,                                                              
                                               "Relation Name": "info_type",                                                         
                                               "Alias": "it",                                                                       
                                               "Startup Cost": 0.00,                                                                 
                                               "Total Cost": 0.05,                                                                   
                                               "Plan Rows": 1,                                                                       
                                               "Plan Width": 4,                                                                      
                                               "Actual Startup Time": 0.056,                                                         
                                               "Actual Total Time": 0.063,                                                           
                                               "Actual Rows": 1,                                                                     
                                               "Actual Loops": 1,                                                                    
                                               "Filter": "((info)::text = 'votes'::text)",                                           
                                               "Rows Removed by Filter": 112,                                                        
                                               "Shared Hit Blocks": 1,                                                               
                                               "Shared Read Blocks": 0,                                                              
                                               "Shared Dirtied Blocks": 0,                                                           
                                               "Shared Written Blocks": 0,                                                           
                                               "Local Hit Blocks": 0,                                                                
                                               "Local Read Blocks": 0,                                                               
                                               "Local Dirtied Blocks": 0,                                                            
                                               "Local Written Blocks": 0,                                                            
                                               "Temp Read Blocks": 0,                                                                
                                               "Temp Written Blocks": 0                                                              
                                             }                                                                                       
                                           ]                                                                                         
                                         }                                                                                           
                                       ]                                                                                             
                                     }                                                                                               
                                   ]                                                                                                 
                                 }                                                                                                   
                               ]                                                                                                     
                             }                                                                                                       
                           ]                                                                                                         
                         }                                                                                                           
                       ]                                                                                                             
                     }                                                                                                               
                   ]                                                                                                                 
                 }                                                                                                                   
               ]                                                                                                                     
             },                                                                                                                      
             {                                                                                                                       
               "Node Type": "Hash",                                                                                                  
               "Parent Relationship": "Inner",                                                                                       
               "Parallel Aware": false,                                                                                              
               "Startup Cost": 2356.12,                                                                                              
               "Total Cost": 2356.12,                                                                                                
               "Plan Rows": 1739438,                                                                                                 
               "Plan Width": 19,                                                                                                     
               "Actual Startup Time": 2634.050,                                                                                      
               "Actual Total Time": 2634.051,                                                                                        
               "Actual Rows": 1739579,                                                                                               
               "Actual Loops": 1,                                                                                                    
               "Hash Buckets": 2097152,                                                                                              
               "Original Hash Buckets": 2097152,                                                                                     
               "Hash Batches": 1,                                                                                                    
               "Original Hash Batches": 1,                                                                                           
               "Peak Memory Usage": 106207,                                                                                          
               "Shared Hit Blocks": 0,                                                                                               
               "Shared Read Blocks": 55613,                                                                                          
               "Shared Dirtied Blocks": 0,                                                                                           
               "Shared Written Blocks": 0,                                                                                           
               "Local Hit Blocks": 0,                                                                                                
               "Local Read Blocks": 0,                                                                                               
               "Local Dirtied Blocks": 0,                                                                                            
               "Local Written Blocks": 0,                                                                                            
               "Temp Read Blocks": 0,                                                                                                
               "Temp Written Blocks": 0,                                                                                             
               "Plans": [                                                                                                            
                 {                                                                                                                   
                   "Node Type": "Seq Scan",                                                                                          
                   "Parent Relationship": "Outer",                                                                                   
                   "Parallel Aware": false,                                                                                          
                   "Relation Name": "name",                                                                                          
                   "Alias": "n",                                                                                                     
                   "Startup Cost": 0.00,                                                                                             
                   "Total Cost": 2356.12,                                                                                            
                   "Plan Rows": 1739438,                                                                                             
                   "Plan Width": 19,                                                                                                 
                   "Actual Startup Time": 36.952,                                                                                    
                   "Actual Total Time": 2093.103,                                                                                    
                   "Actual Rows": 1739579,                                                                                           
                   "Actual Loops": 1,                                                                                                
                   "Filter": "((gender)::text = 'm'::text)",                                                                         
                   "Rows Removed by Filter": 2427912,                                                                                
                   "Shared Hit Blocks": 0,                                                                                           
                   "Shared Read Blocks": 55613,                                                                                      
                   "Shared Dirtied Blocks": 0,                                                                                       
                   "Shared Written Blocks": 0,                                                                                       
                   "Local Hit Blocks": 0,                                                                                            
                   "Local Read Blocks": 0,                                                                                           
                   "Local Dirtied Blocks": 0,                                                                                        
                   "Local Written Blocks": 0,                                                                                        
                   "Temp Read Blocks": 0,                                                                                            
                   "Temp Written Blocks": 0                                                                                          
                 }                                                                                                                   
               ]                                                                                                                     
             }                                                                                                                       
           ]                                                                                                                         
         }                                                                                                                           
       ]                                                                                                                             
     },                                                                                                                              
     "Planning Time": 9084.353,                                                                                                      
     "Triggers": [                                                                                                                   
     ],                                                                                                                              
     "Execution Time": 27040.774                                                                                                     
   }                                                                                                                                 
 ]
