 [                                                                                                                                                   
   {                                                                                                                                                 
     "Plan": {                                                                                                                                       
       "Node Type": "Aggregate",                                                                                                                     
       "Strategy": "Plain",                                                                                                                          
       "Partial Mode": "Simple",                                                                                                                     
       "Parallel Aware": false,                                                                                                                      
       "Startup Cost": 33396.49,                                                                                                                     
       "Total Cost": 33396.49,                                                                                                                       
       "Plan Rows": 1,                                                                                                                               
       "Plan Width": 128,                                                                                                                            
       "Actual Startup Time": 27380.567,                                                                                                             
       "Actual Total Time": 27380.568,                                                                                                               
       "Actual Rows": 1,                                                                                                                             
       "Actual Loops": 1,                                                                                                                            
       "Shared Hit Blocks": 4,                                                                                                                       
       "Shared Read Blocks": 540014,                                                                                                                 
       "Shared Dirtied Blocks": 0,                                                                                                                   
       "Shared Written Blocks": 0,                                                                                                                   
       "Local Hit Blocks": 0,                                                                                                                        
       "Local Read Blocks": 0,                                                                                                                       
       "Local Dirtied Blocks": 0,                                                                                                                    
       "Local Written Blocks": 0,                                                                                                                    
       "Temp Read Blocks": 0,                                                                                                                        
       "Temp Written Blocks": 0,                                                                                                                     
       "Plans": [                                                                                                                                    
         {                                                                                                                                           
           "Node Type": "Hash Join",                                                                                                                 
           "Parent Relationship": "Outer",                                                                                                           
           "Parallel Aware": false,                                                                                                                  
           "Join Type": "Inner",                                                                                                                     
           "Startup Cost": 15785.40,                                                                                                                 
           "Total Cost": 33396.49,                                                                                                                   
           "Plan Rows": 1,                                                                                                                           
           "Plan Width": 80,                                                                                                                         
           "Actual Startup Time": 22942.976,                                                                                                         
           "Actual Total Time": 27357.446,                                                                                                           
           "Actual Rows": 26153,                                                                                                                     
           "Actual Loops": 1,                                                                                                                        
           "Inner Unique": true,                                                                                                                     
           "Hash Cond": "(ci.person_id = n.id)",                                                                                                     
           "Shared Hit Blocks": 4,                                                                                                                   
           "Shared Read Blocks": 540014,                                                                                                             
           "Shared Dirtied Blocks": 0,                                                                                                               
           "Shared Written Blocks": 0,                                                                                                               
           "Local Hit Blocks": 0,                                                                                                                    
           "Local Read Blocks": 0,                                                                                                                   
           "Local Dirtied Blocks": 0,                                                                                                                
           "Local Written Blocks": 0,                                                                                                                
           "Temp Read Blocks": 0,                                                                                                                    
           "Temp Written Blocks": 0,                                                                                                                 
           "Plans": [                                                                                                                                
             {                                                                                                                                       
               "Node Type": "Hash Join",                                                                                                             
               "Parent Relationship": "Outer",                                                                                                       
               "Parallel Aware": false,                                                                                                              
               "Join Type": "Inner",                                                                                                                 
               "Startup Cost": 13173.96,                                                                                                             
               "Total Cost": 30785.05,                                                                                                               
               "Plan Rows": 1,                                                                                                                       
               "Plan Width": 69,                                                                                                                     
               "Actual Startup Time": 20261.863,                                                                                                     
               "Actual Total Time": 24662.611,                                                                                                       
               "Actual Rows": 42900,                                                                                                                 
               "Actual Loops": 1,                                                                                                                    
               "Inner Unique": false,                                                                                                                
               "Hash Cond": "(ci.movie_id = t.id)",                                                                                                  
               "Shared Hit Blocks": 1,                                                                                                               
               "Shared Read Blocks": 484401,                                                                                                         
               "Shared Dirtied Blocks": 0,                                                                                                           
               "Shared Written Blocks": 0,                                                                                                           
               "Local Hit Blocks": 0,                                                                                                                
               "Local Read Blocks": 0,                                                                                                               
               "Local Dirtied Blocks": 0,                                                                                                            
               "Local Written Blocks": 0,                                                                                                            
               "Temp Read Blocks": 0,                                                                                                                
               "Temp Written Blocks": 0,                                                                                                             
               "Plans": [                                                                                                                            
                 {                                                                                                                                   
                   "Node Type": "Seq Scan",                                                                                                          
                   "Parent Relationship": "Outer",                                                                                                   
                   "Parallel Aware": false,                                                                                                          
                   "Relation Name": "cast_info",                                                                                                     
                   "Alias": "ci",                                                                                                                    
                   "Startup Cost": 0.00,                                                                                                             
                   "Total Cost": 17466.00,                                                                                                           
                   "Plan Rows": 1245851,                                                                                                             
                   "Plan Width": 8,                                                                                                                  
                   "Actual Startup Time": 359.325,                                                                                                   
                   "Actual Total Time": 11890.213,                                                                                                   
                   "Actual Rows": 1244716,                                                                                                           
                   "Actual Loops": 1,                                                                                                                
                   "Filter": "(note = ANY ('{(writer),\"(head writer)\",\"(written by)\",(story),\"(story editor)\"}'::text[]))",                    
                   "Rows Removed by Filter": 34999628,                                                                                               
                   "Shared Hit Blocks": 0,                                                                                                           
                   "Shared Read Blocks": 252654,                                                                                                     
                   "Shared Dirtied Blocks": 0,                                                                                                       
                   "Shared Written Blocks": 0,                                                                                                       
                   "Local Hit Blocks": 0,                                                                                                            
                   "Local Read Blocks": 0,                                                                                                           
                   "Local Dirtied Blocks": 0,                                                                                                        
                   "Local Written Blocks": 0,                                                                                                        
                   "Temp Read Blocks": 0,                                                                                                            
                   "Temp Written Blocks": 0                                                                                                          
                 },                                                                                                                                  
                 {                                                                                                                                   
                   "Node Type": "Hash",                                                                                                              
                   "Parent Relationship": "Inner",                                                                                                   
                   "Parallel Aware": false,                                                                                                          
                   "Startup Cost": 13173.96,                                                                                                         
                   "Total Cost": 13173.96,                                                                                                           
                   "Plan Rows": 1,                                                                                                                   
                   "Plan Width": 81,                                                                                                                 
                   "Actual Startup Time": 12501.452,                                                                                                 
                   "Actual Total Time": 12501.452,                                                                                                   
                   "Actual Rows": 63386,                                                                                                             
                   "Actual Loops": 1,                                                                                                                
                   "Hash Buckets": 65536,                                                                                                            
                   "Original Hash Buckets": 1024,                                                                                                    
                   "Hash Batches": 1,                                                                                                                
                   "Original Hash Batches": 1,                                                                                                       
                   "Peak Memory Usage": 5544,                                                                                                        
                   "Shared Hit Blocks": 1,                                                                                                           
                   "Shared Read Blocks": 231747,                                                                                                     
                   "Shared Dirtied Blocks": 0,                                                                                                       
                   "Shared Written Blocks": 0,                                                                                                       
                   "Local Hit Blocks": 0,                                                                                                            
                   "Local Read Blocks": 0,                                                                                                           
                   "Local Dirtied Blocks": 0,                                                                                                        
                   "Local Written Blocks": 0,                                                                                                        
                   "Temp Read Blocks": 0,                                                                                                            
                   "Temp Written Blocks": 0,                                                                                                         
                   "Plans": [                                                                                                                        
                     {                                                                                                                               
                       "Node Type": "Hash Join",                                                                                                     
                       "Parent Relationship": "Outer",                                                                                               
                       "Parallel Aware": false,                                                                                                      
                       "Join Type": "Inner",                                                                                                         
                       "Startup Cost": 3598.81,                                                                                                      
                       "Total Cost": 13173.96,                                                                                                       
                       "Plan Rows": 1,                                                                                                               
                       "Plan Width": 81,                                                                                                             
                       "Actual Startup Time": 11694.710,                                                                                             
                       "Actual Total Time": 12475.153,                                                                                               
                       "Actual Rows": 63386,                                                                                                         
                       "Actual Loops": 1,                                                                                                            
                       "Inner Unique": false,                                                                                                        
                       "Hash Cond": "(mi.movie_id = t.id)",                                                                                          
                       "Shared Hit Blocks": 1,                                                                                                       
                       "Shared Read Blocks": 231747,                                                                                                 
                       "Shared Dirtied Blocks": 0,                                                                                                   
                       "Shared Written Blocks": 0,                                                                                                   
                       "Local Hit Blocks": 0,                                                                                                        
                       "Local Read Blocks": 0,                                                                                                       
                       "Local Dirtied Blocks": 0,                                                                                                    
                       "Local Written Blocks": 0,                                                                                                    
                       "Temp Read Blocks": 0,                                                                                                        
                       "Temp Written Blocks": 0,                                                                                                     
                       "Plans": [                                                                                                                    
                         {                                                                                                                           
                           "Node Type": "Hash Join",                                                                                                 
                           "Parent Relationship": "Outer",                                                                                           
                           "Parallel Aware": false,                                                                                                  
                           "Join Type": "Inner",                                                                                                     
                           "Startup Cost": 0.05,                                                                                                     
                           "Total Cost": 9575.00,                                                                                                    
                           "Plan Rows": 1674,                                                                                                        
                           "Plan Width": 46,                                                                                                         
                           "Actual Startup Time": 7819.865,                                                                                          
                           "Actual Total Time": 8534.241,                                                                                            
                           "Actual Rows": 186594,                                                                                                    
                           "Actual Loops": 1,                                                                                                        
                           "Inner Unique": true,                                                                                                     
                           "Hash Cond": "(mi.info_type_id = it.id)",                                                                                
                           "Shared Hit Blocks": 0,                                                                                                   
                           "Shared Read Blocks": 161893,                                                                                             
                           "Shared Dirtied Blocks": 0,                                                                                               
                           "Shared Written Blocks": 0,                                                                                               
                           "Local Hit Blocks": 0,                                                                                                    
                           "Local Read Blocks": 0,                                                                                                   
                           "Local Dirtied Blocks": 0,                                                                                                
                           "Local Written Blocks": 0,                                                                                                
                           "Temp Read Blocks": 0,                                                                                                    
                           "Temp Written Blocks": 0,                                                                                                 
                           "Plans": [                                                                                                                
                             {                                                                                                                       
                               "Node Type": "Seq Scan",                                                                                              
                               "Parent Relationship": "Outer",                                                                                       
                               "Parallel Aware": false,                                                                                              
                               "Relation Name": "movie_info",                                                                                        
                               "Alias": "mi",                                                                                                        
                               "Startup Cost": 0.00,                                                                                                 
                               "Total Cost": 9559.36,                                                                                                
                               "Plan Rows": 189170,                                                                                                  
                               "Plan Width": 50,                                                                                                     
                               "Actual Startup Time": 2832.156,                                                                                      
                               "Actual Total Time": 8455.613,                                                                                        
                               "Actual Rows": 188971,                                                                                                
                               "Actual Loops": 1,                                                                                                    
                               "Filter": "(info = ANY ('{Horror,Action,Sci-Fi,Thriller,Crime,War}'::text[]))",                                       
                               "Rows Removed by Filter": 14646749,                                                                                   
                               "Shared Hit Blocks": 0,                                                                                               
                               "Shared Read Blocks": 161892,                                                                                         
                               "Shared Dirtied Blocks": 0,                                                                                           
                               "Shared Written Blocks": 0,                                                                                           
                               "Local Hit Blocks": 0,                                                                                                
                               "Local Read Blocks": 0,                                                                                               
                               "Local Dirtied Blocks": 0,                                                                                            
                               "Local Written Blocks": 0,                                                                                            
                               "Temp Read Blocks": 0,                                                                                                
                               "Temp Written Blocks": 0                                                                                              
                             },                                                                                                                      
                             {                                                                                                                       
                               "Node Type": "Hash",                                                                                                  
                               "Parent Relationship": "Inner",                                                                                       
                               "Parallel Aware": false,                                                                                              
                               "Startup Cost": 0.05,                                                                                                 
                               "Total Cost": 0.05,                                                                                                   
                               "Plan Rows": 1,                                                                                                       
                               "Plan Width": 4,                                                                                                      
                               "Actual Startup Time": 24.051,                                                                                        
                               "Actual Total Time": 24.052,                                                                                          
                               "Actual Rows": 1,                                                                                                     
                               "Actual Loops": 1,                                                                                                    
                               "Hash Buckets": 1024,                                                                                                 
                               "Original Hash Buckets": 1024,                                                                                        
                               "Hash Batches": 1,                                                                                                    
                               "Original Hash Batches": 1,                                                                                           
                               "Peak Memory Usage": 9,                                                                                               
                               "Shared Hit Blocks": 0,                                                                                               
                               "Shared Read Blocks": 1,                                                                                              
                               "Shared Dirtied Blocks": 0,                                                                                           
                               "Shared Written Blocks": 0,                                                                                           
                               "Local Hit Blocks": 0,                                                                                                
                               "Local Read Blocks": 0,                                                                                               
                               "Local Dirtied Blocks": 0,                                                                                            
                               "Local Written Blocks": 0,                                                                                            
                               "Temp Read Blocks": 0,                                                                                                
                               "Temp Written Blocks": 0,                                                                                             
                               "Plans": [                                                                                                            
                                 {                                                                                                                   
                                   "Node Type": "Seq Scan",                                                                                          
                                   "Parent Relationship": "Outer",                                                                                   
                                   "Parallel Aware": false,                                                                                          
                                   "Relation Name": "info_type",                                                                                     
                                   "Alias": "it",                                                                                                   
                                   "Startup Cost": 0.00,                                                                                             
                                   "Total Cost": 0.05,                                                                                               
                                   "Plan Rows": 1,                                                                                                   
                                   "Plan Width": 4,                                                                                                  
                                   "Actual Startup Time": 23.990,                                                                                    
                                   "Actual Total Time": 24.030,                                                                                      
                                   "Actual Rows": 1,                                                                                                 
                                   "Actual Loops": 1,                                                                                                
                                   "Filter": "((info)::text = 'genres'::text)",                                                                      
                                   "Rows Removed by Filter": 112,                                                                                    
                                   "Shared Hit Blocks": 0,                                                                                           
                                   "Shared Read Blocks": 1,                                                                                          
                                   "Shared Dirtied Blocks": 0,                                                                                       
                                   "Shared Written Blocks": 0,                                                                                       
                                   "Local Hit Blocks": 0,                                                                                            
                                   "Local Read Blocks": 0,                                                                                           
                                   "Local Dirtied Blocks": 0,                                                                                        
                                   "Local Written Blocks": 0,                                                                                        
                                   "Temp Read Blocks": 0,                                                                                            
                                   "Temp Written Blocks": 0                                                                                          
                                 }                                                                                                                   
                               ]                                                                                                                     
                             }                                                                                                                       
                           ]                                                                                                                         
                         },                                                                                                                          
                         {                                                                                                                           
                           "Node Type": "Hash",                                                                                                      
                           "Parent Relationship": "Inner",                                                                                           
                           "Parallel Aware": false,                                                                                                  
                           "Startup Cost": 3598.76,                                                                                                  
                           "Total Cost": 3598.76,                                                                                                    
                           "Plan Rows": 6,                                                                                                           
                           "Plan Width": 35,                                                                                                         
                           "Actual Startup Time": 3874.802,                                                                                          
                           "Actual Total Time": 3874.802,                                                                                            
                           "Actual Rows": 63701,                                                                                                     
                           "Actual Loops": 1,                                                                                                        
                           "Hash Buckets": 65536,                                                                                                    
                           "Original Hash Buckets": 1024,                                                                                            
                           "Hash Batches": 1,                                                                                                        
                           "Original Hash Batches": 1,                                                                                               
                           "Peak Memory Usage": 4772,                                                                                                
                           "Shared Hit Blocks": 1,                                                                                                   
                           "Shared Read Blocks": 69854,                                                                                              
                           "Shared Dirtied Blocks": 0,                                                                                               
                           "Shared Written Blocks": 0,                                                                                               
                           "Local Hit Blocks": 0,                                                                                                    
                           "Local Read Blocks": 0,                                                                                                   
                           "Local Dirtied Blocks": 0,                                                                                                
                           "Local Written Blocks": 0,                                                                                                
                           "Temp Read Blocks": 0,                                                                                                    
                           "Temp Written Blocks": 0,                                                                                                 
                           "Plans": [                                                                                                                
                             {                                                                                                                       
                               "Node Type": "Hash Join",                                                                                             
                               "Parent Relationship": "Outer",                                                                                       
                               "Parallel Aware": false,                                                                                              
                               "Join Type": "Inner",                                                                                                 
                               "Startup Cost": 2000.35,                                                                                              
                               "Total Cost": 3598.76,                                                                                                
                               "Plan Rows": 6,                                                                                                       
                               "Plan Width": 35,                                                                                                     
                               "Actual Startup Time": 1922.076,                                                                                      
                               "Actual Total Time": 3841.998,                                                                                        
                               "Actual Rows": 63701,                                                                                                 
                               "Actual Loops": 1,                                                                                                    
                               "Inner Unique": false,                                                                                                
                               "Hash Cond": "(t.id = mi_idx.movie_id)",                                                                              
                               "Shared Hit Blocks": 1,                                                                                               
                               "Shared Read Blocks": 69854,                                                                                          
                               "Shared Dirtied Blocks": 0,                                                                                           
                               "Shared Written Blocks": 0,                                                                                           
                               "Local Hit Blocks": 0,                                                                                                
                               "Local Read Blocks": 0,                                                                                               
                               "Local Dirtied Blocks": 0,                                                                                            
                               "Local Written Blocks": 0,                                                                                            
                               "Temp Read Blocks": 0,                                                                                                
                               "Temp Written Blocks": 0,                                                                                             
                               "Plans": [                                                                                                            
                                 {                                                                                                                   
                                   "Node Type": "Seq Scan",                                                                                          
                                   "Parent Relationship": "Outer",                                                                                   
                                   "Parallel Aware": false,                                                                                          
                                   "Relation Name": "title",                                                                                         
                                   "Alias": "t",                                                                                                     
                                   "Startup Cost": 0.00,                                                                                             
                                   "Total Cost": 1303.96,                                                                                            
                                   "Plan Rows": 2528312,                                                                                             
                                   "Plan Width": 21,                                                                                                 
                                   "Actual Startup Time": 21.486,                                                                                    
                                   "Actual Total Time": 1171.356,                                                                                    
                                   "Actual Rows": 2528312,                                                                                           
                                   "Actual Loops": 1,                                                                                                
                                   "Shared Hit Blocks": 0,                                                                                           
                                   "Shared Read Blocks": 35998,                                                                                      
                                   "Shared Dirtied Blocks": 0,                                                                                       
                                   "Shared Written Blocks": 0,                                                                                       
                                   "Local Hit Blocks": 0,                                                                                            
                                   "Local Read Blocks": 0,                                                                                           
                                   "Local Dirtied Blocks": 0,                                                                                        
                                   "Local Written Blocks": 0,                                                                                        
                                   "Temp Read Blocks": 0,                                                                                            
                                   "Temp Written Blocks": 0                                                                                          
                                 },                                                                                                                  
                                 {                                                                                                                   
                                   "Node Type": "Hash",                                                                                              
                                   "Parent Relationship": "Inner",                                                                                   
                                   "Parallel Aware": false,                                                                                          
                                   "Startup Cost": 2000.35,                                                                                          
                                   "Total Cost": 2000.35,                                                                                            
                                   "Plan Rows": 6,                                                                                                   
                                   "Plan Width": 14,                                                                                                 
                                   "Actual Startup Time": 1888.856,                                                                                  
                                   "Actual Total Time": 1888.856,                                                                                    
                                   "Actual Rows": 63701,                                                                                             
                                   "Actual Loops": 1,                                                                                                
                                   "Hash Buckets": 65536,                                                                                            
                                   "Original Hash Buckets": 1024,                                                                                    
                                   "Hash Batches": 1,                                                                                                
                                   "Original Hash Batches": 1,                                                                                       
                                   "Peak Memory Usage": 3335,                                                                                        
                                   "Shared Hit Blocks": 1,                                                                                           
                                   "Shared Read Blocks": 33856,                                                                                      
                                   "Shared Dirtied Blocks": 0,                                                                                       
                                   "Shared Written Blocks": 0,                                                                                       
                                   "Local Hit Blocks": 0,                                                                                            
                                   "Local Read Blocks": 0,                                                                                           
                                   "Local Dirtied Blocks": 0,                                                                                        
                                   "Local Written Blocks": 0,                                                                                        
                                   "Temp Read Blocks": 0,                                                                                            
                                   "Temp Written Blocks": 0,                                                                                         
                                   "Plans": [                                                                                                        
                                     {                                                                                                               
                                       "Node Type": "Hash Join",                                                                                     
                                       "Parent Relationship": "Outer",                                                                               
                                       "Parallel Aware": false,                                                                                      
                                       "Join Type": "Inner",                                                                                         
                                       "Startup Cost": 551.68,                                                                                       
                                       "Total Cost": 2000.35,                                                                                        
                                       "Plan Rows": 6,                                                                                               
                                       "Plan Width": 14,                                                                                             
                                       "Actual Startup Time": 729.347,                                                                               
                                       "Actual Total Time": 1869.878,                                                                                
                                       "Actual Rows": 63701,                                                                                         
                                       "Actual Loops": 1,                                                                                            
                                       "Inner Unique": false,                                                                                        
                                       "Hash Cond": "(mk.movie_id = mi_idx.movie_id)",                                                               
                                       "Shared Hit Blocks": 1,                                                                                       
                                       "Shared Read Blocks": 33856,                                                                                  
                                       "Shared Dirtied Blocks": 0,                                                                                   
                                       "Shared Written Blocks": 0,                                                                                   
                                       "Local Hit Blocks": 0,                                                                                        
                                       "Local Read Blocks": 0,                                                                                       
                                       "Local Dirtied Blocks": 0,                                                                                    
                                       "Local Written Blocks": 0,                                                                                    
                                       "Temp Read Blocks": 0,                                                                                        
                                       "Temp Written Blocks": 0,                                                                                     
                                       "Plans": [                                                                                                    
                                         {                                                                                                           
                                           "Node Type": "Hash Join",                                                                                 
                                           "Parent Relationship": "Outer",                                                                           
                                           "Parallel Aware": false,                                                                                  
                                           "Join Type": "Inner",                                                                                     
                                           "Startup Cost": 75.50,                                                                                    
                                           "Total Cost": 1524.15,                                                                                    
                                           "Plan Rows": 236,                                                                                         
                                           "Plan Width": 4,                                                                                          
                                           "Actual Startup Time": 96.219,                                                                            
                                           "Actual Total Time": 1200.927,                                                                            
                                           "Actual Rows": 76714,                                                                                     
                                           "Actual Loops": 1,                                                                                        
                                           "Inner Unique": true,                                                                                     
                                           "Hash Cond": "(mk.keyword_id = k.id)",                                                                    
                                           "Shared Hit Blocks": 0,                                                                                   
                                           "Shared Read Blocks": 25403,                                                                              
                                           "Shared Dirtied Blocks": 0,                                                                               
                                           "Shared Written Blocks": 0,                                                                               
                                           "Local Hit Blocks": 0,                                                                                    
                                           "Local Read Blocks": 0,                                                                                   
                                           "Local Dirtied Blocks": 0,                                                                                
                                           "Local Written Blocks": 0,                                                                                
                                           "Temp Read Blocks": 0,                                                                                    
                                           "Temp Written Blocks": 0,                                                                                 
                                           "Plans": [                                                                                                
                                             {                                                                                                       
                                               "Node Type": "Seq Scan",                                                                              
                                               "Parent Relationship": "Outer",                                                                       
                                               "Parallel Aware": false,                                                                              
                                               "Relation Name": "movie_keyword",                                                                     
                                               "Alias": "mk",                                                                                        
                                               "Startup Cost": 0.00,                                                                                 
                                               "Total Cost": 1079.84,                                                                                
                                               "Plan Rows": 4523930,                                                                                 
                                               "Plan Width": 8,                                                                                      
                                               "Actual Startup Time": 4.351,                                                                         
                                               "Actual Total Time": 498.411,                                                                         
                                               "Actual Rows": 4523930,                                                                               
                                               "Actual Loops": 1,                                                                                    
                                               "Shared Hit Blocks": 0,                                                                               
                                               "Shared Read Blocks": 24454,                                                                          
                                               "Shared Dirtied Blocks": 0,                                                                           
                                               "Shared Written Blocks": 0,                                                                           
                                               "Local Hit Blocks": 0,                                                                                
                                               "Local Read Blocks": 0,                                                                               
                                               "Local Dirtied Blocks": 0,                                                                            
                                               "Local Written Blocks": 0,                                                                            
                                               "Temp Read Blocks": 0,                                                                                
                                               "Temp Written Blocks": 0                                                                              
                                             },                                                                                                      
                                             {                                                                                                       
                                               "Node Type": "Hash",                                                                                  
                                               "Parent Relationship": "Inner",                                                                       
                                               "Parallel Aware": false,                                                                              
                                               "Startup Cost": 75.50,                                                                                
                                               "Total Cost": 75.50,                                                                                  
                                               "Plan Rows": 7,                                                                                       
                                               "Plan Width": 4,                                                                                      
                                               "Actual Startup Time": 91.796,                                                                        
                                               "Actual Total Time": 91.796,                                                                          
                                               "Actual Rows": 7,                                                                                     
                                               "Actual Loops": 1,                                                                                    
                                               "Hash Buckets": 1024,                                                                                 
                                               "Original Hash Buckets": 1024,                                                                        
                                               "Hash Batches": 1,                                                                                    
                                               "Original Hash Batches": 1,                                                                           
                                               "Peak Memory Usage": 9,                                                                               
                                               "Shared Hit Blocks": 0,                                                                               
                                               "Shared Read Blocks": 949,                                                                            
                                               "Shared Dirtied Blocks": 0,                                                                           
                                               "Shared Written Blocks": 0,                                                                           
                                               "Local Hit Blocks": 0,                                                                                
                                               "Local Read Blocks": 0,                                                                               
                                               "Local Dirtied Blocks": 0,                                                                            
                                               "Local Written Blocks": 0,                                                                            
                                               "Temp Read Blocks": 0,                                                                                
                                               "Temp Written Blocks": 0,                                                                             
                                               "Plans": [                                                                                            
                                                 {                                                                                                   
                                                   "Node Type": "Seq Scan",                                                                          
                                                   "Parent Relationship": "Outer",                                                                   
                                                   "Parallel Aware": false,                                                                          
                                                   "Relation Name": "keyword",                                                                       
                                                   "Alias": "k",                                                                                     
                                                   "Startup Cost": 0.00,                                                                             
                                                   "Total Cost": 75.50,                                                                              
                                                   "Plan Rows": 7,                                                                                   
                                                   "Plan Width": 4,                                                                                  
                                                   "Actual Startup Time": 30.325,                                                                    
                                                   "Actual Total Time": 91.774,                                                                      
                                                   "Actual Rows": 7,                                                                                 
                                                   "Actual Loops": 1,                                                                                
                                                   "Filter": "(keyword = ANY ('{murder,violence,blood,gore,death,female-nudity,hospital}'::text[]))",
                                                   "Rows Removed by Filter": 134163,                                                                 
                                                   "Shared Hit Blocks": 0,                                                                           
                                                   "Shared Read Blocks": 949,                                                                        
                                                   "Shared Dirtied Blocks": 0,                                                                       
                                                   "Shared Written Blocks": 0,                                                                       
                                                   "Local Hit Blocks": 0,                                                                            
                                                   "Local Read Blocks": 0,                                                                           
                                                   "Local Dirtied Blocks": 0,                                                                        
                                                   "Local Written Blocks": 0,                                                                        
                                                   "Temp Read Blocks": 0,                                                                            
                                                   "Temp Written Blocks": 0                                                                          
                                                 }                                                                                                   
                                               ]                                                                                                     
                                             }                                                                                                       
                                           ]                                                                                                         
                                         },                                                                                                          
                                         {                                                                                                           
                                           "Node Type": "Hash",                                                                                      
                                           "Parent Relationship": "Inner",                                                                           
                                           "Parallel Aware": false,                                                                                  
                                           "Startup Cost": 474.39,                                                                                   
                                           "Total Cost": 474.39,                                                                                     
                                           "Plan Rows": 12213,                                                                                       
                                           "Plan Width": 10,                                                                                         
                                           "Actual Startup Time": 633.067,                                                                           
                                           "Actual Total Time": 633.067,                                                                             
                                           "Actual Rows": 459925,                                                                                    
                                           "Actual Loops": 1,                                                                                        
                                           "Hash Buckets": 524288,                                                                                   
                                           "Original Hash Buckets": 16384,                                                                           
                                           "Hash Batches": 1,                                                                                        
                                           "Original Hash Batches": 1,                                                                               
                                           "Peak Memory Usage": 22143,                                                                               
                                           "Shared Hit Blocks": 1,                                                                                   
                                           "Shared Read Blocks": 8453,                                                                               
                                           "Shared Dirtied Blocks": 0,                                                                               
                                           "Shared Written Blocks": 0,                                                                               
                                           "Local Hit Blocks": 0,                                                                                    
                                           "Local Read Blocks": 0,                                                                                   
                                           "Local Dirtied Blocks": 0,                                                                                
                                           "Local Written Blocks": 0,                                                                                
                                           "Temp Read Blocks": 0,                                                                                    
                                           "Temp Written Blocks": 0,                                                                                 
                                           "Plans": [                                                                                                
                                             {                                                                                                       
                                               "Node Type": "Hash Join",                                                                             
                                               "Parent Relationship": "Outer",                                                                       
                                               "Parallel Aware": false,                                                                              
                                               "Join Type": "Inner",                                                                                 
                                               "Startup Cost": 0.05,                                                                                 
                                               "Total Cost": 474.39,                                                                                 
                                               "Plan Rows": 12213,                                                                                   
                                               "Plan Width": 10,                                                                                     
                                               "Actual Startup Time": 10.818,                                                                        
                                               "Actual Total Time": 508.571,                                                                         
                                               "Actual Rows": 459925,                                                                                
                                               "Actual Loops": 1,                                                                                    
                                               "Inner Unique": true,                                                                                 
                                               "Hash Cond": "(mi_idx.info_type_id = it.id)",                                                        
                                               "Shared Hit Blocks": 1,                                                                               
                                               "Shared Read Blocks": 8453,                                                                           
                                               "Shared Dirtied Blocks": 0,                                                                           
                                               "Shared Written Blocks": 0,                                                                           
                                               "Local Hit Blocks": 0,                                                                                
                                               "Local Read Blocks": 0,                                                                               
                                               "Local Dirtied Blocks": 0,                                                                            
                                               "Local Written Blocks": 0,                                                                            
                                               "Temp Read Blocks": 0,                                                                                
                                               "Temp Written Blocks": 0,                                                                             
                                               "Plans": [                                                                                            
                                                 {                                                                                                   
                                                   "Node Type": "Seq Scan",                                                                          
                                                   "Parent Relationship": "Outer",                                                                   
                                                   "Parallel Aware": false,                                                                          
                                                   "Relation Name": "movie_info_idx",                                                                
                                                   "Alias": "mi_idx",                                                                                
                                                   "Startup Cost": 0.00,                                                                             
                                                   "Total Cost": 360.56,                                                                             
                                                   "Plan Rows": 1380035,                                                                             
                                                   "Plan Width": 14,                                                                                 
                                                   "Actual Startup Time": 10.714,                                                                    
                                                   "Actual Total Time": 212.435,                                                                     
                                                   "Actual Rows": 1380035,                                                                           
                                                   "Actual Loops": 1,                                                                                
                                                   "Shared Hit Blocks": 0,                                                                           
                                                   "Shared Read Blocks": 8453,                                                                       
                                                   "Shared Dirtied Blocks": 0,                                                                       
                                                   "Shared Written Blocks": 0,                                                                       
                                                   "Local Hit Blocks": 0,                                                                            
                                                   "Local Read Blocks": 0,                                                                           
                                                   "Local Dirtied Blocks": 0,                                                                        
                                                   "Local Written Blocks": 0,                                                                        
                                                   "Temp Read Blocks": 0,                                                                            
                                                   "Temp Written Blocks": 0                                                                          
                                                 },                                                                                                  
                                                 {                                                                                                   
                                                   "Node Type": "Hash",                                                                              
                                                   "Parent Relationship": "Inner",                                                                   
                                                   "Parallel Aware": false,                                                                          
                                                   "Startup Cost": 0.05,                                                                             
                                                   "Total Cost": 0.05,                                                                               
                                                   "Plan Rows": 1,                                                                                   
                                                   "Plan Width": 4,                                                                                  
                                                   "Actual Startup Time": 0.068,                                                                     
                                                   "Actual Total Time": 0.068,                                                                       
                                                   "Actual Rows": 1,                                                                                 
                                                   "Actual Loops": 1,                                                                                
                                                   "Hash Buckets": 1024,                                                                             
                                                   "Original Hash Buckets": 1024,                                                                    
                                                   "Hash Batches": 1,                                                                                
                                                   "Original Hash Batches": 1,                                                                       
                                                   "Peak Memory Usage": 9,                                                                           
                                                   "Shared Hit Blocks": 1,                                                                           
                                                   "Shared Read Blocks": 0,                                                                          
                                                   "Shared Dirtied Blocks": 0,                                                                       
                                                   "Shared Written Blocks": 0,                                                                       
                                                   "Local Hit Blocks": 0,                                                                            
                                                   "Local Read Blocks": 0,                                                                           
                                                   "Local Dirtied Blocks": 0,                                                                        
                                                   "Local Written Blocks": 0,                                                                        
                                                   "Temp Read Blocks": 0,                                                                            
                                                   "Temp Written Blocks": 0,                                                                         
                                                   "Plans": [                                                                                        
                                                     {                                                                                               
                                                       "Node Type": "Seq Scan",                                                                      
                                                       "Parent Relationship": "Outer",                                                               
                                                       "Parallel Aware": false,                                                                      
                                                       "Relation Name": "info_type",                                                                 
                                                       "Alias": "it",                                                                               
                                                       "Startup Cost": 0.00,                                                                         
                                                       "Total Cost": 0.05,                                                                           
                                                       "Plan Rows": 1,                                                                               
                                                       "Plan Width": 4,                                                                              
                                                       "Actual Startup Time": 0.062,                                                                 
                                                       "Actual Total Time": 0.064,                                                                   
                                                       "Actual Rows": 1,                                                                             
                                                       "Actual Loops": 1,                                                                            
                                                       "Filter": "((info)::text = 'votes'::text)",                                                   
                                                       "Rows Removed by Filter": 112,                                                                
                                                       "Shared Hit Blocks": 1,                                                                       
                                                       "Shared Read Blocks": 0,                                                                      
                                                       "Shared Dirtied Blocks": 0,                                                                   
                                                       "Shared Written Blocks": 0,                                                                   
                                                       "Local Hit Blocks": 0,                                                                        
                                                       "Local Read Blocks": 0,                                                                       
                                                       "Local Dirtied Blocks": 0,                                                                    
                                                       "Local Written Blocks": 0,                                                                    
                                                       "Temp Read Blocks": 0,                                                                        
                                                       "Temp Written Blocks": 0                                                                      
                                                     }                                                                                               
                                                   ]                                                                                                 
                                                 }                                                                                                   
                                               ]                                                                                                     
                                             }                                                                                                       
                                           ]                                                                                                         
                                         }                                                                                                           
                                       ]                                                                                                             
                                     }                                                                                                               
                                   ]                                                                                                                 
                                 }                                                                                                                   
                               ]                                                                                                                     
                             }                                                                                                                       
                           ]                                                                                                                         
                         }                                                                                                                           
                       ]                                                                                                                             
                     }                                                                                                                               
                   ]                                                                                                                                 
                 }                                                                                                                                   
               ]                                                                                                                                     
             },                                                                                                                                      
             {                                                                                                                                       
               "Node Type": "Hash",                                                                                                                  
               "Parent Relationship": "Inner",                                                                                                       
               "Parallel Aware": false,                                                                                                              
               "Startup Cost": 2356.12,                                                                                                              
               "Total Cost": 2356.12,                                                                                                                
               "Plan Rows": 1739438,                                                                                                                 
               "Plan Width": 19,                                                                                                                     
               "Actual Startup Time": 2675.616,                                                                                                      
               "Actual Total Time": 2675.616,                                                                                                        
               "Actual Rows": 1739579,                                                                                                               
               "Actual Loops": 1,                                                                                                                    
               "Hash Buckets": 2097152,                                                                                                              
               "Original Hash Buckets": 2097152,                                                                                                     
               "Hash Batches": 1,                                                                                                                    
               "Original Hash Batches": 1,                                                                                                           
               "Peak Memory Usage": 106207,                                                                                                          
               "Shared Hit Blocks": 0,                                                                                                               
               "Shared Read Blocks": 55613,                                                                                                          
               "Shared Dirtied Blocks": 0,                                                                                                           
               "Shared Written Blocks": 0,                                                                                                           
               "Local Hit Blocks": 0,                                                                                                                
               "Local Read Blocks": 0,                                                                                                               
               "Local Dirtied Blocks": 0,                                                                                                            
               "Local Written Blocks": 0,                                                                                                            
               "Temp Read Blocks": 0,                                                                                                                
               "Temp Written Blocks": 0,                                                                                                             
               "Plans": [                                                                                                                            
                 {                                                                                                                                   
                   "Node Type": "Seq Scan",                                                                                                          
                   "Parent Relationship": "Outer",                                                                                                   
                   "Parallel Aware": false,                                                                                                          
                   "Relation Name": "name",                                                                                                          
                   "Alias": "n",                                                                                                                     
                   "Startup Cost": 0.00,                                                                                                             
                   "Total Cost": 2356.12,                                                                                                            
                   "Plan Rows": 1739438,                                                                                                             
                   "Plan Width": 19,                                                                                                                 
                   "Actual Startup Time": 70.513,                                                                                                    
                   "Actual Total Time": 2131.714,                                                                                                    
                   "Actual Rows": 1739579,                                                                                                           
                   "Actual Loops": 1,                                                                                                                
                   "Filter": "((gender)::text = 'm'::text)",                                                                                         
                   "Rows Removed by Filter": 2427912,                                                                                                
                   "Shared Hit Blocks": 0,                                                                                                           
                   "Shared Read Blocks": 55613,                                                                                                      
                   "Shared Dirtied Blocks": 0,                                                                                                       
                   "Shared Written Blocks": 0,                                                                                                       
                   "Local Hit Blocks": 0,                                                                                                            
                   "Local Read Blocks": 0,                                                                                                           
                   "Local Dirtied Blocks": 0,                                                                                                        
                   "Local Written Blocks": 0,                                                                                                        
                   "Temp Read Blocks": 0,                                                                                                            
                   "Temp Written Blocks": 0                                                                                                          
                 }                                                                                                                                   
               ]                                                                                                                                     
             }                                                                                                                                       
           ]                                                                                                                                         
         }                                                                                                                                           
       ]                                                                                                                                             
     },                                                                                                                                              
     "Planning Time": 9091.786,                                                                                                                      
     "Triggers": [                                                                                                                                   
     ],                                                                                                                                              
     "Execution Time": 27383.578                                                                                                                     
   }                                                                                                                                                 
 ]
