 [                                                                                                                                                                  
   {                                                                                                                                                                
     "Plan": {                                                                                                                                                      
       "Node Type": "Aggregate",                                                                                                                                    
       "Strategy": "Plain",                                                                                                                                         
       "Partial Mode": "Simple",                                                                                                                                    
       "Parallel Aware": false,                                                                                                                                     
       "Startup Cost": 22152.75,                                                                                                                                    
       "Total Cost": 22152.75,                                                                                                                                      
       "Plan Rows": 1,                                                                                                                                              
       "Plan Width": 128,                                                                                                                                           
       "Actual Startup Time": 21018.672,                                                                                                                            
       "Actual Total Time": 21018.672,                                                                                                                              
       "Actual Rows": 1,                                                                                                                                            
       "Actual Loops": 1,                                                                                                                                           
       "Shared Hit Blocks": 4,                                                                                                                                      
       "Shared Read Blocks": 415302,                                                                                                                                
       "Shared Dirtied Blocks": 0,                                                                                                                                  
       "Shared Written Blocks": 0,                                                                                                                                  
       "Local Hit Blocks": 0,                                                                                                                                       
       "Local Read Blocks": 0,                                                                                                                                      
       "Local Dirtied Blocks": 0,                                                                                                                                   
       "Local Written Blocks": 0,                                                                                                                                   
       "Temp Read Blocks": 0,                                                                                                                                       
       "Temp Written Blocks": 0,                                                                                                                                    
       "Plans": [                                                                                                                                                   
         {                                                                                                                                                          
           "Node Type": "Hash Join",                                                                                                                                
           "Parent Relationship": "Outer",                                                                                                                          
           "Parallel Aware": false,                                                                                                                                 
           "Join Type": "Inner",                                                                                                                                    
           "Startup Cost": 8605.91,                                                                                                                                 
           "Total Cost": 22152.75,                                                                                                                                  
           "Plan Rows": 1,                                                                                                                                          
           "Plan Width": 54,                                                                                                                                        
           "Actual Startup Time": 8782.014,                                                                                                                         
           "Actual Total Time": 21006.466,                                                                                                                          
           "Actual Rows": 1728,                                                                                                                                     
           "Actual Loops": 1,                                                                                                                                       
           "Inner Unique": true,                                                                                                                                    
           "Hash Cond": "(cc.status_id = cct.id)",                                                                                                                 
           "Shared Hit Blocks": 4,                                                                                                                                  
           "Shared Read Blocks": 415302,                                                                                                                            
           "Shared Dirtied Blocks": 0,                                                                                                                              
           "Shared Written Blocks": 0,                                                                                                                              
           "Local Hit Blocks": 0,                                                                                                                                   
           "Local Read Blocks": 0,                                                                                                                                  
           "Local Dirtied Blocks": 0,                                                                                                                               
           "Local Written Blocks": 0,                                                                                                                               
           "Temp Read Blocks": 0,                                                                                                                                   
           "Temp Written Blocks": 0,                                                                                                                                
           "Plans": [                                                                                                                                               
             {                                                                                                                                                      
               "Node Type": "Hash Join",                                                                                                                            
               "Parent Relationship": "Outer",                                                                                                                      
               "Parallel Aware": false,                                                                                                                             
               "Join Type": "Inner",                                                                                                                                
               "Startup Cost": 8605.88,                                                                                                                             
               "Total Cost": 22152.72,                                                                                                                              
               "Plan Rows": 1,                                                                                                                                      
               "Plan Width": 58,                                                                                                                                    
               "Actual Startup Time": 8781.882,                                                                                                                     
               "Actual Total Time": 21005.374,                                                                                                                      
               "Actual Rows": 1728,                                                                                                                                 
               "Actual Loops": 1,                                                                                                                                   
               "Inner Unique": true,                                                                                                                                
               "Hash Cond": "(ci.person_id = n.id)",                                                                                                                
               "Shared Hit Blocks": 1,                                                                                                                              
               "Shared Read Blocks": 415301,                                                                                                                        
               "Shared Dirtied Blocks": 0,                                                                                                                          
               "Shared Written Blocks": 0,                                                                                                                          
               "Local Hit Blocks": 0,                                                                                                                               
               "Local Read Blocks": 0,                                                                                                                              
               "Local Dirtied Blocks": 0,                                                                                                                           
               "Local Written Blocks": 0,                                                                                                                           
               "Temp Read Blocks": 0,                                                                                                                               
               "Temp Written Blocks": 0,                                                                                                                            
               "Plans": [                                                                                                                                           
                 {                                                                                                                                                  
                   "Node Type": "Hash Join",                                                                                                                        
                   "Parent Relationship": "Outer",                                                                                                                  
                   "Parallel Aware": false,                                                                                                                         
                   "Join Type": "Inner",                                                                                                                            
                   "Startup Cost": 5961.60,                                                                                                                         
                   "Total Cost": 19508.45,                                                                                                                          
                   "Plan Rows": 1,                                                                                                                                  
                   "Plan Width": 47,                                                                                                                                
                   "Actual Startup Time": 6151.711,                                                                                                                 
                   "Actual Total Time": 18373.594,                                                                                                                  
                   "Actual Rows": 1728,                                                                                                                             
                   "Actual Loops": 1,                                                                                                                               
                   "Inner Unique": true,                                                                                                                            
                   "Hash Cond": "(cc.subject_id = cct.id)",                                                                                                        
                   "Shared Hit Blocks": 1,                                                                                                                          
                   "Shared Read Blocks": 359688,                                                                                                                    
                   "Shared Dirtied Blocks": 0,                                                                                                                      
                   "Shared Written Blocks": 0,                                                                                                                      
                   "Local Hit Blocks": 0,                                                                                                                           
                   "Local Read Blocks": 0,                                                                                                                          
                   "Local Dirtied Blocks": 0,                                                                                                                       
                   "Local Written Blocks": 0,                                                                                                                       
                   "Temp Read Blocks": 0,                                                                                                                           
                   "Temp Written Blocks": 0,                                                                                                                        
                   "Plans": [                                                                                                                                       
                     {                                                                                                                                              
                       "Node Type": "Hash Join",                                                                                                                    
                       "Parent Relationship": "Outer",                                                                                                              
                       "Parallel Aware": false,                                                                                                                     
                       "Join Type": "Inner",                                                                                                                        
                       "Startup Cost": 5961.57,                                                                                                                     
                       "Total Cost": 19508.42,                                                                                                                      
                       "Plan Rows": 1,                                                                                                                              
                       "Plan Width": 51,                                                                                                                            
                       "Actual Startup Time": 6151.678,                                                                                                             
                       "Actual Total Time": 18372.461,                                                                                                              
                       "Actual Rows": 2199,                                                                                                                         
                       "Actual Loops": 1,                                                                                                                           
                       "Inner Unique": false,                                                                                                                       
                       "Hash Cond": "(t.id = cc.movie_id)",                                                                                                         
                       "Shared Hit Blocks": 0,                                                                                                                      
                       "Shared Read Blocks": 359688,                                                                                                                
                       "Shared Dirtied Blocks": 0,                                                                                                                  
                       "Shared Written Blocks": 0,                                                                                                                  
                       "Local Hit Blocks": 0,                                                                                                                       
                       "Local Read Blocks": 0,                                                                                                                      
                       "Local Dirtied Blocks": 0,                                                                                                                   
                       "Local Written Blocks": 0,                                                                                                                   
                       "Temp Read Blocks": 0,                                                                                                                       
                       "Temp Written Blocks": 0,                                                                                                                    
                       "Plans": [                                                                                                                                   
                         {                                                                                                                                          
                           "Node Type": "Hash Join",                                                                                                                
                           "Parent Relationship": "Outer",                                                                                                          
                           "Parallel Aware": false,                                                                                                                 
                           "Join Type": "Inner",                                                                                                                    
                           "Startup Cost": 5909.47,                                                                                                                 
                           "Total Cost": 19456.32,                                                                                                                  
                           "Plan Rows": 1,                                                                                                                          
                           "Plan Width": 59,                                                                                                                        
                           "Actual Startup Time": 6042.059,                                                                                                         
                           "Actual Total Time": 18274.875,                                                                                                          
                           "Actual Rows": 2929,                                                                                                                     
                           "Actual Loops": 1,                                                                                                                       
                           "Inner Unique": true,                                                                                                                    
                           "Hash Cond": "(mk.keyword_id = k.id)",                                                                                                   
                           "Shared Hit Blocks": 0,                                                                                                                  
                           "Shared Read Blocks": 358957,                                                                                                            
                           "Shared Dirtied Blocks": 0,                                                                                                              
                           "Shared Written Blocks": 0,                                                                                                              
                           "Local Hit Blocks": 0,                                                                                                                   
                           "Local Read Blocks": 0,                                                                                                                  
                           "Local Dirtied Blocks": 0,                                                                                                               
                           "Local Written Blocks": 0,                                                                                                               
                           "Temp Read Blocks": 0,                                                                                                                   
                           "Temp Written Blocks": 0,                                                                                                                
                           "Plans": [                                                                                                                               
                             {                                                                                                                                      
                               "Node Type": "Hash Join",                                                                                                            
                               "Parent Relationship": "Outer",                                                                                                      
                               "Parallel Aware": false,                                                                                                             
                               "Join Type": "Inner",                                                                                                                
                               "Startup Cost": 5818.34,                                                                                                             
                               "Total Cost": 19365.18,                                                                                                              
                               "Plan Rows": 98,                                                                                                                     
                               "Plan Width": 63,                                                                                                                    
                               "Actual Startup Time": 5968.164,                                                                                                     
                               "Actual Total Time": 18146.763,                                                                                                      
                               "Actual Rows": 561866,                                                                                                               
                               "Actual Loops": 1,                                                                                                                   
                               "Inner Unique": false,                                                                                                               
                               "Hash Cond": "(t.id = mk.movie_id)",                                                                                                 
                               "Shared Hit Blocks": 0,                                                                                                              
                               "Shared Read Blocks": 358008,                                                                                                        
                               "Shared Dirtied Blocks": 0,                                                                                                          
                               "Shared Written Blocks": 0,                                                                                                          
                               "Local Hit Blocks": 0,                                                                                                               
                               "Local Read Blocks": 0,                                                                                                              
                               "Local Dirtied Blocks": 0,                                                                                                           
                               "Local Written Blocks": 0,                                                                                                           
                               "Temp Read Blocks": 0,                                                                                                               
                               "Temp Written Blocks": 0,                                                                                                            
                               "Plans": [                                                                                                                           
                                 {                                                                                                                                  
                                   "Node Type": "Hash Join",                                                                                                        
                                   "Parent Relationship": "Outer",                                                                                                  
                                   "Parallel Aware": false,                                                                                                         
                                   "Join Type": "Inner",                                                                                                            
                                   "Startup Cost": 4074.47,                                                                                                         
                                   "Total Cost": 17620.07,                                                                                                          
                                   "Plan Rows": 55,                                                                                                                 
                                   "Plan Width": 55,                                                                                                                
                                   "Actual Startup Time": 4110.514,                                                                                                 
                                   "Actual Total Time": 16172.342,                                                                                                  
                                   "Actual Rows": 8886,                                                                                                             
                                   "Actual Loops": 1,                                                                                                               
                                   "Inner Unique": true,                                                                                                            
                                   "Hash Cond": "(mi_idx.info_type_id = it.id)",                                                                                   
                                   "Shared Hit Blocks": 0,                                                                                                          
                                   "Shared Read Blocks": 333554,                                                                                                    
                                   "Shared Dirtied Blocks": 0,                                                                                                      
                                   "Shared Written Blocks": 0,                                                                                                      
                                   "Local Hit Blocks": 0,                                                                                                           
                                   "Local Read Blocks": 0,                                                                                                          
                                   "Local Dirtied Blocks": 0,                                                                                                       
                                   "Local Written Blocks": 0,                                                                                                       
                                   "Temp Read Blocks": 0,                                                                                                           
                                   "Temp Written Blocks": 0,                                                                                                        
                                   "Plans": [                                                                                                                       
                                     {                                                                                                                              
                                       "Node Type": "Hash Join",                                                                                                    
                                       "Parent Relationship": "Outer",                                                                                              
                                       "Parallel Aware": false,                                                                                                     
                                       "Join Type": "Inner",                                                                                                        
                                       "Startup Cost": 4074.42,                                                                                                     
                                       "Total Cost": 17619.51,                                                                                                      
                                       "Plan Rows": 6215,                                                                                                           
                                       "Plan Width": 59,                                                                                                            
                                       "Actual Startup Time": 4092.240,                                                                                             
                                       "Actual Total Time": 16149.494,                                                                                              
                                       "Actual Rows": 17509,                                                                                                        
                                       "Actual Loops": 1,                                                                                                           
                                       "Inner Unique": false,                                                                                                       
                                       "Hash Cond": "(t.id = mi_idx.movie_id)",                                                                                     
                                       "Shared Hit Blocks": 0,                                                                                                      
                                       "Shared Read Blocks": 333553,                                                                                                
                                       "Shared Dirtied Blocks": 0,                                                                                                  
                                       "Shared Written Blocks": 0,                                                                                                  
                                       "Local Hit Blocks": 0,                                                                                                       
                                       "Local Read Blocks": 0,                                                                                                      
                                       "Local Dirtied Blocks": 0,                                                                                                   
                                       "Local Written Blocks": 0,                                                                                                   
                                       "Temp Read Blocks": 0,                                                                                                       
                                       "Temp Written Blocks": 0,                                                                                                    
                                       "Plans": [                                                                                                                   
                                         {                                                                                                                          
                                           "Node Type": "Hash Join",                                                                                                
                                           "Parent Relationship": "Outer",                                                                                          
                                           "Parallel Aware": false,                                                                                                 
                                           "Join Type": "Inner",                                                                                                    
                                           "Startup Cost": 3578.39,                                                                                                 
                                           "Total Cost": 17104.08,                                                                                                  
                                           "Plan Rows": 81430,                                                                                                      
                                           "Plan Width": 45,                                                                                                        
                                           "Actual Startup Time": 3475.895,                                                                                         
                                           "Actual Total Time": 15500.185,                                                                                          
                                           "Actual Rows": 98725,                                                                                                    
                                           "Actual Loops": 1,                                                                                                       
                                           "Inner Unique": true,                                                                                                    
                                           "Hash Cond": "(t.kind_id = kt.id)",                                                                                      
                                           "Shared Hit Blocks": 0,                                                                                                  
                                           "Shared Read Blocks": 325100,                                                                                            
                                           "Shared Dirtied Blocks": 0,                                                                                              
                                           "Shared Written Blocks": 0,                                                                                              
                                           "Local Hit Blocks": 0,                                                                                                   
                                           "Local Read Blocks": 0,                                                                                                  
                                           "Local Dirtied Blocks": 0,                                                                                               
                                           "Local Written Blocks": 0,                                                                                               
                                           "Temp Read Blocks": 0,                                                                                                   
                                           "Temp Written Blocks": 0,                                                                                                
                                           "Plans": [                                                                                                               
                                             {                                                                                                                      
                                               "Node Type": "Hash Join",                                                                                            
                                               "Parent Relationship": "Outer",                                                                                      
                                               "Parallel Aware": false,                                                                                             
                                               "Join Type": "Inner",                                                                                                
                                               "Startup Cost": 3578.36,                                                                                             
                                               "Total Cost": 17049.11,                                                                                              
                                               "Plan Rows": 570007,                                                                                                 
                                               "Plan Width": 49,                                                                                                    
                                               "Actual Startup Time": 3468.759,                                                                                     
                                               "Actual Total Time": 15438.597,                                                                                      
                                               "Actual Rows": 296510,                                                                                               
                                               "Actual Loops": 1,                                                                                                   
                                               "Inner Unique": true,                                                                                                
                                               "Hash Cond": "(ci.movie_id = t.id)",                                                                                 
                                               "Shared Hit Blocks": 0,                                                                                              
                                               "Shared Read Blocks": 325099,                                                                                        
                                               "Shared Dirtied Blocks": 0,                                                                                          
                                               "Shared Written Blocks": 0,                                                                                          
                                               "Local Hit Blocks": 0,                                                                                               
                                               "Local Read Blocks": 0,                                                                                              
                                               "Local Dirtied Blocks": 0,                                                                                           
                                               "Local Written Blocks": 0,                                                                                           
                                               "Temp Read Blocks": 0,                                                                                               
                                               "Temp Written Blocks": 0,                                                                                            
                                               "Plans": [                                                                                                           
                                                 {                                                                                                                  
                                                   "Node Type": "Hash Join",                                                                                        
                                                   "Parent Relationship": "Outer",                                                                                  
                                                   "Parallel Aware": false,                                                                                         
                                                   "Join Type": "Inner",                                                                                            
                                                   "Startup Cost": 1875.33,                                                                                         
                                                   "Total Cost": 15261.03,                                                                                          
                                                   "Plan Rows": 1043217,                                                                                            
                                                   "Plan Width": 24,                                                                                                
                                                   "Actual Startup Time": 1723.870,                                                                                 
                                                   "Actual Total Time": 13392.022,                                                                                  
                                                   "Actual Rows": 623586,                                                                                           
                                                   "Actual Loops": 1,                                                                                               
                                                   "Inner Unique": true,                                                                                            
                                                   "Hash Cond": "(ci.person_role_id = chn.id)",                                                                     
                                                   "Shared Hit Blocks": 0,                                                                                          
                                                   "Shared Read Blocks": 289101,                                                                                    
                                                   "Shared Dirtied Blocks": 0,                                                                                      
                                                   "Shared Written Blocks": 0,                                                                                      
                                                   "Local Hit Blocks": 0,                                                                                           
                                                   "Local Read Blocks": 0,                                                                                          
                                                   "Local Dirtied Blocks": 0,                                                                                       
                                                   "Local Written Blocks": 0,                                                                                       
                                                   "Temp Read Blocks": 0,                                                                                           
                                                   "Temp Written Blocks": 0,                                                                                        
                                                   "Plans": [                                                                                                       
                                                     {                                                                                                              
                                                       "Node Type": "Seq Scan",                                                                                     
                                                       "Parent Relationship": "Outer",                                                                              
                                                       "Parallel Aware": false,                                                                                     
                                                       "Relation Name": "cast_info",                                                                                
                                                       "Alias": "ci",                                                                                               
                                                       "Startup Cost": 0.00,                                                                                        
                                                       "Total Cost": 10431.00,                                                                                      
                                                       "Plan Rows": 36244344,                                                                                       
                                                       "Plan Width": 12,                                                                                            
                                                       "Actual Startup Time": 5.612,                                                                                
                                                       "Actual Total Time": 6159.311,                                                                               
                                                       "Actual Rows": 36244344,                                                                                     
                                                       "Actual Loops": 1,                                                                                           
                                                       "Shared Hit Blocks": 0,                                                                                      
                                                       "Shared Read Blocks": 252654,                                                                                
                                                       "Shared Dirtied Blocks": 0,                                                                                  
                                                       "Shared Written Blocks": 0,                                                                                  
                                                       "Local Hit Blocks": 0,                                                                                       
                                                       "Local Read Blocks": 0,                                                                                      
                                                       "Local Dirtied Blocks": 0,                                                                                   
                                                       "Local Written Blocks": 0,                                                                                   
                                                       "Temp Read Blocks": 0,                                                                                       
                                                       "Temp Written Blocks": 0                                                                                     
                                                     },                                                                                                             
                                                     {                                                                                                              
                                                       "Node Type": "Hash",                                                                                         
                                                       "Parent Relationship": "Inner",                                                                              
                                                       "Parallel Aware": false,                                                                                     
                                                       "Startup Cost": 1847.99,                                                                                     
                                                       "Total Cost": 1847.99,                                                                                       
                                                       "Plan Rows": 186251,                                                                                         
                                                       "Plan Width": 20,                                                                                            
                                                       "Actual Startup Time": 1717.140,                                                                             
                                                       "Actual Total Time": 1717.141,                                                                               
                                                       "Actual Rows": 180152,                                                                                       
                                                       "Actual Loops": 1,                                                                                           
                                                       "Hash Buckets": 262144,                                                                                      
                                                       "Original Hash Buckets": 262144,                                                                             
                                                       "Hash Batches": 1,                                                                                           
                                                       "Original Hash Batches": 1,                                                                                  
                                                       "Peak Memory Usage": 11979,                                                                                  
                                                       "Shared Hit Blocks": 0,                                                                                      
                                                       "Shared Read Blocks": 36447,                                                                                 
                                                       "Shared Dirtied Blocks": 0,                                                                                  
                                                       "Shared Written Blocks": 0,                                                                                  
                                                       "Local Hit Blocks": 0,                                                                                       
                                                       "Local Read Blocks": 0,                                                                                      
                                                       "Local Dirtied Blocks": 0,                                                                                   
                                                       "Local Written Blocks": 0,                                                                                   
                                                       "Temp Read Blocks": 0,                                                                                       
                                                       "Temp Written Blocks": 0,                                                                                    
                                                       "Plans": [                                                                                                   
                                                         {                                                                                                          
                                                           "Node Type": "Seq Scan",                                                                                 
                                                           "Parent Relationship": "Outer",                                                                          
                                                           "Parallel Aware": false,                                                                                 
                                                           "Relation Name": "char_name",                                                                            
                                                           "Alias": "chn",                                                                                          
                                                           "Startup Cost": 0.00,                                                                                    
                                                           "Total Cost": 1847.99,                                                                                   
                                                           "Plan Rows": 186251,                                                                                     
                                                           "Plan Width": 20,                                                                                        
                                                           "Actual Startup Time": 5.544,                                                                            
                                                           "Actual Total Time": 1632.853,                                                                           
                                                           "Actual Rows": 180152,                                                                                   
                                                           "Actual Loops": 1,                                                                                       
                                                           "Filter": "((name IS NOT NULL) AND ((name ~~ '%man%'::text) OR (name ~~ '%Man%'::text)))",               
                                                           "Rows Removed by Filter": 2960187,                                                                       
                                                           "Shared Hit Blocks": 0,                                                                                  
                                                           "Shared Read Blocks": 36447,                                                                             
                                                           "Shared Dirtied Blocks": 0,                                                                              
                                                           "Shared Written Blocks": 0,                                                                              
                                                           "Local Hit Blocks": 0,                                                                                   
                                                           "Local Read Blocks": 0,                                                                                  
                                                           "Local Dirtied Blocks": 0,                                                                               
                                                           "Local Written Blocks": 0,                                                                               
                                                           "Temp Read Blocks": 0,                                                                                   
                                                           "Temp Written Blocks": 0                                                                                 
                                                         }                                                                                                          
                                                       ]                                                                                                            
                                                     }                                                                                                              
                                                   ]                                                                                                                
                                                 },                                                                                                                 
                                                 {                                                                                                                  
                                                   "Node Type": "Hash",                                                                                             
                                                   "Parent Relationship": "Inner",                                                                                  
                                                   "Parallel Aware": false,                                                                                         
                                                   "Startup Cost": 1500.26,                                                                                         
                                                   "Total Cost": 1500.26,                                                                                           
                                                   "Plan Rows": 1381453,                                                                                            
                                                   "Plan Width": 25,                                                                                                
                                                   "Actual Startup Time": 1730.470,                                                                                 
                                                   "Actual Total Time": 1730.470,                                                                                   
                                                   "Actual Rows": 1381453,                                                                                          
                                                   "Actual Loops": 1,                                                                                               
                                                   "Hash Buckets": 2097152,                                                                                         
                                                   "Original Hash Buckets": 2097152,                                                                                
                                                   "Hash Batches": 1,                                                                                               
                                                   "Original Hash Batches": 1,                                                                                      
                                                   "Peak Memory Usage": 95777,                                                                                      
                                                   "Shared Hit Blocks": 0,                                                                                          
                                                   "Shared Read Blocks": 35998,                                                                                     
                                                   "Shared Dirtied Blocks": 0,                                                                                      
                                                   "Shared Written Blocks": 0,                                                                                      
                                                   "Local Hit Blocks": 0,                                                                                           
                                                   "Local Read Blocks": 0,                                                                                          
                                                   "Local Dirtied Blocks": 0,                                                                                       
                                                   "Local Written Blocks": 0,                                                                                       
                                                   "Temp Read Blocks": 0,                                                                                           
                                                   "Temp Written Blocks": 0,                                                                                        
                                                   "Plans": [                                                                                                       
                                                     {                                                                                                              
                                                       "Node Type": "Seq Scan",                                                                                     
                                                       "Parent Relationship": "Outer",                                                                              
                                                       "Parallel Aware": false,                                                                                     
                                                       "Relation Name": "title",                                                                                    
                                                       "Alias": "t",                                                                                                
                                                       "Startup Cost": 0.00,                                                                                        
                                                       "Total Cost": 1500.26,                                                                                       
                                                       "Plan Rows": 1381453,                                                                                        
                                                       "Plan Width": 25,                                                                                            
                                                       "Actual Startup Time": 22.636,                                                                               
                                                       "Actual Total Time": 1122.591,                                                                               
                                                       "Actual Rows": 1381453,                                                                                      
                                                       "Actual Loops": 1,                                                                                           
                                                       "Filter": "(production_year > 2000)",                                                                        
                                                       "Rows Removed by Filter": 1146859,                                                                           
                                                       "Shared Hit Blocks": 0,                                                                                      
                                                       "Shared Read Blocks": 35998,                                                                                 
                                                       "Shared Dirtied Blocks": 0,                                                                                  
                                                       "Shared Written Blocks": 0,                                                                                  
                                                       "Local Hit Blocks": 0,                                                                                       
                                                       "Local Read Blocks": 0,                                                                                      
                                                       "Local Dirtied Blocks": 0,                                                                                   
                                                       "Local Written Blocks": 0,                                                                                   
                                                       "Temp Read Blocks": 0,                                                                                       
                                                       "Temp Written Blocks": 0                                                                                     
                                                     }                                                                                                              
                                                   ]                                                                                                                
                                                 }                                                                                                                  
                                               ]                                                                                                                    
                                             },                                                                                                                     
                                             {                                                                                                                      
                                               "Node Type": "Hash",                                                                                                 
                                               "Parent Relationship": "Inner",                                                                                      
                                               "Parallel Aware": false,                                                                                             
                                               "Startup Cost": 0.03,                                                                                                
                                               "Total Cost": 0.03,                                                                                                  
                                               "Plan Rows": 1,                                                                                                      
                                               "Plan Width": 4,                                                                                                     
                                               "Actual Startup Time": 7.110,                                                                                        
                                               "Actual Total Time": 7.110,                                                                                          
                                               "Actual Rows": 1,                                                                                                    
                                               "Actual Loops": 1,                                                                                                   
                                               "Hash Buckets": 1024,                                                                                                
                                               "Original Hash Buckets": 1024,                                                                                       
                                               "Hash Batches": 1,                                                                                                   
                                               "Original Hash Batches": 1,                                                                                          
                                               "Peak Memory Usage": 9,                                                                                              
                                               "Shared Hit Blocks": 0,                                                                                              
                                               "Shared Read Blocks": 1,                                                                                             
                                               "Shared Dirtied Blocks": 0,                                                                                          
                                               "Shared Written Blocks": 0,                                                                                          
                                               "Local Hit Blocks": 0,                                                                                               
                                               "Local Read Blocks": 0,                                                                                              
                                               "Local Dirtied Blocks": 0,                                                                                           
                                               "Local Written Blocks": 0,                                                                                           
                                               "Temp Read Blocks": 0,                                                                                               
                                               "Temp Written Blocks": 0,                                                                                            
                                               "Plans": [                                                                                                           
                                                 {                                                                                                                  
                                                   "Node Type": "Seq Scan",                                                                                         
                                                   "Parent Relationship": "Outer",                                                                                  
                                                   "Parallel Aware": false,                                                                                         
                                                   "Relation Name": "kind_type",                                                                                    
                                                   "Alias": "kt",                                                                                                   
                                                   "Startup Cost": 0.00,                                                                                            
                                                   "Total Cost": 0.03,                                                                                              
                                                   "Plan Rows": 1,                                                                                                  
                                                   "Plan Width": 4,                                                                                                 
                                                   "Actual Startup Time": 7.076,                                                                                    
                                                   "Actual Total Time": 7.081,                                                                                      
                                                   "Actual Rows": 1,                                                                                                
                                                   "Actual Loops": 1,                                                                                               
                                                   "Filter": "((kind)::text = 'movie'::text)",                                                                      
                                                   "Rows Removed by Filter": 6,                                                                                     
                                                   "Shared Hit Blocks": 0,                                                                                          
                                                   "Shared Read Blocks": 1,                                                                                         
                                                   "Shared Dirtied Blocks": 0,                                                                                      
                                                   "Shared Written Blocks": 0,                                                                                      
                                                   "Local Hit Blocks": 0,                                                                                           
                                                   "Local Read Blocks": 0,                                                                                          
                                                   "Local Dirtied Blocks": 0,                                                                                       
                                                   "Local Written Blocks": 0,                                                                                       
                                                   "Temp Read Blocks": 0,                                                                                           
                                                   "Temp Written Blocks": 0                                                                                         
                                                 }                                                                                                                  
                                               ]                                                                                                                    
                                             }                                                                                                                      
                                           ]                                                                                                                        
                                         },                                                                                                                         
                                         {                                                                                                                          
                                           "Node Type": "Hash",                                                                                                     
                                           "Parent Relationship": "Inner",                                                                                          
                                           "Parallel Aware": false,                                                                                                 
                                           "Startup Cost": 467.71,                                                                                                  
                                           "Total Cost": 467.71,                                                                                                    
                                           "Plan Rows": 192955,                                                                                                     
                                           "Plan Width": 14,                                                                                                        
                                           "Actual Startup Time": 605.875,                                                                                          
                                           "Actual Total Time": 605.875,                                                                                            
                                           "Actual Rows": 192967,                                                                                                   
                                           "Actual Loops": 1,                                                                                                       
                                           "Hash Buckets": 262144,                                                                                                  
                                           "Original Hash Buckets": 262144,                                                                                         
                                           "Hash Batches": 1,                                                                                                       
                                           "Original Hash Batches": 1,                                                                                              
                                           "Peak Memory Usage": 10369,                                                                                              
                                           "Shared Hit Blocks": 0,                                                                                                  
                                           "Shared Read Blocks": 8453,                                                                                              
                                           "Shared Dirtied Blocks": 0,                                                                                              
                                           "Shared Written Blocks": 0,                                                                                              
                                           "Local Hit Blocks": 0,                                                                                                   
                                           "Local Read Blocks": 0,                                                                                                  
                                           "Local Dirtied Blocks": 0,                                                                                               
                                           "Local Written Blocks": 0,                                                                                               
                                           "Temp Read Blocks": 0,                                                                                                   
                                           "Temp Written Blocks": 0,                                                                                                
                                           "Plans": [                                                                                                               
                                             {                                                                                                                      
                                               "Node Type": "Seq Scan",                                                                                             
                                               "Parent Relationship": "Outer",                                                                                      
                                               "Parallel Aware": false,                                                                                             
                                               "Relation Name": "movie_info_idx",                                                                                   
                                               "Alias": "mi_idx",                                                                                                   
                                               "Startup Cost": 0.00,                                                                                                
                                               "Total Cost": 467.71,                                                                                                
                                               "Plan Rows": 192955,                                                                                                 
                                               "Plan Width": 14,                                                                                                    
                                               "Actual Startup Time": 7.164,                                                                                        
                                               "Actual Total Time": 523.305,                                                                                        
                                               "Actual Rows": 192967,                                                                                               
                                               "Actual Loops": 1,                                                                                                   
                                               "Filter": "(info > '7.0'::text)",                                                                                    
                                               "Rows Removed by Filter": 1187068,                                                                                   
                                               "Shared Hit Blocks": 0,                                                                                              
                                               "Shared Read Blocks": 8453,                                                                                          
                                               "Shared Dirtied Blocks": 0,                                                                                          
                                               "Shared Written Blocks": 0,                                                                                          
                                               "Local Hit Blocks": 0,                                                                                               
                                               "Local Read Blocks": 0,                                                                                              
                                               "Local Dirtied Blocks": 0,                                                                                           
                                               "Local Written Blocks": 0,                                                                                           
                                               "Temp Read Blocks": 0,                                                                                               
                                               "Temp Written Blocks": 0                                                                                             
                                             }                                                                                                                      
                                           ]                                                                                                                        
                                         }                                                                                                                          
                                       ]                                                                                                                            
                                     },                                                                                                                             
                                     {                                                                                                                              
                                       "Node Type": "Hash",                                                                                                         
                                       "Parent Relationship": "Inner",                                                                                              
                                       "Parallel Aware": false,                                                                                                     
                                       "Startup Cost": 0.05,                                                                                                        
                                       "Total Cost": 0.05,                                                                                                          
                                       "Plan Rows": 1,                                                                                                              
                                       "Plan Width": 4,                                                                                                             
                                       "Actual Startup Time": 18.251,                                                                                               
                                       "Actual Total Time": 18.251,                                                                                                 
                                       "Actual Rows": 1,                                                                                                            
                                       "Actual Loops": 1,                                                                                                           
                                       "Hash Buckets": 1024,                                                                                                        
                                       "Original Hash Buckets": 1024,                                                                                               
                                       "Hash Batches": 1,                                                                                                           
                                       "Original Hash Batches": 1,                                                                                                  
                                       "Peak Memory Usage": 9,                                                                                                      
                                       "Shared Hit Blocks": 0,                                                                                                      
                                       "Shared Read Blocks": 1,                                                                                                     
                                       "Shared Dirtied Blocks": 0,                                                                                                  
                                       "Shared Written Blocks": 0,                                                                                                  
                                       "Local Hit Blocks": 0,                                                                                                       
                                       "Local Read Blocks": 0,                                                                                                      
                                       "Local Dirtied Blocks": 0,                                                                                                   
                                       "Local Written Blocks": 0,                                                                                                   
                                       "Temp Read Blocks": 0,                                                                                                       
                                       "Temp Written Blocks": 0,                                                                                                    
                                       "Plans": [                                                                                                                   
                                         {                                                                                                                          
                                           "Node Type": "Seq Scan",                                                                                                 
                                           "Parent Relationship": "Outer",                                                                                          
                                           "Parallel Aware": false,                                                                                                 
                                           "Relation Name": "info_type",                                                                                            
                                           "Alias": "it",                                                                                                          
                                           "Startup Cost": 0.00,                                                                                                    
                                           "Total Cost": 0.05,                                                                                                      
                                           "Plan Rows": 1,                                                                                                          
                                           "Plan Width": 4,                                                                                                         
                                           "Actual Startup Time": 18.233,                                                                                           
                                           "Actual Total Time": 18.239,                                                                                             
                                           "Actual Rows": 1,                                                                                                        
                                           "Actual Loops": 1,                                                                                                       
                                           "Filter": "((info)::text = 'rating'::text)",                                                                             
                                           "Rows Removed by Filter": 112,                                                                                           
                                           "Shared Hit Blocks": 0,                                                                                                  
                                           "Shared Read Blocks": 1,                                                                                                 
                                           "Shared Dirtied Blocks": 0,                                                                                              
                                           "Shared Written Blocks": 0,                                                                                              
                                           "Local Hit Blocks": 0,                                                                                                   
                                           "Local Read Blocks": 0,                                                                                                  
                                           "Local Dirtied Blocks": 0,                                                                                               
                                           "Local Written Blocks": 0,                                                                                               
                                           "Temp Read Blocks": 0,                                                                                                   
                                           "Temp Written Blocks": 0                                                                                                 
                                         }                                                                                                                          
                                       ]                                                                                                                            
                                     }                                                                                                                              
                                   ]                                                                                                                                
                                 },                                                                                                                                 
                                 {                                                                                                                                  
                                   "Node Type": "Hash",                                                                                                             
                                   "Parent Relationship": "Inner",                                                                                                  
                                   "Parallel Aware": false,                                                                                                         
                                   "Startup Cost": 1079.84,                                                                                                         
                                   "Total Cost": 1079.84,                                                                                                           
                                   "Plan Rows": 4523930,                                                                                                            
                                   "Plan Width": 8,                                                                                                                 
                                   "Actual Startup Time": 1837.387,                                                                                                 
                                   "Actual Total Time": 1837.387,                                                                                                   
                                   "Actual Rows": 4523930,                                                                                                          
                                   "Actual Loops": 1,                                                                                                               
                                   "Hash Buckets": 8388608,                                                                                                         
                                   "Original Hash Buckets": 8388608,                                                                                                
                                   "Hash Batches": 1,                                                                                                               
                                   "Original Hash Batches": 1,                                                                                                      
                                   "Peak Memory Usage": 242253,                                                                                                     
                                   "Shared Hit Blocks": 0,                                                                                                          
                                   "Shared Read Blocks": 24454,                                                                                                     
                                   "Shared Dirtied Blocks": 0,                                                                                                      
                                   "Shared Written Blocks": 0,                                                                                                      
                                   "Local Hit Blocks": 0,                                                                                                           
                                   "Local Read Blocks": 0,                                                                                                          
                                   "Local Dirtied Blocks": 0,                                                                                                       
                                   "Local Written Blocks": 0,                                                                                                       
                                   "Temp Read Blocks": 0,                                                                                                           
                                   "Temp Written Blocks": 0,                                                                                                        
                                   "Plans": [                                                                                                                       
                                     {                                                                                                                              
                                       "Node Type": "Seq Scan",                                                                                                     
                                       "Parent Relationship": "Outer",                                                                                              
                                       "Parallel Aware": false,                                                                                                     
                                       "Relation Name": "movie_keyword",                                                                                            
                                       "Alias": "mk",                                                                                                               
                                       "Startup Cost": 0.00,                                                                                                        
                                       "Total Cost": 1079.84,                                                                                                       
                                       "Plan Rows": 4523930,                                                                                                        
                                       "Plan Width": 8,                                                                                                             
                                       "Actual Startup Time": 20.584,                                                                                               
                                       "Actual Total Time": 902.372,                                                                                                
                                       "Actual Rows": 4523930,                                                                                                      
                                       "Actual Loops": 1,                                                                                                           
                                       "Shared Hit Blocks": 0,                                                                                                      
                                       "Shared Read Blocks": 24454,                                                                                                 
                                       "Shared Dirtied Blocks": 0,                                                                                                  
                                       "Shared Written Blocks": 0,                                                                                                  
                                       "Local Hit Blocks": 0,                                                                                                       
                                       "Local Read Blocks": 0,                                                                                                      
                                       "Local Dirtied Blocks": 0,                                                                                                   
                                       "Local Written Blocks": 0,                                                                                                   
                                       "Temp Read Blocks": 0,                                                                                                       
                                       "Temp Written Blocks": 0                                                                                                     
                                     }                                                                                                                              
                                   ]                                                                                                                                
                                 }                                                                                                                                  
                               ]                                                                                                                                    
                             },                                                                                                                                     
                             {                                                                                                                                      
                               "Node Type": "Hash",                                                                                                                 
                               "Parent Relationship": "Inner",                                                                                                      
                               "Parallel Aware": false,                                                                                                             
                               "Startup Cost": 91.13,                                                                                                               
                               "Total Cost": 91.13,                                                                                                                 
                               "Plan Rows": 10,                                                                                                                     
                               "Plan Width": 4,                                                                                                                     
                               "Actual Startup Time": 69.118,                                                                                                       
                               "Actual Total Time": 69.118,                                                                                                         
                               "Actual Rows": 10,                                                                                                                   
                               "Actual Loops": 1,                                                                                                                   
                               "Hash Buckets": 1024,                                                                                                                
                               "Original Hash Buckets": 1024,                                                                                                       
                               "Hash Batches": 1,                                                                                                                   
                               "Original Hash Batches": 1,                                                                                                          
                               "Peak Memory Usage": 9,                                                                                                              
                               "Shared Hit Blocks": 0,                                                                                                              
                               "Shared Read Blocks": 949,                                                                                                           
                               "Shared Dirtied Blocks": 0,                                                                                                          
                               "Shared Written Blocks": 0,                                                                                                          
                               "Local Hit Blocks": 0,                                                                                                               
                               "Local Read Blocks": 0,                                                                                                              
                               "Local Dirtied Blocks": 0,                                                                                                           
                               "Local Written Blocks": 0,                                                                                                           
                               "Temp Read Blocks": 0,                                                                                                               
                               "Temp Written Blocks": 0,                                                                                                            
                               "Plans": [                                                                                                                           
                                 {                                                                                                                                  
                                   "Node Type": "Seq Scan",                                                                                                         
                                   "Parent Relationship": "Outer",                                                                                                  
                                   "Parallel Aware": false,                                                                                                         
                                   "Relation Name": "keyword",                                                                                                      
                                   "Alias": "k",                                                                                                                    
                                   "Startup Cost": 0.00,                                                                                                            
                                   "Total Cost": 91.13,                                                                                                             
                                   "Plan Rows": 10,                                                                                                                 
                                   "Plan Width": 4,                                                                                                                 
                                   "Actual Startup Time": 4.078,                                                                                                    
                                   "Actual Total Time": 69.098,                                                                                                     
                                   "Actual Rows": 10,                                                                                                               
                                   "Actual Loops": 1,                                                                                                               
                                   "Filter": "(keyword = ANY ('{superhero,marvel-comics,based-on-comic,tv-special,fight,violence,magnet,web,claw,laser}'::text[]))",
                                   "Rows Removed by Filter": 134160,                                                                                                
                                   "Shared Hit Blocks": 0,                                                                                                          
                                   "Shared Read Blocks": 949,                                                                                                       
                                   "Shared Dirtied Blocks": 0,                                                                                                      
                                   "Shared Written Blocks": 0,                                                                                                      
                                   "Local Hit Blocks": 0,                                                                                                           
                                   "Local Read Blocks": 0,                                                                                                          
                                   "Local Dirtied Blocks": 0,                                                                                                       
                                   "Local Written Blocks": 0,                                                                                                       
                                   "Temp Read Blocks": 0,                                                                                                           
                                   "Temp Written Blocks": 0                                                                                                         
                                 }                                                                                                                                  
                               ]                                                                                                                                    
                             }                                                                                                                                      
                           ]                                                                                                                                        
                         },                                                                                                                                         
                         {                                                                                                                                          
                           "Node Type": "Hash",                                                                                                                     
                           "Parent Relationship": "Inner",                                                                                                          
                           "Parallel Aware": false,                                                                                                                 
                           "Startup Cost": 32.27,                                                                                                                   
                           "Total Cost": 32.27,                                                                                                                     
                           "Plan Rows": 135086,                                                                                                                     
                           "Plan Width": 12,                                                                                                                        
                           "Actual Startup Time": 94.818,                                                                                                           
                           "Actual Total Time": 94.818,                                                                                                             
                           "Actual Rows": 135086,                                                                                                                   
                           "Actual Loops": 1,                                                                                                                       
                           "Hash Buckets": 262144,                                                                                                                  
                           "Original Hash Buckets": 262144,                                                                                                         
                           "Hash Batches": 1,                                                                                                                       
                           "Original Hash Batches": 1,                                                                                                              
                           "Peak Memory Usage": 7853,                                                                                                               
                           "Shared Hit Blocks": 0,                                                                                                                  
                           "Shared Read Blocks": 731,                                                                                                               
                           "Shared Dirtied Blocks": 0,                                                                                                              
                           "Shared Written Blocks": 0,                                                                                                              
                           "Local Hit Blocks": 0,                                                                                                                   
                           "Local Read Blocks": 0,                                                                                                                  
                           "Local Dirtied Blocks": 0,                                                                                                               
                           "Local Written Blocks": 0,                                                                                                               
                           "Temp Read Blocks": 0,                                                                                                                   
                           "Temp Written Blocks": 0,                                                                                                                
                           "Plans": [                                                                                                                               
                             {                                                                                                                                      
                               "Node Type": "Seq Scan",                                                                                                             
                               "Parent Relationship": "Outer",                                                                                                      
                               "Parallel Aware": false,                                                                                                             
                               "Relation Name": "complete_cast",                                                                                                    
                               "Alias": "cc",                                                                                                                       
                               "Startup Cost": 0.00,                                                                                                                
                               "Total Cost": 32.27,                                                                                                                 
                               "Plan Rows": 135086,                                                                                                                 
                               "Plan Width": 12,                                                                                                                    
                               "Actual Startup Time": 23.419,                                                                                                       
                               "Actual Total Time": 55.707,                                                                                                         
                               "Actual Rows": 135086,                                                                                                               
                               "Actual Loops": 1,                                                                                                                   
                               "Shared Hit Blocks": 0,                                                                                                              
                               "Shared Read Blocks": 731,                                                                                                           
                               "Shared Dirtied Blocks": 0,                                                                                                          
                               "Shared Written Blocks": 0,                                                                                                          
                               "Local Hit Blocks": 0,                                                                                                               
                               "Local Read Blocks": 0,                                                                                                              
                               "Local Dirtied Blocks": 0,                                                                                                           
                               "Local Written Blocks": 0,                                                                                                           
                               "Temp Read Blocks": 0,                                                                                                               
                               "Temp Written Blocks": 0                                                                                                             
                             }                                                                                                                                      
                           ]                                                                                                                                        
                         }                                                                                                                                          
                       ]                                                                                                                                            
                     },                                                                                                                                             
                     {                                                                                                                                              
                       "Node Type": "Hash",                                                                                                                         
                       "Parent Relationship": "Inner",                                                                                                              
                       "Parallel Aware": false,                                                                                                                     
                       "Startup Cost": 0.03,                                                                                                                        
                       "Total Cost": 0.03,                                                                                                                          
                       "Plan Rows": 1,                                                                                                                              
                       "Plan Width": 4,                                                                                                                             
                       "Actual Startup Time": 0.015,                                                                                                                
                       "Actual Total Time": 0.016,                                                                                                                  
                       "Actual Rows": 1,                                                                                                                            
                       "Actual Loops": 1,                                                                                                                           
                       "Hash Buckets": 1024,                                                                                                                        
                       "Original Hash Buckets": 1024,                                                                                                               
                       "Hash Batches": 1,                                                                                                                           
                       "Original Hash Batches": 1,                                                                                                                  
                       "Peak Memory Usage": 9,                                                                                                                      
                       "Shared Hit Blocks": 1,                                                                                                                      
                       "Shared Read Blocks": 0,                                                                                                                     
                       "Shared Dirtied Blocks": 0,                                                                                                                  
                       "Shared Written Blocks": 0,                                                                                                                  
                       "Local Hit Blocks": 0,                                                                                                                       
                       "Local Read Blocks": 0,                                                                                                                      
                       "Local Dirtied Blocks": 0,                                                                                                                   
                       "Local Written Blocks": 0,                                                                                                                   
                       "Temp Read Blocks": 0,                                                                                                                       
                       "Temp Written Blocks": 0,                                                                                                                    
                       "Plans": [                                                                                                                                   
                         {                                                                                                                                          
                           "Node Type": "Seq Scan",                                                                                                                 
                           "Parent Relationship": "Outer",                                                                                                          
                           "Parallel Aware": false,                                                                                                                 
                           "Relation Name": "comp_cast_type",                                                                                                       
                           "Alias": "cct",                                                                                                                         
                           "Startup Cost": 0.00,                                                                                                                    
                           "Total Cost": 0.03,                                                                                                                      
                           "Plan Rows": 1,                                                                                                                          
                           "Plan Width": 4,                                                                                                                         
                           "Actual Startup Time": 0.010,                                                                                                            
                           "Actual Total Time": 0.011,                                                                                                              
                           "Actual Rows": 1,                                                                                                                        
                           "Actual Loops": 1,                                                                                                                       
                           "Filter": "((kind)::text = 'cast'::text)",                                                                                               
                           "Rows Removed by Filter": 3,                                                                                                             
                           "Shared Hit Blocks": 1,                                                                                                                  
                           "Shared Read Blocks": 0,                                                                                                                 
                           "Shared Dirtied Blocks": 0,                                                                                                              
                           "Shared Written Blocks": 0,                                                                                                              
                           "Local Hit Blocks": 0,                                                                                                                   
                           "Local Read Blocks": 0,                                                                                                                  
                           "Local Dirtied Blocks": 0,                                                                                                               
                           "Local Written Blocks": 0,                                                                                                               
                           "Temp Read Blocks": 0,                                                                                                                   
                           "Temp Written Blocks": 0                                                                                                                 
                         }                                                                                                                                          
                       ]                                                                                                                                            
                     }                                                                                                                                              
                   ]                                                                                                                                                
                 },                                                                                                                                                 
                 {                                                                                                                                                  
                   "Node Type": "Hash",                                                                                                                             
                   "Parent Relationship": "Inner",                                                                                                                  
                   "Parallel Aware": false,                                                                                                                         
                   "Startup Cost": 2032.56,                                                                                                                         
                   "Total Cost": 2032.56,                                                                                                                           
                   "Plan Rows": 4167491,                                                                                                                            
                   "Plan Width": 19,                                                                                                                                
                   "Actual Startup Time": 2620.121,                                                                                                                 
                   "Actual Total Time": 2620.121,                                                                                                                   
                   "Actual Rows": 4167491,                                                                                                                          
                   "Actual Loops": 1,                                                                                                                               
                   "Hash Buckets": 4194304,                                                                                                                         
                   "Original Hash Buckets": 4194304,                                                                                                                
                   "Hash Batches": 1,                                                                                                                               
                   "Original Hash Batches": 1,                                                                                                                      
                   "Peak Memory Usage": 248744,                                                                                                                     
                   "Shared Hit Blocks": 0,                                                                                                                          
                   "Shared Read Blocks": 55613,                                                                                                                     
                   "Shared Dirtied Blocks": 0,                                                                                                                      
                   "Shared Written Blocks": 0,                                                                                                                      
                   "Local Hit Blocks": 0,                                                                                                                           
                   "Local Read Blocks": 0,                                                                                                                          
                   "Local Dirtied Blocks": 0,                                                                                                                       
                   "Local Written Blocks": 0,                                                                                                                       
                   "Temp Read Blocks": 0,                                                                                                                           
                   "Temp Written Blocks": 0,                                                                                                                        
                   "Plans": [                                                                                                                                       
                     {                                                                                                                                              
                       "Node Type": "Seq Scan",                                                                                                                     
                       "Parent Relationship": "Outer",                                                                                                              
                       "Parallel Aware": false,                                                                                                                     
                       "Relation Name": "name",                                                                                                                     
                       "Alias": "n",                                                                                                                                
                       "Startup Cost": 0.00,                                                                                                                        
                       "Total Cost": 2032.56,                                                                                                                       
                       "Plan Rows": 4167491,                                                                                                                        
                       "Plan Width": 19,                                                                                                                            
                       "Actual Startup Time": 14.887,                                                                                                               
                       "Actual Total Time": 1253.342,                                                                                                               
                       "Actual Rows": 4167491,                                                                                                                      
                       "Actual Loops": 1,                                                                                                                           
                       "Shared Hit Blocks": 0,                                                                                                                      
                       "Shared Read Blocks": 55613,                                                                                                                 
                       "Shared Dirtied Blocks": 0,                                                                                                                  
                       "Shared Written Blocks": 0,                                                                                                                  
                       "Local Hit Blocks": 0,                                                                                                                       
                       "Local Read Blocks": 0,                                                                                                                      
                       "Local Dirtied Blocks": 0,                                                                                                                   
                       "Local Written Blocks": 0,                                                                                                                   
                       "Temp Read Blocks": 0,                                                                                                                       
                       "Temp Written Blocks": 0                                                                                                                     
                     }                                                                                                                                              
                   ]                                                                                                                                                
                 }                                                                                                                                                  
               ]                                                                                                                                                    
             },                                                                                                                                                     
             {                                                                                                                                                      
               "Node Type": "Hash",                                                                                                                                 
               "Parent Relationship": "Inner",                                                                                                                      
               "Parallel Aware": false,                                                                                                                             
               "Startup Cost": 0.03,                                                                                                                                
               "Total Cost": 0.03,                                                                                                                                  
               "Plan Rows": 1,                                                                                                                                      
               "Plan Width": 4,                                                                                                                                     
               "Actual Startup Time": 0.104,                                                                                                                        
               "Actual Total Time": 0.104,                                                                                                                          
               "Actual Rows": 2,                                                                                                                                    
               "Actual Loops": 1,                                                                                                                                   
               "Hash Buckets": 1024,                                                                                                                                
               "Original Hash Buckets": 1024,                                                                                                                       
               "Hash Batches": 1,                                                                                                                                   
               "Original Hash Batches": 1,                                                                                                                          
               "Peak Memory Usage": 9,                                                                                                                              
               "Shared Hit Blocks": 0,                                                                                                                              
               "Shared Read Blocks": 1,                                                                                                                             
               "Shared Dirtied Blocks": 0,                                                                                                                          
               "Shared Written Blocks": 0,                                                                                                                          
               "Local Hit Blocks": 0,                                                                                                                               
               "Local Read Blocks": 0,                                                                                                                              
               "Local Dirtied Blocks": 0,                                                                                                                           
               "Local Written Blocks": 0,                                                                                                                           
               "Temp Read Blocks": 0,                                                                                                                               
               "Temp Written Blocks": 0,                                                                                                                            
               "Plans": [                                                                                                                                           
                 {                                                                                                                                                  
                   "Node Type": "Seq Scan",                                                                                                                         
                   "Parent Relationship": "Outer",                                                                                                                  
                   "Parallel Aware": false,                                                                                                                         
                   "Relation Name": "comp_cast_type",                                                                                                               
                   "Alias": "cct",                                                                                                                                 
                   "Startup Cost": 0.00,                                                                                                                            
                   "Total Cost": 0.03,                                                                                                                              
                   "Plan Rows": 1,                                                                                                                                  
                   "Plan Width": 4,                                                                                                                                 
                   "Actual Startup Time": 0.096,                                                                                                                    
                   "Actual Total Time": 0.096,                                                                                                                      
                   "Actual Rows": 2,                                                                                                                                
                   "Actual Loops": 1,                                                                                                                               
                   "Filter": "((kind)::text ~~ '%complete%'::text)",                                                                                                
                   "Rows Removed by Filter": 2,                                                                                                                     
                   "Shared Hit Blocks": 0,                                                                                                                          
                   "Shared Read Blocks": 1,                                                                                                                         
                   "Shared Dirtied Blocks": 0,                                                                                                                      
                   "Shared Written Blocks": 0,                                                                                                                      
                   "Local Hit Blocks": 0,                                                                                                                           
                   "Local Read Blocks": 0,                                                                                                                          
                   "Local Dirtied Blocks": 0,                                                                                                                       
                   "Local Written Blocks": 0,                                                                                                                       
                   "Temp Read Blocks": 0,                                                                                                                           
                   "Temp Written Blocks": 0                                                                                                                         
                 }                                                                                                                                                  
               ]                                                                                                                                                    
             }                                                                                                                                                      
           ]                                                                                                                                                        
         }                                                                                                                                                          
       ]                                                                                                                                                            
     },                                                                                                                                                             
     "Planning Time": 9501.082,                                                                                                                                     
     "Triggers": [                                                                                                                                                  
     ],                                                                                                                                                             
     "Execution Time": 21031.924                                                                                                                                    
   }                                                                                                                                                                
 ]
