 [                                                                                                                                                   
   {                                                                                                                                                 
     "Plan": {                                                                                                                                       
       "Node Type": "Aggregate",                                                                                                                     
       "Strategy": "Plain",                                                                                                                          
       "Partial Mode": "Simple",                                                                                                                     
       "Parallel Aware": false,                                                                                                                      
       "Startup Cost": 22021.02,                                                                                                                     
       "Total Cost": 22021.02,                                                                                                                       
       "Plan Rows": 1,                                                                                                                               
       "Plan Width": 96,                                                                                                                             
       "Actual Startup Time": 21221.132,                                                                                                             
       "Actual Total Time": 21221.133,                                                                                                               
       "Actual Rows": 1,                                                                                                                             
       "Actual Loops": 1,                                                                                                                            
       "Shared Hit Blocks": 4,                                                                                                                       
       "Shared Read Blocks": 415302,                                                                                                                 
       "Shared Dirtied Blocks": 0,                                                                                                                   
       "Shared Written Blocks": 0,                                                                                                                   
       "Local Hit Blocks": 0,                                                                                                                        
       "Local Read Blocks": 0,                                                                                                                       
       "Local Dirtied Blocks": 0,                                                                                                                    
       "Local Written Blocks": 0,                                                                                                                    
       "Temp Read Blocks": 0,                                                                                                                        
       "Temp Written Blocks": 0,                                                                                                                     
       "Plans": [                                                                                                                                    
         {                                                                                                                                           
           "Node Type": "Hash Join",                                                                                                                 
           "Parent Relationship": "Outer",                                                                                                           
           "Parallel Aware": false,                                                                                                                  
           "Join Type": "Inner",                                                                                                                     
           "Startup Cost": 8500.00,                                                                                                                  
           "Total Cost": 22021.02,                                                                                                                   
           "Plan Rows": 1,                                                                                                                           
           "Plan Width": 39,                                                                                                                         
           "Actual Startup Time": 9102.314,                                                                                                          
           "Actual Total Time": 21220.884,                                                                                                           
           "Actual Rows": 93,                                                                                                                        
           "Actual Loops": 1,                                                                                                                        
           "Inner Unique": true,                                                                                                                     
           "Hash Cond": "(mk.keyword_id = k.id)",                                                                                                    
           "Shared Hit Blocks": 4,                                                                                                                   
           "Shared Read Blocks": 415302,                                                                                                             
           "Shared Dirtied Blocks": 0,                                                                                                               
           "Shared Written Blocks": 0,                                                                                                               
           "Local Hit Blocks": 0,                                                                                                                    
           "Local Read Blocks": 0,                                                                                                                   
           "Local Dirtied Blocks": 0,                                                                                                                
           "Local Written Blocks": 0,                                                                                                                
           "Temp Read Blocks": 0,                                                                                                                    
           "Temp Written Blocks": 0,                                                                                                                 
           "Plans": [                                                                                                                                
             {                                                                                                                                       
               "Node Type": "Hash Join",                                                                                                             
               "Parent Relationship": "Outer",                                                                                                       
               "Parallel Aware": false,                                                                                                              
               "Join Type": "Inner",                                                                                                                 
               "Startup Cost": 8440.12,                                                                                                              
               "Total Cost": 21961.14,                                                                                                               
               "Plan Rows": 2,                                                                                                                       
               "Plan Width": 43,                                                                                                                     
               "Actual Startup Time": 8960.552,                                                                                                      
               "Actual Total Time": 21130.147,                                                                                                       
               "Actual Rows": 32038,                                                                                                                 
               "Actual Loops": 1,                                                                                                                    
               "Inner Unique": false,                                                                                                                
               "Hash Cond": "(t.id = mk.movie_id)",                                                                                                  
               "Shared Hit Blocks": 1,                                                                                                               
               "Shared Read Blocks": 414353,                                                                                                         
               "Shared Dirtied Blocks": 0,                                                                                                           
               "Shared Written Blocks": 0,                                                                                                           
               "Local Hit Blocks": 0,                                                                                                                
               "Local Read Blocks": 0,                                                                                                               
               "Local Dirtied Blocks": 0,                                                                                                            
               "Local Written Blocks": 0,                                                                                                            
               "Temp Read Blocks": 0,                                                                                                                
               "Temp Written Blocks": 0,                                                                                                             
               "Plans": [                                                                                                                            
                 {                                                                                                                                   
                   "Node Type": "Hash Join",                                                                                                         
                   "Parent Relationship": "Outer",                                                                                                   
                   "Parallel Aware": false,                                                                                                          
                   "Join Type": "Inner",                                                                                                             
                   "Startup Cost": 6696.25,                                                                                                          
                   "Total Cost": 20217.25,                                                                                                           
                   "Plan Rows": 1,                                                                                                                   
                   "Plan Width": 55,                                                                                                                 
                   "Actual Startup Time": 7129.492,                                                                                                  
                   "Actual Total Time": 19293.232,                                                                                                   
                   "Actual Rows": 124,                                                                                                               
                   "Actual Loops": 1,                                                                                                                
                   "Inner Unique": true,                                                                                                             
                   "Hash Cond": "(mi_idx.info_type_id = it.id)",                                                                                    
                   "Shared Hit Blocks": 1,                                                                                                           
                   "Shared Read Blocks": 389899,                                                                                                     
                   "Shared Dirtied Blocks": 0,                                                                                                       
                   "Shared Written Blocks": 0,                                                                                                       
                   "Local Hit Blocks": 0,                                                                                                            
                   "Local Read Blocks": 0,                                                                                                           
                   "Local Dirtied Blocks": 0,                                                                                                        
                   "Local Written Blocks": 0,                                                                                                        
                   "Temp Read Blocks": 0,                                                                                                            
                   "Temp Written Blocks": 0,                                                                                                         
                   "Plans": [                                                                                                                        
                     {                                                                                                                               
                       "Node Type": "Hash Join",                                                                                                     
                       "Parent Relationship": "Outer",                                                                                               
                       "Parallel Aware": false,                                                                                                      
                       "Join Type": "Inner",                                                                                                         
                       "Startup Cost": 6696.20,                                                                                                      
                       "Total Cost": 20217.20,                                                                                                       
                       "Plan Rows": 4,                                                                                                               
                       "Plan Width": 59,                                                                                                             
                       "Actual Startup Time": 7100.712,                                                                                              
                       "Actual Total Time": 19273.674,                                                                                               
                       "Actual Rows": 525,                                                                                                           
                       "Actual Loops": 1,                                                                                                            
                       "Inner Unique": true,                                                                                                         
                       "Hash Cond": "(ci.person_id = n.id)",                                                                                         
                       "Shared Hit Blocks": 1,                                                                                                       
                       "Shared Read Blocks": 389898,                                                                                                 
                       "Shared Dirtied Blocks": 0,                                                                                                   
                       "Shared Written Blocks": 0,                                                                                                   
                       "Local Hit Blocks": 0,                                                                                                        
                       "Local Read Blocks": 0,                                                                                                       
                       "Local Dirtied Blocks": 0,                                                                                                    
                       "Local Written Blocks": 0,                                                                                                    
                       "Temp Read Blocks": 0,                                                                                                        
                       "Temp Written Blocks": 0,                                                                                                     
                       "Plans": [                                                                                                                    
                         {                                                                                                                           
                           "Node Type": "Hash Join",                                                                                                 
                           "Parent Relationship": "Outer",                                                                                           
                           "Parallel Aware": false,                                                                                                  
                           "Join Type": "Inner",                                                                                                     
                           "Startup Cost": 4051.93,                                                                                                  
                           "Total Cost": 17572.93,                                                                                                   
                           "Plan Rows": 4,                                                                                                           
                           "Plan Width": 63,                                                                                                         
                           "Actual Startup Time": 4449.891,                                                                                          
                           "Actual Total Time": 16622.034,                                                                                           
                           "Actual Rows": 525,                                                                                                       
                           "Actual Loops": 1,                                                                                                        
                           "Inner Unique": false,                                                                                                    
                           "Hash Cond": "(t.id = mi_idx.movie_id)",                                                                                  
                           "Shared Hit Blocks": 1,                                                                                                   
                           "Shared Read Blocks": 334285,                                                                                             
                           "Shared Dirtied Blocks": 0,                                                                                               
                           "Shared Written Blocks": 0,                                                                                               
                           "Local Hit Blocks": 0,                                                                                                    
                           "Local Read Blocks": 0,                                                                                                   
                           "Local Dirtied Blocks": 0,                                                                                                
                           "Local Written Blocks": 0,                                                                                                
                           "Temp Read Blocks": 0,                                                                                                    
                           "Temp Written Blocks": 0,                                                                                                 
                           "Plans": [                                                                                                                
                             {                                                                                                                       
                               "Node Type": "Hash Join",                                                                                             
                               "Parent Relationship": "Outer",                                                                                       
                               "Parallel Aware": false,                                                                                              
                               "Join Type": "Inner",                                                                                                 
                               "Startup Cost": 3576.46,                                                                                              
                               "Total Cost": 17097.41,                                                                                               
                               "Plan Rows": 200,                                                                                                     
                               "Plan Width": 49,                                                                                                     
                               "Actual Startup Time": 3675.170,                                                                                      
                               "Actual Total Time": 15863.024,                                                                                       
                               "Actual Rows": 5037,                                                                                                  
                               "Actual Loops": 1,                                                                                                    
                               "Inner Unique": true,                                                                                                 
                               "Hash Cond": "(cc.status_id = cct.id)",                                                                              
                               "Shared Hit Blocks": 1,                                                                                               
                               "Shared Read Blocks": 325832,                                                                                         
                               "Shared Dirtied Blocks": 0,                                                                                           
                               "Shared Written Blocks": 0,                                                                                           
                               "Local Hit Blocks": 0,                                                                                                
                               "Local Read Blocks": 0,                                                                                               
                               "Local Dirtied Blocks": 0,                                                                                            
                               "Local Written Blocks": 0,                                                                                            
                               "Temp Read Blocks": 0,                                                                                                
                               "Temp Written Blocks": 0,                                                                                             
                               "Plans": [                                                                                                            
                                 {                                                                                                                   
                                   "Node Type": "Hash Join",                                                                                         
                                   "Parent Relationship": "Outer",                                                                                   
                                   "Parallel Aware": false,                                                                                          
                                   "Join Type": "Inner",                                                                                             
                                   "Startup Cost": 3576.43,                                                                                          
                                   "Total Cost": 17097.30,                                                                                           
                                   "Plan Rows": 798,                                                                                                 
                                   "Plan Width": 53,                                                                                                 
                                   "Actual Startup Time": 3666.665,                                                                                  
                                   "Actual Total Time": 15852.402,                                                                                   
                                   "Actual Rows": 5037,                                                                                              
                                   "Actual Loops": 1,                                                                                                
                                   "Inner Unique": true,                                                                                             
                                   "Hash Cond": "(cc.subject_id = cct.id)",                                                                         
                                   "Shared Hit Blocks": 1,                                                                                           
                                   "Shared Read Blocks": 325831,                                                                                     
                                   "Shared Dirtied Blocks": 0,                                                                                       
                                   "Shared Written Blocks": 0,                                                                                       
                                   "Local Hit Blocks": 0,                                                                                            
                                   "Local Read Blocks": 0,                                                                                           
                                   "Local Dirtied Blocks": 0,                                                                                        
                                   "Local Written Blocks": 0,                                                                                        
                                   "Temp Read Blocks": 0,                                                                                            
                                   "Temp Written Blocks": 0,                                                                                         
                                   "Plans": [                                                                                                        
                                     {                                                                                                               
                                       "Node Type": "Hash Join",                                                                                     
                                       "Parent Relationship": "Outer",                                                                               
                                       "Parallel Aware": false,                                                                                      
                                       "Join Type": "Inner",                                                                                         
                                       "Startup Cost": 3576.40,                                                                                      
                                       "Total Cost": 17096.92,                                                                                       
                                       "Plan Rows": 3190,                                                                                            
                                       "Plan Width": 57,                                                                                             
                                       "Actual Startup Time": 3666.633,                                                                              
                                       "Actual Total Time": 15850.076,                                                                               
                                       "Actual Rows": 6118,                                                                                          
                                       "Actual Loops": 1,                                                                                            
                                       "Inner Unique": false,                                                                                        
                                       "Hash Cond": "(t.id = cc.movie_id)",                                                                          
                                       "Shared Hit Blocks": 0,                                                                                       
                                       "Shared Read Blocks": 325831,                                                                                 
                                       "Shared Dirtied Blocks": 0,                                                                                   
                                       "Shared Written Blocks": 0,                                                                                   
                                       "Local Hit Blocks": 0,                                                                                        
                                       "Local Read Blocks": 0,                                                                                       
                                       "Local Dirtied Blocks": 0,                                                                                    
                                       "Local Written Blocks": 0,                                                                                    
                                       "Temp Read Blocks": 0,                                                                                        
                                       "Temp Written Blocks": 0,                                                                                     
                                       "Plans": [                                                                                                    
                                         {                                                                                                           
                                           "Node Type": "Hash Join",                                                                                 
                                           "Parent Relationship": "Outer",                                                                           
                                           "Parallel Aware": false,                                                                                  
                                           "Join Type": "Inner",                                                                                     
                                           "Startup Cost": 3524.30,                                                                                  
                                           "Total Cost": 17035.33,                                                                                   
                                           "Plan Rows": 59706,                                                                                       
                                           "Plan Width": 45,                                                                                         
                                           "Actual Startup Time": 3578.464,                                                                          
                                           "Actual Total Time": 15742.800,                                                                           
                                           "Actual Rows": 74119,                                                                                     
                                           "Actual Loops": 1,                                                                                        
                                           "Inner Unique": true,                                                                                     
                                           "Hash Cond": "(t.kind_id = kt.id)",                                                                       
                                           "Shared Hit Blocks": 0,                                                                                   
                                           "Shared Read Blocks": 325100,                                                                             
                                           "Shared Dirtied Blocks": 0,                                                                               
                                           "Shared Written Blocks": 0,                                                                               
                                           "Local Hit Blocks": 0,                                                                                    
                                           "Local Read Blocks": 0,                                                                                   
                                           "Local Dirtied Blocks": 0,                                                                                
                                           "Local Written Blocks": 0,                                                                                
                                           "Temp Read Blocks": 0,                                                                                    
                                           "Temp Written Blocks": 0,                                                                                 
                                           "Plans": [                                                                                                
                                             {                                                                                                       
                                               "Node Type": "Hash Join",                                                                             
                                               "Parent Relationship": "Outer",                                                                       
                                               "Parallel Aware": false,                                                                              
                                               "Join Type": "Inner",                                                                                 
                                               "Startup Cost": 3524.27,                                                                              
                                               "Total Cost": 16995.01,                                                                               
                                               "Plan Rows": 417945,                                                                                  
                                               "Plan Width": 49,                                                                                     
                                               "Actual Startup Time": 3569.206,                                                                      
                                               "Actual Total Time": 15694.723,                                                                       
                                               "Actual Rows": 215804,                                                                                
                                               "Actual Loops": 1,                                                                                    
                                               "Inner Unique": true,                                                                                 
                                               "Hash Cond": "(ci.movie_id = t.id)",                                                                  
                                               "Shared Hit Blocks": 0,                                                                               
                                               "Shared Read Blocks": 325099,                                                                         
                                               "Shared Dirtied Blocks": 0,                                                                           
                                               "Shared Written Blocks": 0,                                                                           
                                               "Local Hit Blocks": 0,                                                                                
                                               "Local Read Blocks": 0,                                                                               
                                               "Local Dirtied Blocks": 0,                                                                            
                                               "Local Written Blocks": 0,                                                                            
                                               "Temp Read Blocks": 0,                                                                                
                                               "Temp Written Blocks": 0,                                                                             
                                               "Plans": [                                                                                            
                                                 {                                                                                                   
                                                   "Node Type": "Hash Join",                                                                         
                                                   "Parent Relationship": "Outer",                                                                   
                                                   "Parallel Aware": false,                                                                          
                                                   "Join Type": "Inner",                                                                             
                                                   "Startup Cost": 1875.33,                                                                          
                                                   "Total Cost": 15261.03,                                                                           
                                                   "Plan Rows": 1043217,                                                                             
                                                   "Plan Width": 24,                                                                                 
                                                   "Actual Startup Time": 1724.637,                                                                  
                                                   "Actual Total Time": 13569.768,                                                                   
                                                   "Actual Rows": 623586,                                                                            
                                                   "Actual Loops": 1,                                                                                
                                                   "Inner Unique": true,                                                                             
                                                   "Hash Cond": "(ci.person_role_id = chn.id)",                                                      
                                                   "Shared Hit Blocks": 0,                                                                           
                                                   "Shared Read Blocks": 289101,                                                                     
                                                   "Shared Dirtied Blocks": 0,                                                                       
                                                   "Shared Written Blocks": 0,                                                                       
                                                   "Local Hit Blocks": 0,                                                                            
                                                   "Local Read Blocks": 0,                                                                           
                                                   "Local Dirtied Blocks": 0,                                                                        
                                                   "Local Written Blocks": 0,                                                                        
                                                   "Temp Read Blocks": 0,                                                                            
                                                   "Temp Written Blocks": 0,                                                                         
                                                   "Plans": [                                                                                        
                                                     {                                                                                               
                                                       "Node Type": "Seq Scan",                                                                      
                                                       "Parent Relationship": "Outer",                                                               
                                                       "Parallel Aware": false,                                                                      
                                                       "Relation Name": "cast_info",                                                                 
                                                       "Alias": "ci",                                                                                
                                                       "Startup Cost": 0.00,                                                                         
                                                       "Total Cost": 10431.00,                                                                       
                                                       "Plan Rows": 36244344,                                                                        
                                                       "Plan Width": 12,                                                                             
                                                       "Actual Startup Time": 5.946,                                                                 
                                                       "Actual Total Time": 6384.018,                                                                
                                                       "Actual Rows": 36244344,                                                                      
                                                       "Actual Loops": 1,                                                                            
                                                       "Shared Hit Blocks": 0,                                                                       
                                                       "Shared Read Blocks": 252654,                                                                 
                                                       "Shared Dirtied Blocks": 0,                                                                   
                                                       "Shared Written Blocks": 0,                                                                   
                                                       "Local Hit Blocks": 0,                                                                        
                                                       "Local Read Blocks": 0,                                                                       
                                                       "Local Dirtied Blocks": 0,                                                                    
                                                       "Local Written Blocks": 0,                                                                    
                                                       "Temp Read Blocks": 0,                                                                        
                                                       "Temp Written Blocks": 0                                                                      
                                                     },                                                                                              
                                                     {                                                                                               
                                                       "Node Type": "Hash",                                                                          
                                                       "Parent Relationship": "Inner",                                                               
                                                       "Parallel Aware": false,                                                                      
                                                       "Startup Cost": 1847.99,                                                                      
                                                       "Total Cost": 1847.99,                                                                        
                                                       "Plan Rows": 186251,                                                                          
                                                       "Plan Width": 20,                                                                             
                                                       "Actual Startup Time": 1717.470,                                                              
                                                       "Actual Total Time": 1717.470,                                                                
                                                       "Actual Rows": 180152,                                                                        
                                                       "Actual Loops": 1,                                                                            
                                                       "Hash Buckets": 262144,                                                                       
                                                       "Original Hash Buckets": 262144,                                                              
                                                       "Hash Batches": 1,                                                                            
                                                       "Original Hash Batches": 1,                                                                   
                                                       "Peak Memory Usage": 11979,                                                                   
                                                       "Shared Hit Blocks": 0,                                                                       
                                                       "Shared Read Blocks": 36447,                                                                  
                                                       "Shared Dirtied Blocks": 0,                                                                   
                                                       "Shared Written Blocks": 0,                                                                   
                                                       "Local Hit Blocks": 0,                                                                        
                                                       "Local Read Blocks": 0,                                                                       
                                                       "Local Dirtied Blocks": 0,                                                                    
                                                       "Local Written Blocks": 0,                                                                    
                                                       "Temp Read Blocks": 0,                                                                        
                                                       "Temp Written Blocks": 0,                                                                     
                                                       "Plans": [                                                                                    
                                                         {                                                                                           
                                                           "Node Type": "Seq Scan",                                                                  
                                                           "Parent Relationship": "Outer",                                                           
                                                           "Parallel Aware": false,                                                                  
                                                           "Relation Name": "char_name",                                                             
                                                           "Alias": "chn",                                                                           
                                                           "Startup Cost": 0.00,                                                                     
                                                           "Total Cost": 1847.99,                                                                    
                                                           "Plan Rows": 186251,                                                                      
                                                           "Plan Width": 20,                                                                         
                                                           "Actual Startup Time": 5.441,                                                             
                                                           "Actual Total Time": 1633.564,                                                            
                                                           "Actual Rows": 180152,                                                                    
                                                           "Actual Loops": 1,                                                                        
                                                           "Filter": "((name IS NOT NULL) AND ((name ~~ '%man%'::text) OR (name ~~ '%Man%'::text)))",
                                                           "Rows Removed by Filter": 2960187,                                                        
                                                           "Shared Hit Blocks": 0,                                                                   
                                                           "Shared Read Blocks": 36447,                                                              
                                                           "Shared Dirtied Blocks": 0,                                                               
                                                           "Shared Written Blocks": 0,                                                               
                                                           "Local Hit Blocks": 0,                                                                    
                                                           "Local Read Blocks": 0,                                                                   
                                                           "Local Dirtied Blocks": 0,                                                                
                                                           "Local Written Blocks": 0,                                                                
                                                           "Temp Read Blocks": 0,                                                                    
                                                           "Temp Written Blocks": 0                                                                  
                                                         }                                                                                           
                                                       ]                                                                                             
                                                     }                                                                                               
                                                   ]                                                                                                 
                                                 },                                                                                                  
                                                 {                                                                                                   
                                                   "Node Type": "Hash",                                                                              
                                                   "Parent Relationship": "Inner",                                                                   
                                                   "Parallel Aware": false,                                                                          
                                                   "Startup Cost": 1500.26,                                                                          
                                                   "Total Cost": 1500.26,                                                                            
                                                   "Plan Rows": 1012920,                                                                             
                                                   "Plan Width": 25,                                                                                 
                                                   "Actual Startup Time": 1841.779,                                                                  
                                                   "Actual Total Time": 1841.780,                                                                    
                                                   "Actual Rows": 1012920,                                                                           
                                                   "Actual Loops": 1,                                                                                
                                                   "Hash Buckets": 1048576,                                                                          
                                                   "Original Hash Buckets": 1048576,                                                                 
                                                   "Hash Batches": 1,                                                                                
                                                   "Original Hash Batches": 1,                                                                       
                                                   "Peak Memory Usage": 66484,                                                                       
                                                   "Shared Hit Blocks": 0,                                                                           
                                                   "Shared Read Blocks": 35998,                                                                      
                                                   "Shared Dirtied Blocks": 0,                                                                       
                                                   "Shared Written Blocks": 0,                                                                       
                                                   "Local Hit Blocks": 0,                                                                            
                                                   "Local Read Blocks": 0,                                                                           
                                                   "Local Dirtied Blocks": 0,                                                                        
                                                   "Local Written Blocks": 0,                                                                        
                                                   "Temp Read Blocks": 0,                                                                            
                                                   "Temp Written Blocks": 0,                                                                         
                                                   "Plans": [                                                                                        
                                                     {                                                                                               
                                                       "Node Type": "Seq Scan",                                                                      
                                                       "Parent Relationship": "Outer",                                                               
                                                       "Parallel Aware": false,                                                                      
                                                       "Relation Name": "title",                                                                     
                                                       "Alias": "t",                                                                                 
                                                       "Startup Cost": 0.00,                                                                         
                                                       "Total Cost": 1500.26,                                                                        
                                                       "Plan Rows": 1012920,                                                                         
                                                       "Plan Width": 25,                                                                             
                                                       "Actual Startup Time": 25.941,                                                                
                                                       "Actual Total Time": 1357.916,                                                                
                                                       "Actual Rows": 1012920,                                                                       
                                                       "Actual Loops": 1,                                                                            
                                                       "Filter": "(production_year > 2005)",                                                         
                                                       "Rows Removed by Filter": 1515392,                                                            
                                                       "Shared Hit Blocks": 0,                                                                       
                                                       "Shared Read Blocks": 35998,                                                                  
                                                       "Shared Dirtied Blocks": 0,                                                                   
                                                       "Shared Written Blocks": 0,                                                                   
                                                       "Local Hit Blocks": 0,                                                                        
                                                       "Local Read Blocks": 0,                                                                       
                                                       "Local Dirtied Blocks": 0,                                                                    
                                                       "Local Written Blocks": 0,                                                                    
                                                       "Temp Read Blocks": 0,                                                                        
                                                       "Temp Written Blocks": 0                                                                      
                                                     }                                                                                               
                                                   ]                                                                                                 
                                                 }                                                                                                   
                                               ]                                                                                                     
                                             },                                                                                                      
                                             {                                                                                                       
                                               "Node Type": "Hash",                                                                                  
                                               "Parent Relationship": "Inner",                                                                       
                                               "Parallel Aware": false,                                                                              
                                               "Startup Cost": 0.03,                                                                                 
                                               "Total Cost": 0.03,                                                                                   
                                               "Plan Rows": 1,                                                                                       
                                               "Plan Width": 4,                                                                                      
                                               "Actual Startup Time": 9.238,                                                                         
                                               "Actual Total Time": 9.238,                                                                           
                                               "Actual Rows": 1,                                                                                     
                                               "Actual Loops": 1,                                                                                    
                                               "Hash Buckets": 1024,                                                                                 
                                               "Original Hash Buckets": 1024,                                                                        
                                               "Hash Batches": 1,                                                                                    
                                               "Original Hash Batches": 1,                                                                           
                                               "Peak Memory Usage": 9,                                                                               
                                               "Shared Hit Blocks": 0,                                                                               
                                               "Shared Read Blocks": 1,                                                                              
                                               "Shared Dirtied Blocks": 0,                                                                           
                                               "Shared Written Blocks": 0,                                                                           
                                               "Local Hit Blocks": 0,                                                                                
                                               "Local Read Blocks": 0,                                                                               
                                               "Local Dirtied Blocks": 0,                                                                            
                                               "Local Written Blocks": 0,                                                                            
                                               "Temp Read Blocks": 0,                                                                                
                                               "Temp Written Blocks": 0,                                                                             
                                               "Plans": [                                                                                            
                                                 {                                                                                                   
                                                   "Node Type": "Seq Scan",                                                                          
                                                   "Parent Relationship": "Outer",                                                                   
                                                   "Parallel Aware": false,                                                                          
                                                   "Relation Name": "kind_type",                                                                     
                                                   "Alias": "kt",                                                                                    
                                                   "Startup Cost": 0.00,                                                                             
                                                   "Total Cost": 0.03,                                                                               
                                                   "Plan Rows": 1,                                                                                   
                                                   "Plan Width": 4,                                                                                  
                                                   "Actual Startup Time": 9.228,                                                                     
                                                   "Actual Total Time": 9.230,                                                                       
                                                   "Actual Rows": 1,                                                                                 
                                                   "Actual Loops": 1,                                                                                
                                                   "Filter": "((kind)::text = 'movie'::text)",                                                       
                                                   "Rows Removed by Filter": 6,                                                                      
                                                   "Shared Hit Blocks": 0,                                                                           
                                                   "Shared Read Blocks": 1,                                                                          
                                                   "Shared Dirtied Blocks": 0,                                                                       
                                                   "Shared Written Blocks": 0,                                                                       
                                                   "Local Hit Blocks": 0,                                                                            
                                                   "Local Read Blocks": 0,                                                                           
                                                   "Local Dirtied Blocks": 0,                                                                        
                                                   "Local Written Blocks": 0,                                                                        
                                                   "Temp Read Blocks": 0,                                                                            
                                                   "Temp Written Blocks": 0                                                                          
                                                 }                                                                                                   
                                               ]                                                                                                     
                                             }                                                                                                       
                                           ]                                                                                                         
                                         },                                                                                                          
                                         {                                                                                                           
                                           "Node Type": "Hash",                                                                                      
                                           "Parent Relationship": "Inner",                                                                           
                                           "Parallel Aware": false,                                                                                  
                                           "Startup Cost": 32.27,                                                                                    
                                           "Total Cost": 32.27,                                                                                      
                                           "Plan Rows": 135086,                                                                                      
                                           "Plan Width": 12,                                                                                         
                                           "Actual Startup Time": 81.116,                                                                            
                                           "Actual Total Time": 81.116,                                                                              
                                           "Actual Rows": 135086,                                                                                    
                                           "Actual Loops": 1,                                                                                        
                                           "Hash Buckets": 262144,                                                                                   
                                           "Original Hash Buckets": 262144,                                                                          
                                           "Hash Batches": 1,                                                                                        
                                           "Original Hash Batches": 1,                                                                               
                                           "Peak Memory Usage": 7853,                                                                                
                                           "Shared Hit Blocks": 0,                                                                                   
                                           "Shared Read Blocks": 731,                                                                                
                                           "Shared Dirtied Blocks": 0,                                                                               
                                           "Shared Written Blocks": 0,                                                                               
                                           "Local Hit Blocks": 0,                                                                                    
                                           "Local Read Blocks": 0,                                                                                   
                                           "Local Dirtied Blocks": 0,                                                                                
                                           "Local Written Blocks": 0,                                                                                
                                           "Temp Read Blocks": 0,                                                                                    
                                           "Temp Written Blocks": 0,                                                                                 
                                           "Plans": [                                                                                                
                                             {                                                                                                       
                                               "Node Type": "Seq Scan",                                                                              
                                               "Parent Relationship": "Outer",                                                                       
                                               "Parallel Aware": false,                                                                              
                                               "Relation Name": "complete_cast",                                                                     
                                               "Alias": "cc",                                                                                        
                                               "Startup Cost": 0.00,                                                                                 
                                               "Total Cost": 32.27,                                                                                  
                                               "Plan Rows": 135086,                                                                                  
                                               "Plan Width": 12,                                                                                     
                                               "Actual Startup Time": 8.763,                                                                         
                                               "Actual Total Time": 41.811,                                                                          
                                               "Actual Rows": 135086,                                                                                
                                               "Actual Loops": 1,                                                                                    
                                               "Shared Hit Blocks": 0,                                                                               
                                               "Shared Read Blocks": 731,                                                                            
                                               "Shared Dirtied Blocks": 0,                                                                           
                                               "Shared Written Blocks": 0,                                                                           
                                               "Local Hit Blocks": 0,                                                                                
                                               "Local Read Blocks": 0,                                                                               
                                               "Local Dirtied Blocks": 0,                                                                            
                                               "Local Written Blocks": 0,                                                                            
                                               "Temp Read Blocks": 0,                                                                                
                                               "Temp Written Blocks": 0                                                                              
                                             }                                                                                                       
                                           ]                                                                                                         
                                         }                                                                                                           
                                       ]                                                                                                             
                                     },                                                                                                              
                                     {                                                                                                               
                                       "Node Type": "Hash",                                                                                          
                                       "Parent Relationship": "Inner",                                                                               
                                       "Parallel Aware": false,                                                                                      
                                       "Startup Cost": 0.03,                                                                                         
                                       "Total Cost": 0.03,                                                                                           
                                       "Plan Rows": 1,                                                                                               
                                       "Plan Width": 4,                                                                                              
                                       "Actual Startup Time": 0.013,                                                                                 
                                       "Actual Total Time": 0.013,                                                                                   
                                       "Actual Rows": 1,                                                                                             
                                       "Actual Loops": 1,                                                                                            
                                       "Hash Buckets": 1024,                                                                                         
                                       "Original Hash Buckets": 1024,                                                                                
                                       "Hash Batches": 1,                                                                                            
                                       "Original Hash Batches": 1,                                                                                   
                                       "Peak Memory Usage": 9,                                                                                       
                                       "Shared Hit Blocks": 1,                                                                                       
                                       "Shared Read Blocks": 0,                                                                                      
                                       "Shared Dirtied Blocks": 0,                                                                                   
                                       "Shared Written Blocks": 0,                                                                                   
                                       "Local Hit Blocks": 0,                                                                                        
                                       "Local Read Blocks": 0,                                                                                       
                                       "Local Dirtied Blocks": 0,                                                                                    
                                       "Local Written Blocks": 0,                                                                                    
                                       "Temp Read Blocks": 0,                                                                                        
                                       "Temp Written Blocks": 0,                                                                                     
                                       "Plans": [                                                                                                    
                                         {                                                                                                           
                                           "Node Type": "Seq Scan",                                                                                  
                                           "Parent Relationship": "Outer",                                                                           
                                           "Parallel Aware": false,                                                                                  
                                           "Relation Name": "comp_cast_type",                                                                        
                                           "Alias": "cct",                                                                                          
                                           "Startup Cost": 0.00,                                                                                     
                                           "Total Cost": 0.03,                                                                                       
                                           "Plan Rows": 1,                                                                                           
                                           "Plan Width": 4,                                                                                          
                                           "Actual Startup Time": 0.005,                                                                             
                                           "Actual Total Time": 0.006,                                                                               
                                           "Actual Rows": 1,                                                                                         
                                           "Actual Loops": 1,                                                                                        
                                           "Filter": "((kind)::text = 'cast'::text)",                                                                
                                           "Rows Removed by Filter": 3,                                                                              
                                           "Shared Hit Blocks": 1,                                                                                   
                                           "Shared Read Blocks": 0,                                                                                  
                                           "Shared Dirtied Blocks": 0,                                                                               
                                           "Shared Written Blocks": 0,                                                                               
                                           "Local Hit Blocks": 0,                                                                                    
                                           "Local Read Blocks": 0,                                                                                   
                                           "Local Dirtied Blocks": 0,                                                                                
                                           "Local Written Blocks": 0,                                                                                
                                           "Temp Read Blocks": 0,                                                                                    
                                           "Temp Written Blocks": 0                                                                                  
                                         }                                                                                                           
                                       ]                                                                                                             
                                     }                                                                                                               
                                   ]                                                                                                                 
                                 },                                                                                                                  
                                 {                                                                                                                   
                                   "Node Type": "Hash",                                                                                              
                                   "Parent Relationship": "Inner",                                                                                   
                                   "Parallel Aware": false,                                                                                          
                                   "Startup Cost": 0.03,                                                                                             
                                   "Total Cost": 0.03,                                                                                               
                                   "Plan Rows": 1,                                                                                                   
                                   "Plan Width": 4,                                                                                                  
                                   "Actual Startup Time": 8.486,                                                                                     
                                   "Actual Total Time": 8.486,                                                                                       
                                   "Actual Rows": 2,                                                                                                 
                                   "Actual Loops": 1,                                                                                                
                                   "Hash Buckets": 1024,                                                                                             
                                   "Original Hash Buckets": 1024,                                                                                    
                                   "Hash Batches": 1,                                                                                                
                                   "Original Hash Batches": 1,                                                                                       
                                   "Peak Memory Usage": 9,                                                                                           
                                   "Shared Hit Blocks": 0,                                                                                           
                                   "Shared Read Blocks": 1,                                                                                          
                                   "Shared Dirtied Blocks": 0,                                                                                       
                                   "Shared Written Blocks": 0,                                                                                       
                                   "Local Hit Blocks": 0,                                                                                            
                                   "Local Read Blocks": 0,                                                                                           
                                   "Local Dirtied Blocks": 0,                                                                                        
                                   "Local Written Blocks": 0,                                                                                        
                                   "Temp Read Blocks": 0,                                                                                            
                                   "Temp Written Blocks": 0,                                                                                         
                                   "Plans": [                                                                                                        
                                     {                                                                                                               
                                       "Node Type": "Seq Scan",                                                                                      
                                       "Parent Relationship": "Outer",                                                                               
                                       "Parallel Aware": false,                                                                                      
                                       "Relation Name": "comp_cast_type",                                                                            
                                       "Alias": "cct",                                                                                              
                                       "Startup Cost": 0.00,                                                                                         
                                       "Total Cost": 0.03,                                                                                           
                                       "Plan Rows": 1,                                                                                               
                                       "Plan Width": 4,                                                                                              
                                       "Actual Startup Time": 8.481,                                                                                 
                                       "Actual Total Time": 8.482,                                                                                   
                                       "Actual Rows": 2,                                                                                             
                                       "Actual Loops": 1,                                                                                            
                                       "Filter": "((kind)::text ~~ '%complete%'::text)",                                                             
                                       "Rows Removed by Filter": 2,                                                                                  
                                       "Shared Hit Blocks": 0,                                                                                       
                                       "Shared Read Blocks": 1,                                                                                      
                                       "Shared Dirtied Blocks": 0,                                                                                   
                                       "Shared Written Blocks": 0,                                                                                   
                                       "Local Hit Blocks": 0,                                                                                        
                                       "Local Read Blocks": 0,                                                                                       
                                       "Local Dirtied Blocks": 0,                                                                                    
                                       "Local Written Blocks": 0,                                                                                    
                                       "Temp Read Blocks": 0,                                                                                        
                                       "Temp Written Blocks": 0                                                                                      
                                     }                                                                                                               
                                   ]                                                                                                                 
                                 }                                                                                                                   
                               ]                                                                                                                     
                             },                                                                                                                      
                             {                                                                                                                       
                               "Node Type": "Hash",                                                                                                  
                               "Parent Relationship": "Inner",                                                                                       
                               "Parallel Aware": false,                                                                                              
                               "Startup Cost": 467.71,                                                                                               
                               "Total Cost": 467.71,                                                                                                 
                               "Plan Rows": 52860,                                                                                                   
                               "Plan Width": 14,                                                                                                     
                               "Actual Startup Time": 755.991,                                                                                       
                               "Actual Total Time": 755.991,                                                                                         
                               "Actual Rows": 52862,                                                                                                 
                               "Actual Loops": 1,                                                                                                    
                               "Hash Buckets": 65536,                                                                                                
                               "Original Hash Buckets": 65536,                                                                                       
                               "Hash Batches": 1,                                                                                                    
                               "Original Hash Batches": 1,                                                                                           
                               "Peak Memory Usage": 2800,                                                                                            
                               "Shared Hit Blocks": 0,                                                                                               
                               "Shared Read Blocks": 8453,                                                                                           
                               "Shared Dirtied Blocks": 0,                                                                                           
                               "Shared Written Blocks": 0,                                                                                           
                               "Local Hit Blocks": 0,                                                                                                
                               "Local Read Blocks": 0,                                                                                               
                               "Local Dirtied Blocks": 0,                                                                                            
                               "Local Written Blocks": 0,                                                                                            
                               "Temp Read Blocks": 0,                                                                                                
                               "Temp Written Blocks": 0,                                                                                             
                               "Plans": [                                                                                                            
                                 {                                                                                                                   
                                   "Node Type": "Seq Scan",                                                                                          
                                   "Parent Relationship": "Outer",                                                                                   
                                   "Parallel Aware": false,                                                                                          
                                   "Relation Name": "movie_info_idx",                                                                                
                                   "Alias": "mi_idx",                                                                                                
                                   "Startup Cost": 0.00,                                                                                             
                                   "Total Cost": 467.71,                                                                                             
                                   "Plan Rows": 52860,                                                                                               
                                   "Plan Width": 14,                                                                                                 
                                   "Actual Startup Time": 24.713,                                                                                    
                                   "Actual Total Time": 729.549,                                                                                     
                                   "Actual Rows": 52862,                                                                                             
                                   "Actual Loops": 1,                                                                                                
                                   "Filter": "(info > '8.0'::text)",                                                                                 
                                   "Rows Removed by Filter": 1327173,                                                                                
                                   "Shared Hit Blocks": 0,                                                                                           
                                   "Shared Read Blocks": 8453,                                                                                       
                                   "Shared Dirtied Blocks": 0,                                                                                       
                                   "Shared Written Blocks": 0,                                                                                       
                                   "Local Hit Blocks": 0,                                                                                            
                                   "Local Read Blocks": 0,                                                                                           
                                   "Local Dirtied Blocks": 0,                                                                                        
                                   "Local Written Blocks": 0,                                                                                        
                                   "Temp Read Blocks": 0,                                                                                            
                                   "Temp Written Blocks": 0                                                                                          
                                 }                                                                                                                   
                               ]                                                                                                                     
                             }                                                                                                                       
                           ]                                                                                                                         
                         },                                                                                                                          
                         {                                                                                                                           
                           "Node Type": "Hash",                                                                                                      
                           "Parent Relationship": "Inner",                                                                                           
                           "Parallel Aware": false,                                                                                                  
                           "Startup Cost": 2032.56,                                                                                                  
                           "Total Cost": 2032.56,                                                                                                    
                           "Plan Rows": 4167491,                                                                                                     
                           "Plan Width": 4,                                                                                                          
                           "Actual Startup Time": 2625.152,                                                                                          
                           "Actual Total Time": 2625.152,                                                                                            
                           "Actual Rows": 4167491,                                                                                                   
                           "Actual Loops": 1,                                                                                                        
                           "Hash Buckets": 4194304,                                                                                                  
                           "Original Hash Buckets": 4194304,                                                                                         
                           "Hash Batches": 1,                                                                                                        
                           "Original Hash Batches": 1,                                                                                               
                           "Peak Memory Usage": 179282,                                                                                              
                           "Shared Hit Blocks": 0,                                                                                                   
                           "Shared Read Blocks": 55613,                                                                                              
                           "Shared Dirtied Blocks": 0,                                                                                               
                           "Shared Written Blocks": 0,                                                                                               
                           "Local Hit Blocks": 0,                                                                                                    
                           "Local Read Blocks": 0,                                                                                                   
                           "Local Dirtied Blocks": 0,                                                                                                
                           "Local Written Blocks": 0,                                                                                                
                           "Temp Read Blocks": 0,                                                                                                    
                           "Temp Written Blocks": 0,                                                                                                 
                           "Plans": [                                                                                                                
                             {                                                                                                                       
                               "Node Type": "Seq Scan",                                                                                              
                               "Parent Relationship": "Outer",                                                                                       
                               "Parallel Aware": false,                                                                                              
                               "Relation Name": "name",                                                                                              
                               "Alias": "n",                                                                                                         
                               "Startup Cost": 0.00,                                                                                                 
                               "Total Cost": 2032.56,                                                                                                
                               "Plan Rows": 4167491,                                                                                                 
                               "Plan Width": 4,                                                                                                      
                               "Actual Startup Time": 19.989,                                                                                        
                               "Actual Total Time": 1359.139,                                                                                        
                               "Actual Rows": 4167491,                                                                                               
                               "Actual Loops": 1,                                                                                                    
                               "Shared Hit Blocks": 0,                                                                                               
                               "Shared Read Blocks": 55613,                                                                                          
                               "Shared Dirtied Blocks": 0,                                                                                           
                               "Shared Written Blocks": 0,                                                                                           
                               "Local Hit Blocks": 0,                                                                                                
                               "Local Read Blocks": 0,                                                                                               
                               "Local Dirtied Blocks": 0,                                                                                            
                               "Local Written Blocks": 0,                                                                                            
                               "Temp Read Blocks": 0,                                                                                                
                               "Temp Written Blocks": 0                                                                                              
                             }                                                                                                                       
                           ]                                                                                                                         
                         }                                                                                                                           
                       ]                                                                                                                             
                     },                                                                                                                              
                     {                                                                                                                               
                       "Node Type": "Hash",                                                                                                          
                       "Parent Relationship": "Inner",                                                                                               
                       "Parallel Aware": false,                                                                                                      
                       "Startup Cost": 0.05,                                                                                                         
                       "Total Cost": 0.05,                                                                                                           
                       "Plan Rows": 1,                                                                                                               
                       "Plan Width": 4,                                                                                                              
                       "Actual Startup Time": 19.184,                                                                                                
                       "Actual Total Time": 19.184,                                                                                                  
                       "Actual Rows": 1,                                                                                                             
                       "Actual Loops": 1,                                                                                                            
                       "Hash Buckets": 1024,                                                                                                         
                       "Original Hash Buckets": 1024,                                                                                                
                       "Hash Batches": 1,                                                                                                            
                       "Original Hash Batches": 1,                                                                                                   
                       "Peak Memory Usage": 9,                                                                                                       
                       "Shared Hit Blocks": 0,                                                                                                       
                       "Shared Read Blocks": 1,                                                                                                      
                       "Shared Dirtied Blocks": 0,                                                                                                   
                       "Shared Written Blocks": 0,                                                                                                   
                       "Local Hit Blocks": 0,                                                                                                        
                       "Local Read Blocks": 0,                                                                                                       
                       "Local Dirtied Blocks": 0,                                                                                                    
                       "Local Written Blocks": 0,                                                                                                    
                       "Temp Read Blocks": 0,                                                                                                        
                       "Temp Written Blocks": 0,                                                                                                     
                       "Plans": [                                                                                                                    
                         {                                                                                                                           
                           "Node Type": "Seq Scan",                                                                                                  
                           "Parent Relationship": "Outer",                                                                                           
                           "Parallel Aware": false,                                                                                                  
                           "Relation Name": "info_type",                                                                                             
                           "Alias": "it",                                                                                                           
                           "Startup Cost": 0.00,                                                                                                     
                           "Total Cost": 0.05,                                                                                                       
                           "Plan Rows": 1,                                                                                                           
                           "Plan Width": 4,                                                                                                          
                           "Actual Startup Time": 19.166,                                                                                            
                           "Actual Total Time": 19.173,                                                                                              
                           "Actual Rows": 1,                                                                                                         
                           "Actual Loops": 1,                                                                                                        
                           "Filter": "((info)::text = 'rating'::text)",                                                                              
                           "Rows Removed by Filter": 112,                                                                                            
                           "Shared Hit Blocks": 0,                                                                                                   
                           "Shared Read Blocks": 1,                                                                                                  
                           "Shared Dirtied Blocks": 0,                                                                                               
                           "Shared Written Blocks": 0,                                                                                               
                           "Local Hit Blocks": 0,                                                                                                    
                           "Local Read Blocks": 0,                                                                                                   
                           "Local Dirtied Blocks": 0,                                                                                                
                           "Local Written Blocks": 0,                                                                                                
                           "Temp Read Blocks": 0,                                                                                                    
                           "Temp Written Blocks": 0                                                                                                  
                         }                                                                                                                           
                       ]                                                                                                                             
                     }                                                                                                                               
                   ]                                                                                                                                 
                 },                                                                                                                                  
                 {                                                                                                                                   
                   "Node Type": "Hash",                                                                                                              
                   "Parent Relationship": "Inner",                                                                                                   
                   "Parallel Aware": false,                                                                                                          
                   "Startup Cost": 1079.84,                                                                                                          
                   "Total Cost": 1079.84,                                                                                                            
                   "Plan Rows": 4523930,                                                                                                             
                   "Plan Width": 8,                                                                                                                  
                   "Actual Startup Time": 1806.244,                                                                                                  
                   "Actual Total Time": 1806.244,                                                                                                    
                   "Actual Rows": 4523930,                                                                                                           
                   "Actual Loops": 1,                                                                                                                
                   "Hash Buckets": 8388608,                                                                                                          
                   "Original Hash Buckets": 8388608,                                                                                                 
                   "Hash Batches": 1,                                                                                                                
                   "Original Hash Batches": 1,                                                                                                       
                   "Peak Memory Usage": 242253,                                                                                                      
                   "Shared Hit Blocks": 0,                                                                                                           
                   "Shared Read Blocks": 24454,                                                                                                      
                   "Shared Dirtied Blocks": 0,                                                                                                       
                   "Shared Written Blocks": 0,                                                                                                       
                   "Local Hit Blocks": 0,                                                                                                            
                   "Local Read Blocks": 0,                                                                                                           
                   "Local Dirtied Blocks": 0,                                                                                                        
                   "Local Written Blocks": 0,                                                                                                        
                   "Temp Read Blocks": 0,                                                                                                            
                   "Temp Written Blocks": 0,                                                                                                         
                   "Plans": [                                                                                                                        
                     {                                                                                                                               
                       "Node Type": "Seq Scan",                                                                                                      
                       "Parent Relationship": "Outer",                                                                                               
                       "Parallel Aware": false,                                                                                                      
                       "Relation Name": "movie_keyword",                                                                                             
                       "Alias": "mk",                                                                                                                
                       "Startup Cost": 0.00,                                                                                                         
                       "Total Cost": 1079.84,                                                                                                        
                       "Plan Rows": 4523930,                                                                                                         
                       "Plan Width": 8,                                                                                                              
                       "Actual Startup Time": 23.710,                                                                                                
                       "Actual Total Time": 864.800,                                                                                                 
                       "Actual Rows": 4523930,                                                                                                       
                       "Actual Loops": 1,                                                                                                            
                       "Shared Hit Blocks": 0,                                                                                                       
                       "Shared Read Blocks": 24454,                                                                                                  
                       "Shared Dirtied Blocks": 0,                                                                                                   
                       "Shared Written Blocks": 0,                                                                                                   
                       "Local Hit Blocks": 0,                                                                                                        
                       "Local Read Blocks": 0,                                                                                                       
                       "Local Dirtied Blocks": 0,                                                                                                    
                       "Local Written Blocks": 0,                                                                                                    
                       "Temp Read Blocks": 0,                                                                                                        
                       "Temp Written Blocks": 0                                                                                                      
                     }                                                                                                                               
                   ]                                                                                                                                 
                 }                                                                                                                                   
               ]                                                                                                                                     
             },                                                                                                                                      
             {                                                                                                                                       
               "Node Type": "Hash",                                                                                                                  
               "Parent Relationship": "Inner",                                                                                                       
               "Parallel Aware": false,                                                                                                              
               "Startup Cost": 59.88,                                                                                                                
               "Total Cost": 59.88,                                                                                                                  
               "Plan Rows": 4,                                                                                                                       
               "Plan Width": 4,                                                                                                                      
               "Actual Startup Time": 85.922,                                                                                                        
               "Actual Total Time": 85.922,                                                                                                          
               "Actual Rows": 4,                                                                                                                     
               "Actual Loops": 1,                                                                                                                    
               "Hash Buckets": 1024,                                                                                                                 
               "Original Hash Buckets": 1024,                                                                                                        
               "Hash Batches": 1,                                                                                                                    
               "Original Hash Batches": 1,                                                                                                           
               "Peak Memory Usage": 9,                                                                                                               
               "Shared Hit Blocks": 0,                                                                                                               
               "Shared Read Blocks": 949,                                                                                                            
               "Shared Dirtied Blocks": 0,                                                                                                           
               "Shared Written Blocks": 0,                                                                                                           
               "Local Hit Blocks": 0,                                                                                                                
               "Local Read Blocks": 0,                                                                                                               
               "Local Dirtied Blocks": 0,                                                                                                            
               "Local Written Blocks": 0,                                                                                                            
               "Temp Read Blocks": 0,                                                                                                                
               "Temp Written Blocks": 0,                                                                                                             
               "Plans": [                                                                                                                            
                 {                                                                                                                                   
                   "Node Type": "Seq Scan",                                                                                                          
                   "Parent Relationship": "Outer",                                                                                                   
                   "Parallel Aware": false,                                                                                                          
                   "Relation Name": "keyword",                                                                                                       
                   "Alias": "k",                                                                                                                     
                   "Startup Cost": 0.00,                                                                                                             
                   "Total Cost": 59.88,                                                                                                              
                   "Plan Rows": 4,                                                                                                                   
                   "Plan Width": 4,                                                                                                                  
                   "Actual Startup Time": 20.078,                                                                                                    
                   "Actual Total Time": 85.898,                                                                                                      
                   "Actual Rows": 4,                                                                                                                 
                   "Actual Loops": 1,                                                                                                                
                   "Filter": "(keyword = ANY ('{superhero,marvel-comics,based-on-comic,fight}'::text[]))",                                           
                   "Rows Removed by Filter": 134166,                                                                                                 
                   "Shared Hit Blocks": 0,                                                                                                           
                   "Shared Read Blocks": 949,                                                                                                        
                   "Shared Dirtied Blocks": 0,                                                                                                       
                   "Shared Written Blocks": 0,                                                                                                       
                   "Local Hit Blocks": 0,                                                                                                            
                   "Local Read Blocks": 0,                                                                                                           
                   "Local Dirtied Blocks": 0,                                                                                                        
                   "Local Written Blocks": 0,                                                                                                        
                   "Temp Read Blocks": 0,                                                                                                            
                   "Temp Written Blocks": 0                                                                                                          
                 }                                                                                                                                   
               ]                                                                                                                                     
             }                                                                                                                                       
           ]                                                                                                                                         
         }                                                                                                                                           
       ]                                                                                                                                             
     },                                                                                                                                              
     "Planning Time": 9460.843,                                                                                                                      
     "Triggers": [                                                                                                                                   
     ],                                                                                                                                              
     "Execution Time": 21233.644                                                                                                                     
   }                                                                                                                                                 
 ]
