 [                                                                                                                                                   
   {                                                                                                                                                 
     "Plan": {                                                                                                                                       
       "Node Type": "Aggregate",                                                                                                                     
       "Strategy": "Plain",                                                                                                                          
       "Partial Mode": "Simple",                                                                                                                     
       "Parallel Aware": false,                                                                                                                      
       "Startup Cost": 22212.33,                                                                                                                     
       "Total Cost": 22212.33,                                                                                                                       
       "Plan Rows": 1,                                                                                                                               
       "Plan Width": 96,                                                                                                                             
       "Actual Startup Time": 21478.453,                                                                                                             
       "Actual Total Time": 21478.454,                                                                                                               
       "Actual Rows": 1,                                                                                                                             
       "Actual Loops": 1,                                                                                                                            
       "Shared Hit Blocks": 4,                                                                                                                       
       "Shared Read Blocks": 415302,                                                                                                                 
       "Shared Dirtied Blocks": 0,                                                                                                                   
       "Shared Written Blocks": 0,                                                                                                                   
       "Local Hit Blocks": 0,                                                                                                                        
       "Local Read Blocks": 0,                                                                                                                       
       "Local Dirtied Blocks": 0,                                                                                                                    
       "Local Written Blocks": 0,                                                                                                                    
       "Temp Read Blocks": 0,                                                                                                                        
       "Temp Written Blocks": 0,                                                                                                                     
       "Plans": [                                                                                                                                    
         {                                                                                                                                           
           "Node Type": "Hash Join",                                                                                                                 
           "Parent Relationship": "Outer",                                                                                                           
           "Parallel Aware": false,                                                                                                                  
           "Join Type": "Inner",                                                                                                                     
           "Startup Cost": 8673.00,                                                                                                                  
           "Total Cost": 22212.33,                                                                                                                   
           "Plan Rows": 1,                                                                                                                           
           "Plan Width": 39,                                                                                                                         
           "Actual Startup Time": 9072.604,                                                                                                          
           "Actual Total Time": 21458.009,                                                                                                           
           "Actual Rows": 5400,                                                                                                                      
           "Actual Loops": 1,                                                                                                                        
           "Inner Unique": true,                                                                                                                     
           "Hash Cond": "(mk.keyword_id = k.id)",                                                                                                    
           "Shared Hit Blocks": 4,                                                                                                                   
           "Shared Read Blocks": 415302,                                                                                                             
           "Shared Dirtied Blocks": 0,                                                                                                               
           "Shared Written Blocks": 0,                                                                                                               
           "Local Hit Blocks": 0,                                                                                                                    
           "Local Read Blocks": 0,                                                                                                                   
           "Local Dirtied Blocks": 0,                                                                                                                
           "Local Written Blocks": 0,                                                                                                                
           "Temp Read Blocks": 0,                                                                                                                    
           "Temp Written Blocks": 0,                                                                                                                 
           "Plans": [                                                                                                                                
             {                                                                                                                                       
               "Node Type": "Hash Join",                                                                                                             
               "Parent Relationship": "Outer",                                                                                                       
               "Parallel Aware": false,                                                                                                              
               "Join Type": "Inner",                                                                                                                 
               "Startup Cost": 8581.87,                                                                                                              
               "Total Cost": 22121.20,                                                                                                               
               "Plan Rows": 2,                                                                                                                       
               "Plan Width": 43,                                                                                                                     
               "Actual Startup Time": 8982.907,                                                                                                      
               "Actual Total Time": 21251.237,                                                                                                       
               "Actual Rows": 1145482,                                                                                                               
               "Actual Loops": 1,                                                                                                                    
               "Inner Unique": false,                                                                                                                
               "Hash Cond": "(t.id = mk.movie_id)",                                                                                                  
               "Shared Hit Blocks": 1,                                                                                                               
               "Shared Read Blocks": 414353,                                                                                                         
               "Shared Dirtied Blocks": 0,                                                                                                           
               "Shared Written Blocks": 0,                                                                                                           
               "Local Hit Blocks": 0,                                                                                                                
               "Local Read Blocks": 0,                                                                                                               
               "Local Dirtied Blocks": 0,                                                                                                            
               "Local Written Blocks": 0,                                                                                                            
               "Temp Read Blocks": 0,                                                                                                                
               "Temp Written Blocks": 0,                                                                                                             
               "Plans": [                                                                                                                            
                 {                                                                                                                                   
                   "Node Type": "Hash Join",                                                                                                         
                   "Parent Relationship": "Outer",                                                                                                   
                   "Parallel Aware": false,                                                                                                          
                   "Join Type": "Inner",                                                                                                             
                   "Startup Cost": 6838.00,                                                                                                          
                   "Total Cost": 20377.31,                                                                                                           
                   "Plan Rows": 1,                                                                                                                   
                   "Plan Width": 55,                                                                                                                 
                   "Actual Startup Time": 7186.456,                                                                                                  
                   "Actual Total Time": 19243.716,                                                                                                   
                   "Actual Rows": 10450,                                                                                                             
                   "Actual Loops": 1,                                                                                                                
                   "Inner Unique": true,                                                                                                             
                   "Hash Cond": "(ci.person_id = n.id)",                                                                                             
                   "Shared Hit Blocks": 1,                                                                                                           
                   "Shared Read Blocks": 389899,                                                                                                     
                   "Shared Dirtied Blocks": 0,                                                                                                       
                   "Shared Written Blocks": 0,                                                                                                       
                   "Local Hit Blocks": 0,                                                                                                            
                   "Local Read Blocks": 0,                                                                                                           
                   "Local Dirtied Blocks": 0,                                                                                                        
                   "Local Written Blocks": 0,                                                                                                        
                   "Temp Read Blocks": 0,                                                                                                            
                   "Temp Written Blocks": 0,                                                                                                         
                   "Plans": [                                                                                                                        
                     {                                                                                                                               
                       "Node Type": "Hash Join",                                                                                                     
                       "Parent Relationship": "Outer",                                                                                               
                       "Parallel Aware": false,                                                                                                      
                       "Join Type": "Inner",                                                                                                         
                       "Startup Cost": 4193.73,                                                                                                      
                       "Total Cost": 17733.04,                                                                                                       
                       "Plan Rows": 1,                                                                                                               
                       "Plan Width": 59,                                                                                                             
                       "Actual Startup Time": 4322.689,                                                                                              
                       "Actual Total Time": 16371.342,                                                                                               
                       "Actual Rows": 10450,                                                                                                         
                       "Actual Loops": 1,                                                                                                            
                       "Inner Unique": true,                                                                                                         
                       "Hash Cond": "(mi_idx.info_type_id = it.id)",                                                                                
                       "Shared Hit Blocks": 1,                                                                                                       
                       "Shared Read Blocks": 334286,                                                                                                 
                       "Shared Dirtied Blocks": 0,                                                                                                   
                       "Shared Written Blocks": 0,                                                                                                   
                       "Local Hit Blocks": 0,                                                                                                        
                       "Local Read Blocks": 0,                                                                                                       
                       "Local Dirtied Blocks": 0,                                                                                                    
                       "Local Written Blocks": 0,                                                                                                    
                       "Temp Read Blocks": 0,                                                                                                        
                       "Temp Written Blocks": 0,                                                                                                     
                       "Plans": [                                                                                                                    
                         {                                                                                                                           
                           "Node Type": "Hash Join",                                                                                                 
                           "Parent Relationship": "Outer",                                                                                           
                           "Parallel Aware": false,                                                                                                  
                           "Join Type": "Inner",                                                                                                     
                           "Startup Cost": 4193.68,                                                                                                  
                           "Total Cost": 17732.97,                                                                                                   
                           "Plan Rows": 148,                                                                                                         
                           "Plan Width": 63,                                                                                                         
                           "Actual Startup Time": 4307.235,                                                                                          
                           "Actual Total Time": 16349.500,                                                                                           
                           "Actual Rows": 31611,                                                                                                     
                           "Actual Loops": 1,                                                                                                        
                           "Inner Unique": false,                                                                                                    
                           "Hash Cond": "(t.id = mi_idx.movie_id)",                                                                                  
                           "Shared Hit Blocks": 1,                                                                                                   
                           "Shared Read Blocks": 334285,                                                                                             
                           "Shared Dirtied Blocks": 0,                                                                                               
                           "Shared Written Blocks": 0,                                                                                               
                           "Local Hit Blocks": 0,                                                                                                    
                           "Local Read Blocks": 0,                                                                                                   
                           "Local Dirtied Blocks": 0,                                                                                                
                           "Local Written Blocks": 0,                                                                                                
                           "Temp Read Blocks": 0,                                                                                                    
                           "Temp Written Blocks": 0,                                                                                                 
                           "Plans": [                                                                                                                
                             {                                                                                                                       
                               "Node Type": "Hash Join",                                                                                             
                               "Parent Relationship": "Outer",                                                                                       
                               "Parallel Aware": false,                                                                                              
                               "Join Type": "Inner",                                                                                                 
                               "Startup Cost": 3630.56,                                                                                              
                               "Total Cost": 17169.77,                                                                                               
                               "Plan Rows": 272,                                                                                                     
                               "Plan Width": 49,                                                                                                     
                               "Actual Startup Time": 3639.803,                                                                                      
                               "Actual Total Time": 15666.359,                                                                                       
                               "Actual Rows": 10764,                                                                                                 
                               "Actual Loops": 1,                                                                                                    
                               "Inner Unique": true,                                                                                                 
                               "Hash Cond": "(cc.status_id = cct.id)",                                                                              
                               "Shared Hit Blocks": 1,                                                                                               
                               "Shared Read Blocks": 325832,                                                                                         
                               "Shared Dirtied Blocks": 0,                                                                                           
                               "Shared Written Blocks": 0,                                                                                           
                               "Local Hit Blocks": 0,                                                                                                
                               "Local Read Blocks": 0,                                                                                               
                               "Local Dirtied Blocks": 0,                                                                                            
                               "Local Written Blocks": 0,                                                                                            
                               "Temp Read Blocks": 0,                                                                                                
                               "Temp Written Blocks": 0,                                                                                             
                               "Plans": [                                                                                                            
                                 {                                                                                                                   
                                   "Node Type": "Hash Join",                                                                                         
                                   "Parent Relationship": "Outer",                                                                                   
                                   "Parallel Aware": false,                                                                                          
                                   "Join Type": "Inner",                                                                                             
                                   "Startup Cost": 3630.52,                                                                                          
                                   "Total Cost": 17169.62,                                                                                           
                                   "Plan Rows": 1088,                                                                                                
                                   "Plan Width": 53,                                                                                                 
                                   "Actual Startup Time": 3633.212,                                                                                  
                                   "Actual Total Time": 15655.757,                                                                                   
                                   "Actual Rows": 10764,                                                                                             
                                   "Actual Loops": 1,                                                                                                
                                   "Inner Unique": true,                                                                                             
                                   "Hash Cond": "(cc.subject_id = cct.id)",                                                                         
                                   "Shared Hit Blocks": 1,                                                                                           
                                   "Shared Read Blocks": 325831,                                                                                     
                                   "Shared Dirtied Blocks": 0,                                                                                       
                                   "Shared Written Blocks": 0,                                                                                       
                                   "Local Hit Blocks": 0,                                                                                            
                                   "Local Read Blocks": 0,                                                                                           
                                   "Local Dirtied Blocks": 0,                                                                                        
                                   "Local Written Blocks": 0,                                                                                        
                                   "Temp Read Blocks": 0,                                                                                            
                                   "Temp Written Blocks": 0,                                                                                         
                                   "Plans": [                                                                                                        
                                     {                                                                                                               
                                       "Node Type": "Hash Join",                                                                                     
                                       "Parent Relationship": "Outer",                                                                               
                                       "Parallel Aware": false,                                                                                      
                                       "Join Type": "Inner",                                                                                         
                                       "Startup Cost": 3630.49,                                                                                      
                                       "Total Cost": 17169.12,                                                                                       
                                       "Plan Rows": 4351,                                                                                            
                                       "Plan Width": 57,                                                                                             
                                       "Actual Startup Time": 3633.157,                                                                              
                                       "Actual Total Time": 15651.465,                                                                               
                                       "Actual Rows": 13456,                                                                                         
                                       "Actual Loops": 1,                                                                                            
                                       "Inner Unique": false,                                                                                        
                                       "Hash Cond": "(t.id = cc.movie_id)",                                                                          
                                       "Shared Hit Blocks": 0,                                                                                       
                                       "Shared Read Blocks": 325831,                                                                                 
                                       "Shared Dirtied Blocks": 0,                                                                                   
                                       "Shared Written Blocks": 0,                                                                                   
                                       "Local Hit Blocks": 0,                                                                                        
                                       "Local Read Blocks": 0,                                                                                       
                                       "Local Dirtied Blocks": 0,                                                                                    
                                       "Local Written Blocks": 0,                                                                                    
                                       "Temp Read Blocks": 0,                                                                                        
                                       "Temp Written Blocks": 0,                                                                                     
                                       "Plans": [                                                                                                    
                                         {                                                                                                           
                                           "Node Type": "Hash Join",                                                                                 
                                           "Parent Relationship": "Outer",                                                                           
                                           "Parallel Aware": false,                                                                                  
                                           "Join Type": "Inner",                                                                                     
                                           "Startup Cost": 3578.39,                                                                                  
                                           "Total Cost": 17104.08,                                                                                   
                                           "Plan Rows": 81430,                                                                                       
                                           "Plan Width": 45,                                                                                         
                                           "Actual Startup Time": 3474.481,                                                                          
                                           "Actual Total Time": 15460.199,                                                                           
                                           "Actual Rows": 98725,                                                                                     
                                           "Actual Loops": 1,                                                                                        
                                           "Inner Unique": true,                                                                                     
                                           "Hash Cond": "(t.kind_id = kt.id)",                                                                       
                                           "Shared Hit Blocks": 0,                                                                                   
                                           "Shared Read Blocks": 325100,                                                                             
                                           "Shared Dirtied Blocks": 0,                                                                               
                                           "Shared Written Blocks": 0,                                                                               
                                           "Local Hit Blocks": 0,                                                                                    
                                           "Local Read Blocks": 0,                                                                                   
                                           "Local Dirtied Blocks": 0,                                                                                
                                           "Local Written Blocks": 0,                                                                                
                                           "Temp Read Blocks": 0,                                                                                    
                                           "Temp Written Blocks": 0,                                                                                 
                                           "Plans": [                                                                                                
                                             {                                                                                                       
                                               "Node Type": "Hash Join",                                                                             
                                               "Parent Relationship": "Outer",                                                                       
                                               "Parallel Aware": false,                                                                              
                                               "Join Type": "Inner",                                                                                 
                                               "Startup Cost": 3578.36,                                                                              
                                               "Total Cost": 17049.11,                                                                               
                                               "Plan Rows": 570007,                                                                                  
                                               "Plan Width": 49,                                                                                     
                                               "Actual Startup Time": 3471.366,                                                                      
                                               "Actual Total Time": 15402.139,                                                                       
                                               "Actual Rows": 296510,                                                                                
                                               "Actual Loops": 1,                                                                                    
                                               "Inner Unique": true,                                                                                 
                                               "Hash Cond": "(ci.movie_id = t.id)",                                                                  
                                               "Shared Hit Blocks": 0,                                                                               
                                               "Shared Read Blocks": 325099,                                                                         
                                               "Shared Dirtied Blocks": 0,                                                                           
                                               "Shared Written Blocks": 0,                                                                           
                                               "Local Hit Blocks": 0,                                                                                
                                               "Local Read Blocks": 0,                                                                               
                                               "Local Dirtied Blocks": 0,                                                                            
                                               "Local Written Blocks": 0,                                                                            
                                               "Temp Read Blocks": 0,                                                                                
                                               "Temp Written Blocks": 0,                                                                             
                                               "Plans": [                                                                                            
                                                 {                                                                                                   
                                                   "Node Type": "Hash Join",                                                                         
                                                   "Parent Relationship": "Outer",                                                                   
                                                   "Parallel Aware": false,                                                                          
                                                   "Join Type": "Inner",                                                                             
                                                   "Startup Cost": 1875.33,                                                                          
                                                   "Total Cost": 15261.03,                                                                           
                                                   "Plan Rows": 1043217,                                                                             
                                                   "Plan Width": 24,                                                                                 
                                                   "Actual Startup Time": 1726.774,                                                                  
                                                   "Actual Total Time": 13354.045,                                                                   
                                                   "Actual Rows": 623586,                                                                            
                                                   "Actual Loops": 1,                                                                                
                                                   "Inner Unique": true,                                                                             
                                                   "Hash Cond": "(ci.person_role_id = chn.id)",                                                      
                                                   "Shared Hit Blocks": 0,                                                                           
                                                   "Shared Read Blocks": 289101,                                                                     
                                                   "Shared Dirtied Blocks": 0,                                                                       
                                                   "Shared Written Blocks": 0,                                                                       
                                                   "Local Hit Blocks": 0,                                                                            
                                                   "Local Read Blocks": 0,                                                                           
                                                   "Local Dirtied Blocks": 0,                                                                        
                                                   "Local Written Blocks": 0,                                                                        
                                                   "Temp Read Blocks": 0,                                                                            
                                                   "Temp Written Blocks": 0,                                                                         
                                                   "Plans": [                                                                                        
                                                     {                                                                                               
                                                       "Node Type": "Seq Scan",                                                                      
                                                       "Parent Relationship": "Outer",                                                               
                                                       "Parallel Aware": false,                                                                      
                                                       "Relation Name": "cast_info",                                                                 
                                                       "Alias": "ci",                                                                                
                                                       "Startup Cost": 0.00,                                                                         
                                                       "Total Cost": 10431.00,                                                                       
                                                       "Plan Rows": 36244344,                                                                        
                                                       "Plan Width": 12,                                                                             
                                                       "Actual Startup Time": 5.917,                                                                 
                                                       "Actual Total Time": 5879.334,                                                                
                                                       "Actual Rows": 36244344,                                                                      
                                                       "Actual Loops": 1,                                                                            
                                                       "Shared Hit Blocks": 0,                                                                       
                                                       "Shared Read Blocks": 252654,                                                                 
                                                       "Shared Dirtied Blocks": 0,                                                                   
                                                       "Shared Written Blocks": 0,                                                                   
                                                       "Local Hit Blocks": 0,                                                                        
                                                       "Local Read Blocks": 0,                                                                       
                                                       "Local Dirtied Blocks": 0,                                                                    
                                                       "Local Written Blocks": 0,                                                                    
                                                       "Temp Read Blocks": 0,                                                                        
                                                       "Temp Written Blocks": 0                                                                      
                                                     },                                                                                              
                                                     {                                                                                               
                                                       "Node Type": "Hash",                                                                          
                                                       "Parent Relationship": "Inner",                                                               
                                                       "Parallel Aware": false,                                                                      
                                                       "Startup Cost": 1847.99,                                                                      
                                                       "Total Cost": 1847.99,                                                                        
                                                       "Plan Rows": 186251,                                                                          
                                                       "Plan Width": 20,                                                                             
                                                       "Actual Startup Time": 1720.064,                                                              
                                                       "Actual Total Time": 1720.065,                                                                
                                                       "Actual Rows": 180152,                                                                        
                                                       "Actual Loops": 1,                                                                            
                                                       "Hash Buckets": 262144,                                                                       
                                                       "Original Hash Buckets": 262144,                                                              
                                                       "Hash Batches": 1,                                                                            
                                                       "Original Hash Batches": 1,                                                                   
                                                       "Peak Memory Usage": 11979,                                                                   
                                                       "Shared Hit Blocks": 0,                                                                       
                                                       "Shared Read Blocks": 36447,                                                                  
                                                       "Shared Dirtied Blocks": 0,                                                                   
                                                       "Shared Written Blocks": 0,                                                                   
                                                       "Local Hit Blocks": 0,                                                                        
                                                       "Local Read Blocks": 0,                                                                       
                                                       "Local Dirtied Blocks": 0,                                                                    
                                                       "Local Written Blocks": 0,                                                                    
                                                       "Temp Read Blocks": 0,                                                                        
                                                       "Temp Written Blocks": 0,                                                                     
                                                       "Plans": [                                                                                    
                                                         {                                                                                           
                                                           "Node Type": "Seq Scan",                                                                  
                                                           "Parent Relationship": "Outer",                                                           
                                                           "Parallel Aware": false,                                                                  
                                                           "Relation Name": "char_name",                                                             
                                                           "Alias": "chn",                                                                           
                                                           "Startup Cost": 0.00,                                                                     
                                                           "Total Cost": 1847.99,                                                                    
                                                           "Plan Rows": 186251,                                                                      
                                                           "Plan Width": 20,                                                                         
                                                           "Actual Startup Time": 5.850,                                                             
                                                           "Actual Total Time": 1634.585,                                                            
                                                           "Actual Rows": 180152,                                                                    
                                                           "Actual Loops": 1,                                                                        
                                                           "Filter": "((name IS NOT NULL) AND ((name ~~ '%man%'::text) OR (name ~~ '%Man%'::text)))",
                                                           "Rows Removed by Filter": 2960187,                                                        
                                                           "Shared Hit Blocks": 0,                                                                   
                                                           "Shared Read Blocks": 36447,                                                              
                                                           "Shared Dirtied Blocks": 0,                                                               
                                                           "Shared Written Blocks": 0,                                                               
                                                           "Local Hit Blocks": 0,                                                                    
                                                           "Local Read Blocks": 0,                                                                   
                                                           "Local Dirtied Blocks": 0,                                                                
                                                           "Local Written Blocks": 0,                                                                
                                                           "Temp Read Blocks": 0,                                                                    
                                                           "Temp Written Blocks": 0                                                                  
                                                         }                                                                                           
                                                       ]                                                                                             
                                                     }                                                                                               
                                                   ]                                                                                                 
                                                 },                                                                                                  
                                                 {                                                                                                   
                                                   "Node Type": "Hash",                                                                              
                                                   "Parent Relationship": "Inner",                                                                   
                                                   "Parallel Aware": false,                                                                          
                                                   "Startup Cost": 1500.26,                                                                          
                                                   "Total Cost": 1500.26,                                                                            
                                                   "Plan Rows": 1381453,                                                                             
                                                   "Plan Width": 25,                                                                                 
                                                   "Actual Startup Time": 1739.433,                                                                  
                                                   "Actual Total Time": 1739.433,                                                                    
                                                   "Actual Rows": 1381453,                                                                           
                                                   "Actual Loops": 1,                                                                                
                                                   "Hash Buckets": 2097152,                                                                          
                                                   "Original Hash Buckets": 2097152,                                                                 
                                                   "Hash Batches": 1,                                                                                
                                                   "Original Hash Batches": 1,                                                                       
                                                   "Peak Memory Usage": 95777,                                                                       
                                                   "Shared Hit Blocks": 0,                                                                           
                                                   "Shared Read Blocks": 35998,                                                                      
                                                   "Shared Dirtied Blocks": 0,                                                                       
                                                   "Shared Written Blocks": 0,                                                                       
                                                   "Local Hit Blocks": 0,                                                                            
                                                   "Local Read Blocks": 0,                                                                           
                                                   "Local Dirtied Blocks": 0,                                                                        
                                                   "Local Written Blocks": 0,                                                                        
                                                   "Temp Read Blocks": 0,                                                                            
                                                   "Temp Written Blocks": 0,                                                                         
                                                   "Plans": [                                                                                        
                                                     {                                                                                               
                                                       "Node Type": "Seq Scan",                                                                      
                                                       "Parent Relationship": "Outer",                                                               
                                                       "Parallel Aware": false,                                                                      
                                                       "Relation Name": "title",                                                                     
                                                       "Alias": "t",                                                                                 
                                                       "Startup Cost": 0.00,                                                                         
                                                       "Total Cost": 1500.26,                                                                        
                                                       "Plan Rows": 1381453,                                                                         
                                                       "Plan Width": 25,                                                                             
                                                       "Actual Startup Time": 23.569,                                                                
                                                       "Actual Total Time": 1140.054,                                                                
                                                       "Actual Rows": 1381453,                                                                       
                                                       "Actual Loops": 1,                                                                            
                                                       "Filter": "(production_year > 2000)",                                                         
                                                       "Rows Removed by Filter": 1146859,                                                            
                                                       "Shared Hit Blocks": 0,                                                                       
                                                       "Shared Read Blocks": 35998,                                                                  
                                                       "Shared Dirtied Blocks": 0,                                                                   
                                                       "Shared Written Blocks": 0,                                                                   
                                                       "Local Hit Blocks": 0,                                                                        
                                                       "Local Read Blocks": 0,                                                                       
                                                       "Local Dirtied Blocks": 0,                                                                    
                                                       "Local Written Blocks": 0,                                                                    
                                                       "Temp Read Blocks": 0,                                                                        
                                                       "Temp Written Blocks": 0                                                                      
                                                     }                                                                                               
                                                   ]                                                                                                 
                                                 }                                                                                                   
                                               ]                                                                                                     
                                             },                                                                                                      
                                             {                                                                                                       
                                               "Node Type": "Hash",                                                                                  
                                               "Parent Relationship": "Inner",                                                                       
                                               "Parallel Aware": false,                                                                              
                                               "Startup Cost": 0.03,                                                                                 
                                               "Total Cost": 0.03,                                                                                   
                                               "Plan Rows": 1,                                                                                       
                                               "Plan Width": 4,                                                                                      
                                               "Actual Startup Time": 3.095,                                                                         
                                               "Actual Total Time": 3.095,                                                                           
                                               "Actual Rows": 1,                                                                                     
                                               "Actual Loops": 1,                                                                                    
                                               "Hash Buckets": 1024,                                                                                 
                                               "Original Hash Buckets": 1024,                                                                        
                                               "Hash Batches": 1,                                                                                    
                                               "Original Hash Batches": 1,                                                                           
                                               "Peak Memory Usage": 9,                                                                               
                                               "Shared Hit Blocks": 0,                                                                               
                                               "Shared Read Blocks": 1,                                                                              
                                               "Shared Dirtied Blocks": 0,                                                                           
                                               "Shared Written Blocks": 0,                                                                           
                                               "Local Hit Blocks": 0,                                                                                
                                               "Local Read Blocks": 0,                                                                               
                                               "Local Dirtied Blocks": 0,                                                                            
                                               "Local Written Blocks": 0,                                                                            
                                               "Temp Read Blocks": 0,                                                                                
                                               "Temp Written Blocks": 0,                                                                             
                                               "Plans": [                                                                                            
                                                 {                                                                                                   
                                                   "Node Type": "Seq Scan",                                                                          
                                                   "Parent Relationship": "Outer",                                                                   
                                                   "Parallel Aware": false,                                                                          
                                                   "Relation Name": "kind_type",                                                                     
                                                   "Alias": "kt",                                                                                    
                                                   "Startup Cost": 0.00,                                                                             
                                                   "Total Cost": 0.03,                                                                               
                                                   "Plan Rows": 1,                                                                                   
                                                   "Plan Width": 4,                                                                                  
                                                   "Actual Startup Time": 3.072,                                                                     
                                                   "Actual Total Time": 3.078,                                                                       
                                                   "Actual Rows": 1,                                                                                 
                                                   "Actual Loops": 1,                                                                                
                                                   "Filter": "((kind)::text = 'movie'::text)",                                                       
                                                   "Rows Removed by Filter": 6,                                                                      
                                                   "Shared Hit Blocks": 0,                                                                           
                                                   "Shared Read Blocks": 1,                                                                          
                                                   "Shared Dirtied Blocks": 0,                                                                       
                                                   "Shared Written Blocks": 0,                                                                       
                                                   "Local Hit Blocks": 0,                                                                            
                                                   "Local Read Blocks": 0,                                                                           
                                                   "Local Dirtied Blocks": 0,                                                                        
                                                   "Local Written Blocks": 0,                                                                        
                                                   "Temp Read Blocks": 0,                                                                            
                                                   "Temp Written Blocks": 0                                                                          
                                                 }                                                                                                   
                                               ]                                                                                                     
                                             }                                                                                                       
                                           ]                                                                                                         
                                         },                                                                                                          
                                         {                                                                                                           
                                           "Node Type": "Hash",                                                                                      
                                           "Parent Relationship": "Inner",                                                                           
                                           "Parallel Aware": false,                                                                                  
                                           "Startup Cost": 32.27,                                                                                    
                                           "Total Cost": 32.27,                                                                                      
                                           "Plan Rows": 135086,                                                                                      
                                           "Plan Width": 12,                                                                                         
                                           "Actual Startup Time": 152.627,                                                                           
                                           "Actual Total Time": 152.627,                                                                             
                                           "Actual Rows": 135086,                                                                                    
                                           "Actual Loops": 1,                                                                                        
                                           "Hash Buckets": 262144,                                                                                   
                                           "Original Hash Buckets": 262144,                                                                          
                                           "Hash Batches": 1,                                                                                        
                                           "Original Hash Batches": 1,                                                                               
                                           "Peak Memory Usage": 7853,                                                                                
                                           "Shared Hit Blocks": 0,                                                                                   
                                           "Shared Read Blocks": 731,                                                                                
                                           "Shared Dirtied Blocks": 0,                                                                               
                                           "Shared Written Blocks": 0,                                                                               
                                           "Local Hit Blocks": 0,                                                                                    
                                           "Local Read Blocks": 0,                                                                                   
                                           "Local Dirtied Blocks": 0,                                                                                
                                           "Local Written Blocks": 0,                                                                                
                                           "Temp Read Blocks": 0,                                                                                    
                                           "Temp Written Blocks": 0,                                                                                 
                                           "Plans": [                                                                                                
                                             {                                                                                                       
                                               "Node Type": "Seq Scan",                                                                              
                                               "Parent Relationship": "Outer",                                                                       
                                               "Parallel Aware": false,                                                                              
                                               "Relation Name": "complete_cast",                                                                     
                                               "Alias": "cc",                                                                                        
                                               "Startup Cost": 0.00,                                                                                 
                                               "Total Cost": 32.27,                                                                                  
                                               "Plan Rows": 135086,                                                                                  
                                               "Plan Width": 12,                                                                                     
                                               "Actual Startup Time": 7.452,                                                                         
                                               "Actual Total Time": 99.069,                                                                          
                                               "Actual Rows": 135086,                                                                                
                                               "Actual Loops": 1,                                                                                    
                                               "Shared Hit Blocks": 0,                                                                               
                                               "Shared Read Blocks": 731,                                                                            
                                               "Shared Dirtied Blocks": 0,                                                                           
                                               "Shared Written Blocks": 0,                                                                           
                                               "Local Hit Blocks": 0,                                                                                
                                               "Local Read Blocks": 0,                                                                               
                                               "Local Dirtied Blocks": 0,                                                                            
                                               "Local Written Blocks": 0,                                                                            
                                               "Temp Read Blocks": 0,                                                                                
                                               "Temp Written Blocks": 0                                                                              
                                             }                                                                                                       
                                           ]                                                                                                         
                                         }                                                                                                           
                                       ]                                                                                                             
                                     },                                                                                                              
                                     {                                                                                                               
                                       "Node Type": "Hash",                                                                                          
                                       "Parent Relationship": "Inner",                                                                               
                                       "Parallel Aware": false,                                                                                      
                                       "Startup Cost": 0.03,                                                                                         
                                       "Total Cost": 0.03,                                                                                           
                                       "Plan Rows": 1,                                                                                               
                                       "Plan Width": 4,                                                                                              
                                       "Actual Startup Time": 0.020,                                                                                 
                                       "Actual Total Time": 0.020,                                                                                   
                                       "Actual Rows": 1,                                                                                             
                                       "Actual Loops": 1,                                                                                            
                                       "Hash Buckets": 1024,                                                                                         
                                       "Original Hash Buckets": 1024,                                                                                
                                       "Hash Batches": 1,                                                                                            
                                       "Original Hash Batches": 1,                                                                                   
                                       "Peak Memory Usage": 9,                                                                                       
                                       "Shared Hit Blocks": 1,                                                                                       
                                       "Shared Read Blocks": 0,                                                                                      
                                       "Shared Dirtied Blocks": 0,                                                                                   
                                       "Shared Written Blocks": 0,                                                                                   
                                       "Local Hit Blocks": 0,                                                                                        
                                       "Local Read Blocks": 0,                                                                                       
                                       "Local Dirtied Blocks": 0,                                                                                    
                                       "Local Written Blocks": 0,                                                                                    
                                       "Temp Read Blocks": 0,                                                                                        
                                       "Temp Written Blocks": 0,                                                                                     
                                       "Plans": [                                                                                                    
                                         {                                                                                                           
                                           "Node Type": "Seq Scan",                                                                                  
                                           "Parent Relationship": "Outer",                                                                           
                                           "Parallel Aware": false,                                                                                  
                                           "Relation Name": "comp_cast_type",                                                                        
                                           "Alias": "cct",                                                                                          
                                           "Startup Cost": 0.00,                                                                                     
                                           "Total Cost": 0.03,                                                                                       
                                           "Plan Rows": 1,                                                                                           
                                           "Plan Width": 4,                                                                                          
                                           "Actual Startup Time": 0.012,                                                                             
                                           "Actual Total Time": 0.014,                                                                               
                                           "Actual Rows": 1,                                                                                         
                                           "Actual Loops": 1,                                                                                        
                                           "Filter": "((kind)::text = 'cast'::text)",                                                                
                                           "Rows Removed by Filter": 3,                                                                              
                                           "Shared Hit Blocks": 1,                                                                                   
                                           "Shared Read Blocks": 0,                                                                                  
                                           "Shared Dirtied Blocks": 0,                                                                               
                                           "Shared Written Blocks": 0,                                                                               
                                           "Local Hit Blocks": 0,                                                                                    
                                           "Local Read Blocks": 0,                                                                                   
                                           "Local Dirtied Blocks": 0,                                                                                
                                           "Local Written Blocks": 0,                                                                                
                                           "Temp Read Blocks": 0,                                                                                    
                                           "Temp Written Blocks": 0                                                                                  
                                         }                                                                                                           
                                       ]                                                                                                             
                                     }                                                                                                               
                                   ]                                                                                                                 
                                 },                                                                                                                  
                                 {                                                                                                                   
                                   "Node Type": "Hash",                                                                                              
                                   "Parent Relationship": "Inner",                                                                                   
                                   "Parallel Aware": false,                                                                                          
                                   "Startup Cost": 0.03,                                                                                             
                                   "Total Cost": 0.03,                                                                                               
                                   "Plan Rows": 1,                                                                                                   
                                   "Plan Width": 4,                                                                                                  
                                   "Actual Startup Time": 6.569,                                                                                     
                                   "Actual Total Time": 6.570,                                                                                       
                                   "Actual Rows": 2,                                                                                                 
                                   "Actual Loops": 1,                                                                                                
                                   "Hash Buckets": 1024,                                                                                             
                                   "Original Hash Buckets": 1024,                                                                                    
                                   "Hash Batches": 1,                                                                                                
                                   "Original Hash Batches": 1,                                                                                       
                                   "Peak Memory Usage": 9,                                                                                           
                                   "Shared Hit Blocks": 0,                                                                                           
                                   "Shared Read Blocks": 1,                                                                                          
                                   "Shared Dirtied Blocks": 0,                                                                                       
                                   "Shared Written Blocks": 0,                                                                                       
                                   "Local Hit Blocks": 0,                                                                                            
                                   "Local Read Blocks": 0,                                                                                           
                                   "Local Dirtied Blocks": 0,                                                                                        
                                   "Local Written Blocks": 0,                                                                                        
                                   "Temp Read Blocks": 0,                                                                                            
                                   "Temp Written Blocks": 0,                                                                                         
                                   "Plans": [                                                                                                        
                                     {                                                                                                               
                                       "Node Type": "Seq Scan",                                                                                      
                                       "Parent Relationship": "Outer",                                                                               
                                       "Parallel Aware": false,                                                                                      
                                       "Relation Name": "comp_cast_type",                                                                            
                                       "Alias": "cct",                                                                                              
                                       "Startup Cost": 0.00,                                                                                         
                                       "Total Cost": 0.03,                                                                                           
                                       "Plan Rows": 1,                                                                                               
                                       "Plan Width": 4,                                                                                              
                                       "Actual Startup Time": 6.547,                                                                                 
                                       "Actual Total Time": 6.550,                                                                                   
                                       "Actual Rows": 2,                                                                                             
                                       "Actual Loops": 1,                                                                                            
                                       "Filter": "((kind)::text ~~ '%complete%'::text)",                                                             
                                       "Rows Removed by Filter": 2,                                                                                  
                                       "Shared Hit Blocks": 0,                                                                                       
                                       "Shared Read Blocks": 1,                                                                                      
                                       "Shared Dirtied Blocks": 0,                                                                                   
                                       "Shared Written Blocks": 0,                                                                                   
                                       "Local Hit Blocks": 0,                                                                                        
                                       "Local Read Blocks": 0,                                                                                       
                                       "Local Dirtied Blocks": 0,                                                                                    
                                       "Local Written Blocks": 0,                                                                                    
                                       "Temp Read Blocks": 0,                                                                                        
                                       "Temp Written Blocks": 0                                                                                      
                                     }                                                                                                               
                                   ]                                                                                                                 
                                 }                                                                                                                   
                               ]                                                                                                                     
                             },                                                                                                                      
                             {                                                                                                                       
                               "Node Type": "Hash",                                                                                                  
                               "Parent Relationship": "Inner",                                                                                       
                               "Parallel Aware": false,                                                                                              
                               "Startup Cost": 360.56,                                                                                               
                               "Total Cost": 360.56,                                                                                                 
                               "Plan Rows": 1380035,                                                                                                 
                               "Plan Width": 14,                                                                                                     
                               "Actual Startup Time": 651.466,                                                                                       
                               "Actual Total Time": 651.466,                                                                                         
                               "Actual Rows": 1380035,                                                                                               
                               "Actual Loops": 1,                                                                                                    
                               "Hash Buckets": 2097152,                                                                                              
                               "Original Hash Buckets": 2097152,                                                                                     
                               "Hash Batches": 1,                                                                                                    
                               "Original Hash Batches": 1,                                                                                           
                               "Peak Memory Usage": 79357,                                                                                           
                               "Shared Hit Blocks": 0,                                                                                               
                               "Shared Read Blocks": 8453,                                                                                           
                               "Shared Dirtied Blocks": 0,                                                                                           
                               "Shared Written Blocks": 0,                                                                                           
                               "Local Hit Blocks": 0,                                                                                                
                               "Local Read Blocks": 0,                                                                                               
                               "Local Dirtied Blocks": 0,                                                                                            
                               "Local Written Blocks": 0,                                                                                            
                               "Temp Read Blocks": 0,                                                                                                
                               "Temp Written Blocks": 0,                                                                                             
                               "Plans": [                                                                                                            
                                 {                                                                                                                   
                                   "Node Type": "Seq Scan",                                                                                          
                                   "Parent Relationship": "Outer",                                                                                   
                                   "Parallel Aware": false,                                                                                          
                                   "Relation Name": "movie_info_idx",                                                                                
                                   "Alias": "mi_idx",                                                                                                
                                   "Startup Cost": 0.00,                                                                                             
                                   "Total Cost": 360.56,                                                                                             
                                   "Plan Rows": 1380035,                                                                                             
                                   "Plan Width": 14,                                                                                                 
                                   "Actual Startup Time": 9.846,                                                                                     
                                   "Actual Total Time": 297.090,                                                                                     
                                   "Actual Rows": 1380035,                                                                                           
                                   "Actual Loops": 1,                                                                                                
                                   "Shared Hit Blocks": 0,                                                                                           
                                   "Shared Read Blocks": 8453,                                                                                       
                                   "Shared Dirtied Blocks": 0,                                                                                       
                                   "Shared Written Blocks": 0,                                                                                       
                                   "Local Hit Blocks": 0,                                                                                            
                                   "Local Read Blocks": 0,                                                                                           
                                   "Local Dirtied Blocks": 0,                                                                                        
                                   "Local Written Blocks": 0,                                                                                        
                                   "Temp Read Blocks": 0,                                                                                            
                                   "Temp Written Blocks": 0                                                                                          
                                 }                                                                                                                   
                               ]                                                                                                                     
                             }                                                                                                                       
                           ]                                                                                                                         
                         },                                                                                                                          
                         {                                                                                                                           
                           "Node Type": "Hash",                                                                                                      
                           "Parent Relationship": "Inner",                                                                                           
                           "Parallel Aware": false,                                                                                                  
                           "Startup Cost": 0.05,                                                                                                     
                           "Total Cost": 0.05,                                                                                                       
                           "Plan Rows": 1,                                                                                                           
                           "Plan Width": 4,                                                                                                          
                           "Actual Startup Time": 15.432,                                                                                            
                           "Actual Total Time": 15.432,                                                                                              
                           "Actual Rows": 1,                                                                                                         
                           "Actual Loops": 1,                                                                                                        
                           "Hash Buckets": 1024,                                                                                                     
                           "Original Hash Buckets": 1024,                                                                                            
                           "Hash Batches": 1,                                                                                                        
                           "Original Hash Batches": 1,                                                                                               
                           "Peak Memory Usage": 9,                                                                                                   
                           "Shared Hit Blocks": 0,                                                                                                   
                           "Shared Read Blocks": 1,                                                                                                  
                           "Shared Dirtied Blocks": 0,                                                                                               
                           "Shared Written Blocks": 0,                                                                                               
                           "Local Hit Blocks": 0,                                                                                                    
                           "Local Read Blocks": 0,                                                                                                   
                           "Local Dirtied Blocks": 0,                                                                                                
                           "Local Written Blocks": 0,                                                                                                
                           "Temp Read Blocks": 0,                                                                                                    
                           "Temp Written Blocks": 0,                                                                                                 
                           "Plans": [                                                                                                                
                             {                                                                                                                       
                               "Node Type": "Seq Scan",                                                                                              
                               "Parent Relationship": "Outer",                                                                                       
                               "Parallel Aware": false,                                                                                              
                               "Relation Name": "info_type",                                                                                         
                               "Alias": "it",                                                                                                       
                               "Startup Cost": 0.00,                                                                                                 
                               "Total Cost": 0.05,                                                                                                   
                               "Plan Rows": 1,                                                                                                       
                               "Plan Width": 4,                                                                                                      
                               "Actual Startup Time": 15.414,                                                                                        
                               "Actual Total Time": 15.420,                                                                                          
                               "Actual Rows": 1,                                                                                                     
                               "Actual Loops": 1,                                                                                                    
                               "Filter": "((info)::text = 'rating'::text)",                                                                          
                               "Rows Removed by Filter": 112,                                                                                        
                               "Shared Hit Blocks": 0,                                                                                               
                               "Shared Read Blocks": 1,                                                                                              
                               "Shared Dirtied Blocks": 0,                                                                                           
                               "Shared Written Blocks": 0,                                                                                           
                               "Local Hit Blocks": 0,                                                                                                
                               "Local Read Blocks": 0,                                                                                               
                               "Local Dirtied Blocks": 0,                                                                                            
                               "Local Written Blocks": 0,                                                                                            
                               "Temp Read Blocks": 0,                                                                                                
                               "Temp Written Blocks": 0                                                                                              
                             }                                                                                                                       
                           ]                                                                                                                         
                         }                                                                                                                           
                       ]                                                                                                                             
                     },                                                                                                                              
                     {                                                                                                                               
                       "Node Type": "Hash",                                                                                                          
                       "Parent Relationship": "Inner",                                                                                               
                       "Parallel Aware": false,                                                                                                      
                       "Startup Cost": 2032.56,                                                                                                      
                       "Total Cost": 2032.56,                                                                                                        
                       "Plan Rows": 4167491,                                                                                                         
                       "Plan Width": 4,                                                                                                              
                       "Actual Startup Time": 2854.173,                                                                                              
                       "Actual Total Time": 2854.173,                                                                                                
                       "Actual Rows": 4167491,                                                                                                       
                       "Actual Loops": 1,                                                                                                            
                       "Hash Buckets": 4194304,                                                                                                      
                       "Original Hash Buckets": 4194304,                                                                                             
                       "Hash Batches": 1,                                                                                                            
                       "Original Hash Batches": 1,                                                                                                   
                       "Peak Memory Usage": 179282,                                                                                                  
                       "Shared Hit Blocks": 0,                                                                                                       
                       "Shared Read Blocks": 55613,                                                                                                  
                       "Shared Dirtied Blocks": 0,                                                                                                   
                       "Shared Written Blocks": 0,                                                                                                   
                       "Local Hit Blocks": 0,                                                                                                        
                       "Local Read Blocks": 0,                                                                                                       
                       "Local Dirtied Blocks": 0,                                                                                                    
                       "Local Written Blocks": 0,                                                                                                    
                       "Temp Read Blocks": 0,                                                                                                        
                       "Temp Written Blocks": 0,                                                                                                     
                       "Plans": [                                                                                                                    
                         {                                                                                                                           
                           "Node Type": "Seq Scan",                                                                                                  
                           "Parent Relationship": "Outer",                                                                                           
                           "Parallel Aware": false,                                                                                                  
                           "Relation Name": "name",                                                                                                  
                           "Alias": "n",                                                                                                             
                           "Startup Cost": 0.00,                                                                                                     
                           "Total Cost": 2032.56,                                                                                                    
                           "Plan Rows": 4167491,                                                                                                     
                           "Plan Width": 4,                                                                                                          
                           "Actual Startup Time": 7.111,                                                                                             
                           "Actual Total Time": 1539.425,                                                                                            
                           "Actual Rows": 4167491,                                                                                                   
                           "Actual Loops": 1,                                                                                                        
                           "Shared Hit Blocks": 0,                                                                                                   
                           "Shared Read Blocks": 55613,                                                                                              
                           "Shared Dirtied Blocks": 0,                                                                                               
                           "Shared Written Blocks": 0,                                                                                               
                           "Local Hit Blocks": 0,                                                                                                    
                           "Local Read Blocks": 0,                                                                                                   
                           "Local Dirtied Blocks": 0,                                                                                                
                           "Local Written Blocks": 0,                                                                                                
                           "Temp Read Blocks": 0,                                                                                                    
                           "Temp Written Blocks": 0                                                                                                  
                         }                                                                                                                           
                       ]                                                                                                                             
                     }                                                                                                                               
                   ]                                                                                                                                 
                 },                                                                                                                                  
                 {                                                                                                                                   
                   "Node Type": "Hash",                                                                                                              
                   "Parent Relationship": "Inner",                                                                                                   
                   "Parallel Aware": false,                                                                                                          
                   "Startup Cost": 1079.84,                                                                                                          
                   "Total Cost": 1079.84,                                                                                                            
                   "Plan Rows": 4523930,                                                                                                             
                   "Plan Width": 8,                                                                                                                  
                   "Actual Startup Time": 1776.873,                                                                                                  
                   "Actual Total Time": 1776.873,                                                                                                    
                   "Actual Rows": 4523930,                                                                                                           
                   "Actual Loops": 1,                                                                                                                
                   "Hash Buckets": 8388608,                                                                                                          
                   "Original Hash Buckets": 8388608,                                                                                                 
                   "Hash Batches": 1,                                                                                                                
                   "Original Hash Batches": 1,                                                                                                       
                   "Peak Memory Usage": 242253,                                                                                                      
                   "Shared Hit Blocks": 0,                                                                                                           
                   "Shared Read Blocks": 24454,                                                                                                      
                   "Shared Dirtied Blocks": 0,                                                                                                       
                   "Shared Written Blocks": 0,                                                                                                       
                   "Local Hit Blocks": 0,                                                                                                            
                   "Local Read Blocks": 0,                                                                                                           
                   "Local Dirtied Blocks": 0,                                                                                                        
                   "Local Written Blocks": 0,                                                                                                        
                   "Temp Read Blocks": 0,                                                                                                            
                   "Temp Written Blocks": 0,                                                                                                         
                   "Plans": [                                                                                                                        
                     {                                                                                                                               
                       "Node Type": "Seq Scan",                                                                                                      
                       "Parent Relationship": "Outer",                                                                                               
                       "Parallel Aware": false,                                                                                                      
                       "Relation Name": "movie_keyword",                                                                                             
                       "Alias": "mk",                                                                                                                
                       "Startup Cost": 0.00,                                                                                                         
                       "Total Cost": 1079.84,                                                                                                        
                       "Plan Rows": 4523930,                                                                                                         
                       "Plan Width": 8,                                                                                                              
                       "Actual Startup Time": 21.114,                                                                                                
                       "Actual Total Time": 844.284,                                                                                                 
                       "Actual Rows": 4523930,                                                                                                       
                       "Actual Loops": 1,                                                                                                            
                       "Shared Hit Blocks": 0,                                                                                                       
                       "Shared Read Blocks": 24454,                                                                                                  
                       "Shared Dirtied Blocks": 0,                                                                                                   
                       "Shared Written Blocks": 0,                                                                                                   
                       "Local Hit Blocks": 0,                                                                                                        
                       "Local Read Blocks": 0,                                                                                                       
                       "Local Dirtied Blocks": 0,                                                                                                    
                       "Local Written Blocks": 0,                                                                                                    
                       "Temp Read Blocks": 0,                                                                                                        
                       "Temp Written Blocks": 0                                                                                                      
                     }                                                                                                                               
                   ]                                                                                                                                 
                 }                                                                                                                                   
               ]                                                                                                                                     
             },                                                                                                                                      
             {                                                                                                                                       
               "Node Type": "Hash",                                                                                                                  
               "Parent Relationship": "Inner",                                                                                                       
               "Parallel Aware": false,                                                                                                              
               "Startup Cost": 91.13,                                                                                                                
               "Total Cost": 91.13,                                                                                                                  
               "Plan Rows": 10,                                                                                                                      
               "Plan Width": 4,                                                                                                                      
               "Actual Startup Time": 81.949,                                                                                                        
               "Actual Total Time": 81.949,                                                                                                          
               "Actual Rows": 10,                                                                                                                    
               "Actual Loops": 1,                                                                                                                    
               "Hash Buckets": 1024,                                                                                                                 
               "Original Hash Buckets": 1024,                                                                                                        
               "Hash Batches": 1,                                                                                                                    
               "Original Hash Batches": 1,                                                                                                           
               "Peak Memory Usage": 9,                                                                                                               
               "Shared Hit Blocks": 0,                                                                                                               
               "Shared Read Blocks": 949,                                                                                                            
               "Shared Dirtied Blocks": 0,                                                                                                           
               "Shared Written Blocks": 0,                                                                                                           
               "Local Hit Blocks": 0,                                                                                                                
               "Local Read Blocks": 0,                                                                                                               
               "Local Dirtied Blocks": 0,                                                                                                            
               "Local Written Blocks": 0,                                                                                                            
               "Temp Read Blocks": 0,                                                                                                                
               "Temp Written Blocks": 0,                                                                                                             
               "Plans": [                                                                                                                            
                 {                                                                                                                                   
                   "Node Type": "Seq Scan",                                                                                                          
                   "Parent Relationship": "Outer",                                                                                                   
                   "Parallel Aware": false,                                                                                                          
                   "Relation Name": "keyword",                                                                                                       
                   "Alias": "k",                                                                                                                     
                   "Startup Cost": 0.00,                                                                                                             
                   "Total Cost": 91.13,                                                                                                              
                   "Plan Rows": 10,                                                                                                                  
                   "Plan Width": 4,                                                                                                                  
                   "Actual Startup Time": 16.823,                                                                                                    
                   "Actual Total Time": 81.921,                                                                                                      
                   "Actual Rows": 10,                                                                                                                
                   "Actual Loops": 1,                                                                                                                
                   "Filter": "(keyword = ANY ('{superhero,marvel-comics,based-on-comic,tv-special,fight,violence,magnet,web,claw,laser}'::text[]))", 
                   "Rows Removed by Filter": 134160,                                                                                                 
                   "Shared Hit Blocks": 0,                                                                                                           
                   "Shared Read Blocks": 949,                                                                                                        
                   "Shared Dirtied Blocks": 0,                                                                                                       
                   "Shared Written Blocks": 0,                                                                                                       
                   "Local Hit Blocks": 0,                                                                                                            
                   "Local Read Blocks": 0,                                                                                                           
                   "Local Dirtied Blocks": 0,                                                                                                        
                   "Local Written Blocks": 0,                                                                                                        
                   "Temp Read Blocks": 0,                                                                                                            
                   "Temp Written Blocks": 0                                                                                                          
                 }                                                                                                                                   
               ]                                                                                                                                     
             }                                                                                                                                       
           ]                                                                                                                                         
         }                                                                                                                                           
       ]                                                                                                                                             
     },                                                                                                                                              
     "Planning Time": 9622.572,                                                                                                                      
     "Triggers": [                                                                                                                                   
     ],                                                                                                                                              
     "Execution Time": 21490.224                                                                                                                     
   }                                                                                                                                                 
 ]
