 [                                                                                                                                                               
   {                                                                                                                                                             
     "Plan": {                                                                                                                                                   
       "Node Type": "Aggregate",                                                                                                                                 
       "Strategy": "Plain",                                                                                                                                      
       "Partial Mode": "Simple",                                                                                                                                 
       "Parallel Aware": false,                                                                                                                                  
       "Startup Cost": 12877.72,                                                                                                                                 
       "Total Cost": 12877.72,                                                                                                                                   
       "Plan Rows": 1,                                                                                                                                           
       "Plan Width": 96,                                                                                                                                         
       "Actual Startup Time": 12768.492,                                                                                                                         
       "Actual Total Time": 12768.492,                                                                                                                           
       "Actual Rows": 1,                                                                                                                                         
       "Actual Loops": 1,                                                                                                                                        
       "Shared Hit Blocks": 4,                                                                                                                                   
       "Shared Read Blocks": 245973,                                                                                                                             
       "Shared Dirtied Blocks": 0,                                                                                                                               
       "Shared Written Blocks": 0,                                                                                                                               
       "Local Hit Blocks": 0,                                                                                                                                    
       "Local Read Blocks": 0,                                                                                                                                   
       "Local Dirtied Blocks": 0,                                                                                                                                
       "Local Written Blocks": 0,                                                                                                                                
       "Temp Read Blocks": 0,                                                                                                                                    
       "Temp Written Blocks": 0,                                                                                                                                 
       "Plans": [                                                                                                                                                
         {                                                                                                                                                       
           "Node Type": "Hash Join",                                                                                                                             
           "Parent Relationship": "Outer",                                                                                                                       
           "Parallel Aware": false,                                                                                                                              
           "Join Type": "Inner",                                                                                                                                 
           "Startup Cost": 4454.54,                                                                                                                              
           "Total Cost": 12877.72,                                                                                                                               
           "Plan Rows": 1,                                                                                                                                       
           "Plan Width": 48,                                                                                                                                     
           "Actual Startup Time": 11397.549,                                                                                                                     
           "Actual Total Time": 12740.219,                                                                                                                       
           "Actual Rows": 477,                                                                                                                                   
           "Actual Loops": 1,                                                                                                                                    
           "Inner Unique": true,                                                                                                                                 
           "Hash Cond": "(ml.link_type_id = lt.id)",                                                                                                             
           "Shared Hit Blocks": 4,                                                                                                                               
           "Shared Read Blocks": 245973,                                                                                                                         
           "Shared Dirtied Blocks": 0,                                                                                                                           
           "Shared Written Blocks": 0,                                                                                                                           
           "Local Hit Blocks": 0,                                                                                                                                
           "Local Read Blocks": 0,                                                                                                                               
           "Local Dirtied Blocks": 0,                                                                                                                            
           "Local Written Blocks": 0,                                                                                                                            
           "Temp Read Blocks": 0,                                                                                                                                
           "Temp Written Blocks": 0,                                                                                                                             
           "Plans": [                                                                                                                                            
             {                                                                                                                                                   
               "Node Type": "Hash Join",                                                                                                                         
               "Parent Relationship": "Outer",                                                                                                                   
               "Parallel Aware": false,                                                                                                                          
               "Join Type": "Inner",                                                                                                                             
               "Startup Cost": 4454.50,                                                                                                                          
               "Total Cost": 12877.68,                                                                                                                           
               "Plan Rows": 1,                                                                                                                                   
               "Plan Width": 40,                                                                                                                                 
               "Actual Startup Time": 11375.605,                                                                                                                 
               "Actual Total Time": 12717.985,                                                                                                                   
               "Actual Rows": 477,                                                                                                                               
               "Actual Loops": 1,                                                                                                                                
               "Inner Unique": false,                                                                                                                            
               "Hash Cond": "(t.id = ml.movie_id)",                                                                                                              
               "Shared Hit Blocks": 1,                                                                                                                           
               "Shared Read Blocks": 245972,                                                                                                                     
               "Shared Dirtied Blocks": 0,                                                                                                                       
               "Shared Written Blocks": 0,                                                                                                                       
               "Local Hit Blocks": 0,                                                                                                                            
               "Local Read Blocks": 0,                                                                                                                           
               "Local Dirtied Blocks": 0,                                                                                                                        
               "Local Written Blocks": 0,                                                                                                                        
               "Temp Read Blocks": 0,                                                                                                                            
               "Temp Written Blocks": 0,                                                                                                                         
               "Plans": [                                                                                                                                        
                 {                                                                                                                                               
                   "Node Type": "Hash Join",                                                                                                                     
                   "Parent Relationship": "Outer",                                                                                                               
                   "Parallel Aware": false,                                                                                                                      
                   "Join Type": "Inner",                                                                                                                         
                   "Startup Cost": 4442.91,                                                                                                                      
                   "Total Cost": 12866.07,                                                                                                                       
                   "Plan Rows": 1,                                                                                                                               
                   "Plan Width": 56,                                                                                                                             
                   "Actual Startup Time": 4389.980,                                                                                                              
                   "Actual Total Time": 12688.240,                                                                                                               
                   "Actual Rows": 415,                                                                                                                           
                   "Actual Loops": 1,                                                                                                                            
                   "Inner Unique": false,                                                                                                                        
                   "Hash Cond": "(mi.movie_id = t.id)",                                                                                                          
                   "Shared Hit Blocks": 1,                                                                                                                       
                   "Shared Read Blocks": 245809,                                                                                                                 
                   "Shared Dirtied Blocks": 0,                                                                                                                   
                   "Shared Written Blocks": 0,                                                                                                                   
                   "Local Hit Blocks": 0,                                                                                                                        
                   "Local Read Blocks": 0,                                                                                                                       
                   "Local Dirtied Blocks": 0,                                                                                                                    
                   "Local Written Blocks": 0,                                                                                                                    
                   "Temp Read Blocks": 0,                                                                                                                        
                   "Temp Written Blocks": 0,                                                                                                                     
                   "Plans": [                                                                                                                                    
                     {                                                                                                                                           
                       "Node Type": "Seq Scan",                                                                                                                  
                       "Parent Relationship": "Outer",                                                                                                           
                       "Parallel Aware": false,                                                                                                                  
                       "Relation Name": "movie_info",                                                                                                            
                       "Alias": "mi",                                                                                                                            
                       "Startup Cost": 0.00,                                                                                                                     
                       "Total Cost": 8407.52,                                                                                                                    
                       "Plan Rows": 134293,                                                                                                                      
                       "Plan Width": 4,                                                                                                                          
                       "Actual Startup Time": 24.668,                                                                                                            
                       "Actual Total Time": 8388.086,                                                                                                            
                       "Actual Rows": 134239,                                                                                                                    
                       "Actual Loops": 1,                                                                                                                        
                       "Filter": "(info = ANY ('{Sweden,Germany,Swedish,German}'::text[]))",                                                                     
                       "Rows Removed by Filter": 14701481,                                                                                                       
                       "Shared Hit Blocks": 0,                                                                                                                   
                       "Shared Read Blocks": 161892,                                                                                                             
                       "Shared Dirtied Blocks": 0,                                                                                                               
                       "Shared Written Blocks": 0,                                                                                                               
                       "Local Hit Blocks": 0,                                                                                                                    
                       "Local Read Blocks": 0,                                                                                                                   
                       "Local Dirtied Blocks": 0,                                                                                                                
                       "Local Written Blocks": 0,                                                                                                                
                       "Temp Read Blocks": 0,                                                                                                                    
                       "Temp Written Blocks": 0                                                                                                                  
                     },                                                                                                                                          
                     {                                                                                                                                           
                       "Node Type": "Hash",                                                                                                                      
                       "Parent Relationship": "Inner",                                                                                                           
                       "Parallel Aware": false,                                                                                                                  
                       "Startup Cost": 4442.91,                                                                                                                  
                       "Total Cost": 4442.91,                                                                                                                    
                       "Plan Rows": 1,                                                                                                                           
                       "Plan Width": 52,                                                                                                                         
                       "Actual Startup Time": 4274.927,                                                                                                          
                       "Actual Total Time": 4274.927,                                                                                                            
                       "Actual Rows": 570,                                                                                                                       
                       "Actual Loops": 1,                                                                                                                        
                       "Hash Buckets": 1024,                                                                                                                     
                       "Original Hash Buckets": 1024,                                                                                                            
                       "Hash Batches": 1,                                                                                                                        
                       "Original Hash Batches": 1,                                                                                                               
                       "Peak Memory Usage": 61,                                                                                                                  
                       "Shared Hit Blocks": 1,                                                                                                                   
                       "Shared Read Blocks": 83917,                                                                                                              
                       "Shared Dirtied Blocks": 0,                                                                                                               
                       "Shared Written Blocks": 0,                                                                                                               
                       "Local Hit Blocks": 0,                                                                                                                    
                       "Local Read Blocks": 0,                                                                                                                   
                       "Local Dirtied Blocks": 0,                                                                                                                
                       "Local Written Blocks": 0,                                                                                                                
                       "Temp Read Blocks": 0,                                                                                                                    
                       "Temp Written Blocks": 0,                                                                                                                 
                       "Plans": [                                                                                                                                
                         {                                                                                                                                       
                           "Node Type": "Hash Join",                                                                                                             
                           "Parent Relationship": "Outer",                                                                                                       
                           "Parallel Aware": false,                                                                                                              
                           "Join Type": "Inner",                                                                                                                 
                           "Startup Cost": 2640.31,                                                                                                              
                           "Total Cost": 4442.91,                                                                                                                
                           "Plan Rows": 1,                                                                                                                       
                           "Plan Width": 52,                                                                                                                     
                           "Actual Startup Time": 2499.019,                                                                                                      
                           "Actual Total Time": 4274.278,                                                                                                        
                           "Actual Rows": 570,                                                                                                                   
                           "Actual Loops": 1,                                                                                                                    
                           "Inner Unique": false,                                                                                                                
                           "Hash Cond": "(t.id = mk.movie_id)",                                                                                                  
                           "Shared Hit Blocks": 1,                                                                                                               
                           "Shared Read Blocks": 83917,                                                                                                          
                           "Shared Dirtied Blocks": 0,                                                                                                           
                           "Shared Written Blocks": 0,                                                                                                           
                           "Local Hit Blocks": 0,                                                                                                                
                           "Local Read Blocks": 0,                                                                                                               
                           "Local Dirtied Blocks": 0,                                                                                                            
                           "Local Written Blocks": 0,                                                                                                            
                           "Temp Read Blocks": 0,                                                                                                                
                           "Temp Written Blocks": 0,                                                                                                             
                           "Plans": [                                                                                                                            
                             {                                                                                                                                   
                               "Node Type": "Seq Scan",                                                                                                          
                               "Parent Relationship": "Outer",                                                                                                   
                               "Parallel Aware": false,                                                                                                          
                               "Relation Name": "title",                                                                                                         
                               "Alias": "t",                                                                                                                     
                               "Startup Cost": 0.00,                                                                                                             
                               "Total Cost": 1696.56,                                                                                                            
                               "Plan Rows": 910581,                                                                                                              
                               "Plan Width": 21,                                                                                                                 
                               "Actual Startup Time": 8.749,                                                                                                     
                               "Actual Total Time": 1593.341,                                                                                                    
                               "Actual Rows": 910581,                                                                                                            
                               "Actual Loops": 1,                                                                                                                
                               "Filter": "((production_year >= 1950) AND (production_year <= 2000))",                                                            
                               "Rows Removed by Filter": 1617731,                                                                                                
                               "Shared Hit Blocks": 0,                                                                                                           
                               "Shared Read Blocks": 35998,                                                                                                      
                               "Shared Dirtied Blocks": 0,                                                                                                       
                               "Shared Written Blocks": 0,                                                                                                       
                               "Local Hit Blocks": 0,                                                                                                            
                               "Local Read Blocks": 0,                                                                                                           
                               "Local Dirtied Blocks": 0,                                                                                                        
                               "Local Written Blocks": 0,                                                                                                        
                               "Temp Read Blocks": 0,                                                                                                            
                               "Temp Written Blocks": 0                                                                                                          
                             },                                                                                                                                  
                             {                                                                                                                                   
                               "Node Type": "Hash",                                                                                                              
                               "Parent Relationship": "Inner",                                                                                                   
                               "Parallel Aware": false,                                                                                                          
                               "Startup Cost": 2640.31,                                                                                                          
                               "Total Cost": 2640.31,                                                                                                            
                               "Plan Rows": 1,                                                                                                                   
                               "Plan Width": 31,                                                                                                                 
                               "Actual Startup Time": 2462.711,                                                                                                  
                               "Actual Total Time": 2462.711,                                                                                                    
                               "Actual Rows": 722,                                                                                                               
                               "Actual Loops": 1,                                                                                                                
                               "Hash Buckets": 1024,                                                                                                             
                               "Original Hash Buckets": 1024,                                                                                                    
                               "Hash Batches": 1,                                                                                                                
                               "Original Hash Batches": 1,                                                                                                       
                               "Peak Memory Usage": 55,                                                                                                          
                               "Shared Hit Blocks": 1,                                                                                                           
                               "Shared Read Blocks": 47919,                                                                                                      
                               "Shared Dirtied Blocks": 0,                                                                                                       
                               "Shared Written Blocks": 0,                                                                                                       
                               "Local Hit Blocks": 0,                                                                                                            
                               "Local Read Blocks": 0,                                                                                                           
                               "Local Dirtied Blocks": 0,                                                                                                        
                               "Local Written Blocks": 0,                                                                                                        
                               "Temp Read Blocks": 0,                                                                                                            
                               "Temp Written Blocks": 0,                                                                                                         
                               "Plans": [                                                                                                                        
                                 {                                                                                                                               
                                   "Node Type": "Hash Join",                                                                                                     
                                   "Parent Relationship": "Outer",                                                                                               
                                   "Parallel Aware": false,                                                                                                      
                                   "Join Type": "Inner",                                                                                                         
                                   "Startup Cost": 1722.42,                                                                                                      
                                   "Total Cost": 2640.31,                                                                                                        
                                   "Plan Rows": 1,                                                                                                               
                                   "Plan Width": 31,                                                                                                             
                                   "Actual Startup Time": 2114.033,                                                                                              
                                   "Actual Total Time": 2462.424,                                                                                                
                                   "Actual Rows": 722,                                                                                                           
                                   "Actual Loops": 1,                                                                                                            
                                   "Inner Unique": true,                                                                                                         
                                   "Hash Cond": "(mc.company_type_id = ct.id)",                                                                                  
                                   "Shared Hit Blocks": 1,                                                                                                       
                                   "Shared Read Blocks": 47919,                                                                                                  
                                   "Shared Dirtied Blocks": 0,                                                                                                   
                                   "Shared Written Blocks": 0,                                                                                                   
                                   "Local Hit Blocks": 0,                                                                                                        
                                   "Local Read Blocks": 0,                                                                                                       
                                   "Local Dirtied Blocks": 0,                                                                                                    
                                   "Local Written Blocks": 0,                                                                                                    
                                   "Temp Read Blocks": 0,                                                                                                        
                                   "Temp Written Blocks": 0,                                                                                                     
                                   "Plans": [                                                                                                                    
                                     {                                                                                                                           
                                       "Node Type": "Hash Join",                                                                                                 
                                       "Parent Relationship": "Outer",                                                                                           
                                       "Parallel Aware": false,                                                                                                  
                                       "Join Type": "Inner",                                                                                                     
                                       "Startup Cost": 1722.39,                                                                                                  
                                       "Total Cost": 2640.28,                                                                                                    
                                       "Plan Rows": 1,                                                                                                           
                                       "Plan Width": 35,                                                                                                         
                                       "Actual Startup Time": 1568.206,                                                                                          
                                       "Actual Total Time": 2442.100,                                                                                            
                                       "Actual Rows": 831,                                                                                                       
                                       "Actual Loops": 1,                                                                                                        
                                       "Inner Unique": true,                                                                                                     
                                       "Hash Cond": "(mc.company_id = cn.id)",                                                                                   
                                       "Shared Hit Blocks": 1,                                                                                                   
                                       "Shared Read Blocks": 47918,                                                                                              
                                       "Shared Dirtied Blocks": 0,                                                                                               
                                       "Shared Written Blocks": 0,                                                                                               
                                       "Local Hit Blocks": 0,                                                                                                    
                                       "Local Read Blocks": 0,                                                                                                   
                                       "Local Dirtied Blocks": 0,                                                                                                
                                       "Local Written Blocks": 0,                                                                                                
                                       "Temp Read Blocks": 0,                                                                                                    
                                       "Temp Written Blocks": 0,                                                                                                 
                                       "Plans": [                                                                                                                
                                         {                                                                                                                       
                                           "Node Type": "Hash Join",                                                                                             
                                           "Parent Relationship": "Outer",                                                                                       
                                           "Parallel Aware": false,                                                                                              
                                           "Join Type": "Inner",                                                                                                 
                                           "Startup Cost": 1550.27,                                                                                              
                                           "Total Cost": 2468.16,                                                                                                
                                           "Plan Rows": 3,                                                                                                       
                                           "Plan Width": 20,                                                                                                     
                                           "Actual Startup Time": 1402.554,                                                                                      
                                           "Actual Total Time": 2282.955,                                                                                        
                                           "Actual Rows": 3472,                                                                                                  
                                           "Actual Loops": 1,                                                                                                    
                                           "Inner Unique": false,                                                                                                
                                           "Hash Cond": "(mc.movie_id = mk.movie_id)",                                                                           
                                           "Shared Hit Blocks": 1,                                                                                               
                                           "Shared Read Blocks": 44924,                                                                                          
                                           "Shared Dirtied Blocks": 0,                                                                                           
                                           "Shared Written Blocks": 0,                                                                                           
                                           "Local Hit Blocks": 0,                                                                                                
                                           "Local Read Blocks": 0,                                                                                               
                                           "Local Dirtied Blocks": 0,                                                                                            
                                           "Local Written Blocks": 0,                                                                                            
                                           "Temp Read Blocks": 0,                                                                                                
                                           "Temp Written Blocks": 0,                                                                                             
                                           "Plans": [                                                                                                            
                                             {                                                                                                                   
                                               "Node Type": "Seq Scan",                                                                                          
                                               "Parent Relationship": "Outer",                                                                                   
                                               "Parallel Aware": false,                                                                                          
                                               "Relation Name": "movie_companies",                                                                               
                                               "Alias": "mc",                                                                                                    
                                               "Startup Cost": 0.00,                                                                                             
                                               "Total Cost": 769.75,                                                                                             
                                               "Plan Rows": 1271989,                                                                                             
                                               "Plan Width": 12,                                                                                                 
                                               "Actual Startup Time": 1.851,                                                                                     
                                               "Actual Total Time": 736.961,                                                                                     
                                               "Actual Rows": 1271989,                                                                                           
                                               "Actual Loops": 1,                                                                                                
                                               "Filter": "(note IS NULL)",                                                                                       
                                               "Rows Removed by Filter": 1337140,                                                                                
                                               "Shared Hit Blocks": 0,                                                                                           
                                               "Shared Read Blocks": 18789,                                                                                      
                                               "Shared Dirtied Blocks": 0,                                                                                       
                                               "Shared Written Blocks": 0,                                                                                       
                                               "Local Hit Blocks": 0,                                                                                            
                                               "Local Read Blocks": 0,                                                                                           
                                               "Local Dirtied Blocks": 0,                                                                                        
                                               "Local Written Blocks": 0,                                                                                        
                                               "Temp Read Blocks": 0,                                                                                            
                                               "Temp Written Blocks": 0                                                                                          
                                             },                                                                                                                  
                                             {                                                                                                                   
                                               "Node Type": "Hash",                                                                                              
                                               "Parent Relationship": "Inner",                                                                                   
                                               "Parallel Aware": false,                                                                                          
                                               "Startup Cost": 1550.27,                                                                                          
                                               "Total Cost": 1550.27,                                                                                            
                                               "Plan Rows": 1,                                                                                                   
                                               "Plan Width": 8,                                                                                                  
                                               "Actual Startup Time": 1383.281,                                                                                  
                                               "Actual Total Time": 1383.281,                                                                                    
                                               "Actual Rows": 1948,                                                                                              
                                               "Actual Loops": 1,                                                                                                
                                               "Hash Buckets": 2048,                                                                                             
                                               "Original Hash Buckets": 1024,                                                                                    
                                               "Hash Batches": 1,                                                                                                
                                               "Original Hash Batches": 1,                                                                                       
                                               "Peak Memory Usage": 93,                                                                                          
                                               "Shared Hit Blocks": 1,                                                                                           
                                               "Shared Read Blocks": 26135,                                                                                      
                                               "Shared Dirtied Blocks": 0,                                                                                       
                                               "Shared Written Blocks": 0,                                                                                       
                                               "Local Hit Blocks": 0,                                                                                            
                                               "Local Read Blocks": 0,                                                                                           
                                               "Local Dirtied Blocks": 0,                                                                                        
                                               "Local Written Blocks": 0,                                                                                        
                                               "Temp Read Blocks": 0,                                                                                            
                                               "Temp Written Blocks": 0,                                                                                         
                                               "Plans": [                                                                                                        
                                                 {                                                                                                               
                                                   "Node Type": "Hash Join",                                                                                     
                                                   "Parent Relationship": "Outer",                                                                               
                                                   "Parallel Aware": false,                                                                                      
                                                   "Join Type": "Inner",                                                                                         
                                                   "Startup Cost": 101.62,                                                                                       
                                                   "Total Cost": 1550.27,                                                                                        
                                                   "Plan Rows": 1,                                                                                               
                                                   "Plan Width": 8,                                                                                              
                                                   "Actual Startup Time": 225.919,                                                                               
                                                   "Actual Total Time": 1382.529,                                                                                
                                                   "Actual Rows": 1948,                                                                                          
                                                   "Actual Loops": 1,                                                                                            
                                                   "Inner Unique": true,                                                                                         
                                                   "Hash Cond": "(cc.status_id = cct.id)",                                                                      
                                                   "Shared Hit Blocks": 1,                                                                                       
                                                   "Shared Read Blocks": 26135,                                                                                  
                                                   "Shared Dirtied Blocks": 0,                                                                                   
                                                   "Shared Written Blocks": 0,                                                                                   
                                                   "Local Hit Blocks": 0,                                                                                        
                                                   "Local Read Blocks": 0,                                                                                       
                                                   "Local Dirtied Blocks": 0,                                                                                    
                                                   "Local Written Blocks": 0,                                                                                    
                                                   "Temp Read Blocks": 0,                                                                                        
                                                   "Temp Written Blocks": 0,                                                                                     
                                                   "Plans": [                                                                                                    
                                                     {                                                                                                           
                                                       "Node Type": "Hash Join",                                                                                 
                                                       "Parent Relationship": "Outer",                                                                           
                                                       "Parallel Aware": false,                                                                                  
                                                       "Join Type": "Inner",                                                                                     
                                                       "Startup Cost": 101.59,                                                                                   
                                                       "Total Cost": 1550.24,                                                                                    
                                                       "Plan Rows": 5,                                                                                           
                                                       "Plan Width": 12,                                                                                         
                                                       "Actual Startup Time": 200.498,                                                                           
                                                       "Actual Total Time": 1356.227,                                                                            
                                                       "Actual Rows": 3266,                                                                                      
                                                       "Actual Loops": 1,                                                                                        
                                                       "Inner Unique": true,                                                                                     
                                                       "Hash Cond": "(cc.subject_id = cct.id)",                                                                 
                                                       "Shared Hit Blocks": 1,                                                                                   
                                                       "Shared Read Blocks": 26134,                                                                              
                                                       "Shared Dirtied Blocks": 0,                                                                               
                                                       "Shared Written Blocks": 0,                                                                               
                                                       "Local Hit Blocks": 0,                                                                                    
                                                       "Local Read Blocks": 0,                                                                                   
                                                       "Local Dirtied Blocks": 0,                                                                                
                                                       "Local Written Blocks": 0,                                                                                
                                                       "Temp Read Blocks": 0,                                                                                    
                                                       "Temp Written Blocks": 0,                                                                                 
                                                       "Plans": [                                                                                                
                                                         {                                                                                                       
                                                           "Node Type": "Hash Join",                                                                             
                                                           "Parent Relationship": "Outer",                                                                       
                                                           "Parallel Aware": false,                                                                              
                                                           "Join Type": "Inner",                                                                                 
                                                           "Startup Cost": 101.56,                                                                               
                                                           "Total Cost": 1550.21,                                                                                
                                                           "Plan Rows": 10,                                                                                      
                                                           "Plan Width": 16,                                                                                     
                                                           "Actual Startup Time": 200.439,                                                                       
                                                           "Actual Total Time": 1355.146,                                                                        
                                                           "Actual Rows": 3266,                                                                                  
                                                           "Actual Loops": 1,                                                                                    
                                                           "Inner Unique": false,                                                                                
                                                           "Hash Cond": "(mk.movie_id = cc.movie_id)",                                                           
                                                           "Shared Hit Blocks": 0,                                                                               
                                                           "Shared Read Blocks": 26134,                                                                          
                                                           "Shared Dirtied Blocks": 0,                                                                           
                                                           "Shared Written Blocks": 0,                                                                           
                                                           "Local Hit Blocks": 0,                                                                                
                                                           "Local Read Blocks": 0,                                                                               
                                                           "Local Dirtied Blocks": 0,                                                                            
                                                           "Local Written Blocks": 0,                                                                            
                                                           "Temp Read Blocks": 0,                                                                                
                                                           "Temp Written Blocks": 0,                                                                             
                                                           "Plans": [                                                                                            
                                                             {                                                                                                   
                                                               "Node Type": "Hash Join",                                                                         
                                                               "Parent Relationship": "Outer",                                                                   
                                                               "Parallel Aware": false,                                                                          
                                                               "Join Type": "Inner",                                                                             
                                                               "Startup Cost": 49.46,                                                                            
                                                               "Total Cost": 1498.10,                                                                            
                                                               "Plan Rows": 34,                                                                                  
                                                               "Plan Width": 4,                                                                                  
                                                               "Actual Startup Time": 109.176,                                                                   
                                                               "Actual Total Time": 1260.971,                                                                    
                                                               "Actual Rows": 10544,                                                                             
                                                               "Actual Loops": 1,                                                                                
                                                               "Inner Unique": true,                                                                             
                                                               "Hash Cond": "(mk.keyword_id = k.id)",                                                            
                                                               "Shared Hit Blocks": 0,                                                                           
                                                               "Shared Read Blocks": 25403,                                                                      
                                                               "Shared Dirtied Blocks": 0,                                                                       
                                                               "Shared Written Blocks": 0,                                                                       
                                                               "Local Hit Blocks": 0,                                                                            
                                                               "Local Read Blocks": 0,                                                                           
                                                               "Local Dirtied Blocks": 0,                                                                        
                                                               "Local Written Blocks": 0,                                                                        
                                                               "Temp Read Blocks": 0,                                                                            
                                                               "Temp Written Blocks": 0,                                                                         
                                                               "Plans": [                                                                                        
                                                                 {                                                                                               
                                                                   "Node Type": "Seq Scan",                                                                      
                                                                   "Parent Relationship": "Outer",                                                               
                                                                   "Parallel Aware": false,                                                                      
                                                                   "Relation Name": "movie_keyword",                                                             
                                                                   "Alias": "mk",                                                                                
                                                                   "Startup Cost": 0.00,                                                                         
                                                                   "Total Cost": 1079.84,                                                                        
                                                                   "Plan Rows": 4523930,                                                                         
                                                                   "Plan Width": 8,                                                                              
                                                                   "Actual Startup Time": 25.921,                                                                
                                                                   "Actual Total Time": 566.811,                                                                 
                                                                   "Actual Rows": 4523930,                                                                       
                                                                   "Actual Loops": 1,                                                                            
                                                                   "Shared Hit Blocks": 0,                                                                       
                                                                   "Shared Read Blocks": 24454,                                                                  
                                                                   "Shared Dirtied Blocks": 0,                                                                   
                                                                   "Shared Written Blocks": 0,                                                                   
                                                                   "Local Hit Blocks": 0,                                                                        
                                                                   "Local Read Blocks": 0,                                                                       
                                                                   "Local Dirtied Blocks": 0,                                                                    
                                                                   "Local Written Blocks": 0,                                                                    
                                                                   "Temp Read Blocks": 0,                                                                        
                                                                   "Temp Written Blocks": 0                                                                      
                                                                 },                                                                                              
                                                                 {                                                                                               
                                                                   "Node Type": "Hash",                                                                          
                                                                   "Parent Relationship": "Inner",                                                               
                                                                   "Parallel Aware": false,                                                                      
                                                                   "Startup Cost": 49.46,                                                                        
                                                                   "Total Cost": 49.46,                                                                          
                                                                   "Plan Rows": 1,                                                                               
                                                                   "Plan Width": 4,                                                                              
                                                                   "Actual Startup Time": 82.981,                                                                
                                                                   "Actual Total Time": 82.981,                                                                  
                                                                   "Actual Rows": 1,                                                                             
                                                                   "Actual Loops": 1,                                                                            
                                                                   "Hash Buckets": 1024,                                                                         
                                                                   "Original Hash Buckets": 1024,                                                                
                                                                   "Hash Batches": 1,                                                                            
                                                                   "Original Hash Batches": 1,                                                                   
                                                                   "Peak Memory Usage": 9,                                                                       
                                                                   "Shared Hit Blocks": 0,                                                                       
                                                                   "Shared Read Blocks": 949,                                                                    
                                                                   "Shared Dirtied Blocks": 0,                                                                   
                                                                   "Shared Written Blocks": 0,                                                                   
                                                                   "Local Hit Blocks": 0,                                                                        
                                                                   "Local Read Blocks": 0,                                                                       
                                                                   "Local Dirtied Blocks": 0,                                                                    
                                                                   "Local Written Blocks": 0,                                                                    
                                                                   "Temp Read Blocks": 0,                                                                        
                                                                   "Temp Written Blocks": 0,                                                                     
                                                                   "Plans": [                                                                                    
                                                                     {                                                                                           
                                                                       "Node Type": "Seq Scan",                                                                  
                                                                       "Parent Relationship": "Outer",                                                           
                                                                       "Parallel Aware": false,                                                                  
                                                                       "Relation Name": "keyword",                                                               
                                                                       "Alias": "k",                                                                             
                                                                       "Startup Cost": 0.00,                                                                     
                                                                       "Total Cost": 49.46,                                                                      
                                                                       "Plan Rows": 1,                                                                           
                                                                       "Plan Width": 4,                                                                          
                                                                       "Actual Startup Time": 3.697,                                                             
                                                                       "Actual Total Time": 82.962,                                                              
                                                                       "Actual Rows": 1,                                                                         
                                                                       "Actual Loops": 1,                                                                        
                                                                       "Filter": "(keyword = 'sequel'::text)",                                                   
                                                                       "Rows Removed by Filter": 134169,                                                         
                                                                       "Shared Hit Blocks": 0,                                                                   
                                                                       "Shared Read Blocks": 949,                                                                
                                                                       "Shared Dirtied Blocks": 0,                                                               
                                                                       "Shared Written Blocks": 0,                                                               
                                                                       "Local Hit Blocks": 0,                                                                    
                                                                       "Local Read Blocks": 0,                                                                   
                                                                       "Local Dirtied Blocks": 0,                                                                
                                                                       "Local Written Blocks": 0,                                                                
                                                                       "Temp Read Blocks": 0,                                                                    
                                                                       "Temp Written Blocks": 0                                                                  
                                                                     }                                                                                           
                                                                   ]                                                                                             
                                                                 }                                                                                               
                                                               ]                                                                                                 
                                                             },                                                                                                  
                                                             {                                                                                                   
                                                               "Node Type": "Hash",                                                                              
                                                               "Parent Relationship": "Inner",                                                                   
                                                               "Parallel Aware": false,                                                                          
                                                               "Startup Cost": 32.27,                                                                            
                                                               "Total Cost": 32.27,                                                                              
                                                               "Plan Rows": 135086,                                                                              
                                                               "Plan Width": 12,                                                                                 
                                                               "Actual Startup Time": 87.754,                                                                    
                                                               "Actual Total Time": 87.754,                                                                      
                                                               "Actual Rows": 135086,                                                                            
                                                               "Actual Loops": 1,                                                                                
                                                               "Hash Buckets": 262144,                                                                           
                                                               "Original Hash Buckets": 262144,                                                                  
                                                               "Hash Batches": 1,                                                                                
                                                               "Original Hash Batches": 1,                                                                       
                                                               "Peak Memory Usage": 7853,                                                                        
                                                               "Shared Hit Blocks": 0,                                                                           
                                                               "Shared Read Blocks": 731,                                                                        
                                                               "Shared Dirtied Blocks": 0,                                                                       
                                                               "Shared Written Blocks": 0,                                                                       
                                                               "Local Hit Blocks": 0,                                                                            
                                                               "Local Read Blocks": 0,                                                                           
                                                               "Local Dirtied Blocks": 0,                                                                        
                                                               "Local Written Blocks": 0,                                                                        
                                                               "Temp Read Blocks": 0,                                                                            
                                                               "Temp Written Blocks": 0,                                                                         
                                                               "Plans": [                                                                                        
                                                                 {                                                                                               
                                                                   "Node Type": "Seq Scan",                                                                      
                                                                   "Parent Relationship": "Outer",                                                               
                                                                   "Parallel Aware": false,                                                                      
                                                                   "Relation Name": "complete_cast",                                                             
                                                                   "Alias": "cc",                                                                                
                                                                   "Startup Cost": 0.00,                                                                         
                                                                   "Total Cost": 32.27,                                                                          
                                                                   "Plan Rows": 135086,                                                                          
                                                                   "Plan Width": 12,                                                                             
                                                                   "Actual Startup Time": 7.298,                                                                 
                                                                   "Actual Total Time": 43.747,                                                                  
                                                                   "Actual Rows": 135086,                                                                        
                                                                   "Actual Loops": 1,                                                                            
                                                                   "Shared Hit Blocks": 0,                                                                       
                                                                   "Shared Read Blocks": 731,                                                                    
                                                                   "Shared Dirtied Blocks": 0,                                                                   
                                                                   "Shared Written Blocks": 0,                                                                   
                                                                   "Local Hit Blocks": 0,                                                                        
                                                                   "Local Read Blocks": 0,                                                                       
                                                                   "Local Dirtied Blocks": 0,                                                                    
                                                                   "Local Written Blocks": 0,                                                                    
                                                                   "Temp Read Blocks": 0,                                                                        
                                                                   "Temp Written Blocks": 0                                                                      
                                                                 }                                                                                               
                                                               ]                                                                                                 
                                                             }                                                                                                   
                                                           ]                                                                                                     
                                                         },                                                                                                      
                                                         {                                                                                                       
                                                           "Node Type": "Hash",                                                                                  
                                                           "Parent Relationship": "Inner",                                                                       
                                                           "Parallel Aware": false,                                                                              
                                                           "Startup Cost": 0.03,                                                                                 
                                                           "Total Cost": 0.03,                                                                                   
                                                           "Plan Rows": 2,                                                                                       
                                                           "Plan Width": 4,                                                                                      
                                                           "Actual Startup Time": 0.026,                                                                         
                                                           "Actual Total Time": 0.027,                                                                           
                                                           "Actual Rows": 2,                                                                                     
                                                           "Actual Loops": 1,                                                                                    
                                                           "Hash Buckets": 1024,                                                                                 
                                                           "Original Hash Buckets": 1024,                                                                        
                                                           "Hash Batches": 1,                                                                                    
                                                           "Original Hash Batches": 1,                                                                           
                                                           "Peak Memory Usage": 9,                                                                               
                                                           "Shared Hit Blocks": 1,                                                                               
                                                           "Shared Read Blocks": 0,                                                                              
                                                           "Shared Dirtied Blocks": 0,                                                                           
                                                           "Shared Written Blocks": 0,                                                                           
                                                           "Local Hit Blocks": 0,                                                                                
                                                           "Local Read Blocks": 0,                                                                               
                                                           "Local Dirtied Blocks": 0,                                                                            
                                                           "Local Written Blocks": 0,                                                                            
                                                           "Temp Read Blocks": 0,                                                                                
                                                           "Temp Written Blocks": 0,                                                                             
                                                           "Plans": [                                                                                            
                                                             {                                                                                                   
                                                               "Node Type": "Seq Scan",                                                                          
                                                               "Parent Relationship": "Outer",                                                                   
                                                               "Parallel Aware": false,                                                                          
                                                               "Relation Name": "comp_cast_type",                                                                
                                                               "Alias": "cct",                                                                                  
                                                               "Startup Cost": 0.00,                                                                             
                                                               "Total Cost": 0.03,                                                                               
                                                               "Plan Rows": 2,                                                                                   
                                                               "Plan Width": 4,                                                                                  
                                                               "Actual Startup Time": 0.015,                                                                     
                                                               "Actual Total Time": 0.019,                                                                       
                                                               "Actual Rows": 2,                                                                                 
                                                               "Actual Loops": 1,                                                                                
                                                               "Filter": "((kind)::text = ANY ('{cast,crew}'::text[]))",                                         
                                                               "Rows Removed by Filter": 2,                                                                      
                                                               "Shared Hit Blocks": 1,                                                                           
                                                               "Shared Read Blocks": 0,                                                                          
                                                               "Shared Dirtied Blocks": 0,                                                                       
                                                               "Shared Written Blocks": 0,                                                                       
                                                               "Local Hit Blocks": 0,                                                                            
                                                               "Local Read Blocks": 0,                                                                           
                                                               "Local Dirtied Blocks": 0,                                                                        
                                                               "Local Written Blocks": 0,                                                                        
                                                               "Temp Read Blocks": 0,                                                                            
                                                               "Temp Written Blocks": 0                                                                          
                                                             }                                                                                                   
                                                           ]                                                                                                     
                                                         }                                                                                                       
                                                       ]                                                                                                         
                                                     },                                                                                                          
                                                     {                                                                                                           
                                                       "Node Type": "Hash",                                                                                      
                                                       "Parent Relationship": "Inner",                                                                           
                                                       "Parallel Aware": false,                                                                                  
                                                       "Startup Cost": 0.03,                                                                                     
                                                       "Total Cost": 0.03,                                                                                       
                                                       "Plan Rows": 1,                                                                                           
                                                       "Plan Width": 4,                                                                                          
                                                       "Actual Startup Time": 25.389,                                                                            
                                                       "Actual Total Time": 25.389,                                                                              
                                                       "Actual Rows": 1,                                                                                         
                                                       "Actual Loops": 1,                                                                                        
                                                       "Hash Buckets": 1024,                                                                                     
                                                       "Original Hash Buckets": 1024,                                                                            
                                                       "Hash Batches": 1,                                                                                        
                                                       "Original Hash Batches": 1,                                                                               
                                                       "Peak Memory Usage": 9,                                                                                   
                                                       "Shared Hit Blocks": 0,                                                                                   
                                                       "Shared Read Blocks": 1,                                                                                  
                                                       "Shared Dirtied Blocks": 0,                                                                               
                                                       "Shared Written Blocks": 0,                                                                               
                                                       "Local Hit Blocks": 0,                                                                                    
                                                       "Local Read Blocks": 0,                                                                                   
                                                       "Local Dirtied Blocks": 0,                                                                                
                                                       "Local Written Blocks": 0,                                                                                
                                                       "Temp Read Blocks": 0,                                                                                    
                                                       "Temp Written Blocks": 0,                                                                                 
                                                       "Plans": [                                                                                                
                                                         {                                                                                                       
                                                           "Node Type": "Seq Scan",                                                                              
                                                           "Parent Relationship": "Outer",                                                                       
                                                           "Parallel Aware": false,                                                                              
                                                           "Relation Name": "comp_cast_type",                                                                    
                                                           "Alias": "cct",                                                                                      
                                                           "Startup Cost": 0.00,                                                                                 
                                                           "Total Cost": 0.03,                                                                                   
                                                           "Plan Rows": 1,                                                                                       
                                                           "Plan Width": 4,                                                                                      
                                                           "Actual Startup Time": 25.368,                                                                        
                                                           "Actual Total Time": 25.371,                                                                          
                                                           "Actual Rows": 1,                                                                                     
                                                           "Actual Loops": 1,                                                                                    
                                                           "Filter": "((kind)::text = 'complete'::text)",                                                        
                                                           "Rows Removed by Filter": 3,                                                                          
                                                           "Shared Hit Blocks": 0,                                                                               
                                                           "Shared Read Blocks": 1,                                                                              
                                                           "Shared Dirtied Blocks": 0,                                                                           
                                                           "Shared Written Blocks": 0,                                                                           
                                                           "Local Hit Blocks": 0,                                                                                
                                                           "Local Read Blocks": 0,                                                                               
                                                           "Local Dirtied Blocks": 0,                                                                            
                                                           "Local Written Blocks": 0,                                                                            
                                                           "Temp Read Blocks": 0,                                                                                
                                                           "Temp Written Blocks": 0                                                                              
                                                         }                                                                                                       
                                                       ]                                                                                                         
                                                     }                                                                                                           
                                                   ]                                                                                                             
                                                 }                                                                                                               
                                               ]                                                                                                                 
                                             }                                                                                                                   
                                           ]                                                                                                                     
                                         },                                                                                                                      
                                         {                                                                                                                       
                                           "Node Type": "Hash",                                                                                                  
                                           "Parent Relationship": "Inner",                                                                                       
                                           "Parallel Aware": false,                                                                                              
                                           "Startup Cost": 164.90,                                                                                               
                                           "Total Cost": 164.90,                                                                                                 
                                           "Plan Rows": 49161,                                                                                                   
                                           "Plan Width": 23,                                                                                                     
                                           "Actual Startup Time": 157.359,                                                                                       
                                           "Actual Total Time": 157.360,                                                                                         
                                           "Actual Rows": 48302,                                                                                                 
                                           "Actual Loops": 1,                                                                                                    
                                           "Hash Buckets": 65536,                                                                                                
                                           "Original Hash Buckets": 65536,                                                                                       
                                           "Hash Batches": 1,                                                                                                    
                                           "Original Hash Batches": 1,                                                                                           
                                           "Peak Memory Usage": 3137,                                                                                            
                                           "Shared Hit Blocks": 0,                                                                                               
                                           "Shared Read Blocks": 2994,                                                                                           
                                           "Shared Dirtied Blocks": 0,                                                                                           
                                           "Shared Written Blocks": 0,                                                                                           
                                           "Local Hit Blocks": 0,                                                                                                
                                           "Local Read Blocks": 0,                                                                                               
                                           "Local Dirtied Blocks": 0,                                                                                            
                                           "Local Written Blocks": 0,                                                                                            
                                           "Temp Read Blocks": 0,                                                                                                
                                           "Temp Written Blocks": 0,                                                                                             
                                           "Plans": [                                                                                                            
                                             {                                                                                                                   
                                               "Node Type": "Seq Scan",                                                                                          
                                               "Parent Relationship": "Outer",                                                                                   
                                               "Parallel Aware": false,                                                                                          
                                               "Relation Name": "company_name",                                                                                  
                                               "Alias": "cn",                                                                                                    
                                               "Startup Cost": 0.00,                                                                                             
                                               "Total Cost": 164.90,                                                                                             
                                               "Plan Rows": 49161,                                                                                               
                                               "Plan Width": 23,                                                                                                 
                                               "Actual Startup Time": 20.751,                                                                                    
                                               "Actual Total Time": 138.107,                                                                                     
                                               "Actual Rows": 48302,                                                                                             
                                               "Actual Loops": 1,                                                                                                
                                               "Filter": "(((country_code)::text <> '[pl]'::text) AND ((name ~~ '%Film%'::text) OR (name ~~ '%Warner%'::text)))",
                                               "Rows Removed by Filter": 186695,                                                                                 
                                               "Shared Hit Blocks": 0,                                                                                           
                                               "Shared Read Blocks": 2994,                                                                                       
                                               "Shared Dirtied Blocks": 0,                                                                                       
                                               "Shared Written Blocks": 0,                                                                                       
                                               "Local Hit Blocks": 0,                                                                                            
                                               "Local Read Blocks": 0,                                                                                           
                                               "Local Dirtied Blocks": 0,                                                                                        
                                               "Local Written Blocks": 0,                                                                                        
                                               "Temp Read Blocks": 0,                                                                                            
                                               "Temp Written Blocks": 0                                                                                          
                                             }                                                                                                                   
                                           ]                                                                                                                     
                                         }                                                                                                                       
                                       ]                                                                                                                         
                                     },                                                                                                                          
                                     {                                                                                                                           
                                       "Node Type": "Hash",                                                                                                      
                                       "Parent Relationship": "Inner",                                                                                           
                                       "Parallel Aware": false,                                                                                                  
                                       "Startup Cost": 0.03,                                                                                                     
                                       "Total Cost": 0.03,                                                                                                       
                                       "Plan Rows": 1,                                                                                                           
                                       "Plan Width": 4,                                                                                                          
                                       "Actual Startup Time": 19.993,                                                                                            
                                       "Actual Total Time": 19.993,                                                                                              
                                       "Actual Rows": 1,                                                                                                         
                                       "Actual Loops": 1,                                                                                                        
                                       "Hash Buckets": 1024,                                                                                                     
                                       "Original Hash Buckets": 1024,                                                                                            
                                       "Hash Batches": 1,                                                                                                        
                                       "Original Hash Batches": 1,                                                                                               
                                       "Peak Memory Usage": 9,                                                                                                   
                                       "Shared Hit Blocks": 0,                                                                                                   
                                       "Shared Read Blocks": 1,                                                                                                  
                                       "Shared Dirtied Blocks": 0,                                                                                               
                                       "Shared Written Blocks": 0,                                                                                               
                                       "Local Hit Blocks": 0,                                                                                                    
                                       "Local Read Blocks": 0,                                                                                                   
                                       "Local Dirtied Blocks": 0,                                                                                                
                                       "Local Written Blocks": 0,                                                                                                
                                       "Temp Read Blocks": 0,                                                                                                    
                                       "Temp Written Blocks": 0,                                                                                                 
                                       "Plans": [                                                                                                                
                                         {                                                                                                                       
                                           "Node Type": "Seq Scan",                                                                                              
                                           "Parent Relationship": "Outer",                                                                                       
                                           "Parallel Aware": false,                                                                                              
                                           "Relation Name": "company_type",                                                                                      
                                           "Alias": "ct",                                                                                                        
                                           "Startup Cost": 0.00,                                                                                                 
                                           "Total Cost": 0.03,                                                                                                   
                                           "Plan Rows": 1,                                                                                                       
                                           "Plan Width": 4,                                                                                                      
                                           "Actual Startup Time": 19.979,                                                                                        
                                           "Actual Total Time": 19.982,                                                                                          
                                           "Actual Rows": 1,                                                                                                     
                                           "Actual Loops": 1,                                                                                                    
                                           "Filter": "((kind)::text = 'production companies'::text)",                                                            
                                           "Rows Removed by Filter": 3,                                                                                          
                                           "Shared Hit Blocks": 0,                                                                                               
                                           "Shared Read Blocks": 1,                                                                                              
                                           "Shared Dirtied Blocks": 0,                                                                                           
                                           "Shared Written Blocks": 0,                                                                                           
                                           "Local Hit Blocks": 0,                                                                                                
                                           "Local Read Blocks": 0,                                                                                               
                                           "Local Dirtied Blocks": 0,                                                                                            
                                           "Local Written Blocks": 0,                                                                                            
                                           "Temp Read Blocks": 0,                                                                                                
                                           "Temp Written Blocks": 0                                                                                              
                                         }                                                                                                                       
                                       ]                                                                                                                         
                                     }                                                                                                                           
                                   ]                                                                                                                             
                                 }                                                                                                                               
                               ]                                                                                                                                 
                             }                                                                                                                                   
                           ]                                                                                                                                     
                         }                                                                                                                                       
                       ]                                                                                                                                         
                     }                                                                                                                                           
                   ]                                                                                                                                             
                 },                                                                                                                                              
                 {                                                                                                                                               
                   "Node Type": "Hash",                                                                                                                          
                   "Parent Relationship": "Inner",                                                                                                               
                   "Parallel Aware": false,                                                                                                                      
                   "Startup Cost": 7.19,                                                                                                                         
                   "Total Cost": 7.19,                                                                                                                           
                   "Plan Rows": 29997,                                                                                                                           
                   "Plan Width": 8,                                                                                                                              
                   "Actual Startup Time": 29.158,                                                                                                                
                   "Actual Total Time": 29.158,                                                                                                                  
                   "Actual Rows": 29997,                                                                                                                         
                   "Actual Loops": 1,                                                                                                                            
                   "Hash Buckets": 32768,                                                                                                                        
                   "Original Hash Buckets": 32768,                                                                                                               
                   "Hash Batches": 1,                                                                                                                            
                   "Original Hash Batches": 1,                                                                                                                   
                   "Peak Memory Usage": 1428,                                                                                                                    
                   "Shared Hit Blocks": 0,                                                                                                                       
                   "Shared Read Blocks": 163,                                                                                                                    
                   "Shared Dirtied Blocks": 0,                                                                                                                   
                   "Shared Written Blocks": 0,                                                                                                                   
                   "Local Hit Blocks": 0,                                                                                                                        
                   "Local Read Blocks": 0,                                                                                                                       
                   "Local Dirtied Blocks": 0,                                                                                                                    
                   "Local Written Blocks": 0,                                                                                                                    
                   "Temp Read Blocks": 0,                                                                                                                        
                   "Temp Written Blocks": 0,                                                                                                                     
                   "Plans": [                                                                                                                                    
                     {                                                                                                                                           
                       "Node Type": "Seq Scan",                                                                                                                  
                       "Parent Relationship": "Outer",                                                                                                           
                       "Parallel Aware": false,                                                                                                                  
                       "Relation Name": "movie_link",                                                                                                            
                       "Alias": "ml",                                                                                                                            
                       "Startup Cost": 0.00,                                                                                                                     
                       "Total Cost": 7.19,                                                                                                                       
                       "Plan Rows": 29997,                                                                                                                       
                       "Plan Width": 8,                                                                                                                          
                       "Actual Startup Time": 0.188,                                                                                                             
                       "Actual Total Time": 14.359,                                                                                                              
                       "Actual Rows": 29997,                                                                                                                     
                       "Actual Loops": 1,                                                                                                                        
                       "Shared Hit Blocks": 0,                                                                                                                   
                       "Shared Read Blocks": 163,                                                                                                                
                       "Shared Dirtied Blocks": 0,                                                                                                               
                       "Shared Written Blocks": 0,                                                                                                               
                       "Local Hit Blocks": 0,                                                                                                                    
                       "Local Read Blocks": 0,                                                                                                                   
                       "Local Dirtied Blocks": 0,                                                                                                                
                       "Local Written Blocks": 0,                                                                                                                
                       "Temp Read Blocks": 0,                                                                                                                    
                       "Temp Written Blocks": 0                                                                                                                  
                     }                                                                                                                                           
                   ]                                                                                                                                             
                 }                                                                                                                                               
               ]                                                                                                                                                 
             },                                                                                                                                                  
             {                                                                                                                                                   
               "Node Type": "Hash",                                                                                                                              
               "Parent Relationship": "Inner",                                                                                                                   
               "Parallel Aware": false,                                                                                                                          
               "Startup Cost": 0.03,                                                                                                                             
               "Total Cost": 0.03,                                                                                                                               
               "Plan Rows": 1,                                                                                                                                   
               "Plan Width": 16,                                                                                                                                 
               "Actual Startup Time": 21.876,                                                                                                                    
               "Actual Total Time": 21.876,                                                                                                                      
               "Actual Rows": 2,                                                                                                                                 
               "Actual Loops": 1,                                                                                                                                
               "Hash Buckets": 1024,                                                                                                                             
               "Original Hash Buckets": 1024,                                                                                                                    
               "Hash Batches": 1,                                                                                                                                
               "Original Hash Batches": 1,                                                                                                                       
               "Peak Memory Usage": 9,                                                                                                                           
               "Shared Hit Blocks": 0,                                                                                                                           
               "Shared Read Blocks": 1,                                                                                                                          
               "Shared Dirtied Blocks": 0,                                                                                                                       
               "Shared Written Blocks": 0,                                                                                                                       
               "Local Hit Blocks": 0,                                                                                                                            
               "Local Read Blocks": 0,                                                                                                                           
               "Local Dirtied Blocks": 0,                                                                                                                        
               "Local Written Blocks": 0,                                                                                                                        
               "Temp Read Blocks": 0,                                                                                                                            
               "Temp Written Blocks": 0,                                                                                                                         
               "Plans": [                                                                                                                                        
                 {                                                                                                                                               
                   "Node Type": "Seq Scan",                                                                                                                      
                   "Parent Relationship": "Outer",                                                                                                               
                   "Parallel Aware": false,                                                                                                                      
                   "Relation Name": "link_type",                                                                                                                 
                   "Alias": "lt",                                                                                                                                
                   "Startup Cost": 0.00,                                                                                                                         
                   "Total Cost": 0.03,                                                                                                                           
                   "Plan Rows": 1,                                                                                                                               
                   "Plan Width": 16,                                                                                                                             
                   "Actual Startup Time": 21.838,                                                                                                                
                   "Actual Total Time": 21.853,                                                                                                                  
                   "Actual Rows": 2,                                                                                                                             
                   "Actual Loops": 1,                                                                                                                            
                   "Filter": "((link)::text ~~ '%follow%'::text)",                                                                                               
                   "Rows Removed by Filter": 16,                                                                                                                 
                   "Shared Hit Blocks": 0,                                                                                                                       
                   "Shared Read Blocks": 1,                                                                                                                      
                   "Shared Dirtied Blocks": 0,                                                                                                                   
                   "Shared Written Blocks": 0,                                                                                                                   
                   "Local Hit Blocks": 0,                                                                                                                        
                   "Local Read Blocks": 0,                                                                                                                       
                   "Local Dirtied Blocks": 0,                                                                                                                    
                   "Local Written Blocks": 0,                                                                                                                    
                   "Temp Read Blocks": 0,                                                                                                                        
                   "Temp Written Blocks": 0                                                                                                                      
                 }                                                                                                                                               
               ]                                                                                                                                                 
             }                                                                                                                                                   
           ]                                                                                                                                                     
         }                                                                                                                                                       
       ]                                                                                                                                                         
     },                                                                                                                                                          
     "Planning Time": 10539.363,                                                                                                                                 
     "Triggers": [                                                                                                                                               
     ],                                                                                                                                                          
     "Execution Time": 12769.262                                                                                                                                 
   }                                                                                                                                                             
 ]
