 [                                                                                                                                                                   
   {                                                                                                                                                                 
     "Plan": {                                                                                                                                                       
       "Node Type": "Aggregate",                                                                                                                                     
       "Strategy": "Plain",                                                                                                                                          
       "Partial Mode": "Simple",                                                                                                                                     
       "Parallel Aware": false,                                                                                                                                      
       "Startup Cost": 12580.80,                                                                                                                                     
       "Total Cost": 12580.80,                                                                                                                                       
       "Plan Rows": 1,                                                                                                                                               
       "Plan Width": 96,                                                                                                                                             
       "Actual Startup Time": 13099.111,                                                                                                                             
       "Actual Total Time": 13099.111,                                                                                                                               
       "Actual Rows": 1,                                                                                                                                             
       "Actual Loops": 1,                                                                                                                                            
       "Shared Hit Blocks": 4,                                                                                                                                       
       "Shared Read Blocks": 245973,                                                                                                                                 
       "Shared Dirtied Blocks": 0,                                                                                                                                   
       "Shared Written Blocks": 0,                                                                                                                                   
       "Local Hit Blocks": 0,                                                                                                                                        
       "Local Read Blocks": 0,                                                                                                                                       
       "Local Dirtied Blocks": 0,                                                                                                                                    
       "Local Written Blocks": 0,                                                                                                                                    
       "Temp Read Blocks": 0,                                                                                                                                        
       "Temp Written Blocks": 0,                                                                                                                                     
       "Plans": [                                                                                                                                                    
         {                                                                                                                                                           
           "Node Type": "Hash Join",                                                                                                                                 
           "Parent Relationship": "Outer",                                                                                                                           
           "Parallel Aware": false,                                                                                                                                  
           "Join Type": "Inner",                                                                                                                                     
           "Startup Cost": 4157.62,                                                                                                                                  
           "Total Cost": 12580.80,                                                                                                                                   
           "Plan Rows": 1,                                                                                                                                           
           "Plan Width": 48,                                                                                                                                         
           "Actual Startup Time": 11746.238,                                                                                                                         
           "Actual Total Time": 13075.075,                                                                                                                           
           "Actual Rows": 247,                                                                                                                                       
           "Actual Loops": 1,                                                                                                                                        
           "Inner Unique": true,                                                                                                                                     
           "Hash Cond": "(ml.link_type_id = lt.id)",                                                                                                                 
           "Shared Hit Blocks": 4,                                                                                                                                   
           "Shared Read Blocks": 245973,                                                                                                                             
           "Shared Dirtied Blocks": 0,                                                                                                                               
           "Shared Written Blocks": 0,                                                                                                                               
           "Local Hit Blocks": 0,                                                                                                                                    
           "Local Read Blocks": 0,                                                                                                                                   
           "Local Dirtied Blocks": 0,                                                                                                                                
           "Local Written Blocks": 0,                                                                                                                                
           "Temp Read Blocks": 0,                                                                                                                                    
           "Temp Written Blocks": 0,                                                                                                                                 
           "Plans": [                                                                                                                                                
             {                                                                                                                                                       
               "Node Type": "Hash Join",                                                                                                                             
               "Parent Relationship": "Outer",                                                                                                                       
               "Parallel Aware": false,                                                                                                                              
               "Join Type": "Inner",                                                                                                                                 
               "Startup Cost": 4157.58,                                                                                                                              
               "Total Cost": 12580.76,                                                                                                                               
               "Plan Rows": 1,                                                                                                                                       
               "Plan Width": 40,                                                                                                                                     
               "Actual Startup Time": 11726.579,                                                                                                                     
               "Actual Total Time": 13055.278,                                                                                                                       
               "Actual Rows": 247,                                                                                                                                   
               "Actual Loops": 1,                                                                                                                                    
               "Inner Unique": false,                                                                                                                                
               "Hash Cond": "(t.id = ml.movie_id)",                                                                                                                  
               "Shared Hit Blocks": 1,                                                                                                                               
               "Shared Read Blocks": 245972,                                                                                                                         
               "Shared Dirtied Blocks": 0,                                                                                                                           
               "Shared Written Blocks": 0,                                                                                                                           
               "Local Hit Blocks": 0,                                                                                                                                
               "Local Read Blocks": 0,                                                                                                                               
               "Local Dirtied Blocks": 0,                                                                                                                            
               "Local Written Blocks": 0,                                                                                                                            
               "Temp Read Blocks": 0,                                                                                                                                
               "Temp Written Blocks": 0,                                                                                                                             
               "Plans": [                                                                                                                                            
                 {                                                                                                                                                   
                   "Node Type": "Hash Join",                                                                                                                         
                   "Parent Relationship": "Outer",                                                                                                                   
                   "Parallel Aware": false,                                                                                                                          
                   "Join Type": "Inner",                                                                                                                             
                   "Startup Cost": 4145.99,                                                                                                                          
                   "Total Cost": 12569.15,                                                                                                                           
                   "Plan Rows": 1,                                                                                                                                   
                   "Plan Width": 56,                                                                                                                                 
                   "Actual Startup Time": 4673.724,                                                                                                                  
                   "Actual Total Time": 13027.288,                                                                                                                   
                   "Actual Rows": 25,                                                                                                                                
                   "Actual Loops": 1,                                                                                                                                
                   "Inner Unique": true,                                                                                                                             
                   "Hash Cond": "(cc.subject_id = cct.id)",                                                                                                         
                   "Shared Hit Blocks": 1,                                                                                                                           
                   "Shared Read Blocks": 245809,                                                                                                                     
                   "Shared Dirtied Blocks": 0,                                                                                                                       
                   "Shared Written Blocks": 0,                                                                                                                       
                   "Local Hit Blocks": 0,                                                                                                                            
                   "Local Read Blocks": 0,                                                                                                                           
                   "Local Dirtied Blocks": 0,                                                                                                                        
                   "Local Written Blocks": 0,                                                                                                                        
                   "Temp Read Blocks": 0,                                                                                                                            
                   "Temp Written Blocks": 0,                                                                                                                         
                   "Plans": [                                                                                                                                        
                     {                                                                                                                                               
                       "Node Type": "Hash Join",                                                                                                                     
                       "Parent Relationship": "Outer",                                                                                                               
                       "Parallel Aware": false,                                                                                                                      
                       "Join Type": "Inner",                                                                                                                         
                       "Startup Cost": 4145.96,                                                                                                                      
                       "Total Cost": 12569.12,                                                                                                                       
                       "Plan Rows": 1,                                                                                                                               
                       "Plan Width": 60,                                                                                                                             
                       "Actual Startup Time": 4673.569,                                                                                                              
                       "Actual Total Time": 13027.108,                                                                                                               
                       "Actual Rows": 25,                                                                                                                            
                       "Actual Loops": 1,                                                                                                                            
                       "Inner Unique": false,                                                                                                                        
                       "Hash Cond": "(mi.movie_id = t.id)",                                                                                                          
                       "Shared Hit Blocks": 1,                                                                                                                       
                       "Shared Read Blocks": 245808,                                                                                                                 
                       "Shared Dirtied Blocks": 0,                                                                                                                   
                       "Shared Written Blocks": 0,                                                                                                                   
                       "Local Hit Blocks": 0,                                                                                                                        
                       "Local Read Blocks": 0,                                                                                                                       
                       "Local Dirtied Blocks": 0,                                                                                                                    
                       "Local Written Blocks": 0,                                                                                                                    
                       "Temp Read Blocks": 0,                                                                                                                        
                       "Temp Written Blocks": 0,                                                                                                                     
                       "Plans": [                                                                                                                                    
                         {                                                                                                                                           
                           "Node Type": "Seq Scan",                                                                                                                  
                           "Parent Relationship": "Outer",                                                                                                           
                           "Parallel Aware": false,                                                                                                                  
                           "Relation Name": "movie_info",                                                                                                            
                           "Alias": "mi",                                                                                                                            
                           "Startup Cost": 0.00,                                                                                                                     
                           "Total Cost": 8407.52,                                                                                                                    
                           "Plan Rows": 134293,                                                                                                                      
                           "Plan Width": 4,                                                                                                                          
                           "Actual Startup Time": 26.132,                                                                                                            
                           "Actual Total Time": 8513.865,                                                                                                            
                           "Actual Rows": 134239,                                                                                                                    
                           "Actual Loops": 1,                                                                                                                        
                           "Filter": "(info = ANY ('{Sweden,Germany,Swedish,German}'::text[]))",                                                                     
                           "Rows Removed by Filter": 14701481,                                                                                                       
                           "Shared Hit Blocks": 0,                                                                                                                   
                           "Shared Read Blocks": 161892,                                                                                                             
                           "Shared Dirtied Blocks": 0,                                                                                                               
                           "Shared Written Blocks": 0,                                                                                                               
                           "Local Hit Blocks": 0,                                                                                                                    
                           "Local Read Blocks": 0,                                                                                                                   
                           "Local Dirtied Blocks": 0,                                                                                                                
                           "Local Written Blocks": 0,                                                                                                                
                           "Temp Read Blocks": 0,                                                                                                                    
                           "Temp Written Blocks": 0                                                                                                                  
                         },                                                                                                                                          
                         {                                                                                                                                           
                           "Node Type": "Hash",                                                                                                                      
                           "Parent Relationship": "Inner",                                                                                                           
                           "Parallel Aware": false,                                                                                                                  
                           "Startup Cost": 4145.96,                                                                                                                  
                           "Total Cost": 4145.96,                                                                                                                    
                           "Plan Rows": 1,                                                                                                                           
                           "Plan Width": 56,                                                                                                                         
                           "Actual Startup Time": 4491.390,                                                                                                          
                           "Actual Total Time": 4491.390,                                                                                                            
                           "Actual Rows": 21,                                                                                                                        
                           "Actual Loops": 1,                                                                                                                        
                           "Hash Buckets": 1024,                                                                                                                     
                           "Original Hash Buckets": 1024,                                                                                                            
                           "Hash Batches": 1,                                                                                                                        
                           "Original Hash Batches": 1,                                                                                                               
                           "Peak Memory Usage": 11,                                                                                                                  
                           "Shared Hit Blocks": 1,                                                                                                                   
                           "Shared Read Blocks": 83916,                                                                                                              
                           "Shared Dirtied Blocks": 0,                                                                                                               
                           "Shared Written Blocks": 0,                                                                                                               
                           "Local Hit Blocks": 0,                                                                                                                    
                           "Local Read Blocks": 0,                                                                                                                   
                           "Local Dirtied Blocks": 0,                                                                                                                
                           "Local Written Blocks": 0,                                                                                                                
                           "Temp Read Blocks": 0,                                                                                                                    
                           "Temp Written Blocks": 0,                                                                                                                 
                           "Plans": [                                                                                                                                
                             {                                                                                                                                       
                               "Node Type": "Hash Join",                                                                                                             
                               "Parent Relationship": "Outer",                                                                                                       
                               "Parallel Aware": false,                                                                                                              
                               "Join Type": "Inner",                                                                                                                 
                               "Startup Cost": 2640.28,                                                                                                              
                               "Total Cost": 4145.96,                                                                                                                
                               "Plan Rows": 1,                                                                                                                       
                               "Plan Width": 56,                                                                                                                     
                               "Actual Startup Time": 2778.225,                                                                                                      
                               "Actual Total Time": 4491.338,                                                                                                        
                               "Actual Rows": 21,                                                                                                                    
                               "Actual Loops": 1,                                                                                                                    
                               "Inner Unique": false,                                                                                                                
                               "Hash Cond": "(t.id = mk.movie_id)",                                                                                                  
                               "Shared Hit Blocks": 1,                                                                                                               
                               "Shared Read Blocks": 83916,                                                                                                          
                               "Shared Dirtied Blocks": 0,                                                                                                           
                               "Shared Written Blocks": 0,                                                                                                           
                               "Local Hit Blocks": 0,                                                                                                                
                               "Local Read Blocks": 0,                                                                                                               
                               "Local Dirtied Blocks": 0,                                                                                                            
                               "Local Written Blocks": 0,                                                                                                            
                               "Temp Read Blocks": 0,                                                                                                                
                               "Temp Written Blocks": 0,                                                                                                             
                               "Plans": [                                                                                                                            
                                 {                                                                                                                                   
                                   "Node Type": "Seq Scan",                                                                                                          
                                   "Parent Relationship": "Outer",                                                                                                   
                                   "Parallel Aware": false,                                                                                                          
                                   "Relation Name": "title",                                                                                                         
                                   "Alias": "t",                                                                                                                     
                                   "Startup Cost": 0.00,                                                                                                             
                                   "Total Cost": 1500.26,                                                                                                            
                                   "Plan Rows": 46583,                                                                                                               
                                   "Plan Width": 21,                                                                                                                 
                                   "Actual Startup Time": 8.703,                                                                                                     
                                   "Actual Total Time": 1786.413,                                                                                                    
                                   "Actual Rows": 46583,                                                                                                             
                                   "Actual Loops": 1,                                                                                                                
                                   "Filter": "(production_year = 1998)",                                                                                             
                                   "Rows Removed by Filter": 2481729,                                                                                                
                                   "Shared Hit Blocks": 0,                                                                                                           
                                   "Shared Read Blocks": 35998,                                                                                                      
                                   "Shared Dirtied Blocks": 0,                                                                                                       
                                   "Shared Written Blocks": 0,                                                                                                       
                                   "Local Hit Blocks": 0,                                                                                                            
                                   "Local Read Blocks": 0,                                                                                                           
                                   "Local Dirtied Blocks": 0,                                                                                                        
                                   "Local Written Blocks": 0,                                                                                                        
                                   "Temp Read Blocks": 0,                                                                                                            
                                   "Temp Written Blocks": 0                                                                                                          
                                 },                                                                                                                                  
                                 {                                                                                                                                   
                                   "Node Type": "Hash",                                                                                                              
                                   "Parent Relationship": "Inner",                                                                                                   
                                   "Parallel Aware": false,                                                                                                          
                                   "Startup Cost": 2640.28,                                                                                                          
                                   "Total Cost": 2640.28,                                                                                                            
                                   "Plan Rows": 1,                                                                                                                   
                                   "Plan Width": 35,                                                                                                                 
                                   "Actual Startup Time": 2686.826,                                                                                                  
                                   "Actual Total Time": 2686.826,                                                                                                    
                                   "Actual Rows": 722,                                                                                                               
                                   "Actual Loops": 1,                                                                                                                
                                   "Hash Buckets": 1024,                                                                                                             
                                   "Original Hash Buckets": 1024,                                                                                                    
                                   "Hash Batches": 1,                                                                                                                
                                   "Original Hash Batches": 1,                                                                                                       
                                   "Peak Memory Usage": 58,                                                                                                          
                                   "Shared Hit Blocks": 1,                                                                                                           
                                   "Shared Read Blocks": 47918,                                                                                                      
                                   "Shared Dirtied Blocks": 0,                                                                                                       
                                   "Shared Written Blocks": 0,                                                                                                       
                                   "Local Hit Blocks": 0,                                                                                                            
                                   "Local Read Blocks": 0,                                                                                                           
                                   "Local Dirtied Blocks": 0,                                                                                                        
                                   "Local Written Blocks": 0,                                                                                                        
                                   "Temp Read Blocks": 0,                                                                                                            
                                   "Temp Written Blocks": 0,                                                                                                         
                                   "Plans": [                                                                                                                        
                                     {                                                                                                                               
                                       "Node Type": "Hash Join",                                                                                                     
                                       "Parent Relationship": "Outer",                                                                                               
                                       "Parallel Aware": false,                                                                                                      
                                       "Join Type": "Inner",                                                                                                         
                                       "Startup Cost": 1722.39,                                                                                                      
                                       "Total Cost": 2640.28,                                                                                                        
                                       "Plan Rows": 1,                                                                                                               
                                       "Plan Width": 35,                                                                                                             
                                       "Actual Startup Time": 2196.326,                                                                                              
                                       "Actual Total Time": 2686.421,                                                                                                
                                       "Actual Rows": 722,                                                                                                           
                                       "Actual Loops": 1,                                                                                                            
                                       "Inner Unique": true,                                                                                                         
                                       "Hash Cond": "(mc.company_type_id = ct.id)",                                                                                  
                                       "Shared Hit Blocks": 1,                                                                                                       
                                       "Shared Read Blocks": 47918,                                                                                                  
                                       "Shared Dirtied Blocks": 0,                                                                                                   
                                       "Shared Written Blocks": 0,                                                                                                   
                                       "Local Hit Blocks": 0,                                                                                                        
                                       "Local Read Blocks": 0,                                                                                                       
                                       "Local Dirtied Blocks": 0,                                                                                                    
                                       "Local Written Blocks": 0,                                                                                                    
                                       "Temp Read Blocks": 0,                                                                                                        
                                       "Temp Written Blocks": 0,                                                                                                     
                                       "Plans": [                                                                                                                    
                                         {                                                                                                                           
                                           "Node Type": "Hash Join",                                                                                                 
                                           "Parent Relationship": "Outer",                                                                                           
                                           "Parallel Aware": false,                                                                                                  
                                           "Join Type": "Inner",                                                                                                     
                                           "Startup Cost": 1722.35,                                                                                                  
                                           "Total Cost": 2640.24,                                                                                                    
                                           "Plan Rows": 1,                                                                                                           
                                           "Plan Width": 39,                                                                                                         
                                           "Actual Startup Time": 1672.331,                                                                                          
                                           "Actual Total Time": 2685.891,                                                                                            
                                           "Actual Rows": 831,                                                                                                       
                                           "Actual Loops": 1,                                                                                                        
                                           "Inner Unique": true,                                                                                                     
                                           "Hash Cond": "(mc.company_id = cn.id)",                                                                                   
                                           "Shared Hit Blocks": 1,                                                                                                   
                                           "Shared Read Blocks": 47917,                                                                                              
                                           "Shared Dirtied Blocks": 0,                                                                                               
                                           "Shared Written Blocks": 0,                                                                                               
                                           "Local Hit Blocks": 0,                                                                                                    
                                           "Local Read Blocks": 0,                                                                                                   
                                           "Local Dirtied Blocks": 0,                                                                                                
                                           "Local Written Blocks": 0,                                                                                                
                                           "Temp Read Blocks": 0,                                                                                                    
                                           "Temp Written Blocks": 0,                                                                                                 
                                           "Plans": [                                                                                                                
                                             {                                                                                                                       
                                               "Node Type": "Hash Join",                                                                                             
                                               "Parent Relationship": "Outer",                                                                                       
                                               "Parallel Aware": false,                                                                                              
                                               "Join Type": "Inner",                                                                                                 
                                               "Startup Cost": 1550.24,                                                                                              
                                               "Total Cost": 2468.13,                                                                                                
                                               "Plan Rows": 5,                                                                                                       
                                               "Plan Width": 24,                                                                                                     
                                               "Actual Startup Time": 1521.802,                                                                                      
                                               "Actual Total Time": 2541.189,                                                                                        
                                               "Actual Rows": 3472,                                                                                                  
                                               "Actual Loops": 1,                                                                                                    
                                               "Inner Unique": false,                                                                                                
                                               "Hash Cond": "(mc.movie_id = mk.movie_id)",                                                                           
                                               "Shared Hit Blocks": 1,                                                                                               
                                               "Shared Read Blocks": 44923,                                                                                          
                                               "Shared Dirtied Blocks": 0,                                                                                           
                                               "Shared Written Blocks": 0,                                                                                           
                                               "Local Hit Blocks": 0,                                                                                                
                                               "Local Read Blocks": 0,                                                                                               
                                               "Local Dirtied Blocks": 0,                                                                                            
                                               "Local Written Blocks": 0,                                                                                            
                                               "Temp Read Blocks": 0,                                                                                                
                                               "Temp Written Blocks": 0,                                                                                             
                                               "Plans": [                                                                                                            
                                                 {                                                                                                                   
                                                   "Node Type": "Seq Scan",                                                                                          
                                                   "Parent Relationship": "Outer",                                                                                   
                                                   "Parallel Aware": false,                                                                                          
                                                   "Relation Name": "movie_companies",                                                                               
                                                   "Alias": "mc",                                                                                                    
                                                   "Startup Cost": 0.00,                                                                                             
                                                   "Total Cost": 769.75,                                                                                             
                                                   "Plan Rows": 1271989,                                                                                             
                                                   "Plan Width": 12,                                                                                                 
                                                   "Actual Startup Time": 3.032,                                                                                     
                                                   "Actual Total Time": 942.825,                                                                                     
                                                   "Actual Rows": 1271989,                                                                                           
                                                   "Actual Loops": 1,                                                                                                
                                                   "Filter": "(note IS NULL)",                                                                                       
                                                   "Rows Removed by Filter": 1337140,                                                                                
                                                   "Shared Hit Blocks": 0,                                                                                           
                                                   "Shared Read Blocks": 18789,                                                                                      
                                                   "Shared Dirtied Blocks": 0,                                                                                       
                                                   "Shared Written Blocks": 0,                                                                                       
                                                   "Local Hit Blocks": 0,                                                                                            
                                                   "Local Read Blocks": 0,                                                                                           
                                                   "Local Dirtied Blocks": 0,                                                                                        
                                                   "Local Written Blocks": 0,                                                                                        
                                                   "Temp Read Blocks": 0,                                                                                            
                                                   "Temp Written Blocks": 0                                                                                          
                                                 },                                                                                                                  
                                                 {                                                                                                                   
                                                   "Node Type": "Hash",                                                                                              
                                                   "Parent Relationship": "Inner",                                                                                   
                                                   "Parallel Aware": false,                                                                                          
                                                   "Startup Cost": 1550.24,                                                                                          
                                                   "Total Cost": 1550.24,                                                                                            
                                                   "Plan Rows": 2,                                                                                                   
                                                   "Plan Width": 12,                                                                                                 
                                                   "Actual Startup Time": 1412.468,                                                                                  
                                                   "Actual Total Time": 1412.468,                                                                                    
                                                   "Actual Rows": 1948,                                                                                              
                                                   "Actual Loops": 1,                                                                                                
                                                   "Hash Buckets": 2048,                                                                                             
                                                   "Original Hash Buckets": 1024,                                                                                    
                                                   "Hash Batches": 1,                                                                                                
                                                   "Original Hash Batches": 1,                                                                                       
                                                   "Peak Memory Usage": 100,                                                                                         
                                                   "Shared Hit Blocks": 1,                                                                                           
                                                   "Shared Read Blocks": 26134,                                                                                      
                                                   "Shared Dirtied Blocks": 0,                                                                                       
                                                   "Shared Written Blocks": 0,                                                                                       
                                                   "Local Hit Blocks": 0,                                                                                            
                                                   "Local Read Blocks": 0,                                                                                           
                                                   "Local Dirtied Blocks": 0,                                                                                        
                                                   "Local Written Blocks": 0,                                                                                        
                                                   "Temp Read Blocks": 0,                                                                                            
                                                   "Temp Written Blocks": 0,                                                                                         
                                                   "Plans": [                                                                                                        
                                                     {                                                                                                               
                                                       "Node Type": "Hash Join",                                                                                     
                                                       "Parent Relationship": "Outer",                                                                               
                                                       "Parallel Aware": false,                                                                                      
                                                       "Join Type": "Inner",                                                                                         
                                                       "Startup Cost": 101.59,                                                                                       
                                                       "Total Cost": 1550.24,                                                                                        
                                                       "Plan Rows": 2,                                                                                               
                                                       "Plan Width": 12,                                                                                             
                                                       "Actual Startup Time": 238.264,                                                                               
                                                       "Actual Total Time": 1411.559,                                                                                
                                                       "Actual Rows": 1948,                                                                                          
                                                       "Actual Loops": 1,                                                                                            
                                                       "Inner Unique": true,                                                                                         
                                                       "Hash Cond": "(cc.status_id = cct.id)",                                                                      
                                                       "Shared Hit Blocks": 1,                                                                                       
                                                       "Shared Read Blocks": 26134,                                                                                  
                                                       "Shared Dirtied Blocks": 0,                                                                                   
                                                       "Shared Written Blocks": 0,                                                                                   
                                                       "Local Hit Blocks": 0,                                                                                        
                                                       "Local Read Blocks": 0,                                                                                       
                                                       "Local Dirtied Blocks": 0,                                                                                    
                                                       "Local Written Blocks": 0,                                                                                    
                                                       "Temp Read Blocks": 0,                                                                                        
                                                       "Temp Written Blocks": 0,                                                                                     
                                                       "Plans": [                                                                                                    
                                                         {                                                                                                           
                                                           "Node Type": "Hash Join",                                                                                 
                                                           "Parent Relationship": "Outer",                                                                           
                                                           "Parallel Aware": false,                                                                                  
                                                           "Join Type": "Inner",                                                                                     
                                                           "Startup Cost": 101.56,                                                                                   
                                                           "Total Cost": 1550.21,                                                                                    
                                                           "Plan Rows": 10,                                                                                          
                                                           "Plan Width": 16,                                                                                         
                                                           "Actual Startup Time": 238.202,                                                                           
                                                           "Actual Total Time": 1410.500,                                                                            
                                                           "Actual Rows": 3266,                                                                                      
                                                           "Actual Loops": 1,                                                                                        
                                                           "Inner Unique": false,                                                                                    
                                                           "Hash Cond": "(mk.movie_id = cc.movie_id)",                                                               
                                                           "Shared Hit Blocks": 0,                                                                                   
                                                           "Shared Read Blocks": 26134,                                                                              
                                                           "Shared Dirtied Blocks": 0,                                                                               
                                                           "Shared Written Blocks": 0,                                                                               
                                                           "Local Hit Blocks": 0,                                                                                    
                                                           "Local Read Blocks": 0,                                                                                   
                                                           "Local Dirtied Blocks": 0,                                                                                
                                                           "Local Written Blocks": 0,                                                                                
                                                           "Temp Read Blocks": 0,                                                                                    
                                                           "Temp Written Blocks": 0,                                                                                 
                                                           "Plans": [                                                                                                
                                                             {                                                                                                       
                                                               "Node Type": "Hash Join",                                                                             
                                                               "Parent Relationship": "Outer",                                                                       
                                                               "Parallel Aware": false,                                                                              
                                                               "Join Type": "Inner",                                                                                 
                                                               "Startup Cost": 49.46,                                                                                
                                                               "Total Cost": 1498.10,                                                                                
                                                               "Plan Rows": 34,                                                                                      
                                                               "Plan Width": 4,                                                                                      
                                                               "Actual Startup Time": 103.559,                                                                       
                                                               "Actual Total Time": 1301.819,                                                                        
                                                               "Actual Rows": 10544,                                                                                 
                                                               "Actual Loops": 1,                                                                                    
                                                               "Inner Unique": true,                                                                                 
                                                               "Hash Cond": "(mk.keyword_id = k.id)",                                                                
                                                               "Shared Hit Blocks": 0,                                                                               
                                                               "Shared Read Blocks": 25403,                                                                          
                                                               "Shared Dirtied Blocks": 0,                                                                           
                                                               "Shared Written Blocks": 0,                                                                           
                                                               "Local Hit Blocks": 0,                                                                                
                                                               "Local Read Blocks": 0,                                                                               
                                                               "Local Dirtied Blocks": 0,                                                                            
                                                               "Local Written Blocks": 0,                                                                            
                                                               "Temp Read Blocks": 0,                                                                                
                                                               "Temp Written Blocks": 0,                                                                             
                                                               "Plans": [                                                                                            
                                                                 {                                                                                                   
                                                                   "Node Type": "Seq Scan",                                                                          
                                                                   "Parent Relationship": "Outer",                                                                   
                                                                   "Parallel Aware": false,                                                                          
                                                                   "Relation Name": "movie_keyword",                                                                 
                                                                   "Alias": "mk",                                                                                    
                                                                   "Startup Cost": 0.00,                                                                             
                                                                   "Total Cost": 1079.84,                                                                            
                                                                   "Plan Rows": 4523930,                                                                             
                                                                   "Plan Width": 8,                                                                                  
                                                                   "Actual Startup Time": 20.290,                                                                    
                                                                   "Actual Total Time": 610.668,                                                                     
                                                                   "Actual Rows": 4523930,                                                                           
                                                                   "Actual Loops": 1,                                                                                
                                                                   "Shared Hit Blocks": 0,                                                                           
                                                                   "Shared Read Blocks": 24454,                                                                      
                                                                   "Shared Dirtied Blocks": 0,                                                                       
                                                                   "Shared Written Blocks": 0,                                                                       
                                                                   "Local Hit Blocks": 0,                                                                            
                                                                   "Local Read Blocks": 0,                                                                           
                                                                   "Local Dirtied Blocks": 0,                                                                        
                                                                   "Local Written Blocks": 0,                                                                        
                                                                   "Temp Read Blocks": 0,                                                                            
                                                                   "Temp Written Blocks": 0                                                                          
                                                                 },                                                                                                  
                                                                 {                                                                                                   
                                                                   "Node Type": "Hash",                                                                              
                                                                   "Parent Relationship": "Inner",                                                                   
                                                                   "Parallel Aware": false,                                                                          
                                                                   "Startup Cost": 49.46,                                                                            
                                                                   "Total Cost": 49.46,                                                                              
                                                                   "Plan Rows": 1,                                                                                   
                                                                   "Plan Width": 4,                                                                                  
                                                                   "Actual Startup Time": 83.008,                                                                    
                                                                   "Actual Total Time": 83.008,                                                                      
                                                                   "Actual Rows": 1,                                                                                 
                                                                   "Actual Loops": 1,                                                                                
                                                                   "Hash Buckets": 1024,                                                                             
                                                                   "Original Hash Buckets": 1024,                                                                    
                                                                   "Hash Batches": 1,                                                                                
                                                                   "Original Hash Batches": 1,                                                                       
                                                                   "Peak Memory Usage": 9,                                                                           
                                                                   "Shared Hit Blocks": 0,                                                                           
                                                                   "Shared Read Blocks": 949,                                                                        
                                                                   "Shared Dirtied Blocks": 0,                                                                       
                                                                   "Shared Written Blocks": 0,                                                                       
                                                                   "Local Hit Blocks": 0,                                                                            
                                                                   "Local Read Blocks": 0,                                                                           
                                                                   "Local Dirtied Blocks": 0,                                                                        
                                                                   "Local Written Blocks": 0,                                                                        
                                                                   "Temp Read Blocks": 0,                                                                            
                                                                   "Temp Written Blocks": 0,                                                                         
                                                                   "Plans": [                                                                                        
                                                                     {                                                                                               
                                                                       "Node Type": "Seq Scan",                                                                      
                                                                       "Parent Relationship": "Outer",                                                               
                                                                       "Parallel Aware": false,                                                                      
                                                                       "Relation Name": "keyword",                                                                   
                                                                       "Alias": "k",                                                                                 
                                                                       "Startup Cost": 0.00,                                                                         
                                                                       "Total Cost": 49.46,                                                                          
                                                                       "Plan Rows": 1,                                                                               
                                                                       "Plan Width": 4,                                                                              
                                                                       "Actual Startup Time": 23.129,                                                                
                                                                       "Actual Total Time": 82.992,                                                                  
                                                                       "Actual Rows": 1,                                                                             
                                                                       "Actual Loops": 1,                                                                            
                                                                       "Filter": "(keyword = 'sequel'::text)",                                                       
                                                                       "Rows Removed by Filter": 134169,                                                             
                                                                       "Shared Hit Blocks": 0,                                                                       
                                                                       "Shared Read Blocks": 949,                                                                    
                                                                       "Shared Dirtied Blocks": 0,                                                                   
                                                                       "Shared Written Blocks": 0,                                                                   
                                                                       "Local Hit Blocks": 0,                                                                        
                                                                       "Local Read Blocks": 0,                                                                       
                                                                       "Local Dirtied Blocks": 0,                                                                    
                                                                       "Local Written Blocks": 0,                                                                    
                                                                       "Temp Read Blocks": 0,                                                                        
                                                                       "Temp Written Blocks": 0                                                                      
                                                                     }                                                                                               
                                                                   ]                                                                                                 
                                                                 }                                                                                                   
                                                               ]                                                                                                     
                                                             },                                                                                                      
                                                             {                                                                                                       
                                                               "Node Type": "Hash",                                                                                  
                                                               "Parent Relationship": "Inner",                                                                       
                                                               "Parallel Aware": false,                                                                              
                                                               "Startup Cost": 32.27,                                                                                
                                                               "Total Cost": 32.27,                                                                                  
                                                               "Plan Rows": 135086,                                                                                  
                                                               "Plan Width": 12,                                                                                     
                                                               "Actual Startup Time": 103.512,                                                                       
                                                               "Actual Total Time": 103.512,                                                                         
                                                               "Actual Rows": 135086,                                                                                
                                                               "Actual Loops": 1,                                                                                    
                                                               "Hash Buckets": 262144,                                                                               
                                                               "Original Hash Buckets": 262144,                                                                      
                                                               "Hash Batches": 1,                                                                                    
                                                               "Original Hash Batches": 1,                                                                           
                                                               "Peak Memory Usage": 7853,                                                                            
                                                               "Shared Hit Blocks": 0,                                                                               
                                                               "Shared Read Blocks": 731,                                                                            
                                                               "Shared Dirtied Blocks": 0,                                                                           
                                                               "Shared Written Blocks": 0,                                                                           
                                                               "Local Hit Blocks": 0,                                                                                
                                                               "Local Read Blocks": 0,                                                                               
                                                               "Local Dirtied Blocks": 0,                                                                            
                                                               "Local Written Blocks": 0,                                                                            
                                                               "Temp Read Blocks": 0,                                                                                
                                                               "Temp Written Blocks": 0,                                                                             
                                                               "Plans": [                                                                                            
                                                                 {                                                                                                   
                                                                   "Node Type": "Seq Scan",                                                                          
                                                                   "Parent Relationship": "Outer",                                                                   
                                                                   "Parallel Aware": false,                                                                          
                                                                   "Relation Name": "complete_cast",                                                                 
                                                                   "Alias": "cc",                                                                                    
                                                                   "Startup Cost": 0.00,                                                                             
                                                                   "Total Cost": 32.27,                                                                              
                                                                   "Plan Rows": 135086,                                                                              
                                                                   "Plan Width": 12,                                                                                 
                                                                   "Actual Startup Time": 25.768,                                                                    
                                                                   "Actual Total Time": 61.207,                                                                      
                                                                   "Actual Rows": 135086,                                                                            
                                                                   "Actual Loops": 1,                                                                                
                                                                   "Shared Hit Blocks": 0,                                                                           
                                                                   "Shared Read Blocks": 731,                                                                        
                                                                   "Shared Dirtied Blocks": 0,                                                                       
                                                                   "Shared Written Blocks": 0,                                                                       
                                                                   "Local Hit Blocks": 0,                                                                            
                                                                   "Local Read Blocks": 0,                                                                           
                                                                   "Local Dirtied Blocks": 0,                                                                        
                                                                   "Local Written Blocks": 0,                                                                        
                                                                   "Temp Read Blocks": 0,                                                                            
                                                                   "Temp Written Blocks": 0                                                                          
                                                                 }                                                                                                   
                                                               ]                                                                                                     
                                                             }                                                                                                       
                                                           ]                                                                                                         
                                                         },                                                                                                          
                                                         {                                                                                                           
                                                           "Node Type": "Hash",                                                                                      
                                                           "Parent Relationship": "Inner",                                                                           
                                                           "Parallel Aware": false,                                                                                  
                                                           "Startup Cost": 0.03,                                                                                     
                                                           "Total Cost": 0.03,                                                                                       
                                                           "Plan Rows": 1,                                                                                           
                                                           "Plan Width": 4,                                                                                          
                                                           "Actual Startup Time": 0.026,                                                                             
                                                           "Actual Total Time": 0.026,                                                                               
                                                           "Actual Rows": 1,                                                                                         
                                                           "Actual Loops": 1,                                                                                        
                                                           "Hash Buckets": 1024,                                                                                     
                                                           "Original Hash Buckets": 1024,                                                                            
                                                           "Hash Batches": 1,                                                                                        
                                                           "Original Hash Batches": 1,                                                                               
                                                           "Peak Memory Usage": 9,                                                                                   
                                                           "Shared Hit Blocks": 1,                                                                                   
                                                           "Shared Read Blocks": 0,                                                                                  
                                                           "Shared Dirtied Blocks": 0,                                                                               
                                                           "Shared Written Blocks": 0,                                                                               
                                                           "Local Hit Blocks": 0,                                                                                    
                                                           "Local Read Blocks": 0,                                                                                   
                                                           "Local Dirtied Blocks": 0,                                                                                
                                                           "Local Written Blocks": 0,                                                                                
                                                           "Temp Read Blocks": 0,                                                                                    
                                                           "Temp Written Blocks": 0,                                                                                 
                                                           "Plans": [                                                                                                
                                                             {                                                                                                       
                                                               "Node Type": "Seq Scan",                                                                              
                                                               "Parent Relationship": "Outer",                                                                       
                                                               "Parallel Aware": false,                                                                              
                                                               "Relation Name": "comp_cast_type",                                                                    
                                                               "Alias": "cct",                                                                                      
                                                               "Startup Cost": 0.00,                                                                                 
                                                               "Total Cost": 0.03,                                                                                   
                                                               "Plan Rows": 1,                                                                                       
                                                               "Plan Width": 4,                                                                                      
                                                               "Actual Startup Time": 0.016,                                                                         
                                                               "Actual Total Time": 0.018,                                                                           
                                                               "Actual Rows": 1,                                                                                     
                                                               "Actual Loops": 1,                                                                                    
                                                               "Filter": "((kind)::text = 'complete'::text)",                                                        
                                                               "Rows Removed by Filter": 3,                                                                          
                                                               "Shared Hit Blocks": 1,                                                                               
                                                               "Shared Read Blocks": 0,                                                                              
                                                               "Shared Dirtied Blocks": 0,                                                                           
                                                               "Shared Written Blocks": 0,                                                                           
                                                               "Local Hit Blocks": 0,                                                                                
                                                               "Local Read Blocks": 0,                                                                               
                                                               "Local Dirtied Blocks": 0,                                                                            
                                                               "Local Written Blocks": 0,                                                                            
                                                               "Temp Read Blocks": 0,                                                                                
                                                               "Temp Written Blocks": 0                                                                              
                                                             }                                                                                                       
                                                           ]                                                                                                         
                                                         }                                                                                                           
                                                       ]                                                                                                             
                                                     }                                                                                                               
                                                   ]                                                                                                                 
                                                 }                                                                                                                   
                                               ]                                                                                                                     
                                             },                                                                                                                      
                                             {                                                                                                                       
                                               "Node Type": "Hash",                                                                                                  
                                               "Parent Relationship": "Inner",                                                                                       
                                               "Parallel Aware": false,                                                                                              
                                               "Startup Cost": 164.90,                                                                                               
                                               "Total Cost": 164.90,                                                                                                 
                                               "Plan Rows": 49161,                                                                                                   
                                               "Plan Width": 23,                                                                                                     
                                               "Actual Startup Time": 142.730,                                                                                       
                                               "Actual Total Time": 142.730,                                                                                         
                                               "Actual Rows": 48302,                                                                                                 
                                               "Actual Loops": 1,                                                                                                    
                                               "Hash Buckets": 65536,                                                                                                
                                               "Original Hash Buckets": 65536,                                                                                       
                                               "Hash Batches": 1,                                                                                                    
                                               "Original Hash Batches": 1,                                                                                           
                                               "Peak Memory Usage": 3137,                                                                                            
                                               "Shared Hit Blocks": 0,                                                                                               
                                               "Shared Read Blocks": 2994,                                                                                           
                                               "Shared Dirtied Blocks": 0,                                                                                           
                                               "Shared Written Blocks": 0,                                                                                           
                                               "Local Hit Blocks": 0,                                                                                                
                                               "Local Read Blocks": 0,                                                                                               
                                               "Local Dirtied Blocks": 0,                                                                                            
                                               "Local Written Blocks": 0,                                                                                            
                                               "Temp Read Blocks": 0,                                                                                                
                                               "Temp Written Blocks": 0,                                                                                             
                                               "Plans": [                                                                                                            
                                                 {                                                                                                                   
                                                   "Node Type": "Seq Scan",                                                                                          
                                                   "Parent Relationship": "Outer",                                                                                   
                                                   "Parallel Aware": false,                                                                                          
                                                   "Relation Name": "company_name",                                                                                  
                                                   "Alias": "cn",                                                                                                    
                                                   "Startup Cost": 0.00,                                                                                             
                                                   "Total Cost": 164.90,                                                                                             
                                                   "Plan Rows": 49161,                                                                                               
                                                   "Plan Width": 23,                                                                                                 
                                                   "Actual Startup Time": 7.330,                                                                                     
                                                   "Actual Total Time": 124.139,                                                                                     
                                                   "Actual Rows": 48302,                                                                                             
                                                   "Actual Loops": 1,                                                                                                
                                                   "Filter": "(((country_code)::text <> '[pl]'::text) AND ((name ~~ '%Film%'::text) OR (name ~~ '%Warner%'::text)))",
                                                   "Rows Removed by Filter": 186695,                                                                                 
                                                   "Shared Hit Blocks": 0,                                                                                           
                                                   "Shared Read Blocks": 2994,                                                                                       
                                                   "Shared Dirtied Blocks": 0,                                                                                       
                                                   "Shared Written Blocks": 0,                                                                                       
                                                   "Local Hit Blocks": 0,                                                                                            
                                                   "Local Read Blocks": 0,                                                                                           
                                                   "Local Dirtied Blocks": 0,                                                                                        
                                                   "Local Written Blocks": 0,                                                                                        
                                                   "Temp Read Blocks": 0,                                                                                            
                                                   "Temp Written Blocks": 0                                                                                          
                                                 }                                                                                                                   
                                               ]                                                                                                                     
                                             }                                                                                                                       
                                           ]                                                                                                                         
                                         },                                                                                                                          
                                         {                                                                                                                           
                                           "Node Type": "Hash",                                                                                                      
                                           "Parent Relationship": "Inner",                                                                                           
                                           "Parallel Aware": false,                                                                                                  
                                           "Startup Cost": 0.03,                                                                                                     
                                           "Total Cost": 0.03,                                                                                                       
                                           "Plan Rows": 1,                                                                                                           
                                           "Plan Width": 4,                                                                                                          
                                           "Actual Startup Time": 0.135,                                                                                             
                                           "Actual Total Time": 0.136,                                                                                               
                                           "Actual Rows": 1,                                                                                                         
                                           "Actual Loops": 1,                                                                                                        
                                           "Hash Buckets": 1024,                                                                                                     
                                           "Original Hash Buckets": 1024,                                                                                            
                                           "Hash Batches": 1,                                                                                                        
                                           "Original Hash Batches": 1,                                                                                               
                                           "Peak Memory Usage": 9,                                                                                                   
                                           "Shared Hit Blocks": 0,                                                                                                   
                                           "Shared Read Blocks": 1,                                                                                                  
                                           "Shared Dirtied Blocks": 0,                                                                                               
                                           "Shared Written Blocks": 0,                                                                                               
                                           "Local Hit Blocks": 0,                                                                                                    
                                           "Local Read Blocks": 0,                                                                                                   
                                           "Local Dirtied Blocks": 0,                                                                                                
                                           "Local Written Blocks": 0,                                                                                                
                                           "Temp Read Blocks": 0,                                                                                                    
                                           "Temp Written Blocks": 0,                                                                                                 
                                           "Plans": [                                                                                                                
                                             {                                                                                                                       
                                               "Node Type": "Seq Scan",                                                                                              
                                               "Parent Relationship": "Outer",                                                                                       
                                               "Parallel Aware": false,                                                                                              
                                               "Relation Name": "company_type",                                                                                      
                                               "Alias": "ct",                                                                                                        
                                               "Startup Cost": 0.00,                                                                                                 
                                               "Total Cost": 0.03,                                                                                                   
                                               "Plan Rows": 1,                                                                                                       
                                               "Plan Width": 4,                                                                                                      
                                               "Actual Startup Time": 0.123,                                                                                         
                                               "Actual Total Time": 0.126,                                                                                           
                                               "Actual Rows": 1,                                                                                                     
                                               "Actual Loops": 1,                                                                                                    
                                               "Filter": "((kind)::text = 'production companies'::text)",                                                            
                                               "Rows Removed by Filter": 3,                                                                                          
                                               "Shared Hit Blocks": 0,                                                                                               
                                               "Shared Read Blocks": 1,                                                                                              
                                               "Shared Dirtied Blocks": 0,                                                                                           
                                               "Shared Written Blocks": 0,                                                                                           
                                               "Local Hit Blocks": 0,                                                                                                
                                               "Local Read Blocks": 0,                                                                                               
                                               "Local Dirtied Blocks": 0,                                                                                            
                                               "Local Written Blocks": 0,                                                                                            
                                               "Temp Read Blocks": 0,                                                                                                
                                               "Temp Written Blocks": 0                                                                                              
                                             }                                                                                                                       
                                           ]                                                                                                                         
                                         }                                                                                                                           
                                       ]                                                                                                                             
                                     }                                                                                                                               
                                   ]                                                                                                                                 
                                 }                                                                                                                                   
                               ]                                                                                                                                     
                             }                                                                                                                                       
                           ]                                                                                                                                         
                         }                                                                                                                                           
                       ]                                                                                                                                             
                     },                                                                                                                                              
                     {                                                                                                                                               
                       "Node Type": "Hash",                                                                                                                          
                       "Parent Relationship": "Inner",                                                                                                               
                       "Parallel Aware": false,                                                                                                                      
                       "Startup Cost": 0.03,                                                                                                                         
                       "Total Cost": 0.03,                                                                                                                           
                       "Plan Rows": 2,                                                                                                                               
                       "Plan Width": 4,                                                                                                                              
                       "Actual Startup Time": 0.137,                                                                                                                 
                       "Actual Total Time": 0.137,                                                                                                                   
                       "Actual Rows": 2,                                                                                                                             
                       "Actual Loops": 1,                                                                                                                            
                       "Hash Buckets": 1024,                                                                                                                         
                       "Original Hash Buckets": 1024,                                                                                                                
                       "Hash Batches": 1,                                                                                                                            
                       "Original Hash Batches": 1,                                                                                                                   
                       "Peak Memory Usage": 9,                                                                                                                       
                       "Shared Hit Blocks": 0,                                                                                                                       
                       "Shared Read Blocks": 1,                                                                                                                      
                       "Shared Dirtied Blocks": 0,                                                                                                                   
                       "Shared Written Blocks": 0,                                                                                                                   
                       "Local Hit Blocks": 0,                                                                                                                        
                       "Local Read Blocks": 0,                                                                                                                       
                       "Local Dirtied Blocks": 0,                                                                                                                    
                       "Local Written Blocks": 0,                                                                                                                    
                       "Temp Read Blocks": 0,                                                                                                                        
                       "Temp Written Blocks": 0,                                                                                                                     
                       "Plans": [                                                                                                                                    
                         {                                                                                                                                           
                           "Node Type": "Seq Scan",                                                                                                                  
                           "Parent Relationship": "Outer",                                                                                                           
                           "Parallel Aware": false,                                                                                                                  
                           "Relation Name": "comp_cast_type",                                                                                                        
                           "Alias": "cct",                                                                                                                          
                           "Startup Cost": 0.00,                                                                                                                     
                           "Total Cost": 0.03,                                                                                                                       
                           "Plan Rows": 2,                                                                                                                           
                           "Plan Width": 4,                                                                                                                          
                           "Actual Startup Time": 0.128,                                                                                                             
                           "Actual Total Time": 0.131,                                                                                                               
                           "Actual Rows": 2,                                                                                                                         
                           "Actual Loops": 1,                                                                                                                        
                           "Filter": "((kind)::text = ANY ('{cast,crew}'::text[]))",                                                                                 
                           "Rows Removed by Filter": 2,                                                                                                              
                           "Shared Hit Blocks": 0,                                                                                                                   
                           "Shared Read Blocks": 1,                                                                                                                  
                           "Shared Dirtied Blocks": 0,                                                                                                               
                           "Shared Written Blocks": 0,                                                                                                               
                           "Local Hit Blocks": 0,                                                                                                                    
                           "Local Read Blocks": 0,                                                                                                                   
                           "Local Dirtied Blocks": 0,                                                                                                                
                           "Local Written Blocks": 0,                                                                                                                
                           "Temp Read Blocks": 0,                                                                                                                    
                           "Temp Written Blocks": 0                                                                                                                  
                         }                                                                                                                                           
                       ]                                                                                                                                             
                     }                                                                                                                                               
                   ]                                                                                                                                                 
                 },                                                                                                                                                  
                 {                                                                                                                                                   
                   "Node Type": "Hash",                                                                                                                              
                   "Parent Relationship": "Inner",                                                                                                                   
                   "Parallel Aware": false,                                                                                                                          
                   "Startup Cost": 7.19,                                                                                                                             
                   "Total Cost": 7.19,                                                                                                                               
                   "Plan Rows": 29997,                                                                                                                               
                   "Plan Width": 8,                                                                                                                                  
                   "Actual Startup Time": 27.596,                                                                                                                    
                   "Actual Total Time": 27.596,                                                                                                                      
                   "Actual Rows": 29997,                                                                                                                             
                   "Actual Loops": 1,                                                                                                                                
                   "Hash Buckets": 32768,                                                                                                                            
                   "Original Hash Buckets": 32768,                                                                                                                   
                   "Hash Batches": 1,                                                                                                                                
                   "Original Hash Batches": 1,                                                                                                                       
                   "Peak Memory Usage": 1428,                                                                                                                        
                   "Shared Hit Blocks": 0,                                                                                                                           
                   "Shared Read Blocks": 163,                                                                                                                        
                   "Shared Dirtied Blocks": 0,                                                                                                                       
                   "Shared Written Blocks": 0,                                                                                                                       
                   "Local Hit Blocks": 0,                                                                                                                            
                   "Local Read Blocks": 0,                                                                                                                           
                   "Local Dirtied Blocks": 0,                                                                                                                        
                   "Local Written Blocks": 0,                                                                                                                        
                   "Temp Read Blocks": 0,                                                                                                                            
                   "Temp Written Blocks": 0,                                                                                                                         
                   "Plans": [                                                                                                                                        
                     {                                                                                                                                               
                       "Node Type": "Seq Scan",                                                                                                                      
                       "Parent Relationship": "Outer",                                                                                                               
                       "Parallel Aware": false,                                                                                                                      
                       "Relation Name": "movie_link",                                                                                                                
                       "Alias": "ml",                                                                                                                                
                       "Startup Cost": 0.00,                                                                                                                         
                       "Total Cost": 7.19,                                                                                                                           
                       "Plan Rows": 29997,                                                                                                                           
                       "Plan Width": 8,                                                                                                                              
                       "Actual Startup Time": 0.183,                                                                                                                 
                       "Actual Total Time": 13.602,                                                                                                                  
                       "Actual Rows": 29997,                                                                                                                         
                       "Actual Loops": 1,                                                                                                                            
                       "Shared Hit Blocks": 0,                                                                                                                       
                       "Shared Read Blocks": 163,                                                                                                                    
                       "Shared Dirtied Blocks": 0,                                                                                                                   
                       "Shared Written Blocks": 0,                                                                                                                   
                       "Local Hit Blocks": 0,                                                                                                                        
                       "Local Read Blocks": 0,                                                                                                                       
                       "Local Dirtied Blocks": 0,                                                                                                                    
                       "Local Written Blocks": 0,                                                                                                                    
                       "Temp Read Blocks": 0,                                                                                                                        
                       "Temp Written Blocks": 0                                                                                                                      
                     }                                                                                                                                               
                   ]                                                                                                                                                 
                 }                                                                                                                                                   
               ]                                                                                                                                                     
             },                                                                                                                                                      
             {                                                                                                                                                       
               "Node Type": "Hash",                                                                                                                                  
               "Parent Relationship": "Inner",                                                                                                                       
               "Parallel Aware": false,                                                                                                                              
               "Startup Cost": 0.03,                                                                                                                                 
               "Total Cost": 0.03,                                                                                                                                   
               "Plan Rows": 1,                                                                                                                                       
               "Plan Width": 16,                                                                                                                                     
               "Actual Startup Time": 19.631,                                                                                                                        
               "Actual Total Time": 19.631,                                                                                                                          
               "Actual Rows": 2,                                                                                                                                     
               "Actual Loops": 1,                                                                                                                                    
               "Hash Buckets": 1024,                                                                                                                                 
               "Original Hash Buckets": 1024,                                                                                                                        
               "Hash Batches": 1,                                                                                                                                    
               "Original Hash Batches": 1,                                                                                                                           
               "Peak Memory Usage": 9,                                                                                                                               
               "Shared Hit Blocks": 0,                                                                                                                               
               "Shared Read Blocks": 1,                                                                                                                              
               "Shared Dirtied Blocks": 0,                                                                                                                           
               "Shared Written Blocks": 0,                                                                                                                           
               "Local Hit Blocks": 0,                                                                                                                                
               "Local Read Blocks": 0,                                                                                                                               
               "Local Dirtied Blocks": 0,                                                                                                                            
               "Local Written Blocks": 0,                                                                                                                            
               "Temp Read Blocks": 0,                                                                                                                                
               "Temp Written Blocks": 0,                                                                                                                             
               "Plans": [                                                                                                                                            
                 {                                                                                                                                                   
                   "Node Type": "Seq Scan",                                                                                                                          
                   "Parent Relationship": "Outer",                                                                                                                   
                   "Parallel Aware": false,                                                                                                                          
                   "Relation Name": "link_type",                                                                                                                     
                   "Alias": "lt",                                                                                                                                    
                   "Startup Cost": 0.00,                                                                                                                             
                   "Total Cost": 0.03,                                                                                                                               
                   "Plan Rows": 1,                                                                                                                                   
                   "Plan Width": 16,                                                                                                                                 
                   "Actual Startup Time": 19.595,                                                                                                                    
                   "Actual Total Time": 19.610,                                                                                                                      
                   "Actual Rows": 2,                                                                                                                                 
                   "Actual Loops": 1,                                                                                                                                
                   "Filter": "((link)::text ~~ '%follow%'::text)",                                                                                                   
                   "Rows Removed by Filter": 16,                                                                                                                     
                   "Shared Hit Blocks": 0,                                                                                                                           
                   "Shared Read Blocks": 1,                                                                                                                          
                   "Shared Dirtied Blocks": 0,                                                                                                                       
                   "Shared Written Blocks": 0,                                                                                                                       
                   "Local Hit Blocks": 0,                                                                                                                            
                   "Local Read Blocks": 0,                                                                                                                           
                   "Local Dirtied Blocks": 0,                                                                                                                        
                   "Local Written Blocks": 0,                                                                                                                        
                   "Temp Read Blocks": 0,                                                                                                                            
                   "Temp Written Blocks": 0                                                                                                                          
                 }                                                                                                                                                   
               ]                                                                                                                                                     
             }                                                                                                                                                       
           ]                                                                                                                                                         
         }                                                                                                                                                           
       ]                                                                                                                                                             
     },                                                                                                                                                              
     "Planning Time": 10424.993,                                                                                                                                     
     "Triggers": [                                                                                                                                                   
     ],                                                                                                                                                              
     "Execution Time": 13099.815                                                                                                                                     
   }                                                                                                                                                                 
 ]
