 [                                                                                                                                                                   
   {                                                                                                                                                                 
     "Plan": {                                                                                                                                                       
       "Node Type": "Aggregate",                                                                                                                                     
       "Strategy": "Plain",                                                                                                                                          
       "Partial Mode": "Simple",                                                                                                                                     
       "Parallel Aware": false,                                                                                                                                      
       "Startup Cost": 15966.06,                                                                                                                                     
       "Total Cost": 15966.06,                                                                                                                                       
       "Plan Rows": 1,                                                                                                                                               
       "Plan Width": 96,                                                                                                                                             
       "Actual Startup Time": 13275.113,                                                                                                                             
       "Actual Total Time": 13275.113,                                                                                                                               
       "Actual Rows": 1,                                                                                                                                             
       "Actual Loops": 1,                                                                                                                                            
       "Shared Hit Blocks": 5,                                                                                                                                       
       "Shared Read Blocks": 245972,                                                                                                                                 
       "Shared Dirtied Blocks": 0,                                                                                                                                   
       "Shared Written Blocks": 0,                                                                                                                                   
       "Local Hit Blocks": 0,                                                                                                                                        
       "Local Read Blocks": 0,                                                                                                                                       
       "Local Dirtied Blocks": 0,                                                                                                                                    
       "Local Written Blocks": 0,                                                                                                                                    
       "Temp Read Blocks": 0,                                                                                                                                        
       "Temp Written Blocks": 0,                                                                                                                                     
       "Plans": [                                                                                                                                                    
         {                                                                                                                                                           
           "Node Type": "Hash Join",                                                                                                                                 
           "Parent Relationship": "Outer",                                                                                                                           
           "Parallel Aware": false,                                                                                                                                  
           "Join Type": "Inner",                                                                                                                                     
           "Startup Cost": 4569.81,                                                                                                                                  
           "Total Cost": 15966.06,                                                                                                                                   
           "Plan Rows": 1,                                                                                                                                           
           "Plan Width": 48,                                                                                                                                         
           "Actual Startup Time": 11715.542,                                                                                                                         
           "Actual Total Time": 13247.431,                                                                                                                           
           "Actual Rows": 743,                                                                                                                                       
           "Actual Loops": 1,                                                                                                                                        
           "Inner Unique": true,                                                                                                                                     
           "Hash Cond": "(ml.link_type_id = lt.id)",                                                                                                                 
           "Shared Hit Blocks": 5,                                                                                                                                   
           "Shared Read Blocks": 245972,                                                                                                                             
           "Shared Dirtied Blocks": 0,                                                                                                                               
           "Shared Written Blocks": 0,                                                                                                                               
           "Local Hit Blocks": 0,                                                                                                                                    
           "Local Read Blocks": 0,                                                                                                                                   
           "Local Dirtied Blocks": 0,                                                                                                                                
           "Local Written Blocks": 0,                                                                                                                                
           "Temp Read Blocks": 0,                                                                                                                                    
           "Temp Written Blocks": 0,                                                                                                                                 
           "Plans": [                                                                                                                                                
             {                                                                                                                                                       
               "Node Type": "Hash Join",                                                                                                                             
               "Parent Relationship": "Outer",                                                                                                                       
               "Parallel Aware": false,                                                                                                                              
               "Join Type": "Inner",                                                                                                                                 
               "Startup Cost": 4569.77,                                                                                                                              
               "Total Cost": 15966.02,                                                                                                                               
               "Plan Rows": 1,                                                                                                                                       
               "Plan Width": 40,                                                                                                                                     
               "Actual Startup Time": 11691.983,                                                                                                                     
               "Actual Total Time": 13223.481,                                                                                                                       
               "Actual Rows": 743,                                                                                                                                   
               "Actual Loops": 1,                                                                                                                                    
               "Inner Unique": false,                                                                                                                                
               "Hash Cond": "(t.id = ml.movie_id)",                                                                                                                  
               "Shared Hit Blocks": 2,                                                                                                                               
               "Shared Read Blocks": 245971,                                                                                                                         
               "Shared Dirtied Blocks": 0,                                                                                                                           
               "Shared Written Blocks": 0,                                                                                                                           
               "Local Hit Blocks": 0,                                                                                                                                
               "Local Read Blocks": 0,                                                                                                                               
               "Local Dirtied Blocks": 0,                                                                                                                            
               "Local Written Blocks": 0,                                                                                                                            
               "Temp Read Blocks": 0,                                                                                                                                
               "Temp Written Blocks": 0,                                                                                                                             
               "Plans": [                                                                                                                                            
                 {                                                                                                                                                   
                   "Node Type": "Hash Join",                                                                                                                         
                   "Parent Relationship": "Outer",                                                                                                                   
                   "Parallel Aware": false,                                                                                                                          
                   "Join Type": "Inner",                                                                                                                             
                   "Startup Cost": 4558.18,                                                                                                                          
                   "Total Cost": 15954.41,                                                                                                                           
                   "Plan Rows": 1,                                                                                                                                   
                   "Plan Width": 56,                                                                                                                                 
                   "Actual Startup Time": 4286.378,                                                                                                                  
                   "Actual Total Time": 13197.734,                                                                                                                   
                   "Actual Rows": 939,                                                                                                                               
                   "Actual Loops": 1,                                                                                                                                
                   "Inner Unique": true,                                                                                                                             
                   "Hash Cond": "(cc.subject_id = cct.id)",                                                                                                         
                   "Shared Hit Blocks": 2,                                                                                                                           
                   "Shared Read Blocks": 245808,                                                                                                                     
                   "Shared Dirtied Blocks": 0,                                                                                                                       
                   "Shared Written Blocks": 0,                                                                                                                       
                   "Local Hit Blocks": 0,                                                                                                                            
                   "Local Read Blocks": 0,                                                                                                                           
                   "Local Dirtied Blocks": 0,                                                                                                                        
                   "Local Written Blocks": 0,                                                                                                                        
                   "Temp Read Blocks": 0,                                                                                                                            
                   "Temp Written Blocks": 0,                                                                                                                         
                   "Plans": [                                                                                                                                        
                     {                                                                                                                                               
                       "Node Type": "Hash Join",                                                                                                                     
                       "Parent Relationship": "Outer",                                                                                                               
                       "Parallel Aware": false,                                                                                                                      
                       "Join Type": "Inner",                                                                                                                         
                       "Startup Cost": 4558.15,                                                                                                                      
                       "Total Cost": 15954.38,                                                                                                                       
                       "Plan Rows": 1,                                                                                                                               
                       "Plan Width": 60,                                                                                                                             
                       "Actual Startup Time": 4286.345,                                                                                                              
                       "Actual Total Time": 13197.251,                                                                                                               
                       "Actual Rows": 1403,                                                                                                                          
                       "Actual Loops": 1,                                                                                                                            
                       "Inner Unique": false,                                                                                                                        
                       "Hash Cond": "(mi.movie_id = t.id)",                                                                                                          
                       "Shared Hit Blocks": 1,                                                                                                                       
                       "Shared Read Blocks": 245808,                                                                                                                 
                       "Shared Dirtied Blocks": 0,                                                                                                                   
                       "Shared Written Blocks": 0,                                                                                                                   
                       "Local Hit Blocks": 0,                                                                                                                        
                       "Local Read Blocks": 0,                                                                                                                       
                       "Local Dirtied Blocks": 0,                                                                                                                    
                       "Local Written Blocks": 0,                                                                                                                    
                       "Temp Read Blocks": 0,                                                                                                                        
                       "Temp Written Blocks": 0,                                                                                                                     
                       "Plans": [                                                                                                                                    
                         {                                                                                                                                           
                           "Node Type": "Seq Scan",                                                                                                                  
                           "Parent Relationship": "Outer",                                                                                                           
                           "Parallel Aware": false,                                                                                                                  
                           "Relation Name": "movie_info",                                                                                                            
                           "Alias": "mi",                                                                                                                            
                           "Startup Cost": 0.00,                                                                                                                     
                           "Total Cost": 11287.12,                                                                                                                   
                           "Plan Rows": 936891,                                                                                                                      
                           "Plan Width": 4,                                                                                                                          
                           "Actual Startup Time": 24.286,                                                                                                            
                           "Actual Total Time": 8843.992,                                                                                                            
                           "Actual Rows": 936223,                                                                                                                    
                           "Actual Loops": 1,                                                                                                                        
                           "Filter": "(info = ANY ('{Sweden,Norway,Germany,Denmark,Swedish,Denish,Norwegian,German,English}'::text[]))",                             
                           "Rows Removed by Filter": 13899497,                                                                                                       
                           "Shared Hit Blocks": 0,                                                                                                                   
                           "Shared Read Blocks": 161892,                                                                                                             
                           "Shared Dirtied Blocks": 0,                                                                                                               
                           "Shared Written Blocks": 0,                                                                                                               
                           "Local Hit Blocks": 0,                                                                                                                    
                           "Local Read Blocks": 0,                                                                                                                   
                           "Local Dirtied Blocks": 0,                                                                                                                
                           "Local Written Blocks": 0,                                                                                                                
                           "Temp Read Blocks": 0,                                                                                                                    
                           "Temp Written Blocks": 0                                                                                                                  
                         },                                                                                                                                          
                         {                                                                                                                                           
                           "Node Type": "Hash",                                                                                                                      
                           "Parent Relationship": "Inner",                                                                                                           
                           "Parallel Aware": false,                                                                                                                  
                           "Startup Cost": 4558.15,                                                                                                                  
                           "Total Cost": 4558.15,                                                                                                                    
                           "Plan Rows": 1,                                                                                                                           
                           "Plan Width": 56,                                                                                                                         
                           "Actual Startup Time": 4237.891,                                                                                                          
                           "Actual Total Time": 4237.891,                                                                                                            
                           "Actual Rows": 960,                                                                                                                       
                           "Actual Loops": 1,                                                                                                                        
                           "Hash Buckets": 1024,                                                                                                                     
                           "Original Hash Buckets": 1024,                                                                                                            
                           "Hash Batches": 1,                                                                                                                        
                           "Original Hash Batches": 1,                                                                                                               
                           "Peak Memory Usage": 101,                                                                                                                 
                           "Shared Hit Blocks": 1,                                                                                                                   
                           "Shared Read Blocks": 83916,                                                                                                              
                           "Shared Dirtied Blocks": 0,                                                                                                               
                           "Shared Written Blocks": 0,                                                                                                               
                           "Local Hit Blocks": 0,                                                                                                                    
                           "Local Read Blocks": 0,                                                                                                                   
                           "Local Dirtied Blocks": 0,                                                                                                                
                           "Local Written Blocks": 0,                                                                                                                
                           "Temp Read Blocks": 0,                                                                                                                    
                           "Temp Written Blocks": 0,                                                                                                                 
                           "Plans": [                                                                                                                                
                             {                                                                                                                                       
                               "Node Type": "Hash Join",                                                                                                             
                               "Parent Relationship": "Outer",                                                                                                       
                               "Parallel Aware": false,                                                                                                              
                               "Join Type": "Inner",                                                                                                                 
                               "Startup Cost": 2640.28,                                                                                                              
                               "Total Cost": 4558.15,                                                                                                                
                               "Plan Rows": 1,                                                                                                                       
                               "Plan Width": 56,                                                                                                                     
                               "Actual Startup Time": 2456.834,                                                                                                      
                               "Actual Total Time": 4236.952,                                                                                                        
                               "Actual Rows": 960,                                                                                                                   
                               "Actual Loops": 1,                                                                                                                    
                               "Inner Unique": false,                                                                                                                
                               "Hash Cond": "(t.id = mk.movie_id)",                                                                                                  
                               "Shared Hit Blocks": 1,                                                                                                               
                               "Shared Read Blocks": 83916,                                                                                                          
                               "Shared Dirtied Blocks": 0,                                                                                                           
                               "Shared Written Blocks": 0,                                                                                                           
                               "Local Hit Blocks": 0,                                                                                                                
                               "Local Read Blocks": 0,                                                                                                               
                               "Local Dirtied Blocks": 0,                                                                                                            
                               "Local Written Blocks": 0,                                                                                                            
                               "Temp Read Blocks": 0,                                                                                                                
                               "Temp Written Blocks": 0,                                                                                                             
                               "Plans": [                                                                                                                            
                                 {                                                                                                                                   
                                   "Node Type": "Seq Scan",                                                                                                          
                                   "Parent Relationship": "Outer",                                                                                                   
                                   "Parallel Aware": false,                                                                                                          
                                   "Relation Name": "title",                                                                                                         
                                   "Alias": "t",                                                                                                                     
                                   "Startup Cost": 0.00,                                                                                                             
                                   "Total Cost": 1696.56,                                                                                                            
                                   "Plan Rows": 1900368,                                                                                                             
                                   "Plan Width": 21,                                                                                                                 
                                   "Actual Startup Time": 4.933,                                                                                                     
                                   "Actual Total Time": 1443.707,                                                                                                    
                                   "Actual Rows": 1900368,                                                                                                           
                                   "Actual Loops": 1,                                                                                                                
                                   "Filter": "((production_year >= 1950) AND (production_year <= 2010))",                                                            
                                   "Rows Removed by Filter": 627944,                                                                                                 
                                   "Shared Hit Blocks": 0,                                                                                                           
                                   "Shared Read Blocks": 35998,                                                                                                      
                                   "Shared Dirtied Blocks": 0,                                                                                                       
                                   "Shared Written Blocks": 0,                                                                                                       
                                   "Local Hit Blocks": 0,                                                                                                            
                                   "Local Read Blocks": 0,                                                                                                           
                                   "Local Dirtied Blocks": 0,                                                                                                        
                                   "Local Written Blocks": 0,                                                                                                        
                                   "Temp Read Blocks": 0,                                                                                                            
                                   "Temp Written Blocks": 0                                                                                                          
                                 },                                                                                                                                  
                                 {                                                                                                                                   
                                   "Node Type": "Hash",                                                                                                              
                                   "Parent Relationship": "Inner",                                                                                                   
                                   "Parallel Aware": false,                                                                                                          
                                   "Startup Cost": 2640.28,                                                                                                          
                                   "Total Cost": 2640.28,                                                                                                            
                                   "Plan Rows": 1,                                                                                                                   
                                   "Plan Width": 35,                                                                                                                 
                                   "Actual Startup Time": 2419.413,                                                                                                  
                                   "Actual Total Time": 2419.413,                                                                                                    
                                   "Actual Rows": 1054,                                                                                                              
                                   "Actual Loops": 1,                                                                                                                
                                   "Hash Buckets": 2048,                                                                                                             
                                   "Original Hash Buckets": 1024,                                                                                                    
                                   "Hash Batches": 1,                                                                                                                
                                   "Original Hash Batches": 1,                                                                                                       
                                   "Peak Memory Usage": 88,                                                                                                          
                                   "Shared Hit Blocks": 1,                                                                                                           
                                   "Shared Read Blocks": 47918,                                                                                                      
                                   "Shared Dirtied Blocks": 0,                                                                                                       
                                   "Shared Written Blocks": 0,                                                                                                       
                                   "Local Hit Blocks": 0,                                                                                                            
                                   "Local Read Blocks": 0,                                                                                                           
                                   "Local Dirtied Blocks": 0,                                                                                                        
                                   "Local Written Blocks": 0,                                                                                                        
                                   "Temp Read Blocks": 0,                                                                                                            
                                   "Temp Written Blocks": 0,                                                                                                         
                                   "Plans": [                                                                                                                        
                                     {                                                                                                                               
                                       "Node Type": "Hash Join",                                                                                                     
                                       "Parent Relationship": "Outer",                                                                                               
                                       "Parallel Aware": false,                                                                                                      
                                       "Join Type": "Inner",                                                                                                         
                                       "Startup Cost": 1722.39,                                                                                                      
                                       "Total Cost": 2640.28,                                                                                                        
                                       "Plan Rows": 1,                                                                                                               
                                       "Plan Width": 35,                                                                                                             
                                       "Actual Startup Time": 2066.048,                                                                                              
                                       "Actual Total Time": 2418.942,                                                                                                
                                       "Actual Rows": 1054,                                                                                                          
                                       "Actual Loops": 1,                                                                                                            
                                       "Inner Unique": true,                                                                                                         
                                       "Hash Cond": "(mc.company_type_id = ct.id)",                                                                                  
                                       "Shared Hit Blocks": 1,                                                                                                       
                                       "Shared Read Blocks": 47918,                                                                                                  
                                       "Shared Dirtied Blocks": 0,                                                                                                   
                                       "Shared Written Blocks": 0,                                                                                                   
                                       "Local Hit Blocks": 0,                                                                                                        
                                       "Local Read Blocks": 0,                                                                                                       
                                       "Local Dirtied Blocks": 0,                                                                                                    
                                       "Local Written Blocks": 0,                                                                                                    
                                       "Temp Read Blocks": 0,                                                                                                        
                                       "Temp Written Blocks": 0,                                                                                                     
                                       "Plans": [                                                                                                                    
                                         {                                                                                                                           
                                           "Node Type": "Hash Join",                                                                                                 
                                           "Parent Relationship": "Outer",                                                                                           
                                           "Parallel Aware": false,                                                                                                  
                                           "Join Type": "Inner",                                                                                                     
                                           "Startup Cost": 1722.35,                                                                                                  
                                           "Total Cost": 2640.24,                                                                                                    
                                           "Plan Rows": 1,                                                                                                           
                                           "Plan Width": 39,                                                                                                         
                                           "Actual Startup Time": 1537.962,                                                                                          
                                           "Actual Total Time": 2418.350,                                                                                            
                                           "Actual Rows": 1216,                                                                                                      
                                           "Actual Loops": 1,                                                                                                        
                                           "Inner Unique": true,                                                                                                     
                                           "Hash Cond": "(mc.company_id = cn.id)",                                                                                   
                                           "Shared Hit Blocks": 1,                                                                                                   
                                           "Shared Read Blocks": 47917,                                                                                              
                                           "Shared Dirtied Blocks": 0,                                                                                               
                                           "Shared Written Blocks": 0,                                                                                               
                                           "Local Hit Blocks": 0,                                                                                                    
                                           "Local Read Blocks": 0,                                                                                                   
                                           "Local Dirtied Blocks": 0,                                                                                                
                                           "Local Written Blocks": 0,                                                                                                
                                           "Temp Read Blocks": 0,                                                                                                    
                                           "Temp Written Blocks": 0,                                                                                                 
                                           "Plans": [                                                                                                                
                                             {                                                                                                                       
                                               "Node Type": "Hash Join",                                                                                             
                                               "Parent Relationship": "Outer",                                                                                       
                                               "Parallel Aware": false,                                                                                              
                                               "Join Type": "Inner",                                                                                                 
                                               "Startup Cost": 1550.24,                                                                                              
                                               "Total Cost": 2468.13,                                                                                                
                                               "Plan Rows": 5,                                                                                                       
                                               "Plan Width": 24,                                                                                                     
                                               "Actual Startup Time": 1387.057,                                                                                      
                                               "Actual Total Time": 2273.283,                                                                                        
                                               "Actual Rows": 5382,                                                                                                  
                                               "Actual Loops": 1,                                                                                                    
                                               "Inner Unique": false,                                                                                                
                                               "Hash Cond": "(mc.movie_id = mk.movie_id)",                                                                           
                                               "Shared Hit Blocks": 1,                                                                                               
                                               "Shared Read Blocks": 44923,                                                                                          
                                               "Shared Dirtied Blocks": 0,                                                                                           
                                               "Shared Written Blocks": 0,                                                                                           
                                               "Local Hit Blocks": 0,                                                                                                
                                               "Local Read Blocks": 0,                                                                                               
                                               "Local Dirtied Blocks": 0,                                                                                            
                                               "Local Written Blocks": 0,                                                                                            
                                               "Temp Read Blocks": 0,                                                                                                
                                               "Temp Written Blocks": 0,                                                                                             
                                               "Plans": [                                                                                                            
                                                 {                                                                                                                   
                                                   "Node Type": "Seq Scan",                                                                                          
                                                   "Parent Relationship": "Outer",                                                                                   
                                                   "Parallel Aware": false,                                                                                          
                                                   "Relation Name": "movie_companies",                                                                               
                                                   "Alias": "mc",                                                                                                    
                                                   "Startup Cost": 0.00,                                                                                             
                                                   "Total Cost": 769.75,                                                                                             
                                                   "Plan Rows": 1271989,                                                                                             
                                                   "Plan Width": 12,                                                                                                 
                                                   "Actual Startup Time": 2.985,                                                                                     
                                                   "Actual Total Time": 744.876,                                                                                     
                                                   "Actual Rows": 1271989,                                                                                           
                                                   "Actual Loops": 1,                                                                                                
                                                   "Filter": "(note IS NULL)",                                                                                       
                                                   "Rows Removed by Filter": 1337140,                                                                                
                                                   "Shared Hit Blocks": 0,                                                                                           
                                                   "Shared Read Blocks": 18789,                                                                                      
                                                   "Shared Dirtied Blocks": 0,                                                                                       
                                                   "Shared Written Blocks": 0,                                                                                       
                                                   "Local Hit Blocks": 0,                                                                                            
                                                   "Local Read Blocks": 0,                                                                                           
                                                   "Local Dirtied Blocks": 0,                                                                                        
                                                   "Local Written Blocks": 0,                                                                                        
                                                   "Temp Read Blocks": 0,                                                                                            
                                                   "Temp Written Blocks": 0                                                                                          
                                                 },                                                                                                                  
                                                 {                                                                                                                   
                                                   "Node Type": "Hash",                                                                                              
                                                   "Parent Relationship": "Inner",                                                                                   
                                                   "Parallel Aware": false,                                                                                          
                                                   "Startup Cost": 1550.24,                                                                                          
                                                   "Total Cost": 1550.24,                                                                                            
                                                   "Plan Rows": 2,                                                                                                   
                                                   "Plan Width": 12,                                                                                                 
                                                   "Actual Startup Time": 1366.277,                                                                                  
                                                   "Actual Total Time": 1366.277,                                                                                    
                                                   "Actual Rows": 3266,                                                                                              
                                                   "Actual Loops": 1,                                                                                                
                                                   "Hash Buckets": 4096,                                                                                             
                                                   "Original Hash Buckets": 1024,                                                                                    
                                                   "Hash Batches": 1,                                                                                                
                                                   "Original Hash Batches": 1,                                                                                       
                                                   "Peak Memory Usage": 173,                                                                                         
                                                   "Shared Hit Blocks": 1,                                                                                           
                                                   "Shared Read Blocks": 26134,                                                                                      
                                                   "Shared Dirtied Blocks": 0,                                                                                       
                                                   "Shared Written Blocks": 0,                                                                                       
                                                   "Local Hit Blocks": 0,                                                                                            
                                                   "Local Read Blocks": 0,                                                                                           
                                                   "Local Dirtied Blocks": 0,                                                                                        
                                                   "Local Written Blocks": 0,                                                                                        
                                                   "Temp Read Blocks": 0,                                                                                            
                                                   "Temp Written Blocks": 0,                                                                                         
                                                   "Plans": [                                                                                                        
                                                     {                                                                                                               
                                                       "Node Type": "Hash Join",                                                                                     
                                                       "Parent Relationship": "Outer",                                                                               
                                                       "Parallel Aware": false,                                                                                      
                                                       "Join Type": "Inner",                                                                                         
                                                       "Startup Cost": 101.59,                                                                                       
                                                       "Total Cost": 1550.24,                                                                                        
                                                       "Plan Rows": 2,                                                                                               
                                                       "Plan Width": 12,                                                                                             
                                                       "Actual Startup Time": 210.056,                                                                               
                                                       "Actual Total Time": 1364.982,                                                                                
                                                       "Actual Rows": 3266,                                                                                          
                                                       "Actual Loops": 1,                                                                                            
                                                       "Inner Unique": true,                                                                                         
                                                       "Hash Cond": "(cc.status_id = cct.id)",                                                                      
                                                       "Shared Hit Blocks": 1,                                                                                       
                                                       "Shared Read Blocks": 26134,                                                                                  
                                                       "Shared Dirtied Blocks": 0,                                                                                   
                                                       "Shared Written Blocks": 0,                                                                                   
                                                       "Local Hit Blocks": 0,                                                                                        
                                                       "Local Read Blocks": 0,                                                                                       
                                                       "Local Dirtied Blocks": 0,                                                                                    
                                                       "Local Written Blocks": 0,                                                                                    
                                                       "Temp Read Blocks": 0,                                                                                        
                                                       "Temp Written Blocks": 0,                                                                                     
                                                       "Plans": [                                                                                                    
                                                         {                                                                                                           
                                                           "Node Type": "Hash Join",                                                                                 
                                                           "Parent Relationship": "Outer",                                                                           
                                                           "Parallel Aware": false,                                                                                  
                                                           "Join Type": "Inner",                                                                                     
                                                           "Startup Cost": 101.56,                                                                                   
                                                           "Total Cost": 1550.21,                                                                                    
                                                           "Plan Rows": 10,                                                                                          
                                                           "Plan Width": 16,                                                                                         
                                                           "Actual Startup Time": 209.993,                                                                           
                                                           "Actual Total Time": 1363.714,                                                                            
                                                           "Actual Rows": 3266,                                                                                      
                                                           "Actual Loops": 1,                                                                                        
                                                           "Inner Unique": false,                                                                                    
                                                           "Hash Cond": "(mk.movie_id = cc.movie_id)",                                                               
                                                           "Shared Hit Blocks": 0,                                                                                   
                                                           "Shared Read Blocks": 26134,                                                                              
                                                           "Shared Dirtied Blocks": 0,                                                                               
                                                           "Shared Written Blocks": 0,                                                                               
                                                           "Local Hit Blocks": 0,                                                                                    
                                                           "Local Read Blocks": 0,                                                                                   
                                                           "Local Dirtied Blocks": 0,                                                                                
                                                           "Local Written Blocks": 0,                                                                                
                                                           "Temp Read Blocks": 0,                                                                                    
                                                           "Temp Written Blocks": 0,                                                                                 
                                                           "Plans": [                                                                                                
                                                             {                                                                                                       
                                                               "Node Type": "Hash Join",                                                                             
                                                               "Parent Relationship": "Outer",                                                                       
                                                               "Parallel Aware": false,                                                                              
                                                               "Join Type": "Inner",                                                                                 
                                                               "Startup Cost": 49.46,                                                                                
                                                               "Total Cost": 1498.10,                                                                                
                                                               "Plan Rows": 34,                                                                                      
                                                               "Plan Width": 4,                                                                                      
                                                               "Actual Startup Time": 102.177,                                                                       
                                                               "Actual Total Time": 1253.378,                                                                        
                                                               "Actual Rows": 10544,                                                                                 
                                                               "Actual Loops": 1,                                                                                    
                                                               "Inner Unique": true,                                                                                 
                                                               "Hash Cond": "(mk.keyword_id = k.id)",                                                                
                                                               "Shared Hit Blocks": 0,                                                                               
                                                               "Shared Read Blocks": 25403,                                                                          
                                                               "Shared Dirtied Blocks": 0,                                                                           
                                                               "Shared Written Blocks": 0,                                                                           
                                                               "Local Hit Blocks": 0,                                                                                
                                                               "Local Read Blocks": 0,                                                                               
                                                               "Local Dirtied Blocks": 0,                                                                            
                                                               "Local Written Blocks": 0,                                                                            
                                                               "Temp Read Blocks": 0,                                                                                
                                                               "Temp Written Blocks": 0,                                                                             
                                                               "Plans": [                                                                                            
                                                                 {                                                                                                   
                                                                   "Node Type": "Seq Scan",                                                                          
                                                                   "Parent Relationship": "Outer",                                                                   
                                                                   "Parallel Aware": false,                                                                          
                                                                   "Relation Name": "movie_keyword",                                                                 
                                                                   "Alias": "mk",                                                                                    
                                                                   "Startup Cost": 0.00,                                                                             
                                                                   "Total Cost": 1079.84,                                                                            
                                                                   "Plan Rows": 4523930,                                                                             
                                                                   "Plan Width": 8,                                                                                  
                                                                   "Actual Startup Time": 18.488,                                                                    
                                                                   "Actual Total Time": 569.138,                                                                     
                                                                   "Actual Rows": 4523930,                                                                           
                                                                   "Actual Loops": 1,                                                                                
                                                                   "Shared Hit Blocks": 0,                                                                           
                                                                   "Shared Read Blocks": 24454,                                                                      
                                                                   "Shared Dirtied Blocks": 0,                                                                       
                                                                   "Shared Written Blocks": 0,                                                                       
                                                                   "Local Hit Blocks": 0,                                                                            
                                                                   "Local Read Blocks": 0,                                                                           
                                                                   "Local Dirtied Blocks": 0,                                                                        
                                                                   "Local Written Blocks": 0,                                                                        
                                                                   "Temp Read Blocks": 0,                                                                            
                                                                   "Temp Written Blocks": 0                                                                          
                                                                 },                                                                                                  
                                                                 {                                                                                                   
                                                                   "Node Type": "Hash",                                                                              
                                                                   "Parent Relationship": "Inner",                                                                   
                                                                   "Parallel Aware": false,                                                                          
                                                                   "Startup Cost": 49.46,                                                                            
                                                                   "Total Cost": 49.46,                                                                              
                                                                   "Plan Rows": 1,                                                                                   
                                                                   "Plan Width": 4,                                                                                  
                                                                   "Actual Startup Time": 83.300,                                                                    
                                                                   "Actual Total Time": 83.300,                                                                      
                                                                   "Actual Rows": 1,                                                                                 
                                                                   "Actual Loops": 1,                                                                                
                                                                   "Hash Buckets": 1024,                                                                             
                                                                   "Original Hash Buckets": 1024,                                                                    
                                                                   "Hash Batches": 1,                                                                                
                                                                   "Original Hash Batches": 1,                                                                       
                                                                   "Peak Memory Usage": 9,                                                                           
                                                                   "Shared Hit Blocks": 0,                                                                           
                                                                   "Shared Read Blocks": 949,                                                                        
                                                                   "Shared Dirtied Blocks": 0,                                                                       
                                                                   "Shared Written Blocks": 0,                                                                       
                                                                   "Local Hit Blocks": 0,                                                                            
                                                                   "Local Read Blocks": 0,                                                                           
                                                                   "Local Dirtied Blocks": 0,                                                                        
                                                                   "Local Written Blocks": 0,                                                                        
                                                                   "Temp Read Blocks": 0,                                                                            
                                                                   "Temp Written Blocks": 0,                                                                         
                                                                   "Plans": [                                                                                        
                                                                     {                                                                                               
                                                                       "Node Type": "Seq Scan",                                                                      
                                                                       "Parent Relationship": "Outer",                                                               
                                                                       "Parallel Aware": false,                                                                      
                                                                       "Relation Name": "keyword",                                                                   
                                                                       "Alias": "k",                                                                                 
                                                                       "Startup Cost": 0.00,                                                                         
                                                                       "Total Cost": 49.46,                                                                          
                                                                       "Plan Rows": 1,                                                                               
                                                                       "Plan Width": 4,                                                                              
                                                                       "Actual Startup Time": 3.759,                                                                 
                                                                       "Actual Total Time": 83.289,                                                                  
                                                                       "Actual Rows": 1,                                                                             
                                                                       "Actual Loops": 1,                                                                            
                                                                       "Filter": "(keyword = 'sequel'::text)",                                                       
                                                                       "Rows Removed by Filter": 134169,                                                             
                                                                       "Shared Hit Blocks": 0,                                                                       
                                                                       "Shared Read Blocks": 949,                                                                    
                                                                       "Shared Dirtied Blocks": 0,                                                                   
                                                                       "Shared Written Blocks": 0,                                                                   
                                                                       "Local Hit Blocks": 0,                                                                        
                                                                       "Local Read Blocks": 0,                                                                       
                                                                       "Local Dirtied Blocks": 0,                                                                    
                                                                       "Local Written Blocks": 0,                                                                    
                                                                       "Temp Read Blocks": 0,                                                                        
                                                                       "Temp Written Blocks": 0                                                                      
                                                                     }                                                                                               
                                                                   ]                                                                                                 
                                                                 }                                                                                                   
                                                               ]                                                                                                     
                                                             },                                                                                                      
                                                             {                                                                                                       
                                                               "Node Type": "Hash",                                                                                  
                                                               "Parent Relationship": "Inner",                                                                       
                                                               "Parallel Aware": false,                                                                              
                                                               "Startup Cost": 32.27,                                                                                
                                                               "Total Cost": 32.27,                                                                                  
                                                               "Plan Rows": 135086,                                                                                  
                                                               "Plan Width": 12,                                                                                     
                                                               "Actual Startup Time": 104.911,                                                                       
                                                               "Actual Total Time": 104.911,                                                                         
                                                               "Actual Rows": 135086,                                                                                
                                                               "Actual Loops": 1,                                                                                    
                                                               "Hash Buckets": 262144,                                                                               
                                                               "Original Hash Buckets": 262144,                                                                      
                                                               "Hash Batches": 1,                                                                                    
                                                               "Original Hash Batches": 1,                                                                           
                                                               "Peak Memory Usage": 7853,                                                                            
                                                               "Shared Hit Blocks": 0,                                                                               
                                                               "Shared Read Blocks": 731,                                                                            
                                                               "Shared Dirtied Blocks": 0,                                                                           
                                                               "Shared Written Blocks": 0,                                                                           
                                                               "Local Hit Blocks": 0,                                                                                
                                                               "Local Read Blocks": 0,                                                                               
                                                               "Local Dirtied Blocks": 0,                                                                            
                                                               "Local Written Blocks": 0,                                                                            
                                                               "Temp Read Blocks": 0,                                                                                
                                                               "Temp Written Blocks": 0,                                                                             
                                                               "Plans": [                                                                                            
                                                                 {                                                                                                   
                                                                   "Node Type": "Seq Scan",                                                                          
                                                                   "Parent Relationship": "Outer",                                                                   
                                                                   "Parallel Aware": false,                                                                          
                                                                   "Relation Name": "complete_cast",                                                                 
                                                                   "Alias": "cc",                                                                                    
                                                                   "Startup Cost": 0.00,                                                                             
                                                                   "Total Cost": 32.27,                                                                              
                                                                   "Plan Rows": 135086,                                                                              
                                                                   "Plan Width": 12,                                                                                 
                                                                   "Actual Startup Time": 25.374,                                                                    
                                                                   "Actual Total Time": 61.241,                                                                      
                                                                   "Actual Rows": 135086,                                                                            
                                                                   "Actual Loops": 1,                                                                                
                                                                   "Shared Hit Blocks": 0,                                                                           
                                                                   "Shared Read Blocks": 731,                                                                        
                                                                   "Shared Dirtied Blocks": 0,                                                                       
                                                                   "Shared Written Blocks": 0,                                                                       
                                                                   "Local Hit Blocks": 0,                                                                            
                                                                   "Local Read Blocks": 0,                                                                           
                                                                   "Local Dirtied Blocks": 0,                                                                        
                                                                   "Local Written Blocks": 0,                                                                        
                                                                   "Temp Read Blocks": 0,                                                                            
                                                                   "Temp Written Blocks": 0                                                                          
                                                                 }                                                                                                   
                                                               ]                                                                                                     
                                                             }                                                                                                       
                                                           ]                                                                                                         
                                                         },                                                                                                          
                                                         {                                                                                                           
                                                           "Node Type": "Hash",                                                                                      
                                                           "Parent Relationship": "Inner",                                                                           
                                                           "Parallel Aware": false,                                                                                  
                                                           "Startup Cost": 0.03,                                                                                     
                                                           "Total Cost": 0.03,                                                                                       
                                                           "Plan Rows": 1,                                                                                           
                                                           "Plan Width": 4,                                                                                          
                                                           "Actual Startup Time": 0.035,                                                                             
                                                           "Actual Total Time": 0.035,                                                                               
                                                           "Actual Rows": 2,                                                                                         
                                                           "Actual Loops": 1,                                                                                        
                                                           "Hash Buckets": 1024,                                                                                     
                                                           "Original Hash Buckets": 1024,                                                                            
                                                           "Hash Batches": 1,                                                                                        
                                                           "Original Hash Batches": 1,                                                                               
                                                           "Peak Memory Usage": 9,                                                                                   
                                                           "Shared Hit Blocks": 1,                                                                                   
                                                           "Shared Read Blocks": 0,                                                                                  
                                                           "Shared Dirtied Blocks": 0,                                                                               
                                                           "Shared Written Blocks": 0,                                                                               
                                                           "Local Hit Blocks": 0,                                                                                    
                                                           "Local Read Blocks": 0,                                                                                   
                                                           "Local Dirtied Blocks": 0,                                                                                
                                                           "Local Written Blocks": 0,                                                                                
                                                           "Temp Read Blocks": 0,                                                                                    
                                                           "Temp Written Blocks": 0,                                                                                 
                                                           "Plans": [                                                                                                
                                                             {                                                                                                       
                                                               "Node Type": "Seq Scan",                                                                              
                                                               "Parent Relationship": "Outer",                                                                       
                                                               "Parallel Aware": false,                                                                              
                                                               "Relation Name": "comp_cast_type",                                                                    
                                                               "Alias": "cct",                                                                                      
                                                               "Startup Cost": 0.00,                                                                                 
                                                               "Total Cost": 0.03,                                                                                   
                                                               "Plan Rows": 1,                                                                                       
                                                               "Plan Width": 4,                                                                                      
                                                               "Actual Startup Time": 0.016,                                                                         
                                                               "Actual Total Time": 0.019,                                                                           
                                                               "Actual Rows": 2,                                                                                     
                                                               "Actual Loops": 1,                                                                                    
                                                               "Filter": "((kind)::text ~~ 'complete%'::text)",                                                      
                                                               "Rows Removed by Filter": 2,                                                                          
                                                               "Shared Hit Blocks": 1,                                                                               
                                                               "Shared Read Blocks": 0,                                                                              
                                                               "Shared Dirtied Blocks": 0,                                                                           
                                                               "Shared Written Blocks": 0,                                                                           
                                                               "Local Hit Blocks": 0,                                                                                
                                                               "Local Read Blocks": 0,                                                                               
                                                               "Local Dirtied Blocks": 0,                                                                            
                                                               "Local Written Blocks": 0,                                                                            
                                                               "Temp Read Blocks": 0,                                                                                
                                                               "Temp Written Blocks": 0                                                                              
                                                             }                                                                                                       
                                                           ]                                                                                                         
                                                         }                                                                                                           
                                                       ]                                                                                                             
                                                     }                                                                                                               
                                                   ]                                                                                                                 
                                                 }                                                                                                                   
                                               ]                                                                                                                     
                                             },                                                                                                                      
                                             {                                                                                                                       
                                               "Node Type": "Hash",                                                                                                  
                                               "Parent Relationship": "Inner",                                                                                       
                                               "Parallel Aware": false,                                                                                              
                                               "Startup Cost": 164.90,                                                                                               
                                               "Total Cost": 164.90,                                                                                                 
                                               "Plan Rows": 49161,                                                                                                   
                                               "Plan Width": 23,                                                                                                     
                                               "Actual Startup Time": 142.779,                                                                                       
                                               "Actual Total Time": 142.779,                                                                                         
                                               "Actual Rows": 48302,                                                                                                 
                                               "Actual Loops": 1,                                                                                                    
                                               "Hash Buckets": 65536,                                                                                                
                                               "Original Hash Buckets": 65536,                                                                                       
                                               "Hash Batches": 1,                                                                                                    
                                               "Original Hash Batches": 1,                                                                                           
                                               "Peak Memory Usage": 3137,                                                                                            
                                               "Shared Hit Blocks": 0,                                                                                               
                                               "Shared Read Blocks": 2994,                                                                                           
                                               "Shared Dirtied Blocks": 0,                                                                                           
                                               "Shared Written Blocks": 0,                                                                                           
                                               "Local Hit Blocks": 0,                                                                                                
                                               "Local Read Blocks": 0,                                                                                               
                                               "Local Dirtied Blocks": 0,                                                                                            
                                               "Local Written Blocks": 0,                                                                                            
                                               "Temp Read Blocks": 0,                                                                                                
                                               "Temp Written Blocks": 0,                                                                                             
                                               "Plans": [                                                                                                            
                                                 {                                                                                                                   
                                                   "Node Type": "Seq Scan",                                                                                          
                                                   "Parent Relationship": "Outer",                                                                                   
                                                   "Parallel Aware": false,                                                                                          
                                                   "Relation Name": "company_name",                                                                                  
                                                   "Alias": "cn",                                                                                                    
                                                   "Startup Cost": 0.00,                                                                                             
                                                   "Total Cost": 164.90,                                                                                             
                                                   "Plan Rows": 49161,                                                                                               
                                                   "Plan Width": 23,                                                                                                 
                                                   "Actual Startup Time": 7.338,                                                                                     
                                                   "Actual Total Time": 125.551,                                                                                     
                                                   "Actual Rows": 48302,                                                                                             
                                                   "Actual Loops": 1,                                                                                                
                                                   "Filter": "(((country_code)::text <> '[pl]'::text) AND ((name ~~ '%Film%'::text) OR (name ~~ '%Warner%'::text)))",
                                                   "Rows Removed by Filter": 186695,                                                                                 
                                                   "Shared Hit Blocks": 0,                                                                                           
                                                   "Shared Read Blocks": 2994,                                                                                       
                                                   "Shared Dirtied Blocks": 0,                                                                                       
                                                   "Shared Written Blocks": 0,                                                                                       
                                                   "Local Hit Blocks": 0,                                                                                            
                                                   "Local Read Blocks": 0,                                                                                           
                                                   "Local Dirtied Blocks": 0,                                                                                        
                                                   "Local Written Blocks": 0,                                                                                        
                                                   "Temp Read Blocks": 0,                                                                                            
                                                   "Temp Written Blocks": 0                                                                                          
                                                 }                                                                                                                   
                                               ]                                                                                                                     
                                             }                                                                                                                       
                                           ]                                                                                                                         
                                         },                                                                                                                          
                                         {                                                                                                                           
                                           "Node Type": "Hash",                                                                                                      
                                           "Parent Relationship": "Inner",                                                                                           
                                           "Parallel Aware": false,                                                                                                  
                                           "Startup Cost": 0.03,                                                                                                     
                                           "Total Cost": 0.03,                                                                                                       
                                           "Plan Rows": 1,                                                                                                           
                                           "Plan Width": 4,                                                                                                          
                                           "Actual Startup Time": 0.135,                                                                                             
                                           "Actual Total Time": 0.135,                                                                                               
                                           "Actual Rows": 1,                                                                                                         
                                           "Actual Loops": 1,                                                                                                        
                                           "Hash Buckets": 1024,                                                                                                     
                                           "Original Hash Buckets": 1024,                                                                                            
                                           "Hash Batches": 1,                                                                                                        
                                           "Original Hash Batches": 1,                                                                                               
                                           "Peak Memory Usage": 9,                                                                                                   
                                           "Shared Hit Blocks": 0,                                                                                                   
                                           "Shared Read Blocks": 1,                                                                                                  
                                           "Shared Dirtied Blocks": 0,                                                                                               
                                           "Shared Written Blocks": 0,                                                                                               
                                           "Local Hit Blocks": 0,                                                                                                    
                                           "Local Read Blocks": 0,                                                                                                   
                                           "Local Dirtied Blocks": 0,                                                                                                
                                           "Local Written Blocks": 0,                                                                                                
                                           "Temp Read Blocks": 0,                                                                                                    
                                           "Temp Written Blocks": 0,                                                                                                 
                                           "Plans": [                                                                                                                
                                             {                                                                                                                       
                                               "Node Type": "Seq Scan",                                                                                              
                                               "Parent Relationship": "Outer",                                                                                       
                                               "Parallel Aware": false,                                                                                              
                                               "Relation Name": "company_type",                                                                                      
                                               "Alias": "ct",                                                                                                        
                                               "Startup Cost": 0.00,                                                                                                 
                                               "Total Cost": 0.03,                                                                                                   
                                               "Plan Rows": 1,                                                                                                       
                                               "Plan Width": 4,                                                                                                      
                                               "Actual Startup Time": 0.120,                                                                                         
                                               "Actual Total Time": 0.123,                                                                                           
                                               "Actual Rows": 1,                                                                                                     
                                               "Actual Loops": 1,                                                                                                    
                                               "Filter": "((kind)::text = 'production companies'::text)",                                                            
                                               "Rows Removed by Filter": 3,                                                                                          
                                               "Shared Hit Blocks": 0,                                                                                               
                                               "Shared Read Blocks": 1,                                                                                              
                                               "Shared Dirtied Blocks": 0,                                                                                           
                                               "Shared Written Blocks": 0,                                                                                           
                                               "Local Hit Blocks": 0,                                                                                                
                                               "Local Read Blocks": 0,                                                                                               
                                               "Local Dirtied Blocks": 0,                                                                                            
                                               "Local Written Blocks": 0,                                                                                            
                                               "Temp Read Blocks": 0,                                                                                                
                                               "Temp Written Blocks": 0                                                                                              
                                             }                                                                                                                       
                                           ]                                                                                                                         
                                         }                                                                                                                           
                                       ]                                                                                                                             
                                     }                                                                                                                               
                                   ]                                                                                                                                 
                                 }                                                                                                                                   
                               ]                                                                                                                                     
                             }                                                                                                                                       
                           ]                                                                                                                                         
                         }                                                                                                                                           
                       ]                                                                                                                                             
                     },                                                                                                                                              
                     {                                                                                                                                               
                       "Node Type": "Hash",                                                                                                                          
                       "Parent Relationship": "Inner",                                                                                                               
                       "Parallel Aware": false,                                                                                                                      
                       "Startup Cost": 0.03,                                                                                                                         
                       "Total Cost": 0.03,                                                                                                                           
                       "Plan Rows": 1,                                                                                                                               
                       "Plan Width": 4,                                                                                                                              
                       "Actual Startup Time": 0.014,                                                                                                                 
                       "Actual Total Time": 0.015,                                                                                                                   
                       "Actual Rows": 1,                                                                                                                             
                       "Actual Loops": 1,                                                                                                                            
                       "Hash Buckets": 1024,                                                                                                                         
                       "Original Hash Buckets": 1024,                                                                                                                
                       "Hash Batches": 1,                                                                                                                            
                       "Original Hash Batches": 1,                                                                                                                   
                       "Peak Memory Usage": 9,                                                                                                                       
                       "Shared Hit Blocks": 1,                                                                                                                       
                       "Shared Read Blocks": 0,                                                                                                                      
                       "Shared Dirtied Blocks": 0,                                                                                                                   
                       "Shared Written Blocks": 0,                                                                                                                   
                       "Local Hit Blocks": 0,                                                                                                                        
                       "Local Read Blocks": 0,                                                                                                                       
                       "Local Dirtied Blocks": 0,                                                                                                                    
                       "Local Written Blocks": 0,                                                                                                                    
                       "Temp Read Blocks": 0,                                                                                                                        
                       "Temp Written Blocks": 0,                                                                                                                     
                       "Plans": [                                                                                                                                    
                         {                                                                                                                                           
                           "Node Type": "Seq Scan",                                                                                                                  
                           "Parent Relationship": "Outer",                                                                                                           
                           "Parallel Aware": false,                                                                                                                  
                           "Relation Name": "comp_cast_type",                                                                                                        
                           "Alias": "cct",                                                                                                                          
                           "Startup Cost": 0.00,                                                                                                                     
                           "Total Cost": 0.03,                                                                                                                       
                           "Plan Rows": 1,                                                                                                                           
                           "Plan Width": 4,                                                                                                                          
                           "Actual Startup Time": 0.009,                                                                                                             
                           "Actual Total Time": 0.011,                                                                                                               
                           "Actual Rows": 1,                                                                                                                         
                           "Actual Loops": 1,                                                                                                                        
                           "Filter": "((kind)::text = 'cast'::text)",                                                                                                
                           "Rows Removed by Filter": 3,                                                                                                              
                           "Shared Hit Blocks": 1,                                                                                                                   
                           "Shared Read Blocks": 0,                                                                                                                  
                           "Shared Dirtied Blocks": 0,                                                                                                               
                           "Shared Written Blocks": 0,                                                                                                               
                           "Local Hit Blocks": 0,                                                                                                                    
                           "Local Read Blocks": 0,                                                                                                                   
                           "Local Dirtied Blocks": 0,                                                                                                                
                           "Local Written Blocks": 0,                                                                                                                
                           "Temp Read Blocks": 0,                                                                                                                    
                           "Temp Written Blocks": 0                                                                                                                  
                         }                                                                                                                                           
                       ]                                                                                                                                             
                     }                                                                                                                                               
                   ]                                                                                                                                                 
                 },                                                                                                                                                  
                 {                                                                                                                                                   
                   "Node Type": "Hash",                                                                                                                              
                   "Parent Relationship": "Inner",                                                                                                                   
                   "Parallel Aware": false,                                                                                                                          
                   "Startup Cost": 7.19,                                                                                                                             
                   "Total Cost": 7.19,                                                                                                                               
                   "Plan Rows": 29997,                                                                                                                               
                   "Plan Width": 8,                                                                                                                                  
                   "Actual Startup Time": 24.992,                                                                                                                    
                   "Actual Total Time": 24.992,                                                                                                                      
                   "Actual Rows": 29997,                                                                                                                             
                   "Actual Loops": 1,                                                                                                                                
                   "Hash Buckets": 32768,                                                                                                                            
                   "Original Hash Buckets": 32768,                                                                                                                   
                   "Hash Batches": 1,                                                                                                                                
                   "Original Hash Batches": 1,                                                                                                                       
                   "Peak Memory Usage": 1428,                                                                                                                        
                   "Shared Hit Blocks": 0,                                                                                                                           
                   "Shared Read Blocks": 163,                                                                                                                        
                   "Shared Dirtied Blocks": 0,                                                                                                                       
                   "Shared Written Blocks": 0,                                                                                                                       
                   "Local Hit Blocks": 0,                                                                                                                            
                   "Local Read Blocks": 0,                                                                                                                           
                   "Local Dirtied Blocks": 0,                                                                                                                        
                   "Local Written Blocks": 0,                                                                                                                        
                   "Temp Read Blocks": 0,                                                                                                                            
                   "Temp Written Blocks": 0,                                                                                                                         
                   "Plans": [                                                                                                                                        
                     {                                                                                                                                               
                       "Node Type": "Seq Scan",                                                                                                                      
                       "Parent Relationship": "Outer",                                                                                                               
                       "Parallel Aware": false,                                                                                                                      
                       "Relation Name": "movie_link",                                                                                                                
                       "Alias": "ml",                                                                                                                                
                       "Startup Cost": 0.00,                                                                                                                         
                       "Total Cost": 7.19,                                                                                                                           
                       "Plan Rows": 29997,                                                                                                                           
                       "Plan Width": 8,                                                                                                                              
                       "Actual Startup Time": 0.191,                                                                                                                 
                       "Actual Total Time": 12.248,                                                                                                                  
                       "Actual Rows": 29997,                                                                                                                         
                       "Actual Loops": 1,                                                                                                                            
                       "Shared Hit Blocks": 0,                                                                                                                       
                       "Shared Read Blocks": 163,                                                                                                                    
                       "Shared Dirtied Blocks": 0,                                                                                                                   
                       "Shared Written Blocks": 0,                                                                                                                   
                       "Local Hit Blocks": 0,                                                                                                                        
                       "Local Read Blocks": 0,                                                                                                                       
                       "Local Dirtied Blocks": 0,                                                                                                                    
                       "Local Written Blocks": 0,                                                                                                                    
                       "Temp Read Blocks": 0,                                                                                                                        
                       "Temp Written Blocks": 0                                                                                                                      
                     }                                                                                                                                               
                   ]                                                                                                                                                 
                 }                                                                                                                                                   
               ]                                                                                                                                                     
             },                                                                                                                                                      
             {                                                                                                                                                       
               "Node Type": "Hash",                                                                                                                                  
               "Parent Relationship": "Inner",                                                                                                                       
               "Parallel Aware": false,                                                                                                                              
               "Startup Cost": 0.03,                                                                                                                                 
               "Total Cost": 0.03,                                                                                                                                   
               "Plan Rows": 1,                                                                                                                                       
               "Plan Width": 16,                                                                                                                                     
               "Actual Startup Time": 23.530,                                                                                                                        
               "Actual Total Time": 23.530,                                                                                                                          
               "Actual Rows": 2,                                                                                                                                     
               "Actual Loops": 1,                                                                                                                                    
               "Hash Buckets": 1024,                                                                                                                                 
               "Original Hash Buckets": 1024,                                                                                                                        
               "Hash Batches": 1,                                                                                                                                    
               "Original Hash Batches": 1,                                                                                                                           
               "Peak Memory Usage": 9,                                                                                                                               
               "Shared Hit Blocks": 0,                                                                                                                               
               "Shared Read Blocks": 1,                                                                                                                              
               "Shared Dirtied Blocks": 0,                                                                                                                           
               "Shared Written Blocks": 0,                                                                                                                           
               "Local Hit Blocks": 0,                                                                                                                                
               "Local Read Blocks": 0,                                                                                                                               
               "Local Dirtied Blocks": 0,                                                                                                                            
               "Local Written Blocks": 0,                                                                                                                            
               "Temp Read Blocks": 0,                                                                                                                                
               "Temp Written Blocks": 0,                                                                                                                             
               "Plans": [                                                                                                                                            
                 {                                                                                                                                                   
                   "Node Type": "Seq Scan",                                                                                                                          
                   "Parent Relationship": "Outer",                                                                                                                   
                   "Parallel Aware": false,                                                                                                                          
                   "Relation Name": "link_type",                                                                                                                     
                   "Alias": "lt",                                                                                                                                    
                   "Startup Cost": 0.00,                                                                                                                             
                   "Total Cost": 0.03,                                                                                                                               
                   "Plan Rows": 1,                                                                                                                                   
                   "Plan Width": 16,                                                                                                                                 
                   "Actual Startup Time": 23.493,                                                                                                                    
                   "Actual Total Time": 23.508,                                                                                                                      
                   "Actual Rows": 2,                                                                                                                                 
                   "Actual Loops": 1,                                                                                                                                
                   "Filter": "((link)::text ~~ '%follow%'::text)",                                                                                                   
                   "Rows Removed by Filter": 16,                                                                                                                     
                   "Shared Hit Blocks": 0,                                                                                                                           
                   "Shared Read Blocks": 1,                                                                                                                          
                   "Shared Dirtied Blocks": 0,                                                                                                                       
                   "Shared Written Blocks": 0,                                                                                                                       
                   "Local Hit Blocks": 0,                                                                                                                            
                   "Local Read Blocks": 0,                                                                                                                           
                   "Local Dirtied Blocks": 0,                                                                                                                        
                   "Local Written Blocks": 0,                                                                                                                        
                   "Temp Read Blocks": 0,                                                                                                                            
                   "Temp Written Blocks": 0                                                                                                                          
                 }                                                                                                                                                   
               ]                                                                                                                                                     
             }                                                                                                                                                       
           ]                                                                                                                                                         
         }                                                                                                                                                           
       ]                                                                                                                                                             
     },                                                                                                                                                              
     "Planning Time": 10521.252,                                                                                                                                     
     "Triggers": [                                                                                                                                                   
     ],                                                                                                                                                              
     "Execution Time": 13275.799                                                                                                                                     
   }                                                                                                                                                                 
 ]
