 [                                                                                                                                                             
   {                                                                                                                                                           
     "Plan": {                                                                                                                                                 
       "Node Type": "Aggregate",                                                                                                                               
       "Strategy": "Plain",                                                                                                                                    
       "Partial Mode": "Simple",                                                                                                                               
       "Parallel Aware": false,                                                                                                                                
       "Startup Cost": 17135.39,                                                                                                                               
       "Total Cost": 17135.39,                                                                                                                                 
       "Plan Rows": 1,                                                                                                                                         
       "Plan Width": 96,                                                                                                                                       
       "Actual Startup Time": 13562.783,                                                                                                                       
       "Actual Total Time": 13562.783,                                                                                                                         
       "Actual Rows": 1,                                                                                                                                       
       "Actual Loops": 1,                                                                                                                                      
       "Shared Hit Blocks": 5,                                                                                                                                 
       "Shared Read Blocks": 254264,                                                                                                                           
       "Shared Dirtied Blocks": 0,                                                                                                                             
       "Shared Written Blocks": 0,                                                                                                                             
       "Local Hit Blocks": 0,                                                                                                                                  
       "Local Read Blocks": 0,                                                                                                                                 
       "Local Dirtied Blocks": 0,                                                                                                                              
       "Local Written Blocks": 0,                                                                                                                              
       "Temp Read Blocks": 0,                                                                                                                                  
       "Temp Written Blocks": 0,                                                                                                                               
       "Plans": [                                                                                                                                              
         {                                                                                                                                                     
           "Node Type": "Hash Join",                                                                                                                           
           "Parent Relationship": "Outer",                                                                                                                     
           "Parallel Aware": false,                                                                                                                            
           "Join Type": "Inner",                                                                                                                               
           "Startup Cost": 5189.06,                                                                                                                            
           "Total Cost": 17135.39,                                                                                                                             
           "Plan Rows": 1,                                                                                                                                     
           "Plan Width": 42,                                                                                                                                   
           "Actual Startup Time": 12265.929,                                                                                                                   
           "Actual Total Time": 13561.118,                                                                                                                     
           "Actual Rows": 4803,                                                                                                                                
           "Actual Loops": 1,                                                                                                                                  
           "Inner Unique": true,                                                                                                                               
           "Hash Cond": "(mc.company_type_id = ct.id)",                                                                                                        
           "Shared Hit Blocks": 5,                                                                                                                             
           "Shared Read Blocks": 254264,                                                                                                                       
           "Shared Dirtied Blocks": 0,                                                                                                                         
           "Shared Written Blocks": 0,                                                                                                                         
           "Local Hit Blocks": 0,                                                                                                                              
           "Local Read Blocks": 0,                                                                                                                             
           "Local Dirtied Blocks": 0,                                                                                                                          
           "Local Written Blocks": 0,                                                                                                                          
           "Temp Read Blocks": 0,                                                                                                                              
           "Temp Written Blocks": 0,                                                                                                                           
           "Plans": [                                                                                                                                          
             {                                                                                                                                                 
               "Node Type": "Hash Join",                                                                                                                       
               "Parent Relationship": "Outer",                                                                                                                 
               "Parallel Aware": false,                                                                                                                        
               "Join Type": "Inner",                                                                                                                           
               "Startup Cost": 5189.03,                                                                                                                        
               "Total Cost": 17135.36,                                                                                                                         
               "Plan Rows": 1,                                                                                                                                 
               "Plan Width": 46,                                                                                                                               
               "Actual Startup Time": 12249.858,                                                                                                               
               "Actual Total Time": 13543.872,                                                                                                                 
               "Actual Rows": 4803,                                                                                                                            
               "Actual Loops": 1,                                                                                                                              
               "Inner Unique": true,                                                                                                                           
               "Hash Cond": "(mc.company_id = cn.id)",                                                                                                         
               "Shared Hit Blocks": 2,                                                                                                                         
               "Shared Read Blocks": 254263,                                                                                                                   
               "Shared Dirtied Blocks": 0,                                                                                                                     
               "Shared Written Blocks": 0,                                                                                                                     
               "Local Hit Blocks": 0,                                                                                                                          
               "Local Read Blocks": 0,                                                                                                                         
               "Local Dirtied Blocks": 0,                                                                                                                      
               "Local Written Blocks": 0,                                                                                                                      
               "Temp Read Blocks": 0,                                                                                                                          
               "Temp Written Blocks": 0,                                                                                                                       
               "Plans": [                                                                                                                                      
                 {                                                                                                                                             
                   "Node Type": "Hash Join",                                                                                                                   
                   "Parent Relationship": "Outer",                                                                                                             
                   "Parallel Aware": false,                                                                                                                    
                   "Join Type": "Inner",                                                                                                                       
                   "Startup Cost": 5042.10,                                                                                                                    
                   "Total Cost": 16988.43,                                                                                                                     
                   "Plan Rows": 1,                                                                                                                             
                   "Plan Width": 31,                                                                                                                           
                   "Actual Startup Time": 12093.199,                                                                                                           
                   "Actual Total Time": 13385.162,                                                                                                             
                   "Actual Rows": 4955,                                                                                                                        
                   "Actual Loops": 1,                                                                                                                          
                   "Inner Unique": false,                                                                                                                      
                   "Hash Cond": "(t.id = mc.movie_id)",                                                                                                        
                   "Shared Hit Blocks": 2,                                                                                                                     
                   "Shared Read Blocks": 251269,                                                                                                               
                   "Shared Dirtied Blocks": 0,                                                                                                                 
                   "Shared Written Blocks": 0,                                                                                                                 
                   "Local Hit Blocks": 0,                                                                                                                      
                   "Local Read Blocks": 0,                                                                                                                     
                   "Local Dirtied Blocks": 0,                                                                                                                  
                   "Local Written Blocks": 0,                                                                                                                  
                   "Temp Read Blocks": 0,                                                                                                                      
                   "Temp Written Blocks": 0,                                                                                                                   
                   "Plans": [                                                                                                                                  
                     {                                                                                                                                         
                       "Node Type": "Hash Join",                                                                                                               
                       "Parent Relationship": "Outer",                                                                                                         
                       "Parallel Aware": false,                                                                                                                
                       "Join Type": "Inner",                                                                                                                   
                       "Startup Cost": 3846.17,                                                                                                                
                       "Total Cost": 15792.50,                                                                                                                 
                       "Plan Rows": 1,                                                                                                                         
                       "Plan Width": 43,                                                                                                                       
                       "Actual Startup Time": 11142.290,                                                                                                       
                       "Actual Total Time": 12433.074,                                                                                                         
                       "Actual Rows": 432,                                                                                                                     
                       "Actual Loops": 1,                                                                                                                      
                       "Inner Unique": true,                                                                                                                   
                       "Hash Cond": "(mi_idx.info_type_id = it.id)",                                                                                          
                       "Shared Hit Blocks": 2,                                                                                                                 
                       "Shared Read Blocks": 232480,                                                                                                           
                       "Shared Dirtied Blocks": 0,                                                                                                             
                       "Shared Written Blocks": 0,                                                                                                             
                       "Local Hit Blocks": 0,                                                                                                                  
                       "Local Read Blocks": 0,                                                                                                                 
                       "Local Dirtied Blocks": 0,                                                                                                              
                       "Local Written Blocks": 0,                                                                                                              
                       "Temp Read Blocks": 0,                                                                                                                  
                       "Temp Written Blocks": 0,                                                                                                               
                       "Plans": [                                                                                                                              
                         {                                                                                                                                     
                           "Node Type": "Hash Join",                                                                                                           
                           "Parent Relationship": "Outer",                                                                                                     
                           "Parallel Aware": false,                                                                                                            
                           "Join Type": "Inner",                                                                                                               
                           "Startup Cost": 3846.12,                                                                                                            
                           "Total Cost": 15792.45,                                                                                                             
                           "Plan Rows": 1,                                                                                                                     
                           "Plan Width": 47,                                                                                                                   
                           "Actual Startup Time": 11122.085,                                                                                                   
                           "Actual Total Time": 12412.598,                                                                                                     
                           "Actual Rows": 1372,                                                                                                                
                           "Actual Loops": 1,                                                                                                                  
                           "Inner Unique": true,                                                                                                               
                           "Hash Cond": "(mi.info_type_id = it.id)",                                                                                          
                           "Shared Hit Blocks": 2,                                                                                                             
                           "Shared Read Blocks": 232479,                                                                                                       
                           "Shared Dirtied Blocks": 0,                                                                                                         
                           "Shared Written Blocks": 0,                                                                                                         
                           "Local Hit Blocks": 0,                                                                                                              
                           "Local Read Blocks": 0,                                                                                                             
                           "Local Dirtied Blocks": 0,                                                                                                          
                           "Local Written Blocks": 0,                                                                                                          
                           "Temp Read Blocks": 0,                                                                                                              
                           "Temp Written Blocks": 0,                                                                                                           
                           "Plans": [                                                                                                                          
                             {                                                                                                                                 
                               "Node Type": "Hash Join",                                                                                                       
                               "Parent Relationship": "Outer",                                                                                                 
                               "Parallel Aware": false,                                                                                                        
                               "Join Type": "Inner",                                                                                                           
                               "Startup Cost": 3846.08,                                                                                                        
                               "Total Cost": 15792.40,                                                                                                         
                               "Plan Rows": 1,                                                                                                                 
                               "Plan Width": 51,                                                                                                               
                               "Actual Startup Time": 4029.167,                                                                                                
                               "Actual Total Time": 12412.060,                                                                                                 
                               "Actual Rows": 1534,                                                                                                            
                               "Actual Loops": 1,                                                                                                              
                               "Inner Unique": false,                                                                                                          
                               "Hash Cond": "(mi.movie_id = t.id)",                                                                                            
                               "Shared Hit Blocks": 1,                                                                                                         
                               "Shared Read Blocks": 232479,                                                                                                   
                               "Shared Dirtied Blocks": 0,                                                                                                     
                               "Shared Written Blocks": 0,                                                                                                     
                               "Local Hit Blocks": 0,                                                                                                          
                               "Local Read Blocks": 0,                                                                                                         
                               "Local Dirtied Blocks": 0,                                                                                                      
                               "Local Written Blocks": 0,                                                                                                      
                               "Temp Read Blocks": 0,                                                                                                          
                               "Temp Written Blocks": 0,                                                                                                       
                               "Plans": [                                                                                                                      
                                 {                                                                                                                             
                                   "Node Type": "Seq Scan",                                                                                                    
                                   "Parent Relationship": "Outer",                                                                                             
                                   "Parallel Aware": false,                                                                                                    
                                   "Relation Name": "movie_info",                                                                                              
                                   "Alias": "mi",                                                                                                              
                                   "Startup Cost": 0.00,                                                                                                       
                                   "Total Cost": 11863.04,                                                                                                     
                                   "Plan Rows": 715132,                                                                                                        
                                   "Plan Width": 8,                                                                                                            
                                   "Actual Startup Time": 37.443,                                                                                              
                                   "Actual Total Time": 8372.652,                                                                                              
                                   "Actual Rows": 716210,                                                                                                      
                                   "Actual Loops": 1,                                                                                                          
                                   "Filter": "(info = ANY ('{Sweden,Norway,Germany,Denmark,Swedish,Danish,Norwegian,German,USA,American}'::text[]))",          
                                   "Rows Removed by Filter": 14119510,                                                                                         
                                   "Shared Hit Blocks": 0,                                                                                                     
                                   "Shared Read Blocks": 161892,                                                                                               
                                   "Shared Dirtied Blocks": 0,                                                                                                 
                                   "Shared Written Blocks": 0,                                                                                                 
                                   "Local Hit Blocks": 0,                                                                                                      
                                   "Local Read Blocks": 0,                                                                                                     
                                   "Local Dirtied Blocks": 0,                                                                                                  
                                   "Local Written Blocks": 0,                                                                                                  
                                   "Temp Read Blocks": 0,                                                                                                      
                                   "Temp Written Blocks": 0                                                                                                    
                                 },                                                                                                                            
                                 {                                                                                                                             
                                   "Node Type": "Hash",                                                                                                        
                                   "Parent Relationship": "Inner",                                                                                             
                                   "Parallel Aware": false,                                                                                                    
                                   "Startup Cost": 3846.08,                                                                                                    
                                   "Total Cost": 3846.08,                                                                                                      
                                   "Plan Rows": 1,                                                                                                             
                                   "Plan Width": 43,                                                                                                           
                                   "Actual Startup Time": 3953.522,                                                                                            
                                   "Actual Total Time": 3953.522,                                                                                              
                                   "Actual Rows": 1499,                                                                                                        
                                   "Actual Loops": 1,                                                                                                          
                                   "Hash Buckets": 2048,                                                                                                       
                                   "Original Hash Buckets": 1024,                                                                                              
                                   "Hash Batches": 1,                                                                                                          
                                   "Original Hash Batches": 1,                                                                                                 
                                   "Peak Memory Usage": 128,                                                                                                   
                                   "Shared Hit Blocks": 1,                                                                                                     
                                   "Shared Read Blocks": 70587,                                                                                                
                                   "Shared Dirtied Blocks": 0,                                                                                                 
                                   "Shared Written Blocks": 0,                                                                                                 
                                   "Local Hit Blocks": 0,                                                                                                      
                                   "Local Read Blocks": 0,                                                                                                     
                                   "Local Dirtied Blocks": 0,                                                                                                  
                                   "Local Written Blocks": 0,                                                                                                  
                                   "Temp Read Blocks": 0,                                                                                                      
                                   "Temp Written Blocks": 0,                                                                                                   
                                   "Plans": [                                                                                                                  
                                     {                                                                                                                         
                                       "Node Type": "Hash Join",                                                                                               
                                       "Parent Relationship": "Outer",                                                                                         
                                       "Parallel Aware": false,                                                                                                
                                       "Join Type": "Inner",                                                                                                   
                                       "Startup Cost": 3221.89,                                                                                                
                                       "Total Cost": 3846.08,                                                                                                  
                                       "Plan Rows": 1,                                                                                                         
                                       "Plan Width": 43,                                                                                                       
                                       "Actual Startup Time": 3380.549,                                                                                        
                                       "Actual Total Time": 3952.727,                                                                                          
                                       "Actual Rows": 1499,                                                                                                    
                                       "Actual Loops": 1,                                                                                                      
                                       "Inner Unique": true,                                                                                                   
                                       "Hash Cond": "(cc.subject_id = cct.id)",                                                                               
                                       "Shared Hit Blocks": 1,                                                                                                 
                                       "Shared Read Blocks": 70587,                                                                                            
                                       "Shared Dirtied Blocks": 0,                                                                                             
                                       "Shared Written Blocks": 0,                                                                                             
                                       "Local Hit Blocks": 0,                                                                                                  
                                       "Local Read Blocks": 0,                                                                                                 
                                       "Local Dirtied Blocks": 0,                                                                                              
                                       "Local Written Blocks": 0,                                                                                              
                                       "Temp Read Blocks": 0,                                                                                                  
                                       "Temp Written Blocks": 0,                                                                                               
                                       "Plans": [                                                                                                              
                                         {                                                                                                                     
                                           "Node Type": "Hash Join",                                                                                           
                                           "Parent Relationship": "Outer",                                                                                     
                                           "Parallel Aware": false,                                                                                            
                                           "Join Type": "Inner",                                                                                               
                                           "Startup Cost": 3221.86,                                                                                            
                                           "Total Cost": 3846.04,                                                                                              
                                           "Plan Rows": 1,                                                                                                     
                                           "Plan Width": 47,                                                                                                   
                                           "Actual Startup Time": 3337.703,                                                                                    
                                           "Actual Total Time": 3931.789,                                                                                      
                                           "Actual Rows": 6251,                                                                                                
                                           "Actual Loops": 1,                                                                                                  
                                           "Inner Unique": true,                                                                                               
                                           "Hash Cond": "(cc.status_id = cct.id)",                                                                            
                                           "Shared Hit Blocks": 1,                                                                                             
                                           "Shared Read Blocks": 70586,                                                                                        
                                           "Shared Dirtied Blocks": 0,                                                                                         
                                           "Shared Written Blocks": 0,                                                                                         
                                           "Local Hit Blocks": 0,                                                                                              
                                           "Local Read Blocks": 0,                                                                                             
                                           "Local Dirtied Blocks": 0,                                                                                          
                                           "Local Written Blocks": 0,                                                                                          
                                           "Temp Read Blocks": 0,                                                                                              
                                           "Temp Written Blocks": 0,                                                                                           
                                           "Plans": [                                                                                                          
                                             {                                                                                                                 
                                               "Node Type": "Hash Join",                                                                                       
                                               "Parent Relationship": "Outer",                                                                                 
                                               "Parallel Aware": false,                                                                                        
                                               "Join Type": "Inner",                                                                                           
                                               "Startup Cost": 3221.83,                                                                                        
                                               "Total Cost": 3846.01,                                                                                          
                                               "Plan Rows": 1,                                                                                                 
                                               "Plan Width": 51,                                                                                               
                                               "Actual Startup Time": 3337.629,                                                                                
                                               "Actual Total Time": 3929.335,                                                                                  
                                               "Actual Rows": 9179,                                                                                            
                                               "Actual Loops": 1,                                                                                              
                                               "Inner Unique": false,                                                                                          
                                               "Hash Cond": "(t.id = cc.movie_id)",                                                                            
                                               "Shared Hit Blocks": 0,                                                                                         
                                               "Shared Read Blocks": 70586,                                                                                    
                                               "Shared Dirtied Blocks": 0,                                                                                     
                                               "Shared Written Blocks": 0,                                                                                     
                                               "Local Hit Blocks": 0,                                                                                          
                                               "Local Read Blocks": 0,                                                                                         
                                               "Local Dirtied Blocks": 0,                                                                                      
                                               "Local Written Blocks": 0,                                                                                      
                                               "Temp Read Blocks": 0,                                                                                          
                                               "Temp Written Blocks": 0,                                                                                       
                                               "Plans": [                                                                                                      
                                                 {                                                                                                             
                                                   "Node Type": "Hash Join",                                                                                   
                                                   "Parent Relationship": "Outer",                                                                             
                                                   "Parallel Aware": false,                                                                                    
                                                   "Join Type": "Inner",                                                                                       
                                                   "Startup Cost": 3169.73,                                                                                    
                                                   "Total Cost": 3793.91,                                                                                      
                                                   "Plan Rows": 11,                                                                                            
                                                   "Plan Width": 39,                                                                                           
                                                   "Actual Startup Time": 3245.412,                                                                            
                                                   "Actual Total Time": 3834.869,                                                                              
                                                   "Actual Rows": 27838,                                                                                       
                                                   "Actual Loops": 1,                                                                                          
                                                   "Inner Unique": false,                                                                                      
                                                   "Hash Cond": "(mi_idx.movie_id = t.id)",                                                                    
                                                   "Shared Hit Blocks": 0,                                                                                     
                                                   "Shared Read Blocks": 69855,                                                                                
                                                   "Shared Dirtied Blocks": 0,                                                                                 
                                                   "Shared Written Blocks": 0,                                                                                 
                                                   "Local Hit Blocks": 0,                                                                                      
                                                   "Local Read Blocks": 0,                                                                                     
                                                   "Local Dirtied Blocks": 0,                                                                                  
                                                   "Local Written Blocks": 0,                                                                                  
                                                   "Temp Read Blocks": 0,                                                                                      
                                                   "Temp Written Blocks": 0,                                                                                   
                                                   "Plans": [                                                                                                  
                                                     {                                                                                                         
                                                       "Node Type": "Seq Scan",                                                                                
                                                       "Parent Relationship": "Outer",                                                                         
                                                       "Parallel Aware": false,                                                                                
                                                       "Relation Name": "movie_info_idx",                                                                      
                                                       "Alias": "mi_idx",                                                                                      
                                                       "Startup Cost": 0.00,                                                                                   
                                                       "Total Cost": 467.71,                                                                                   
                                                       "Plan Rows": 1343551,                                                                                   
                                                       "Plan Width": 14,                                                                                       
                                                       "Actual Startup Time": 6.227,                                                                           
                                                       "Actual Total Time": 435.026,                                                                           
                                                       "Actual Rows": 1343555,                                                                                 
                                                       "Actual Loops": 1,                                                                                      
                                                       "Filter": "(info < '8.5'::text)",                                                                       
                                                       "Rows Removed by Filter": 36480,                                                                        
                                                       "Shared Hit Blocks": 0,                                                                                 
                                                       "Shared Read Blocks": 8453,                                                                             
                                                       "Shared Dirtied Blocks": 0,                                                                             
                                                       "Shared Written Blocks": 0,                                                                             
                                                       "Local Hit Blocks": 0,                                                                                  
                                                       "Local Read Blocks": 0,                                                                                 
                                                       "Local Dirtied Blocks": 0,                                                                              
                                                       "Local Written Blocks": 0,                                                                              
                                                       "Temp Read Blocks": 0,                                                                                  
                                                       "Temp Written Blocks": 0                                                                                
                                                     },                                                                                                        
                                                     {                                                                                                         
                                                       "Node Type": "Hash",                                                                                    
                                                       "Parent Relationship": "Inner",                                                                         
                                                       "Parallel Aware": false,                                                                                
                                                       "Startup Cost": 3169.73,                                                                                
                                                       "Total Cost": 3169.73,                                                                                  
                                                       "Plan Rows": 21,                                                                                        
                                                       "Plan Width": 25,                                                                                       
                                                       "Actual Startup Time": 3208.949,                                                                        
                                                       "Actual Total Time": 3208.949,                                                                          
                                                       "Actual Rows": 11686,                                                                                   
                                                       "Actual Loops": 1,                                                                                      
                                                       "Hash Buckets": 16384,                                                                                  
                                                       "Original Hash Buckets": 1024,                                                                          
                                                       "Hash Batches": 1,                                                                                      
                                                       "Original Hash Batches": 1,                                                                             
                                                       "Peak Memory Usage": 780,                                                                               
                                                       "Shared Hit Blocks": 0,                                                                                 
                                                       "Shared Read Blocks": 61402,                                                                            
                                                       "Shared Dirtied Blocks": 0,                                                                             
                                                       "Shared Written Blocks": 0,                                                                             
                                                       "Local Hit Blocks": 0,                                                                                  
                                                       "Local Read Blocks": 0,                                                                                 
                                                       "Local Dirtied Blocks": 0,                                                                              
                                                       "Local Written Blocks": 0,                                                                              
                                                       "Temp Read Blocks": 0,                                                                                  
                                                       "Temp Written Blocks": 0,                                                                               
                                                       "Plans": [                                                                                              
                                                         {                                                                                                     
                                                           "Node Type": "Hash Join",                                                                           
                                                           "Parent Relationship": "Outer",                                                                     
                                                           "Parallel Aware": false,                                                                            
                                                           "Join Type": "Inner",                                                                               
                                                           "Startup Cost": 1508.57,                                                                            
                                                           "Total Cost": 3169.73,                                                                              
                                                           "Plan Rows": 21,                                                                                    
                                                           "Plan Width": 25,                                                                                   
                                                           "Actual Startup Time": 1295.205,                                                                    
                                                           "Actual Total Time": 3201.337,                                                                      
                                                           "Actual Rows": 11686,                                                                               
                                                           "Actual Loops": 1,                                                                                  
                                                           "Inner Unique": true,                                                                               
                                                           "Hash Cond": "(t.kind_id = kt.id)",                                                                 
                                                           "Shared Hit Blocks": 0,                                                                             
                                                           "Shared Read Blocks": 61402,                                                                        
                                                           "Shared Dirtied Blocks": 0,                                                                         
                                                           "Shared Written Blocks": 0,                                                                         
                                                           "Local Hit Blocks": 0,                                                                              
                                                           "Local Read Blocks": 0,                                                                             
                                                           "Local Dirtied Blocks": 0,                                                                          
                                                           "Local Written Blocks": 0,                                                                          
                                                           "Temp Read Blocks": 0,                                                                              
                                                           "Temp Written Blocks": 0,                                                                           
                                                           "Plans": [                                                                                          
                                                             {                                                                                                 
                                                               "Node Type": "Hash Join",                                                                       
                                                               "Parent Relationship": "Outer",                                                                 
                                                               "Parallel Aware": false,                                                                        
                                                               "Join Type": "Inner",                                                                           
                                                               "Startup Cost": 1508.54,                                                                        
                                                               "Total Cost": 3169.69,                                                                          
                                                               "Plan Rows": 74,                                                                                
                                                               "Plan Width": 29,                                                                               
                                                               "Actual Startup Time": 1279.304,                                                                
                                                               "Actual Total Time": 3179.363,                                                                  
                                                               "Actual Rows": 14771,                                                                           
                                                               "Actual Loops": 1,                                                                              
                                                               "Inner Unique": false,                                                                          
                                                               "Hash Cond": "(t.id = mk.movie_id)",                                                            
                                                               "Shared Hit Blocks": 0,                                                                         
                                                               "Shared Read Blocks": 61401,                                                                    
                                                               "Shared Dirtied Blocks": 0,                                                                     
                                                               "Shared Written Blocks": 0,                                                                     
                                                               "Local Hit Blocks": 0,                                                                          
                                                               "Local Read Blocks": 0,                                                                         
                                                               "Local Dirtied Blocks": 0,                                                                      
                                                               "Local Written Blocks": 0,                                                                      
                                                               "Temp Read Blocks": 0,                                                                          
                                                               "Temp Written Blocks": 0,                                                                       
                                                               "Plans": [                                                                                      
                                                                 {                                                                                             
                                                                   "Node Type": "Seq Scan",                                                                    
                                                                   "Parent Relationship": "Outer",                                                             
                                                                   "Parallel Aware": false,                                                                    
                                                                   "Relation Name": "title",                                                                   
                                                                   "Alias": "t",                                                                               
                                                                   "Startup Cost": 0.00,                                                                       
                                                                   "Total Cost": 1500.26,                                                                      
                                                                   "Plan Rows": 1381453,                                                                       
                                                                   "Plan Width": 25,                                                                           
                                                                   "Actual Startup Time": 20.347,                                                              
                                                                   "Actual Total Time": 1526.688,                                                              
                                                                   "Actual Rows": 1381453,                                                                     
                                                                   "Actual Loops": 1,                                                                          
                                                                   "Filter": "(production_year > 2000)",                                                       
                                                                   "Rows Removed by Filter": 1146859,                                                          
                                                                   "Shared Hit Blocks": 0,                                                                     
                                                                   "Shared Read Blocks": 35998,                                                                
                                                                   "Shared Dirtied Blocks": 0,                                                                 
                                                                   "Shared Written Blocks": 0,                                                                 
                                                                   "Local Hit Blocks": 0,                                                                      
                                                                   "Local Read Blocks": 0,                                                                     
                                                                   "Local Dirtied Blocks": 0,                                                                  
                                                                   "Local Written Blocks": 0,                                                                  
                                                                   "Temp Read Blocks": 0,                                                                      
                                                                   "Temp Written Blocks": 0                                                                    
                                                                 },                                                                                            
                                                                 {                                                                                             
                                                                   "Node Type": "Hash",                                                                        
                                                                   "Parent Relationship": "Inner",                                                             
                                                                   "Parallel Aware": false,                                                                    
                                                                   "Startup Cost": 1508.52,                                                                    
                                                                   "Total Cost": 1508.52,                                                                      
                                                                   "Plan Rows": 135,                                                                           
                                                                   "Plan Width": 4,                                                                            
                                                                   "Actual Startup Time": 1246.976,                                                            
                                                                   "Actual Total Time": 1246.976,                                                              
                                                                   "Actual Rows": 37091,                                                                       
                                                                   "Actual Loops": 1,                                                                          
                                                                   "Hash Buckets": 65536,                                                                      
                                                                   "Original Hash Buckets": 1024,                                                              
                                                                   "Hash Batches": 1,                                                                          
                                                                   "Original Hash Batches": 1,                                                                 
                                                                   "Peak Memory Usage": 1816,                                                                  
                                                                   "Shared Hit Blocks": 0,                                                                     
                                                                   "Shared Read Blocks": 25403,                                                                
                                                                   "Shared Dirtied Blocks": 0,                                                                 
                                                                   "Shared Written Blocks": 0,                                                                 
                                                                   "Local Hit Blocks": 0,                                                                      
                                                                   "Local Read Blocks": 0,                                                                     
                                                                   "Local Dirtied Blocks": 0,                                                                  
                                                                   "Local Written Blocks": 0,                                                                  
                                                                   "Temp Read Blocks": 0,                                                                      
                                                                   "Temp Written Blocks": 0,                                                                   
                                                                   "Plans": [                                                                                  
                                                                     {                                                                                         
                                                                       "Node Type": "Hash Join",                                                               
                                                                       "Parent Relationship": "Outer",                                                         
                                                                       "Parallel Aware": false,                                                                
                                                                       "Join Type": "Inner",                                                                   
                                                                       "Startup Cost": 59.88,                                                                  
                                                                       "Total Cost": 1508.52,                                                                  
                                                                       "Plan Rows": 135,                                                                       
                                                                       "Plan Width": 4,                                                                        
                                                                       "Actual Startup Time": 87.880,                                                          
                                                                       "Actual Total Time": 1237.442,                                                          
                                                                       "Actual Rows": 37091,                                                                   
                                                                       "Actual Loops": 1,                                                                      
                                                                       "Inner Unique": true,                                                                   
                                                                       "Hash Cond": "(mk.keyword_id = k.id)",                                                  
                                                                       "Shared Hit Blocks": 0,                                                                 
                                                                       "Shared Read Blocks": 25403,                                                            
                                                                       "Shared Dirtied Blocks": 0,                                                             
                                                                       "Shared Written Blocks": 0,                                                             
                                                                       "Local Hit Blocks": 0,                                                                  
                                                                       "Local Read Blocks": 0,                                                                 
                                                                       "Local Dirtied Blocks": 0,                                                              
                                                                       "Local Written Blocks": 0,                                                              
                                                                       "Temp Read Blocks": 0,                                                                  
                                                                       "Temp Written Blocks": 0,                                                               
                                                                       "Plans": [                                                                              
                                                                         {                                                                                     
                                                                           "Node Type": "Seq Scan",                                                            
                                                                           "Parent Relationship": "Outer",                                                     
                                                                           "Parallel Aware": false,                                                            
                                                                           "Relation Name": "movie_keyword",                                                   
                                                                           "Alias": "mk",                                                                      
                                                                           "Startup Cost": 0.00,                                                               
                                                                           "Total Cost": 1079.84,                                                              
                                                                           "Plan Rows": 4523930,                                                               
                                                                           "Plan Width": 8,                                                                    
                                                                           "Actual Startup Time": 4.370,                                                       
                                                                           "Actual Total Time": 554.788,                                                       
                                                                           "Actual Rows": 4523930,                                                             
                                                                           "Actual Loops": 1,                                                                  
                                                                           "Shared Hit Blocks": 0,                                                             
                                                                           "Shared Read Blocks": 24454,                                                        
                                                                           "Shared Dirtied Blocks": 0,                                                         
                                                                           "Shared Written Blocks": 0,                                                         
                                                                           "Local Hit Blocks": 0,                                                              
                                                                           "Local Read Blocks": 0,                                                             
                                                                           "Local Dirtied Blocks": 0,                                                          
                                                                           "Local Written Blocks": 0,                                                          
                                                                           "Temp Read Blocks": 0,                                                              
                                                                           "Temp Written Blocks": 0                                                            
                                                                         },                                                                                    
                                                                         {                                                                                     
                                                                           "Node Type": "Hash",                                                                
                                                                           "Parent Relationship": "Inner",                                                     
                                                                           "Parallel Aware": false,                                                            
                                                                           "Startup Cost": 59.88,                                                              
                                                                           "Total Cost": 59.88,                                                                
                                                                           "Plan Rows": 4,                                                                     
                                                                           "Plan Width": 4,                                                                    
                                                                           "Actual Startup Time": 83.426,                                                      
                                                                           "Actual Total Time": 83.426,                                                        
                                                                           "Actual Rows": 3,                                                                   
                                                                           "Actual Loops": 1,                                                                  
                                                                           "Hash Buckets": 1024,                                                               
                                                                           "Original Hash Buckets": 1024,                                                      
                                                                           "Hash Batches": 1,                                                                  
                                                                           "Original Hash Batches": 1,                                                         
                                                                           "Peak Memory Usage": 9,                                                             
                                                                           "Shared Hit Blocks": 0,                                                             
                                                                           "Shared Read Blocks": 949,                                                          
                                                                           "Shared Dirtied Blocks": 0,                                                         
                                                                           "Shared Written Blocks": 0,                                                         
                                                                           "Local Hit Blocks": 0,                                                              
                                                                           "Local Read Blocks": 0,                                                             
                                                                           "Local Dirtied Blocks": 0,                                                          
                                                                           "Local Written Blocks": 0,                                                          
                                                                           "Temp Read Blocks": 0,                                                              
                                                                           "Temp Written Blocks": 0,                                                           
                                                                           "Plans": [                                                                          
                                                                             {                                                                                 
                                                                               "Node Type": "Seq Scan",                                                        
                                                                               "Parent Relationship": "Outer",                                                 
                                                                               "Parallel Aware": false,                                                        
                                                                               "Relation Name": "keyword",                                                     
                                                                               "Alias": "k",                                                                   
                                                                               "Startup Cost": 0.00,                                                           
                                                                               "Total Cost": 59.88,                                                            
                                                                               "Plan Rows": 4,                                                                 
                                                                               "Plan Width": 4,                                                                
                                                                               "Actual Startup Time": 23.097,                                                  
                                                                               "Actual Total Time": 83.412,                                                    
                                                                               "Actual Rows": 3,                                                               
                                                                               "Actual Loops": 1,                                                              
                                                                               "Filter": "(keyword = ANY ('{murder,murder-in-title,blood,violence}'::text[]))",
                                                                               "Rows Removed by Filter": 134167,                                               
                                                                               "Shared Hit Blocks": 0,                                                         
                                                                               "Shared Read Blocks": 949,                                                      
                                                                               "Shared Dirtied Blocks": 0,                                                     
                                                                               "Shared Written Blocks": 0,                                                     
                                                                               "Local Hit Blocks": 0,                                                          
                                                                               "Local Read Blocks": 0,                                                         
                                                                               "Local Dirtied Blocks": 0,                                                      
                                                                               "Local Written Blocks": 0,                                                      
                                                                               "Temp Read Blocks": 0,                                                          
                                                                               "Temp Written Blocks": 0                                                        
                                                                             }                                                                                 
                                                                           ]                                                                                   
                                                                         }                                                                                     
                                                                       ]                                                                                       
                                                                     }                                                                                         
                                                                   ]                                                                                           
                                                                 }                                                                                             
                                                               ]                                                                                               
                                                             },                                                                                                
                                                             {                                                                                                 
                                                               "Node Type": "Hash",                                                                            
                                                               "Parent Relationship": "Inner",                                                                 
                                                               "Parallel Aware": false,                                                                        
                                                               "Startup Cost": 0.03,                                                                           
                                                               "Total Cost": 0.03,                                                                             
                                                               "Plan Rows": 2,                                                                                 
                                                               "Plan Width": 4,                                                                                
                                                               "Actual Startup Time": 14.202,                                                                  
                                                               "Actual Total Time": 14.202,                                                                    
                                                               "Actual Rows": 2,                                                                               
                                                               "Actual Loops": 1,                                                                              
                                                               "Hash Buckets": 1024,                                                                           
                                                               "Original Hash Buckets": 1024,                                                                  
                                                               "Hash Batches": 1,                                                                              
                                                               "Original Hash Batches": 1,                                                                     
                                                               "Peak Memory Usage": 9,                                                                         
                                                               "Shared Hit Blocks": 0,                                                                         
                                                               "Shared Read Blocks": 1,                                                                        
                                                               "Shared Dirtied Blocks": 0,                                                                     
                                                               "Shared Written Blocks": 0,                                                                     
                                                               "Local Hit Blocks": 0,                                                                          
                                                               "Local Read Blocks": 0,                                                                         
                                                               "Local Dirtied Blocks": 0,                                                                      
                                                               "Local Written Blocks": 0,                                                                      
                                                               "Temp Read Blocks": 0,                                                                          
                                                               "Temp Written Blocks": 0,                                                                       
                                                               "Plans": [                                                                                      
                                                                 {                                                                                             
                                                                   "Node Type": "Seq Scan",                                                                    
                                                                   "Parent Relationship": "Outer",                                                             
                                                                   "Parallel Aware": false,                                                                    
                                                                   "Relation Name": "kind_type",                                                               
                                                                   "Alias": "kt",                                                                              
                                                                   "Startup Cost": 0.00,                                                                       
                                                                   "Total Cost": 0.03,                                                                         
                                                                   "Plan Rows": 2,                                                                             
                                                                   "Plan Width": 4,                                                                            
                                                                   "Actual Startup Time": 14.180,                                                              
                                                                   "Actual Total Time": 14.188,                                                                
                                                                   "Actual Rows": 2,                                                                           
                                                                   "Actual Loops": 1,                                                                          
                                                                   "Filter": "((kind)::text = ANY ('{movie,episode}'::text[]))",                               
                                                                   "Rows Removed by Filter": 5,                                                                
                                                                   "Shared Hit Blocks": 0,                                                                     
                                                                   "Shared Read Blocks": 1,                                                                    
                                                                   "Shared Dirtied Blocks": 0,                                                                 
                                                                   "Shared Written Blocks": 0,                                                                 
                                                                   "Local Hit Blocks": 0,                                                                      
                                                                   "Local Read Blocks": 0,                                                                     
                                                                   "Local Dirtied Blocks": 0,                                                                  
                                                                   "Local Written Blocks": 0,                                                                  
                                                                   "Temp Read Blocks": 0,                                                                      
                                                                   "Temp Written Blocks": 0                                                                    
                                                                 }                                                                                             
                                                               ]                                                                                               
                                                             }                                                                                                 
                                                           ]                                                                                                   
                                                         }                                                                                                     
                                                       ]                                                                                                       
                                                     }                                                                                                         
                                                   ]                                                                                                           
                                                 },                                                                                                            
                                                 {                                                                                                             
                                                   "Node Type": "Hash",                                                                                        
                                                   "Parent Relationship": "Inner",                                                                             
                                                   "Parallel Aware": false,                                                                                    
                                                   "Startup Cost": 32.27,                                                                                      
                                                   "Total Cost": 32.27,                                                                                        
                                                   "Plan Rows": 135086,                                                                                        
                                                   "Plan Width": 12,                                                                                           
                                                   "Actual Startup Time": 85.157,                                                                              
                                                   "Actual Total Time": 85.157,                                                                                
                                                   "Actual Rows": 135086,                                                                                      
                                                   "Actual Loops": 1,                                                                                          
                                                   "Hash Buckets": 262144,                                                                                     
                                                   "Original Hash Buckets": 262144,                                                                            
                                                   "Hash Batches": 1,                                                                                          
                                                   "Original Hash Batches": 1,                                                                                 
                                                   "Peak Memory Usage": 7853,                                                                                  
                                                   "Shared Hit Blocks": 0,                                                                                     
                                                   "Shared Read Blocks": 731,                                                                                  
                                                   "Shared Dirtied Blocks": 0,                                                                                 
                                                   "Shared Written Blocks": 0,                                                                                 
                                                   "Local Hit Blocks": 0,                                                                                      
                                                   "Local Read Blocks": 0,                                                                                     
                                                   "Local Dirtied Blocks": 0,                                                                                  
                                                   "Local Written Blocks": 0,                                                                                  
                                                   "Temp Read Blocks": 0,                                                                                      
                                                   "Temp Written Blocks": 0,                                                                                   
                                                   "Plans": [                                                                                                  
                                                     {                                                                                                         
                                                       "Node Type": "Seq Scan",                                                                                
                                                       "Parent Relationship": "Outer",                                                                         
                                                       "Parallel Aware": false,                                                                                
                                                       "Relation Name": "complete_cast",                                                                       
                                                       "Alias": "cc",                                                                                          
                                                       "Startup Cost": 0.00,                                                                                   
                                                       "Total Cost": 32.27,                                                                                    
                                                       "Plan Rows": 135086,                                                                                    
                                                       "Plan Width": 12,                                                                                       
                                                       "Actual Startup Time": 7.370,                                                                           
                                                       "Actual Total Time": 42.792,                                                                            
                                                       "Actual Rows": 135086,                                                                                  
                                                       "Actual Loops": 1,                                                                                      
                                                       "Shared Hit Blocks": 0,                                                                                 
                                                       "Shared Read Blocks": 731,                                                                              
                                                       "Shared Dirtied Blocks": 0,                                                                             
                                                       "Shared Written Blocks": 0,                                                                             
                                                       "Local Hit Blocks": 0,                                                                                  
                                                       "Local Read Blocks": 0,                                                                                 
                                                       "Local Dirtied Blocks": 0,                                                                              
                                                       "Local Written Blocks": 0,                                                                              
                                                       "Temp Read Blocks": 0,                                                                                  
                                                       "Temp Written Blocks": 0                                                                                
                                                     }                                                                                                         
                                                   ]                                                                                                           
                                                 }                                                                                                             
                                               ]                                                                                                               
                                             },                                                                                                                
                                             {                                                                                                                 
                                               "Node Type": "Hash",                                                                                            
                                               "Parent Relationship": "Inner",                                                                                 
                                               "Parallel Aware": false,                                                                                        
                                               "Startup Cost": 0.03,                                                                                           
                                               "Total Cost": 0.03,                                                                                             
                                               "Plan Rows": 3,                                                                                                 
                                               "Plan Width": 4,                                                                                                
                                               "Actual Startup Time": 0.032,                                                                                   
                                               "Actual Total Time": 0.032,                                                                                     
                                               "Actual Rows": 3,                                                                                               
                                               "Actual Loops": 1,                                                                                              
                                               "Hash Buckets": 1024,                                                                                           
                                               "Original Hash Buckets": 1024,                                                                                  
                                               "Hash Batches": 1,                                                                                              
                                               "Original Hash Batches": 1,                                                                                     
                                               "Peak Memory Usage": 9,                                                                                         
                                               "Shared Hit Blocks": 1,                                                                                         
                                               "Shared Read Blocks": 0,                                                                                        
                                               "Shared Dirtied Blocks": 0,                                                                                     
                                               "Shared Written Blocks": 0,                                                                                     
                                               "Local Hit Blocks": 0,                                                                                          
                                               "Local Read Blocks": 0,                                                                                         
                                               "Local Dirtied Blocks": 0,                                                                                      
                                               "Local Written Blocks": 0,                                                                                      
                                               "Temp Read Blocks": 0,                                                                                          
                                               "Temp Written Blocks": 0,                                                                                       
                                               "Plans": [                                                                                                      
                                                 {                                                                                                             
                                                   "Node Type": "Seq Scan",                                                                                    
                                                   "Parent Relationship": "Outer",                                                                             
                                                   "Parallel Aware": false,                                                                                    
                                                   "Relation Name": "comp_cast_type",                                                                          
                                                   "Alias": "cct",                                                                                            
                                                   "Startup Cost": 0.00,                                                                                       
                                                   "Total Cost": 0.03,                                                                                         
                                                   "Plan Rows": 3,                                                                                             
                                                   "Plan Width": 4,                                                                                            
                                                   "Actual Startup Time": 0.011,                                                                               
                                                   "Actual Total Time": 0.015,                                                                                 
                                                   "Actual Rows": 3,                                                                                           
                                                   "Actual Loops": 1,                                                                                          
                                                   "Filter": "((kind)::text <> 'completeverified'::text)",                                                    
                                                   "Rows Removed by Filter": 1,                                                                                
                                                   "Shared Hit Blocks": 1,                                                                                     
                                                   "Shared Read Blocks": 0,                                                                                    
                                                   "Shared Dirtied Blocks": 0,                                                                                 
                                                   "Shared Written Blocks": 0,                                                                                 
                                                   "Local Hit Blocks": 0,                                                                                      
                                                   "Local Read Blocks": 0,                                                                                     
                                                   "Local Dirtied Blocks": 0,                                                                                  
                                                   "Local Written Blocks": 0,                                                                                  
                                                   "Temp Read Blocks": 0,                                                                                      
                                                   "Temp Written Blocks": 0                                                                                    
                                                 }                                                                                                             
                                               ]                                                                                                               
                                             }                                                                                                                 
                                           ]                                                                                                                   
                                         },                                                                                                                    
                                         {                                                                                                                     
                                           "Node Type": "Hash",                                                                                                
                                           "Parent Relationship": "Inner",                                                                                     
                                           "Parallel Aware": false,                                                                                            
                                           "Startup Cost": 0.03,                                                                                               
                                           "Total Cost": 0.03,                                                                                                 
                                           "Plan Rows": 1,                                                                                                     
                                           "Plan Width": 4,                                                                                                    
                                           "Actual Startup Time": 19.740,                                                                                      
                                           "Actual Total Time": 19.740,                                                                                        
                                           "Actual Rows": 1,                                                                                                   
                                           "Actual Loops": 1,                                                                                                  
                                           "Hash Buckets": 1024,                                                                                               
                                           "Original Hash Buckets": 1024,                                                                                      
                                           "Hash Batches": 1,                                                                                                  
                                           "Original Hash Batches": 1,                                                                                         
                                           "Peak Memory Usage": 9,                                                                                             
                                           "Shared Hit Blocks": 0,                                                                                             
                                           "Shared Read Blocks": 1,                                                                                            
                                           "Shared Dirtied Blocks": 0,                                                                                         
                                           "Shared Written Blocks": 0,                                                                                         
                                           "Local Hit Blocks": 0,                                                                                              
                                           "Local Read Blocks": 0,                                                                                             
                                           "Local Dirtied Blocks": 0,                                                                                          
                                           "Local Written Blocks": 0,                                                                                          
                                           "Temp Read Blocks": 0,                                                                                              
                                           "Temp Written Blocks": 0,                                                                                           
                                           "Plans": [                                                                                                          
                                             {                                                                                                                 
                                               "Node Type": "Seq Scan",                                                                                        
                                               "Parent Relationship": "Outer",                                                                                 
                                               "Parallel Aware": false,                                                                                        
                                               "Relation Name": "comp_cast_type",                                                                              
                                               "Alias": "cct",                                                                                                
                                               "Startup Cost": 0.00,                                                                                           
                                               "Total Cost": 0.03,                                                                                             
                                               "Plan Rows": 1,                                                                                                 
                                               "Plan Width": 4,                                                                                                
                                               "Actual Startup Time": 19.725,                                                                                  
                                               "Actual Total Time": 19.728,                                                                                    
                                               "Actual Rows": 1,                                                                                               
                                               "Actual Loops": 1,                                                                                              
                                               "Filter": "((kind)::text = 'crew'::text)",                                                                      
                                               "Rows Removed by Filter": 3,                                                                                    
                                               "Shared Hit Blocks": 0,                                                                                         
                                               "Shared Read Blocks": 1,                                                                                        
                                               "Shared Dirtied Blocks": 0,                                                                                     
                                               "Shared Written Blocks": 0,                                                                                     
                                               "Local Hit Blocks": 0,                                                                                          
                                               "Local Read Blocks": 0,                                                                                         
                                               "Local Dirtied Blocks": 0,                                                                                      
                                               "Local Written Blocks": 0,                                                                                      
                                               "Temp Read Blocks": 0,                                                                                          
                                               "Temp Written Blocks": 0                                                                                        
                                             }                                                                                                                 
                                           ]                                                                                                                   
                                         }                                                                                                                     
                                       ]                                                                                                                       
                                     }                                                                                                                         
                                   ]                                                                                                                           
                                 }                                                                                                                             
                               ]                                                                                                                               
                             },                                                                                                                                
                             {                                                                                                                                 
                               "Node Type": "Hash",                                                                                                            
                               "Parent Relationship": "Inner",                                                                                                 
                               "Parallel Aware": false,                                                                                                        
                               "Startup Cost": 0.05,                                                                                                           
                               "Total Cost": 0.05,                                                                                                             
                               "Plan Rows": 1,                                                                                                                 
                               "Plan Width": 4,                                                                                                                
                               "Actual Startup Time": 0.058,                                                                                                   
                               "Actual Total Time": 0.058,                                                                                                     
                               "Actual Rows": 1,                                                                                                               
                               "Actual Loops": 1,                                                                                                              
                               "Hash Buckets": 1024,                                                                                                           
                               "Original Hash Buckets": 1024,                                                                                                  
                               "Hash Batches": 1,                                                                                                              
                               "Original Hash Batches": 1,                                                                                                     
                               "Peak Memory Usage": 9,                                                                                                         
                               "Shared Hit Blocks": 1,                                                                                                         
                               "Shared Read Blocks": 0,                                                                                                        
                               "Shared Dirtied Blocks": 0,                                                                                                     
                               "Shared Written Blocks": 0,                                                                                                     
                               "Local Hit Blocks": 0,                                                                                                          
                               "Local Read Blocks": 0,                                                                                                         
                               "Local Dirtied Blocks": 0,                                                                                                      
                               "Local Written Blocks": 0,                                                                                                      
                               "Temp Read Blocks": 0,                                                                                                          
                               "Temp Written Blocks": 0,                                                                                                       
                               "Plans": [                                                                                                                      
                                 {                                                                                                                             
                                   "Node Type": "Seq Scan",                                                                                                    
                                   "Parent Relationship": "Outer",                                                                                             
                                   "Parallel Aware": false,                                                                                                    
                                   "Relation Name": "info_type",                                                                                               
                                   "Alias": "it",                                                                                                             
                                   "Startup Cost": 0.00,                                                                                                       
                                   "Total Cost": 0.05,                                                                                                         
                                   "Plan Rows": 1,                                                                                                             
                                   "Plan Width": 4,                                                                                                            
                                   "Actual Startup Time": 0.017,                                                                                               
                                   "Actual Total Time": 0.052,                                                                                                 
                                   "Actual Rows": 1,                                                                                                           
                                   "Actual Loops": 1,                                                                                                          
                                   "Filter": "((info)::text = 'countries'::text)",                                                                             
                                   "Rows Removed by Filter": 112,                                                                                              
                                   "Shared Hit Blocks": 1,                                                                                                     
                                   "Shared Read Blocks": 0,                                                                                                    
                                   "Shared Dirtied Blocks": 0,                                                                                                 
                                   "Shared Written Blocks": 0,                                                                                                 
                                   "Local Hit Blocks": 0,                                                                                                      
                                   "Local Read Blocks": 0,                                                                                                     
                                   "Local Dirtied Blocks": 0,                                                                                                  
                                   "Local Written Blocks": 0,                                                                                                  
                                   "Temp Read Blocks": 0,                                                                                                      
                                   "Temp Written Blocks": 0                                                                                                    
                                 }                                                                                                                             
                               ]                                                                                                                               
                             }                                                                                                                                 
                           ]                                                                                                                                   
                         },                                                                                                                                    
                         {                                                                                                                                     
                           "Node Type": "Hash",                                                                                                                
                           "Parent Relationship": "Inner",                                                                                                     
                           "Parallel Aware": false,                                                                                                            
                           "Startup Cost": 0.05,                                                                                                               
                           "Total Cost": 0.05,                                                                                                                 
                           "Plan Rows": 1,                                                                                                                     
                           "Plan Width": 4,                                                                                                                    
                           "Actual Startup Time": 20.172,                                                                                                      
                           "Actual Total Time": 20.172,                                                                                                        
                           "Actual Rows": 1,                                                                                                                   
                           "Actual Loops": 1,                                                                                                                  
                           "Hash Buckets": 1024,                                                                                                               
                           "Original Hash Buckets": 1024,                                                                                                      
                           "Hash Batches": 1,                                                                                                                  
                           "Original Hash Batches": 1,                                                                                                         
                           "Peak Memory Usage": 9,                                                                                                             
                           "Shared Hit Blocks": 0,                                                                                                             
                           "Shared Read Blocks": 1,                                                                                                            
                           "Shared Dirtied Blocks": 0,                                                                                                         
                           "Shared Written Blocks": 0,                                                                                                         
                           "Local Hit Blocks": 0,                                                                                                              
                           "Local Read Blocks": 0,                                                                                                             
                           "Local Dirtied Blocks": 0,                                                                                                          
                           "Local Written Blocks": 0,                                                                                                          
                           "Temp Read Blocks": 0,                                                                                                              
                           "Temp Written Blocks": 0,                                                                                                           
                           "Plans": [                                                                                                                          
                             {                                                                                                                                 
                               "Node Type": "Seq Scan",                                                                                                        
                               "Parent Relationship": "Outer",                                                                                                 
                               "Parallel Aware": false,                                                                                                        
                               "Relation Name": "info_type",                                                                                                   
                               "Alias": "it",                                                                                                                 
                               "Startup Cost": 0.00,                                                                                                           
                               "Total Cost": 0.05,                                                                                                             
                               "Plan Rows": 1,                                                                                                                 
                               "Plan Width": 4,                                                                                                                
                               "Actual Startup Time": 20.154,                                                                                                  
                               "Actual Total Time": 20.160,                                                                                                    
                               "Actual Rows": 1,                                                                                                               
                               "Actual Loops": 1,                                                                                                              
                               "Filter": "((info)::text = 'rating'::text)",                                                                                    
                               "Rows Removed by Filter": 112,                                                                                                  
                               "Shared Hit Blocks": 0,                                                                                                         
                               "Shared Read Blocks": 1,                                                                                                        
                               "Shared Dirtied Blocks": 0,                                                                                                     
                               "Shared Written Blocks": 0,                                                                                                     
                               "Local Hit Blocks": 0,                                                                                                          
                               "Local Read Blocks": 0,                                                                                                         
                               "Local Dirtied Blocks": 0,                                                                                                      
                               "Local Written Blocks": 0,                                                                                                      
                               "Temp Read Blocks": 0,                                                                                                          
                               "Temp Written Blocks": 0                                                                                                        
                             }                                                                                                                                 
                           ]                                                                                                                                   
                         }                                                                                                                                     
                       ]                                                                                                                                       
                     },                                                                                                                                        
                     {                                                                                                                                         
                       "Node Type": "Hash",                                                                                                                    
                       "Parent Relationship": "Inner",                                                                                                         
                       "Parallel Aware": false,                                                                                                                
                       "Startup Cost": 1174.90,                                                                                                                
                       "Total Cost": 1174.90,                                                                                                                  
                       "Plan Rows": 143259,                                                                                                                    
                       "Plan Width": 12,                                                                                                                       
                       "Actual Startup Time": 950.206,                                                                                                         
                       "Actual Total Time": 950.206,                                                                                                           
                       "Actual Rows": 303271,                                                                                                                  
                       "Actual Loops": 1,                                                                                                                      
                       "Hash Buckets": 524288,                                                                                                                 
                       "Original Hash Buckets": 262144,                                                                                                        
                       "Hash Batches": 1,                                                                                                                      
                       "Original Hash Batches": 1,                                                                                                             
                       "Peak Memory Usage": 17128,                                                                                                             
                       "Shared Hit Blocks": 0,                                                                                                                 
                       "Shared Read Blocks": 18789,                                                                                                            
                       "Shared Dirtied Blocks": 0,                                                                                                             
                       "Shared Written Blocks": 0,                                                                                                             
                       "Local Hit Blocks": 0,                                                                                                                  
                       "Local Read Blocks": 0,                                                                                                                 
                       "Local Dirtied Blocks": 0,                                                                                                              
                       "Local Written Blocks": 0,                                                                                                              
                       "Temp Read Blocks": 0,                                                                                                                  
                       "Temp Written Blocks": 0,                                                                                                               
                       "Plans": [                                                                                                                              
                         {                                                                                                                                     
                           "Node Type": "Seq Scan",                                                                                                            
                           "Parent Relationship": "Outer",                                                                                                     
                           "Parallel Aware": false,                                                                                                            
                           "Relation Name": "movie_companies",                                                                                                 
                           "Alias": "mc",                                                                                                                      
                           "Startup Cost": 0.00,                                                                                                               
                           "Total Cost": 1174.90,                                                                                                              
                           "Plan Rows": 143259,                                                                                                                
                           "Plan Width": 12,                                                                                                                   
                           "Actual Startup Time": 2.350,                                                                                                       
                           "Actual Total Time": 850.224,                                                                                                       
                           "Actual Rows": 303271,                                                                                                              
                           "Actual Loops": 1,                                                                                                                  
                           "Filter": "((note !~~ '%(USA)%'::text) AND (note ~~ '%(200%)%'::text))",                                                            
                           "Rows Removed by Filter": 2305858,                                                                                                  
                           "Shared Hit Blocks": 0,                                                                                                             
                           "Shared Read Blocks": 18789,                                                                                                        
                           "Shared Dirtied Blocks": 0,                                                                                                         
                           "Shared Written Blocks": 0,                                                                                                         
                           "Local Hit Blocks": 0,                                                                                                              
                           "Local Read Blocks": 0,                                                                                                             
                           "Local Dirtied Blocks": 0,                                                                                                          
                           "Local Written Blocks": 0,                                                                                                          
                           "Temp Read Blocks": 0,                                                                                                              
                           "Temp Written Blocks": 0                                                                                                            
                         }                                                                                                                                     
                       ]                                                                                                                                       
                     }                                                                                                                                         
                   ]                                                                                                                                           
                 },                                                                                                                                            
                 {                                                                                                                                             
                   "Node Type": "Hash",                                                                                                                        
                   "Parent Relationship": "Inner",                                                                                                             
                   "Parallel Aware": false,                                                                                                                    
                   "Startup Cost": 128.41,                                                                                                                     
                   "Total Cost": 128.41,                                                                                                                       
                   "Plan Rows": 126230,                                                                                                                        
                   "Plan Width": 23,                                                                                                                           
                   "Actual Startup Time": 155.626,                                                                                                             
                   "Actual Total Time": 155.626,                                                                                                               
                   "Actual Rows": 126230,                                                                                                                      
                   "Actual Loops": 1,                                                                                                                          
                   "Hash Buckets": 131072,                                                                                                                     
                   "Original Hash Buckets": 131072,                                                                                                            
                   "Hash Batches": 1,                                                                                                                          
                   "Original Hash Batches": 1,                                                                                                                 
                   "Peak Memory Usage": 7967,                                                                                                                  
                   "Shared Hit Blocks": 0,                                                                                                                     
                   "Shared Read Blocks": 2994,                                                                                                                 
                   "Shared Dirtied Blocks": 0,                                                                                                                 
                   "Shared Written Blocks": 0,                                                                                                                 
                   "Local Hit Blocks": 0,                                                                                                                      
                   "Local Read Blocks": 0,                                                                                                                     
                   "Local Dirtied Blocks": 0,                                                                                                                  
                   "Local Written Blocks": 0,                                                                                                                  
                   "Temp Read Blocks": 0,                                                                                                                      
                   "Temp Written Blocks": 0,                                                                                                                   
                   "Plans": [                                                                                                                                  
                     {                                                                                                                                         
                       "Node Type": "Seq Scan",                                                                                                                
                       "Parent Relationship": "Outer",                                                                                                         
                       "Parallel Aware": false,                                                                                                                
                       "Relation Name": "company_name",                                                                                                        
                       "Alias": "cn",                                                                                                                          
                       "Startup Cost": 0.00,                                                                                                                   
                       "Total Cost": 128.41,                                                                                                                   
                       "Plan Rows": 126230,                                                                                                                    
                       "Plan Width": 23,                                                                                                                       
                       "Actual Startup Time": 20.266,                                                                                                          
                       "Actual Total Time": 109.119,                                                                                                           
                       "Actual Rows": 126230,                                                                                                                  
                       "Actual Loops": 1,                                                                                                                      
                       "Filter": "((country_code)::text <> '[us]'::text)",                                                                                     
                       "Rows Removed by Filter": 108767,                                                                                                       
                       "Shared Hit Blocks": 0,                                                                                                                 
                       "Shared Read Blocks": 2994,                                                                                                             
                       "Shared Dirtied Blocks": 0,                                                                                                             
                       "Shared Written Blocks": 0,                                                                                                             
                       "Local Hit Blocks": 0,                                                                                                                  
                       "Local Read Blocks": 0,                                                                                                                 
                       "Local Dirtied Blocks": 0,                                                                                                              
                       "Local Written Blocks": 0,                                                                                                              
                       "Temp Read Blocks": 0,                                                                                                                  
                       "Temp Written Blocks": 0                                                                                                                
                     }                                                                                                                                         
                   ]                                                                                                                                           
                 }                                                                                                                                             
               ]                                                                                                                                               
             },                                                                                                                                                
             {                                                                                                                                                 
               "Node Type": "Hash",                                                                                                                            
               "Parent Relationship": "Inner",                                                                                                                 
               "Parallel Aware": false,                                                                                                                        
               "Startup Cost": 0.03,                                                                                                                           
               "Total Cost": 0.03,                                                                                                                             
               "Plan Rows": 4,                                                                                                                                 
               "Plan Width": 4,                                                                                                                                
               "Actual Startup Time": 16.043,                                                                                                                  
               "Actual Total Time": 16.043,                                                                                                                    
               "Actual Rows": 4,                                                                                                                               
               "Actual Loops": 1,                                                                                                                              
               "Hash Buckets": 1024,                                                                                                                           
               "Original Hash Buckets": 1024,                                                                                                                  
               "Hash Batches": 1,                                                                                                                              
               "Original Hash Batches": 1,                                                                                                                     
               "Peak Memory Usage": 9,                                                                                                                         
               "Shared Hit Blocks": 0,                                                                                                                         
               "Shared Read Blocks": 1,                                                                                                                        
               "Shared Dirtied Blocks": 0,                                                                                                                     
               "Shared Written Blocks": 0,                                                                                                                     
               "Local Hit Blocks": 0,                                                                                                                          
               "Local Read Blocks": 0,                                                                                                                         
               "Local Dirtied Blocks": 0,                                                                                                                      
               "Local Written Blocks": 0,                                                                                                                      
               "Temp Read Blocks": 0,                                                                                                                          
               "Temp Written Blocks": 0,                                                                                                                       
               "Plans": [                                                                                                                                      
                 {                                                                                                                                             
                   "Node Type": "Seq Scan",                                                                                                                    
                   "Parent Relationship": "Outer",                                                                                                             
                   "Parallel Aware": false,                                                                                                                    
                   "Relation Name": "company_type",                                                                                                            
                   "Alias": "ct",                                                                                                                              
                   "Startup Cost": 0.00,                                                                                                                       
                   "Total Cost": 0.03,                                                                                                                         
                   "Plan Rows": 4,                                                                                                                             
                   "Plan Width": 4,                                                                                                                            
                   "Actual Startup Time": 16.010,                                                                                                              
                   "Actual Total Time": 16.014,                                                                                                                
                   "Actual Rows": 4,                                                                                                                           
                   "Actual Loops": 1,                                                                                                                          
                   "Shared Hit Blocks": 0,                                                                                                                     
                   "Shared Read Blocks": 1,                                                                                                                    
                   "Shared Dirtied Blocks": 0,                                                                                                                 
                   "Shared Written Blocks": 0,                                                                                                                 
                   "Local Hit Blocks": 0,                                                                                                                      
                   "Local Read Blocks": 0,                                                                                                                     
                   "Local Dirtied Blocks": 0,                                                                                                                  
                   "Local Written Blocks": 0,                                                                                                                  
                   "Temp Read Blocks": 0,                                                                                                                      
                   "Temp Written Blocks": 0                                                                                                                    
                 }                                                                                                                                             
               ]                                                                                                                                               
             }                                                                                                                                                 
           ]                                                                                                                                                   
         }                                                                                                                                                     
       ]                                                                                                                                                       
     },                                                                                                                                                        
     "Planning Time": 14127.970,                                                                                                                               
     "Triggers": [                                                                                                                                             
     ],                                                                                                                                                        
     "Execution Time": 13563.645                                                                                                                               
   }                                                                                                                                                           
 ]
