 [                                                                                                                                                         
   {                                                                                                                                                       
     "Plan": {                                                                                                                                             
       "Node Type": "Aggregate",                                                                                                                           
       "Strategy": "Plain",                                                                                                                                
       "Partial Mode": "Simple",                                                                                                                           
       "Parallel Aware": false,                                                                                                                            
       "Startup Cost": 13456.70,                                                                                                                           
       "Total Cost": 13456.70,                                                                                                                             
       "Plan Rows": 1,                                                                                                                                     
       "Plan Width": 96,                                                                                                                                   
       "Actual Startup Time": 13507.748,                                                                                                                   
       "Actual Total Time": 13507.748,                                                                                                                     
       "Actual Rows": 1,                                                                                                                                   
       "Actual Loops": 1,                                                                                                                                  
       "Shared Hit Blocks": 5,                                                                                                                             
       "Shared Read Blocks": 254264,                                                                                                                       
       "Shared Dirtied Blocks": 0,                                                                                                                         
       "Shared Written Blocks": 0,                                                                                                                         
       "Local Hit Blocks": 0,                                                                                                                              
       "Local Read Blocks": 0,                                                                                                                             
       "Local Dirtied Blocks": 0,                                                                                                                          
       "Local Written Blocks": 0,                                                                                                                          
       "Temp Read Blocks": 0,                                                                                                                              
       "Temp Written Blocks": 0,                                                                                                                           
       "Plans": [                                                                                                                                          
         {                                                                                                                                                 
           "Node Type": "Hash Join",                                                                                                                       
           "Parent Relationship": "Outer",                                                                                                                 
           "Parallel Aware": false,                                                                                                                        
           "Join Type": "Inner",                                                                                                                           
           "Startup Cost": 5033.54,                                                                                                                        
           "Total Cost": 13456.70,                                                                                                                         
           "Plan Rows": 1,                                                                                                                                 
           "Plan Width": 42,                                                                                                                               
           "Actual Startup Time": 12010.953,                                                                                                               
           "Actual Total Time": 13507.611,                                                                                                                 
           "Actual Rows": 148,                                                                                                                             
           "Actual Loops": 1,                                                                                                                              
           "Inner Unique": true,                                                                                                                           
           "Hash Cond": "(mi.info_type_id = it.id)",                                                                                                      
           "Shared Hit Blocks": 5,                                                                                                                         
           "Shared Read Blocks": 254264,                                                                                                                   
           "Shared Dirtied Blocks": 0,                                                                                                                     
           "Shared Written Blocks": 0,                                                                                                                     
           "Local Hit Blocks": 0,                                                                                                                          
           "Local Read Blocks": 0,                                                                                                                         
           "Local Dirtied Blocks": 0,                                                                                                                      
           "Local Written Blocks": 0,                                                                                                                      
           "Temp Read Blocks": 0,                                                                                                                          
           "Temp Written Blocks": 0,                                                                                                                       
           "Plans": [                                                                                                                                      
             {                                                                                                                                             
               "Node Type": "Hash Join",                                                                                                                   
               "Parent Relationship": "Outer",                                                                                                             
               "Parallel Aware": false,                                                                                                                    
               "Join Type": "Inner",                                                                                                                       
               "Startup Cost": 5033.49,                                                                                                                    
               "Total Cost": 13456.65,                                                                                                                     
               "Plan Rows": 1,                                                                                                                             
               "Plan Width": 46,                                                                                                                           
               "Actual Startup Time": 5128.978,                                                                                                            
               "Actual Total Time": 13486.345,                                                                                                             
               "Actual Rows": 149,                                                                                                                         
               "Actual Loops": 1,                                                                                                                          
               "Inner Unique": true,                                                                                                                       
               "Hash Cond": "(mc.company_id = cn.id)",                                                                                                     
               "Shared Hit Blocks": 2,                                                                                                                     
               "Shared Read Blocks": 254263,                                                                                                               
               "Shared Dirtied Blocks": 0,                                                                                                                 
               "Shared Written Blocks": 0,                                                                                                                 
               "Local Hit Blocks": 0,                                                                                                                      
               "Local Read Blocks": 0,                                                                                                                     
               "Local Dirtied Blocks": 0,                                                                                                                  
               "Local Written Blocks": 0,                                                                                                                  
               "Temp Read Blocks": 0,                                                                                                                      
               "Temp Written Blocks": 0,                                                                                                                   
               "Plans": [                                                                                                                                  
                 {                                                                                                                                         
                   "Node Type": "Hash Join",                                                                                                               
                   "Parent Relationship": "Outer",                                                                                                         
                   "Parallel Aware": false,                                                                                                                
                   "Join Type": "Inner",                                                                                                                   
                   "Startup Cost": 4886.55,                                                                                                                
                   "Total Cost": 13309.72,                                                                                                                 
                   "Plan Rows": 1,                                                                                                                         
                   "Plan Width": 31,                                                                                                                       
                   "Actual Startup Time": 4965.679,                                                                                                        
                   "Actual Total Time": 13322.944,                                                                                                         
                   "Actual Rows": 151,                                                                                                                     
                   "Actual Loops": 1,                                                                                                                      
                   "Inner Unique": true,                                                                                                                   
                   "Hash Cond": "(mc.company_type_id = ct.id)",                                                                                            
                   "Shared Hit Blocks": 2,                                                                                                                 
                   "Shared Read Blocks": 251269,                                                                                                           
                   "Shared Dirtied Blocks": 0,                                                                                                             
                   "Shared Written Blocks": 0,                                                                                                             
                   "Local Hit Blocks": 0,                                                                                                                  
                   "Local Read Blocks": 0,                                                                                                                 
                   "Local Dirtied Blocks": 0,                                                                                                              
                   "Local Written Blocks": 0,                                                                                                              
                   "Temp Read Blocks": 0,                                                                                                                  
                   "Temp Written Blocks": 0,                                                                                                               
                   "Plans": [                                                                                                                              
                     {                                                                                                                                     
                       "Node Type": "Hash Join",                                                                                                           
                       "Parent Relationship": "Outer",                                                                                                     
                       "Parallel Aware": false,                                                                                                            
                       "Join Type": "Inner",                                                                                                               
                       "Startup Cost": 4886.52,                                                                                                            
                       "Total Cost": 13309.68,                                                                                                             
                       "Plan Rows": 1,                                                                                                                     
                       "Plan Width": 35,                                                                                                                   
                       "Actual Startup Time": 4940.153,                                                                                                    
                       "Actual Total Time": 13297.359,                                                                                                     
                       "Actual Rows": 151,                                                                                                                 
                       "Actual Loops": 1,                                                                                                                  
                       "Inner Unique": false,                                                                                                              
                       "Hash Cond": "(t.id = mc.movie_id)",                                                                                                
                       "Shared Hit Blocks": 2,                                                                                                             
                       "Shared Read Blocks": 251268,                                                                                                       
                       "Shared Dirtied Blocks": 0,                                                                                                         
                       "Shared Written Blocks": 0,                                                                                                         
                       "Local Hit Blocks": 0,                                                                                                              
                       "Local Read Blocks": 0,                                                                                                             
                       "Local Dirtied Blocks": 0,                                                                                                          
                       "Local Written Blocks": 0,                                                                                                          
                       "Temp Read Blocks": 0,                                                                                                              
                       "Temp Written Blocks": 0,                                                                                                           
                       "Plans": [                                                                                                                          
                         {                                                                                                                                 
                           "Node Type": "Hash Join",                                                                                                       
                           "Parent Relationship": "Outer",                                                                                                 
                           "Parallel Aware": false,                                                                                                        
                           "Join Type": "Inner",                                                                                                           
                           "Startup Cost": 3690.59,                                                                                                        
                           "Total Cost": 12113.75,                                                                                                         
                           "Plan Rows": 1,                                                                                                                 
                           "Plan Width": 47,                                                                                                               
                           "Actual Startup Time": 3788.387,                                                                                                
                           "Actual Total Time": 12375.496,                                                                                                 
                           "Actual Rows": 20,                                                                                                              
                           "Actual Loops": 1,                                                                                                              
                           "Inner Unique": true,                                                                                                           
                           "Hash Cond": "(mi_idx.info_type_id = it.id)",                                                                                  
                           "Shared Hit Blocks": 2,                                                                                                         
                           "Shared Read Blocks": 232479,                                                                                                   
                           "Shared Dirtied Blocks": 0,                                                                                                     
                           "Shared Written Blocks": 0,                                                                                                     
                           "Local Hit Blocks": 0,                                                                                                          
                           "Local Read Blocks": 0,                                                                                                         
                           "Local Dirtied Blocks": 0,                                                                                                      
                           "Local Written Blocks": 0,                                                                                                      
                           "Temp Read Blocks": 0,                                                                                                          
                           "Temp Written Blocks": 0,                                                                                                       
                           "Plans": [                                                                                                                      
                             {                                                                                                                             
                               "Node Type": "Hash Join",                                                                                                   
                               "Parent Relationship": "Outer",                                                                                             
                               "Parallel Aware": false,                                                                                                    
                               "Join Type": "Inner",                                                                                                       
                               "Startup Cost": 3690.55,                                                                                                    
                               "Total Cost": 12113.71,                                                                                                     
                               "Plan Rows": 1,                                                                                                             
                               "Plan Width": 51,                                                                                                           
                               "Actual Startup Time": 3788.336,                                                                                            
                               "Actual Total Time": 12375.419,                                                                                             
                               "Actual Rows": 22,                                                                                                          
                               "Actual Loops": 1,                                                                                                          
                               "Inner Unique": true,                                                                                                       
                               "Hash Cond": "(cc.subject_id = cct.id)",                                                                                   
                               "Shared Hit Blocks": 1,                                                                                                     
                               "Shared Read Blocks": 232479,                                                                                               
                               "Shared Dirtied Blocks": 0,                                                                                                 
                               "Shared Written Blocks": 0,                                                                                                 
                               "Local Hit Blocks": 0,                                                                                                      
                               "Local Read Blocks": 0,                                                                                                     
                               "Local Dirtied Blocks": 0,                                                                                                  
                               "Local Written Blocks": 0,                                                                                                  
                               "Temp Read Blocks": 0,                                                                                                      
                               "Temp Written Blocks": 0,                                                                                                   
                               "Plans": [                                                                                                                  
                                 {                                                                                                                         
                                   "Node Type": "Hash Join",                                                                                               
                                   "Parent Relationship": "Outer",                                                                                         
                                   "Parallel Aware": false,                                                                                                
                                   "Join Type": "Inner",                                                                                                   
                                   "Startup Cost": 3690.51,                                                                                                
                                   "Total Cost": 12113.67,                                                                                                 
                                   "Plan Rows": 1,                                                                                                         
                                   "Plan Width": 55,                                                                                                       
                                   "Actual Startup Time": 3766.674,                                                                                        
                                   "Actual Total Time": 12353.694,                                                                                         
                                   "Actual Rows": 136,                                                                                                     
                                   "Actual Loops": 1,                                                                                                      
                                   "Inner Unique": true,                                                                                                   
                                   "Hash Cond": "(cc.status_id = cct.id)",                                                                                
                                   "Shared Hit Blocks": 1,                                                                                                 
                                   "Shared Read Blocks": 232478,                                                                                           
                                   "Shared Dirtied Blocks": 0,                                                                                             
                                   "Shared Written Blocks": 0,                                                                                             
                                   "Local Hit Blocks": 0,                                                                                                  
                                   "Local Read Blocks": 0,                                                                                                 
                                   "Local Dirtied Blocks": 0,                                                                                              
                                   "Local Written Blocks": 0,                                                                                              
                                   "Temp Read Blocks": 0,                                                                                                  
                                   "Temp Written Blocks": 0,                                                                                               
                                   "Plans": [                                                                                                              
                                     {                                                                                                                     
                                       "Node Type": "Hash Join",                                                                                           
                                       "Parent Relationship": "Outer",                                                                                     
                                       "Parallel Aware": false,                                                                                            
                                       "Join Type": "Inner",                                                                                               
                                       "Startup Cost": 3690.48,                                                                                            
                                       "Total Cost": 12113.64,                                                                                             
                                       "Plan Rows": 1,                                                                                                     
                                       "Plan Width": 59,                                                                                                   
                                       "Actual Startup Time": 3766.613,                                                                                    
                                       "Actual Total Time": 12353.510,                                                                                     
                                       "Actual Rows": 224,                                                                                                 
                                       "Actual Loops": 1,                                                                                                  
                                       "Inner Unique": false,                                                                                              
                                       "Hash Cond": "(t.id = cc.movie_id)",                                                                                
                                       "Shared Hit Blocks": 0,                                                                                             
                                       "Shared Read Blocks": 232478,                                                                                       
                                       "Shared Dirtied Blocks": 0,                                                                                         
                                       "Shared Written Blocks": 0,                                                                                         
                                       "Local Hit Blocks": 0,                                                                                              
                                       "Local Read Blocks": 0,                                                                                             
                                       "Local Dirtied Blocks": 0,                                                                                          
                                       "Local Written Blocks": 0,                                                                                          
                                       "Temp Read Blocks": 0,                                                                                              
                                       "Temp Written Blocks": 0,                                                                                           
                                       "Plans": [                                                                                                          
                                         {                                                                                                                 
                                           "Node Type": "Hash Join",                                                                                       
                                           "Parent Relationship": "Outer",                                                                                 
                                           "Parallel Aware": false,                                                                                        
                                           "Join Type": "Inner",                                                                                           
                                           "Startup Cost": 3638.38,                                                                                        
                                           "Total Cost": 12061.54,                                                                                         
                                           "Plan Rows": 1,                                                                                                 
                                           "Plan Width": 47,                                                                                               
                                           "Actual Startup Time": 3679.788,                                                                                
                                           "Actual Total Time": 12266.372,                                                                                 
                                           "Actual Rows": 483,                                                                                             
                                           "Actual Loops": 1,                                                                                              
                                           "Inner Unique": false,                                                                                          
                                           "Hash Cond": "(t.id = mi_idx.movie_id)",                                                                        
                                           "Shared Hit Blocks": 0,                                                                                         
                                           "Shared Read Blocks": 231747,                                                                                   
                                           "Shared Dirtied Blocks": 0,                                                                                     
                                           "Shared Written Blocks": 0,                                                                                     
                                           "Local Hit Blocks": 0,                                                                                          
                                           "Local Read Blocks": 0,                                                                                         
                                           "Local Dirtied Blocks": 0,                                                                                      
                                           "Local Written Blocks": 0,                                                                                      
                                           "Temp Read Blocks": 0,                                                                                          
                                           "Temp Written Blocks": 0,                                                                                       
                                           "Plans": [                                                                                                      
                                             {                                                                                                             
                                               "Node Type": "Hash Join",                                                                                   
                                               "Parent Relationship": "Outer",                                                                             
                                               "Parallel Aware": false,                                                                                    
                                               "Join Type": "Inner",                                                                                       
                                               "Startup Cost": 3126.81,                                                                                    
                                               "Total Cost": 11549.97,                                                                                     
                                               "Plan Rows": 1,                                                                                             
                                               "Plan Width": 33,                                                                                           
                                               "Actual Startup Time": 3053.077,                                                                            
                                               "Actual Total Time": 11639.005,                                                                             
                                               "Actual Rows": 982,                                                                                         
                                               "Actual Loops": 1,                                                                                          
                                               "Inner Unique": true,                                                                                       
                                               "Hash Cond": "(t.kind_id = kt.id)",                                                                         
                                               "Shared Hit Blocks": 0,                                                                                     
                                               "Shared Read Blocks": 223294,                                                                               
                                               "Shared Dirtied Blocks": 0,                                                                                 
                                               "Shared Written Blocks": 0,                                                                                 
                                               "Local Hit Blocks": 0,                                                                                      
                                               "Local Read Blocks": 0,                                                                                     
                                               "Local Dirtied Blocks": 0,                                                                                  
                                               "Local Written Blocks": 0,                                                                                  
                                               "Temp Read Blocks": 0,                                                                                      
                                               "Temp Written Blocks": 0,                                                                                   
                                               "Plans": [                                                                                                  
                                                 {                                                                                                         
                                                   "Node Type": "Hash Join",                                                                               
                                                   "Parent Relationship": "Outer",                                                                         
                                                   "Parallel Aware": false,                                                                                
                                                   "Join Type": "Inner",                                                                                   
                                                   "Startup Cost": 3126.78,                                                                                
                                                   "Total Cost": 11549.93,                                                                                 
                                                   "Plan Rows": 3,                                                                                         
                                                   "Plan Width": 37,                                                                                       
                                                   "Actual Startup Time": 3042.352,                                                                        
                                                   "Actual Total Time": 11627.718,                                                                         
                                                   "Actual Rows": 1175,                                                                                    
                                                   "Actual Loops": 1,                                                                                      
                                                   "Inner Unique": false,                                                                                  
                                                   "Hash Cond": "(mi.movie_id = t.id)",                                                                    
                                                   "Shared Hit Blocks": 0,                                                                                 
                                                   "Shared Read Blocks": 223293,                                                                           
                                                   "Shared Dirtied Blocks": 0,                                                                             
                                                   "Shared Written Blocks": 0,                                                                             
                                                   "Local Hit Blocks": 0,                                                                                  
                                                   "Local Read Blocks": 0,                                                                                 
                                                   "Local Dirtied Blocks": 0,                                                                              
                                                   "Local Written Blocks": 0,                                                                              
                                                   "Temp Read Blocks": 0,                                                                                  
                                                   "Temp Written Blocks": 0,                                                                               
                                                   "Plans": [                                                                                              
                                                     {                                                                                                     
                                                       "Node Type": "Seq Scan",                                                                            
                                                       "Parent Relationship": "Outer",                                                                     
                                                       "Parallel Aware": false,                                                                            
                                                       "Relation Name": "movie_info",                                                                      
                                                       "Alias": "mi",                                                                                      
                                                       "Startup Cost": 0.00,                                                                               
                                                       "Total Cost": 8407.52,                                                                              
                                                       "Plan Rows": 134293,                                                                                
                                                       "Plan Width": 8,                                                                                    
                                                       "Actual Startup Time": 36.581,                                                                      
                                                       "Actual Total Time": 8608.650,                                                                      
                                                       "Actual Rows": 134239,                                                                              
                                                       "Actual Loops": 1,                                                                                  
                                                       "Filter": "(info = ANY ('{Sweden,Germany,Swedish,German}'::text[]))",                               
                                                       "Rows Removed by Filter": 14701481,                                                                 
                                                       "Shared Hit Blocks": 0,                                                                             
                                                       "Shared Read Blocks": 161892,                                                                       
                                                       "Shared Dirtied Blocks": 0,                                                                         
                                                       "Shared Written Blocks": 0,                                                                         
                                                       "Local Hit Blocks": 0,                                                                              
                                                       "Local Read Blocks": 0,                                                                             
                                                       "Local Dirtied Blocks": 0,                                                                          
                                                       "Local Written Blocks": 0,                                                                          
                                                       "Temp Read Blocks": 0,                                                                              
                                                       "Temp Written Blocks": 0                                                                            
                                                     },                                                                                                    
                                                     {                                                                                                     
                                                       "Node Type": "Hash",                                                                                
                                                       "Parent Relationship": "Inner",                                                                     
                                                       "Parallel Aware": false,                                                                            
                                                       "Startup Cost": 3126.77,                                                                            
                                                       "Total Cost": 3126.77,                                                                              
                                                       "Plan Rows": 54,                                                                                    
                                                       "Plan Width": 29,                                                                                   
                                                       "Actual Startup Time": 2983.453,                                                                    
                                                       "Actual Total Time": 2983.453,                                                                      
                                                       "Actual Rows": 9739,                                                                                
                                                       "Actual Loops": 1,                                                                                  
                                                       "Hash Buckets": 16384,                                                                              
                                                       "Original Hash Buckets": 1024,                                                                      
                                                       "Hash Batches": 1,                                                                                  
                                                       "Original Hash Batches": 1,                                                                         
                                                       "Peak Memory Usage": 717,                                                                           
                                                       "Shared Hit Blocks": 0,                                                                             
                                                       "Shared Read Blocks": 61401,                                                                        
                                                       "Shared Dirtied Blocks": 0,                                                                         
                                                       "Shared Written Blocks": 0,                                                                         
                                                       "Local Hit Blocks": 0,                                                                              
                                                       "Local Read Blocks": 0,                                                                             
                                                       "Local Dirtied Blocks": 0,                                                                          
                                                       "Local Written Blocks": 0,                                                                          
                                                       "Temp Read Blocks": 0,                                                                              
                                                       "Temp Written Blocks": 0,                                                                           
                                                       "Plans": [                                                                                          
                                                         {                                                                                                 
                                                           "Node Type": "Hash Join",                                                                       
                                                           "Parent Relationship": "Outer",                                                                 
                                                           "Parallel Aware": false,                                                                        
                                                           "Join Type": "Inner",                                                                           
                                                           "Startup Cost": 1508.54,                                                                        
                                                           "Total Cost": 3126.77,                                                                          
                                                           "Plan Rows": 54,                                                                                
                                                           "Plan Width": 29,                                                                               
                                                           "Actual Startup Time": 1275.982,                                                                
                                                           "Actual Total Time": 2977.056,                                                                  
                                                           "Actual Rows": 9739,                                                                            
                                                           "Actual Loops": 1,                                                                              
                                                           "Inner Unique": false,                                                                          
                                                           "Hash Cond": "(t.id = mk.movie_id)",                                                            
                                                           "Shared Hit Blocks": 0,                                                                         
                                                           "Shared Read Blocks": 61401,                                                                    
                                                           "Shared Dirtied Blocks": 0,                                                                     
                                                           "Shared Written Blocks": 0,                                                                     
                                                           "Local Hit Blocks": 0,                                                                          
                                                           "Local Read Blocks": 0,                                                                         
                                                           "Local Dirtied Blocks": 0,                                                                      
                                                           "Local Written Blocks": 0,                                                                      
                                                           "Temp Read Blocks": 0,                                                                          
                                                           "Temp Written Blocks": 0,                                                                       
                                                           "Plans": [                                                                                      
                                                             {                                                                                             
                                                               "Node Type": "Seq Scan",                                                                    
                                                               "Parent Relationship": "Outer",                                                             
                                                               "Parallel Aware": false,                                                                    
                                                               "Relation Name": "title",                                                                   
                                                               "Alias": "t",                                                                               
                                                               "Startup Cost": 0.00,                                                                       
                                                               "Total Cost": 1500.26,                                                                      
                                                               "Plan Rows": 1012920,                                                                       
                                                               "Plan Width": 25,                                                                           
                                                               "Actual Startup Time": 8.737,                                                               
                                                               "Actual Total Time": 1399.580,                                                              
                                                               "Actual Rows": 1012920,                                                                     
                                                               "Actual Loops": 1,                                                                          
                                                               "Filter": "(production_year > 2005)",                                                       
                                                               "Rows Removed by Filter": 1515392,                                                          
                                                               "Shared Hit Blocks": 0,                                                                     
                                                               "Shared Read Blocks": 35998,                                                                
                                                               "Shared Dirtied Blocks": 0,                                                                 
                                                               "Shared Written Blocks": 0,                                                                 
                                                               "Local Hit Blocks": 0,                                                                      
                                                               "Local Read Blocks": 0,                                                                     
                                                               "Local Dirtied Blocks": 0,                                                                  
                                                               "Local Written Blocks": 0,                                                                  
                                                               "Temp Read Blocks": 0,                                                                      
                                                               "Temp Written Blocks": 0                                                                    
                                                             },                                                                                            
                                                             {                                                                                             
                                                               "Node Type": "Hash",                                                                        
                                                               "Parent Relationship": "Inner",                                                             
                                                               "Parallel Aware": false,                                                                    
                                                               "Startup Cost": 1508.52,                                                                    
                                                               "Total Cost": 1508.52,                                                                      
                                                               "Plan Rows": 135,                                                                           
                                                               "Plan Width": 4,                                                                            
                                                               "Actual Startup Time": 1260.490,                                                            
                                                               "Actual Total Time": 1260.490,                                                              
                                                               "Actual Rows": 37091,                                                                       
                                                               "Actual Loops": 1,                                                                          
                                                               "Hash Buckets": 65536,                                                                      
                                                               "Original Hash Buckets": 1024,                                                              
                                                               "Hash Batches": 1,                                                                          
                                                               "Original Hash Batches": 1,                                                                 
                                                               "Peak Memory Usage": 1816,                                                                  
                                                               "Shared Hit Blocks": 0,                                                                     
                                                               "Shared Read Blocks": 25403,                                                                
                                                               "Shared Dirtied Blocks": 0,                                                                 
                                                               "Shared Written Blocks": 0,                                                                 
                                                               "Local Hit Blocks": 0,                                                                      
                                                               "Local Read Blocks": 0,                                                                     
                                                               "Local Dirtied Blocks": 0,                                                                  
                                                               "Local Written Blocks": 0,                                                                  
                                                               "Temp Read Blocks": 0,                                                                      
                                                               "Temp Written Blocks": 0,                                                                   
                                                               "Plans": [                                                                                  
                                                                 {                                                                                         
                                                                   "Node Type": "Hash Join",                                                               
                                                                   "Parent Relationship": "Outer",                                                         
                                                                   "Parallel Aware": false,                                                                
                                                                   "Join Type": "Inner",                                                                   
                                                                   "Startup Cost": 59.88,                                                                  
                                                                   "Total Cost": 1508.52,                                                                  
                                                                   "Plan Rows": 135,                                                                       
                                                                   "Plan Width": 4,                                                                        
                                                                   "Actual Startup Time": 98.284,                                                          
                                                                   "Actual Total Time": 1250.402,                                                          
                                                                   "Actual Rows": 37091,                                                                   
                                                                   "Actual Loops": 1,                                                                      
                                                                   "Inner Unique": true,                                                                   
                                                                   "Hash Cond": "(mk.keyword_id = k.id)",                                                  
                                                                   "Shared Hit Blocks": 0,                                                                 
                                                                   "Shared Read Blocks": 25403,                                                            
                                                                   "Shared Dirtied Blocks": 0,                                                             
                                                                   "Shared Written Blocks": 0,                                                             
                                                                   "Local Hit Blocks": 0,                                                                  
                                                                   "Local Read Blocks": 0,                                                                 
                                                                   "Local Dirtied Blocks": 0,                                                              
                                                                   "Local Written Blocks": 0,                                                              
                                                                   "Temp Read Blocks": 0,                                                                  
                                                                   "Temp Written Blocks": 0,                                                               
                                                                   "Plans": [                                                                              
                                                                     {                                                                                     
                                                                       "Node Type": "Seq Scan",                                                            
                                                                       "Parent Relationship": "Outer",                                                     
                                                                       "Parallel Aware": false,                                                            
                                                                       "Relation Name": "movie_keyword",                                                   
                                                                       "Alias": "mk",                                                                      
                                                                       "Startup Cost": 0.00,                                                               
                                                                       "Total Cost": 1079.84,                                                              
                                                                       "Plan Rows": 4523930,                                                               
                                                                       "Plan Width": 8,                                                                    
                                                                       "Actual Startup Time": 4.340,                                                       
                                                                       "Actual Total Time": 535.555,                                                       
                                                                       "Actual Rows": 4523930,                                                             
                                                                       "Actual Loops": 1,                                                                  
                                                                       "Shared Hit Blocks": 0,                                                             
                                                                       "Shared Read Blocks": 24454,                                                        
                                                                       "Shared Dirtied Blocks": 0,                                                         
                                                                       "Shared Written Blocks": 0,                                                         
                                                                       "Local Hit Blocks": 0,                                                              
                                                                       "Local Read Blocks": 0,                                                             
                                                                       "Local Dirtied Blocks": 0,                                                          
                                                                       "Local Written Blocks": 0,                                                          
                                                                       "Temp Read Blocks": 0,                                                              
                                                                       "Temp Written Blocks": 0                                                            
                                                                     },                                                                                    
                                                                     {                                                                                     
                                                                       "Node Type": "Hash",                                                                
                                                                       "Parent Relationship": "Inner",                                                     
                                                                       "Parallel Aware": false,                                                            
                                                                       "Startup Cost": 59.88,                                                              
                                                                       "Total Cost": 59.88,                                                                
                                                                       "Plan Rows": 4,                                                                     
                                                                       "Plan Width": 4,                                                                    
                                                                       "Actual Startup Time": 93.812,                                                      
                                                                       "Actual Total Time": 93.812,                                                        
                                                                       "Actual Rows": 3,                                                                   
                                                                       "Actual Loops": 1,                                                                  
                                                                       "Hash Buckets": 1024,                                                               
                                                                       "Original Hash Buckets": 1024,                                                      
                                                                       "Hash Batches": 1,                                                                  
                                                                       "Original Hash Batches": 1,                                                         
                                                                       "Peak Memory Usage": 9,                                                             
                                                                       "Shared Hit Blocks": 0,                                                             
                                                                       "Shared Read Blocks": 949,                                                          
                                                                       "Shared Dirtied Blocks": 0,                                                         
                                                                       "Shared Written Blocks": 0,                                                         
                                                                       "Local Hit Blocks": 0,                                                              
                                                                       "Local Read Blocks": 0,                                                             
                                                                       "Local Dirtied Blocks": 0,                                                          
                                                                       "Local Written Blocks": 0,                                                          
                                                                       "Temp Read Blocks": 0,                                                              
                                                                       "Temp Written Blocks": 0,                                                           
                                                                       "Plans": [                                                                          
                                                                         {                                                                                 
                                                                           "Node Type": "Seq Scan",                                                        
                                                                           "Parent Relationship": "Outer",                                                 
                                                                           "Parallel Aware": false,                                                        
                                                                           "Relation Name": "keyword",                                                     
                                                                           "Alias": "k",                                                                   
                                                                           "Startup Cost": 0.00,                                                           
                                                                           "Total Cost": 59.88,                                                            
                                                                           "Plan Rows": 4,                                                                 
                                                                           "Plan Width": 4,                                                                
                                                                           "Actual Startup Time": 31.512,                                                  
                                                                           "Actual Total Time": 93.784,                                                    
                                                                           "Actual Rows": 3,                                                               
                                                                           "Actual Loops": 1,                                                              
                                                                           "Filter": "(keyword = ANY ('{murder,murder-in-title,blood,violence}'::text[]))",
                                                                           "Rows Removed by Filter": 134167,                                               
                                                                           "Shared Hit Blocks": 0,                                                         
                                                                           "Shared Read Blocks": 949,                                                      
                                                                           "Shared Dirtied Blocks": 0,                                                     
                                                                           "Shared Written Blocks": 0,                                                     
                                                                           "Local Hit Blocks": 0,                                                          
                                                                           "Local Read Blocks": 0,                                                         
                                                                           "Local Dirtied Blocks": 0,                                                      
                                                                           "Local Written Blocks": 0,                                                      
                                                                           "Temp Read Blocks": 0,                                                          
                                                                           "Temp Written Blocks": 0                                                        
                                                                         }                                                                                 
                                                                       ]                                                                                   
                                                                     }                                                                                     
                                                                   ]                                                                                       
                                                                 }                                                                                         
                                                               ]                                                                                           
                                                             }                                                                                             
                                                           ]                                                                                               
                                                         }                                                                                                 
                                                       ]                                                                                                   
                                                     }                                                                                                     
                                                   ]                                                                                                       
                                                 },                                                                                                        
                                                 {                                                                                                         
                                                   "Node Type": "Hash",                                                                                    
                                                   "Parent Relationship": "Inner",                                                                         
                                                   "Parallel Aware": false,                                                                                
                                                   "Startup Cost": 0.03,                                                                                   
                                                   "Total Cost": 0.03,                                                                                     
                                                   "Plan Rows": 2,                                                                                         
                                                   "Plan Width": 4,                                                                                        
                                                   "Actual Startup Time": 10.689,                                                                          
                                                   "Actual Total Time": 10.689,                                                                            
                                                   "Actual Rows": 2,                                                                                       
                                                   "Actual Loops": 1,                                                                                      
                                                   "Hash Buckets": 1024,                                                                                   
                                                   "Original Hash Buckets": 1024,                                                                          
                                                   "Hash Batches": 1,                                                                                      
                                                   "Original Hash Batches": 1,                                                                             
                                                   "Peak Memory Usage": 9,                                                                                 
                                                   "Shared Hit Blocks": 0,                                                                                 
                                                   "Shared Read Blocks": 1,                                                                                
                                                   "Shared Dirtied Blocks": 0,                                                                             
                                                   "Shared Written Blocks": 0,                                                                             
                                                   "Local Hit Blocks": 0,                                                                                  
                                                   "Local Read Blocks": 0,                                                                                 
                                                   "Local Dirtied Blocks": 0,                                                                              
                                                   "Local Written Blocks": 0,                                                                              
                                                   "Temp Read Blocks": 0,                                                                                  
                                                   "Temp Written Blocks": 0,                                                                               
                                                   "Plans": [                                                                                              
                                                     {                                                                                                     
                                                       "Node Type": "Seq Scan",                                                                            
                                                       "Parent Relationship": "Outer",                                                                     
                                                       "Parallel Aware": false,                                                                            
                                                       "Relation Name": "kind_type",                                                                       
                                                       "Alias": "kt",                                                                                      
                                                       "Startup Cost": 0.00,                                                                               
                                                       "Total Cost": 0.03,                                                                                 
                                                       "Plan Rows": 2,                                                                                     
                                                       "Plan Width": 4,                                                                                    
                                                       "Actual Startup Time": 10.662,                                                                      
                                                       "Actual Total Time": 10.669,                                                                        
                                                       "Actual Rows": 2,                                                                                   
                                                       "Actual Loops": 1,                                                                                  
                                                       "Filter": "((kind)::text = ANY ('{movie,episode}'::text[]))",                                       
                                                       "Rows Removed by Filter": 5,                                                                        
                                                       "Shared Hit Blocks": 0,                                                                             
                                                       "Shared Read Blocks": 1,                                                                            
                                                       "Shared Dirtied Blocks": 0,                                                                         
                                                       "Shared Written Blocks": 0,                                                                         
                                                       "Local Hit Blocks": 0,                                                                              
                                                       "Local Read Blocks": 0,                                                                             
                                                       "Local Dirtied Blocks": 0,                                                                          
                                                       "Local Written Blocks": 0,                                                                          
                                                       "Temp Read Blocks": 0,                                                                              
                                                       "Temp Written Blocks": 0                                                                            
                                                     }                                                                                                     
                                                   ]                                                                                                       
                                                 }                                                                                                         
                                               ]                                                                                                           
                                             },                                                                                                            
                                             {                                                                                                             
                                               "Node Type": "Hash",                                                                                        
                                               "Parent Relationship": "Inner",                                                                             
                                               "Parallel Aware": false,                                                                                    
                                               "Startup Cost": 467.71,                                                                                     
                                               "Total Cost": 467.71,                                                                                       
                                               "Plan Rows": 298853,                                                                                        
                                               "Plan Width": 14,                                                                                           
                                               "Actual Startup Time": 625.467,                                                                             
                                               "Actual Total Time": 625.467,                                                                               
                                               "Actual Rows": 298857,                                                                                      
                                               "Actual Loops": 1,                                                                                          
                                               "Hash Buckets": 524288,                                                                                     
                                               "Original Hash Buckets": 524288,                                                                            
                                               "Hash Batches": 1,                                                                                          
                                               "Original Hash Batches": 1,                                                                                 
                                               "Peak Memory Usage": 16968,                                                                                 
                                               "Shared Hit Blocks": 0,                                                                                     
                                               "Shared Read Blocks": 8453,                                                                                 
                                               "Shared Dirtied Blocks": 0,                                                                                 
                                               "Shared Written Blocks": 0,                                                                                 
                                               "Local Hit Blocks": 0,                                                                                      
                                               "Local Read Blocks": 0,                                                                                     
                                               "Local Dirtied Blocks": 0,                                                                                  
                                               "Local Written Blocks": 0,                                                                                  
                                               "Temp Read Blocks": 0,                                                                                      
                                               "Temp Written Blocks": 0,                                                                                   
                                               "Plans": [                                                                                                  
                                                 {                                                                                                         
                                                   "Node Type": "Seq Scan",                                                                                
                                                   "Parent Relationship": "Outer",                                                                         
                                                   "Parallel Aware": false,                                                                                
                                                   "Relation Name": "movie_info_idx",                                                                      
                                                   "Alias": "mi_idx",                                                                                      
                                                   "Startup Cost": 0.00,                                                                                   
                                                   "Total Cost": 467.71,                                                                                   
                                                   "Plan Rows": 298853,                                                                                    
                                                   "Plan Width": 14,                                                                                       
                                                   "Actual Startup Time": 13.626,                                                                          
                                                   "Actual Total Time": 507.478,                                                                           
                                                   "Actual Rows": 298857,                                                                                  
                                                   "Actual Loops": 1,                                                                                      
                                                   "Filter": "(info > '6.5'::text)",                                                                       
                                                   "Rows Removed by Filter": 1081178,                                                                      
                                                   "Shared Hit Blocks": 0,                                                                                 
                                                   "Shared Read Blocks": 8453,                                                                             
                                                   "Shared Dirtied Blocks": 0,                                                                             
                                                   "Shared Written Blocks": 0,                                                                             
                                                   "Local Hit Blocks": 0,                                                                                  
                                                   "Local Read Blocks": 0,                                                                                 
                                                   "Local Dirtied Blocks": 0,                                                                              
                                                   "Local Written Blocks": 0,                                                                              
                                                   "Temp Read Blocks": 0,                                                                                  
                                                   "Temp Written Blocks": 0                                                                                
                                                 }                                                                                                         
                                               ]                                                                                                           
                                             }                                                                                                             
                                           ]                                                                                                               
                                         },                                                                                                                
                                         {                                                                                                                 
                                           "Node Type": "Hash",                                                                                            
                                           "Parent Relationship": "Inner",                                                                                 
                                           "Parallel Aware": false,                                                                                        
                                           "Startup Cost": 32.27,                                                                                          
                                           "Total Cost": 32.27,                                                                                            
                                           "Plan Rows": 135086,                                                                                            
                                           "Plan Width": 12,                                                                                               
                                           "Actual Startup Time": 84.839,                                                                                  
                                           "Actual Total Time": 84.839,                                                                                    
                                           "Actual Rows": 135086,                                                                                          
                                           "Actual Loops": 1,                                                                                              
                                           "Hash Buckets": 262144,                                                                                         
                                           "Original Hash Buckets": 262144,                                                                                
                                           "Hash Batches": 1,                                                                                              
                                           "Original Hash Batches": 1,                                                                                     
                                           "Peak Memory Usage": 7853,                                                                                      
                                           "Shared Hit Blocks": 0,                                                                                         
                                           "Shared Read Blocks": 731,                                                                                      
                                           "Shared Dirtied Blocks": 0,                                                                                     
                                           "Shared Written Blocks": 0,                                                                                     
                                           "Local Hit Blocks": 0,                                                                                          
                                           "Local Read Blocks": 0,                                                                                         
                                           "Local Dirtied Blocks": 0,                                                                                      
                                           "Local Written Blocks": 0,                                                                                      
                                           "Temp Read Blocks": 0,                                                                                          
                                           "Temp Written Blocks": 0,                                                                                       
                                           "Plans": [                                                                                                      
                                             {                                                                                                             
                                               "Node Type": "Seq Scan",                                                                                    
                                               "Parent Relationship": "Outer",                                                                             
                                               "Parallel Aware": false,                                                                                    
                                               "Relation Name": "complete_cast",                                                                           
                                               "Alias": "cc",                                                                                              
                                               "Startup Cost": 0.00,                                                                                       
                                               "Total Cost": 32.27,                                                                                        
                                               "Plan Rows": 135086,                                                                                        
                                               "Plan Width": 12,                                                                                           
                                               "Actual Startup Time": 7.344,                                                                               
                                               "Actual Total Time": 42.831,                                                                                
                                               "Actual Rows": 135086,                                                                                      
                                               "Actual Loops": 1,                                                                                          
                                               "Shared Hit Blocks": 0,                                                                                     
                                               "Shared Read Blocks": 731,                                                                                  
                                               "Shared Dirtied Blocks": 0,                                                                                 
                                               "Shared Written Blocks": 0,                                                                                 
                                               "Local Hit Blocks": 0,                                                                                      
                                               "Local Read Blocks": 0,                                                                                     
                                               "Local Dirtied Blocks": 0,                                                                                  
                                               "Local Written Blocks": 0,                                                                                  
                                               "Temp Read Blocks": 0,                                                                                      
                                               "Temp Written Blocks": 0                                                                                    
                                             }                                                                                                             
                                           ]                                                                                                               
                                         }                                                                                                                 
                                       ]                                                                                                                   
                                     },                                                                                                                    
                                     {                                                                                                                     
                                       "Node Type": "Hash",                                                                                                
                                       "Parent Relationship": "Inner",                                                                                     
                                       "Parallel Aware": false,                                                                                            
                                       "Startup Cost": 0.03,                                                                                               
                                       "Total Cost": 0.03,                                                                                                 
                                       "Plan Rows": 3,                                                                                                     
                                       "Plan Width": 4,                                                                                                    
                                       "Actual Startup Time": 0.021,                                                                                       
                                       "Actual Total Time": 0.021,                                                                                         
                                       "Actual Rows": 3,                                                                                                   
                                       "Actual Loops": 1,                                                                                                  
                                       "Hash Buckets": 1024,                                                                                               
                                       "Original Hash Buckets": 1024,                                                                                      
                                       "Hash Batches": 1,                                                                                                  
                                       "Original Hash Batches": 1,                                                                                         
                                       "Peak Memory Usage": 9,                                                                                             
                                       "Shared Hit Blocks": 1,                                                                                             
                                       "Shared Read Blocks": 0,                                                                                            
                                       "Shared Dirtied Blocks": 0,                                                                                         
                                       "Shared Written Blocks": 0,                                                                                         
                                       "Local Hit Blocks": 0,                                                                                              
                                       "Local Read Blocks": 0,                                                                                             
                                       "Local Dirtied Blocks": 0,                                                                                          
                                       "Local Written Blocks": 0,                                                                                          
                                       "Temp Read Blocks": 0,                                                                                              
                                       "Temp Written Blocks": 0,                                                                                           
                                       "Plans": [                                                                                                          
                                         {                                                                                                                 
                                           "Node Type": "Seq Scan",                                                                                        
                                           "Parent Relationship": "Outer",                                                                                 
                                           "Parallel Aware": false,                                                                                        
                                           "Relation Name": "comp_cast_type",                                                                              
                                           "Alias": "cct",                                                                                                
                                           "Startup Cost": 0.00,                                                                                           
                                           "Total Cost": 0.03,                                                                                             
                                           "Plan Rows": 3,                                                                                                 
                                           "Plan Width": 4,                                                                                                
                                           "Actual Startup Time": 0.011,                                                                                   
                                           "Actual Total Time": 0.014,                                                                                     
                                           "Actual Rows": 3,                                                                                               
                                           "Actual Loops": 1,                                                                                              
                                           "Filter": "((kind)::text <> 'completeverified'::text)",                                                        
                                           "Rows Removed by Filter": 1,                                                                                    
                                           "Shared Hit Blocks": 1,                                                                                         
                                           "Shared Read Blocks": 0,                                                                                        
                                           "Shared Dirtied Blocks": 0,                                                                                     
                                           "Shared Written Blocks": 0,                                                                                     
                                           "Local Hit Blocks": 0,                                                                                          
                                           "Local Read Blocks": 0,                                                                                         
                                           "Local Dirtied Blocks": 0,                                                                                      
                                           "Local Written Blocks": 0,                                                                                      
                                           "Temp Read Blocks": 0,                                                                                          
                                           "Temp Written Blocks": 0                                                                                        
                                         }                                                                                                                 
                                       ]                                                                                                                   
                                     }                                                                                                                     
                                   ]                                                                                                                       
                                 },                                                                                                                        
                                 {                                                                                                                         
                                   "Node Type": "Hash",                                                                                                    
                                   "Parent Relationship": "Inner",                                                                                         
                                   "Parallel Aware": false,                                                                                                
                                   "Startup Cost": 0.03,                                                                                                   
                                   "Total Cost": 0.03,                                                                                                     
                                   "Plan Rows": 1,                                                                                                         
                                   "Plan Width": 4,                                                                                                        
                                   "Actual Startup Time": 21.647,                                                                                          
                                   "Actual Total Time": 21.647,                                                                                            
                                   "Actual Rows": 1,                                                                                                       
                                   "Actual Loops": 1,                                                                                                      
                                   "Hash Buckets": 1024,                                                                                                   
                                   "Original Hash Buckets": 1024,                                                                                          
                                   "Hash Batches": 1,                                                                                                      
                                   "Original Hash Batches": 1,                                                                                             
                                   "Peak Memory Usage": 9,                                                                                                 
                                   "Shared Hit Blocks": 0,                                                                                                 
                                   "Shared Read Blocks": 1,                                                                                                
                                   "Shared Dirtied Blocks": 0,                                                                                             
                                   "Shared Written Blocks": 0,                                                                                             
                                   "Local Hit Blocks": 0,                                                                                                  
                                   "Local Read Blocks": 0,                                                                                                 
                                   "Local Dirtied Blocks": 0,                                                                                              
                                   "Local Written Blocks": 0,                                                                                              
                                   "Temp Read Blocks": 0,                                                                                                  
                                   "Temp Written Blocks": 0,                                                                                               
                                   "Plans": [                                                                                                              
                                     {                                                                                                                     
                                       "Node Type": "Seq Scan",                                                                                            
                                       "Parent Relationship": "Outer",                                                                                     
                                       "Parallel Aware": false,                                                                                            
                                       "Relation Name": "comp_cast_type",                                                                                  
                                       "Alias": "cct",                                                                                                    
                                       "Startup Cost": 0.00,                                                                                               
                                       "Total Cost": 0.03,                                                                                                 
                                       "Plan Rows": 1,                                                                                                     
                                       "Plan Width": 4,                                                                                                    
                                       "Actual Startup Time": 21.624,                                                                                      
                                       "Actual Total Time": 21.628,                                                                                        
                                       "Actual Rows": 1,                                                                                                   
                                       "Actual Loops": 1,                                                                                                  
                                       "Filter": "((kind)::text = 'crew'::text)",                                                                          
                                       "Rows Removed by Filter": 3,                                                                                        
                                       "Shared Hit Blocks": 0,                                                                                             
                                       "Shared Read Blocks": 1,                                                                                            
                                       "Shared Dirtied Blocks": 0,                                                                                         
                                       "Shared Written Blocks": 0,                                                                                         
                                       "Local Hit Blocks": 0,                                                                                              
                                       "Local Read Blocks": 0,                                                                                             
                                       "Local Dirtied Blocks": 0,                                                                                          
                                       "Local Written Blocks": 0,                                                                                          
                                       "Temp Read Blocks": 0,                                                                                              
                                       "Temp Written Blocks": 0                                                                                            
                                     }                                                                                                                     
                                   ]                                                                                                                       
                                 }                                                                                                                         
                               ]                                                                                                                           
                             },                                                                                                                            
                             {                                                                                                                             
                               "Node Type": "Hash",                                                                                                        
                               "Parent Relationship": "Inner",                                                                                             
                               "Parallel Aware": false,                                                                                                    
                               "Startup Cost": 0.05,                                                                                                       
                               "Total Cost": 0.05,                                                                                                         
                               "Plan Rows": 1,                                                                                                             
                               "Plan Width": 4,                                                                                                            
                               "Actual Startup Time": 0.027,                                                                                               
                               "Actual Total Time": 0.027,                                                                                                 
                               "Actual Rows": 1,                                                                                                           
                               "Actual Loops": 1,                                                                                                          
                               "Hash Buckets": 1024,                                                                                                       
                               "Original Hash Buckets": 1024,                                                                                              
                               "Hash Batches": 1,                                                                                                          
                               "Original Hash Batches": 1,                                                                                                 
                               "Peak Memory Usage": 9,                                                                                                     
                               "Shared Hit Blocks": 1,                                                                                                     
                               "Shared Read Blocks": 0,                                                                                                    
                               "Shared Dirtied Blocks": 0,                                                                                                 
                               "Shared Written Blocks": 0,                                                                                                 
                               "Local Hit Blocks": 0,                                                                                                      
                               "Local Read Blocks": 0,                                                                                                     
                               "Local Dirtied Blocks": 0,                                                                                                  
                               "Local Written Blocks": 0,                                                                                                  
                               "Temp Read Blocks": 0,                                                                                                      
                               "Temp Written Blocks": 0,                                                                                                   
                               "Plans": [                                                                                                                  
                                 {                                                                                                                         
                                   "Node Type": "Seq Scan",                                                                                                
                                   "Parent Relationship": "Outer",                                                                                         
                                   "Parallel Aware": false,                                                                                                
                                   "Relation Name": "info_type",                                                                                           
                                   "Alias": "it",                                                                                                         
                                   "Startup Cost": 0.00,                                                                                                   
                                   "Total Cost": 0.05,                                                                                                     
                                   "Plan Rows": 1,                                                                                                         
                                   "Plan Width": 4,                                                                                                        
                                   "Actual Startup Time": 0.022,                                                                                           
                                   "Actual Total Time": 0.024,                                                                                             
                                   "Actual Rows": 1,                                                                                                       
                                   "Actual Loops": 1,                                                                                                      
                                   "Filter": "((info)::text = 'rating'::text)",                                                                            
                                   "Rows Removed by Filter": 112,                                                                                          
                                   "Shared Hit Blocks": 1,                                                                                                 
                                   "Shared Read Blocks": 0,                                                                                                
                                   "Shared Dirtied Blocks": 0,                                                                                             
                                   "Shared Written Blocks": 0,                                                                                             
                                   "Local Hit Blocks": 0,                                                                                                  
                                   "Local Read Blocks": 0,                                                                                                 
                                   "Local Dirtied Blocks": 0,                                                                                              
                                   "Local Written Blocks": 0,                                                                                              
                                   "Temp Read Blocks": 0,                                                                                                  
                                   "Temp Written Blocks": 0                                                                                                
                                 }                                                                                                                         
                               ]                                                                                                                           
                             }                                                                                                                             
                           ]                                                                                                                               
                         },                                                                                                                                
                         {                                                                                                                                 
                           "Node Type": "Hash",                                                                                                            
                           "Parent Relationship": "Inner",                                                                                                 
                           "Parallel Aware": false,                                                                                                        
                           "Startup Cost": 1174.90,                                                                                                        
                           "Total Cost": 1174.90,                                                                                                          
                           "Plan Rows": 143259,                                                                                                            
                           "Plan Width": 12,                                                                                                               
                           "Actual Startup Time": 919.789,                                                                                                 
                           "Actual Total Time": 919.789,                                                                                                   
                           "Actual Rows": 303271,                                                                                                          
                           "Actual Loops": 1,                                                                                                              
                           "Hash Buckets": 524288,                                                                                                         
                           "Original Hash Buckets": 262144,                                                                                                
                           "Hash Batches": 1,                                                                                                              
                           "Original Hash Batches": 1,                                                                                                     
                           "Peak Memory Usage": 17128,                                                                                                     
                           "Shared Hit Blocks": 0,                                                                                                         
                           "Shared Read Blocks": 18789,                                                                                                    
                           "Shared Dirtied Blocks": 0,                                                                                                     
                           "Shared Written Blocks": 0,                                                                                                     
                           "Local Hit Blocks": 0,                                                                                                          
                           "Local Read Blocks": 0,                                                                                                         
                           "Local Dirtied Blocks": 0,                                                                                                      
                           "Local Written Blocks": 0,                                                                                                      
                           "Temp Read Blocks": 0,                                                                                                          
                           "Temp Written Blocks": 0,                                                                                                       
                           "Plans": [                                                                                                                      
                             {                                                                                                                             
                               "Node Type": "Seq Scan",                                                                                                    
                               "Parent Relationship": "Outer",                                                                                             
                               "Parallel Aware": false,                                                                                                    
                               "Relation Name": "movie_companies",                                                                                         
                               "Alias": "mc",                                                                                                              
                               "Startup Cost": 0.00,                                                                                                       
                               "Total Cost": 1174.90,                                                                                                      
                               "Plan Rows": 143259,                                                                                                        
                               "Plan Width": 12,                                                                                                           
                               "Actual Startup Time": 24.410,                                                                                              
                               "Actual Total Time": 825.048,                                                                                               
                               "Actual Rows": 303271,                                                                                                      
                               "Actual Loops": 1,                                                                                                          
                               "Filter": "((note !~~ '%(USA)%'::text) AND (note ~~ '%(200%)%'::text))",                                                    
                               "Rows Removed by Filter": 2305858,                                                                                          
                               "Shared Hit Blocks": 0,                                                                                                     
                               "Shared Read Blocks": 18789,                                                                                                
                               "Shared Dirtied Blocks": 0,                                                                                                 
                               "Shared Written Blocks": 0,                                                                                                 
                               "Local Hit Blocks": 0,                                                                                                      
                               "Local Read Blocks": 0,                                                                                                     
                               "Local Dirtied Blocks": 0,                                                                                                  
                               "Local Written Blocks": 0,                                                                                                  
                               "Temp Read Blocks": 0,                                                                                                      
                               "Temp Written Blocks": 0                                                                                                    
                             }                                                                                                                             
                           ]                                                                                                                               
                         }                                                                                                                                 
                       ]                                                                                                                                   
                     },                                                                                                                                    
                     {                                                                                                                                     
                       "Node Type": "Hash",                                                                                                                
                       "Parent Relationship": "Inner",                                                                                                     
                       "Parallel Aware": false,                                                                                                            
                       "Startup Cost": 0.03,                                                                                                               
                       "Total Cost": 0.03,                                                                                                                 
                       "Plan Rows": 4,                                                                                                                     
                       "Plan Width": 4,                                                                                                                    
                       "Actual Startup Time": 25.487,                                                                                                      
                       "Actual Total Time": 25.487,                                                                                                        
                       "Actual Rows": 4,                                                                                                                   
                       "Actual Loops": 1,                                                                                                                  
                       "Hash Buckets": 1024,                                                                                                               
                       "Original Hash Buckets": 1024,                                                                                                      
                       "Hash Batches": 1,                                                                                                                  
                       "Original Hash Batches": 1,                                                                                                         
                       "Peak Memory Usage": 9,                                                                                                             
                       "Shared Hit Blocks": 0,                                                                                                             
                       "Shared Read Blocks": 1,                                                                                                            
                       "Shared Dirtied Blocks": 0,                                                                                                         
                       "Shared Written Blocks": 0,                                                                                                         
                       "Local Hit Blocks": 0,                                                                                                              
                       "Local Read Blocks": 0,                                                                                                             
                       "Local Dirtied Blocks": 0,                                                                                                          
                       "Local Written Blocks": 0,                                                                                                          
                       "Temp Read Blocks": 0,                                                                                                              
                       "Temp Written Blocks": 0,                                                                                                           
                       "Plans": [                                                                                                                          
                         {                                                                                                                                 
                           "Node Type": "Seq Scan",                                                                                                        
                           "Parent Relationship": "Outer",                                                                                                 
                           "Parallel Aware": false,                                                                                                        
                           "Relation Name": "company_type",                                                                                                
                           "Alias": "ct",                                                                                                                  
                           "Startup Cost": 0.00,                                                                                                           
                           "Total Cost": 0.03,                                                                                                             
                           "Plan Rows": 4,                                                                                                                 
                           "Plan Width": 4,                                                                                                                
                           "Actual Startup Time": 25.468,                                                                                                  
                           "Actual Total Time": 25.473,                                                                                                    
                           "Actual Rows": 4,                                                                                                               
                           "Actual Loops": 1,                                                                                                              
                           "Shared Hit Blocks": 0,                                                                                                         
                           "Shared Read Blocks": 1,                                                                                                        
                           "Shared Dirtied Blocks": 0,                                                                                                     
                           "Shared Written Blocks": 0,                                                                                                     
                           "Local Hit Blocks": 0,                                                                                                          
                           "Local Read Blocks": 0,                                                                                                         
                           "Local Dirtied Blocks": 0,                                                                                                      
                           "Local Written Blocks": 0,                                                                                                      
                           "Temp Read Blocks": 0,                                                                                                          
                           "Temp Written Blocks": 0                                                                                                        
                         }                                                                                                                                 
                       ]                                                                                                                                   
                     }                                                                                                                                     
                   ]                                                                                                                                       
                 },                                                                                                                                        
                 {                                                                                                                                         
                   "Node Type": "Hash",                                                                                                                    
                   "Parent Relationship": "Inner",                                                                                                         
                   "Parallel Aware": false,                                                                                                                
                   "Startup Cost": 128.41,                                                                                                                 
                   "Total Cost": 128.41,                                                                                                                   
                   "Plan Rows": 126230,                                                                                                                    
                   "Plan Width": 23,                                                                                                                       
                   "Actual Startup Time": 162.274,                                                                                                         
                   "Actual Total Time": 162.274,                                                                                                           
                   "Actual Rows": 126230,                                                                                                                  
                   "Actual Loops": 1,                                                                                                                      
                   "Hash Buckets": 131072,                                                                                                                 
                   "Original Hash Buckets": 131072,                                                                                                        
                   "Hash Batches": 1,                                                                                                                      
                   "Original Hash Batches": 1,                                                                                                             
                   "Peak Memory Usage": 7967,                                                                                                              
                   "Shared Hit Blocks": 0,                                                                                                                 
                   "Shared Read Blocks": 2994,                                                                                                             
                   "Shared Dirtied Blocks": 0,                                                                                                             
                   "Shared Written Blocks": 0,                                                                                                             
                   "Local Hit Blocks": 0,                                                                                                                  
                   "Local Read Blocks": 0,                                                                                                                 
                   "Local Dirtied Blocks": 0,                                                                                                              
                   "Local Written Blocks": 0,                                                                                                              
                   "Temp Read Blocks": 0,                                                                                                                  
                   "Temp Written Blocks": 0,                                                                                                               
                   "Plans": [                                                                                                                              
                     {                                                                                                                                     
                       "Node Type": "Seq Scan",                                                                                                            
                       "Parent Relationship": "Outer",                                                                                                     
                       "Parallel Aware": false,                                                                                                            
                       "Relation Name": "company_name",                                                                                                    
                       "Alias": "cn",                                                                                                                      
                       "Startup Cost": 0.00,                                                                                                               
                       "Total Cost": 128.41,                                                                                                               
                       "Plan Rows": 126230,                                                                                                                
                       "Plan Width": 23,                                                                                                                   
                       "Actual Startup Time": 25.758,                                                                                                      
                       "Actual Total Time": 116.769,                                                                                                       
                       "Actual Rows": 126230,                                                                                                              
                       "Actual Loops": 1,                                                                                                                  
                       "Filter": "((country_code)::text <> '[us]'::text)",                                                                                 
                       "Rows Removed by Filter": 108767,                                                                                                   
                       "Shared Hit Blocks": 0,                                                                                                             
                       "Shared Read Blocks": 2994,                                                                                                         
                       "Shared Dirtied Blocks": 0,                                                                                                         
                       "Shared Written Blocks": 0,                                                                                                         
                       "Local Hit Blocks": 0,                                                                                                              
                       "Local Read Blocks": 0,                                                                                                             
                       "Local Dirtied Blocks": 0,                                                                                                          
                       "Local Written Blocks": 0,                                                                                                          
                       "Temp Read Blocks": 0,                                                                                                              
                       "Temp Written Blocks": 0                                                                                                            
                     }                                                                                                                                     
                   ]                                                                                                                                       
                 }                                                                                                                                         
               ]                                                                                                                                           
             },                                                                                                                                            
             {                                                                                                                                             
               "Node Type": "Hash",                                                                                                                        
               "Parent Relationship": "Inner",                                                                                                             
               "Parallel Aware": false,                                                                                                                    
               "Startup Cost": 0.05,                                                                                                                       
               "Total Cost": 0.05,                                                                                                                         
               "Plan Rows": 1,                                                                                                                             
               "Plan Width": 4,                                                                                                                            
               "Actual Startup Time": 21.139,                                                                                                              
               "Actual Total Time": 21.139,                                                                                                                
               "Actual Rows": 1,                                                                                                                           
               "Actual Loops": 1,                                                                                                                          
               "Hash Buckets": 1024,                                                                                                                       
               "Original Hash Buckets": 1024,                                                                                                              
               "Hash Batches": 1,                                                                                                                          
               "Original Hash Batches": 1,                                                                                                                 
               "Peak Memory Usage": 9,                                                                                                                     
               "Shared Hit Blocks": 0,                                                                                                                     
               "Shared Read Blocks": 1,                                                                                                                    
               "Shared Dirtied Blocks": 0,                                                                                                                 
               "Shared Written Blocks": 0,                                                                                                                 
               "Local Hit Blocks": 0,                                                                                                                      
               "Local Read Blocks": 0,                                                                                                                     
               "Local Dirtied Blocks": 0,                                                                                                                  
               "Local Written Blocks": 0,                                                                                                                  
               "Temp Read Blocks": 0,                                                                                                                      
               "Temp Written Blocks": 0,                                                                                                                   
               "Plans": [                                                                                                                                  
                 {                                                                                                                                         
                   "Node Type": "Seq Scan",                                                                                                                
                   "Parent Relationship": "Outer",                                                                                                         
                   "Parallel Aware": false,                                                                                                                
                   "Relation Name": "info_type",                                                                                                           
                   "Alias": "it",                                                                                                                         
                   "Startup Cost": 0.00,                                                                                                                   
                   "Total Cost": 0.05,                                                                                                                     
                   "Plan Rows": 1,                                                                                                                         
                   "Plan Width": 4,                                                                                                                        
                   "Actual Startup Time": 21.083,                                                                                                          
                   "Actual Total Time": 21.121,                                                                                                            
                   "Actual Rows": 1,                                                                                                                       
                   "Actual Loops": 1,                                                                                                                      
                   "Filter": "((info)::text = 'countries'::text)",                                                                                         
                   "Rows Removed by Filter": 112,                                                                                                          
                   "Shared Hit Blocks": 0,                                                                                                                 
                   "Shared Read Blocks": 1,                                                                                                                
                   "Shared Dirtied Blocks": 0,                                                                                                             
                   "Shared Written Blocks": 0,                                                                                                             
                   "Local Hit Blocks": 0,                                                                                                                  
                   "Local Read Blocks": 0,                                                                                                                 
                   "Local Dirtied Blocks": 0,                                                                                                              
                   "Local Written Blocks": 0,                                                                                                              
                   "Temp Read Blocks": 0,                                                                                                                  
                   "Temp Written Blocks": 0                                                                                                                
                 }                                                                                                                                         
               ]                                                                                                                                           
             }                                                                                                                                             
           ]                                                                                                                                               
         }                                                                                                                                                 
       ]                                                                                                                                                   
     },                                                                                                                                                    
     "Planning Time": 14325.569,                                                                                                                           
     "Triggers": [                                                                                                                                         
     ],                                                                                                                                                    
     "Execution Time": 13509.603                                                                                                                           
   }                                                                                                                                                       
 ]
