 [                                                                                                                                                             
   {                                                                                                                                                           
     "Plan": {                                                                                                                                                 
       "Node Type": "Aggregate",                                                                                                                               
       "Strategy": "Plain",                                                                                                                                    
       "Partial Mode": "Simple",                                                                                                                               
       "Parallel Aware": false,                                                                                                                                
       "Startup Cost": 17118.83,                                                                                                                               
       "Total Cost": 17118.83,                                                                                                                                 
       "Plan Rows": 1,                                                                                                                                         
       "Plan Width": 96,                                                                                                                                       
       "Actual Startup Time": 13423.416,                                                                                                                       
       "Actual Total Time": 13423.416,                                                                                                                         
       "Actual Rows": 1,                                                                                                                                       
       "Actual Loops": 1,                                                                                                                                      
       "Shared Hit Blocks": 5,                                                                                                                                 
       "Shared Read Blocks": 254264,                                                                                                                           
       "Shared Dirtied Blocks": 0,                                                                                                                             
       "Shared Written Blocks": 0,                                                                                                                             
       "Local Hit Blocks": 0,                                                                                                                                  
       "Local Read Blocks": 0,                                                                                                                                 
       "Local Dirtied Blocks": 0,                                                                                                                              
       "Local Written Blocks": 0,                                                                                                                              
       "Temp Read Blocks": 0,                                                                                                                                  
       "Temp Written Blocks": 0,                                                                                                                               
       "Plans": [                                                                                                                                              
         {                                                                                                                                                     
           "Node Type": "Hash Join",                                                                                                                           
           "Parent Relationship": "Outer",                                                                                                                     
           "Parallel Aware": false,                                                                                                                            
           "Join Type": "Inner",                                                                                                                               
           "Startup Cost": 5172.50,                                                                                                                            
           "Total Cost": 17118.83,                                                                                                                             
           "Plan Rows": 1,                                                                                                                                     
           "Plan Width": 42,                                                                                                                                   
           "Actual Startup Time": 12073.906,                                                                                                                   
           "Actual Total Time": 13395.393,                                                                                                                     
           "Actual Rows": 8373,                                                                                                                                
           "Actual Loops": 1,                                                                                                                                  
           "Inner Unique": true,                                                                                                                               
           "Hash Cond": "(mi.info_type_id = it.id)",                                                                                                          
           "Shared Hit Blocks": 5,                                                                                                                             
           "Shared Read Blocks": 254264,                                                                                                                       
           "Shared Dirtied Blocks": 0,                                                                                                                         
           "Shared Written Blocks": 0,                                                                                                                         
           "Local Hit Blocks": 0,                                                                                                                              
           "Local Read Blocks": 0,                                                                                                                             
           "Local Dirtied Blocks": 0,                                                                                                                          
           "Local Written Blocks": 0,                                                                                                                          
           "Temp Read Blocks": 0,                                                                                                                              
           "Temp Written Blocks": 0,                                                                                                                           
           "Plans": [                                                                                                                                          
             {                                                                                                                                                 
               "Node Type": "Hash Join",                                                                                                                       
               "Parent Relationship": "Outer",                                                                                                                 
               "Parallel Aware": false,                                                                                                                        
               "Join Type": "Inner",                                                                                                                           
               "Startup Cost": 5172.45,                                                                                                                        
               "Total Cost": 17118.78,                                                                                                                         
               "Plan Rows": 1,                                                                                                                                 
               "Plan Width": 46,                                                                                                                               
               "Actual Startup Time": 4971.189,                                                                                                                
               "Actual Total Time": 13371.871,                                                                                                                 
               "Actual Rows": 9489,                                                                                                                            
               "Actual Loops": 1,                                                                                                                              
               "Inner Unique": false,                                                                                                                          
               "Hash Cond": "(mi.movie_id = t.id)",                                                                                                            
               "Shared Hit Blocks": 2,                                                                                                                         
               "Shared Read Blocks": 254263,                                                                                                                   
               "Shared Dirtied Blocks": 0,                                                                                                                     
               "Shared Written Blocks": 0,                                                                                                                     
               "Local Hit Blocks": 0,                                                                                                                          
               "Local Read Blocks": 0,                                                                                                                         
               "Local Dirtied Blocks": 0,                                                                                                                      
               "Local Written Blocks": 0,                                                                                                                      
               "Temp Read Blocks": 0,                                                                                                                          
               "Temp Written Blocks": 0,                                                                                                                       
               "Plans": [                                                                                                                                      
                 {                                                                                                                                             
                   "Node Type": "Seq Scan",                                                                                                                    
                   "Parent Relationship": "Outer",                                                                                                             
                   "Parallel Aware": false,                                                                                                                    
                   "Relation Name": "movie_info",                                                                                                              
                   "Alias": "mi",                                                                                                                              
                   "Startup Cost": 0.00,                                                                                                                       
                   "Total Cost": 11863.04,                                                                                                                     
                   "Plan Rows": 715132,                                                                                                                        
                   "Plan Width": 8,                                                                                                                            
                   "Actual Startup Time": 37.490,                                                                                                              
                   "Actual Total Time": 8408.670,                                                                                                              
                   "Actual Rows": 716210,                                                                                                                      
                   "Actual Loops": 1,                                                                                                                          
                   "Filter": "(info = ANY ('{Sweden,Norway,Germany,Denmark,Swedish,Danish,Norwegian,German,USA,American}'::text[]))",                          
                   "Rows Removed by Filter": 14119510,                                                                                                         
                   "Shared Hit Blocks": 0,                                                                                                                     
                   "Shared Read Blocks": 161892,                                                                                                               
                   "Shared Dirtied Blocks": 0,                                                                                                                 
                   "Shared Written Blocks": 0,                                                                                                                 
                   "Local Hit Blocks": 0,                                                                                                                      
                   "Local Read Blocks": 0,                                                                                                                     
                   "Local Dirtied Blocks": 0,                                                                                                                  
                   "Local Written Blocks": 0,                                                                                                                  
                   "Temp Read Blocks": 0,                                                                                                                      
                   "Temp Written Blocks": 0                                                                                                                    
                 },                                                                                                                                            
                 {                                                                                                                                             
                   "Node Type": "Hash",                                                                                                                        
                   "Parent Relationship": "Inner",                                                                                                             
                   "Parallel Aware": false,                                                                                                                    
                   "Startup Cost": 5172.45,                                                                                                                    
                   "Total Cost": 5172.45,                                                                                                                      
                   "Plan Rows": 1,                                                                                                                             
                   "Plan Width": 62,                                                                                                                           
                   "Actual Startup Time": 4868.484,                                                                                                            
                   "Actual Total Time": 4868.484,                                                                                                              
                   "Actual Rows": 8156,                                                                                                                        
                   "Actual Loops": 1,                                                                                                                          
                   "Hash Buckets": 8192,                                                                                                                       
                   "Original Hash Buckets": 1024,                                                                                                              
                   "Hash Batches": 1,                                                                                                                          
                   "Original Hash Batches": 1,                                                                                                                 
                   "Peak Memory Usage": 822,                                                                                                                   
                   "Shared Hit Blocks": 2,                                                                                                                     
                   "Shared Read Blocks": 92371,                                                                                                                
                   "Shared Dirtied Blocks": 0,                                                                                                                 
                   "Shared Written Blocks": 0,                                                                                                                 
                   "Local Hit Blocks": 0,                                                                                                                      
                   "Local Read Blocks": 0,                                                                                                                     
                   "Local Dirtied Blocks": 0,                                                                                                                  
                   "Local Written Blocks": 0,                                                                                                                  
                   "Temp Read Blocks": 0,                                                                                                                      
                   "Temp Written Blocks": 0,                                                                                                                   
                   "Plans": [                                                                                                                                  
                     {                                                                                                                                         
                       "Node Type": "Hash Join",                                                                                                               
                       "Parent Relationship": "Outer",                                                                                                         
                       "Parallel Aware": false,                                                                                                                
                       "Join Type": "Inner",                                                                                                                   
                       "Startup Cost": 3980.87,                                                                                                                
                       "Total Cost": 5172.45,                                                                                                                  
                       "Plan Rows": 1,                                                                                                                         
                       "Plan Width": 62,                                                                                                                       
                       "Actual Startup Time": 3997.139,                                                                                                        
                       "Actual Total Time": 4864.538,                                                                                                          
                       "Actual Rows": 8156,                                                                                                                    
                       "Actual Loops": 1,                                                                                                                      
                       "Inner Unique": true,                                                                                                                   
                       "Hash Cond": "(mc.company_type_id = ct.id)",                                                                                            
                       "Shared Hit Blocks": 2,                                                                                                                 
                       "Shared Read Blocks": 92371,                                                                                                            
                       "Shared Dirtied Blocks": 0,                                                                                                             
                       "Shared Written Blocks": 0,                                                                                                             
                       "Local Hit Blocks": 0,                                                                                                                  
                       "Local Read Blocks": 0,                                                                                                                 
                       "Local Dirtied Blocks": 0,                                                                                                              
                       "Local Written Blocks": 0,                                                                                                              
                       "Temp Read Blocks": 0,                                                                                                                  
                       "Temp Written Blocks": 0,                                                                                                               
                       "Plans": [                                                                                                                              
                         {                                                                                                                                     
                           "Node Type": "Hash Join",                                                                                                           
                           "Parent Relationship": "Outer",                                                                                                     
                           "Parallel Aware": false,                                                                                                            
                           "Join Type": "Inner",                                                                                                               
                           "Startup Cost": 3980.84,                                                                                                            
                           "Total Cost": 5172.42,                                                                                                              
                           "Plan Rows": 1,                                                                                                                     
                           "Plan Width": 66,                                                                                                                   
                           "Actual Startup Time": 3996.946,                                                                                                    
                           "Actual Total Time": 4861.391,                                                                                                      
                           "Actual Rows": 8156,                                                                                                                
                           "Actual Loops": 1,                                                                                                                  
                           "Inner Unique": true,                                                                                                               
                           "Hash Cond": "(mc.company_id = cn.id)",                                                                                             
                           "Shared Hit Blocks": 2,                                                                                                             
                           "Shared Read Blocks": 92370,                                                                                                        
                           "Shared Dirtied Blocks": 0,                                                                                                         
                           "Shared Written Blocks": 0,                                                                                                         
                           "Local Hit Blocks": 0,                                                                                                              
                           "Local Read Blocks": 0,                                                                                                             
                           "Local Dirtied Blocks": 0,                                                                                                          
                           "Local Written Blocks": 0,                                                                                                          
                           "Temp Read Blocks": 0,                                                                                                              
                           "Temp Written Blocks": 0,                                                                                                           
                           "Plans": [                                                                                                                          
                             {                                                                                                                                 
                               "Node Type": "Hash Join",                                                                                                       
                               "Parent Relationship": "Outer",                                                                                                 
                               "Parallel Aware": false,                                                                                                        
                               "Join Type": "Inner",                                                                                                           
                               "Startup Cost": 3833.90,                                                                                                        
                               "Total Cost": 5025.49,                                                                                                          
                               "Plan Rows": 1,                                                                                                                 
                               "Plan Width": 51,                                                                                                               
                               "Actual Startup Time": 3855.844,                                                                                                
                               "Actual Total Time": 4715.889,                                                                                                  
                               "Actual Rows": 8571,                                                                                                            
                               "Actual Loops": 1,                                                                                                              
                               "Inner Unique": false,                                                                                                          
                               "Hash Cond": "(mc.movie_id = t.id)",                                                                                            
                               "Shared Hit Blocks": 2,                                                                                                         
                               "Shared Read Blocks": 89376,                                                                                                    
                               "Shared Dirtied Blocks": 0,                                                                                                     
                               "Shared Written Blocks": 0,                                                                                                     
                               "Local Hit Blocks": 0,                                                                                                          
                               "Local Read Blocks": 0,                                                                                                         
                               "Local Dirtied Blocks": 0,                                                                                                      
                               "Local Written Blocks": 0,                                                                                                      
                               "Temp Read Blocks": 0,                                                                                                          
                               "Temp Written Blocks": 0,                                                                                                       
                               "Plans": [                                                                                                                      
                                 {                                                                                                                             
                                   "Node Type": "Seq Scan",                                                                                                    
                                   "Parent Relationship": "Outer",                                                                                             
                                   "Parallel Aware": false,                                                                                                    
                                   "Relation Name": "movie_companies",                                                                                         
                                   "Alias": "mc",                                                                                                              
                                   "Startup Cost": 0.00,                                                                                                       
                                   "Total Cost": 1174.90,                                                                                                      
                                   "Plan Rows": 143259,                                                                                                        
                                   "Plan Width": 12,                                                                                                           
                                   "Actual Startup Time": 3.061,                                                                                               
                                   "Actual Total Time": 866.994,                                                                                               
                                   "Actual Rows": 303271,                                                                                                      
                                   "Actual Loops": 1,                                                                                                          
                                   "Filter": "((note !~~ '%(USA)%'::text) AND (note ~~ '%(200%)%'::text))",                                                    
                                   "Rows Removed by Filter": 2305858,                                                                                          
                                   "Shared Hit Blocks": 0,                                                                                                     
                                   "Shared Read Blocks": 18789,                                                                                                
                                   "Shared Dirtied Blocks": 0,                                                                                                 
                                   "Shared Written Blocks": 0,                                                                                                 
                                   "Local Hit Blocks": 0,                                                                                                      
                                   "Local Read Blocks": 0,                                                                                                     
                                   "Local Dirtied Blocks": 0,                                                                                                  
                                   "Local Written Blocks": 0,                                                                                                  
                                   "Temp Read Blocks": 0,                                                                                                      
                                   "Temp Written Blocks": 0                                                                                                    
                                 },                                                                                                                            
                                 {                                                                                                                             
                                   "Node Type": "Hash",                                                                                                        
                                   "Parent Relationship": "Inner",                                                                                             
                                   "Parallel Aware": false,                                                                                                    
                                   "Startup Cost": 3833.90,                                                                                                    
                                   "Total Cost": 3833.90,                                                                                                      
                                   "Plan Rows": 1,                                                                                                             
                                   "Plan Width": 39,                                                                                                           
                                   "Actual Startup Time": 3800.509,                                                                                            
                                   "Actual Total Time": 3800.509,                                                                                              
                                   "Actual Rows": 851,                                                                                                         
                                   "Actual Loops": 1,                                                                                                          
                                   "Hash Buckets": 1024,                                                                                                       
                                   "Original Hash Buckets": 1024,                                                                                              
                                   "Hash Batches": 1,                                                                                                          
                                   "Original Hash Batches": 1,                                                                                                 
                                   "Peak Memory Usage": 65,                                                                                                    
                                   "Shared Hit Blocks": 2,                                                                                                     
                                   "Shared Read Blocks": 70587,                                                                                                
                                   "Shared Dirtied Blocks": 0,                                                                                                 
                                   "Shared Written Blocks": 0,                                                                                                 
                                   "Local Hit Blocks": 0,                                                                                                      
                                   "Local Read Blocks": 0,                                                                                                     
                                   "Local Dirtied Blocks": 0,                                                                                                  
                                   "Local Written Blocks": 0,                                                                                                  
                                   "Temp Read Blocks": 0,                                                                                                      
                                   "Temp Written Blocks": 0,                                                                                                   
                                   "Plans": [                                                                                                                  
                                     {                                                                                                                         
                                       "Node Type": "Hash Join",                                                                                               
                                       "Parent Relationship": "Outer",                                                                                         
                                       "Parallel Aware": false,                                                                                                
                                       "Join Type": "Inner",                                                                                                   
                                       "Startup Cost": 3209.72,                                                                                                
                                       "Total Cost": 3833.90,                                                                                                  
                                       "Plan Rows": 1,                                                                                                         
                                       "Plan Width": 39,                                                                                                       
                                       "Actual Startup Time": 3236.152,                                                                                        
                                       "Actual Total Time": 3800.067,                                                                                          
                                       "Actual Rows": 851,                                                                                                     
                                       "Actual Loops": 1,                                                                                                      
                                       "Inner Unique": true,                                                                                                   
                                       "Hash Cond": "(t.kind_id = kt.id)",                                                                                     
                                       "Shared Hit Blocks": 2,                                                                                                 
                                       "Shared Read Blocks": 70587,                                                                                            
                                       "Shared Dirtied Blocks": 0,                                                                                             
                                       "Shared Written Blocks": 0,                                                                                             
                                       "Local Hit Blocks": 0,                                                                                                  
                                       "Local Read Blocks": 0,                                                                                                 
                                       "Local Dirtied Blocks": 0,                                                                                              
                                       "Local Written Blocks": 0,                                                                                              
                                       "Temp Read Blocks": 0,                                                                                                  
                                       "Temp Written Blocks": 0,                                                                                               
                                       "Plans": [                                                                                                              
                                         {                                                                                                                     
                                           "Node Type": "Hash Join",                                                                                           
                                           "Parent Relationship": "Outer",                                                                                     
                                           "Parallel Aware": false,                                                                                            
                                           "Join Type": "Inner",                                                                                               
                                           "Startup Cost": 3209.69,                                                                                            
                                           "Total Cost": 3833.87,                                                                                              
                                           "Plan Rows": 1,                                                                                                     
                                           "Plan Width": 43,                                                                                                   
                                           "Actual Startup Time": 3211.367,                                                                                    
                                           "Actual Total Time": 3774.912,                                                                                      
                                           "Actual Rows": 961,                                                                                                 
                                           "Actual Loops": 1,                                                                                                  
                                           "Inner Unique": true,                                                                                               
                                           "Hash Cond": "(cc.subject_id = cct.id)",                                                                           
                                           "Shared Hit Blocks": 2,                                                                                             
                                           "Shared Read Blocks": 70586,                                                                                        
                                           "Shared Dirtied Blocks": 0,                                                                                         
                                           "Shared Written Blocks": 0,                                                                                         
                                           "Local Hit Blocks": 0,                                                                                              
                                           "Local Read Blocks": 0,                                                                                             
                                           "Local Dirtied Blocks": 0,                                                                                          
                                           "Local Written Blocks": 0,                                                                                          
                                           "Temp Read Blocks": 0,                                                                                              
                                           "Temp Written Blocks": 0,                                                                                           
                                           "Plans": [                                                                                                          
                                             {                                                                                                                 
                                               "Node Type": "Hash Join",                                                                                       
                                               "Parent Relationship": "Outer",                                                                                 
                                               "Parallel Aware": false,                                                                                        
                                               "Join Type": "Inner",                                                                                           
                                               "Startup Cost": 3209.66,                                                                                        
                                               "Total Cost": 3833.84,                                                                                          
                                               "Plan Rows": 1,                                                                                                 
                                               "Plan Width": 47,                                                                                               
                                               "Actual Startup Time": 3202.391,                                                                                
                                               "Actual Total Time": 3765.550,                                                                                  
                                               "Actual Rows": 1215,                                                                                            
                                               "Actual Loops": 1,                                                                                              
                                               "Inner Unique": true,                                                                                           
                                               "Hash Cond": "(cc.status_id = cct.id)",                                                                        
                                               "Shared Hit Blocks": 2,                                                                                         
                                               "Shared Read Blocks": 70585,                                                                                    
                                               "Shared Dirtied Blocks": 0,                                                                                     
                                               "Shared Written Blocks": 0,                                                                                     
                                               "Local Hit Blocks": 0,                                                                                          
                                               "Local Read Blocks": 0,                                                                                         
                                               "Local Dirtied Blocks": 0,                                                                                      
                                               "Local Written Blocks": 0,                                                                                      
                                               "Temp Read Blocks": 0,                                                                                          
                                               "Temp Written Blocks": 0,                                                                                       
                                               "Plans": [                                                                                                      
                                                 {                                                                                                             
                                                   "Node Type": "Hash Join",                                                                                   
                                                   "Parent Relationship": "Outer",                                                                             
                                                   "Parallel Aware": false,                                                                                    
                                                   "Join Type": "Inner",                                                                                       
                                                   "Startup Cost": 3209.62,                                                                                    
                                                   "Total Cost": 3833.81,                                                                                      
                                                   "Plan Rows": 1,                                                                                             
                                                   "Plan Width": 51,                                                                                           
                                                   "Actual Startup Time": 3202.328,                                                                            
                                                   "Actual Total Time": 3764.972,                                                                              
                                                   "Actual Rows": 1565,                                                                                        
                                                   "Actual Loops": 1,                                                                                          
                                                   "Inner Unique": false,                                                                                      
                                                   "Hash Cond": "(t.id = cc.movie_id)",                                                                        
                                                   "Shared Hit Blocks": 1,                                                                                     
                                                   "Shared Read Blocks": 70585,                                                                                
                                                   "Shared Dirtied Blocks": 0,                                                                                 
                                                   "Shared Written Blocks": 0,                                                                                 
                                                   "Local Hit Blocks": 0,                                                                                      
                                                   "Local Read Blocks": 0,                                                                                     
                                                   "Local Dirtied Blocks": 0,                                                                                  
                                                   "Local Written Blocks": 0,                                                                                  
                                                   "Temp Read Blocks": 0,                                                                                      
                                                   "Temp Written Blocks": 0,                                                                                   
                                                   "Plans": [                                                                                                  
                                                     {                                                                                                         
                                                       "Node Type": "Hash Join",                                                                               
                                                       "Parent Relationship": "Outer",                                                                         
                                                       "Parallel Aware": false,                                                                                
                                                       "Join Type": "Inner",                                                                                   
                                                       "Startup Cost": 3157.53,                                                                                
                                                       "Total Cost": 3781.71,                                                                                  
                                                       "Plan Rows": 1,                                                                                         
                                                       "Plan Width": 39,                                                                                       
                                                       "Actual Startup Time": 3080.057,                                                                        
                                                       "Actual Total Time": 3673.984,                                                                          
                                                       "Actual Rows": 7271,                                                                                    
                                                       "Actual Loops": 1,                                                                                      
                                                       "Inner Unique": true,                                                                                   
                                                       "Hash Cond": "(mi_idx.info_type_id = it.id)",                                                          
                                                       "Shared Hit Blocks": 1,                                                                                 
                                                       "Shared Read Blocks": 69854,                                                                            
                                                       "Shared Dirtied Blocks": 0,                                                                             
                                                       "Shared Written Blocks": 0,                                                                             
                                                       "Local Hit Blocks": 0,                                                                                  
                                                       "Local Read Blocks": 0,                                                                                 
                                                       "Local Dirtied Blocks": 0,                                                                              
                                                       "Local Written Blocks": 0,                                                                              
                                                       "Temp Read Blocks": 0,                                                                                  
                                                       "Temp Written Blocks": 0,                                                                               
                                                       "Plans": [                                                                                              
                                                         {                                                                                                     
                                                           "Node Type": "Hash Join",                                                                           
                                                           "Parent Relationship": "Outer",                                                                     
                                                           "Parallel Aware": false,                                                                            
                                                           "Join Type": "Inner",                                                                               
                                                           "Startup Cost": 3157.48,                                                                            
                                                           "Total Cost": 3781.66,                                                                              
                                                           "Plan Rows": 29,                                                                                    
                                                           "Plan Width": 43,                                                                                   
                                                           "Actual Startup Time": 3080.006,                                                                    
                                                           "Actual Total Time": 3669.547,                                                                      
                                                           "Actual Rows": 21917,                                                                               
                                                           "Actual Loops": 1,                                                                                  
                                                           "Inner Unique": false,                                                                              
                                                           "Hash Cond": "(mi_idx.movie_id = t.id)",                                                            
                                                           "Shared Hit Blocks": 0,                                                                             
                                                           "Shared Read Blocks": 69854,                                                                        
                                                           "Shared Dirtied Blocks": 0,                                                                         
                                                           "Shared Written Blocks": 0,                                                                         
                                                           "Local Hit Blocks": 0,                                                                              
                                                           "Local Read Blocks": 0,                                                                             
                                                           "Local Dirtied Blocks": 0,                                                                          
                                                           "Local Written Blocks": 0,                                                                          
                                                           "Temp Read Blocks": 0,                                                                              
                                                           "Temp Written Blocks": 0,                                                                           
                                                           "Plans": [                                                                                          
                                                             {                                                                                                 
                                                               "Node Type": "Seq Scan",                                                                        
                                                               "Parent Relationship": "Outer",                                                                 
                                                               "Parallel Aware": false,                                                                        
                                                               "Relation Name": "movie_info_idx",                                                              
                                                               "Alias": "mi_idx",                                                                              
                                                               "Startup Cost": 0.00,                                                                           
                                                               "Total Cost": 467.71,                                                                           
                                                               "Plan Rows": 1343551,                                                                           
                                                               "Plan Width": 14,                                                                               
                                                               "Actual Startup Time": 13.183,                                                                  
                                                               "Actual Total Time": 432.141,                                                                   
                                                               "Actual Rows": 1343555,                                                                         
                                                               "Actual Loops": 1,                                                                              
                                                               "Filter": "(info < '8.5'::text)",                                                               
                                                               "Rows Removed by Filter": 36480,                                                                
                                                               "Shared Hit Blocks": 0,                                                                         
                                                               "Shared Read Blocks": 8453,                                                                     
                                                               "Shared Dirtied Blocks": 0,                                                                     
                                                               "Shared Written Blocks": 0,                                                                     
                                                               "Local Hit Blocks": 0,                                                                          
                                                               "Local Read Blocks": 0,                                                                         
                                                               "Local Dirtied Blocks": 0,                                                                      
                                                               "Local Written Blocks": 0,                                                                      
                                                               "Temp Read Blocks": 0,                                                                          
                                                               "Temp Written Blocks": 0                                                                        
                                                             },                                                                                                
                                                             {                                                                                                 
                                                               "Node Type": "Hash",                                                                            
                                                               "Parent Relationship": "Inner",                                                                 
                                                               "Parallel Aware": false,                                                                        
                                                               "Startup Cost": 3157.47,                                                                        
                                                               "Total Cost": 3157.47,                                                                          
                                                               "Plan Rows": 54,                                                                                
                                                               "Plan Width": 29,                                                                               
                                                               "Actual Startup Time": 3045.548,                                                                
                                                               "Actual Total Time": 3045.548,                                                                  
                                                               "Actual Rows": 9739,                                                                            
                                                               "Actual Loops": 1,                                                                              
                                                               "Hash Buckets": 16384,                                                                          
                                                               "Original Hash Buckets": 1024,                                                                  
                                                               "Hash Batches": 1,                                                                              
                                                               "Original Hash Batches": 1,                                                                     
                                                               "Peak Memory Usage": 717,                                                                       
                                                               "Shared Hit Blocks": 0,                                                                         
                                                               "Shared Read Blocks": 61401,                                                                    
                                                               "Shared Dirtied Blocks": 0,                                                                     
                                                               "Shared Written Blocks": 0,                                                                     
                                                               "Local Hit Blocks": 0,                                                                          
                                                               "Local Read Blocks": 0,                                                                         
                                                               "Local Dirtied Blocks": 0,                                                                      
                                                               "Local Written Blocks": 0,                                                                      
                                                               "Temp Read Blocks": 0,                                                                          
                                                               "Temp Written Blocks": 0,                                                                       
                                                               "Plans": [                                                                                      
                                                                 {                                                                                             
                                                                   "Node Type": "Hash Join",                                                                   
                                                                   "Parent Relationship": "Outer",                                                             
                                                                   "Parallel Aware": false,                                                                    
                                                                   "Join Type": "Inner",                                                                       
                                                                   "Startup Cost": 1708.82,                                                                    
                                                                   "Total Cost": 3157.47,                                                                      
                                                                   "Plan Rows": 54,                                                                            
                                                                   "Plan Width": 29,                                                                           
                                                                   "Actual Startup Time": 1900.538,                                                            
                                                                   "Actual Total Time": 3041.819,                                                              
                                                                   "Actual Rows": 9739,                                                                        
                                                                   "Actual Loops": 1,                                                                          
                                                                   "Inner Unique": true,                                                                       
                                                                   "Hash Cond": "(mk.movie_id = t.id)",                                                        
                                                                   "Shared Hit Blocks": 0,                                                                     
                                                                   "Shared Read Blocks": 61401,                                                                
                                                                   "Shared Dirtied Blocks": 0,                                                                 
                                                                   "Shared Written Blocks": 0,                                                                 
                                                                   "Local Hit Blocks": 0,                                                                      
                                                                   "Local Read Blocks": 0,                                                                     
                                                                   "Local Dirtied Blocks": 0,                                                                  
                                                                   "Local Written Blocks": 0,                                                                  
                                                                   "Temp Read Blocks": 0,                                                                      
                                                                   "Temp Written Blocks": 0,                                                                   
                                                                   "Plans": [                                                                                  
                                                                     {                                                                                         
                                                                       "Node Type": "Hash Join",                                                               
                                                                       "Parent Relationship": "Outer",                                                         
                                                                       "Parallel Aware": false,                                                                
                                                                       "Join Type": "Inner",                                                                   
                                                                       "Startup Cost": 59.88,                                                                  
                                                                       "Total Cost": 1508.52,                                                                  
                                                                       "Plan Rows": 135,                                                                       
                                                                       "Plan Width": 4,                                                                        
                                                                       "Actual Startup Time": 114.145,                                                         
                                                                       "Actual Total Time": 1240.368,                                                          
                                                                       "Actual Rows": 37091,                                                                   
                                                                       "Actual Loops": 1,                                                                      
                                                                       "Inner Unique": true,                                                                   
                                                                       "Hash Cond": "(mk.keyword_id = k.id)",                                                  
                                                                       "Shared Hit Blocks": 0,                                                                 
                                                                       "Shared Read Blocks": 25403,                                                            
                                                                       "Shared Dirtied Blocks": 0,                                                             
                                                                       "Shared Written Blocks": 0,                                                             
                                                                       "Local Hit Blocks": 0,                                                                  
                                                                       "Local Read Blocks": 0,                                                                 
                                                                       "Local Dirtied Blocks": 0,                                                              
                                                                       "Local Written Blocks": 0,                                                              
                                                                       "Temp Read Blocks": 0,                                                                  
                                                                       "Temp Written Blocks": 0,                                                               
                                                                       "Plans": [                                                                              
                                                                         {                                                                                     
                                                                           "Node Type": "Seq Scan",                                                            
                                                                           "Parent Relationship": "Outer",                                                     
                                                                           "Parallel Aware": false,                                                            
                                                                           "Relation Name": "movie_keyword",                                                   
                                                                           "Alias": "mk",                                                                      
                                                                           "Startup Cost": 0.00,                                                               
                                                                           "Total Cost": 1079.84,                                                              
                                                                           "Plan Rows": 4523930,                                                               
                                                                           "Plan Width": 8,                                                                    
                                                                           "Actual Startup Time": 22.337,                                                      
                                                                           "Actual Total Time": 527.977,                                                       
                                                                           "Actual Rows": 4523930,                                                             
                                                                           "Actual Loops": 1,                                                                  
                                                                           "Shared Hit Blocks": 0,                                                             
                                                                           "Shared Read Blocks": 24454,                                                        
                                                                           "Shared Dirtied Blocks": 0,                                                         
                                                                           "Shared Written Blocks": 0,                                                         
                                                                           "Local Hit Blocks": 0,                                                              
                                                                           "Local Read Blocks": 0,                                                             
                                                                           "Local Dirtied Blocks": 0,                                                          
                                                                           "Local Written Blocks": 0,                                                          
                                                                           "Temp Read Blocks": 0,                                                              
                                                                           "Temp Written Blocks": 0                                                            
                                                                         },                                                                                    
                                                                         {                                                                                     
                                                                           "Node Type": "Hash",                                                                
                                                                           "Parent Relationship": "Inner",                                                     
                                                                           "Parallel Aware": false,                                                            
                                                                           "Startup Cost": 59.88,                                                              
                                                                           "Total Cost": 59.88,                                                                
                                                                           "Plan Rows": 4,                                                                     
                                                                           "Plan Width": 4,                                                                    
                                                                           "Actual Startup Time": 91.728,                                                      
                                                                           "Actual Total Time": 91.728,                                                        
                                                                           "Actual Rows": 3,                                                                   
                                                                           "Actual Loops": 1,                                                                  
                                                                           "Hash Buckets": 1024,                                                               
                                                                           "Original Hash Buckets": 1024,                                                      
                                                                           "Hash Batches": 1,                                                                  
                                                                           "Original Hash Batches": 1,                                                         
                                                                           "Peak Memory Usage": 9,                                                             
                                                                           "Shared Hit Blocks": 0,                                                             
                                                                           "Shared Read Blocks": 949,                                                          
                                                                           "Shared Dirtied Blocks": 0,                                                         
                                                                           "Shared Written Blocks": 0,                                                         
                                                                           "Local Hit Blocks": 0,                                                              
                                                                           "Local Read Blocks": 0,                                                             
                                                                           "Local Dirtied Blocks": 0,                                                          
                                                                           "Local Written Blocks": 0,                                                          
                                                                           "Temp Read Blocks": 0,                                                              
                                                                           "Temp Written Blocks": 0,                                                           
                                                                           "Plans": [                                                                          
                                                                             {                                                                                 
                                                                               "Node Type": "Seq Scan",                                                        
                                                                               "Parent Relationship": "Outer",                                                 
                                                                               "Parallel Aware": false,                                                        
                                                                               "Relation Name": "keyword",                                                     
                                                                               "Alias": "k",                                                                   
                                                                               "Startup Cost": 0.00,                                                           
                                                                               "Total Cost": 59.88,                                                            
                                                                               "Plan Rows": 4,                                                                 
                                                                               "Plan Width": 4,                                                                
                                                                               "Actual Startup Time": 4.736,                                                   
                                                                               "Actual Total Time": 91.710,                                                    
                                                                               "Actual Rows": 3,                                                               
                                                                               "Actual Loops": 1,                                                              
                                                                               "Filter": "(keyword = ANY ('{murder,murder-in-title,blood,violence}'::text[]))",
                                                                               "Rows Removed by Filter": 134167,                                               
                                                                               "Shared Hit Blocks": 0,                                                         
                                                                               "Shared Read Blocks": 949,                                                      
                                                                               "Shared Dirtied Blocks": 0,                                                     
                                                                               "Shared Written Blocks": 0,                                                     
                                                                               "Local Hit Blocks": 0,                                                          
                                                                               "Local Read Blocks": 0,                                                         
                                                                               "Local Dirtied Blocks": 0,                                                      
                                                                               "Local Written Blocks": 0,                                                      
                                                                               "Temp Read Blocks": 0,                                                          
                                                                               "Temp Written Blocks": 0                                                        
                                                                             }                                                                                 
                                                                           ]                                                                                   
                                                                         }                                                                                     
                                                                       ]                                                                                       
                                                                     },                                                                                        
                                                                     {                                                                                         
                                                                       "Node Type": "Hash",                                                                    
                                                                       "Parent Relationship": "Inner",                                                         
                                                                       "Parallel Aware": false,                                                                
                                                                       "Startup Cost": 1500.26,                                                                
                                                                       "Total Cost": 1500.26,                                                                  
                                                                       "Plan Rows": 1012920,                                                                   
                                                                       "Plan Width": 25,                                                                       
                                                                       "Actual Startup Time": 1783.657,                                                        
                                                                       "Actual Total Time": 1783.657,                                                          
                                                                       "Actual Rows": 1012920,                                                                 
                                                                       "Actual Loops": 1,                                                                      
                                                                       "Hash Buckets": 1048576,                                                                
                                                                       "Original Hash Buckets": 1048576,                                                       
                                                                       "Hash Batches": 1,                                                                      
                                                                       "Original Hash Batches": 1,                                                             
                                                                       "Peak Memory Usage": 66484,                                                             
                                                                       "Shared Hit Blocks": 0,                                                                 
                                                                       "Shared Read Blocks": 35998,                                                            
                                                                       "Shared Dirtied Blocks": 0,                                                             
                                                                       "Shared Written Blocks": 0,                                                             
                                                                       "Local Hit Blocks": 0,                                                                  
                                                                       "Local Read Blocks": 0,                                                                 
                                                                       "Local Dirtied Blocks": 0,                                                              
                                                                       "Local Written Blocks": 0,                                                              
                                                                       "Temp Read Blocks": 0,                                                                  
                                                                       "Temp Written Blocks": 0,                                                               
                                                                       "Plans": [                                                                              
                                                                         {                                                                                     
                                                                           "Node Type": "Seq Scan",                                                            
                                                                           "Parent Relationship": "Outer",                                                     
                                                                           "Parallel Aware": false,                                                            
                                                                           "Relation Name": "title",                                                           
                                                                           "Alias": "t",                                                                       
                                                                           "Startup Cost": 0.00,                                                               
                                                                           "Total Cost": 1500.26,                                                              
                                                                           "Plan Rows": 1012920,                                                               
                                                                           "Plan Width": 25,                                                                   
                                                                           "Actual Startup Time": 26.084,                                                      
                                                                           "Actual Total Time": 1300.166,                                                      
                                                                           "Actual Rows": 1012920,                                                             
                                                                           "Actual Loops": 1,                                                                  
                                                                           "Filter": "(production_year > 2005)",                                               
                                                                           "Rows Removed by Filter": 1515392,                                                  
                                                                           "Shared Hit Blocks": 0,                                                             
                                                                           "Shared Read Blocks": 35998,                                                        
                                                                           "Shared Dirtied Blocks": 0,                                                         
                                                                           "Shared Written Blocks": 0,                                                         
                                                                           "Local Hit Blocks": 0,                                                              
                                                                           "Local Read Blocks": 0,                                                             
                                                                           "Local Dirtied Blocks": 0,                                                          
                                                                           "Local Written Blocks": 0,                                                          
                                                                           "Temp Read Blocks": 0,                                                              
                                                                           "Temp Written Blocks": 0                                                            
                                                                         }                                                                                     
                                                                       ]                                                                                       
                                                                     }                                                                                         
                                                                   ]                                                                                           
                                                                 }                                                                                             
                                                               ]                                                                                               
                                                             }                                                                                                 
                                                           ]                                                                                                   
                                                         },                                                                                                    
                                                         {                                                                                                     
                                                           "Node Type": "Hash",                                                                                
                                                           "Parent Relationship": "Inner",                                                                     
                                                           "Parallel Aware": false,                                                                            
                                                           "Startup Cost": 0.05,                                                                               
                                                           "Total Cost": 0.05,                                                                                 
                                                           "Plan Rows": 1,                                                                                     
                                                           "Plan Width": 4,                                                                                    
                                                           "Actual Startup Time": 0.023,                                                                       
                                                           "Actual Total Time": 0.024,                                                                         
                                                           "Actual Rows": 1,                                                                                   
                                                           "Actual Loops": 1,                                                                                  
                                                           "Hash Buckets": 1024,                                                                               
                                                           "Original Hash Buckets": 1024,                                                                      
                                                           "Hash Batches": 1,                                                                                  
                                                           "Original Hash Batches": 1,                                                                         
                                                           "Peak Memory Usage": 9,                                                                             
                                                           "Shared Hit Blocks": 1,                                                                             
                                                           "Shared Read Blocks": 0,                                                                            
                                                           "Shared Dirtied Blocks": 0,                                                                         
                                                           "Shared Written Blocks": 0,                                                                         
                                                           "Local Hit Blocks": 0,                                                                              
                                                           "Local Read Blocks": 0,                                                                             
                                                           "Local Dirtied Blocks": 0,                                                                          
                                                           "Local Written Blocks": 0,                                                                          
                                                           "Temp Read Blocks": 0,                                                                              
                                                           "Temp Written Blocks": 0,                                                                           
                                                           "Plans": [                                                                                          
                                                             {                                                                                                 
                                                               "Node Type": "Seq Scan",                                                                        
                                                               "Parent Relationship": "Outer",                                                                 
                                                               "Parallel Aware": false,                                                                        
                                                               "Relation Name": "info_type",                                                                   
                                                               "Alias": "it",                                                                                 
                                                               "Startup Cost": 0.00,                                                                           
                                                               "Total Cost": 0.05,                                                                             
                                                               "Plan Rows": 1,                                                                                 
                                                               "Plan Width": 4,                                                                                
                                                               "Actual Startup Time": 0.019,                                                                   
                                                               "Actual Total Time": 0.021,                                                                     
                                                               "Actual Rows": 1,                                                                               
                                                               "Actual Loops": 1,                                                                              
                                                               "Filter": "((info)::text = 'rating'::text)",                                                    
                                                               "Rows Removed by Filter": 112,                                                                  
                                                               "Shared Hit Blocks": 1,                                                                         
                                                               "Shared Read Blocks": 0,                                                                        
                                                               "Shared Dirtied Blocks": 0,                                                                     
                                                               "Shared Written Blocks": 0,                                                                     
                                                               "Local Hit Blocks": 0,                                                                          
                                                               "Local Read Blocks": 0,                                                                         
                                                               "Local Dirtied Blocks": 0,                                                                      
                                                               "Local Written Blocks": 0,                                                                      
                                                               "Temp Read Blocks": 0,                                                                          
                                                               "Temp Written Blocks": 0                                                                        
                                                             }                                                                                                 
                                                           ]                                                                                                   
                                                         }                                                                                                     
                                                       ]                                                                                                       
                                                     },                                                                                                        
                                                     {                                                                                                         
                                                       "Node Type": "Hash",                                                                                    
                                                       "Parent Relationship": "Inner",                                                                         
                                                       "Parallel Aware": false,                                                                                
                                                       "Startup Cost": 32.27,                                                                                  
                                                       "Total Cost": 32.27,                                                                                    
                                                       "Plan Rows": 135086,                                                                                    
                                                       "Plan Width": 12,                                                                                       
                                                       "Actual Startup Time": 86.460,                                                                          
                                                       "Actual Total Time": 86.460,                                                                            
                                                       "Actual Rows": 135086,                                                                                  
                                                       "Actual Loops": 1,                                                                                      
                                                       "Hash Buckets": 262144,                                                                                 
                                                       "Original Hash Buckets": 262144,                                                                        
                                                       "Hash Batches": 1,                                                                                      
                                                       "Original Hash Batches": 1,                                                                             
                                                       "Peak Memory Usage": 7853,                                                                              
                                                       "Shared Hit Blocks": 0,                                                                                 
                                                       "Shared Read Blocks": 731,                                                                              
                                                       "Shared Dirtied Blocks": 0,                                                                             
                                                       "Shared Written Blocks": 0,                                                                             
                                                       "Local Hit Blocks": 0,                                                                                  
                                                       "Local Read Blocks": 0,                                                                                 
                                                       "Local Dirtied Blocks": 0,                                                                              
                                                       "Local Written Blocks": 0,                                                                              
                                                       "Temp Read Blocks": 0,                                                                                  
                                                       "Temp Written Blocks": 0,                                                                               
                                                       "Plans": [                                                                                              
                                                         {                                                                                                     
                                                           "Node Type": "Seq Scan",                                                                            
                                                           "Parent Relationship": "Outer",                                                                     
                                                           "Parallel Aware": false,                                                                            
                                                           "Relation Name": "complete_cast",                                                                   
                                                           "Alias": "cc",                                                                                      
                                                           "Startup Cost": 0.00,                                                                               
                                                           "Total Cost": 32.27,                                                                                
                                                           "Plan Rows": 135086,                                                                                
                                                           "Plan Width": 12,                                                                                   
                                                           "Actual Startup Time": 7.359,                                                                       
                                                           "Actual Total Time": 43.473,                                                                        
                                                           "Actual Rows": 135086,                                                                              
                                                           "Actual Loops": 1,                                                                                  
                                                           "Shared Hit Blocks": 0,                                                                             
                                                           "Shared Read Blocks": 731,                                                                          
                                                           "Shared Dirtied Blocks": 0,                                                                         
                                                           "Shared Written Blocks": 0,                                                                         
                                                           "Local Hit Blocks": 0,                                                                              
                                                           "Local Read Blocks": 0,                                                                             
                                                           "Local Dirtied Blocks": 0,                                                                          
                                                           "Local Written Blocks": 0,                                                                          
                                                           "Temp Read Blocks": 0,                                                                              
                                                           "Temp Written Blocks": 0                                                                            
                                                         }                                                                                                     
                                                       ]                                                                                                       
                                                     }                                                                                                         
                                                   ]                                                                                                           
                                                 },                                                                                                            
                                                 {                                                                                                             
                                                   "Node Type": "Hash",                                                                                        
                                                   "Parent Relationship": "Inner",                                                                             
                                                   "Parallel Aware": false,                                                                                    
                                                   "Startup Cost": 0.03,                                                                                       
                                                   "Total Cost": 0.03,                                                                                         
                                                   "Plan Rows": 1,                                                                                             
                                                   "Plan Width": 4,                                                                                            
                                                   "Actual Startup Time": 0.019,                                                                               
                                                   "Actual Total Time": 0.019,                                                                                 
                                                   "Actual Rows": 1,                                                                                           
                                                   "Actual Loops": 1,                                                                                          
                                                   "Hash Buckets": 1024,                                                                                       
                                                   "Original Hash Buckets": 1024,                                                                              
                                                   "Hash Batches": 1,                                                                                          
                                                   "Original Hash Batches": 1,                                                                                 
                                                   "Peak Memory Usage": 9,                                                                                     
                                                   "Shared Hit Blocks": 1,                                                                                     
                                                   "Shared Read Blocks": 0,                                                                                    
                                                   "Shared Dirtied Blocks": 0,                                                                                 
                                                   "Shared Written Blocks": 0,                                                                                 
                                                   "Local Hit Blocks": 0,                                                                                      
                                                   "Local Read Blocks": 0,                                                                                     
                                                   "Local Dirtied Blocks": 0,                                                                                  
                                                   "Local Written Blocks": 0,                                                                                  
                                                   "Temp Read Blocks": 0,                                                                                      
                                                   "Temp Written Blocks": 0,                                                                                   
                                                   "Plans": [                                                                                                  
                                                     {                                                                                                         
                                                       "Node Type": "Seq Scan",                                                                                
                                                       "Parent Relationship": "Outer",                                                                         
                                                       "Parallel Aware": false,                                                                                
                                                       "Relation Name": "comp_cast_type",                                                                      
                                                       "Alias": "cct",                                                                                        
                                                       "Startup Cost": 0.00,                                                                                   
                                                       "Total Cost": 0.03,                                                                                     
                                                       "Plan Rows": 1,                                                                                         
                                                       "Plan Width": 4,                                                                                        
                                                       "Actual Startup Time": 0.012,                                                                           
                                                       "Actual Total Time": 0.013,                                                                             
                                                       "Actual Rows": 1,                                                                                       
                                                       "Actual Loops": 1,                                                                                      
                                                       "Filter": "((kind)::text = 'complete'::text)",                                                          
                                                       "Rows Removed by Filter": 3,                                                                            
                                                       "Shared Hit Blocks": 1,                                                                                 
                                                       "Shared Read Blocks": 0,                                                                                
                                                       "Shared Dirtied Blocks": 0,                                                                             
                                                       "Shared Written Blocks": 0,                                                                             
                                                       "Local Hit Blocks": 0,                                                                                  
                                                       "Local Read Blocks": 0,                                                                                 
                                                       "Local Dirtied Blocks": 0,                                                                              
                                                       "Local Written Blocks": 0,                                                                              
                                                       "Temp Read Blocks": 0,                                                                                  
                                                       "Temp Written Blocks": 0                                                                                
                                                     }                                                                                                         
                                                   ]                                                                                                           
                                                 }                                                                                                             
                                               ]                                                                                                               
                                             },                                                                                                                
                                             {                                                                                                                 
                                               "Node Type": "Hash",                                                                                            
                                               "Parent Relationship": "Inner",                                                                                 
                                               "Parallel Aware": false,                                                                                        
                                               "Startup Cost": 0.03,                                                                                           
                                               "Total Cost": 0.03,                                                                                             
                                               "Plan Rows": 1,                                                                                                 
                                               "Plan Width": 4,                                                                                                
                                               "Actual Startup Time": 8.941,                                                                                   
                                               "Actual Total Time": 8.941,                                                                                     
                                               "Actual Rows": 1,                                                                                               
                                               "Actual Loops": 1,                                                                                              
                                               "Hash Buckets": 1024,                                                                                           
                                               "Original Hash Buckets": 1024,                                                                                  
                                               "Hash Batches": 1,                                                                                              
                                               "Original Hash Batches": 1,                                                                                     
                                               "Peak Memory Usage": 9,                                                                                         
                                               "Shared Hit Blocks": 0,                                                                                         
                                               "Shared Read Blocks": 1,                                                                                        
                                               "Shared Dirtied Blocks": 0,                                                                                     
                                               "Shared Written Blocks": 0,                                                                                     
                                               "Local Hit Blocks": 0,                                                                                          
                                               "Local Read Blocks": 0,                                                                                         
                                               "Local Dirtied Blocks": 0,                                                                                      
                                               "Local Written Blocks": 0,                                                                                      
                                               "Temp Read Blocks": 0,                                                                                          
                                               "Temp Written Blocks": 0,                                                                                       
                                               "Plans": [                                                                                                      
                                                 {                                                                                                             
                                                   "Node Type": "Seq Scan",                                                                                    
                                                   "Parent Relationship": "Outer",                                                                             
                                                   "Parallel Aware": false,                                                                                    
                                                   "Relation Name": "comp_cast_type",                                                                          
                                                   "Alias": "cct",                                                                                            
                                                   "Startup Cost": 0.00,                                                                                       
                                                   "Total Cost": 0.03,                                                                                         
                                                   "Plan Rows": 1,                                                                                             
                                                   "Plan Width": 4,                                                                                            
                                                   "Actual Startup Time": 8.925,                                                                               
                                                   "Actual Total Time": 8.929,                                                                                 
                                                   "Actual Rows": 1,                                                                                           
                                                   "Actual Loops": 1,                                                                                          
                                                   "Filter": "((kind)::text = 'cast'::text)",                                                                  
                                                   "Rows Removed by Filter": 3,                                                                                
                                                   "Shared Hit Blocks": 0,                                                                                     
                                                   "Shared Read Blocks": 1,                                                                                    
                                                   "Shared Dirtied Blocks": 0,                                                                                 
                                                   "Shared Written Blocks": 0,                                                                                 
                                                   "Local Hit Blocks": 0,                                                                                      
                                                   "Local Read Blocks": 0,                                                                                     
                                                   "Local Dirtied Blocks": 0,                                                                                  
                                                   "Local Written Blocks": 0,                                                                                  
                                                   "Temp Read Blocks": 0,                                                                                      
                                                   "Temp Written Blocks": 0                                                                                    
                                                 }                                                                                                             
                                               ]                                                                                                               
                                             }                                                                                                                 
                                           ]                                                                                                                   
                                         },                                                                                                                    
                                         {                                                                                                                     
                                           "Node Type": "Hash",                                                                                                
                                           "Parent Relationship": "Inner",                                                                                     
                                           "Parallel Aware": false,                                                                                            
                                           "Startup Cost": 0.03,                                                                                               
                                           "Total Cost": 0.03,                                                                                                 
                                           "Plan Rows": 2,                                                                                                     
                                           "Plan Width": 4,                                                                                                    
                                           "Actual Startup Time": 24.770,                                                                                      
                                           "Actual Total Time": 24.770,                                                                                        
                                           "Actual Rows": 2,                                                                                                   
                                           "Actual Loops": 1,                                                                                                  
                                           "Hash Buckets": 1024,                                                                                               
                                           "Original Hash Buckets": 1024,                                                                                      
                                           "Hash Batches": 1,                                                                                                  
                                           "Original Hash Batches": 1,                                                                                         
                                           "Peak Memory Usage": 9,                                                                                             
                                           "Shared Hit Blocks": 0,                                                                                             
                                           "Shared Read Blocks": 1,                                                                                            
                                           "Shared Dirtied Blocks": 0,                                                                                         
                                           "Shared Written Blocks": 0,                                                                                         
                                           "Local Hit Blocks": 0,                                                                                              
                                           "Local Read Blocks": 0,                                                                                             
                                           "Local Dirtied Blocks": 0,                                                                                          
                                           "Local Written Blocks": 0,                                                                                          
                                           "Temp Read Blocks": 0,                                                                                              
                                           "Temp Written Blocks": 0,                                                                                           
                                           "Plans": [                                                                                                          
                                             {                                                                                                                 
                                               "Node Type": "Seq Scan",                                                                                        
                                               "Parent Relationship": "Outer",                                                                                 
                                               "Parallel Aware": false,                                                                                        
                                               "Relation Name": "kind_type",                                                                                   
                                               "Alias": "kt",                                                                                                  
                                               "Startup Cost": 0.00,                                                                                           
                                               "Total Cost": 0.03,                                                                                             
                                               "Plan Rows": 2,                                                                                                 
                                               "Plan Width": 4,                                                                                                
                                               "Actual Startup Time": 24.750,                                                                                  
                                               "Actual Total Time": 24.758,                                                                                    
                                               "Actual Rows": 2,                                                                                               
                                               "Actual Loops": 1,                                                                                              
                                               "Filter": "((kind)::text = ANY ('{movie,episode}'::text[]))",                                                   
                                               "Rows Removed by Filter": 5,                                                                                    
                                               "Shared Hit Blocks": 0,                                                                                         
                                               "Shared Read Blocks": 1,                                                                                        
                                               "Shared Dirtied Blocks": 0,                                                                                     
                                               "Shared Written Blocks": 0,                                                                                     
                                               "Local Hit Blocks": 0,                                                                                          
                                               "Local Read Blocks": 0,                                                                                         
                                               "Local Dirtied Blocks": 0,                                                                                      
                                               "Local Written Blocks": 0,                                                                                      
                                               "Temp Read Blocks": 0,                                                                                          
                                               "Temp Written Blocks": 0                                                                                        
                                             }                                                                                                                 
                                           ]                                                                                                                   
                                         }                                                                                                                     
                                       ]                                                                                                                       
                                     }                                                                                                                         
                                   ]                                                                                                                           
                                 }                                                                                                                             
                               ]                                                                                                                               
                             },                                                                                                                                
                             {                                                                                                                                 
                               "Node Type": "Hash",                                                                                                            
                               "Parent Relationship": "Inner",                                                                                                 
                               "Parallel Aware": false,                                                                                                        
                               "Startup Cost": 128.41,                                                                                                         
                               "Total Cost": 128.41,                                                                                                           
                               "Plan Rows": 126230,                                                                                                            
                               "Plan Width": 23,                                                                                                               
                               "Actual Startup Time": 140.085,                                                                                                 
                               "Actual Total Time": 140.085,                                                                                                   
                               "Actual Rows": 126230,                                                                                                          
                               "Actual Loops": 1,                                                                                                              
                               "Hash Buckets": 131072,                                                                                                         
                               "Original Hash Buckets": 131072,                                                                                                
                               "Hash Batches": 1,                                                                                                              
                               "Original Hash Batches": 1,                                                                                                     
                               "Peak Memory Usage": 7967,                                                                                                      
                               "Shared Hit Blocks": 0,                                                                                                         
                               "Shared Read Blocks": 2994,                                                                                                     
                               "Shared Dirtied Blocks": 0,                                                                                                     
                               "Shared Written Blocks": 0,                                                                                                     
                               "Local Hit Blocks": 0,                                                                                                          
                               "Local Read Blocks": 0,                                                                                                         
                               "Local Dirtied Blocks": 0,                                                                                                      
                               "Local Written Blocks": 0,                                                                                                      
                               "Temp Read Blocks": 0,                                                                                                          
                               "Temp Written Blocks": 0,                                                                                                       
                               "Plans": [                                                                                                                      
                                 {                                                                                                                             
                                   "Node Type": "Seq Scan",                                                                                                    
                                   "Parent Relationship": "Outer",                                                                                             
                                   "Parallel Aware": false,                                                                                                    
                                   "Relation Name": "company_name",                                                                                            
                                   "Alias": "cn",                                                                                                              
                                   "Startup Cost": 0.00,                                                                                                       
                                   "Total Cost": 128.41,                                                                                                       
                                   "Plan Rows": 126230,                                                                                                        
                                   "Plan Width": 23,                                                                                                           
                                   "Actual Startup Time": 4.729,                                                                                               
                                   "Actual Total Time": 98.388,                                                                                                
                                   "Actual Rows": 126230,                                                                                                      
                                   "Actual Loops": 1,                                                                                                          
                                   "Filter": "((country_code)::text <> '[us]'::text)",                                                                         
                                   "Rows Removed by Filter": 108767,                                                                                           
                                   "Shared Hit Blocks": 0,                                                                                                     
                                   "Shared Read Blocks": 2994,                                                                                                 
                                   "Shared Dirtied Blocks": 0,                                                                                                 
                                   "Shared Written Blocks": 0,                                                                                                 
                                   "Local Hit Blocks": 0,                                                                                                      
                                   "Local Read Blocks": 0,                                                                                                     
                                   "Local Dirtied Blocks": 0,                                                                                                  
                                   "Local Written Blocks": 0,                                                                                                  
                                   "Temp Read Blocks": 0,                                                                                                      
                                   "Temp Written Blocks": 0                                                                                                    
                                 }                                                                                                                             
                               ]                                                                                                                               
                             }                                                                                                                                 
                           ]                                                                                                                                   
                         },                                                                                                                                    
                         {                                                                                                                                     
                           "Node Type": "Hash",                                                                                                                
                           "Parent Relationship": "Inner",                                                                                                     
                           "Parallel Aware": false,                                                                                                            
                           "Startup Cost": 0.03,                                                                                                               
                           "Total Cost": 0.03,                                                                                                                 
                           "Plan Rows": 4,                                                                                                                     
                           "Plan Width": 4,                                                                                                                    
                           "Actual Startup Time": 0.163,                                                                                                       
                           "Actual Total Time": 0.163,                                                                                                         
                           "Actual Rows": 4,                                                                                                                   
                           "Actual Loops": 1,                                                                                                                  
                           "Hash Buckets": 1024,                                                                                                               
                           "Original Hash Buckets": 1024,                                                                                                      
                           "Hash Batches": 1,                                                                                                                  
                           "Original Hash Batches": 1,                                                                                                         
                           "Peak Memory Usage": 9,                                                                                                             
                           "Shared Hit Blocks": 0,                                                                                                             
                           "Shared Read Blocks": 1,                                                                                                            
                           "Shared Dirtied Blocks": 0,                                                                                                         
                           "Shared Written Blocks": 0,                                                                                                         
                           "Local Hit Blocks": 0,                                                                                                              
                           "Local Read Blocks": 0,                                                                                                             
                           "Local Dirtied Blocks": 0,                                                                                                          
                           "Local Written Blocks": 0,                                                                                                          
                           "Temp Read Blocks": 0,                                                                                                              
                           "Temp Written Blocks": 0,                                                                                                           
                           "Plans": [                                                                                                                          
                             {                                                                                                                                 
                               "Node Type": "Seq Scan",                                                                                                        
                               "Parent Relationship": "Outer",                                                                                                 
                               "Parallel Aware": false,                                                                                                        
                               "Relation Name": "company_type",                                                                                                
                               "Alias": "ct",                                                                                                                  
                               "Startup Cost": 0.00,                                                                                                           
                               "Total Cost": 0.03,                                                                                                             
                               "Plan Rows": 4,                                                                                                                 
                               "Plan Width": 4,                                                                                                                
                               "Actual Startup Time": 0.148,                                                                                                   
                               "Actual Total Time": 0.152,                                                                                                     
                               "Actual Rows": 4,                                                                                                               
                               "Actual Loops": 1,                                                                                                              
                               "Shared Hit Blocks": 0,                                                                                                         
                               "Shared Read Blocks": 1,                                                                                                        
                               "Shared Dirtied Blocks": 0,                                                                                                     
                               "Shared Written Blocks": 0,                                                                                                     
                               "Local Hit Blocks": 0,                                                                                                          
                               "Local Read Blocks": 0,                                                                                                         
                               "Local Dirtied Blocks": 0,                                                                                                      
                               "Local Written Blocks": 0,                                                                                                      
                               "Temp Read Blocks": 0,                                                                                                          
                               "Temp Written Blocks": 0                                                                                                        
                             }                                                                                                                                 
                           ]                                                                                                                                   
                         }                                                                                                                                     
                       ]                                                                                                                                       
                     }                                                                                                                                         
                   ]                                                                                                                                           
                 }                                                                                                                                             
               ]                                                                                                                                               
             },                                                                                                                                                
             {                                                                                                                                                 
               "Node Type": "Hash",                                                                                                                            
               "Parent Relationship": "Inner",                                                                                                                 
               "Parallel Aware": false,                                                                                                                        
               "Startup Cost": 0.05,                                                                                                                           
               "Total Cost": 0.05,                                                                                                                             
               "Plan Rows": 1,                                                                                                                                 
               "Plan Width": 4,                                                                                                                                
               "Actual Startup Time": 21.190,                                                                                                                  
               "Actual Total Time": 21.190,                                                                                                                    
               "Actual Rows": 1,                                                                                                                               
               "Actual Loops": 1,                                                                                                                              
               "Hash Buckets": 1024,                                                                                                                           
               "Original Hash Buckets": 1024,                                                                                                                  
               "Hash Batches": 1,                                                                                                                              
               "Original Hash Batches": 1,                                                                                                                     
               "Peak Memory Usage": 9,                                                                                                                         
               "Shared Hit Blocks": 0,                                                                                                                         
               "Shared Read Blocks": 1,                                                                                                                        
               "Shared Dirtied Blocks": 0,                                                                                                                     
               "Shared Written Blocks": 0,                                                                                                                     
               "Local Hit Blocks": 0,                                                                                                                          
               "Local Read Blocks": 0,                                                                                                                         
               "Local Dirtied Blocks": 0,                                                                                                                      
               "Local Written Blocks": 0,                                                                                                                      
               "Temp Read Blocks": 0,                                                                                                                          
               "Temp Written Blocks": 0,                                                                                                                       
               "Plans": [                                                                                                                                      
                 {                                                                                                                                             
                   "Node Type": "Seq Scan",                                                                                                                    
                   "Parent Relationship": "Outer",                                                                                                             
                   "Parallel Aware": false,                                                                                                                    
                   "Relation Name": "info_type",                                                                                                               
                   "Alias": "it",                                                                                                                             
                   "Startup Cost": 0.00,                                                                                                                       
                   "Total Cost": 0.05,                                                                                                                         
                   "Plan Rows": 1,                                                                                                                             
                   "Plan Width": 4,                                                                                                                            
                   "Actual Startup Time": 21.133,                                                                                                              
                   "Actual Total Time": 21.171,                                                                                                                
                   "Actual Rows": 1,                                                                                                                           
                   "Actual Loops": 1,                                                                                                                          
                   "Filter": "((info)::text = 'countries'::text)",                                                                                             
                   "Rows Removed by Filter": 112,                                                                                                              
                   "Shared Hit Blocks": 0,                                                                                                                     
                   "Shared Read Blocks": 1,                                                                                                                    
                   "Shared Dirtied Blocks": 0,                                                                                                                 
                   "Shared Written Blocks": 0,                                                                                                                 
                   "Local Hit Blocks": 0,                                                                                                                      
                   "Local Read Blocks": 0,                                                                                                                     
                   "Local Dirtied Blocks": 0,                                                                                                                  
                   "Local Written Blocks": 0,                                                                                                                  
                   "Temp Read Blocks": 0,                                                                                                                      
                   "Temp Written Blocks": 0                                                                                                                    
                 }                                                                                                                                             
               ]                                                                                                                                               
             }                                                                                                                                                 
           ]                                                                                                                                                   
         }                                                                                                                                                     
       ]                                                                                                                                                       
     },                                                                                                                                                        
     "Planning Time": 14367.154,                                                                                                                               
     "Triggers": [                                                                                                                                             
     ],                                                                                                                                                        
     "Execution Time": 13425.261                                                                                                                               
   }                                                                                                                                                           
 ]
