 [                                                                                                                                                                         
   {                                                                                                                                                                       
     "Plan": {                                                                                                                                                             
       "Node Type": "Aggregate",                                                                                                                                           
       "Strategy": "Plain",                                                                                                                                                
       "Partial Mode": "Simple",                                                                                                                                           
       "Parallel Aware": false,                                                                                                                                            
       "Startup Cost": 33606.10,                                                                                                                                           
       "Total Cost": 33606.10,                                                                                                                                             
       "Plan Rows": 1,                                                                                                                                                     
       "Plan Width": 96,                                                                                                                                                   
       "Actual Startup Time": 33013.510,                                                                                                                                   
       "Actual Total Time": 33013.510,                                                                                                                                     
       "Actual Rows": 1,                                                                                                                                                   
       "Actual Loops": 1,                                                                                                                                                  
       "Shared Hit Blocks": 3139,                                                                                                                                          
       "Shared Read Blocks": 653158,                                                                                                                                       
       "Shared Dirtied Blocks": 0,                                                                                                                                         
       "Shared Written Blocks": 0,                                                                                                                                         
       "Local Hit Blocks": 0,                                                                                                                                              
       "Local Read Blocks": 0,                                                                                                                                             
       "Local Dirtied Blocks": 0,                                                                                                                                          
       "Local Written Blocks": 0,                                                                                                                                          
       "Temp Read Blocks": 0,                                                                                                                                              
       "Temp Written Blocks": 0,                                                                                                                                           
       "Plans": [                                                                                                                                                          
         {                                                                                                                                                                 
           "Node Type": "Hash Join",                                                                                                                                       
           "Parent Relationship": "Outer",                                                                                                                                 
           "Parallel Aware": false,                                                                                                                                        
           "Join Type": "Inner",                                                                                                                                           
           "Startup Cost": 18856.83,                                                                                                                                       
           "Total Cost": 33606.10,                                                                                                                                         
           "Plan Rows": 1,                                                                                                                                                 
           "Plan Width": 48,                                                                                                                                               
           "Actual Startup Time": 25019.492,                                                                                                                               
           "Actual Total Time": 33013.471,                                                                                                                                 
           "Actual Rows": 15,                                                                                                                                              
           "Actual Loops": 1,                                                                                                                                              
           "Inner Unique": false,                                                                                                                                          
           "Hash Cond": "(n.id = an.person_id)",                                                                                                                           
           "Shared Hit Blocks": 3139,                                                                                                                                      
           "Shared Read Blocks": 653158,                                                                                                                                   
           "Shared Dirtied Blocks": 0,                                                                                                                                     
           "Shared Written Blocks": 0,                                                                                                                                     
           "Local Hit Blocks": 0,                                                                                                                                          
           "Local Read Blocks": 0,                                                                                                                                         
           "Local Dirtied Blocks": 0,                                                                                                                                      
           "Local Written Blocks": 0,                                                                                                                                      
           "Temp Read Blocks": 0,                                                                                                                                          
           "Temp Written Blocks": 0,                                                                                                                                       
           "Plans": [                                                                                                                                                      
             {                                                                                                                                                             
               "Node Type": "Hash Join",                                                                                                                                   
               "Parent Relationship": "Outer",                                                                                                                             
               "Parallel Aware": false,                                                                                                                                    
               "Join Type": "Inner",                                                                                                                                       
               "Startup Cost": 18304.78,                                                                                                                                   
               "Total Cost": 33054.05,                                                                                                                                     
               "Plan Rows": 1,                                                                                                                                             
               "Plan Width": 60,                                                                                                                                           
               "Actual Startup Time": 24444.418,                                                                                                                           
               "Actual Total Time": 32438.391,                                                                                                                             
               "Actual Rows": 5,                                                                                                                                           
               "Actual Loops": 1,                                                                                                                                          
               "Inner Unique": true,                                                                                                                                       
               "Hash Cond": "(mi.info_type_id = it.id)",                                                                                                                   
               "Shared Hit Blocks": 3136,                                                                                                                                  
               "Shared Read Blocks": 641763,                                                                                                                               
               "Shared Dirtied Blocks": 0,                                                                                                                                 
               "Shared Written Blocks": 0,                                                                                                                                 
               "Local Hit Blocks": 0,                                                                                                                                      
               "Local Read Blocks": 0,                                                                                                                                     
               "Local Dirtied Blocks": 0,                                                                                                                                  
               "Local Written Blocks": 0,                                                                                                                                  
               "Temp Read Blocks": 0,                                                                                                                                      
               "Temp Written Blocks": 0,                                                                                                                                   
               "Plans": [                                                                                                                                                  
                 {                                                                                                                                                         
                   "Node Type": "Hash Join",                                                                                                                               
                   "Parent Relationship": "Outer",                                                                                                                         
                   "Parallel Aware": false,                                                                                                                                
                   "Join Type": "Inner",                                                                                                                                   
                   "Startup Cost": 18304.73,                                                                                                                               
                   "Total Cost": 33054.00,                                                                                                                                 
                   "Plan Rows": 1,                                                                                                                                         
                   "Plan Width": 64,                                                                                                                                       
                   "Actual Startup Time": 24422.541,                                                                                                                       
                   "Actual Total Time": 32416.513,                                                                                                                         
                   "Actual Rows": 5,                                                                                                                                       
                   "Actual Loops": 1,                                                                                                                                      
                   "Inner Unique": false,                                                                                                                                  
                   "Hash Cond": "(t.id = mi.movie_id)",                                                                                                                    
                   "Shared Hit Blocks": 3136,                                                                                                                              
                   "Shared Read Blocks": 641762,                                                                                                                           
                   "Shared Dirtied Blocks": 0,                                                                                                                             
                   "Shared Written Blocks": 0,                                                                                                                             
                   "Local Hit Blocks": 0,                                                                                                                                  
                   "Local Read Blocks": 0,                                                                                                                                 
                   "Local Dirtied Blocks": 0,                                                                                                                              
                   "Local Written Blocks": 0,                                                                                                                              
                   "Temp Read Blocks": 0,                                                                                                                                  
                   "Temp Written Blocks": 0,                                                                                                                               
                   "Plans": [                                                                                                                                              
                     {                                                                                                                                                     
                       "Node Type": "Hash Join",                                                                                                                           
                       "Parent Relationship": "Outer",                                                                                                                     
                       "Parallel Aware": false,                                                                                                                            
                       "Join Type": "Inner",                                                                                                                               
                       "Startup Cost": 10992.51,                                                                                                                           
                       "Total Cost": 25741.66,                                                                                                                             
                       "Plan Rows": 1,                                                                                                                                     
                       "Plan Width": 80,                                                                                                                                   
                       "Actual Startup Time": 15294.149,                                                                                                                   
                       "Actual Total Time": 23288.118,                                                                                                                     
                       "Actual Rows": 5,                                                                                                                                   
                       "Actual Loops": 1,                                                                                                                                  
                       "Inner Unique": true,                                                                                                                               
                       "Hash Cond": "(ci.person_role_id = chn.id)",                                                                                                        
                       "Shared Hit Blocks": 2,                                                                                                                             
                       "Shared Read Blocks": 479449,                                                                                                                       
                       "Shared Dirtied Blocks": 0,                                                                                                                         
                       "Shared Written Blocks": 0,                                                                                                                         
                       "Local Hit Blocks": 0,                                                                                                                              
                       "Local Read Blocks": 0,                                                                                                                             
                       "Local Dirtied Blocks": 0,                                                                                                                          
                       "Local Written Blocks": 0,                                                                                                                          
                       "Temp Read Blocks": 0,                                                                                                                              
                       "Temp Written Blocks": 0,                                                                                                                           
                       "Plans": [                                                                                                                                          
                         {                                                                                                                                                 
                           "Node Type": "Hash Join",                                                                                                                       
                           "Parent Relationship": "Outer",                                                                                                                 
                           "Parallel Aware": false,                                                                                                                        
                           "Join Type": "Inner",                                                                                                                           
                           "Startup Cost": 9388.33,                                                                                                                        
                           "Total Cost": 24137.48,                                                                                                                         
                           "Plan Rows": 1,                                                                                                                                 
                           "Plan Width": 68,                                                                                                                               
                           "Actual Startup Time": 13555.556,                                                                                                               
                           "Actual Total Time": 21549.523,                                                                                                                 
                           "Actual Rows": 5,                                                                                                                               
                           "Actual Loops": 1,                                                                                                                              
                           "Inner Unique": true,                                                                                                                           
                           "Hash Cond": "(ci.role_id = rt.id)",                                                                                                            
                           "Shared Hit Blocks": 2,                                                                                                                         
                           "Shared Read Blocks": 443002,                                                                                                                   
                           "Shared Dirtied Blocks": 0,                                                                                                                     
                           "Shared Written Blocks": 0,                                                                                                                     
                           "Local Hit Blocks": 0,                                                                                                                          
                           "Local Read Blocks": 0,                                                                                                                         
                           "Local Dirtied Blocks": 0,                                                                                                                      
                           "Local Written Blocks": 0,                                                                                                                      
                           "Temp Read Blocks": 0,                                                                                                                          
                           "Temp Written Blocks": 0,                                                                                                                       
                           "Plans": [                                                                                                                                      
                             {                                                                                                                                             
                               "Node Type": "Hash Join",                                                                                                                   
                               "Parent Relationship": "Outer",                                                                                                             
                               "Parallel Aware": false,                                                                                                                    
                               "Join Type": "Inner",                                                                                                                       
                               "Startup Cost": 9388.30,                                                                                                                    
                               "Total Cost": 24137.45,                                                                                                                     
                               "Plan Rows": 1,                                                                                                                             
                               "Plan Width": 72,                                                                                                                           
                               "Actual Startup Time": 13535.601,                                                                                                           
                               "Actual Total Time": 21529.566,                                                                                                             
                               "Actual Rows": 5,                                                                                                                           
                               "Actual Loops": 1,                                                                                                                          
                               "Inner Unique": false,                                                                                                                      
                               "Hash Cond": "(ci.person_id = n.id)",                                                                                                       
                               "Shared Hit Blocks": 2,                                                                                                                     
                               "Shared Read Blocks": 443001,                                                                                                               
                               "Shared Dirtied Blocks": 0,                                                                                                                 
                               "Shared Written Blocks": 0,                                                                                                                 
                               "Local Hit Blocks": 0,                                                                                                                      
                               "Local Read Blocks": 0,                                                                                                                     
                               "Local Dirtied Blocks": 0,                                                                                                                  
                               "Local Written Blocks": 0,                                                                                                                  
                               "Temp Read Blocks": 0,                                                                                                                      
                               "Temp Written Blocks": 0,                                                                                                                   
                               "Plans": [                                                                                                                                  
                                 {                                                                                                                                         
                                   "Node Type": "Hash Join",                                                                                                               
                                   "Parent Relationship": "Outer",                                                                                                         
                                   "Parallel Aware": false,                                                                                                                
                                   "Join Type": "Inner",                                                                                                                   
                                   "Startup Cost": 4657.60,                                                                                                                
                                   "Total Cost": 19406.75,                                                                                                                 
                                   "Plan Rows": 1,                                                                                                                         
                                   "Plan Width": 49,                                                                                                                       
                                   "Actual Startup Time": 4510.489,                                                                                                        
                                   "Actual Total Time": 16448.602,                                                                                                         
                                   "Actual Rows": 190,                                                                                                                     
                                   "Actual Loops": 1,                                                                                                                      
                                   "Inner Unique": false,                                                                                                                  
                                   "Hash Cond": "(ci.movie_id = t.id)",                                                                                                    
                                   "Shared Hit Blocks": 1,                                                                                                                 
                                   "Shared Read Blocks": 336570,                                                                                                           
                                   "Shared Dirtied Blocks": 0,                                                                                                             
                                   "Shared Written Blocks": 0,                                                                                                             
                                   "Local Hit Blocks": 0,                                                                                                                  
                                   "Local Read Blocks": 0,                                                                                                                 
                                   "Local Dirtied Blocks": 0,                                                                                                              
                                   "Local Written Blocks": 0,                                                                                                              
                                   "Temp Read Blocks": 0,                                                                                                                  
                                   "Temp Written Blocks": 0,                                                                                                               
                                   "Plans": [                                                                                                                              
                                     {                                                                                                                                     
                                       "Node Type": "Seq Scan",                                                                                                            
                                       "Parent Relationship": "Outer",                                                                                                     
                                       "Parallel Aware": false,                                                                                                            
                                       "Relation Name": "cast_info",                                                                                                       
                                       "Alias": "ci",                                                                                                                      
                                       "Startup Cost": 0.00,                                                                                                               
                                       "Total Cost": 14652.00,                                                                                                             
                                       "Plan Rows": 834248,                                                                                                                
                                       "Plan Width": 16,                                                                                                                   
                                       "Actual Startup Time": 19.815,                                                                                                      
                                       "Actual Total Time": 11839.049,                                                                                                     
                                       "Actual Rows": 836701,                                                                                                              
                                       "Actual Loops": 1,                                                                                                                  
                                       "Filter": "(note = ANY ('{(voice),\"(voice) (uncredited)\",\"(voice: English version)\"}'::text[]))",                               
                                       "Rows Removed by Filter": 35407643,                                                                                                 
                                       "Shared Hit Blocks": 0,                                                                                                             
                                       "Shared Read Blocks": 252654,                                                                                                       
                                       "Shared Dirtied Blocks": 0,                                                                                                         
                                       "Shared Written Blocks": 0,                                                                                                         
                                       "Local Hit Blocks": 0,                                                                                                              
                                       "Local Read Blocks": 0,                                                                                                             
                                       "Local Dirtied Blocks": 0,                                                                                                          
                                       "Local Written Blocks": 0,                                                                                                          
                                       "Temp Read Blocks": 0,                                                                                                              
                                       "Temp Written Blocks": 0                                                                                                            
                                     },                                                                                                                                    
                                     {                                                                                                                                     
                                       "Node Type": "Hash",                                                                                                                
                                       "Parent Relationship": "Inner",                                                                                                     
                                       "Parallel Aware": false,                                                                                                            
                                       "Startup Cost": 4657.60,                                                                                                            
                                       "Total Cost": 4657.60,                                                                                                              
                                       "Plan Rows": 1,                                                                                                                     
                                       "Plan Width": 33,                                                                                                                   
                                       "Actual Startup Time": 4462.424,                                                                                                    
                                       "Actual Total Time": 4462.424,                                                                                                      
                                       "Actual Rows": 5,                                                                                                                   
                                       "Actual Loops": 1,                                                                                                                  
                                       "Hash Buckets": 1024,                                                                                                               
                                       "Original Hash Buckets": 1024,                                                                                                      
                                       "Hash Batches": 1,                                                                                                                  
                                       "Original Hash Batches": 1,                                                                                                         
                                       "Peak Memory Usage": 9,                                                                                                             
                                       "Shared Hit Blocks": 1,                                                                                                             
                                       "Shared Read Blocks": 83916,                                                                                                        
                                       "Shared Dirtied Blocks": 0,                                                                                                         
                                       "Shared Written Blocks": 0,                                                                                                         
                                       "Local Hit Blocks": 0,                                                                                                              
                                       "Local Read Blocks": 0,                                                                                                             
                                       "Local Dirtied Blocks": 0,                                                                                                          
                                       "Local Written Blocks": 0,                                                                                                          
                                       "Temp Read Blocks": 0,                                                                                                              
                                       "Temp Written Blocks": 0,                                                                                                           
                                       "Plans": [                                                                                                                          
                                         {                                                                                                                                 
                                           "Node Type": "Hash Join",                                                                                                       
                                           "Parent Relationship": "Outer",                                                                                                 
                                           "Parallel Aware": false,                                                                                                        
                                           "Join Type": "Inner",                                                                                                           
                                           "Startup Cost": 3583.98,                                                                                                        
                                           "Total Cost": 4657.60,                                                                                                          
                                           "Plan Rows": 1,                                                                                                                 
                                           "Plan Width": 33,                                                                                                               
                                           "Actual Startup Time": 3992.096,                                                                                                
                                           "Actual Total Time": 4462.412,                                                                                                  
                                           "Actual Rows": 5,                                                                                                               
                                           "Actual Loops": 1,                                                                                                              
                                           "Inner Unique": true,                                                                                                           
                                           "Hash Cond": "(mc.company_id = cn.id)",                                                                                         
                                           "Shared Hit Blocks": 1,                                                                                                         
                                           "Shared Read Blocks": 83916,                                                                                                    
                                           "Shared Dirtied Blocks": 0,                                                                                                     
                                           "Shared Written Blocks": 0,                                                                                                     
                                           "Local Hit Blocks": 0,                                                                                                          
                                           "Local Read Blocks": 0,                                                                                                         
                                           "Local Dirtied Blocks": 0,                                                                                                      
                                           "Local Written Blocks": 0,                                                                                                      
                                           "Temp Read Blocks": 0,                                                                                                          
                                           "Temp Written Blocks": 0,                                                                                                       
                                           "Plans": [                                                                                                                      
                                             {                                                                                                                             
                                               "Node Type": "Hash Join",                                                                                                   
                                               "Parent Relationship": "Outer",                                                                                             
                                               "Parallel Aware": false,                                                                                                    
                                               "Join Type": "Inner",                                                                                                       
                                               "Startup Cost": 3443.13,                                                                                                    
                                               "Total Cost": 4516.74,                                                                                                      
                                               "Plan Rows": 1,                                                                                                             
                                               "Plan Width": 37,                                                                                                           
                                               "Actual Startup Time": 3845.598,                                                                                            
                                               "Actual Total Time": 4315.902,                                                                                              
                                               "Actual Rows": 22,                                                                                                          
                                               "Actual Loops": 1,                                                                                                          
                                               "Inner Unique": true,                                                                                                       
                                               "Hash Cond": "(cc.subject_id = cct.id)",                                                                                   
                                               "Shared Hit Blocks": 1,                                                                                                     
                                               "Shared Read Blocks": 80922,                                                                                                
                                               "Shared Dirtied Blocks": 0,                                                                                                 
                                               "Shared Written Blocks": 0,                                                                                                 
                                               "Local Hit Blocks": 0,                                                                                                      
                                               "Local Read Blocks": 0,                                                                                                     
                                               "Local Dirtied Blocks": 0,                                                                                                  
                                               "Local Written Blocks": 0,                                                                                                  
                                               "Temp Read Blocks": 0,                                                                                                      
                                               "Temp Written Blocks": 0,                                                                                                   
                                               "Plans": [                                                                                                                  
                                                 {                                                                                                                         
                                                   "Node Type": "Hash Join",                                                                                               
                                                   "Parent Relationship": "Outer",                                                                                         
                                                   "Parallel Aware": false,                                                                                                
                                                   "Join Type": "Inner",                                                                                                   
                                                   "Startup Cost": 3443.09,                                                                                                
                                                   "Total Cost": 4516.71,                                                                                                  
                                                   "Plan Rows": 1,                                                                                                         
                                                   "Plan Width": 41,                                                                                                       
                                                   "Actual Startup Time": 3825.507,                                                                                        
                                                   "Actual Total Time": 4295.802,                                                                                          
                                                   "Actual Rows": 22,                                                                                                      
                                                   "Actual Loops": 1,                                                                                                      
                                                   "Inner Unique": true,                                                                                                   
                                                   "Hash Cond": "(cc.status_id = cct.id)",                                                                                
                                                   "Shared Hit Blocks": 1,                                                                                                 
                                                   "Shared Read Blocks": 80921,                                                                                            
                                                   "Shared Dirtied Blocks": 0,                                                                                             
                                                   "Shared Written Blocks": 0,                                                                                             
                                                   "Local Hit Blocks": 0,                                                                                                  
                                                   "Local Read Blocks": 0,                                                                                                 
                                                   "Local Dirtied Blocks": 0,                                                                                              
                                                   "Local Written Blocks": 0,                                                                                              
                                                   "Temp Read Blocks": 0,                                                                                                  
                                                   "Temp Written Blocks": 0,                                                                                               
                                                   "Plans": [                                                                                                              
                                                     {                                                                                                                     
                                                       "Node Type": "Hash Join",                                                                                           
                                                       "Parent Relationship": "Outer",                                                                                     
                                                       "Parallel Aware": false,                                                                                            
                                                       "Join Type": "Inner",                                                                                               
                                                       "Startup Cost": 3443.06,                                                                                            
                                                       "Total Cost": 4516.67,                                                                                              
                                                       "Plan Rows": 1,                                                                                                     
                                                       "Plan Width": 45,                                                                                                   
                                                       "Actual Startup Time": 3825.484,                                                                                    
                                                       "Actual Total Time": 4295.772,                                                                                      
                                                       "Actual Rows": 22,                                                                                                  
                                                       "Actual Loops": 1,                                                                                                  
                                                       "Inner Unique": false,                                                                                              
                                                       "Hash Cond": "(t.id = cc.movie_id)",                                                                                
                                                       "Shared Hit Blocks": 0,                                                                                             
                                                       "Shared Read Blocks": 80921,                                                                                        
                                                       "Shared Dirtied Blocks": 0,                                                                                         
                                                       "Shared Written Blocks": 0,                                                                                         
                                                       "Local Hit Blocks": 0,                                                                                              
                                                       "Local Read Blocks": 0,                                                                                             
                                                       "Local Dirtied Blocks": 0,                                                                                          
                                                       "Local Written Blocks": 0,                                                                                          
                                                       "Temp Read Blocks": 0,                                                                                              
                                                       "Temp Written Blocks": 0,                                                                                           
                                                       "Plans": [                                                                                                          
                                                         {                                                                                                                 
                                                           "Node Type": "Hash Join",                                                                                       
                                                           "Parent Relationship": "Outer",                                                                                 
                                                           "Parallel Aware": false,                                                                                        
                                                           "Join Type": "Inner",                                                                                           
                                                           "Startup Cost": 3390.96,                                                                                        
                                                           "Total Cost": 4464.58,                                                                                          
                                                           "Plan Rows": 1,                                                                                                 
                                                           "Plan Width": 33,                                                                                               
                                                           "Actual Startup Time": 3754.758,                                                                                
                                                           "Actual Total Time": 4225.035,                                                                                  
                                                           "Actual Rows": 22,                                                                                              
                                                           "Actual Loops": 1,                                                                                              
                                                           "Inner Unique": false,                                                                                          
                                                           "Hash Cond": "(mc.movie_id = t.id)",                                                                            
                                                           "Shared Hit Blocks": 0,                                                                                         
                                                           "Shared Read Blocks": 80190,                                                                                    
                                                           "Shared Dirtied Blocks": 0,                                                                                     
                                                           "Shared Written Blocks": 0,                                                                                     
                                                           "Local Hit Blocks": 0,                                                                                          
                                                           "Local Read Blocks": 0,                                                                                         
                                                           "Local Dirtied Blocks": 0,                                                                                      
                                                           "Local Written Blocks": 0,                                                                                      
                                                           "Temp Read Blocks": 0,                                                                                          
                                                           "Temp Written Blocks": 0,                                                                                       
                                                           "Plans": [                                                                                                      
                                                             {                                                                                                             
                                                               "Node Type": "Seq Scan",                                                                                    
                                                               "Parent Relationship": "Outer",                                                                             
                                                               "Parallel Aware": false,                                                                                    
                                                               "Relation Name": "movie_companies",                                                                         
                                                               "Alias": "mc",                                                                                              
                                                               "Startup Cost": 0.00,                                                                                       
                                                               "Total Cost": 769.75,                                                                                       
                                                               "Plan Rows": 2609129,                                                                                       
                                                               "Plan Width": 8,                                                                                            
                                                               "Actual Startup Time": 20.451,                                                                              
                                                               "Actual Total Time": 496.411,                                                                               
                                                               "Actual Rows": 2609129,                                                                                     
                                                               "Actual Loops": 1,                                                                                          
                                                               "Shared Hit Blocks": 0,                                                                                     
                                                               "Shared Read Blocks": 18789,                                                                                
                                                               "Shared Dirtied Blocks": 0,                                                                                 
                                                               "Shared Written Blocks": 0,                                                                                 
                                                               "Local Hit Blocks": 0,                                                                                      
                                                               "Local Read Blocks": 0,                                                                                     
                                                               "Local Dirtied Blocks": 0,                                                                                  
                                                               "Local Written Blocks": 0,                                                                                  
                                                               "Temp Read Blocks": 0,                                                                                      
                                                               "Temp Written Blocks": 0                                                                                    
                                                             },                                                                                                            
                                                             {                                                                                                             
                                                               "Node Type": "Hash",                                                                                        
                                                               "Parent Relationship": "Inner",                                                                             
                                                               "Parallel Aware": false,                                                                                    
                                                               "Startup Cost": 3390.96,                                                                                    
                                                               "Total Cost": 3390.96,                                                                                      
                                                               "Plan Rows": 1,                                                                                             
                                                               "Plan Width": 25,                                                                                           
                                                               "Actual Startup Time": 3303.089,                                                                            
                                                               "Actual Total Time": 3303.089,                                                                              
                                                               "Actual Rows": 1,                                                                                           
                                                               "Actual Loops": 1,                                                                                          
                                                               "Hash Buckets": 1024,                                                                                       
                                                               "Original Hash Buckets": 1024,                                                                              
                                                               "Hash Batches": 1,                                                                                          
                                                               "Original Hash Batches": 1,                                                                                 
                                                               "Peak Memory Usage": 9,                                                                                     
                                                               "Shared Hit Blocks": 0,                                                                                     
                                                               "Shared Read Blocks": 61401,                                                                                
                                                               "Shared Dirtied Blocks": 0,                                                                                 
                                                               "Shared Written Blocks": 0,                                                                                 
                                                               "Local Hit Blocks": 0,                                                                                      
                                                               "Local Read Blocks": 0,                                                                                     
                                                               "Local Dirtied Blocks": 0,                                                                                  
                                                               "Local Written Blocks": 0,                                                                                  
                                                               "Temp Read Blocks": 0,                                                                                      
                                                               "Temp Written Blocks": 0,                                                                                   
                                                               "Plans": [                                                                                                  
                                                                 {                                                                                                         
                                                                   "Node Type": "Hash Join",                                                                               
                                                                   "Parent Relationship": "Outer",                                                                         
                                                                   "Parallel Aware": false,                                                                                
                                                                   "Join Type": "Inner",                                                                                   
                                                                   "Startup Cost": 1498.11,                                                                                
                                                                   "Total Cost": 3390.96,                                                                                  
                                                                   "Plan Rows": 1,                                                                                         
                                                                   "Plan Width": 25,                                                                                       
                                                                   "Actual Startup Time": 3102.714,                                                                        
                                                                   "Actual Total Time": 3303.076,                                                                          
                                                                   "Actual Rows": 1,                                                                                       
                                                                   "Actual Loops": 1,                                                                                      
                                                                   "Inner Unique": false,                                                                                  
                                                                   "Hash Cond": "(t.id = mk.movie_id)",                                                                    
                                                                   "Shared Hit Blocks": 0,                                                                                 
                                                                   "Shared Read Blocks": 61401,                                                                            
                                                                   "Shared Dirtied Blocks": 0,                                                                             
                                                                   "Shared Written Blocks": 0,                                                                             
                                                                   "Local Hit Blocks": 0,                                                                                  
                                                                   "Local Read Blocks": 0,                                                                                 
                                                                   "Local Dirtied Blocks": 0,                                                                              
                                                                   "Local Written Blocks": 0,                                                                              
                                                                   "Temp Read Blocks": 0,                                                                                  
                                                                   "Temp Written Blocks": 0,                                                                               
                                                                   "Plans": [                                                                                              
                                                                     {                                                                                                     
                                                                       "Node Type": "Seq Scan",                                                                            
                                                                       "Parent Relationship": "Outer",                                                                     
                                                                       "Parallel Aware": false,                                                                            
                                                                       "Relation Name": "title",                                                                           
                                                                       "Alias": "t",                                                                                       
                                                                       "Startup Cost": 0.00,                                                                               
                                                                       "Total Cost": 1892.85,                                                                              
                                                                       "Plan Rows": 1,                                                                                     
                                                                       "Plan Width": 21,                                                                                   
                                                                       "Actual Startup Time": 1842.384,                                                                    
                                                                       "Actual Total Time": 2042.742,                                                                      
                                                                       "Actual Rows": 2,                                                                                   
                                                                       "Actual Loops": 1,                                                                                  
                                                                       "Filter": "((production_year >= 2000) AND (production_year <= 2005) AND (title = 'Shrek 2'::text))",
                                                                       "Rows Removed by Filter": 2528310,                                                                  
                                                                       "Shared Hit Blocks": 0,                                                                             
                                                                       "Shared Read Blocks": 35998,                                                                        
                                                                       "Shared Dirtied Blocks": 0,                                                                         
                                                                       "Shared Written Blocks": 0,                                                                         
                                                                       "Local Hit Blocks": 0,                                                                              
                                                                       "Local Read Blocks": 0,                                                                             
                                                                       "Local Dirtied Blocks": 0,                                                                          
                                                                       "Local Written Blocks": 0,                                                                          
                                                                       "Temp Read Blocks": 0,                                                                              
                                                                       "Temp Written Blocks": 0                                                                            
                                                                     },                                                                                                    
                                                                     {                                                                                                     
                                                                       "Node Type": "Hash",                                                                                
                                                                       "Parent Relationship": "Inner",                                                                     
                                                                       "Parallel Aware": false,                                                                            
                                                                       "Startup Cost": 1498.10,                                                                            
                                                                       "Total Cost": 1498.10,                                                                              
                                                                       "Plan Rows": 34,                                                                                    
                                                                       "Plan Width": 4,                                                                                    
                                                                       "Actual Startup Time": 1260.301,                                                                    
                                                                       "Actual Total Time": 1260.302,                                                                      
                                                                       "Actual Rows": 414,                                                                                 
                                                                       "Actual Loops": 1,                                                                                  
                                                                       "Hash Buckets": 1024,                                                                               
                                                                       "Original Hash Buckets": 1024,                                                                      
                                                                       "Hash Batches": 1,                                                                                  
                                                                       "Original Hash Batches": 1,                                                                         
                                                                       "Peak Memory Usage": 23,                                                                            
                                                                       "Shared Hit Blocks": 0,                                                                             
                                                                       "Shared Read Blocks": 25403,                                                                        
                                                                       "Shared Dirtied Blocks": 0,                                                                         
                                                                       "Shared Written Blocks": 0,                                                                         
                                                                       "Local Hit Blocks": 0,                                                                              
                                                                       "Local Read Blocks": 0,                                                                             
                                                                       "Local Dirtied Blocks": 0,                                                                          
                                                                       "Local Written Blocks": 0,                                                                          
                                                                       "Temp Read Blocks": 0,                                                                              
                                                                       "Temp Written Blocks": 0,                                                                           
                                                                       "Plans": [                                                                                          
                                                                         {                                                                                                 
                                                                           "Node Type": "Hash Join",                                                                       
                                                                           "Parent Relationship": "Outer",                                                                 
                                                                           "Parallel Aware": false,                                                                        
                                                                           "Join Type": "Inner",                                                                           
                                                                           "Startup Cost": 49.46,                                                                          
                                                                           "Total Cost": 1498.10,                                                                          
                                                                           "Plan Rows": 34,                                                                                
                                                                           "Plan Width": 4,                                                                                
                                                                           "Actual Startup Time": 138.263,                                                                 
                                                                           "Actual Total Time": 1260.028,                                                                  
                                                                           "Actual Rows": 414,                                                                             
                                                                           "Actual Loops": 1,                                                                              
                                                                           "Inner Unique": true,                                                                           
                                                                           "Hash Cond": "(mk.keyword_id = k.id)",                                                          
                                                                           "Shared Hit Blocks": 0,                                                                         
                                                                           "Shared Read Blocks": 25403,                                                                    
                                                                           "Shared Dirtied Blocks": 0,                                                                     
                                                                           "Shared Written Blocks": 0,                                                                     
                                                                           "Local Hit Blocks": 0,                                                                          
                                                                           "Local Read Blocks": 0,                                                                         
                                                                           "Local Dirtied Blocks": 0,                                                                      
                                                                           "Local Written Blocks": 0,                                                                      
                                                                           "Temp Read Blocks": 0,                                                                          
                                                                           "Temp Written Blocks": 0,                                                                       
                                                                           "Plans": [                                                                                      
                                                                             {                                                                                             
                                                                               "Node Type": "Seq Scan",                                                                    
                                                                               "Parent Relationship": "Outer",                                                             
                                                                               "Parallel Aware": false,                                                                    
                                                                               "Relation Name": "movie_keyword",                                                           
                                                                               "Alias": "mk",                                                                              
                                                                               "Startup Cost": 0.00,                                                                       
                                                                               "Total Cost": 1079.84,                                                                      
                                                                               "Plan Rows": 4523930,                                                                       
                                                                               "Plan Width": 8,                                                                            
                                                                               "Actual Startup Time": 7.046,                                                               
                                                                               "Actual Total Time": 551.540,                                                               
                                                                               "Actual Rows": 4523930,                                                                     
                                                                               "Actual Loops": 1,                                                                          
                                                                               "Shared Hit Blocks": 0,                                                                     
                                                                               "Shared Read Blocks": 24454,                                                                
                                                                               "Shared Dirtied Blocks": 0,                                                                 
                                                                               "Shared Written Blocks": 0,                                                                 
                                                                               "Local Hit Blocks": 0,                                                                      
                                                                               "Local Read Blocks": 0,                                                                     
                                                                               "Local Dirtied Blocks": 0,                                                                  
                                                                               "Local Written Blocks": 0,                                                                  
                                                                               "Temp Read Blocks": 0,                                                                      
                                                                               "Temp Written Blocks": 0                                                                    
                                                                             },                                                                                            
                                                                             {                                                                                             
                                                                               "Node Type": "Hash",                                                                        
                                                                               "Parent Relationship": "Inner",                                                             
                                                                               "Parallel Aware": false,                                                                    
                                                                               "Startup Cost": 49.46,                                                                      
                                                                               "Total Cost": 49.46,                                                                        
                                                                               "Plan Rows": 1,                                                                             
                                                                               "Plan Width": 4,                                                                            
                                                                               "Actual Startup Time": 91.328,                                                              
                                                                               "Actual Total Time": 91.328,                                                                
                                                                               "Actual Rows": 1,                                                                           
                                                                               "Actual Loops": 1,                                                                          
                                                                               "Hash Buckets": 1024,                                                                       
                                                                               "Original Hash Buckets": 1024,                                                              
                                                                               "Hash Batches": 1,                                                                          
                                                                               "Original Hash Batches": 1,                                                                 
                                                                               "Peak Memory Usage": 9,                                                                     
                                                                               "Shared Hit Blocks": 0,                                                                     
                                                                               "Shared Read Blocks": 949,                                                                  
                                                                               "Shared Dirtied Blocks": 0,                                                                 
                                                                               "Shared Written Blocks": 0,                                                                 
                                                                               "Local Hit Blocks": 0,                                                                      
                                                                               "Local Read Blocks": 0,                                                                     
                                                                               "Local Dirtied Blocks": 0,                                                                  
                                                                               "Local Written Blocks": 0,                                                                  
                                                                               "Temp Read Blocks": 0,                                                                      
                                                                               "Temp Written Blocks": 0,                                                                   
                                                                               "Plans": [                                                                                  
                                                                                 {                                                                                         
                                                                                   "Node Type": "Seq Scan",                                                                
                                                                                   "Parent Relationship": "Outer",                                                         
                                                                                   "Parallel Aware": false,                                                                
                                                                                   "Relation Name": "keyword",                                                             
                                                                                   "Alias": "k",                                                                           
                                                                                   "Startup Cost": 0.00,                                                                   
                                                                                   "Total Cost": 49.46,                                                                    
                                                                                   "Plan Rows": 1,                                                                         
                                                                                   "Plan Width": 4,                                                                        
                                                                                   "Actual Startup Time": 27.199,                                                          
                                                                                   "Actual Total Time": 91.313,                                                            
                                                                                   "Actual Rows": 1,                                                                       
                                                                                   "Actual Loops": 1,                                                                      
                                                                                   "Filter": "(keyword = 'computer-animation'::text)",                                     
                                                                                   "Rows Removed by Filter": 134169,                                                       
                                                                                   "Shared Hit Blocks": 0,                                                                 
                                                                                   "Shared Read Blocks": 949,                                                              
                                                                                   "Shared Dirtied Blocks": 0,                                                             
                                                                                   "Shared Written Blocks": 0,                                                             
                                                                                   "Local Hit Blocks": 0,                                                                  
                                                                                   "Local Read Blocks": 0,                                                                 
                                                                                   "Local Dirtied Blocks": 0,                                                              
                                                                                   "Local Written Blocks": 0,                                                              
                                                                                   "Temp Read Blocks": 0,                                                                  
                                                                                   "Temp Written Blocks": 0                                                                
                                                                                 }                                                                                         
                                                                               ]                                                                                           
                                                                             }                                                                                             
                                                                           ]                                                                                               
                                                                         }                                                                                                 
                                                                       ]                                                                                                   
                                                                     }                                                                                                     
                                                                   ]                                                                                                       
                                                                 }                                                                                                         
                                                               ]                                                                                                           
                                                             }                                                                                                             
                                                           ]                                                                                                               
                                                         },                                                                                                                
                                                         {                                                                                                                 
                                                           "Node Type": "Hash",                                                                                            
                                                           "Parent Relationship": "Inner",                                                                                 
                                                           "Parallel Aware": false,                                                                                        
                                                           "Startup Cost": 32.27,                                                                                          
                                                           "Total Cost": 32.27,                                                                                            
                                                           "Plan Rows": 135086,                                                                                            
                                                           "Plan Width": 12,                                                                                               
                                                           "Actual Startup Time": 70.070,                                                                                  
                                                           "Actual Total Time": 70.070,                                                                                    
                                                           "Actual Rows": 135086,                                                                                          
                                                           "Actual Loops": 1,                                                                                              
                                                           "Hash Buckets": 262144,                                                                                         
                                                           "Original Hash Buckets": 262144,                                                                                
                                                           "Hash Batches": 1,                                                                                              
                                                           "Original Hash Batches": 1,                                                                                     
                                                           "Peak Memory Usage": 7853,                                                                                      
                                                           "Shared Hit Blocks": 0,                                                                                         
                                                           "Shared Read Blocks": 731,                                                                                      
                                                           "Shared Dirtied Blocks": 0,                                                                                     
                                                           "Shared Written Blocks": 0,                                                                                     
                                                           "Local Hit Blocks": 0,                                                                                          
                                                           "Local Read Blocks": 0,                                                                                         
                                                           "Local Dirtied Blocks": 0,                                                                                      
                                                           "Local Written Blocks": 0,                                                                                      
                                                           "Temp Read Blocks": 0,                                                                                          
                                                           "Temp Written Blocks": 0,                                                                                       
                                                           "Plans": [                                                                                                      
                                                             {                                                                                                             
                                                               "Node Type": "Seq Scan",                                                                                    
                                                               "Parent Relationship": "Outer",                                                                             
                                                               "Parallel Aware": false,                                                                                    
                                                               "Relation Name": "complete_cast",                                                                           
                                                               "Alias": "cc",                                                                                              
                                                               "Startup Cost": 0.00,                                                                                       
                                                               "Total Cost": 32.27,                                                                                        
                                                               "Plan Rows": 135086,                                                                                        
                                                               "Plan Width": 12,                                                                                           
                                                               "Actual Startup Time": 8.776,                                                                               
                                                               "Actual Total Time": 36.767,                                                                                
                                                               "Actual Rows": 135086,                                                                                      
                                                               "Actual Loops": 1,                                                                                          
                                                               "Shared Hit Blocks": 0,                                                                                     
                                                               "Shared Read Blocks": 731,                                                                                  
                                                               "Shared Dirtied Blocks": 0,                                                                                 
                                                               "Shared Written Blocks": 0,                                                                                 
                                                               "Local Hit Blocks": 0,                                                                                      
                                                               "Local Read Blocks": 0,                                                                                     
                                                               "Local Dirtied Blocks": 0,                                                                                  
                                                               "Local Written Blocks": 0,                                                                                  
                                                               "Temp Read Blocks": 0,                                                                                      
                                                               "Temp Written Blocks": 0                                                                                    
                                                             }                                                                                                             
                                                           ]                                                                                                               
                                                         }                                                                                                                 
                                                       ]                                                                                                                   
                                                     },                                                                                                                    
                                                     {                                                                                                                     
                                                       "Node Type": "Hash",                                                                                                
                                                       "Parent Relationship": "Inner",                                                                                     
                                                       "Parallel Aware": false,                                                                                            
                                                       "Startup Cost": 0.03,                                                                                               
                                                       "Total Cost": 0.03,                                                                                                 
                                                       "Plan Rows": 1,                                                                                                     
                                                       "Plan Width": 4,                                                                                                    
                                                       "Actual Startup Time": 0.008,                                                                                       
                                                       "Actual Total Time": 0.008,                                                                                         
                                                       "Actual Rows": 1,                                                                                                   
                                                       "Actual Loops": 1,                                                                                                  
                                                       "Hash Buckets": 1024,                                                                                               
                                                       "Original Hash Buckets": 1024,                                                                                      
                                                       "Hash Batches": 1,                                                                                                  
                                                       "Original Hash Batches": 1,                                                                                         
                                                       "Peak Memory Usage": 9,                                                                                             
                                                       "Shared Hit Blocks": 1,                                                                                             
                                                       "Shared Read Blocks": 0,                                                                                            
                                                       "Shared Dirtied Blocks": 0,                                                                                         
                                                       "Shared Written Blocks": 0,                                                                                         
                                                       "Local Hit Blocks": 0,                                                                                              
                                                       "Local Read Blocks": 0,                                                                                             
                                                       "Local Dirtied Blocks": 0,                                                                                          
                                                       "Local Written Blocks": 0,                                                                                          
                                                       "Temp Read Blocks": 0,                                                                                              
                                                       "Temp Written Blocks": 0,                                                                                           
                                                       "Plans": [                                                                                                          
                                                         {                                                                                                                 
                                                           "Node Type": "Seq Scan",                                                                                        
                                                           "Parent Relationship": "Outer",                                                                                 
                                                           "Parallel Aware": false,                                                                                        
                                                           "Relation Name": "comp_cast_type",                                                                              
                                                           "Alias": "cct",                                                                                                
                                                           "Startup Cost": 0.00,                                                                                           
                                                           "Total Cost": 0.03,                                                                                             
                                                           "Plan Rows": 1,                                                                                                 
                                                           "Plan Width": 4,                                                                                                
                                                           "Actual Startup Time": 0.005,                                                                                   
                                                           "Actual Total Time": 0.005,                                                                                     
                                                           "Actual Rows": 1,                                                                                               
                                                           "Actual Loops": 1,                                                                                              
                                                           "Filter": "((kind)::text = 'completeverified'::text)",                                                         
                                                           "Rows Removed by Filter": 3,                                                                                    
                                                           "Shared Hit Blocks": 1,                                                                                         
                                                           "Shared Read Blocks": 0,                                                                                        
                                                           "Shared Dirtied Blocks": 0,                                                                                     
                                                           "Shared Written Blocks": 0,                                                                                     
                                                           "Local Hit Blocks": 0,                                                                                          
                                                           "Local Read Blocks": 0,                                                                                         
                                                           "Local Dirtied Blocks": 0,                                                                                      
                                                           "Local Written Blocks": 0,                                                                                      
                                                           "Temp Read Blocks": 0,                                                                                          
                                                           "Temp Written Blocks": 0                                                                                        
                                                         }                                                                                                                 
                                                       ]                                                                                                                   
                                                     }                                                                                                                     
                                                   ]                                                                                                                       
                                                 },                                                                                                                        
                                                 {                                                                                                                         
                                                   "Node Type": "Hash",                                                                                                    
                                                   "Parent Relationship": "Inner",                                                                                         
                                                   "Parallel Aware": false,                                                                                                
                                                   "Startup Cost": 0.03,                                                                                                   
                                                   "Total Cost": 0.03,                                                                                                     
                                                   "Plan Rows": 1,                                                                                                         
                                                   "Plan Width": 4,                                                                                                        
                                                   "Actual Startup Time": 20.068,                                                                                          
                                                   "Actual Total Time": 20.068,                                                                                            
                                                   "Actual Rows": 1,                                                                                                       
                                                   "Actual Loops": 1,                                                                                                      
                                                   "Hash Buckets": 1024,                                                                                                   
                                                   "Original Hash Buckets": 1024,                                                                                          
                                                   "Hash Batches": 1,                                                                                                      
                                                   "Original Hash Batches": 1,                                                                                             
                                                   "Peak Memory Usage": 9,                                                                                                 
                                                   "Shared Hit Blocks": 0,                                                                                                 
                                                   "Shared Read Blocks": 1,                                                                                                
                                                   "Shared Dirtied Blocks": 0,                                                                                             
                                                   "Shared Written Blocks": 0,                                                                                             
                                                   "Local Hit Blocks": 0,                                                                                                  
                                                   "Local Read Blocks": 0,                                                                                                 
                                                   "Local Dirtied Blocks": 0,                                                                                              
                                                   "Local Written Blocks": 0,                                                                                              
                                                   "Temp Read Blocks": 0,                                                                                                  
                                                   "Temp Written Blocks": 0,                                                                                               
                                                   "Plans": [                                                                                                              
                                                     {                                                                                                                     
                                                       "Node Type": "Seq Scan",                                                                                            
                                                       "Parent Relationship": "Outer",                                                                                     
                                                       "Parallel Aware": false,                                                                                            
                                                       "Relation Name": "comp_cast_type",                                                                                  
                                                       "Alias": "cct",                                                                                                    
                                                       "Startup Cost": 0.00,                                                                                               
                                                       "Total Cost": 0.03,                                                                                                 
                                                       "Plan Rows": 1,                                                                                                     
                                                       "Plan Width": 4,                                                                                                    
                                                       "Actual Startup Time": 20.061,                                                                                      
                                                       "Actual Total Time": 20.063,                                                                                        
                                                       "Actual Rows": 1,                                                                                                   
                                                       "Actual Loops": 1,                                                                                                  
                                                       "Filter": "((kind)::text = 'cast'::text)",                                                                          
                                                       "Rows Removed by Filter": 3,                                                                                        
                                                       "Shared Hit Blocks": 0,                                                                                             
                                                       "Shared Read Blocks": 1,                                                                                            
                                                       "Shared Dirtied Blocks": 0,                                                                                         
                                                       "Shared Written Blocks": 0,                                                                                         
                                                       "Local Hit Blocks": 0,                                                                                              
                                                       "Local Read Blocks": 0,                                                                                             
                                                       "Local Dirtied Blocks": 0,                                                                                          
                                                       "Local Written Blocks": 0,                                                                                          
                                                       "Temp Read Blocks": 0,                                                                                              
                                                       "Temp Written Blocks": 0                                                                                            
                                                     }                                                                                                                     
                                                   ]                                                                                                                       
                                                 }                                                                                                                         
                                               ]                                                                                                                           
                                             },                                                                                                                            
                                             {                                                                                                                             
                                               "Node Type": "Hash",                                                                                                        
                                               "Parent Relationship": "Inner",                                                                                             
                                               "Parallel Aware": false,                                                                                                    
                                               "Startup Cost": 128.41,                                                                                                     
                                               "Total Cost": 128.41,                                                                                                       
                                               "Plan Rows": 84843,                                                                                                         
                                               "Plan Width": 4,                                                                                                            
                                               "Actual Startup Time": 145.396,                                                                                             
                                               "Actual Total Time": 145.396,                                                                                               
                                               "Actual Rows": 84843,                                                                                                       
                                               "Actual Loops": 1,                                                                                                          
                                               "Hash Buckets": 131072,                                                                                                     
                                               "Original Hash Buckets": 131072,                                                                                            
                                               "Hash Batches": 1,                                                                                                          
                                               "Original Hash Batches": 1,                                                                                                 
                                               "Peak Memory Usage": 4007,                                                                                                  
                                               "Shared Hit Blocks": 0,                                                                                                     
                                               "Shared Read Blocks": 2994,                                                                                                 
                                               "Shared Dirtied Blocks": 0,                                                                                                 
                                               "Shared Written Blocks": 0,                                                                                                 
                                               "Local Hit Blocks": 0,                                                                                                      
                                               "Local Read Blocks": 0,                                                                                                     
                                               "Local Dirtied Blocks": 0,                                                                                                  
                                               "Local Written Blocks": 0,                                                                                                  
                                               "Temp Read Blocks": 0,                                                                                                      
                                               "Temp Written Blocks": 0,                                                                                                   
                                               "Plans": [                                                                                                                  
                                                 {                                                                                                                         
                                                   "Node Type": "Seq Scan",                                                                                                
                                                   "Parent Relationship": "Outer",                                                                                         
                                                   "Parallel Aware": false,                                                                                                
                                                   "Relation Name": "company_name",                                                                                        
                                                   "Alias": "cn",                                                                                                          
                                                   "Startup Cost": 0.00,                                                                                                   
                                                   "Total Cost": 128.41,                                                                                                   
                                                   "Plan Rows": 84843,                                                                                                     
                                                   "Plan Width": 4,                                                                                                        
                                                   "Actual Startup Time": 9.972,                                                                                           
                                                   "Actual Total Time": 114.395,                                                                                           
                                                   "Actual Rows": 84843,                                                                                                   
                                                   "Actual Loops": 1,                                                                                                      
                                                   "Filter": "((country_code)::text = '[us]'::text)",                                                                      
                                                   "Rows Removed by Filter": 150154,                                                                                       
                                                   "Shared Hit Blocks": 0,                                                                                                 
                                                   "Shared Read Blocks": 2994,                                                                                             
                                                   "Shared Dirtied Blocks": 0,                                                                                             
                                                   "Shared Written Blocks": 0,                                                                                             
                                                   "Local Hit Blocks": 0,                                                                                                  
                                                   "Local Read Blocks": 0,                                                                                                 
                                                   "Local Dirtied Blocks": 0,                                                                                              
                                                   "Local Written Blocks": 0,                                                                                              
                                                   "Temp Read Blocks": 0,                                                                                                  
                                                   "Temp Written Blocks": 0                                                                                                
                                                 }                                                                                                                         
                                               ]                                                                                                                           
                                             }                                                                                                                             
                                           ]                                                                                                                               
                                         }                                                                                                                                 
                                       ]                                                                                                                                   
                                     }                                                                                                                                     
                                   ]                                                                                                                                       
                                 },                                                                                                                                        
                                 {                                                                                                                                         
                                   "Node Type": "Hash",                                                                                                                    
                                   "Parent Relationship": "Inner",                                                                                                         
                                   "Parallel Aware": false,                                                                                                                
                                   "Startup Cost": 4730.66,                                                                                                                
                                   "Total Cost": 4730.66,                                                                                                                  
                                   "Plan Rows": 237,                                                                                                                       
                                   "Plan Width": 23,                                                                                                                       
                                   "Actual Startup Time": 5080.878,                                                                                                        
                                   "Actual Total Time": 5080.878,                                                                                                          
                                   "Actual Rows": 2448,                                                                                                                    
                                   "Actual Loops": 1,                                                                                                                      
                                   "Hash Buckets": 4096,                                                                                                                   
                                   "Original Hash Buckets": 1024,                                                                                                          
                                   "Hash Batches": 1,                                                                                                                      
                                   "Original Hash Batches": 1,                                                                                                             
                                   "Peak Memory Usage": 170,                                                                                                               
                                   "Shared Hit Blocks": 1,                                                                                                                 
                                   "Shared Read Blocks": 106431,                                                                                                           
                                   "Shared Dirtied Blocks": 0,                                                                                                             
                                   "Shared Written Blocks": 0,                                                                                                             
                                   "Local Hit Blocks": 0,                                                                                                                  
                                   "Local Read Blocks": 0,                                                                                                                 
                                   "Local Dirtied Blocks": 0,                                                                                                              
                                   "Local Written Blocks": 0,                                                                                                              
                                   "Temp Read Blocks": 0,                                                                                                                  
                                   "Temp Written Blocks": 0,                                                                                                               
                                   "Plans": [                                                                                                                              
                                     {                                                                                                                                     
                                       "Node Type": "Hash Join",                                                                                                           
                                       "Parent Relationship": "Outer",                                                                                                     
                                       "Parallel Aware": false,                                                                                                            
                                       "Join Type": "Inner",                                                                                                               
                                       "Startup Cost": 2685.27,                                                                                                            
                                       "Total Cost": 4730.66,                                                                                                              
                                       "Plan Rows": 237,                                                                                                                   
                                       "Plan Width": 23,                                                                                                                   
                                       "Actual Startup Time": 2619.156,                                                                                                    
                                       "Actual Total Time": 5078.630,                                                                                                      
                                       "Actual Rows": 2448,                                                                                                                
                                       "Actual Loops": 1,                                                                                                                  
                                       "Inner Unique": true,                                                                                                               
                                       "Hash Cond": "(pi.person_id = n.id)",                                                                                               
                                       "Shared Hit Blocks": 1,                                                                                                             
                                       "Shared Read Blocks": 106431,                                                                                                       
                                       "Shared Dirtied Blocks": 0,                                                                                                         
                                       "Shared Written Blocks": 0,                                                                                                         
                                       "Local Hit Blocks": 0,                                                                                                              
                                       "Local Read Blocks": 0,                                                                                                             
                                       "Local Dirtied Blocks": 0,                                                                                                          
                                       "Local Written Blocks": 0,                                                                                                          
                                       "Temp Read Blocks": 0,                                                                                                              
                                       "Temp Written Blocks": 0,                                                                                                           
                                       "Plans": [                                                                                                                          
                                         {                                                                                                                                 
                                           "Node Type": "Hash Join",                                                                                                       
                                           "Parent Relationship": "Outer",                                                                                                 
                                           "Parallel Aware": false,                                                                                                        
                                           "Join Type": "Inner",                                                                                                           
                                           "Startup Cost": 0.05,                                                                                                           
                                           "Total Cost": 2043.30,                                                                                                          
                                           "Plan Rows": 26227,                                                                                                             
                                           "Plan Width": 4,                                                                                                                
                                           "Actual Startup Time": 5.170,                                                                                                   
                                           "Actual Total Time": 2412.630,                                                                                                  
                                           "Actual Rows": 142345,                                                                                                          
                                           "Actual Loops": 1,                                                                                                              
                                           "Inner Unique": true,                                                                                                           
                                           "Hash Cond": "(pi.info_type_id = it3.id)",                                                                                      
                                           "Shared Hit Blocks": 1,                                                                                                         
                                           "Shared Read Blocks": 50818,                                                                                                    
                                           "Shared Dirtied Blocks": 0,                                                                                                     
                                           "Shared Written Blocks": 0,                                                                                                     
                                           "Local Hit Blocks": 0,                                                                                                          
                                           "Local Read Blocks": 0,                                                                                                         
                                           "Local Dirtied Blocks": 0,                                                                                                      
                                           "Local Written Blocks": 0,                                                                                                      
                                           "Temp Read Blocks": 0,                                                                                                          
                                           "Temp Written Blocks": 0,                                                                                                       
                                           "Plans": [                                                                                                                      
                                             {                                                                                                                             
                                               "Node Type": "Seq Scan",                                                                                                    
                                               "Parent Relationship": "Outer",                                                                                             
                                               "Parallel Aware": false,                                                                                                    
                                               "Relation Name": "person_info",                                                                                             
                                               "Alias": "pi",                                                                                                              
                                               "Startup Cost": 0.00,                                                                                                       
                                               "Total Cost": 1798.92,                                                                                                      
                                               "Plan Rows": 2963664,                                                                                                       
                                               "Plan Width": 8,                                                                                                            
                                               "Actual Startup Time": 5.054,                                                                                               
                                               "Actual Total Time": 1642.392,                                                                                              
                                               "Actual Rows": 2963664,                                                                                                     
                                               "Actual Loops": 1,                                                                                                          
                                               "Shared Hit Blocks": 0,                                                                                                     
                                               "Shared Read Blocks": 50818,                                                                                                
                                               "Shared Dirtied Blocks": 0,                                                                                                 
                                               "Shared Written Blocks": 0,                                                                                                 
                                               "Local Hit Blocks": 0,                                                                                                      
                                               "Local Read Blocks": 0,                                                                                                     
                                               "Local Dirtied Blocks": 0,                                                                                                  
                                               "Local Written Blocks": 0,                                                                                                  
                                               "Temp Read Blocks": 0,                                                                                                      
                                               "Temp Written Blocks": 0                                                                                                    
                                             },                                                                                                                            
                                             {                                                                                                                             
                                               "Node Type": "Hash",                                                                                                        
                                               "Parent Relationship": "Inner",                                                                                             
                                               "Parallel Aware": false,                                                                                                    
                                               "Startup Cost": 0.05,                                                                                                       
                                               "Total Cost": 0.05,                                                                                                         
                                               "Plan Rows": 1,                                                                                                             
                                               "Plan Width": 4,                                                                                                            
                                               "Actual Startup Time": 0.075,                                                                                               
                                               "Actual Total Time": 0.075,                                                                                                 
                                               "Actual Rows": 1,                                                                                                           
                                               "Actual Loops": 1,                                                                                                          
                                               "Hash Buckets": 1024,                                                                                                       
                                               "Original Hash Buckets": 1024,                                                                                              
                                               "Hash Batches": 1,                                                                                                          
                                               "Original Hash Batches": 1,                                                                                                 
                                               "Peak Memory Usage": 9,                                                                                                     
                                               "Shared Hit Blocks": 1,                                                                                                     
                                               "Shared Read Blocks": 0,                                                                                                    
                                               "Shared Dirtied Blocks": 0,                                                                                                 
                                               "Shared Written Blocks": 0,                                                                                                 
                                               "Local Hit Blocks": 0,                                                                                                      
                                               "Local Read Blocks": 0,                                                                                                     
                                               "Local Dirtied Blocks": 0,                                                                                                  
                                               "Local Written Blocks": 0,                                                                                                  
                                               "Temp Read Blocks": 0,                                                                                                      
                                               "Temp Written Blocks": 0,                                                                                                   
                                               "Plans": [                                                                                                                  
                                                 {                                                                                                                         
                                                   "Node Type": "Seq Scan",                                                                                                
                                                   "Parent Relationship": "Outer",                                                                                         
                                                   "Parallel Aware": false,                                                                                                
                                                   "Relation Name": "info_type",                                                                                           
                                                   "Alias": "it3",                                                                                                         
                                                   "Startup Cost": 0.00,                                                                                                   
                                                   "Total Cost": 0.05,                                                                                                     
                                                   "Plan Rows": 1,                                                                                                         
                                                   "Plan Width": 4,                                                                                                        
                                                   "Actual Startup Time": 0.031,                                                                                           
                                                   "Actual Total Time": 0.064,                                                                                             
                                                   "Actual Rows": 1,                                                                                                       
                                                   "Actual Loops": 1,                                                                                                      
                                                   "Filter": "((info)::text = 'height'::text)",                                                                            
                                                   "Rows Removed by Filter": 112,                                                                                          
                                                   "Shared Hit Blocks": 1,                                                                                                 
                                                   "Shared Read Blocks": 0,                                                                                                
                                                   "Shared Dirtied Blocks": 0,                                                                                             
                                                   "Shared Written Blocks": 0,                                                                                             
                                                   "Local Hit Blocks": 0,                                                                                                  
                                                   "Local Read Blocks": 0,                                                                                                 
                                                   "Local Dirtied Blocks": 0,                                                                                              
                                                   "Local Written Blocks": 0,                                                                                              
                                                   "Temp Read Blocks": 0,                                                                                                  
                                                   "Temp Written Blocks": 0                                                                                                
                                                 }                                                                                                                         
                                               ]                                                                                                                           
                                             }                                                                                                                             
                                           ]                                                                                                                               
                                         },                                                                                                                                
                                         {                                                                                                                                 
                                           "Node Type": "Hash",                                                                                                            
                                           "Parent Relationship": "Inner",                                                                                                 
                                           "Parallel Aware": false,                                                                                                        
                                           "Startup Cost": 2679.69,                                                                                                        
                                           "Total Cost": 2679.69,                                                                                                          
                                           "Plan Rows": 37708,                                                                                                             
                                           "Plan Width": 19,                                                                                                               
                                           "Actual Startup Time": 2605.462,                                                                                                
                                           "Actual Total Time": 2605.463,                                                                                                  
                                           "Actual Rows": 50011,                                                                                                           
                                           "Actual Loops": 1,                                                                                                              
                                           "Hash Buckets": 65536,                                                                                                          
                                           "Original Hash Buckets": 65536,                                                                                                 
                                           "Hash Batches": 1,                                                                                                              
                                           "Original Hash Batches": 1,                                                                                                     
                                           "Peak Memory Usage": 3135,                                                                                                      
                                           "Shared Hit Blocks": 0,                                                                                                         
                                           "Shared Read Blocks": 55613,                                                                                                    
                                           "Shared Dirtied Blocks": 0,                                                                                                     
                                           "Shared Written Blocks": 0,                                                                                                     
                                           "Local Hit Blocks": 0,                                                                                                          
                                           "Local Read Blocks": 0,                                                                                                         
                                           "Local Dirtied Blocks": 0,                                                                                                      
                                           "Local Written Blocks": 0,                                                                                                      
                                           "Temp Read Blocks": 0,                                                                                                          
                                           "Temp Written Blocks": 0,                                                                                                       
                                           "Plans": [                                                                                                                      
                                             {                                                                                                                             
                                               "Node Type": "Seq Scan",                                                                                                    
                                               "Parent Relationship": "Outer",                                                                                             
                                               "Parallel Aware": false,                                                                                                    
                                               "Relation Name": "name",                                                                                                    
                                               "Alias": "n",                                                                                                               
                                               "Startup Cost": 0.00,                                                                                                       
                                               "Total Cost": 2679.69,                                                                                                      
                                               "Plan Rows": 37708,                                                                                                         
                                               "Plan Width": 19,                                                                                                           
                                               "Actual Startup Time": 1096.805,                                                                                            
                                               "Actual Total Time": 2577.655,                                                                                              
                                               "Actual Rows": 50011,                                                                                                       
                                               "Actual Loops": 1,                                                                                                          
                                               "Filter": "((name ~~ '%An%'::text) AND ((gender)::text = 'f'::text))",                                                      
                                               "Rows Removed by Filter": 4117480,                                                                                          
                                               "Shared Hit Blocks": 0,                                                                                                     
                                               "Shared Read Blocks": 55613,                                                                                                
                                               "Shared Dirtied Blocks": 0,                                                                                                 
                                               "Shared Written Blocks": 0,                                                                                                 
                                               "Local Hit Blocks": 0,                                                                                                      
                                               "Local Read Blocks": 0,                                                                                                     
                                               "Local Dirtied Blocks": 0,                                                                                                  
                                               "Local Written Blocks": 0,                                                                                                  
                                               "Temp Read Blocks": 0,                                                                                                      
                                               "Temp Written Blocks": 0                                                                                                    
                                             }                                                                                                                             
                                           ]                                                                                                                               
                                         }                                                                                                                                 
                                       ]                                                                                                                                   
                                     }                                                                                                                                     
                                   ]                                                                                                                                       
                                 }                                                                                                                                         
                               ]                                                                                                                                           
                             },                                                                                                                                            
                             {                                                                                                                                             
                               "Node Type": "Hash",                                                                                                                        
                               "Parent Relationship": "Inner",                                                                                                             
                               "Parallel Aware": false,                                                                                                                    
                               "Startup Cost": 0.03,                                                                                                                       
                               "Total Cost": 0.03,                                                                                                                         
                               "Plan Rows": 1,                                                                                                                             
                               "Plan Width": 4,                                                                                                                            
                               "Actual Startup Time": 19.928,                                                                                                              
                               "Actual Total Time": 19.928,                                                                                                                
                               "Actual Rows": 1,                                                                                                                           
                               "Actual Loops": 1,                                                                                                                          
                               "Hash Buckets": 1024,                                                                                                                       
                               "Original Hash Buckets": 1024,                                                                                                              
                               "Hash Batches": 1,                                                                                                                          
                               "Original Hash Batches": 1,                                                                                                                 
                               "Peak Memory Usage": 9,                                                                                                                     
                               "Shared Hit Blocks": 0,                                                                                                                     
                               "Shared Read Blocks": 1,                                                                                                                    
                               "Shared Dirtied Blocks": 0,                                                                                                                 
                               "Shared Written Blocks": 0,                                                                                                                 
                               "Local Hit Blocks": 0,                                                                                                                      
                               "Local Read Blocks": 0,                                                                                                                     
                               "Local Dirtied Blocks": 0,                                                                                                                  
                               "Local Written Blocks": 0,                                                                                                                  
                               "Temp Read Blocks": 0,                                                                                                                      
                               "Temp Written Blocks": 0,                                                                                                                   
                               "Plans": [                                                                                                                                  
                                 {                                                                                                                                         
                                   "Node Type": "Seq Scan",                                                                                                                
                                   "Parent Relationship": "Outer",                                                                                                         
                                   "Parallel Aware": false,                                                                                                                
                                   "Relation Name": "role_type",                                                                                                           
                                   "Alias": "rt",                                                                                                                          
                                   "Startup Cost": 0.00,                                                                                                                   
                                   "Total Cost": 0.03,                                                                                                                     
                                   "Plan Rows": 1,                                                                                                                         
                                   "Plan Width": 4,                                                                                                                        
                                   "Actual Startup Time": 19.895,                                                                                                          
                                   "Actual Total Time": 19.903,                                                                                                            
                                   "Actual Rows": 1,                                                                                                                       
                                   "Actual Loops": 1,                                                                                                                      
                                   "Filter": "((role)::text = 'actress'::text)",                                                                                           
                                   "Rows Removed by Filter": 11,                                                                                                           
                                   "Shared Hit Blocks": 0,                                                                                                                 
                                   "Shared Read Blocks": 1,                                                                                                                
                                   "Shared Dirtied Blocks": 0,                                                                                                             
                                   "Shared Written Blocks": 0,                                                                                                             
                                   "Local Hit Blocks": 0,                                                                                                                  
                                   "Local Read Blocks": 0,                                                                                                                 
                                   "Local Dirtied Blocks": 0,                                                                                                              
                                   "Local Written Blocks": 0,                                                                                                              
                                   "Temp Read Blocks": 0,                                                                                                                  
                                   "Temp Written Blocks": 0                                                                                                                
                                 }                                                                                                                                         
                               ]                                                                                                                                           
                             }                                                                                                                                             
                           ]                                                                                                                                               
                         },                                                                                                                                                
                         {                                                                                                                                                 
                           "Node Type": "Hash",                                                                                                                            
                           "Parent Relationship": "Inner",                                                                                                                 
                           "Parallel Aware": false,                                                                                                                        
                           "Startup Cost": 1604.18,                                                                                                                        
                           "Total Cost": 1604.18,                                                                                                                          
                           "Plan Rows": 1,                                                                                                                                 
                           "Plan Width": 20,                                                                                                                               
                           "Actual Startup Time": 1738.574,                                                                                                                
                           "Actual Total Time": 1738.574,                                                                                                                  
                           "Actual Rows": 1,                                                                                                                               
                           "Actual Loops": 1,                                                                                                                              
                           "Hash Buckets": 1024,                                                                                                                           
                           "Original Hash Buckets": 1024,                                                                                                                  
                           "Hash Batches": 1,                                                                                                                              
                           "Original Hash Batches": 1,                                                                                                                     
                           "Peak Memory Usage": 9,                                                                                                                         
                           "Shared Hit Blocks": 0,                                                                                                                         
                           "Shared Read Blocks": 36447,                                                                                                                    
                           "Shared Dirtied Blocks": 0,                                                                                                                     
                           "Shared Written Blocks": 0,                                                                                                                     
                           "Local Hit Blocks": 0,                                                                                                                          
                           "Local Read Blocks": 0,                                                                                                                         
                           "Local Dirtied Blocks": 0,                                                                                                                      
                           "Local Written Blocks": 0,                                                                                                                      
                           "Temp Read Blocks": 0,                                                                                                                          
                           "Temp Written Blocks": 0,                                                                                                                       
                           "Plans": [                                                                                                                                      
                             {                                                                                                                                             
                               "Node Type": "Seq Scan",                                                                                                                    
                               "Parent Relationship": "Outer",                                                                                                             
                               "Parallel Aware": false,                                                                                                                    
                               "Relation Name": "char_name",                                                                                                               
                               "Alias": "chn",                                                                                                                             
                               "Startup Cost": 0.00,                                                                                                                       
                               "Total Cost": 1604.18,                                                                                                                      
                               "Plan Rows": 1,                                                                                                                             
                               "Plan Width": 20,                                                                                                                           
                               "Actual Startup Time": 123.906,                                                                                                             
                               "Actual Total Time": 1738.560,                                                                                                              
                               "Actual Rows": 1,                                                                                                                           
                               "Actual Loops": 1,                                                                                                                          
                               "Filter": "(name = 'Queen'::text)",                                                                                                         
                               "Rows Removed by Filter": 3140338,                                                                                                          
                               "Shared Hit Blocks": 0,                                                                                                                     
                               "Shared Read Blocks": 36447,                                                                                                                
                               "Shared Dirtied Blocks": 0,                                                                                                                 
                               "Shared Written Blocks": 0,                                                                                                                 
                               "Local Hit Blocks": 0,                                                                                                                      
                               "Local Read Blocks": 0,                                                                                                                     
                               "Local Dirtied Blocks": 0,                                                                                                                  
                               "Local Written Blocks": 0,                                                                                                                  
                               "Temp Read Blocks": 0,                                                                                                                      
                               "Temp Written Blocks": 0                                                                                                                    
                             }                                                                                                                                             
                           ]                                                                                                                                               
                         }                                                                                                                                                 
                       ]                                                                                                                                                   
                     },                                                                                                                                                    
                     {                                                                                                                                                     
                       "Node Type": "Hash",                                                                                                                                
                       "Parent Relationship": "Inner",                                                                                                                     
                       "Parallel Aware": false,                                                                                                                            
                       "Startup Cost": 7255.68,                                                                                                                            
                       "Total Cost": 7255.68,                                                                                                                              
                       "Plan Rows": 385264,                                                                                                                                
                       "Plan Width": 8,                                                                                                                                    
                       "Actual Startup Time": 9124.421,                                                                                                                    
                       "Actual Total Time": 9124.421,                                                                                                                      
                       "Actual Rows": 387683,                                                                                                                              
                       "Actual Loops": 1,                                                                                                                                  
                       "Hash Buckets": 524288,                                                                                                                             
                       "Original Hash Buckets": 524288,                                                                                                                    
                       "Hash Batches": 1,                                                                                                                                  
                       "Original Hash Batches": 1,                                                                                                                         
                       "Peak Memory Usage": 19240,                                                                                                                         
                       "Shared Hit Blocks": 3134,                                                                                                                          
                       "Shared Read Blocks": 162313,                                                                                                                       
                       "Shared Dirtied Blocks": 0,                                                                                                                         
                       "Shared Written Blocks": 0,                                                                                                                         
                       "Local Hit Blocks": 0,                                                                                                                              
                       "Local Read Blocks": 0,                                                                                                                             
                       "Local Dirtied Blocks": 0,                                                                                                                          
                       "Local Written Blocks": 0,                                                                                                                          
                       "Temp Read Blocks": 0,                                                                                                                              
                       "Temp Written Blocks": 0,                                                                                                                           
                       "Plans": [                                                                                                                                          
                         {                                                                                                                                                 
                           "Node Type": "Seq Scan",                                                                                                                        
                           "Parent Relationship": "Outer",                                                                                                                 
                           "Parallel Aware": false,                                                                                                                        
                           "Relation Name": "movie_info",                                                                                                                  
                           "Alias": "mi",                                                                                                                                  
                           "Startup Cost": 0.00,                                                                                                                           
                           "Total Cost": 7255.68,                                                                                                                          
                           "Plan Rows": 385264,                                                                                                                            
                           "Plan Width": 8,                                                                                                                                
                           "Actual Startup Time": 808.388,                                                                                                                 
                           "Actual Total Time": 8977.672,                                                                                                                  
                           "Actual Rows": 387683,                                                                                                                          
                           "Actual Loops": 1,                                                                                                                              
                           "Filter": "(info ~~ 'USA:%200%'::text)",                                                                                                        
                           "Rows Removed by Filter": 14448037,                                                                                                             
                           "Shared Hit Blocks": 3134,                                                                                                                      
                           "Shared Read Blocks": 162313,                                                                                                                   
                           "Shared Dirtied Blocks": 0,                                                                                                                     
                           "Shared Written Blocks": 0,                                                                                                                     
                           "Local Hit Blocks": 0,                                                                                                                          
                           "Local Read Blocks": 0,                                                                                                                         
                           "Local Dirtied Blocks": 0,                                                                                                                      
                           "Local Written Blocks": 0,                                                                                                                      
                           "Temp Read Blocks": 0,                                                                                                                          
                           "Temp Written Blocks": 0                                                                                                                        
                         }                                                                                                                                                 
                       ]                                                                                                                                                   
                     }                                                                                                                                                     
                   ]                                                                                                                                                       
                 },                                                                                                                                                        
                 {                                                                                                                                                         
                   "Node Type": "Hash",                                                                                                                                    
                   "Parent Relationship": "Inner",                                                                                                                         
                   "Parallel Aware": false,                                                                                                                                
                   "Startup Cost": 0.05,                                                                                                                                   
                   "Total Cost": 0.05,                                                                                                                                     
                   "Plan Rows": 1,                                                                                                                                         
                   "Plan Width": 4,                                                                                                                                        
                   "Actual Startup Time": 21.846,                                                                                                                          
                   "Actual Total Time": 21.846,                                                                                                                            
                   "Actual Rows": 1,                                                                                                                                       
                   "Actual Loops": 1,                                                                                                                                      
                   "Hash Buckets": 1024,                                                                                                                                   
                   "Original Hash Buckets": 1024,                                                                                                                          
                   "Hash Batches": 1,                                                                                                                                      
                   "Original Hash Batches": 1,                                                                                                                             
                   "Peak Memory Usage": 9,                                                                                                                                 
                   "Shared Hit Blocks": 0,                                                                                                                                 
                   "Shared Read Blocks": 1,                                                                                                                                
                   "Shared Dirtied Blocks": 0,                                                                                                                             
                   "Shared Written Blocks": 0,                                                                                                                             
                   "Local Hit Blocks": 0,                                                                                                                                  
                   "Local Read Blocks": 0,                                                                                                                                 
                   "Local Dirtied Blocks": 0,                                                                                                                              
                   "Local Written Blocks": 0,                                                                                                                              
                   "Temp Read Blocks": 0,                                                                                                                                  
                   "Temp Written Blocks": 0,                                                                                                                               
                   "Plans": [                                                                                                                                              
                     {                                                                                                                                                     
                       "Node Type": "Seq Scan",                                                                                                                            
                       "Parent Relationship": "Outer",                                                                                                                     
                       "Parallel Aware": false,                                                                                                                            
                       "Relation Name": "info_type",                                                                                                                       
                       "Alias": "it",                                                                                                                                      
                       "Startup Cost": 0.00,                                                                                                                               
                       "Total Cost": 0.05,                                                                                                                                 
                       "Plan Rows": 1,                                                                                                                                     
                       "Plan Width": 4,                                                                                                                                    
                       "Actual Startup Time": 21.800,                                                                                                                      
                       "Actual Total Time": 21.834,                                                                                                                        
                       "Actual Rows": 1,                                                                                                                                   
                       "Actual Loops": 1,                                                                                                                                  
                       "Filter": "((info)::text = 'release dates'::text)",                                                                                                 
                       "Rows Removed by Filter": 112,                                                                                                                      
                       "Shared Hit Blocks": 0,                                                                                                                             
                       "Shared Read Blocks": 1,                                                                                                                            
                       "Shared Dirtied Blocks": 0,                                                                                                                         
                       "Shared Written Blocks": 0,                                                                                                                         
                       "Local Hit Blocks": 0,                                                                                                                              
                       "Local Read Blocks": 0,                                                                                                                             
                       "Local Dirtied Blocks": 0,                                                                                                                          
                       "Local Written Blocks": 0,                                                                                                                          
                       "Temp Read Blocks": 0,                                                                                                                              
                       "Temp Written Blocks": 0                                                                                                                            
                     }                                                                                                                                                     
                   ]                                                                                                                                                       
                 }                                                                                                                                                         
               ]                                                                                                                                                           
             },                                                                                                                                                            
             {                                                                                                                                                             
               "Node Type": "Hash",                                                                                                                                        
               "Parent Relationship": "Inner",                                                                                                                             
               "Parallel Aware": false,                                                                                                                                    
               "Startup Cost": 419.75,                                                                                                                                     
               "Total Cost": 419.75,                                                                                                                                       
               "Plan Rows": 901343,                                                                                                                                        
               "Plan Width": 4,                                                                                                                                            
               "Actual Startup Time": 572.546,                                                                                                                             
               "Actual Total Time": 572.546,                                                                                                                               
               "Actual Rows": 901343,                                                                                                                                      
               "Actual Loops": 1,                                                                                                                                          
               "Hash Buckets": 1048576,                                                                                                                                    
               "Original Hash Buckets": 1048576,                                                                                                                           
               "Hash Batches": 1,                                                                                                                                          
               "Original Hash Batches": 1,                                                                                                                                 
               "Peak Memory Usage": 39880,                                                                                                                                 
               "Shared Hit Blocks": 0,                                                                                                                                     
               "Shared Read Blocks": 11395,                                                                                                                                
               "Shared Dirtied Blocks": 0,                                                                                                                                 
               "Shared Written Blocks": 0,                                                                                                                                 
               "Local Hit Blocks": 0,                                                                                                                                      
               "Local Read Blocks": 0,                                                                                                                                     
               "Local Dirtied Blocks": 0,                                                                                                                                  
               "Local Written Blocks": 0,                                                                                                                                  
               "Temp Read Blocks": 0,                                                                                                                                      
               "Temp Written Blocks": 0,                                                                                                                                   
               "Plans": [                                                                                                                                                  
                 {                                                                                                                                                         
                   "Node Type": "Seq Scan",                                                                                                                                
                   "Parent Relationship": "Outer",                                                                                                                         
                   "Parallel Aware": false,                                                                                                                                
                   "Relation Name": "aka_name",                                                                                                                            
                   "Alias": "an",                                                                                                                                          
                   "Startup Cost": 0.00,                                                                                                                                   
                   "Total Cost": 419.75,                                                                                                                                   
                   "Plan Rows": 901343,                                                                                                                                    
                   "Plan Width": 4,                                                                                                                                        
                   "Actual Startup Time": 17.058,                                                                                                                          
                   "Actual Total Time": 315.772,                                                                                                                           
                   "Actual Rows": 901343,                                                                                                                                  
                   "Actual Loops": 1,                                                                                                                                      
                   "Shared Hit Blocks": 0,                                                                                                                                 
                   "Shared Read Blocks": 11395,                                                                                                                            
                   "Shared Dirtied Blocks": 0,                                                                                                                             
                   "Shared Written Blocks": 0,                                                                                                                             
                   "Local Hit Blocks": 0,                                                                                                                                  
                   "Local Read Blocks": 0,                                                                                                                                 
                   "Local Dirtied Blocks": 0,                                                                                                                              
                   "Local Written Blocks": 0,                                                                                                                              
                   "Temp Read Blocks": 0,                                                                                                                                  
                   "Temp Written Blocks": 0                                                                                                                                
                 }                                                                                                                                                         
               ]                                                                                                                                                           
             }                                                                                                                                                             
           ]                                                                                                                                                               
         }                                                                                                                                                                 
       ]                                                                                                                                                                   
     },                                                                                                                                                                    
     "Planning Time": 18807.838,                                                                                                                                           
     "Triggers": [                                                                                                                                                         
     ],                                                                                                                                                                    
     "Execution Time": 33015.070                                                                                                                                           
   }                                                                                                                                                                       
 ]
