 [                                                                                                                                                                        
   {                                                                                                                                                                      
     "Plan": {                                                                                                                                                            
       "Node Type": "Aggregate",                                                                                                                                          
       "Strategy": "Plain",                                                                                                                                               
       "Partial Mode": "Simple",                                                                                                                                          
       "Parallel Aware": false,                                                                                                                                           
       "Startup Cost": 36360.64,                                                                                                                                          
       "Total Cost": 36360.64,                                                                                                                                            
       "Plan Rows": 1,                                                                                                                                                    
       "Plan Width": 96,                                                                                                                                                  
       "Actual Startup Time": 33014.329,                                                                                                                                  
       "Actual Total Time": 33014.330,                                                                                                                                    
       "Actual Rows": 1,                                                                                                                                                  
       "Actual Loops": 1,                                                                                                                                                 
       "Shared Hit Blocks": 6675,                                                                                                                                         
       "Shared Read Blocks": 653158,                                                                                                                                      
       "Shared Dirtied Blocks": 0,                                                                                                                                        
       "Shared Written Blocks": 0,                                                                                                                                        
       "Local Hit Blocks": 0,                                                                                                                                             
       "Local Read Blocks": 0,                                                                                                                                            
       "Local Dirtied Blocks": 0,                                                                                                                                         
       "Local Written Blocks": 0,                                                                                                                                         
       "Temp Read Blocks": 0,                                                                                                                                             
       "Temp Written Blocks": 0,                                                                                                                                          
       "Plans": [                                                                                                                                                         
         {                                                                                                                                                                
           "Node Type": "Hash Join",                                                                                                                                      
           "Parent Relationship": "Outer",                                                                                                                                
           "Parallel Aware": false,                                                                                                                                       
           "Join Type": "Inner",                                                                                                                                          
           "Startup Cost": 20200.71,                                                                                                                                      
           "Total Cost": 36360.64,                                                                                                                                        
           "Plan Rows": 1,                                                                                                                                                
           "Plan Width": 48,                                                                                                                                              
           "Actual Startup Time": 25115.211,                                                                                                                              
           "Actual Total Time": 33007.916,                                                                                                                                
           "Actual Rows": 16308,                                                                                                                                          
           "Actual Loops": 1,                                                                                                                                             
           "Inner Unique": false,                                                                                                                                         
           "Hash Cond": "(n.id = an.person_id)",                                                                                                                          
           "Shared Hit Blocks": 6675,                                                                                                                                     
           "Shared Read Blocks": 653158,                                                                                                                                  
           "Shared Dirtied Blocks": 0,                                                                                                                                    
           "Shared Written Blocks": 0,                                                                                                                                    
           "Local Hit Blocks": 0,                                                                                                                                         
           "Local Read Blocks": 0,                                                                                                                                        
           "Local Dirtied Blocks": 0,                                                                                                                                     
           "Local Written Blocks": 0,                                                                                                                                     
           "Temp Read Blocks": 0,                                                                                                                                         
           "Temp Written Blocks": 0,                                                                                                                                      
           "Plans": [                                                                                                                                                     
             {                                                                                                                                                            
               "Node Type": "Hash Join",                                                                                                                                  
               "Parent Relationship": "Outer",                                                                                                                            
               "Parallel Aware": false,                                                                                                                                   
               "Join Type": "Inner",                                                                                                                                      
               "Startup Cost": 19648.66,                                                                                                                                  
               "Total Cost": 35808.59,                                                                                                                                    
               "Plan Rows": 1,                                                                                                                                            
               "Plan Width": 60,                                                                                                                                          
               "Actual Startup Time": 24540.093,                                                                                                                          
               "Actual Total Time": 32429.161,                                                                                                                            
               "Actual Rows": 3822,                                                                                                                                       
               "Actual Loops": 1,                                                                                                                                         
               "Inner Unique": true,                                                                                                                                      
               "Hash Cond": "(mi.info_type_id = it.id)",                                                                                                                  
               "Shared Hit Blocks": 6672,                                                                                                                                 
               "Shared Read Blocks": 641763,                                                                                                                              
               "Shared Dirtied Blocks": 0,                                                                                                                                
               "Shared Written Blocks": 0,                                                                                                                                
               "Local Hit Blocks": 0,                                                                                                                                     
               "Local Read Blocks": 0,                                                                                                                                    
               "Local Dirtied Blocks": 0,                                                                                                                                 
               "Local Written Blocks": 0,                                                                                                                                 
               "Temp Read Blocks": 0,                                                                                                                                     
               "Temp Written Blocks": 0,                                                                                                                                  
               "Plans": [                                                                                                                                                 
                 {                                                                                                                                                        
                   "Node Type": "Hash Join",                                                                                                                              
                   "Parent Relationship": "Outer",                                                                                                                        
                   "Parallel Aware": false,                                                                                                                               
                   "Join Type": "Inner",                                                                                                                                  
                   "Startup Cost": 19648.61,                                                                                                                              
                   "Total Cost": 35808.54,                                                                                                                                
                   "Plan Rows": 1,                                                                                                                                        
                   "Plan Width": 64,                                                                                                                                      
                   "Actual Startup Time": 24521.260,                                                                                                                      
                   "Actual Total Time": 32408.934,                                                                                                                        
                   "Actual Rows": 3822,                                                                                                                                   
                   "Actual Loops": 1,                                                                                                                                     
                   "Inner Unique": false,                                                                                                                                 
                   "Hash Cond": "(t.id = mi.movie_id)",                                                                                                                   
                   "Shared Hit Blocks": 6672,                                                                                                                             
                   "Shared Read Blocks": 641762,                                                                                                                          
                   "Shared Dirtied Blocks": 0,                                                                                                                            
                   "Shared Written Blocks": 0,                                                                                                                            
                   "Local Hit Blocks": 0,                                                                                                                                 
                   "Local Read Blocks": 0,                                                                                                                                
                   "Local Dirtied Blocks": 0,                                                                                                                             
                   "Local Written Blocks": 0,                                                                                                                             
                   "Temp Read Blocks": 0,                                                                                                                                 
                   "Temp Written Blocks": 0,                                                                                                                              
                   "Plans": [                                                                                                                                             
                     {                                                                                                                                                    
                       "Node Type": "Hash Join",                                                                                                                          
                       "Parent Relationship": "Outer",                                                                                                                    
                       "Parallel Aware": false,                                                                                                                           
                       "Join Type": "Inner",                                                                                                                              
                       "Startup Cost": 11175.27,                                                                                                                          
                       "Total Cost": 27335.08,                                                                                                                            
                       "Plan Rows": 1,                                                                                                                                    
                       "Plan Width": 80,                                                                                                                                  
                       "Actual Startup Time": 15394.417,                                                                                                                  
                       "Actual Total Time": 23280.836,                                                                                                                    
                       "Actual Rows": 1364,                                                                                                                               
                       "Actual Loops": 1,                                                                                                                                 
                       "Inner Unique": true,                                                                                                                              
                       "Hash Cond": "(ci.person_role_id = chn.id)",                                                                                                       
                       "Shared Hit Blocks": 2,                                                                                                                            
                       "Shared Read Blocks": 479449,                                                                                                                      
                       "Shared Dirtied Blocks": 0,                                                                                                                        
                       "Shared Written Blocks": 0,                                                                                                                        
                       "Local Hit Blocks": 0,                                                                                                                             
                       "Local Read Blocks": 0,                                                                                                                            
                       "Local Dirtied Blocks": 0,                                                                                                                         
                       "Local Written Blocks": 0,                                                                                                                         
                       "Temp Read Blocks": 0,                                                                                                                             
                       "Temp Written Blocks": 0,                                                                                                                          
                       "Plans": [                                                                                                                                         
                         {                                                                                                                                                
                           "Node Type": "Hash Join",                                                                                                                      
                           "Parent Relationship": "Outer",                                                                                                                
                           "Parallel Aware": false,                                                                                                                       
                           "Join Type": "Inner",                                                                                                                          
                           "Startup Cost": 9353.96,                                                                                                                       
                           "Total Cost": 25513.77,                                                                                                                        
                           "Plan Rows": 1,                                                                                                                                
                           "Plan Width": 68,                                                                                                                              
                           "Actual Startup Time": 13638.311,                                                                                                              
                           "Actual Total Time": 21524.144,                                                                                                                
                           "Actual Rows": 1412,                                                                                                                           
                           "Actual Loops": 1,                                                                                                                             
                           "Inner Unique": true,                                                                                                                          
                           "Hash Cond": "(ci.role_id = rt.id)",                                                                                                           
                           "Shared Hit Blocks": 2,                                                                                                                        
                           "Shared Read Blocks": 443002,                                                                                                                  
                           "Shared Dirtied Blocks": 0,                                                                                                                    
                           "Shared Written Blocks": 0,                                                                                                                    
                           "Local Hit Blocks": 0,                                                                                                                         
                           "Local Read Blocks": 0,                                                                                                                        
                           "Local Dirtied Blocks": 0,                                                                                                                     
                           "Local Written Blocks": 0,                                                                                                                     
                           "Temp Read Blocks": 0,                                                                                                                         
                           "Temp Written Blocks": 0,                                                                                                                      
                           "Plans": [                                                                                                                                     
                             {                                                                                                                                            
                               "Node Type": "Hash Join",                                                                                                                  
                               "Parent Relationship": "Outer",                                                                                                            
                               "Parallel Aware": false,                                                                                                                   
                               "Join Type": "Inner",                                                                                                                      
                               "Startup Cost": 9353.93,                                                                                                                   
                               "Total Cost": 25513.74,                                                                                                                    
                               "Plan Rows": 1,                                                                                                                            
                               "Plan Width": 72,                                                                                                                          
                               "Actual Startup Time": 13617.686,                                                                                                          
                               "Actual Total Time": 21502.986,                                                                                                            
                               "Actual Rows": 1412,                                                                                                                       
                               "Actual Loops": 1,                                                                                                                         
                               "Inner Unique": false,                                                                                                                     
                               "Hash Cond": "(ci.person_id = n.id)",                                                                                                      
                               "Shared Hit Blocks": 2,                                                                                                                    
                               "Shared Read Blocks": 443001,                                                                                                              
                               "Shared Dirtied Blocks": 0,                                                                                                                
                               "Shared Written Blocks": 0,                                                                                                                
                               "Local Hit Blocks": 0,                                                                                                                     
                               "Local Read Blocks": 0,                                                                                                                    
                               "Local Dirtied Blocks": 0,                                                                                                                 
                               "Local Written Blocks": 0,                                                                                                                 
                               "Temp Read Blocks": 0,                                                                                                                     
                               "Temp Written Blocks": 0,                                                                                                                  
                               "Plans": [                                                                                                                                 
                                 {                                                                                                                                        
                                   "Node Type": "Hash Join",                                                                                                              
                                   "Parent Relationship": "Outer",                                                                                                        
                                   "Parallel Aware": false,                                                                                                               
                                   "Join Type": "Inner",                                                                                                                  
                                   "Startup Cost": 4623.23,                                                                                                               
                                   "Total Cost": 20783.04,                                                                                                                
                                   "Plan Rows": 1,                                                                                                                        
                                   "Plan Width": 49,                                                                                                                      
                                   "Actual Startup Time": 4536.985,                                                                                                       
                                   "Actual Total Time": 16377.762,                                                                                                        
                                   "Actual Rows": 2666,                                                                                                                   
                                   "Actual Loops": 1,                                                                                                                     
                                   "Inner Unique": false,                                                                                                                 
                                   "Hash Cond": "(ci.movie_id = t.id)",                                                                                                   
                                   "Shared Hit Blocks": 1,                                                                                                                
                                   "Shared Read Blocks": 336570,                                                                                                          
                                   "Shared Dirtied Blocks": 0,                                                                                                            
                                   "Shared Written Blocks": 0,                                                                                                            
                                   "Local Hit Blocks": 0,                                                                                                                 
                                   "Local Read Blocks": 0,                                                                                                                
                                   "Local Dirtied Blocks": 0,                                                                                                             
                                   "Local Written Blocks": 0,                                                                                                             
                                   "Temp Read Blocks": 0,                                                                                                                 
                                   "Temp Written Blocks": 0,                                                                                                              
                                   "Plans": [                                                                                                                             
                                     {                                                                                                                                    
                                       "Node Type": "Seq Scan",                                                                                                           
                                       "Parent Relationship": "Outer",                                                                                                    
                                       "Parallel Aware": false,                                                                                                           
                                       "Relation Name": "cast_info",                                                                                                      
                                       "Alias": "ci",                                                                                                                     
                                       "Startup Cost": 0.00,                                                                                                              
                                       "Total Cost": 16059.00,                                                                                                            
                                       "Plan Rows": 865636,                                                                                                               
                                       "Plan Width": 16,                                                                                                                  
                                       "Actual Startup Time": 36.494,                                                                                                     
                                       "Actual Total Time": 11739.739,                                                                                                    
                                       "Actual Rows": 867477,                                                                                                             
                                       "Actual Loops": 1,                                                                                                                 
                                       "Filter": "(note = ANY ('{(voice),\"(voice: Japanese version)\",\"(voice) (uncredited)\",\"(voice: English version)\"}'::text[]))",
                                       "Rows Removed by Filter": 35376867,                                                                                                
                                       "Shared Hit Blocks": 0,                                                                                                            
                                       "Shared Read Blocks": 252654,                                                                                                      
                                       "Shared Dirtied Blocks": 0,                                                                                                        
                                       "Shared Written Blocks": 0,                                                                                                        
                                       "Local Hit Blocks": 0,                                                                                                             
                                       "Local Read Blocks": 0,                                                                                                            
                                       "Local Dirtied Blocks": 0,                                                                                                         
                                       "Local Written Blocks": 0,                                                                                                         
                                       "Temp Read Blocks": 0,                                                                                                             
                                       "Temp Written Blocks": 0                                                                                                           
                                     },                                                                                                                                   
                                     {                                                                                                                                    
                                       "Node Type": "Hash",                                                                                                               
                                       "Parent Relationship": "Inner",                                                                                                    
                                       "Parallel Aware": false,                                                                                                           
                                       "Startup Cost": 4623.23,                                                                                                           
                                       "Total Cost": 4623.23,                                                                                                             
                                       "Plan Rows": 1,                                                                                                                    
                                       "Plan Width": 33,                                                                                                                  
                                       "Actual Startup Time": 4487.376,                                                                                                   
                                       "Actual Total Time": 4487.376,                                                                                                     
                                       "Actual Rows": 92,                                                                                                                 
                                       "Actual Loops": 1,                                                                                                                 
                                       "Hash Buckets": 1024,                                                                                                              
                                       "Original Hash Buckets": 1024,                                                                                                     
                                       "Hash Batches": 1,                                                                                                                 
                                       "Original Hash Batches": 1,                                                                                                        
                                       "Peak Memory Usage": 14,                                                                                                           
                                       "Shared Hit Blocks": 1,                                                                                                            
                                       "Shared Read Blocks": 83916,                                                                                                       
                                       "Shared Dirtied Blocks": 0,                                                                                                        
                                       "Shared Written Blocks": 0,                                                                                                        
                                       "Local Hit Blocks": 0,                                                                                                             
                                       "Local Read Blocks": 0,                                                                                                            
                                       "Local Dirtied Blocks": 0,                                                                                                         
                                       "Local Written Blocks": 0,                                                                                                         
                                       "Temp Read Blocks": 0,                                                                                                             
                                       "Temp Written Blocks": 0,                                                                                                          
                                       "Plans": [                                                                                                                         
                                         {                                                                                                                                
                                           "Node Type": "Hash Join",                                                                                                      
                                           "Parent Relationship": "Outer",                                                                                                
                                           "Parallel Aware": false,                                                                                                       
                                           "Join Type": "Inner",                                                                                                          
                                           "Startup Cost": 3549.62,                                                                                                       
                                           "Total Cost": 4623.23,                                                                                                         
                                           "Plan Rows": 1,                                                                                                                
                                           "Plan Width": 33,                                                                                                              
                                           "Actual Startup Time": 3806.068,                                                                                               
                                           "Actual Total Time": 4487.286,                                                                                                 
                                           "Actual Rows": 92,                                                                                                             
                                           "Actual Loops": 1,                                                                                                             
                                           "Inner Unique": true,                                                                                                          
                                           "Hash Cond": "(mc.company_id = cn.id)",                                                                                        
                                           "Shared Hit Blocks": 1,                                                                                                        
                                           "Shared Read Blocks": 83916,                                                                                                   
                                           "Shared Dirtied Blocks": 0,                                                                                                    
                                           "Shared Written Blocks": 0,                                                                                                    
                                           "Local Hit Blocks": 0,                                                                                                         
                                           "Local Read Blocks": 0,                                                                                                        
                                           "Local Dirtied Blocks": 0,                                                                                                     
                                           "Local Written Blocks": 0,                                                                                                     
                                           "Temp Read Blocks": 0,                                                                                                         
                                           "Temp Written Blocks": 0,                                                                                                      
                                           "Plans": [                                                                                                                     
                                             {                                                                                                                            
                                               "Node Type": "Hash Join",                                                                                                  
                                               "Parent Relationship": "Outer",                                                                                            
                                               "Parallel Aware": false,                                                                                                   
                                               "Join Type": "Inner",                                                                                                      
                                               "Startup Cost": 3408.76,                                                                                                   
                                               "Total Cost": 4482.37,                                                                                                     
                                               "Plan Rows": 1,                                                                                                            
                                               "Plan Width": 37,                                                                                                          
                                               "Actual Startup Time": 3659.628,                                                                                           
                                               "Actual Total Time": 4340.610,                                                                                             
                                               "Actual Rows": 415,                                                                                                        
                                               "Actual Loops": 1,                                                                                                         
                                               "Inner Unique": true,                                                                                                      
                                               "Hash Cond": "(cc.subject_id = cct.id)",                                                                                  
                                               "Shared Hit Blocks": 1,                                                                                                    
                                               "Shared Read Blocks": 80922,                                                                                               
                                               "Shared Dirtied Blocks": 0,                                                                                                
                                               "Shared Written Blocks": 0,                                                                                                
                                               "Local Hit Blocks": 0,                                                                                                     
                                               "Local Read Blocks": 0,                                                                                                    
                                               "Local Dirtied Blocks": 0,                                                                                                 
                                               "Local Written Blocks": 0,                                                                                                 
                                               "Temp Read Blocks": 0,                                                                                                     
                                               "Temp Written Blocks": 0,                                                                                                  
                                               "Plans": [                                                                                                                 
                                                 {                                                                                                                        
                                                   "Node Type": "Hash Join",                                                                                              
                                                   "Parent Relationship": "Outer",                                                                                        
                                                   "Parallel Aware": false,                                                                                               
                                                   "Join Type": "Inner",                                                                                                  
                                                   "Startup Cost": 3408.72,                                                                                               
                                                   "Total Cost": 4482.34,                                                                                                 
                                                   "Plan Rows": 1,                                                                                                        
                                                   "Plan Width": 41,                                                                                                      
                                                   "Actual Startup Time": 3659.537,                                                                                       
                                                   "Actual Total Time": 4340.322,                                                                                         
                                                   "Actual Rows": 438,                                                                                                    
                                                   "Actual Loops": 1,                                                                                                     
                                                   "Inner Unique": true,                                                                                                  
                                                   "Hash Cond": "(cc.status_id = cct.id)",                                                                               
                                                   "Shared Hit Blocks": 1,                                                                                                
                                                   "Shared Read Blocks": 80921,                                                                                           
                                                   "Shared Dirtied Blocks": 0,                                                                                            
                                                   "Shared Written Blocks": 0,                                                                                            
                                                   "Local Hit Blocks": 0,                                                                                                 
                                                   "Local Read Blocks": 0,                                                                                                
                                                   "Local Dirtied Blocks": 0,                                                                                             
                                                   "Local Written Blocks": 0,                                                                                             
                                                   "Temp Read Blocks": 0,                                                                                                 
                                                   "Temp Written Blocks": 0,                                                                                              
                                                   "Plans": [                                                                                                             
                                                     {                                                                                                                    
                                                       "Node Type": "Hash Join",                                                                                          
                                                       "Parent Relationship": "Outer",                                                                                    
                                                       "Parallel Aware": false,                                                                                           
                                                       "Join Type": "Inner",                                                                                              
                                                       "Startup Cost": 3408.69,                                                                                           
                                                       "Total Cost": 4482.31,                                                                                             
                                                       "Plan Rows": 1,                                                                                                    
                                                       "Plan Width": 45,                                                                                                  
                                                       "Actual Startup Time": 3657.063,                                                                                   
                                                       "Actual Total Time": 4339.928,                                                                                     
                                                       "Actual Rows": 1401,                                                                                               
                                                       "Actual Loops": 1,                                                                                                 
                                                       "Inner Unique": false,                                                                                             
                                                       "Hash Cond": "(t.id = cc.movie_id)",                                                                               
                                                       "Shared Hit Blocks": 0,                                                                                            
                                                       "Shared Read Blocks": 80921,                                                                                       
                                                       "Shared Dirtied Blocks": 0,                                                                                        
                                                       "Shared Written Blocks": 0,                                                                                        
                                                       "Local Hit Blocks": 0,                                                                                             
                                                       "Local Read Blocks": 0,                                                                                            
                                                       "Local Dirtied Blocks": 0,                                                                                         
                                                       "Local Written Blocks": 0,                                                                                         
                                                       "Temp Read Blocks": 0,                                                                                             
                                                       "Temp Written Blocks": 0,                                                                                          
                                                       "Plans": [                                                                                                         
                                                         {                                                                                                                
                                                           "Node Type": "Hash Join",                                                                                      
                                                           "Parent Relationship": "Outer",                                                                                
                                                           "Parallel Aware": false,                                                                                       
                                                           "Join Type": "Inner",                                                                                          
                                                           "Startup Cost": 3356.59,                                                                                       
                                                           "Total Cost": 4430.21,                                                                                         
                                                           "Plan Rows": 14,                                                                                               
                                                           "Plan Width": 33,                                                                                              
                                                           "Actual Startup Time": 3357.046,                                                                               
                                                           "Actual Total Time": 4238.259,                                                                                 
                                                           "Actual Rows": 2435,                                                                                           
                                                           "Actual Loops": 1,                                                                                             
                                                           "Inner Unique": false,                                                                                         
                                                           "Hash Cond": "(mc.movie_id = t.id)",                                                                           
                                                           "Shared Hit Blocks": 0,                                                                                        
                                                           "Shared Read Blocks": 80190,                                                                                   
                                                           "Shared Dirtied Blocks": 0,                                                                                    
                                                           "Shared Written Blocks": 0,                                                                                    
                                                           "Local Hit Blocks": 0,                                                                                         
                                                           "Local Read Blocks": 0,                                                                                        
                                                           "Local Dirtied Blocks": 0,                                                                                     
                                                           "Local Written Blocks": 0,                                                                                     
                                                           "Temp Read Blocks": 0,                                                                                         
                                                           "Temp Written Blocks": 0,                                                                                      
                                                           "Plans": [                                                                                                     
                                                             {                                                                                                            
                                                               "Node Type": "Seq Scan",                                                                                   
                                                               "Parent Relationship": "Outer",                                                                            
                                                               "Parallel Aware": false,                                                                                   
                                                               "Relation Name": "movie_companies",                                                                        
                                                               "Alias": "mc",                                                                                             
                                                               "Startup Cost": 0.00,                                                                                      
                                                               "Total Cost": 769.75,                                                                                      
                                                               "Plan Rows": 2609129,                                                                                      
                                                               "Plan Width": 8,                                                                                           
                                                               "Actual Startup Time": 27.282,                                                                             
                                                               "Actual Total Time": 494.030,                                                                              
                                                               "Actual Rows": 2609129,                                                                                    
                                                               "Actual Loops": 1,                                                                                         
                                                               "Shared Hit Blocks": 0,                                                                                    
                                                               "Shared Read Blocks": 18789,                                                                               
                                                               "Shared Dirtied Blocks": 0,                                                                                
                                                               "Shared Written Blocks": 0,                                                                                
                                                               "Local Hit Blocks": 0,                                                                                     
                                                               "Local Read Blocks": 0,                                                                                    
                                                               "Local Dirtied Blocks": 0,                                                                                 
                                                               "Local Written Blocks": 0,                                                                                 
                                                               "Temp Read Blocks": 0,                                                                                     
                                                               "Temp Written Blocks": 0                                                                                   
                                                             },                                                                                                           
                                                             {                                                                                                            
                                                               "Node Type": "Hash",                                                                                       
                                                               "Parent Relationship": "Inner",                                                                            
                                                               "Parallel Aware": false,                                                                                   
                                                               "Startup Cost": 3356.59,                                                                                   
                                                               "Total Cost": 3356.59,                                                                                     
                                                               "Plan Rows": 14,                                                                                           
                                                               "Plan Width": 25,                                                                                          
                                                               "Actual Startup Time": 3319.299,                                                                           
                                                               "Actual Total Time": 3319.299,                                                                             
                                                               "Actual Rows": 249,                                                                                        
                                                               "Actual Loops": 1,                                                                                         
                                                               "Hash Buckets": 1024,                                                                                      
                                                               "Original Hash Buckets": 1024,                                                                             
                                                               "Hash Batches": 1,                                                                                         
                                                               "Original Hash Batches": 1,                                                                                
                                                               "Peak Memory Usage": 23,                                                                                   
                                                               "Shared Hit Blocks": 0,                                                                                    
                                                               "Shared Read Blocks": 61401,                                                                               
                                                               "Shared Dirtied Blocks": 0,                                                                                
                                                               "Shared Written Blocks": 0,                                                                                
                                                               "Local Hit Blocks": 0,                                                                                     
                                                               "Local Read Blocks": 0,                                                                                    
                                                               "Local Dirtied Blocks": 0,                                                                                 
                                                               "Local Written Blocks": 0,                                                                                 
                                                               "Temp Read Blocks": 0,                                                                                     
                                                               "Temp Written Blocks": 0,                                                                                  
                                                               "Plans": [                                                                                                 
                                                                 {                                                                                                        
                                                                   "Node Type": "Hash Join",                                                                              
                                                                   "Parent Relationship": "Outer",                                                                        
                                                                   "Parallel Aware": false,                                                                               
                                                                   "Join Type": "Inner",                                                                                  
                                                                   "Startup Cost": 1498.11,                                                                               
                                                                   "Total Cost": 3356.59,                                                                                 
                                                                   "Plan Rows": 14,                                                                                       
                                                                   "Plan Width": 25,                                                                                      
                                                                   "Actual Startup Time": 1334.689,                                                                       
                                                                   "Actual Total Time": 3318.863,                                                                         
                                                                   "Actual Rows": 249,                                                                                    
                                                                   "Actual Loops": 1,                                                                                     
                                                                   "Inner Unique": false,                                                                                 
                                                                   "Hash Cond": "(t.id = mk.movie_id)",                                                                   
                                                                   "Shared Hit Blocks": 0,                                                                                
                                                                   "Shared Read Blocks": 61401,                                                                           
                                                                   "Shared Dirtied Blocks": 0,                                                                            
                                                                   "Shared Written Blocks": 0,                                                                            
                                                                   "Local Hit Blocks": 0,                                                                                 
                                                                   "Local Read Blocks": 0,                                                                                
                                                                   "Local Dirtied Blocks": 0,                                                                             
                                                                   "Local Written Blocks": 0,                                                                             
                                                                   "Temp Read Blocks": 0,                                                                                 
                                                                   "Temp Written Blocks": 0,                                                                              
                                                                   "Plans": [                                                                                             
                                                                     {                                                                                                    
                                                                       "Node Type": "Seq Scan",                                                                           
                                                                       "Parent Relationship": "Outer",                                                                    
                                                                       "Parallel Aware": false,                                                                           
                                                                       "Relation Name": "title",                                                                          
                                                                       "Alias": "t",                                                                                      
                                                                       "Startup Cost": 0.00,                                                                              
                                                                       "Total Cost": 1696.56,                                                                             
                                                                       "Plan Rows": 1042800,                                                                              
                                                                       "Plan Width": 21,                                                                                  
                                                                       "Actual Startup Time": 11.847,                                                                     
                                                                       "Actual Total Time": 1844.581,                                                                     
                                                                       "Actual Rows": 1042800,                                                                            
                                                                       "Actual Loops": 1,                                                                                 
                                                                       "Filter": "((production_year >= 2000) AND (production_year <= 2010))",                             
                                                                       "Rows Removed by Filter": 1485512,                                                                 
                                                                       "Shared Hit Blocks": 0,                                                                            
                                                                       "Shared Read Blocks": 35998,                                                                       
                                                                       "Shared Dirtied Blocks": 0,                                                                        
                                                                       "Shared Written Blocks": 0,                                                                        
                                                                       "Local Hit Blocks": 0,                                                                             
                                                                       "Local Read Blocks": 0,                                                                            
                                                                       "Local Dirtied Blocks": 0,                                                                         
                                                                       "Local Written Blocks": 0,                                                                         
                                                                       "Temp Read Blocks": 0,                                                                             
                                                                       "Temp Written Blocks": 0                                                                           
                                                                     },                                                                                                   
                                                                     {                                                                                                    
                                                                       "Node Type": "Hash",                                                                               
                                                                       "Parent Relationship": "Inner",                                                                    
                                                                       "Parallel Aware": false,                                                                           
                                                                       "Startup Cost": 1498.10,                                                                           
                                                                       "Total Cost": 1498.10,                                                                             
                                                                       "Plan Rows": 34,                                                                                   
                                                                       "Plan Width": 4,                                                                                   
                                                                       "Actual Startup Time": 1246.003,                                                                   
                                                                       "Actual Total Time": 1246.004,                                                                     
                                                                       "Actual Rows": 414,                                                                                
                                                                       "Actual Loops": 1,                                                                                 
                                                                       "Hash Buckets": 1024,                                                                              
                                                                       "Original Hash Buckets": 1024,                                                                     
                                                                       "Hash Batches": 1,                                                                                 
                                                                       "Original Hash Batches": 1,                                                                        
                                                                       "Peak Memory Usage": 23,                                                                           
                                                                       "Shared Hit Blocks": 0,                                                                            
                                                                       "Shared Read Blocks": 25403,                                                                       
                                                                       "Shared Dirtied Blocks": 0,                                                                        
                                                                       "Shared Written Blocks": 0,                                                                        
                                                                       "Local Hit Blocks": 0,                                                                             
                                                                       "Local Read Blocks": 0,                                                                            
                                                                       "Local Dirtied Blocks": 0,                                                                         
                                                                       "Local Written Blocks": 0,                                                                         
                                                                       "Temp Read Blocks": 0,                                                                             
                                                                       "Temp Written Blocks": 0,                                                                          
                                                                       "Plans": [                                                                                         
                                                                         {                                                                                                
                                                                           "Node Type": "Hash Join",                                                                      
                                                                           "Parent Relationship": "Outer",                                                                
                                                                           "Parallel Aware": false,                                                                       
                                                                           "Join Type": "Inner",                                                                          
                                                                           "Startup Cost": 49.46,                                                                         
                                                                           "Total Cost": 1498.10,                                                                         
                                                                           "Plan Rows": 34,                                                                               
                                                                           "Plan Width": 4,                                                                               
                                                                           "Actual Startup Time": 120.606,                                                                
                                                                           "Actual Total Time": 1245.704,                                                                 
                                                                           "Actual Rows": 414,                                                                            
                                                                           "Actual Loops": 1,                                                                             
                                                                           "Inner Unique": true,                                                                          
                                                                           "Hash Cond": "(mk.keyword_id = k.id)",                                                         
                                                                           "Shared Hit Blocks": 0,                                                                        
                                                                           "Shared Read Blocks": 25403,                                                                   
                                                                           "Shared Dirtied Blocks": 0,                                                                    
                                                                           "Shared Written Blocks": 0,                                                                    
                                                                           "Local Hit Blocks": 0,                                                                         
                                                                           "Local Read Blocks": 0,                                                                        
                                                                           "Local Dirtied Blocks": 0,                                                                     
                                                                           "Local Written Blocks": 0,                                                                     
                                                                           "Temp Read Blocks": 0,                                                                         
                                                                           "Temp Written Blocks": 0,                                                                      
                                                                           "Plans": [                                                                                     
                                                                             {                                                                                            
                                                                               "Node Type": "Seq Scan",                                                                   
                                                                               "Parent Relationship": "Outer",                                                            
                                                                               "Parallel Aware": false,                                                                   
                                                                               "Relation Name": "movie_keyword",                                                          
                                                                               "Alias": "mk",                                                                             
                                                                               "Startup Cost": 0.00,                                                                      
                                                                               "Total Cost": 1079.84,                                                                     
                                                                               "Plan Rows": 4523930,                                                                      
                                                                               "Plan Width": 8,                                                                           
                                                                               "Actual Startup Time": 4.324,                                                              
                                                                               "Actual Total Time": 547.108,                                                              
                                                                               "Actual Rows": 4523930,                                                                    
                                                                               "Actual Loops": 1,                                                                         
                                                                               "Shared Hit Blocks": 0,                                                                    
                                                                               "Shared Read Blocks": 24454,                                                               
                                                                               "Shared Dirtied Blocks": 0,                                                                
                                                                               "Shared Written Blocks": 0,                                                                
                                                                               "Local Hit Blocks": 0,                                                                     
                                                                               "Local Read Blocks": 0,                                                                    
                                                                               "Local Dirtied Blocks": 0,                                                                 
                                                                               "Local Written Blocks": 0,                                                                 
                                                                               "Temp Read Blocks": 0,                                                                     
                                                                               "Temp Written Blocks": 0                                                                   
                                                                             },                                                                                           
                                                                             {                                                                                            
                                                                               "Node Type": "Hash",                                                                       
                                                                               "Parent Relationship": "Inner",                                                            
                                                                               "Parallel Aware": false,                                                                   
                                                                               "Startup Cost": 49.46,                                                                     
                                                                               "Total Cost": 49.46,                                                                       
                                                                               "Plan Rows": 1,                                                                            
                                                                               "Plan Width": 4,                                                                           
                                                                               "Actual Startup Time": 83.613,                                                             
                                                                               "Actual Total Time": 83.613,                                                               
                                                                               "Actual Rows": 1,                                                                          
                                                                               "Actual Loops": 1,                                                                         
                                                                               "Hash Buckets": 1024,                                                                      
                                                                               "Original Hash Buckets": 1024,                                                             
                                                                               "Hash Batches": 1,                                                                         
                                                                               "Original Hash Batches": 1,                                                                
                                                                               "Peak Memory Usage": 9,                                                                    
                                                                               "Shared Hit Blocks": 0,                                                                    
                                                                               "Shared Read Blocks": 949,                                                                 
                                                                               "Shared Dirtied Blocks": 0,                                                                
                                                                               "Shared Written Blocks": 0,                                                                
                                                                               "Local Hit Blocks": 0,                                                                     
                                                                               "Local Read Blocks": 0,                                                                    
                                                                               "Local Dirtied Blocks": 0,                                                                 
                                                                               "Local Written Blocks": 0,                                                                 
                                                                               "Temp Read Blocks": 0,                                                                     
                                                                               "Temp Written Blocks": 0,                                                                  
                                                                               "Plans": [                                                                                 
                                                                                 {                                                                                        
                                                                                   "Node Type": "Seq Scan",                                                               
                                                                                   "Parent Relationship": "Outer",                                                        
                                                                                   "Parallel Aware": false,                                                               
                                                                                   "Relation Name": "keyword",                                                            
                                                                                   "Alias": "k",                                                                          
                                                                                   "Startup Cost": 0.00,                                                                  
                                                                                   "Total Cost": 49.46,                                                                   
                                                                                   "Plan Rows": 1,                                                                        
                                                                                   "Plan Width": 4,                                                                       
                                                                                   "Actual Startup Time": 0.404,                                                          
                                                                                   "Actual Total Time": 83.604,                                                           
                                                                                   "Actual Rows": 1,                                                                      
                                                                                   "Actual Loops": 1,                                                                     
                                                                                   "Filter": "(keyword = 'computer-animation'::text)",                                    
                                                                                   "Rows Removed by Filter": 134169,                                                      
                                                                                   "Shared Hit Blocks": 0,                                                                
                                                                                   "Shared Read Blocks": 949,                                                             
                                                                                   "Shared Dirtied Blocks": 0,                                                            
                                                                                   "Shared Written Blocks": 0,                                                            
                                                                                   "Local Hit Blocks": 0,                                                                 
                                                                                   "Local Read Blocks": 0,                                                                
                                                                                   "Local Dirtied Blocks": 0,                                                             
                                                                                   "Local Written Blocks": 0,                                                             
                                                                                   "Temp Read Blocks": 0,                                                                 
                                                                                   "Temp Written Blocks": 0                                                               
                                                                                 }                                                                                        
                                                                               ]                                                                                          
                                                                             }                                                                                            
                                                                           ]                                                                                              
                                                                         }                                                                                                
                                                                       ]                                                                                                  
                                                                     }                                                                                                    
                                                                   ]                                                                                                      
                                                                 }                                                                                                        
                                                               ]                                                                                                          
                                                             }                                                                                                            
                                                           ]                                                                                                              
                                                         },                                                                                                               
                                                         {                                                                                                                
                                                           "Node Type": "Hash",                                                                                           
                                                           "Parent Relationship": "Inner",                                                                                
                                                           "Parallel Aware": false,                                                                                       
                                                           "Startup Cost": 32.27,                                                                                         
                                                           "Total Cost": 32.27,                                                                                           
                                                           "Plan Rows": 135086,                                                                                           
                                                           "Plan Width": 12,                                                                                              
                                                           "Actual Startup Time": 100.010,                                                                                
                                                           "Actual Total Time": 100.010,                                                                                  
                                                           "Actual Rows": 135086,                                                                                         
                                                           "Actual Loops": 1,                                                                                             
                                                           "Hash Buckets": 262144,                                                                                        
                                                           "Original Hash Buckets": 262144,                                                                               
                                                           "Hash Batches": 1,                                                                                             
                                                           "Original Hash Batches": 1,                                                                                    
                                                           "Peak Memory Usage": 7853,                                                                                     
                                                           "Shared Hit Blocks": 0,                                                                                        
                                                           "Shared Read Blocks": 731,                                                                                     
                                                           "Shared Dirtied Blocks": 0,                                                                                    
                                                           "Shared Written Blocks": 0,                                                                                    
                                                           "Local Hit Blocks": 0,                                                                                         
                                                           "Local Read Blocks": 0,                                                                                        
                                                           "Local Dirtied Blocks": 0,                                                                                     
                                                           "Local Written Blocks": 0,                                                                                     
                                                           "Temp Read Blocks": 0,                                                                                         
                                                           "Temp Written Blocks": 0,                                                                                      
                                                           "Plans": [                                                                                                     
                                                             {                                                                                                            
                                                               "Node Type": "Seq Scan",                                                                                   
                                                               "Parent Relationship": "Outer",                                                                            
                                                               "Parallel Aware": false,                                                                                   
                                                               "Relation Name": "complete_cast",                                                                          
                                                               "Alias": "cc",                                                                                             
                                                               "Startup Cost": 0.00,                                                                                      
                                                               "Total Cost": 32.27,                                                                                       
                                                               "Plan Rows": 135086,                                                                                       
                                                               "Plan Width": 12,                                                                                          
                                                               "Actual Startup Time": 20.511,                                                                             
                                                               "Actual Total Time": 56.613,                                                                               
                                                               "Actual Rows": 135086,                                                                                     
                                                               "Actual Loops": 1,                                                                                         
                                                               "Shared Hit Blocks": 0,                                                                                    
                                                               "Shared Read Blocks": 731,                                                                                 
                                                               "Shared Dirtied Blocks": 0,                                                                                
                                                               "Shared Written Blocks": 0,                                                                                
                                                               "Local Hit Blocks": 0,                                                                                     
                                                               "Local Read Blocks": 0,                                                                                    
                                                               "Local Dirtied Blocks": 0,                                                                                 
                                                               "Local Written Blocks": 0,                                                                                 
                                                               "Temp Read Blocks": 0,                                                                                     
                                                               "Temp Written Blocks": 0                                                                                   
                                                             }                                                                                                            
                                                           ]                                                                                                              
                                                         }                                                                                                                
                                                       ]                                                                                                                  
                                                     },                                                                                                                   
                                                     {                                                                                                                    
                                                       "Node Type": "Hash",                                                                                               
                                                       "Parent Relationship": "Inner",                                                                                    
                                                       "Parallel Aware": false,                                                                                           
                                                       "Startup Cost": 0.03,                                                                                              
                                                       "Total Cost": 0.03,                                                                                                
                                                       "Plan Rows": 1,                                                                                                    
                                                       "Plan Width": 4,                                                                                                   
                                                       "Actual Startup Time": 0.006,                                                                                      
                                                       "Actual Total Time": 0.006,                                                                                        
                                                       "Actual Rows": 1,                                                                                                  
                                                       "Actual Loops": 1,                                                                                                 
                                                       "Hash Buckets": 1024,                                                                                              
                                                       "Original Hash Buckets": 1024,                                                                                     
                                                       "Hash Batches": 1,                                                                                                 
                                                       "Original Hash Batches": 1,                                                                                        
                                                       "Peak Memory Usage": 9,                                                                                            
                                                       "Shared Hit Blocks": 1,                                                                                            
                                                       "Shared Read Blocks": 0,                                                                                           
                                                       "Shared Dirtied Blocks": 0,                                                                                        
                                                       "Shared Written Blocks": 0,                                                                                        
                                                       "Local Hit Blocks": 0,                                                                                             
                                                       "Local Read Blocks": 0,                                                                                            
                                                       "Local Dirtied Blocks": 0,                                                                                         
                                                       "Local Written Blocks": 0,                                                                                         
                                                       "Temp Read Blocks": 0,                                                                                             
                                                       "Temp Written Blocks": 0,                                                                                          
                                                       "Plans": [                                                                                                         
                                                         {                                                                                                                
                                                           "Node Type": "Seq Scan",                                                                                       
                                                           "Parent Relationship": "Outer",                                                                                
                                                           "Parallel Aware": false,                                                                                       
                                                           "Relation Name": "comp_cast_type",                                                                             
                                                           "Alias": "cct",                                                                                               
                                                           "Startup Cost": 0.00,                                                                                          
                                                           "Total Cost": 0.03,                                                                                            
                                                           "Plan Rows": 1,                                                                                                
                                                           "Plan Width": 4,                                                                                               
                                                           "Actual Startup Time": 0.003,                                                                                  
                                                           "Actual Total Time": 0.004,                                                                                    
                                                           "Actual Rows": 1,                                                                                              
                                                           "Actual Loops": 1,                                                                                             
                                                           "Filter": "((kind)::text = 'completeverified'::text)",                                                        
                                                           "Rows Removed by Filter": 3,                                                                                   
                                                           "Shared Hit Blocks": 1,                                                                                        
                                                           "Shared Read Blocks": 0,                                                                                       
                                                           "Shared Dirtied Blocks": 0,                                                                                    
                                                           "Shared Written Blocks": 0,                                                                                    
                                                           "Local Hit Blocks": 0,                                                                                         
                                                           "Local Read Blocks": 0,                                                                                        
                                                           "Local Dirtied Blocks": 0,                                                                                     
                                                           "Local Written Blocks": 0,                                                                                     
                                                           "Temp Read Blocks": 0,                                                                                         
                                                           "Temp Written Blocks": 0                                                                                       
                                                         }                                                                                                                
                                                       ]                                                                                                                  
                                                     }                                                                                                                    
                                                   ]                                                                                                                      
                                                 },                                                                                                                       
                                                 {                                                                                                                        
                                                   "Node Type": "Hash",                                                                                                   
                                                   "Parent Relationship": "Inner",                                                                                        
                                                   "Parallel Aware": false,                                                                                               
                                                   "Startup Cost": 0.03,                                                                                                  
                                                   "Total Cost": 0.03,                                                                                                    
                                                   "Plan Rows": 1,                                                                                                        
                                                   "Plan Width": 4,                                                                                                       
                                                   "Actual Startup Time": 0.073,                                                                                          
                                                   "Actual Total Time": 0.073,                                                                                            
                                                   "Actual Rows": 1,                                                                                                      
                                                   "Actual Loops": 1,                                                                                                     
                                                   "Hash Buckets": 1024,                                                                                                  
                                                   "Original Hash Buckets": 1024,                                                                                         
                                                   "Hash Batches": 1,                                                                                                     
                                                   "Original Hash Batches": 1,                                                                                            
                                                   "Peak Memory Usage": 9,                                                                                                
                                                   "Shared Hit Blocks": 0,                                                                                                
                                                   "Shared Read Blocks": 1,                                                                                               
                                                   "Shared Dirtied Blocks": 0,                                                                                            
                                                   "Shared Written Blocks": 0,                                                                                            
                                                   "Local Hit Blocks": 0,                                                                                                 
                                                   "Local Read Blocks": 0,                                                                                                
                                                   "Local Dirtied Blocks": 0,                                                                                             
                                                   "Local Written Blocks": 0,                                                                                             
                                                   "Temp Read Blocks": 0,                                                                                                 
                                                   "Temp Written Blocks": 0,                                                                                              
                                                   "Plans": [                                                                                                             
                                                     {                                                                                                                    
                                                       "Node Type": "Seq Scan",                                                                                           
                                                       "Parent Relationship": "Outer",                                                                                    
                                                       "Parallel Aware": false,                                                                                           
                                                       "Relation Name": "comp_cast_type",                                                                                 
                                                       "Alias": "cct",                                                                                                   
                                                       "Startup Cost": 0.00,                                                                                              
                                                       "Total Cost": 0.03,                                                                                                
                                                       "Plan Rows": 1,                                                                                                    
                                                       "Plan Width": 4,                                                                                                   
                                                       "Actual Startup Time": 0.068,                                                                                      
                                                       "Actual Total Time": 0.069,                                                                                        
                                                       "Actual Rows": 1,                                                                                                  
                                                       "Actual Loops": 1,                                                                                                 
                                                       "Filter": "((kind)::text = 'cast'::text)",                                                                         
                                                       "Rows Removed by Filter": 3,                                                                                       
                                                       "Shared Hit Blocks": 0,                                                                                            
                                                       "Shared Read Blocks": 1,                                                                                           
                                                       "Shared Dirtied Blocks": 0,                                                                                        
                                                       "Shared Written Blocks": 0,                                                                                        
                                                       "Local Hit Blocks": 0,                                                                                             
                                                       "Local Read Blocks": 0,                                                                                            
                                                       "Local Dirtied Blocks": 0,                                                                                         
                                                       "Local Written Blocks": 0,                                                                                         
                                                       "Temp Read Blocks": 0,                                                                                             
                                                       "Temp Written Blocks": 0                                                                                           
                                                     }                                                                                                                    
                                                   ]                                                                                                                      
                                                 }                                                                                                                        
                                               ]                                                                                                                          
                                             },                                                                                                                           
                                             {                                                                                                                            
                                               "Node Type": "Hash",                                                                                                       
                                               "Parent Relationship": "Inner",                                                                                            
                                               "Parallel Aware": false,                                                                                                   
                                               "Startup Cost": 128.41,                                                                                                    
                                               "Total Cost": 128.41,                                                                                                      
                                               "Plan Rows": 84843,                                                                                                        
                                               "Plan Width": 4,                                                                                                           
                                               "Actual Startup Time": 145.405,                                                                                            
                                               "Actual Total Time": 145.405,                                                                                              
                                               "Actual Rows": 84843,                                                                                                      
                                               "Actual Loops": 1,                                                                                                         
                                               "Hash Buckets": 131072,                                                                                                    
                                               "Original Hash Buckets": 131072,                                                                                           
                                               "Hash Batches": 1,                                                                                                         
                                               "Original Hash Batches": 1,                                                                                                
                                               "Peak Memory Usage": 4007,                                                                                                 
                                               "Shared Hit Blocks": 0,                                                                                                    
                                               "Shared Read Blocks": 2994,                                                                                                
                                               "Shared Dirtied Blocks": 0,                                                                                                
                                               "Shared Written Blocks": 0,                                                                                                
                                               "Local Hit Blocks": 0,                                                                                                     
                                               "Local Read Blocks": 0,                                                                                                    
                                               "Local Dirtied Blocks": 0,                                                                                                 
                                               "Local Written Blocks": 0,                                                                                                 
                                               "Temp Read Blocks": 0,                                                                                                     
                                               "Temp Written Blocks": 0,                                                                                                  
                                               "Plans": [                                                                                                                 
                                                 {                                                                                                                        
                                                   "Node Type": "Seq Scan",                                                                                               
                                                   "Parent Relationship": "Outer",                                                                                        
                                                   "Parallel Aware": false,                                                                                               
                                                   "Relation Name": "company_name",                                                                                       
                                                   "Alias": "cn",                                                                                                         
                                                   "Startup Cost": 0.00,                                                                                                  
                                                   "Total Cost": 128.41,                                                                                                  
                                                   "Plan Rows": 84843,                                                                                                    
                                                   "Plan Width": 4,                                                                                                       
                                                   "Actual Startup Time": 10.067,                                                                                         
                                                   "Actual Total Time": 115.855,                                                                                          
                                                   "Actual Rows": 84843,                                                                                                  
                                                   "Actual Loops": 1,                                                                                                     
                                                   "Filter": "((country_code)::text = '[us]'::text)",                                                                     
                                                   "Rows Removed by Filter": 150154,                                                                                      
                                                   "Shared Hit Blocks": 0,                                                                                                
                                                   "Shared Read Blocks": 2994,                                                                                            
                                                   "Shared Dirtied Blocks": 0,                                                                                            
                                                   "Shared Written Blocks": 0,                                                                                            
                                                   "Local Hit Blocks": 0,                                                                                                 
                                                   "Local Read Blocks": 0,                                                                                                
                                                   "Local Dirtied Blocks": 0,                                                                                             
                                                   "Local Written Blocks": 0,                                                                                             
                                                   "Temp Read Blocks": 0,                                                                                                 
                                                   "Temp Written Blocks": 0                                                                                               
                                                 }                                                                                                                        
                                               ]                                                                                                                          
                                             }                                                                                                                            
                                           ]                                                                                                                              
                                         }                                                                                                                                
                                       ]                                                                                                                                  
                                     }                                                                                                                                    
                                   ]                                                                                                                                      
                                 },                                                                                                                                       
                                 {                                                                                                                                        
                                   "Node Type": "Hash",                                                                                                                   
                                   "Parent Relationship": "Inner",                                                                                                        
                                   "Parallel Aware": false,                                                                                                               
                                   "Startup Cost": 4730.66,                                                                                                               
                                   "Total Cost": 4730.66,                                                                                                                 
                                   "Plan Rows": 237,                                                                                                                      
                                   "Plan Width": 23,                                                                                                                      
                                   "Actual Startup Time": 5124.071,                                                                                                       
                                   "Actual Total Time": 5124.071,                                                                                                         
                                   "Actual Rows": 10064,                                                                                                                  
                                   "Actual Loops": 1,                                                                                                                     
                                   "Hash Buckets": 16384,                                                                                                                 
                                   "Original Hash Buckets": 1024,                                                                                                         
                                   "Hash Batches": 1,                                                                                                                     
                                   "Original Hash Batches": 1,                                                                                                            
                                   "Peak Memory Usage": 692,                                                                                                              
                                   "Shared Hit Blocks": 1,                                                                                                                
                                   "Shared Read Blocks": 106431,                                                                                                          
                                   "Shared Dirtied Blocks": 0,                                                                                                            
                                   "Shared Written Blocks": 0,                                                                                                            
                                   "Local Hit Blocks": 0,                                                                                                                 
                                   "Local Read Blocks": 0,                                                                                                                
                                   "Local Dirtied Blocks": 0,                                                                                                             
                                   "Local Written Blocks": 0,                                                                                                             
                                   "Temp Read Blocks": 0,                                                                                                                 
                                   "Temp Written Blocks": 0,                                                                                                              
                                   "Plans": [                                                                                                                             
                                     {                                                                                                                                    
                                       "Node Type": "Hash Join",                                                                                                          
                                       "Parent Relationship": "Outer",                                                                                                    
                                       "Parallel Aware": false,                                                                                                           
                                       "Join Type": "Inner",                                                                                                              
                                       "Startup Cost": 2685.27,                                                                                                           
                                       "Total Cost": 4730.66,                                                                                                             
                                       "Plan Rows": 237,                                                                                                                  
                                       "Plan Width": 23,                                                                                                                  
                                       "Actual Startup Time": 2687.563,                                                                                                   
                                       "Actual Total Time": 5118.165,                                                                                                     
                                       "Actual Rows": 10064,                                                                                                              
                                       "Actual Loops": 1,                                                                                                                 
                                       "Inner Unique": true,                                                                                                              
                                       "Hash Cond": "(pi.person_id = n.id)",                                                                                              
                                       "Shared Hit Blocks": 1,                                                                                                            
                                       "Shared Read Blocks": 106431,                                                                                                      
                                       "Shared Dirtied Blocks": 0,                                                                                                        
                                       "Shared Written Blocks": 0,                                                                                                        
                                       "Local Hit Blocks": 0,                                                                                                             
                                       "Local Read Blocks": 0,                                                                                                            
                                       "Local Dirtied Blocks": 0,                                                                                                         
                                       "Local Written Blocks": 0,                                                                                                         
                                       "Temp Read Blocks": 0,                                                                                                             
                                       "Temp Written Blocks": 0,                                                                                                          
                                       "Plans": [                                                                                                                         
                                         {                                                                                                                                
                                           "Node Type": "Hash Join",                                                                                                      
                                           "Parent Relationship": "Outer",                                                                                                
                                           "Parallel Aware": false,                                                                                                       
                                           "Join Type": "Inner",                                                                                                          
                                           "Startup Cost": 0.05,                                                                                                          
                                           "Total Cost": 2043.30,                                                                                                         
                                           "Plan Rows": 26227,                                                                                                            
                                           "Plan Width": 4,                                                                                                               
                                           "Actual Startup Time": 45.417,                                                                                                 
                                           "Actual Total Time": 2315.561,                                                                                                 
                                           "Actual Rows": 620526,                                                                                                         
                                           "Actual Loops": 1,                                                                                                             
                                           "Inner Unique": true,                                                                                                          
                                           "Hash Cond": "(pi.info_type_id = it.id)",                                                                                     
                                           "Shared Hit Blocks": 1,                                                                                                        
                                           "Shared Read Blocks": 50818,                                                                                                   
                                           "Shared Dirtied Blocks": 0,                                                                                                    
                                           "Shared Written Blocks": 0,                                                                                                    
                                           "Local Hit Blocks": 0,                                                                                                         
                                           "Local Read Blocks": 0,                                                                                                        
                                           "Local Dirtied Blocks": 0,                                                                                                     
                                           "Local Written Blocks": 0,                                                                                                     
                                           "Temp Read Blocks": 0,                                                                                                         
                                           "Temp Written Blocks": 0,                                                                                                      
                                           "Plans": [                                                                                                                     
                                             {                                                                                                                            
                                               "Node Type": "Seq Scan",                                                                                                   
                                               "Parent Relationship": "Outer",                                                                                            
                                               "Parallel Aware": false,                                                                                                   
                                               "Relation Name": "person_info",                                                                                            
                                               "Alias": "pi",                                                                                                             
                                               "Startup Cost": 0.00,                                                                                                      
                                               "Total Cost": 1798.92,                                                                                                     
                                               "Plan Rows": 2963664,                                                                                                      
                                               "Plan Width": 8,                                                                                                           
                                               "Actual Startup Time": 45.275,                                                                                             
                                               "Actual Total Time": 1444.535,                                                                                             
                                               "Actual Rows": 2963664,                                                                                                    
                                               "Actual Loops": 1,                                                                                                         
                                               "Shared Hit Blocks": 0,                                                                                                    
                                               "Shared Read Blocks": 50818,                                                                                               
                                               "Shared Dirtied Blocks": 0,                                                                                                
                                               "Shared Written Blocks": 0,                                                                                                
                                               "Local Hit Blocks": 0,                                                                                                     
                                               "Local Read Blocks": 0,                                                                                                    
                                               "Local Dirtied Blocks": 0,                                                                                                 
                                               "Local Written Blocks": 0,                                                                                                 
                                               "Temp Read Blocks": 0,                                                                                                     
                                               "Temp Written Blocks": 0                                                                                                   
                                             },                                                                                                                           
                                             {                                                                                                                            
                                               "Node Type": "Hash",                                                                                                       
                                               "Parent Relationship": "Inner",                                                                                            
                                               "Parallel Aware": false,                                                                                                   
                                               "Startup Cost": 0.05,                                                                                                      
                                               "Total Cost": 0.05,                                                                                                        
                                               "Plan Rows": 1,                                                                                                            
                                               "Plan Width": 4,                                                                                                           
                                               "Actual Startup Time": 0.086,                                                                                              
                                               "Actual Total Time": 0.086,                                                                                                
                                               "Actual Rows": 1,                                                                                                          
                                               "Actual Loops": 1,                                                                                                         
                                               "Hash Buckets": 1024,                                                                                                      
                                               "Original Hash Buckets": 1024,                                                                                             
                                               "Hash Batches": 1,                                                                                                         
                                               "Original Hash Batches": 1,                                                                                                
                                               "Peak Memory Usage": 9,                                                                                                    
                                               "Shared Hit Blocks": 1,                                                                                                    
                                               "Shared Read Blocks": 0,                                                                                                   
                                               "Shared Dirtied Blocks": 0,                                                                                                
                                               "Shared Written Blocks": 0,                                                                                                
                                               "Local Hit Blocks": 0,                                                                                                     
                                               "Local Read Blocks": 0,                                                                                                    
                                               "Local Dirtied Blocks": 0,                                                                                                 
                                               "Local Written Blocks": 0,                                                                                                 
                                               "Temp Read Blocks": 0,                                                                                                     
                                               "Temp Written Blocks": 0,                                                                                                  
                                               "Plans": [                                                                                                                 
                                                 {                                                                                                                        
                                                   "Node Type": "Seq Scan",                                                                                               
                                                   "Parent Relationship": "Outer",                                                                                        
                                                   "Parallel Aware": false,                                                                                               
                                                   "Relation Name": "info_type",                                                                                          
                                                   "Alias": "it",                                                                                                        
                                                   "Startup Cost": 0.00,                                                                                                  
                                                   "Total Cost": 0.05,                                                                                                    
                                                   "Plan Rows": 1,                                                                                                        
                                                   "Plan Width": 4,                                                                                                       
                                                   "Actual Startup Time": 0.030,                                                                                          
                                                   "Actual Total Time": 0.064,                                                                                            
                                                   "Actual Rows": 1,                                                                                                      
                                                   "Actual Loops": 1,                                                                                                     
                                                   "Filter": "((info)::text = 'trivia'::text)",                                                                           
                                                   "Rows Removed by Filter": 112,                                                                                         
                                                   "Shared Hit Blocks": 1,                                                                                                
                                                   "Shared Read Blocks": 0,                                                                                               
                                                   "Shared Dirtied Blocks": 0,                                                                                            
                                                   "Shared Written Blocks": 0,                                                                                            
                                                   "Local Hit Blocks": 0,                                                                                                 
                                                   "Local Read Blocks": 0,                                                                                                
                                                   "Local Dirtied Blocks": 0,                                                                                             
                                                   "Local Written Blocks": 0,                                                                                             
                                                   "Temp Read Blocks": 0,                                                                                                 
                                                   "Temp Written Blocks": 0                                                                                               
                                                 }                                                                                                                        
                                               ]                                                                                                                          
                                             }                                                                                                                            
                                           ]                                                                                                                              
                                         },                                                                                                                               
                                         {                                                                                                                                
                                           "Node Type": "Hash",                                                                                                           
                                           "Parent Relationship": "Inner",                                                                                                
                                           "Parallel Aware": false,                                                                                                       
                                           "Startup Cost": 2679.69,                                                                                                       
                                           "Total Cost": 2679.69,                                                                                                         
                                           "Plan Rows": 37708,                                                                                                            
                                           "Plan Width": 19,                                                                                                              
                                           "Actual Startup Time": 2638.202,                                                                                               
                                           "Actual Total Time": 2638.202,                                                                                                 
                                           "Actual Rows": 50011,                                                                                                          
                                           "Actual Loops": 1,                                                                                                             
                                           "Hash Buckets": 65536,                                                                                                         
                                           "Original Hash Buckets": 65536,                                                                                                
                                           "Hash Batches": 1,                                                                                                             
                                           "Original Hash Batches": 1,                                                                                                    
                                           "Peak Memory Usage": 3135,                                                                                                     
                                           "Shared Hit Blocks": 0,                                                                                                        
                                           "Shared Read Blocks": 55613,                                                                                                   
                                           "Shared Dirtied Blocks": 0,                                                                                                    
                                           "Shared Written Blocks": 0,                                                                                                    
                                           "Local Hit Blocks": 0,                                                                                                         
                                           "Local Read Blocks": 0,                                                                                                        
                                           "Local Dirtied Blocks": 0,                                                                                                     
                                           "Local Written Blocks": 0,                                                                                                     
                                           "Temp Read Blocks": 0,                                                                                                         
                                           "Temp Written Blocks": 0,                                                                                                      
                                           "Plans": [                                                                                                                     
                                             {                                                                                                                            
                                               "Node Type": "Seq Scan",                                                                                                   
                                               "Parent Relationship": "Outer",                                                                                            
                                               "Parallel Aware": false,                                                                                                   
                                               "Relation Name": "name",                                                                                                   
                                               "Alias": "n",                                                                                                              
                                               "Startup Cost": 0.00,                                                                                                      
                                               "Total Cost": 2679.69,                                                                                                     
                                               "Plan Rows": 37708,                                                                                                        
                                               "Plan Width": 19,                                                                                                          
                                               "Actual Startup Time": 1130.477,                                                                                           
                                               "Actual Total Time": 2610.643,                                                                                             
                                               "Actual Rows": 50011,                                                                                                      
                                               "Actual Loops": 1,                                                                                                         
                                               "Filter": "((name ~~ '%An%'::text) AND ((gender)::text = 'f'::text))",                                                     
                                               "Rows Removed by Filter": 4117480,                                                                                         
                                               "Shared Hit Blocks": 0,                                                                                                    
                                               "Shared Read Blocks": 55613,                                                                                               
                                               "Shared Dirtied Blocks": 0,                                                                                                
                                               "Shared Written Blocks": 0,                                                                                                
                                               "Local Hit Blocks": 0,                                                                                                     
                                               "Local Read Blocks": 0,                                                                                                    
                                               "Local Dirtied Blocks": 0,                                                                                                 
                                               "Local Written Blocks": 0,                                                                                                 
                                               "Temp Read Blocks": 0,                                                                                                     
                                               "Temp Written Blocks": 0                                                                                                   
                                             }                                                                                                                            
                                           ]                                                                                                                              
                                         }                                                                                                                                
                                       ]                                                                                                                                  
                                     }                                                                                                                                    
                                   ]                                                                                                                                      
                                 }                                                                                                                                        
                               ]                                                                                                                                          
                             },                                                                                                                                           
                             {                                                                                                                                            
                               "Node Type": "Hash",                                                                                                                       
                               "Parent Relationship": "Inner",                                                                                                            
                               "Parallel Aware": false,                                                                                                                   
                               "Startup Cost": 0.03,                                                                                                                      
                               "Total Cost": 0.03,                                                                                                                        
                               "Plan Rows": 1,                                                                                                                            
                               "Plan Width": 4,                                                                                                                           
                               "Actual Startup Time": 20.607,                                                                                                             
                               "Actual Total Time": 20.607,                                                                                                               
                               "Actual Rows": 1,                                                                                                                          
                               "Actual Loops": 1,                                                                                                                         
                               "Hash Buckets": 1024,                                                                                                                      
                               "Original Hash Buckets": 1024,                                                                                                             
                               "Hash Batches": 1,                                                                                                                         
                               "Original Hash Batches": 1,                                                                                                                
                               "Peak Memory Usage": 9,                                                                                                                    
                               "Shared Hit Blocks": 0,                                                                                                                    
                               "Shared Read Blocks": 1,                                                                                                                   
                               "Shared Dirtied Blocks": 0,                                                                                                                
                               "Shared Written Blocks": 0,                                                                                                                
                               "Local Hit Blocks": 0,                                                                                                                     
                               "Local Read Blocks": 0,                                                                                                                    
                               "Local Dirtied Blocks": 0,                                                                                                                 
                               "Local Written Blocks": 0,                                                                                                                 
                               "Temp Read Blocks": 0,                                                                                                                     
                               "Temp Written Blocks": 0,                                                                                                                  
                               "Plans": [                                                                                                                                 
                                 {                                                                                                                                        
                                   "Node Type": "Seq Scan",                                                                                                               
                                   "Parent Relationship": "Outer",                                                                                                        
                                   "Parallel Aware": false,                                                                                                               
                                   "Relation Name": "role_type",                                                                                                          
                                   "Alias": "rt",                                                                                                                         
                                   "Startup Cost": 0.00,                                                                                                                  
                                   "Total Cost": 0.03,                                                                                                                    
                                   "Plan Rows": 1,                                                                                                                        
                                   "Plan Width": 4,                                                                                                                       
                                   "Actual Startup Time": 20.582,                                                                                                         
                                   "Actual Total Time": 20.589,                                                                                                           
                                   "Actual Rows": 1,                                                                                                                      
                                   "Actual Loops": 1,                                                                                                                     
                                   "Filter": "((role)::text = 'actress'::text)",                                                                                          
                                   "Rows Removed by Filter": 11,                                                                                                          
                                   "Shared Hit Blocks": 0,                                                                                                                
                                   "Shared Read Blocks": 1,                                                                                                               
                                   "Shared Dirtied Blocks": 0,                                                                                                            
                                   "Shared Written Blocks": 0,                                                                                                            
                                   "Local Hit Blocks": 0,                                                                                                                 
                                   "Local Read Blocks": 0,                                                                                                                
                                   "Local Dirtied Blocks": 0,                                                                                                             
                                   "Local Written Blocks": 0,                                                                                                             
                                   "Temp Read Blocks": 0,                                                                                                                 
                                   "Temp Written Blocks": 0                                                                                                               
                                 }                                                                                                                                        
                               ]                                                                                                                                          
                             }                                                                                                                                            
                           ]                                                                                                                                              
                         },                                                                                                                                               
                         {                                                                                                                                                
                           "Node Type": "Hash",                                                                                                                           
                           "Parent Relationship": "Inner",                                                                                                                
                           "Parallel Aware": false,                                                                                                                       
                           "Startup Cost": 1360.36,                                                                                                                       
                           "Total Cost": 1360.36,                                                                                                                         
                           "Plan Rows": 3140339,                                                                                                                          
                           "Plan Width": 20,                                                                                                                              
                           "Actual Startup Time": 1746.030,                                                                                                               
                           "Actual Total Time": 1746.030,                                                                                                                 
                           "Actual Rows": 3140339,                                                                                                                        
                           "Actual Loops": 1,                                                                                                                             
                           "Hash Buckets": 4194304,                                                                                                                       
                           "Original Hash Buckets": 4194304,                                                                                                              
                           "Hash Batches": 1,                                                                                                                             
                           "Original Hash Batches": 1,                                                                                                                    
                           "Peak Memory Usage": 198030,                                                                                                                   
                           "Shared Hit Blocks": 0,                                                                                                                        
                           "Shared Read Blocks": 36447,                                                                                                                   
                           "Shared Dirtied Blocks": 0,                                                                                                                    
                           "Shared Written Blocks": 0,                                                                                                                    
                           "Local Hit Blocks": 0,                                                                                                                         
                           "Local Read Blocks": 0,                                                                                                                        
                           "Local Dirtied Blocks": 0,                                                                                                                     
                           "Local Written Blocks": 0,                                                                                                                     
                           "Temp Read Blocks": 0,                                                                                                                         
                           "Temp Written Blocks": 0,                                                                                                                      
                           "Plans": [                                                                                                                                     
                             {                                                                                                                                            
                               "Node Type": "Seq Scan",                                                                                                                   
                               "Parent Relationship": "Outer",                                                                                                            
                               "Parallel Aware": false,                                                                                                                   
                               "Relation Name": "char_name",                                                                                                              
                               "Alias": "chn",                                                                                                                            
                               "Startup Cost": 0.00,                                                                                                                      
                               "Total Cost": 1360.36,                                                                                                                     
                               "Plan Rows": 3140339,                                                                                                                      
                               "Plan Width": 20,                                                                                                                          
                               "Actual Startup Time": 26.519,                                                                                                             
                               "Actual Total Time": 760.721,                                                                                                              
                               "Actual Rows": 3140339,                                                                                                                    
                               "Actual Loops": 1,                                                                                                                         
                               "Shared Hit Blocks": 0,                                                                                                                    
                               "Shared Read Blocks": 36447,                                                                                                               
                               "Shared Dirtied Blocks": 0,                                                                                                                
                               "Shared Written Blocks": 0,                                                                                                                
                               "Local Hit Blocks": 0,                                                                                                                     
                               "Local Read Blocks": 0,                                                                                                                    
                               "Local Dirtied Blocks": 0,                                                                                                                 
                               "Local Written Blocks": 0,                                                                                                                 
                               "Temp Read Blocks": 0,                                                                                                                     
                               "Temp Written Blocks": 0                                                                                                                   
                             }                                                                                                                                            
                           ]                                                                                                                                              
                         }                                                                                                                                                
                       ]                                                                                                                                                  
                     },                                                                                                                                                   
                     {                                                                                                                                                    
                       "Node Type": "Hash",                                                                                                                               
                       "Parent Relationship": "Inner",                                                                                                                    
                       "Parallel Aware": false,                                                                                                                           
                       "Startup Cost": 8407.52,                                                                                                                           
                       "Total Cost": 8407.52,                                                                                                                             
                       "Plan Rows": 448472,                                                                                                                               
                       "Plan Width": 8,                                                                                                                                   
                       "Actual Startup Time": 9122.891,                                                                                                                   
                       "Actual Total Time": 9122.891,                                                                                                                     
                       "Actual Rows": 451104,                                                                                                                             
                       "Actual Loops": 1,                                                                                                                                 
                       "Hash Buckets": 524288,                                                                                                                            
                       "Original Hash Buckets": 524288,                                                                                                                   
                       "Hash Batches": 1,                                                                                                                                 
                       "Original Hash Batches": 1,                                                                                                                        
                       "Peak Memory Usage": 21718,                                                                                                                        
                       "Shared Hit Blocks": 6670,                                                                                                                         
                       "Shared Read Blocks": 162313,                                                                                                                      
                       "Shared Dirtied Blocks": 0,                                                                                                                        
                       "Shared Written Blocks": 0,                                                                                                                        
                       "Local Hit Blocks": 0,                                                                                                                             
                       "Local Read Blocks": 0,                                                                                                                            
                       "Local Dirtied Blocks": 0,                                                                                                                         
                       "Local Written Blocks": 0,                                                                                                                         
                       "Temp Read Blocks": 0,                                                                                                                             
                       "Temp Written Blocks": 0,                                                                                                                          
                       "Plans": [                                                                                                                                         
                         {                                                                                                                                                
                           "Node Type": "Seq Scan",                                                                                                                       
                           "Parent Relationship": "Outer",                                                                                                                
                           "Parallel Aware": false,                                                                                                                       
                           "Relation Name": "movie_info",                                                                                                                 
                           "Alias": "mi",                                                                                                                                 
                           "Startup Cost": 0.00,                                                                                                                          
                           "Total Cost": 8407.52,                                                                                                                         
                           "Plan Rows": 448472,                                                                                                                           
                           "Plan Width": 8,                                                                                                                               
                           "Actual Startup Time": 808.735,                                                                                                                
                           "Actual Total Time": 8974.755,                                                                                                                 
                           "Actual Rows": 451104,                                                                                                                         
                           "Actual Loops": 1,                                                                                                                             
                           "Filter": "((info IS NOT NULL) AND ((info ~~ 'Japan:%200%'::text) OR (info ~~ 'USA:%200%'::text)))",                                           
                           "Rows Removed by Filter": 14384616,                                                                                                            
                           "Shared Hit Blocks": 6670,                                                                                                                     
                           "Shared Read Blocks": 162313,                                                                                                                  
                           "Shared Dirtied Blocks": 0,                                                                                                                    
                           "Shared Written Blocks": 0,                                                                                                                    
                           "Local Hit Blocks": 0,                                                                                                                         
                           "Local Read Blocks": 0,                                                                                                                        
                           "Local Dirtied Blocks": 0,                                                                                                                     
                           "Local Written Blocks": 0,                                                                                                                     
                           "Temp Read Blocks": 0,                                                                                                                         
                           "Temp Written Blocks": 0                                                                                                                       
                         }                                                                                                                                                
                       ]                                                                                                                                                  
                     }                                                                                                                                                    
                   ]                                                                                                                                                      
                 },                                                                                                                                                       
                 {                                                                                                                                                        
                   "Node Type": "Hash",                                                                                                                                   
                   "Parent Relationship": "Inner",                                                                                                                        
                   "Parallel Aware": false,                                                                                                                               
                   "Startup Cost": 0.05,                                                                                                                                  
                   "Total Cost": 0.05,                                                                                                                                    
                   "Plan Rows": 1,                                                                                                                                        
                   "Plan Width": 4,                                                                                                                                       
                   "Actual Startup Time": 18.811,                                                                                                                         
                   "Actual Total Time": 18.811,                                                                                                                           
                   "Actual Rows": 1,                                                                                                                                      
                   "Actual Loops": 1,                                                                                                                                     
                   "Hash Buckets": 1024,                                                                                                                                  
                   "Original Hash Buckets": 1024,                                                                                                                         
                   "Hash Batches": 1,                                                                                                                                     
                   "Original Hash Batches": 1,                                                                                                                            
                   "Peak Memory Usage": 9,                                                                                                                                
                   "Shared Hit Blocks": 0,                                                                                                                                
                   "Shared Read Blocks": 1,                                                                                                                               
                   "Shared Dirtied Blocks": 0,                                                                                                                            
                   "Shared Written Blocks": 0,                                                                                                                            
                   "Local Hit Blocks": 0,                                                                                                                                 
                   "Local Read Blocks": 0,                                                                                                                                
                   "Local Dirtied Blocks": 0,                                                                                                                             
                   "Local Written Blocks": 0,                                                                                                                             
                   "Temp Read Blocks": 0,                                                                                                                                 
                   "Temp Written Blocks": 0,                                                                                                                              
                   "Plans": [                                                                                                                                             
                     {                                                                                                                                                    
                       "Node Type": "Seq Scan",                                                                                                                           
                       "Parent Relationship": "Outer",                                                                                                                    
                       "Parallel Aware": false,                                                                                                                           
                       "Relation Name": "info_type",                                                                                                                      
                       "Alias": "it",                                                                                                                                     
                       "Startup Cost": 0.00,                                                                                                                              
                       "Total Cost": 0.05,                                                                                                                                
                       "Plan Rows": 1,                                                                                                                                    
                       "Plan Width": 4,                                                                                                                                   
                       "Actual Startup Time": 18.761,                                                                                                                     
                       "Actual Total Time": 18.796,                                                                                                                       
                       "Actual Rows": 1,                                                                                                                                  
                       "Actual Loops": 1,                                                                                                                                 
                       "Filter": "((info)::text = 'release dates'::text)",                                                                                                
                       "Rows Removed by Filter": 112,                                                                                                                     
                       "Shared Hit Blocks": 0,                                                                                                                            
                       "Shared Read Blocks": 1,                                                                                                                           
                       "Shared Dirtied Blocks": 0,                                                                                                                        
                       "Shared Written Blocks": 0,                                                                                                                        
                       "Local Hit Blocks": 0,                                                                                                                             
                       "Local Read Blocks": 0,                                                                                                                            
                       "Local Dirtied Blocks": 0,                                                                                                                         
                       "Local Written Blocks": 0,                                                                                                                         
                       "Temp Read Blocks": 0,                                                                                                                             
                       "Temp Written Blocks": 0                                                                                                                           
                     }                                                                                                                                                    
                   ]                                                                                                                                                      
                 }                                                                                                                                                        
               ]                                                                                                                                                          
             },                                                                                                                                                           
             {                                                                                                                                                            
               "Node Type": "Hash",                                                                                                                                       
               "Parent Relationship": "Inner",                                                                                                                            
               "Parallel Aware": false,                                                                                                                                   
               "Startup Cost": 419.75,                                                                                                                                    
               "Total Cost": 419.75,                                                                                                                                      
               "Plan Rows": 901343,                                                                                                                                       
               "Plan Width": 4,                                                                                                                                           
               "Actual Startup Time": 572.495,                                                                                                                            
               "Actual Total Time": 572.495,                                                                                                                              
               "Actual Rows": 901343,                                                                                                                                     
               "Actual Loops": 1,                                                                                                                                         
               "Hash Buckets": 1048576,                                                                                                                                   
               "Original Hash Buckets": 1048576,                                                                                                                          
               "Hash Batches": 1,                                                                                                                                         
               "Original Hash Batches": 1,                                                                                                                                
               "Peak Memory Usage": 39880,                                                                                                                                
               "Shared Hit Blocks": 0,                                                                                                                                    
               "Shared Read Blocks": 11395,                                                                                                                               
               "Shared Dirtied Blocks": 0,                                                                                                                                
               "Shared Written Blocks": 0,                                                                                                                                
               "Local Hit Blocks": 0,                                                                                                                                     
               "Local Read Blocks": 0,                                                                                                                                    
               "Local Dirtied Blocks": 0,                                                                                                                                 
               "Local Written Blocks": 0,                                                                                                                                 
               "Temp Read Blocks": 0,                                                                                                                                     
               "Temp Written Blocks": 0,                                                                                                                                  
               "Plans": [                                                                                                                                                 
                 {                                                                                                                                                        
                   "Node Type": "Seq Scan",                                                                                                                               
                   "Parent Relationship": "Outer",                                                                                                                        
                   "Parallel Aware": false,                                                                                                                               
                   "Relation Name": "aka_name",                                                                                                                           
                   "Alias": "an",                                                                                                                                         
                   "Startup Cost": 0.00,                                                                                                                                  
                   "Total Cost": 419.75,                                                                                                                                  
                   "Plan Rows": 901343,                                                                                                                                   
                   "Plan Width": 4,                                                                                                                                       
                   "Actual Startup Time": 13.966,                                                                                                                         
                   "Actual Total Time": 311.117,                                                                                                                          
                   "Actual Rows": 901343,                                                                                                                                 
                   "Actual Loops": 1,                                                                                                                                     
                   "Shared Hit Blocks": 0,                                                                                                                                
                   "Shared Read Blocks": 11395,                                                                                                                           
                   "Shared Dirtied Blocks": 0,                                                                                                                            
                   "Shared Written Blocks": 0,                                                                                                                            
                   "Local Hit Blocks": 0,                                                                                                                                 
                   "Local Read Blocks": 0,                                                                                                                                
                   "Local Dirtied Blocks": 0,                                                                                                                             
                   "Local Written Blocks": 0,                                                                                                                             
                   "Temp Read Blocks": 0,                                                                                                                                 
                   "Temp Written Blocks": 0                                                                                                                               
                 }                                                                                                                                                        
               ]                                                                                                                                                          
             }                                                                                                                                                            
           ]                                                                                                                                                              
         }                                                                                                                                                                
       ]                                                                                                                                                                  
     },                                                                                                                                                                   
     "Planning Time": 18919.216,                                                                                                                                          
     "Triggers": [                                                                                                                                                        
     ],                                                                                                                                                                   
     "Execution Time": 33020.007                                                                                                                                          
   }                                                                                                                                                                      
 ]
