 [                                                                                     
   {                                                                                   
     "Plan": {                                                                         
       "Node Type": "Aggregate",                                                       
       "Strategy": "Plain",                                                            
       "Partial Mode": "Simple",                                                       
       "Parallel Aware": false,                                                        
       "Startup Cost": 4224.75,                                                        
       "Total Cost": 4224.75,                                                          
       "Plan Rows": 1,                                                                 
       "Plan Width": 32,                                                               
       "Actual Startup Time": 4354.802,                                                
       "Actual Total Time": 4354.802,                                                  
       "Actual Rows": 1,                                                               
       "Actual Loops": 1,                                                              
       "Shared Hit Blocks": 3,                                                         
       "Shared Read Blocks": 83184,                                                    
       "Shared Dirtied Blocks": 0,                                                     
       "Shared Written Blocks": 0,                                                     
       "Local Hit Blocks": 0,                                                          
       "Local Read Blocks": 0,                                                         
       "Local Dirtied Blocks": 0,                                                      
       "Local Written Blocks": 0,                                                      
       "Temp Read Blocks": 0,                                                          
       "Temp Written Blocks": 0,                                                       
       "Plans": [                                                                      
         {                                                                             
           "Node Type": "Hash Join",                                                   
           "Parent Relationship": "Outer",                                             
           "Parallel Aware": false,                                                    
           "Join Type": "Inner",                                                       
           "Startup Cost": 2626.34,                                                    
           "Total Cost": 4224.75,                                                      
           "Plan Rows": 8,                                                             
           "Plan Width": 17,                                                           
           "Actual Startup Time": 2624.221,                                            
           "Actual Total Time": 4336.894,                                              
           "Actual Rows": 7834,                                                        
           "Actual Loops": 1,                                                          
           "Inner Unique": false,                                                      
           "Hash Cond": "(t.id = mc.movie_id)",                                        
           "Shared Hit Blocks": 3,                                                     
           "Shared Read Blocks": 83184,                                                
           "Shared Dirtied Blocks": 0,                                                 
           "Shared Written Blocks": 0,                                                 
           "Local Hit Blocks": 0,                                                      
           "Local Read Blocks": 0,                                                     
           "Local Dirtied Blocks": 0,                                                  
           "Local Written Blocks": 0,                                                  
           "Temp Read Blocks": 0,                                                      
           "Temp Written Blocks": 0,                                                   
           "Plans": [                                                                  
             {                                                                         
               "Node Type": "Seq Scan",                                                
               "Parent Relationship": "Outer",                                         
               "Parallel Aware": false,                                                
               "Relation Name": "title",                                               
               "Alias": "t",                                                           
               "Startup Cost": 0.00,                                                   
               "Total Cost": 1303.96,                                                  
               "Plan Rows": 2528312,                                                   
               "Plan Width": 21,                                                       
               "Actual Startup Time": 21.629,                                          
               "Actual Total Time": 1102.500,                                          
               "Actual Rows": 2528312,                                                 
               "Actual Loops": 1,                                                      
               "Shared Hit Blocks": 0,                                                 
               "Shared Read Blocks": 35998,                                            
               "Shared Dirtied Blocks": 0,                                             
               "Shared Written Blocks": 0,                                             
               "Local Hit Blocks": 0,                                                  
               "Local Read Blocks": 0,                                                 
               "Local Dirtied Blocks": 0,                                              
               "Local Written Blocks": 0,                                              
               "Temp Read Blocks": 0,                                                  
               "Temp Written Blocks": 0                                                
             },                                                                        
             {                                                                         
               "Node Type": "Hash",                                                    
               "Parent Relationship": "Inner",                                         
               "Parallel Aware": false,                                                
               "Startup Cost": 2626.34,                                                
               "Total Cost": 2626.34,                                                  
               "Plan Rows": 8,                                                         
               "Plan Width": 8,                                                        
               "Actual Startup Time": 2582.026,                                        
               "Actual Total Time": 2582.026,                                          
               "Actual Rows": 7834,                                                    
               "Actual Loops": 1,                                                      
               "Hash Buckets": 8192,                                                   
               "Original Hash Buckets": 1024,                                          
               "Hash Batches": 1,                                                      
               "Original Hash Batches": 1,                                             
               "Peak Memory Usage": 371,                                               
               "Shared Hit Blocks": 0,                                                 
               "Shared Read Blocks": 47186,                                            
               "Shared Dirtied Blocks": 0,                                             
               "Shared Written Blocks": 0,                                             
               "Local Hit Blocks": 0,                                                  
               "Local Read Blocks": 0,                                                 
               "Local Dirtied Blocks": 0,                                              
               "Local Written Blocks": 0,                                              
               "Temp Read Blocks": 0,                                                  
               "Temp Written Blocks": 0,                                               
               "Plans": [                                                              
                 {                                                                     
                   "Node Type": "Hash Join",                                           
                   "Parent Relationship": "Outer",                                     
                   "Parallel Aware": false,                                            
                   "Join Type": "Inner",                                               
                   "Startup Cost": 1177.69,                                            
                   "Total Cost": 2626.34,                                              
                   "Plan Rows": 8,                                                     
                   "Plan Width": 8,                                                    
                   "Actual Startup Time": 1174.227,                                    
                   "Actual Total Time": 2579.536,                                      
                   "Actual Rows": 7834,                                                
                   "Actual Loops": 1,                                                  
                   "Inner Unique": false,                                              
                   "Hash Cond": "(mk.movie_id = mc.movie_id)",                         
                   "Shared Hit Blocks": 0,                                             
                   "Shared Read Blocks": 47186,                                        
                   "Shared Dirtied Blocks": 0,                                         
                   "Shared Written Blocks": 0,                                         
                   "Local Hit Blocks": 0,                                              
                   "Local Read Blocks": 0,                                             
                   "Local Dirtied Blocks": 0,                                          
                   "Local Written Blocks": 0,                                          
                   "Temp Read Blocks": 0,                                              
                   "Temp Written Blocks": 0,                                           
                   "Plans": [                                                          
                     {                                                                 
                       "Node Type": "Hash Join",                                       
                       "Parent Relationship": "Outer",                                 
                       "Parallel Aware": false,                                        
                       "Join Type": "Inner",                                           
                       "Startup Cost": 49.46,                                          
                       "Total Cost": 1498.10,                                          
                       "Plan Rows": 34,                                                
                       "Plan Width": 4,                                                
                       "Actual Startup Time": 95.768,                                  
                       "Actual Total Time": 1500.729,                                  
                       "Actual Rows": 41840,                                           
                       "Actual Loops": 1,                                              
                       "Inner Unique": true,                                           
                       "Hash Cond": "(mk.keyword_id = k.id)",                          
                       "Shared Hit Blocks": 0,                                         
                       "Shared Read Blocks": 25403,                                    
                       "Shared Dirtied Blocks": 0,                                     
                       "Shared Written Blocks": 0,                                     
                       "Local Hit Blocks": 0,                                          
                       "Local Read Blocks": 0,                                         
                       "Local Dirtied Blocks": 0,                                      
                       "Local Written Blocks": 0,                                      
                       "Temp Read Blocks": 0,                                          
                       "Temp Written Blocks": 0,                                       
                       "Plans": [                                                      
                         {                                                             
                           "Node Type": "Seq Scan",                                    
                           "Parent Relationship": "Outer",                             
                           "Parallel Aware": false,                                    
                           "Relation Name": "movie_keyword",                           
                           "Alias": "mk",                                              
                           "Startup Cost": 0.00,                                       
                           "Total Cost": 1079.84,                                      
                           "Plan Rows": 4523930,                                       
                           "Plan Width": 8,                                            
                           "Actual Startup Time": 4.303,                               
                           "Actual Total Time": 777.228,                               
                           "Actual Rows": 4523930,                                     
                           "Actual Loops": 1,                                          
                           "Shared Hit Blocks": 0,                                     
                           "Shared Read Blocks": 24454,                                
                           "Shared Dirtied Blocks": 0,                                 
                           "Shared Written Blocks": 0,                                 
                           "Local Hit Blocks": 0,                                      
                           "Local Read Blocks": 0,                                     
                           "Local Dirtied Blocks": 0,                                  
                           "Local Written Blocks": 0,                                  
                           "Temp Read Blocks": 0,                                      
                           "Temp Written Blocks": 0                                    
                         },                                                            
                         {                                                             
                           "Node Type": "Hash",                                        
                           "Parent Relationship": "Inner",                             
                           "Parallel Aware": false,                                    
                           "Startup Cost": 49.46,                                      
                           "Total Cost": 49.46,                                        
                           "Plan Rows": 1,                                             
                           "Plan Width": 4,                                            
                           "Actual Startup Time": 91.379,                              
                           "Actual Total Time": 91.379,                                
                           "Actual Rows": 1,                                           
                           "Actual Loops": 1,                                          
                           "Hash Buckets": 1024,                                       
                           "Original Hash Buckets": 1024,                              
                           "Hash Batches": 1,                                          
                           "Original Hash Batches": 1,                                 
                           "Peak Memory Usage": 9,                                     
                           "Shared Hit Blocks": 0,                                     
                           "Shared Read Blocks": 949,                                  
                           "Shared Dirtied Blocks": 0,                                 
                           "Shared Written Blocks": 0,                                 
                           "Local Hit Blocks": 0,                                      
                           "Local Read Blocks": 0,                                     
                           "Local Dirtied Blocks": 0,                                  
                           "Local Written Blocks": 0,                                  
                           "Temp Read Blocks": 0,                                      
                           "Temp Written Blocks": 0,                                   
                           "Plans": [                                                  
                             {                                                         
                               "Node Type": "Seq Scan",                                
                               "Parent Relationship": "Outer",                         
                               "Parallel Aware": false,                                
                               "Relation Name": "keyword",                             
                               "Alias": "k",                                           
                               "Startup Cost": 0.00,                                   
                               "Total Cost": 49.46,                                    
                               "Plan Rows": 1,                                         
                               "Plan Width": 4,                                        
                               "Actual Startup Time": 30.823,                          
                               "Actual Total Time": 91.370,                            
                               "Actual Rows": 1,                                       
                               "Actual Loops": 1,                                      
                               "Filter": "(keyword = 'character-name-in-title'::text)",
                               "Rows Removed by Filter": 134169,                       
                               "Shared Hit Blocks": 0,                                 
                               "Shared Read Blocks": 949,                              
                               "Shared Dirtied Blocks": 0,                             
                               "Shared Written Blocks": 0,                             
                               "Local Hit Blocks": 0,                                  
                               "Local Read Blocks": 0,                                 
                               "Local Dirtied Blocks": 0,                              
                               "Local Written Blocks": 0,                              
                               "Temp Read Blocks": 0,                                  
                               "Temp Written Blocks": 0                                
                             }                                                         
                           ]                                                           
                         }                                                             
                       ]                                                               
                     },                                                                
                     {                                                                 
                       "Node Type": "Hash",                                            
                       "Parent Relationship": "Inner",                                 
                       "Parallel Aware": false,                                        
                       "Startup Cost": 1112.30,                                        
                       "Total Cost": 1112.30,                                          
                       "Plan Rows": 108530,                                            
                       "Plan Width": 4,                                                
                       "Actual Startup Time": 1064.310,                                
                       "Actual Total Time": 1064.310,                                  
                       "Actual Rows": 148132,                                          
                       "Actual Loops": 1,                                              
                       "Hash Buckets": 262144,                                         
                       "Original Hash Buckets": 131072,                                
                       "Hash Batches": 1,                                              
                       "Original Hash Batches": 1,                                     
                       "Peak Memory Usage": 7256,                                      
                       "Shared Hit Blocks": 0,                                         
                       "Shared Read Blocks": 21783,                                    
                       "Shared Dirtied Blocks": 0,                                     
                       "Shared Written Blocks": 0,                                     
                       "Local Hit Blocks": 0,                                          
                       "Local Read Blocks": 0,                                         
                       "Local Dirtied Blocks": 0,                                      
                       "Local Written Blocks": 0,                                      
                       "Temp Read Blocks": 0,                                          
                       "Temp Written Blocks": 0,                                       
                       "Plans": [                                                      
                         {                                                             
                           "Node Type": "Hash Join",                                   
                           "Parent Relationship": "Outer",                             
                           "Parallel Aware": false,                                    
                           "Join Type": "Inner",                                       
                           "Startup Cost": 129.84,                                     
                           "Total Cost": 1112.30,                                      
                           "Plan Rows": 108530,                                        
                           "Plan Width": 4,                                            
                           "Actual Startup Time": 163.628,                             
                           "Actual Total Time": 1017.261,                              
                           "Actual Rows": 148132,                                      
                           "Actual Loops": 1,                                          
                           "Inner Unique": true,                                       
                           "Hash Cond": "(mc.company_id = cn.id)",                     
                           "Shared Hit Blocks": 0,                                     
                           "Shared Read Blocks": 21783,                                
                           "Shared Dirtied Blocks": 0,                                 
                           "Shared Written Blocks": 0,                                 
                           "Local Hit Blocks": 0,                                      
                           "Local Read Blocks": 0,                                     
                           "Local Dirtied Blocks": 0,                                  
                           "Local Written Blocks": 0,                                  
                           "Temp Read Blocks": 0,                                      
                           "Temp Written Blocks": 0,                                   
                           "Plans": [                                                  
                             {                                                         
                               "Node Type": "Seq Scan",                                
                               "Parent Relationship": "Outer",                         
                               "Parallel Aware": false,                                
                               "Relation Name": "movie_companies",                     
                               "Alias": "mc",                                          
                               "Startup Cost": 0.00,                                   
                               "Total Cost": 769.75,                                   
                               "Plan Rows": 2609129,                                   
                               "Plan Width": 8,                                        
                               "Actual Startup Time": 25.220,                          
                               "Actual Total Time": 422.862,                           
                               "Actual Rows": 2609129,                                 
                               "Actual Loops": 1,                                      
                               "Shared Hit Blocks": 0,                                 
                               "Shared Read Blocks": 18789,                            
                               "Shared Dirtied Blocks": 0,                             
                               "Shared Written Blocks": 0,                             
                               "Local Hit Blocks": 0,                                  
                               "Local Read Blocks": 0,                                 
                               "Local Dirtied Blocks": 0,                              
                               "Local Written Blocks": 0,                              
                               "Temp Read Blocks": 0,                                  
                               "Temp Written Blocks": 0                                
                             },                                                        
                             {                                                         
                               "Node Type": "Hash",                                    
                               "Parent Relationship": "Inner",                         
                               "Parallel Aware": false,                                
                               "Startup Cost": 128.41,                                 
                               "Total Cost": 128.41,                                   
                               "Plan Rows": 9775,                                      
                               "Plan Width": 4,                                        
                               "Actual Startup Time": 138.239,                         
                               "Actual Total Time": 138.239,                           
                               "Actual Rows": 9775,                                    
                               "Actual Loops": 1,                                      
                               "Hash Buckets": 16384,                                  
                               "Original Hash Buckets": 16384,                         
                               "Hash Batches": 1,                                      
                               "Original Hash Batches": 1,                             
                               "Peak Memory Usage": 472,                               
                               "Shared Hit Blocks": 0,                                 
                               "Shared Read Blocks": 2994,                             
                               "Shared Dirtied Blocks": 0,                             
                               "Shared Written Blocks": 0,                             
                               "Local Hit Blocks": 0,                                  
                               "Local Read Blocks": 0,                                 
                               "Local Dirtied Blocks": 0,                              
                               "Local Written Blocks": 0,                              
                               "Temp Read Blocks": 0,                                  
                               "Temp Written Blocks": 0,                               
                               "Plans": [                                              
                                 {                                                     
                                   "Node Type": "Seq Scan",                            
                                   "Parent Relationship": "Outer",                     
                                   "Parallel Aware": false,                            
                                   "Relation Name": "company_name",                    
                                   "Alias": "cn",                                      
                                   "Startup Cost": 0.00,                               
                                   "Total Cost": 128.41,                               
                                   "Plan Rows": 9775,                                  
                                   "Plan Width": 4,                                    
                                   "Actual Startup Time": 3.131,                       
                                   "Actual Total Time": 132.948,                       
                                   "Actual Rows": 9775,                                
                                   "Actual Loops": 1,                                  
                                   "Filter": "((country_code)::text = '[de]'::text)",  
                                   "Rows Removed by Filter": 225222,                   
                                   "Shared Hit Blocks": 0,                             
                                   "Shared Read Blocks": 2994,                         
                                   "Shared Dirtied Blocks": 0,                         
                                   "Shared Written Blocks": 0,                         
                                   "Local Hit Blocks": 0,                              
                                   "Local Read Blocks": 0,                             
                                   "Local Dirtied Blocks": 0,                          
                                   "Local Written Blocks": 0,                          
                                   "Temp Read Blocks": 0,                              
                                   "Temp Written Blocks": 0                            
                                 }                                                     
                               ]                                                       
                             }                                                         
                           ]                                                           
                         }                                                             
                       ]                                                               
                     }                                                                 
                   ]                                                                   
                 }                                                                     
               ]                                                                       
             }                                                                         
           ]                                                                           
         }                                                                             
       ]                                                                               
     },                                                                                
     "Planning Time": 2022.459,                                                        
     "Triggers": [                                                                     
     ],                                                                                
     "Execution Time": 4377.804                                                        
   }                                                                                   
 ]
