 [                                                                                         
   {                                                                                       
     "Plan": {                                                                             
       "Node Type": "Aggregate",                                                           
       "Strategy": "Plain",                                                                
       "Partial Mode": "Simple",                                                           
       "Parallel Aware": false,                                                            
       "Startup Cost": 4329.56,                                                            
       "Total Cost": 4329.56,                                                              
       "Plan Rows": 1,                                                                     
       "Plan Width": 32,                                                                   
       "Actual Startup Time": 4535.802,                                                    
       "Actual Total Time": 4535.802,                                                      
       "Actual Rows": 1,                                                                   
       "Actual Loops": 1,                                                                  
       "Shared Hit Blocks": 3,                                                             
       "Shared Read Blocks": 83184,                                                        
       "Shared Dirtied Blocks": 0,                                                         
       "Shared Written Blocks": 0,                                                         
       "Local Hit Blocks": 0,                                                              
       "Local Read Blocks": 0,                                                             
       "Local Dirtied Blocks": 0,                                                          
       "Local Written Blocks": 0,                                                          
       "Temp Read Blocks": 0,                                                              
       "Temp Written Blocks": 0,                                                           
       "Plans": [                                                                          
         {                                                                                 
           "Node Type": "Hash Join",                                                       
           "Parent Relationship": "Outer",                                                 
           "Parallel Aware": false,                                                        
           "Join Type": "Inner",                                                           
           "Startup Cost": 2731.14,                                                        
           "Total Cost": 4329.56,                                                          
           "Plan Rows": 68,                                                                
           "Plan Width": 17,                                                               
           "Actual Startup Time": 2686.889,                                                
           "Actual Total Time": 4498.303,                                                  
           "Actual Rows": 68316,                                                           
           "Actual Loops": 1,                                                              
           "Inner Unique": false,                                                          
           "Hash Cond": "(t.id = mc.movie_id)",                                            
           "Shared Hit Blocks": 3,                                                         
           "Shared Read Blocks": 83184,                                                    
           "Shared Dirtied Blocks": 0,                                                     
           "Shared Written Blocks": 0,                                                     
           "Local Hit Blocks": 0,                                                          
           "Local Read Blocks": 0,                                                         
           "Local Dirtied Blocks": 0,                                                      
           "Local Written Blocks": 0,                                                      
           "Temp Read Blocks": 0,                                                          
           "Temp Written Blocks": 0,                                                       
           "Plans": [                                                                      
             {                                                                             
               "Node Type": "Seq Scan",                                                    
               "Parent Relationship": "Outer",                                             
               "Parallel Aware": false,                                                    
               "Relation Name": "title",                                                   
               "Alias": "t",                                                               
               "Startup Cost": 0.00,                                                       
               "Total Cost": 1303.96,                                                      
               "Plan Rows": 2528312,                                                       
               "Plan Width": 21,                                                           
               "Actual Startup Time": 28.257,                                              
               "Actual Total Time": 1104.439,                                              
               "Actual Rows": 2528312,                                                     
               "Actual Loops": 1,                                                          
               "Shared Hit Blocks": 0,                                                     
               "Shared Read Blocks": 35998,                                                
               "Shared Dirtied Blocks": 0,                                                 
               "Shared Written Blocks": 0,                                                 
               "Local Hit Blocks": 0,                                                      
               "Local Read Blocks": 0,                                                     
               "Local Dirtied Blocks": 0,                                                  
               "Local Written Blocks": 0,                                                  
               "Temp Read Blocks": 0,                                                      
               "Temp Written Blocks": 0                                                    
             },                                                                            
             {                                                                             
               "Node Type": "Hash",                                                        
               "Parent Relationship": "Inner",                                             
               "Parallel Aware": false,                                                    
               "Startup Cost": 2731.13,                                                    
               "Total Cost": 2731.13,                                                      
               "Plan Rows": 68,                                                            
               "Plan Width": 8,                                                            
               "Actual Startup Time": 2647.790,                                            
               "Actual Total Time": 2647.790,                                              
               "Actual Rows": 68316,                                                       
               "Actual Loops": 1,                                                          
               "Hash Buckets": 131072,                                                     
               "Original Hash Buckets": 1024,                                              
               "Hash Batches": 1,                                                          
               "Original Hash Batches": 1,                                                 
               "Peak Memory Usage": 3693,                                                  
               "Shared Hit Blocks": 0,                                                     
               "Shared Read Blocks": 47186,                                                
               "Shared Dirtied Blocks": 0,                                                 
               "Shared Written Blocks": 0,                                                 
               "Local Hit Blocks": 0,                                                      
               "Local Read Blocks": 0,                                                     
               "Local Dirtied Blocks": 0,                                                  
               "Local Written Blocks": 0,                                                  
               "Temp Read Blocks": 0,                                                      
               "Temp Written Blocks": 0,                                                   
               "Plans": [                                                                  
                 {                                                                         
                   "Node Type": "Hash Join",                                               
                   "Parent Relationship": "Outer",                                         
                   "Parallel Aware": false,                                                
                   "Join Type": "Inner",                                                   
                   "Startup Cost": 1638.97,                                                
                   "Total Cost": 2731.13,                                                  
                   "Plan Rows": 68,                                                        
                   "Plan Width": 8,                                                        
                   "Actual Startup Time": 1404.842,                                        
                   "Actual Total Time": 2630.833,                                          
                   "Actual Rows": 68316,                                                   
                   "Actual Loops": 1,                                                      
                   "Inner Unique": false,                                                  
                   "Hash Cond": "(mc.movie_id = mk.movie_id)",                             
                   "Shared Hit Blocks": 0,                                                 
                   "Shared Read Blocks": 47186,                                            
                   "Shared Dirtied Blocks": 0,                                             
                   "Shared Written Blocks": 0,                                             
                   "Local Hit Blocks": 0,                                                  
                   "Local Read Blocks": 0,                                                 
                   "Local Dirtied Blocks": 0,                                              
                   "Local Written Blocks": 0,                                              
                   "Temp Read Blocks": 0,                                                  
                   "Temp Written Blocks": 0,                                               
                   "Plans": [                                                              
                     {                                                                     
                       "Node Type": "Hash Join",                                           
                       "Parent Relationship": "Outer",                                     
                       "Parallel Aware": false,                                            
                       "Join Type": "Inner",                                               
                       "Startup Cost": 140.86,                                             
                       "Total Cost": 1123.32,                                              
                       "Plan Rows": 941996,                                                
                       "Plan Width": 4,                                                    
                       "Actual Startup Time": 143.339,                                     
                       "Actual Total Time": 1173.301,                                      
                       "Actual Rows": 1153798,                                             
                       "Actual Loops": 1,                                                  
                       "Inner Unique": true,                                               
                       "Hash Cond": "(mc.company_id = cn.id)",                             
                       "Shared Hit Blocks": 0,                                             
                       "Shared Read Blocks": 21783,                                        
                       "Shared Dirtied Blocks": 0,                                         
                       "Shared Written Blocks": 0,                                         
                       "Local Hit Blocks": 0,                                              
                       "Local Read Blocks": 0,                                             
                       "Local Dirtied Blocks": 0,                                          
                       "Local Written Blocks": 0,                                          
                       "Temp Read Blocks": 0,                                              
                       "Temp Written Blocks": 0,                                           
                       "Plans": [                                                          
                         {                                                                 
                           "Node Type": "Seq Scan",                                        
                           "Parent Relationship": "Outer",                                 
                           "Parallel Aware": false,                                        
                           "Relation Name": "movie_companies",                             
                           "Alias": "mc",                                                  
                           "Startup Cost": 0.00,                                           
                           "Total Cost": 769.75,                                           
                           "Plan Rows": 2609129,                                           
                           "Plan Width": 8,                                                
                           "Actual Startup Time": 4.724,                                   
                           "Actual Total Time": 412.813,                                   
                           "Actual Rows": 2609129,                                         
                           "Actual Loops": 1,                                              
                           "Shared Hit Blocks": 0,                                         
                           "Shared Read Blocks": 18789,                                    
                           "Shared Dirtied Blocks": 0,                                     
                           "Shared Written Blocks": 0,                                     
                           "Local Hit Blocks": 0,                                          
                           "Local Read Blocks": 0,                                         
                           "Local Dirtied Blocks": 0,                                      
                           "Local Written Blocks": 0,                                      
                           "Temp Read Blocks": 0,                                          
                           "Temp Written Blocks": 0                                        
                         },                                                                
                         {                                                                 
                           "Node Type": "Hash",                                            
                           "Parent Relationship": "Inner",                                 
                           "Parallel Aware": false,                                        
                           "Startup Cost": 128.41,                                         
                           "Total Cost": 128.41,                                           
                           "Plan Rows": 84843,                                             
                           "Plan Width": 4,                                                
                           "Actual Startup Time": 137.597,                                 
                           "Actual Total Time": 137.598,                                   
                           "Actual Rows": 84843,                                           
                           "Actual Loops": 1,                                              
                           "Hash Buckets": 131072,                                         
                           "Original Hash Buckets": 131072,                                
                           "Hash Batches": 1,                                              
                           "Original Hash Batches": 1,                                     
                           "Peak Memory Usage": 4007,                                      
                           "Shared Hit Blocks": 0,                                         
                           "Shared Read Blocks": 2994,                                     
                           "Shared Dirtied Blocks": 0,                                     
                           "Shared Written Blocks": 0,                                     
                           "Local Hit Blocks": 0,                                          
                           "Local Read Blocks": 0,                                         
                           "Local Dirtied Blocks": 0,                                      
                           "Local Written Blocks": 0,                                      
                           "Temp Read Blocks": 0,                                          
                           "Temp Written Blocks": 0,                                       
                           "Plans": [                                                      
                             {                                                             
                               "Node Type": "Seq Scan",                                    
                               "Parent Relationship": "Outer",                             
                               "Parallel Aware": false,                                    
                               "Relation Name": "company_name",                            
                               "Alias": "cn",                                              
                               "Startup Cost": 0.00,                                       
                               "Total Cost": 128.41,                                       
                               "Plan Rows": 84843,                                         
                               "Plan Width": 4,                                            
                               "Actual Startup Time": 2.275,                               
                               "Actual Total Time": 107.200,                               
                               "Actual Rows": 84843,                                       
                               "Actual Loops": 1,                                          
                               "Filter": "((country_code)::text = '[us]'::text)",          
                               "Rows Removed by Filter": 150154,                           
                               "Shared Hit Blocks": 0,                                     
                               "Shared Read Blocks": 2994,                                 
                               "Shared Dirtied Blocks": 0,                                 
                               "Shared Written Blocks": 0,                                 
                               "Local Hit Blocks": 0,                                      
                               "Local Read Blocks": 0,                                     
                               "Local Dirtied Blocks": 0,                                  
                               "Local Written Blocks": 0,                                  
                               "Temp Read Blocks": 0,                                      
                               "Temp Written Blocks": 0                                    
                             }                                                             
                           ]                                                               
                         }                                                                 
                       ]                                                                   
                     },                                                                    
                     {                                                                     
                       "Node Type": "Hash",                                                
                       "Parent Relationship": "Inner",                                     
                       "Parallel Aware": false,                                            
                       "Startup Cost": 1498.10,                                            
                       "Total Cost": 1498.10,                                              
                       "Plan Rows": 34,                                                    
                       "Plan Width": 4,                                                    
                       "Actual Startup Time": 1253.361,                                    
                       "Actual Total Time": 1253.361,                                      
                       "Actual Rows": 41840,                                               
                       "Actual Loops": 1,                                                  
                       "Hash Buckets": 65536,                                              
                       "Original Hash Buckets": 1024,                                      
                       "Hash Batches": 1,                                                  
                       "Original Hash Batches": 1,                                         
                       "Peak Memory Usage": 1983,                                          
                       "Shared Hit Blocks": 0,                                             
                       "Shared Read Blocks": 25403,                                        
                       "Shared Dirtied Blocks": 0,                                         
                       "Shared Written Blocks": 0,                                         
                       "Local Hit Blocks": 0,                                              
                       "Local Read Blocks": 0,                                             
                       "Local Dirtied Blocks": 0,                                          
                       "Local Written Blocks": 0,                                          
                       "Temp Read Blocks": 0,                                              
                       "Temp Written Blocks": 0,                                           
                       "Plans": [                                                          
                         {                                                                 
                           "Node Type": "Hash Join",                                       
                           "Parent Relationship": "Outer",                                 
                           "Parallel Aware": false,                                        
                           "Join Type": "Inner",                                           
                           "Startup Cost": 49.46,                                          
                           "Total Cost": 1498.10,                                          
                           "Plan Rows": 34,                                                
                           "Plan Width": 4,                                                
                           "Actual Startup Time": 94.459,                                  
                           "Actual Total Time": 1242.532,                                  
                           "Actual Rows": 41840,                                           
                           "Actual Loops": 1,                                              
                           "Inner Unique": true,                                           
                           "Hash Cond": "(mk.keyword_id = k.id)",                          
                           "Shared Hit Blocks": 0,                                         
                           "Shared Read Blocks": 25403,                                    
                           "Shared Dirtied Blocks": 0,                                     
                           "Shared Written Blocks": 0,                                     
                           "Local Hit Blocks": 0,                                          
                           "Local Read Blocks": 0,                                         
                           "Local Dirtied Blocks": 0,                                      
                           "Local Written Blocks": 0,                                      
                           "Temp Read Blocks": 0,                                          
                           "Temp Written Blocks": 0,                                       
                           "Plans": [                                                      
                             {                                                             
                               "Node Type": "Seq Scan",                                    
                               "Parent Relationship": "Outer",                             
                               "Parallel Aware": false,                                    
                               "Relation Name": "movie_keyword",                           
                               "Alias": "mk",                                              
                               "Startup Cost": 0.00,                                       
                               "Total Cost": 1079.84,                                      
                               "Plan Rows": 4523930,                                       
                               "Plan Width": 8,                                            
                               "Actual Startup Time": 2.625,                               
                               "Actual Total Time": 535.892,                               
                               "Actual Rows": 4523930,                                     
                               "Actual Loops": 1,                                          
                               "Shared Hit Blocks": 0,                                     
                               "Shared Read Blocks": 24454,                                
                               "Shared Dirtied Blocks": 0,                                 
                               "Shared Written Blocks": 0,                                 
                               "Local Hit Blocks": 0,                                      
                               "Local Read Blocks": 0,                                     
                               "Local Dirtied Blocks": 0,                                  
                               "Local Written Blocks": 0,                                  
                               "Temp Read Blocks": 0,                                      
                               "Temp Written Blocks": 0                                    
                             },                                                            
                             {                                                             
                               "Node Type": "Hash",                                        
                               "Parent Relationship": "Inner",                             
                               "Parallel Aware": false,                                    
                               "Startup Cost": 49.46,                                      
                               "Total Cost": 49.46,                                        
                               "Plan Rows": 1,                                             
                               "Plan Width": 4,                                            
                               "Actual Startup Time": 91.749,                              
                               "Actual Total Time": 91.749,                                
                               "Actual Rows": 1,                                           
                               "Actual Loops": 1,                                          
                               "Hash Buckets": 1024,                                       
                               "Original Hash Buckets": 1024,                              
                               "Hash Batches": 1,                                          
                               "Original Hash Batches": 1,                                 
                               "Peak Memory Usage": 9,                                     
                               "Shared Hit Blocks": 0,                                     
                               "Shared Read Blocks": 949,                                  
                               "Shared Dirtied Blocks": 0,                                 
                               "Shared Written Blocks": 0,                                 
                               "Local Hit Blocks": 0,                                      
                               "Local Read Blocks": 0,                                     
                               "Local Dirtied Blocks": 0,                                  
                               "Local Written Blocks": 0,                                  
                               "Temp Read Blocks": 0,                                      
                               "Temp Written Blocks": 0,                                   
                               "Plans": [                                                  
                                 {                                                         
                                   "Node Type": "Seq Scan",                                
                                   "Parent Relationship": "Outer",                         
                                   "Parallel Aware": false,                                
                                   "Relation Name": "keyword",                             
                                   "Alias": "k",                                           
                                   "Startup Cost": 0.00,                                   
                                   "Total Cost": 49.46,                                    
                                   "Plan Rows": 1,                                         
                                   "Plan Width": 4,                                        
                                   "Actual Startup Time": 30.899,                          
                                   "Actual Total Time": 91.743,                            
                                   "Actual Rows": 1,                                       
                                   "Actual Loops": 1,                                      
                                   "Filter": "(keyword = 'character-name-in-title'::text)",
                                   "Rows Removed by Filter": 134169,                       
                                   "Shared Hit Blocks": 0,                                 
                                   "Shared Read Blocks": 949,                              
                                   "Shared Dirtied Blocks": 0,                             
                                   "Shared Written Blocks": 0,                             
                                   "Local Hit Blocks": 0,                                  
                                   "Local Read Blocks": 0,                                 
                                   "Local Dirtied Blocks": 0,                              
                                   "Local Written Blocks": 0,                              
                                   "Temp Read Blocks": 0,                                  
                                   "Temp Written Blocks": 0                                
                                 }                                                         
                               ]                                                           
                             }                                                             
                           ]                                                               
                         }                                                                 
                       ]                                                                   
                     }                                                                     
                   ]                                                                       
                 }                                                                         
               ]                                                                           
             }                                                                             
           ]                                                                               
         }                                                                                 
       ]                                                                                   
     },                                                                                    
     "Planning Time": 1946.222,                                                            
     "Triggers": [                                                                         
     ],                                                                                    
     "Execution Time": 4536.781                                                            
   }                                                                                       
 ]
