 [                                                                                                                                                                       
   {                                                                                                                                                                     
     "Plan": {                                                                                                                                                           
       "Node Type": "Aggregate",                                                                                                                                         
       "Strategy": "Plain",                                                                                                                                              
       "Partial Mode": "Simple",                                                                                                                                         
       "Parallel Aware": false,                                                                                                                                          
       "Startup Cost": 31247.99,                                                                                                                                         
       "Total Cost": 31247.99,                                                                                                                                           
       "Plan Rows": 1,                                                                                                                                                   
       "Plan Width": 128,                                                                                                                                                
       "Actual Startup Time": 70327.514,                                                                                                                                 
       "Actual Total Time": 70327.514,                                                                                                                                   
       "Actual Rows": 1,                                                                                                                                                 
       "Actual Loops": 1,                                                                                                                                                
       "Shared Hit Blocks": 5,                                                                                                                                           
       "Shared Read Blocks": 540746,                                                                                                                                     
       "Shared Dirtied Blocks": 0,                                                                                                                                       
       "Shared Written Blocks": 0,                                                                                                                                       
       "Local Hit Blocks": 0,                                                                                                                                            
       "Local Read Blocks": 0,                                                                                                                                           
       "Local Dirtied Blocks": 0,                                                                                                                                        
       "Local Written Blocks": 0,                                                                                                                                        
       "Temp Read Blocks": 0,                                                                                                                                            
       "Temp Written Blocks": 0,                                                                                                                                         
       "Plans": [                                                                                                                                                        
         {                                                                                                                                                               
           "Node Type": "Hash Join",                                                                                                                                     
           "Parent Relationship": "Outer",                                                                                                                               
           "Parallel Aware": false,                                                                                                                                      
           "Join Type": "Inner",                                                                                                                                         
           "Startup Cost": 13636.78,                                                                                                                                     
           "Total Cost": 31247.99,                                                                                                                                       
           "Plan Rows": 1,                                                                                                                                               
           "Plan Width": 80,                                                                                                                                             
           "Actual Startup Time": 66118.434,                                                                                                                             
           "Actual Total Time": 70326.863,                                                                                                                               
           "Actual Rows": 757,                                                                                                                                           
           "Actual Loops": 1,                                                                                                                                            
           "Inner Unique": true,                                                                                                                                         
           "Hash Cond": "(mi.info_type_id = it.id)",                                                                                                                    
           "Shared Hit Blocks": 5,                                                                                                                                       
           "Shared Read Blocks": 540746,                                                                                                                                 
           "Shared Dirtied Blocks": 0,                                                                                                                                   
           "Shared Written Blocks": 0,                                                                                                                                   
           "Local Hit Blocks": 0,                                                                                                                                        
           "Local Read Blocks": 0,                                                                                                                                       
           "Local Dirtied Blocks": 0,                                                                                                                                    
           "Local Written Blocks": 0,                                                                                                                                    
           "Temp Read Blocks": 0,                                                                                                                                        
           "Temp Written Blocks": 0,                                                                                                                                     
           "Plans": [                                                                                                                                                    
             {                                                                                                                                                           
               "Node Type": "Hash Join",                                                                                                                                 
               "Parent Relationship": "Outer",                                                                                                                           
               "Parallel Aware": false,                                                                                                                                  
               "Join Type": "Inner",                                                                                                                                     
               "Startup Cost": 13636.74,                                                                                                                                 
               "Total Cost": 31247.94,                                                                                                                                   
               "Plan Rows": 1,                                                                                                                                           
               "Plan Width": 84,                                                                                                                                         
               "Actual Startup Time": 66115.627,                                                                                                                         
               "Actual Total Time": 70323.745,                                                                                                                           
               "Actual Rows": 757,                                                                                                                                       
               "Actual Loops": 1,                                                                                                                                        
               "Inner Unique": false,                                                                                                                                    
               "Hash Cond": "(t.id = mi.movie_id)",                                                                                                                      
               "Shared Hit Blocks": 2,                                                                                                                                   
               "Shared Read Blocks": 540745,                                                                                                                             
               "Shared Dirtied Blocks": 0,                                                                                                                               
               "Shared Written Blocks": 0,                                                                                                                               
               "Local Hit Blocks": 0,                                                                                                                                    
               "Local Read Blocks": 0,                                                                                                                                   
               "Local Dirtied Blocks": 0,                                                                                                                                
               "Local Written Blocks": 0,                                                                                                                                
               "Temp Read Blocks": 0,                                                                                                                                    
               "Temp Written Blocks": 0,                                                                                                                                 
               "Plans": [                                                                                                                                                
                 {                                                                                                                                                       
                   "Node Type": "Hash Join",                                                                                                                             
                   "Parent Relationship": "Outer",                                                                                                                       
                   "Parallel Aware": false,                                                                                                                              
                   "Join Type": "Inner",                                                                                                                                 
                   "Startup Cost": 6370.28,                                                                                                                              
                   "Total Cost": 23981.37,                                                                                                                               
                   "Plan Rows": 1,                                                                                                                                       
                   "Plan Width": 58,                                                                                                                                     
                   "Actual Startup Time": 14506.609,                                                                                                                     
                   "Actual Total Time": 18714.290,                                                                                                                       
                   "Actual Rows": 1235,                                                                                                                                  
                   "Actual Loops": 1,                                                                                                                                    
                   "Inner Unique": true,                                                                                                                                 
                   "Hash Cond": "(ci.person_id = n.id)",                                                                                                                 
                   "Shared Hit Blocks": 2,                                                                                                                               
                   "Shared Read Blocks": 378853,                                                                                                                         
                   "Shared Dirtied Blocks": 0,                                                                                                                           
                   "Shared Written Blocks": 0,                                                                                                                           
                   "Local Hit Blocks": 0,                                                                                                                                
                   "Local Read Blocks": 0,                                                                                                                               
                   "Local Dirtied Blocks": 0,                                                                                                                            
                   "Local Written Blocks": 0,                                                                                                                            
                   "Temp Read Blocks": 0,                                                                                                                                
                   "Temp Written Blocks": 0,                                                                                                                             
                   "Plans": [                                                                                                                                            
                     {                                                                                                                                                   
                       "Node Type": "Hash Join",                                                                                                                         
                       "Parent Relationship": "Outer",                                                                                                                   
                       "Parallel Aware": false,                                                                                                                          
                       "Join Type": "Inner",                                                                                                                             
                       "Startup Cost": 3758.84,                                                                                                                          
                       "Total Cost": 21369.93,                                                                                                                           
                       "Plan Rows": 1,                                                                                                                                   
                       "Plan Width": 47,                                                                                                                                 
                       "Actual Startup Time": 11772.379,                                                                                                                 
                       "Actual Total Time": 15979.284,                                                                                                                   
                       "Actual Rows": 1736,                                                                                                                              
                       "Actual Loops": 1,                                                                                                                                
                       "Inner Unique": false,                                                                                                                            
                       "Hash Cond": "(ci.movie_id = t.id)",                                                                                                              
                       "Shared Hit Blocks": 2,                                                                                                                           
                       "Shared Read Blocks": 323240,                                                                                                                     
                       "Shared Dirtied Blocks": 0,                                                                                                                       
                       "Shared Written Blocks": 0,                                                                                                                       
                       "Local Hit Blocks": 0,                                                                                                                            
                       "Local Read Blocks": 0,                                                                                                                           
                       "Local Dirtied Blocks": 0,                                                                                                                        
                       "Local Written Blocks": 0,                                                                                                                        
                       "Temp Read Blocks": 0,                                                                                                                            
                       "Temp Written Blocks": 0,                                                                                                                         
                       "Plans": [                                                                                                                                        
                         {                                                                                                                                               
                           "Node Type": "Seq Scan",                                                                                                                      
                           "Parent Relationship": "Outer",                                                                                                               
                           "Parallel Aware": false,                                                                                                                      
                           "Relation Name": "cast_info",                                                                                                                 
                           "Alias": "ci",                                                                                                                                
                           "Startup Cost": 0.00,                                                                                                                         
                           "Total Cost": 17466.00,                                                                                                                       
                           "Plan Rows": 1245851,                                                                                                                         
                           "Plan Width": 8,                                                                                                                              
                           "Actual Startup Time": 400.852,                                                                                                               
                           "Actual Total Time": 11854.260,                                                                                                               
                           "Actual Rows": 1244716,                                                                                                                       
                           "Actual Loops": 1,                                                                                                                            
                           "Filter": "(note = ANY ('{(writer),\"(head writer)\",\"(written by)\",(story),\"(story editor)\"}'::text[]))",                                
                           "Rows Removed by Filter": 34999628,                                                                                                           
                           "Shared Hit Blocks": 0,                                                                                                                       
                           "Shared Read Blocks": 252654,                                                                                                                 
                           "Shared Dirtied Blocks": 0,                                                                                                                   
                           "Shared Written Blocks": 0,                                                                                                                   
                           "Local Hit Blocks": 0,                                                                                                                        
                           "Local Read Blocks": 0,                                                                                                                       
                           "Local Dirtied Blocks": 0,                                                                                                                    
                           "Local Written Blocks": 0,                                                                                                                    
                           "Temp Read Blocks": 0,                                                                                                                        
                           "Temp Written Blocks": 0                                                                                                                      
                         },                                                                                                                                              
                         {                                                                                                                                               
                           "Node Type": "Hash",                                                                                                                          
                           "Parent Relationship": "Inner",                                                                                                               
                           "Parallel Aware": false,                                                                                                                      
                           "Startup Cost": 3758.84,                                                                                                                      
                           "Total Cost": 3758.84,                                                                                                                        
                           "Plan Rows": 1,                                                                                                                               
                           "Plan Width": 39,                                                                                                                             
                           "Actual Startup Time": 3950.627,                                                                                                              
                           "Actual Total Time": 3950.627,                                                                                                                
                           "Actual Rows": 2023,                                                                                                                          
                           "Actual Loops": 1,                                                                                                                            
                           "Hash Buckets": 2048,                                                                                                                         
                           "Original Hash Buckets": 1024,                                                                                                                
                           "Hash Batches": 1,                                                                                                                            
                           "Original Hash Batches": 1,                                                                                                                   
                           "Peak Memory Usage": 160,                                                                                                                     
                           "Shared Hit Blocks": 2,                                                                                                                       
                           "Shared Read Blocks": 70586,                                                                                                                  
                           "Shared Dirtied Blocks": 0,                                                                                                                   
                           "Shared Written Blocks": 0,                                                                                                                   
                           "Local Hit Blocks": 0,                                                                                                                        
                           "Local Read Blocks": 0,                                                                                                                       
                           "Local Dirtied Blocks": 0,                                                                                                                    
                           "Local Written Blocks": 0,                                                                                                                    
                           "Temp Read Blocks": 0,                                                                                                                        
                           "Temp Written Blocks": 0,                                                                                                                     
                           "Plans": [                                                                                                                                    
                             {                                                                                                                                           
                               "Node Type": "Hash Join",                                                                                                                 
                               "Parent Relationship": "Outer",                                                                                                           
                               "Parallel Aware": false,                                                                                                                  
                               "Join Type": "Inner",                                                                                                                     
                               "Startup Cost": 2097.70,                                                                                                                  
                               "Total Cost": 3758.84,                                                                                                                    
                               "Plan Rows": 1,                                                                                                                           
                               "Plan Width": 39,                                                                                                                         
                               "Actual Startup Time": 2301.866,                                                                                                          
                               "Actual Total Time": 3948.840,                                                                                                            
                               "Actual Rows": 2023,                                                                                                                      
                               "Actual Loops": 1,                                                                                                                        
                               "Inner Unique": false,                                                                                                                    
                               "Hash Cond": "(t.id = mi_idx.movie_id)",                                                                                                  
                               "Shared Hit Blocks": 2,                                                                                                                   
                               "Shared Read Blocks": 70586,                                                                                                              
                               "Shared Dirtied Blocks": 0,                                                                                                               
                               "Shared Written Blocks": 0,                                                                                                               
                               "Local Hit Blocks": 0,                                                                                                                    
                               "Local Read Blocks": 0,                                                                                                                   
                               "Local Dirtied Blocks": 0,                                                                                                                
                               "Local Written Blocks": 0,                                                                                                                
                               "Temp Read Blocks": 0,                                                                                                                    
                               "Temp Written Blocks": 0,                                                                                                                 
                               "Plans": [                                                                                                                                
                                 {                                                                                                                                       
                                   "Node Type": "Seq Scan",                                                                                                              
                                   "Parent Relationship": "Outer",                                                                                                       
                                   "Parallel Aware": false,                                                                                                              
                                   "Relation Name": "title",                                                                                                             
                                   "Alias": "t",                                                                                                                         
                                   "Startup Cost": 0.00,                                                                                                                 
                                   "Total Cost": 1500.26,                                                                                                                
                                   "Plan Rows": 1381453,                                                                                                                 
                                   "Plan Width": 21,                                                                                                                     
                                   "Actual Startup Time": 8.560,                                                                                                         
                                   "Actual Total Time": 1362.204,                                                                                                        
                                   "Actual Rows": 1381453,                                                                                                               
                                   "Actual Loops": 1,                                                                                                                    
                                   "Filter": "(production_year > 2000)",                                                                                                 
                                   "Rows Removed by Filter": 1146859,                                                                                                    
                                   "Shared Hit Blocks": 0,                                                                                                               
                                   "Shared Read Blocks": 35998,                                                                                                          
                                   "Shared Dirtied Blocks": 0,                                                                                                           
                                   "Shared Written Blocks": 0,                                                                                                           
                                   "Local Hit Blocks": 0,                                                                                                                
                                   "Local Read Blocks": 0,                                                                                                               
                                   "Local Dirtied Blocks": 0,                                                                                                            
                                   "Local Written Blocks": 0,                                                                                                            
                                   "Temp Read Blocks": 0,                                                                                                                
                                   "Temp Written Blocks": 0                                                                                                              
                                 },                                                                                                                                      
                                 {                                                                                                                                       
                                   "Node Type": "Hash",                                                                                                                  
                                   "Parent Relationship": "Inner",                                                                                                       
                                   "Parallel Aware": false,                                                                                                              
                                   "Startup Cost": 2097.70,                                                                                                              
                                   "Total Cost": 2097.70,                                                                                                                
                                   "Plan Rows": 1,                                                                                                                       
                                   "Plan Width": 18,                                                                                                                     
                                   "Actual Startup Time": 2213.778,                                                                                                      
                                   "Actual Total Time": 2213.778,                                                                                                        
                                   "Actual Rows": 16283,                                                                                                                 
                                   "Actual Loops": 1,                                                                                                                    
                                   "Hash Buckets": 16384,                                                                                                                
                                   "Original Hash Buckets": 1024,                                                                                                        
                                   "Hash Batches": 1,                                                                                                                    
                                   "Original Hash Batches": 1,                                                                                                           
                                   "Peak Memory Usage": 936,                                                                                                             
                                   "Shared Hit Blocks": 2,                                                                                                               
                                   "Shared Read Blocks": 34588,                                                                                                          
                                   "Shared Dirtied Blocks": 0,                                                                                                           
                                   "Shared Written Blocks": 0,                                                                                                           
                                   "Local Hit Blocks": 0,                                                                                                                
                                   "Local Read Blocks": 0,                                                                                                               
                                   "Local Dirtied Blocks": 0,                                                                                                            
                                   "Local Written Blocks": 0,                                                                                                            
                                   "Temp Read Blocks": 0,                                                                                                                
                                   "Temp Written Blocks": 0,                                                                                                             
                                   "Plans": [                                                                                                                            
                                     {                                                                                                                                   
                                       "Node Type": "Hash Join",                                                                                                         
                                       "Parent Relationship": "Outer",                                                                                                   
                                       "Parallel Aware": false,                                                                                                          
                                       "Join Type": "Inner",                                                                                                             
                                       "Startup Cost": 1576.41,                                                                                                          
                                       "Total Cost": 2097.70,                                                                                                            
                                       "Plan Rows": 1,                                                                                                                   
                                       "Plan Width": 18,                                                                                                                 
                                       "Actual Startup Time": 1540.148,                                                                                                  
                                       "Actual Total Time": 2206.894,                                                                                                    
                                       "Actual Rows": 16283,                                                                                                             
                                       "Actual Loops": 1,                                                                                                                
                                       "Inner Unique": true,                                                                                                             
                                       "Hash Cond": "(mi_idx.info_type_id = it.id)",                                                                                    
                                       "Shared Hit Blocks": 2,                                                                                                           
                                       "Shared Read Blocks": 34588,                                                                                                      
                                       "Shared Dirtied Blocks": 0,                                                                                                       
                                       "Shared Written Blocks": 0,                                                                                                       
                                       "Local Hit Blocks": 0,                                                                                                            
                                       "Local Read Blocks": 0,                                                                                                           
                                       "Local Dirtied Blocks": 0,                                                                                                        
                                       "Local Written Blocks": 0,                                                                                                        
                                       "Temp Read Blocks": 0,                                                                                                            
                                       "Temp Written Blocks": 0,                                                                                                         
                                       "Plans": [                                                                                                                        
                                         {                                                                                                                               
                                           "Node Type": "Hash Join",                                                                                                     
                                           "Parent Relationship": "Outer",                                                                                               
                                           "Parallel Aware": false,                                                                                                      
                                           "Join Type": "Inner",                                                                                                         
                                           "Startup Cost": 1576.36,                                                                                                      
                                           "Total Cost": 2097.65,                                                                                                        
                                           "Plan Rows": 27,                                                                                                              
                                           "Plan Width": 22,                                                                                                             
                                           "Actual Startup Time": 1540.037,                                                                                              
                                           "Actual Total Time": 2194.774,                                                                                                
                                           "Actual Rows": 49655,                                                                                                         
                                           "Actual Loops": 1,                                                                                                            
                                           "Inner Unique": false,                                                                                                        
                                           "Hash Cond": "(mi_idx.movie_id = mk.movie_id)",                                                                               
                                           "Shared Hit Blocks": 1,                                                                                                       
                                           "Shared Read Blocks": 34588,                                                                                                  
                                           "Shared Dirtied Blocks": 0,                                                                                                   
                                           "Shared Written Blocks": 0,                                                                                                   
                                           "Local Hit Blocks": 0,                                                                                                        
                                           "Local Read Blocks": 0,                                                                                                       
                                           "Local Dirtied Blocks": 0,                                                                                                    
                                           "Local Written Blocks": 0,                                                                                                    
                                           "Temp Read Blocks": 0,                                                                                                        
                                           "Temp Written Blocks": 0,                                                                                                     
                                           "Plans": [                                                                                                                    
                                             {                                                                                                                           
                                               "Node Type": "Seq Scan",                                                                                                  
                                               "Parent Relationship": "Outer",                                                                                           
                                               "Parallel Aware": false,                                                                                                  
                                               "Relation Name": "movie_info_idx",                                                                                        
                                               "Alias": "mi_idx",                                                                                                        
                                               "Startup Cost": 0.00,                                                                                                     
                                               "Total Cost": 360.56,                                                                                                     
                                               "Plan Rows": 1380035,                                                                                                     
                                               "Plan Width": 14,                                                                                                         
                                               "Actual Startup Time": 23.541,                                                                                            
                                               "Actual Total Time": 401.947,                                                                                             
                                               "Actual Rows": 1380035,                                                                                                   
                                               "Actual Loops": 1,                                                                                                        
                                               "Shared Hit Blocks": 0,                                                                                                   
                                               "Shared Read Blocks": 8453,                                                                                               
                                               "Shared Dirtied Blocks": 0,                                                                                               
                                               "Shared Written Blocks": 0,                                                                                               
                                               "Local Hit Blocks": 0,                                                                                                    
                                               "Local Read Blocks": 0,                                                                                                   
                                               "Local Dirtied Blocks": 0,                                                                                                
                                               "Local Written Blocks": 0,                                                                                                
                                               "Temp Read Blocks": 0,                                                                                                    
                                               "Temp Written Blocks": 0                                                                                                  
                                             },                                                                                                                          
                                             {                                                                                                                           
                                               "Node Type": "Hash",                                                                                                      
                                               "Parent Relationship": "Inner",                                                                                           
                                               "Parallel Aware": false,                                                                                                  
                                               "Startup Cost": 1576.36,                                                                                                  
                                               "Total Cost": 1576.36,                                                                                                    
                                               "Plan Rows": 9,                                                                                                           
                                               "Plan Width": 8,                                                                                                          
                                               "Actual Startup Time": 1481.122,                                                                                          
                                               "Actual Total Time": 1481.122,                                                                                            
                                               "Actual Rows": 16336,                                                                                                     
                                               "Actual Loops": 1,                                                                                                        
                                               "Hash Buckets": 16384,                                                                                                    
                                               "Original Hash Buckets": 1024,                                                                                            
                                               "Hash Batches": 1,                                                                                                        
                                               "Original Hash Batches": 1,                                                                                               
                                               "Peak Memory Usage": 767,                                                                                                 
                                               "Shared Hit Blocks": 1,                                                                                                   
                                               "Shared Read Blocks": 26135,                                                                                              
                                               "Shared Dirtied Blocks": 0,                                                                                               
                                               "Shared Written Blocks": 0,                                                                                               
                                               "Local Hit Blocks": 0,                                                                                                    
                                               "Local Read Blocks": 0,                                                                                                   
                                               "Local Dirtied Blocks": 0,                                                                                                
                                               "Local Written Blocks": 0,                                                                                                
                                               "Temp Read Blocks": 0,                                                                                                    
                                               "Temp Written Blocks": 0,                                                                                                 
                                               "Plans": [                                                                                                                
                                                 {                                                                                                                       
                                                   "Node Type": "Hash Join",                                                                                             
                                                   "Parent Relationship": "Outer",                                                                                       
                                                   "Parallel Aware": false,                                                                                              
                                                   "Join Type": "Inner",                                                                                                 
                                                   "Startup Cost": 127.67,                                                                                               
                                                   "Total Cost": 1576.36,                                                                                                
                                                   "Plan Rows": 9,                                                                                                       
                                                   "Plan Width": 8,                                                                                                      
                                                   "Actual Startup Time": 310.571,                                                                                       
                                                   "Actual Total Time": 1476.367,                                                                                        
                                                   "Actual Rows": 16336,                                                                                                 
                                                   "Actual Loops": 1,                                                                                                    
                                                   "Inner Unique": true,                                                                                                 
                                                   "Hash Cond": "(cc.status_id = cct.id)",                                                                              
                                                   "Shared Hit Blocks": 1,                                                                                               
                                                   "Shared Read Blocks": 26135,                                                                                          
                                                   "Shared Dirtied Blocks": 0,                                                                                           
                                                   "Shared Written Blocks": 0,                                                                                           
                                                   "Local Hit Blocks": 0,                                                                                                
                                                   "Local Read Blocks": 0,                                                                                               
                                                   "Local Dirtied Blocks": 0,                                                                                            
                                                   "Local Written Blocks": 0,                                                                                            
                                                   "Temp Read Blocks": 0,                                                                                                
                                                   "Temp Written Blocks": 0,                                                                                             
                                                   "Plans": [                                                                                                            
                                                     {                                                                                                                   
                                                       "Node Type": "Hash Join",                                                                                         
                                                       "Parent Relationship": "Outer",                                                                                   
                                                       "Parallel Aware": false,                                                                                          
                                                       "Join Type": "Inner",                                                                                             
                                                       "Startup Cost": 127.63,                                                                                           
                                                       "Total Cost": 1576.33,                                                                                            
                                                       "Plan Rows": 36,                                                                                                  
                                                       "Plan Width": 12,                                                                                                 
                                                       "Actual Startup Time": 275.480,                                                                                   
                                                       "Actual Total Time": 1462.306,                                                                                    
                                                       "Actual Rows": 36010,                                                                                             
                                                       "Actual Loops": 1,                                                                                                
                                                       "Inner Unique": true,                                                                                             
                                                       "Hash Cond": "(cc.subject_id = cct.id)",                                                                         
                                                       "Shared Hit Blocks": 1,                                                                                           
                                                       "Shared Read Blocks": 26134,                                                                                      
                                                       "Shared Dirtied Blocks": 0,                                                                                       
                                                       "Shared Written Blocks": 0,                                                                                       
                                                       "Local Hit Blocks": 0,                                                                                            
                                                       "Local Read Blocks": 0,                                                                                           
                                                       "Local Dirtied Blocks": 0,                                                                                        
                                                       "Local Written Blocks": 0,                                                                                        
                                                       "Temp Read Blocks": 0,                                                                                            
                                                       "Temp Written Blocks": 0,                                                                                         
                                                       "Plans": [                                                                                                        
                                                         {                                                                                                               
                                                           "Node Type": "Hash Join",                                                                                     
                                                           "Parent Relationship": "Outer",                                                                               
                                                           "Parallel Aware": false,                                                                                      
                                                           "Join Type": "Inner",                                                                                         
                                                           "Startup Cost": 127.60,                                                                                       
                                                           "Total Cost": 1576.29,                                                                                        
                                                           "Plan Rows": 71,                                                                                              
                                                           "Plan Width": 16,                                                                                             
                                                           "Actual Startup Time": 275.412,                                                                               
                                                           "Actual Total Time": 1451.771,                                                                                
                                                           "Actual Rows": 36010,                                                                                         
                                                           "Actual Loops": 1,                                                                                            
                                                           "Inner Unique": false,                                                                                        
                                                           "Hash Cond": "(mk.movie_id = cc.movie_id)",                                                                   
                                                           "Shared Hit Blocks": 0,                                                                                       
                                                           "Shared Read Blocks": 26134,                                                                                  
                                                           "Shared Dirtied Blocks": 0,                                                                                   
                                                           "Shared Written Blocks": 0,                                                                                   
                                                           "Local Hit Blocks": 0,                                                                                        
                                                           "Local Read Blocks": 0,                                                                                       
                                                           "Local Dirtied Blocks": 0,                                                                                    
                                                           "Local Written Blocks": 0,                                                                                    
                                                           "Temp Read Blocks": 0,                                                                                        
                                                           "Temp Written Blocks": 0,                                                                                     
                                                           "Plans": [                                                                                                    
                                                             {                                                                                                           
                                                               "Node Type": "Hash Join",                                                                                 
                                                               "Parent Relationship": "Outer",                                                                           
                                                               "Parallel Aware": false,                                                                                  
                                                               "Join Type": "Inner",                                                                                     
                                                               "Startup Cost": 75.50,                                                                                    
                                                               "Total Cost": 1524.15,                                                                                    
                                                               "Plan Rows": 236,                                                                                         
                                                               "Plan Width": 4,                                                                                          
                                                               "Actual Startup Time": 112.307,                                                                           
                                                               "Actual Total Time": 1262.776,                                                                            
                                                               "Actual Rows": 76714,                                                                                     
                                                               "Actual Loops": 1,                                                                                        
                                                               "Inner Unique": true,                                                                                     
                                                               "Hash Cond": "(mk.keyword_id = k.id)",                                                                    
                                                               "Shared Hit Blocks": 0,                                                                                   
                                                               "Shared Read Blocks": 25403,                                                                              
                                                               "Shared Dirtied Blocks": 0,                                                                               
                                                               "Shared Written Blocks": 0,                                                                               
                                                               "Local Hit Blocks": 0,                                                                                    
                                                               "Local Read Blocks": 0,                                                                                   
                                                               "Local Dirtied Blocks": 0,                                                                                
                                                               "Local Written Blocks": 0,                                                                                
                                                               "Temp Read Blocks": 0,                                                                                    
                                                               "Temp Written Blocks": 0,                                                                                 
                                                               "Plans": [                                                                                                
                                                                 {                                                                                                       
                                                                   "Node Type": "Seq Scan",                                                                              
                                                                   "Parent Relationship": "Outer",                                                                       
                                                                   "Parallel Aware": false,                                                                              
                                                                   "Relation Name": "movie_keyword",                                                                     
                                                                   "Alias": "mk",                                                                                        
                                                                   "Startup Cost": 0.00,                                                                                 
                                                                   "Total Cost": 1079.84,                                                                                
                                                                   "Plan Rows": 4523930,                                                                                 
                                                                   "Plan Width": 8,                                                                                      
                                                                   "Actual Startup Time": 20.465,                                                                        
                                                                   "Actual Total Time": 553.753,                                                                         
                                                                   "Actual Rows": 4523930,                                                                               
                                                                   "Actual Loops": 1,                                                                                    
                                                                   "Shared Hit Blocks": 0,                                                                               
                                                                   "Shared Read Blocks": 24454,                                                                          
                                                                   "Shared Dirtied Blocks": 0,                                                                           
                                                                   "Shared Written Blocks": 0,                                                                           
                                                                   "Local Hit Blocks": 0,                                                                                
                                                                   "Local Read Blocks": 0,                                                                               
                                                                   "Local Dirtied Blocks": 0,                                                                            
                                                                   "Local Written Blocks": 0,                                                                            
                                                                   "Temp Read Blocks": 0,                                                                                
                                                                   "Temp Written Blocks": 0                                                                              
                                                                 },                                                                                                      
                                                                 {                                                                                                       
                                                                   "Node Type": "Hash",                                                                                  
                                                                   "Parent Relationship": "Inner",                                                                       
                                                                   "Parallel Aware": false,                                                                              
                                                                   "Startup Cost": 75.50,                                                                                
                                                                   "Total Cost": 75.50,                                                                                  
                                                                   "Plan Rows": 7,                                                                                       
                                                                   "Plan Width": 4,                                                                                      
                                                                   "Actual Startup Time": 91.759,                                                                        
                                                                   "Actual Total Time": 91.760,                                                                          
                                                                   "Actual Rows": 7,                                                                                     
                                                                   "Actual Loops": 1,                                                                                    
                                                                   "Hash Buckets": 1024,                                                                                 
                                                                   "Original Hash Buckets": 1024,                                                                        
                                                                   "Hash Batches": 1,                                                                                    
                                                                   "Original Hash Batches": 1,                                                                           
                                                                   "Peak Memory Usage": 9,                                                                               
                                                                   "Shared Hit Blocks": 0,                                                                               
                                                                   "Shared Read Blocks": 949,                                                                            
                                                                   "Shared Dirtied Blocks": 0,                                                                           
                                                                   "Shared Written Blocks": 0,                                                                           
                                                                   "Local Hit Blocks": 0,                                                                                
                                                                   "Local Read Blocks": 0,                                                                               
                                                                   "Local Dirtied Blocks": 0,                                                                            
                                                                   "Local Written Blocks": 0,                                                                            
                                                                   "Temp Read Blocks": 0,                                                                                
                                                                   "Temp Written Blocks": 0,                                                                             
                                                                   "Plans": [                                                                                            
                                                                     {                                                                                                   
                                                                       "Node Type": "Seq Scan",                                                                          
                                                                       "Parent Relationship": "Outer",                                                                   
                                                                       "Parallel Aware": false,                                                                          
                                                                       "Relation Name": "keyword",                                                                       
                                                                       "Alias": "k",                                                                                     
                                                                       "Startup Cost": 0.00,                                                                             
                                                                       "Total Cost": 75.50,                                                                              
                                                                       "Plan Rows": 7,                                                                                   
                                                                       "Plan Width": 4,                                                                                  
                                                                       "Actual Startup Time": 3.589,                                                                     
                                                                       "Actual Total Time": 91.739,                                                                      
                                                                       "Actual Rows": 7,                                                                                 
                                                                       "Actual Loops": 1,                                                                                
                                                                       "Filter": "(keyword = ANY ('{murder,violence,blood,gore,death,female-nudity,hospital}'::text[]))",
                                                                       "Rows Removed by Filter": 134163,                                                                 
                                                                       "Shared Hit Blocks": 0,                                                                           
                                                                       "Shared Read Blocks": 949,                                                                        
                                                                       "Shared Dirtied Blocks": 0,                                                                       
                                                                       "Shared Written Blocks": 0,                                                                       
                                                                       "Local Hit Blocks": 0,                                                                            
                                                                       "Local Read Blocks": 0,                                                                           
                                                                       "Local Dirtied Blocks": 0,                                                                        
                                                                       "Local Written Blocks": 0,                                                                        
                                                                       "Temp Read Blocks": 0,                                                                            
                                                                       "Temp Written Blocks": 0                                                                          
                                                                     }                                                                                                   
                                                                   ]                                                                                                     
                                                                 }                                                                                                       
                                                               ]                                                                                                         
                                                             },                                                                                                          
                                                             {                                                                                                           
                                                               "Node Type": "Hash",                                                                                      
                                                               "Parent Relationship": "Inner",                                                                           
                                                               "Parallel Aware": false,                                                                                  
                                                               "Startup Cost": 32.27,                                                                                    
                                                               "Total Cost": 32.27,                                                                                      
                                                               "Plan Rows": 135086,                                                                                      
                                                               "Plan Width": 12,                                                                                         
                                                               "Actual Startup Time": 159.917,                                                                           
                                                               "Actual Total Time": 159.917,                                                                             
                                                               "Actual Rows": 135086,                                                                                    
                                                               "Actual Loops": 1,                                                                                        
                                                               "Hash Buckets": 262144,                                                                                   
                                                               "Original Hash Buckets": 262144,                                                                          
                                                               "Hash Batches": 1,                                                                                        
                                                               "Original Hash Batches": 1,                                                                               
                                                               "Peak Memory Usage": 7853,                                                                                
                                                               "Shared Hit Blocks": 0,                                                                                   
                                                               "Shared Read Blocks": 731,                                                                                
                                                               "Shared Dirtied Blocks": 0,                                                                               
                                                               "Shared Written Blocks": 0,                                                                               
                                                               "Local Hit Blocks": 0,                                                                                    
                                                               "Local Read Blocks": 0,                                                                                   
                                                               "Local Dirtied Blocks": 0,                                                                                
                                                               "Local Written Blocks": 0,                                                                                
                                                               "Temp Read Blocks": 0,                                                                                    
                                                               "Temp Written Blocks": 0,                                                                                 
                                                               "Plans": [                                                                                                
                                                                 {                                                                                                       
                                                                   "Node Type": "Seq Scan",                                                                              
                                                                   "Parent Relationship": "Outer",                                                                       
                                                                   "Parallel Aware": false,                                                                              
                                                                   "Relation Name": "complete_cast",                                                                     
                                                                   "Alias": "cc",                                                                                        
                                                                   "Startup Cost": 0.00,                                                                                 
                                                                   "Total Cost": 32.27,                                                                                  
                                                                   "Plan Rows": 135086,                                                                                  
                                                                   "Plan Width": 12,                                                                                     
                                                                   "Actual Startup Time": 7.286,                                                                         
                                                                   "Actual Total Time": 101.755,                                                                         
                                                                   "Actual Rows": 135086,                                                                                
                                                                   "Actual Loops": 1,                                                                                    
                                                                   "Shared Hit Blocks": 0,                                                                               
                                                                   "Shared Read Blocks": 731,                                                                            
                                                                   "Shared Dirtied Blocks": 0,                                                                           
                                                                   "Shared Written Blocks": 0,                                                                           
                                                                   "Local Hit Blocks": 0,                                                                                
                                                                   "Local Read Blocks": 0,                                                                               
                                                                   "Local Dirtied Blocks": 0,                                                                            
                                                                   "Local Written Blocks": 0,                                                                            
                                                                   "Temp Read Blocks": 0,                                                                                
                                                                   "Temp Written Blocks": 0                                                                              
                                                                 }                                                                                                       
                                                               ]                                                                                                         
                                                             }                                                                                                           
                                                           ]                                                                                                             
                                                         },                                                                                                              
                                                         {                                                                                                               
                                                           "Node Type": "Hash",                                                                                          
                                                           "Parent Relationship": "Inner",                                                                               
                                                           "Parallel Aware": false,                                                                                      
                                                           "Startup Cost": 0.03,                                                                                         
                                                           "Total Cost": 0.03,                                                                                           
                                                           "Plan Rows": 2,                                                                                               
                                                           "Plan Width": 4,                                                                                              
                                                           "Actual Startup Time": 0.031,                                                                                 
                                                           "Actual Total Time": 0.031,                                                                                   
                                                           "Actual Rows": 2,                                                                                             
                                                           "Actual Loops": 1,                                                                                            
                                                           "Hash Buckets": 1024,                                                                                         
                                                           "Original Hash Buckets": 1024,                                                                                
                                                           "Hash Batches": 1,                                                                                            
                                                           "Original Hash Batches": 1,                                                                                   
                                                           "Peak Memory Usage": 9,                                                                                       
                                                           "Shared Hit Blocks": 1,                                                                                       
                                                           "Shared Read Blocks": 0,                                                                                      
                                                           "Shared Dirtied Blocks": 0,                                                                                   
                                                           "Shared Written Blocks": 0,                                                                                   
                                                           "Local Hit Blocks": 0,                                                                                        
                                                           "Local Read Blocks": 0,                                                                                       
                                                           "Local Dirtied Blocks": 0,                                                                                    
                                                           "Local Written Blocks": 0,                                                                                    
                                                           "Temp Read Blocks": 0,                                                                                        
                                                           "Temp Written Blocks": 0,                                                                                     
                                                           "Plans": [                                                                                                    
                                                             {                                                                                                           
                                                               "Node Type": "Seq Scan",                                                                                  
                                                               "Parent Relationship": "Outer",                                                                           
                                                               "Parallel Aware": false,                                                                                  
                                                               "Relation Name": "comp_cast_type",                                                                        
                                                               "Alias": "cct",                                                                                          
                                                               "Startup Cost": 0.00,                                                                                     
                                                               "Total Cost": 0.03,                                                                                       
                                                               "Plan Rows": 2,                                                                                           
                                                               "Plan Width": 4,                                                                                          
                                                               "Actual Startup Time": 0.013,                                                                             
                                                               "Actual Total Time": 0.017,                                                                               
                                                               "Actual Rows": 2,                                                                                         
                                                               "Actual Loops": 1,                                                                                        
                                                               "Filter": "((kind)::text = ANY ('{cast,crew}'::text[]))",                                                 
                                                               "Rows Removed by Filter": 2,                                                                              
                                                               "Shared Hit Blocks": 1,                                                                                   
                                                               "Shared Read Blocks": 0,                                                                                  
                                                               "Shared Dirtied Blocks": 0,                                                                               
                                                               "Shared Written Blocks": 0,                                                                               
                                                               "Local Hit Blocks": 0,                                                                                    
                                                               "Local Read Blocks": 0,                                                                                   
                                                               "Local Dirtied Blocks": 0,                                                                                
                                                               "Local Written Blocks": 0,                                                                                
                                                               "Temp Read Blocks": 0,                                                                                    
                                                               "Temp Written Blocks": 0                                                                                  
                                                             }                                                                                                           
                                                           ]                                                                                                             
                                                         }                                                                                                               
                                                       ]                                                                                                                 
                                                     },                                                                                                                  
                                                     {                                                                                                                   
                                                       "Node Type": "Hash",                                                                                              
                                                       "Parent Relationship": "Inner",                                                                                   
                                                       "Parallel Aware": false,                                                                                          
                                                       "Startup Cost": 0.03,                                                                                             
                                                       "Total Cost": 0.03,                                                                                               
                                                       "Plan Rows": 1,                                                                                                   
                                                       "Plan Width": 4,                                                                                                  
                                                       "Actual Startup Time": 6.517,                                                                                     
                                                       "Actual Total Time": 6.517,                                                                                       
                                                       "Actual Rows": 1,                                                                                                 
                                                       "Actual Loops": 1,                                                                                                
                                                       "Hash Buckets": 1024,                                                                                             
                                                       "Original Hash Buckets": 1024,                                                                                    
                                                       "Hash Batches": 1,                                                                                                
                                                       "Original Hash Batches": 1,                                                                                       
                                                       "Peak Memory Usage": 9,                                                                                           
                                                       "Shared Hit Blocks": 0,                                                                                           
                                                       "Shared Read Blocks": 1,                                                                                          
                                                       "Shared Dirtied Blocks": 0,                                                                                       
                                                       "Shared Written Blocks": 0,                                                                                       
                                                       "Local Hit Blocks": 0,                                                                                            
                                                       "Local Read Blocks": 0,                                                                                           
                                                       "Local Dirtied Blocks": 0,                                                                                        
                                                       "Local Written Blocks": 0,                                                                                        
                                                       "Temp Read Blocks": 0,                                                                                            
                                                       "Temp Written Blocks": 0,                                                                                         
                                                       "Plans": [                                                                                                        
                                                         {                                                                                                               
                                                           "Node Type": "Seq Scan",                                                                                      
                                                           "Parent Relationship": "Outer",                                                                               
                                                           "Parallel Aware": false,                                                                                      
                                                           "Relation Name": "comp_cast_type",                                                                            
                                                           "Alias": "cct",                                                                                              
                                                           "Startup Cost": 0.00,                                                                                         
                                                           "Total Cost": 0.03,                                                                                           
                                                           "Plan Rows": 1,                                                                                               
                                                           "Plan Width": 4,                                                                                              
                                                           "Actual Startup Time": 6.504,                                                                                 
                                                           "Actual Total Time": 6.506,                                                                                   
                                                           "Actual Rows": 1,                                                                                             
                                                           "Actual Loops": 1,                                                                                            
                                                           "Filter": "((kind)::text = 'completeverified'::text)",                                                       
                                                           "Rows Removed by Filter": 3,                                                                                  
                                                           "Shared Hit Blocks": 0,                                                                                       
                                                           "Shared Read Blocks": 1,                                                                                      
                                                           "Shared Dirtied Blocks": 0,                                                                                   
                                                           "Shared Written Blocks": 0,                                                                                   
                                                           "Local Hit Blocks": 0,                                                                                        
                                                           "Local Read Blocks": 0,                                                                                       
                                                           "Local Dirtied Blocks": 0,                                                                                    
                                                           "Local Written Blocks": 0,                                                                                    
                                                           "Temp Read Blocks": 0,                                                                                        
                                                           "Temp Written Blocks": 0                                                                                      
                                                         }                                                                                                               
                                                       ]                                                                                                                 
                                                     }                                                                                                                   
                                                   ]                                                                                                                     
                                                 }                                                                                                                       
                                               ]                                                                                                                         
                                             }                                                                                                                           
                                           ]                                                                                                                             
                                         },                                                                                                                              
                                         {                                                                                                                               
                                           "Node Type": "Hash",                                                                                                          
                                           "Parent Relationship": "Inner",                                                                                               
                                           "Parallel Aware": false,                                                                                                      
                                           "Startup Cost": 0.05,                                                                                                         
                                           "Total Cost": 0.05,                                                                                                           
                                           "Plan Rows": 1,                                                                                                               
                                           "Plan Width": 4,                                                                                                              
                                           "Actual Startup Time": 0.073,                                                                                                 
                                           "Actual Total Time": 0.073,                                                                                                   
                                           "Actual Rows": 1,                                                                                                             
                                           "Actual Loops": 1,                                                                                                            
                                           "Hash Buckets": 1024,                                                                                                         
                                           "Original Hash Buckets": 1024,                                                                                                
                                           "Hash Batches": 1,                                                                                                            
                                           "Original Hash Batches": 1,                                                                                                   
                                           "Peak Memory Usage": 9,                                                                                                       
                                           "Shared Hit Blocks": 1,                                                                                                       
                                           "Shared Read Blocks": 0,                                                                                                      
                                           "Shared Dirtied Blocks": 0,                                                                                                   
                                           "Shared Written Blocks": 0,                                                                                                   
                                           "Local Hit Blocks": 0,                                                                                                        
                                           "Local Read Blocks": 0,                                                                                                       
                                           "Local Dirtied Blocks": 0,                                                                                                    
                                           "Local Written Blocks": 0,                                                                                                    
                                           "Temp Read Blocks": 0,                                                                                                        
                                           "Temp Written Blocks": 0,                                                                                                     
                                           "Plans": [                                                                                                                    
                                             {                                                                                                                           
                                               "Node Type": "Seq Scan",                                                                                                  
                                               "Parent Relationship": "Outer",                                                                                           
                                               "Parallel Aware": false,                                                                                                  
                                               "Relation Name": "info_type",                                                                                             
                                               "Alias": "it",                                                                                                           
                                               "Startup Cost": 0.00,                                                                                                     
                                               "Total Cost": 0.05,                                                                                                       
                                               "Plan Rows": 1,                                                                                                           
                                               "Plan Width": 4,                                                                                                          
                                               "Actual Startup Time": 0.057,                                                                                             
                                               "Actual Total Time": 0.064,                                                                                               
                                               "Actual Rows": 1,                                                                                                         
                                               "Actual Loops": 1,                                                                                                        
                                               "Filter": "((info)::text = 'votes'::text)",                                                                               
                                               "Rows Removed by Filter": 112,                                                                                            
                                               "Shared Hit Blocks": 1,                                                                                                   
                                               "Shared Read Blocks": 0,                                                                                                  
                                               "Shared Dirtied Blocks": 0,                                                                                               
                                               "Shared Written Blocks": 0,                                                                                               
                                               "Local Hit Blocks": 0,                                                                                                    
                                               "Local Read Blocks": 0,                                                                                                   
                                               "Local Dirtied Blocks": 0,                                                                                                
                                               "Local Written Blocks": 0,                                                                                                
                                               "Temp Read Blocks": 0,                                                                                                    
                                               "Temp Written Blocks": 0                                                                                                  
                                             }                                                                                                                           
                                           ]                                                                                                                             
                                         }                                                                                                                               
                                       ]                                                                                                                                 
                                     }                                                                                                                                   
                                   ]                                                                                                                                     
                                 }                                                                                                                                       
                               ]                                                                                                                                         
                             }                                                                                                                                           
                           ]                                                                                                                                             
                         }                                                                                                                                               
                       ]                                                                                                                                                 
                     },                                                                                                                                                  
                     {                                                                                                                                                   
                       "Node Type": "Hash",                                                                                                                              
                       "Parent Relationship": "Inner",                                                                                                                   
                       "Parallel Aware": false,                                                                                                                          
                       "Startup Cost": 2356.12,                                                                                                                          
                       "Total Cost": 2356.12,                                                                                                                            
                       "Plan Rows": 1739438,                                                                                                                             
                       "Plan Width": 19,                                                                                                                                 
                       "Actual Startup Time": 2719.579,                                                                                                                  
                       "Actual Total Time": 2719.579,                                                                                                                    
                       "Actual Rows": 1739579,                                                                                                                           
                       "Actual Loops": 1,                                                                                                                                
                       "Hash Buckets": 2097152,                                                                                                                          
                       "Original Hash Buckets": 2097152,                                                                                                                 
                       "Hash Batches": 1,                                                                                                                                
                       "Original Hash Batches": 1,                                                                                                                       
                       "Peak Memory Usage": 106207,                                                                                                                      
                       "Shared Hit Blocks": 0,                                                                                                                           
                       "Shared Read Blocks": 55613,                                                                                                                      
                       "Shared Dirtied Blocks": 0,                                                                                                                       
                       "Shared Written Blocks": 0,                                                                                                                       
                       "Local Hit Blocks": 0,                                                                                                                            
                       "Local Read Blocks": 0,                                                                                                                           
                       "Local Dirtied Blocks": 0,                                                                                                                        
                       "Local Written Blocks": 0,                                                                                                                        
                       "Temp Read Blocks": 0,                                                                                                                            
                       "Temp Written Blocks": 0,                                                                                                                         
                       "Plans": [                                                                                                                                        
                         {                                                                                                                                               
                           "Node Type": "Seq Scan",                                                                                                                      
                           "Parent Relationship": "Outer",                                                                                                               
                           "Parallel Aware": false,                                                                                                                      
                           "Relation Name": "name",                                                                                                                      
                           "Alias": "n",                                                                                                                                 
                           "Startup Cost": 0.00,                                                                                                                         
                           "Total Cost": 2356.12,                                                                                                                        
                           "Plan Rows": 1739438,                                                                                                                         
                           "Plan Width": 19,                                                                                                                             
                           "Actual Startup Time": 22.717,                                                                                                                
                           "Actual Total Time": 2172.358,                                                                                                                
                           "Actual Rows": 1739579,                                                                                                                       
                           "Actual Loops": 1,                                                                                                                            
                           "Filter": "((gender)::text = 'm'::text)",                                                                                                     
                           "Rows Removed by Filter": 2427912,                                                                                                            
                           "Shared Hit Blocks": 0,                                                                                                                       
                           "Shared Read Blocks": 55613,                                                                                                                  
                           "Shared Dirtied Blocks": 0,                                                                                                                   
                           "Shared Written Blocks": 0,                                                                                                                   
                           "Local Hit Blocks": 0,                                                                                                                        
                           "Local Read Blocks": 0,                                                                                                                       
                           "Local Dirtied Blocks": 0,                                                                                                                    
                           "Local Written Blocks": 0,                                                                                                                    
                           "Temp Read Blocks": 0,                                                                                                                        
                           "Temp Written Blocks": 0                                                                                                                      
                         }                                                                                                                                               
                       ]                                                                                                                                                 
                     }                                                                                                                                                   
                   ]                                                                                                                                                     
                 },                                                                                                                                                      
                 {                                                                                                                                                       
                   "Node Type": "Hash",                                                                                                                                  
                   "Parent Relationship": "Inner",                                                                                                                       
                   "Parallel Aware": false,                                                                                                                              
                   "Startup Cost": 7255.68,                                                                                                                              
                   "Total Cost": 7255.68,                                                                                                                                
                   "Plan Rows": 73417,                                                                                                                                   
                   "Plan Width": 50,                                                                                                                                     
                   "Actual Startup Time": 51608.562,                                                                                                                     
                   "Actual Total Time": 51608.562,                                                                                                                       
                   "Actual Rows": 73047,                                                                                                                                 
                   "Actual Loops": 1,                                                                                                                                    
                   "Hash Buckets": 131072,                                                                                                                               
                   "Original Hash Buckets": 131072,                                                                                                                      
                   "Hash Batches": 1,                                                                                                                                    
                   "Original Hash Batches": 1,                                                                                                                           
                   "Peak Memory Usage": 4614,                                                                                                                            
                   "Shared Hit Blocks": 0,                                                                                                                               
                   "Shared Read Blocks": 161892,                                                                                                                         
                   "Shared Dirtied Blocks": 0,                                                                                                                           
                   "Shared Written Blocks": 0,                                                                                                                           
                   "Local Hit Blocks": 0,                                                                                                                                
                   "Local Read Blocks": 0,                                                                                                                               
                   "Local Dirtied Blocks": 0,                                                                                                                            
                   "Local Written Blocks": 0,                                                                                                                            
                   "Temp Read Blocks": 0,                                                                                                                                
                   "Temp Written Blocks": 0,                                                                                                                             
                   "Plans": [                                                                                                                                            
                     {                                                                                                                                                   
                       "Node Type": "Seq Scan",                                                                                                                          
                       "Parent Relationship": "Outer",                                                                                                                   
                       "Parallel Aware": false,                                                                                                                          
                       "Relation Name": "movie_info",                                                                                                                    
                       "Alias": "mi",                                                                                                                                    
                       "Startup Cost": 0.00,                                                                                                                             
                       "Total Cost": 7255.68,                                                                                                                            
                       "Plan Rows": 73417,                                                                                                                               
                       "Plan Width": 50,                                                                                                                                 
                       "Actual Startup Time": 27427.509,                                                                                                                 
                       "Actual Total Time": 51539.689,                                                                                                                   
                       "Actual Rows": 73047,                                                                                                                             
                       "Actual Loops": 1,                                                                                                                                
                       "Filter": "(info = ANY ('{Horror,Thriller}'::text[]))",                                                                                           
                       "Rows Removed by Filter": 14762673,                                                                                                               
                       "Shared Hit Blocks": 0,                                                                                                                           
                       "Shared Read Blocks": 161892,                                                                                                                     
                       "Shared Dirtied Blocks": 0,                                                                                                                       
                       "Shared Written Blocks": 0,                                                                                                                       
                       "Local Hit Blocks": 0,                                                                                                                            
                       "Local Read Blocks": 0,                                                                                                                           
                       "Local Dirtied Blocks": 0,                                                                                                                        
                       "Local Written Blocks": 0,                                                                                                                        
                       "Temp Read Blocks": 0,                                                                                                                            
                       "Temp Written Blocks": 0                                                                                                                          
                     }                                                                                                                                                   
                   ]                                                                                                                                                     
                 }                                                                                                                                                       
               ]                                                                                                                                                         
             },                                                                                                                                                          
             {                                                                                                                                                           
               "Node Type": "Hash",                                                                                                                                      
               "Parent Relationship": "Inner",                                                                                                                           
               "Parallel Aware": false,                                                                                                                                  
               "Startup Cost": 0.05,                                                                                                                                     
               "Total Cost": 0.05,                                                                                                                                       
               "Plan Rows": 1,                                                                                                                                           
               "Plan Width": 4,                                                                                                                                          
               "Actual Startup Time": 2.739,                                                                                                                             
               "Actual Total Time": 2.739,                                                                                                                               
               "Actual Rows": 1,                                                                                                                                         
               "Actual Loops": 1,                                                                                                                                        
               "Hash Buckets": 1024,                                                                                                                                     
               "Original Hash Buckets": 1024,                                                                                                                            
               "Hash Batches": 1,                                                                                                                                        
               "Original Hash Batches": 1,                                                                                                                               
               "Peak Memory Usage": 9,                                                                                                                                   
               "Shared Hit Blocks": 0,                                                                                                                                   
               "Shared Read Blocks": 1,                                                                                                                                  
               "Shared Dirtied Blocks": 0,                                                                                                                               
               "Shared Written Blocks": 0,                                                                                                                               
               "Local Hit Blocks": 0,                                                                                                                                    
               "Local Read Blocks": 0,                                                                                                                                   
               "Local Dirtied Blocks": 0,                                                                                                                                
               "Local Written Blocks": 0,                                                                                                                                
               "Temp Read Blocks": 0,                                                                                                                                    
               "Temp Written Blocks": 0,                                                                                                                                 
               "Plans": [                                                                                                                                                
                 {                                                                                                                                                       
                   "Node Type": "Seq Scan",                                                                                                                              
                   "Parent Relationship": "Outer",                                                                                                                       
                   "Parallel Aware": false,                                                                                                                              
                   "Relation Name": "info_type",                                                                                                                         
                   "Alias": "it",                                                                                                                                       
                   "Startup Cost": 0.00,                                                                                                                                 
                   "Total Cost": 0.05,                                                                                                                                   
                   "Plan Rows": 1,                                                                                                                                       
                   "Plan Width": 4,                                                                                                                                      
                   "Actual Startup Time": 2.681,                                                                                                                         
                   "Actual Total Time": 2.721,                                                                                                                           
                   "Actual Rows": 1,                                                                                                                                     
                   "Actual Loops": 1,                                                                                                                                    
                   "Filter": "((info)::text = 'genres'::text)",                                                                                                          
                   "Rows Removed by Filter": 112,                                                                                                                        
                   "Shared Hit Blocks": 0,                                                                                                                               
                   "Shared Read Blocks": 1,                                                                                                                              
                   "Shared Dirtied Blocks": 0,                                                                                                                           
                   "Shared Written Blocks": 0,                                                                                                                           
                   "Local Hit Blocks": 0,                                                                                                                                
                   "Local Read Blocks": 0,                                                                                                                               
                   "Local Dirtied Blocks": 0,                                                                                                                            
                   "Local Written Blocks": 0,                                                                                                                            
                   "Temp Read Blocks": 0,                                                                                                                                
                   "Temp Written Blocks": 0                                                                                                                              
                 }                                                                                                                                                       
               ]                                                                                                                                                         
             }                                                                                                                                                           
           ]                                                                                                                                                             
         }                                                                                                                                                               
       ]                                                                                                                                                                 
     },                                                                                                                                                                  
     "Planning Time": 14938.260,                                                                                                                                         
     "Triggers": [                                                                                                                                                       
     ],                                                                                                                                                                  
     "Execution Time": 70352.825                                                                                                                                         
   }                                                                                                                                                                     
 ]
