 [                                                                                                                                                                       
   {                                                                                                                                                                     
     "Plan": {                                                                                                                                                           
       "Node Type": "Aggregate",                                                                                                                                         
       "Strategy": "Plain",                                                                                                                                              
       "Partial Mode": "Simple",                                                                                                                                         
       "Parallel Aware": false,                                                                                                                                          
       "Startup Cost": 33541.95,                                                                                                                                         
       "Total Cost": 33541.95,                                                                                                                                           
       "Plan Rows": 1,                                                                                                                                                   
       "Plan Width": 128,                                                                                                                                                
       "Actual Startup Time": 27253.255,                                                                                                                                 
       "Actual Total Time": 27253.256,                                                                                                                                   
       "Actual Rows": 1,                                                                                                                                                 
       "Actual Loops": 1,                                                                                                                                                
       "Shared Hit Blocks": 5,                                                                                                                                           
       "Shared Read Blocks": 540746,                                                                                                                                     
       "Shared Dirtied Blocks": 0,                                                                                                                                       
       "Shared Written Blocks": 0,                                                                                                                                       
       "Local Hit Blocks": 0,                                                                                                                                            
       "Local Read Blocks": 0,                                                                                                                                           
       "Local Dirtied Blocks": 0,                                                                                                                                        
       "Local Written Blocks": 0,                                                                                                                                        
       "Temp Read Blocks": 0,                                                                                                                                            
       "Temp Written Blocks": 0,                                                                                                                                         
       "Plans": [                                                                                                                                                        
         {                                                                                                                                                               
           "Node Type": "Hash Join",                                                                                                                                     
           "Parent Relationship": "Outer",                                                                                                                               
           "Parallel Aware": false,                                                                                                                                      
           "Join Type": "Inner",                                                                                                                                         
           "Startup Cost": 15930.86,                                                                                                                                     
           "Total Cost": 33541.95,                                                                                                                                       
           "Plan Rows": 1,                                                                                                                                               
           "Plan Width": 80,                                                                                                                                             
           "Actual Startup Time": 23124.475,                                                                                                                             
           "Actual Total Time": 27240.245,                                                                                                                               
           "Actual Rows": 8024,                                                                                                                                          
           "Actual Loops": 1,                                                                                                                                            
           "Inner Unique": true,                                                                                                                                         
           "Hash Cond": "(ci.person_id = n.id)",                                                                                                                         
           "Shared Hit Blocks": 5,                                                                                                                                       
           "Shared Read Blocks": 540746,                                                                                                                                 
           "Shared Dirtied Blocks": 0,                                                                                                                                   
           "Shared Written Blocks": 0,                                                                                                                                   
           "Local Hit Blocks": 0,                                                                                                                                        
           "Local Read Blocks": 0,                                                                                                                                       
           "Local Dirtied Blocks": 0,                                                                                                                                    
           "Local Written Blocks": 0,                                                                                                                                    
           "Temp Read Blocks": 0,                                                                                                                                        
           "Temp Written Blocks": 0,                                                                                                                                     
           "Plans": [                                                                                                                                                    
             {                                                                                                                                                           
               "Node Type": "Hash Join",                                                                                                                                 
               "Parent Relationship": "Outer",                                                                                                                           
               "Parallel Aware": false,                                                                                                                                  
               "Join Type": "Inner",                                                                                                                                     
               "Startup Cost": 13319.42,                                                                                                                                 
               "Total Cost": 30930.51,                                                                                                                                   
               "Plan Rows": 1,                                                                                                                                           
               "Plan Width": 69,                                                                                                                                         
               "Actual Startup Time": 20486.606,                                                                                                                         
               "Actual Total Time": 24599.479,                                                                                                                           
               "Actual Rows": 11863,                                                                                                                                     
               "Actual Loops": 1,                                                                                                                                        
               "Inner Unique": false,                                                                                                                                    
               "Hash Cond": "(ci.movie_id = t.id)",                                                                                                                      
               "Shared Hit Blocks": 2,                                                                                                                                   
               "Shared Read Blocks": 485133,                                                                                                                             
               "Shared Dirtied Blocks": 0,                                                                                                                               
               "Shared Written Blocks": 0,                                                                                                                               
               "Local Hit Blocks": 0,                                                                                                                                    
               "Local Read Blocks": 0,                                                                                                                                   
               "Local Dirtied Blocks": 0,                                                                                                                                
               "Local Written Blocks": 0,                                                                                                                                
               "Temp Read Blocks": 0,                                                                                                                                    
               "Temp Written Blocks": 0,                                                                                                                                 
               "Plans": [                                                                                                                                                
                 {                                                                                                                                                       
                   "Node Type": "Seq Scan",                                                                                                                              
                   "Parent Relationship": "Outer",                                                                                                                       
                   "Parallel Aware": false,                                                                                                                              
                   "Relation Name": "cast_info",                                                                                                                         
                   "Alias": "ci",                                                                                                                                        
                   "Startup Cost": 0.00,                                                                                                                                 
                   "Total Cost": 17466.00,                                                                                                                               
                   "Plan Rows": 1245851,                                                                                                                                 
                   "Plan Width": 8,                                                                                                                                      
                   "Actual Startup Time": 404.807,                                                                                                                       
                   "Actual Total Time": 12144.316,                                                                                                                       
                   "Actual Rows": 1244716,                                                                                                                               
                   "Actual Loops": 1,                                                                                                                                    
                   "Filter": "(note = ANY ('{(writer),\"(head writer)\",\"(written by)\",(story),\"(story editor)\"}'::text[]))",                                        
                   "Rows Removed by Filter": 34999628,                                                                                                                   
                   "Shared Hit Blocks": 0,                                                                                                                               
                   "Shared Read Blocks": 252654,                                                                                                                         
                   "Shared Dirtied Blocks": 0,                                                                                                                           
                   "Shared Written Blocks": 0,                                                                                                                           
                   "Local Hit Blocks": 0,                                                                                                                                
                   "Local Read Blocks": 0,                                                                                                                               
                   "Local Dirtied Blocks": 0,                                                                                                                            
                   "Local Written Blocks": 0,                                                                                                                            
                   "Temp Read Blocks": 0,                                                                                                                                
                   "Temp Written Blocks": 0                                                                                                                              
                 },                                                                                                                                                      
                 {                                                                                                                                                       
                   "Node Type": "Hash",                                                                                                                                  
                   "Parent Relationship": "Inner",                                                                                                                       
                   "Parallel Aware": false,                                                                                                                              
                   "Startup Cost": 13319.42,                                                                                                                             
                   "Total Cost": 13319.42,                                                                                                                               
                   "Plan Rows": 1,                                                                                                                                       
                   "Plan Width": 85,                                                                                                                                     
                   "Actual Startup Time": 12241.369,                                                                                                                     
                   "Actual Total Time": 12241.369,                                                                                                                       
                   "Actual Rows": 14655,                                                                                                                                 
                   "Actual Loops": 1,                                                                                                                                    
                   "Hash Buckets": 16384,                                                                                                                                
                   "Original Hash Buckets": 1024,                                                                                                                        
                   "Hash Batches": 1,                                                                                                                                    
                   "Original Hash Batches": 1,                                                                                                                           
                   "Peak Memory Usage": 1355,                                                                                                                            
                   "Shared Hit Blocks": 2,                                                                                                                               
                   "Shared Read Blocks": 232479,                                                                                                                         
                   "Shared Dirtied Blocks": 0,                                                                                                                           
                   "Shared Written Blocks": 0,                                                                                                                           
                   "Local Hit Blocks": 0,                                                                                                                                
                   "Local Read Blocks": 0,                                                                                                                               
                   "Local Dirtied Blocks": 0,                                                                                                                            
                   "Local Written Blocks": 0,                                                                                                                            
                   "Temp Read Blocks": 0,                                                                                                                                
                   "Temp Written Blocks": 0,                                                                                                                             
                   "Plans": [                                                                                                                                            
                     {                                                                                                                                                   
                       "Node Type": "Hash Join",                                                                                                                         
                       "Parent Relationship": "Outer",                                                                                                                   
                       "Parallel Aware": false,                                                                                                                          
                       "Join Type": "Inner",                                                                                                                             
                       "Startup Cost": 3738.03,                                                                                                                          
                       "Total Cost": 13319.42,                                                                                                                           
                       "Plan Rows": 1,                                                                                                                                   
                       "Plan Width": 85,                                                                                                                                 
                       "Actual Startup Time": 11464.380,                                                                                                                 
                       "Actual Total Time": 12233.667,                                                                                                                   
                       "Actual Rows": 14655,                                                                                                                             
                       "Actual Loops": 1,                                                                                                                                
                       "Inner Unique": true,                                                                                                                             
                       "Hash Cond": "(cc.subject_id = cct.id)",                                                                                                         
                       "Shared Hit Blocks": 2,                                                                                                                           
                       "Shared Read Blocks": 232479,                                                                                                                     
                       "Shared Dirtied Blocks": 0,                                                                                                                       
                       "Shared Written Blocks": 0,                                                                                                                       
                       "Local Hit Blocks": 0,                                                                                                                            
                       "Local Read Blocks": 0,                                                                                                                           
                       "Local Dirtied Blocks": 0,                                                                                                                        
                       "Local Written Blocks": 0,                                                                                                                        
                       "Temp Read Blocks": 0,                                                                                                                            
                       "Temp Written Blocks": 0,                                                                                                                         
                       "Plans": [                                                                                                                                        
                         {                                                                                                                                               
                           "Node Type": "Hash Join",                                                                                                                     
                           "Parent Relationship": "Outer",                                                                                                               
                           "Parallel Aware": false,                                                                                                                      
                           "Join Type": "Inner",                                                                                                                         
                           "Startup Cost": 3738.00,                                                                                                                      
                           "Total Cost": 13319.39,                                                                                                                       
                           "Plan Rows": 1,                                                                                                                               
                           "Plan Width": 89,                                                                                                                             
                           "Actual Startup Time": 11437.692,                                                                                                             
                           "Actual Total Time": 12200.310,                                                                                                               
                           "Actual Rows": 18543,                                                                                                                         
                           "Actual Loops": 1,                                                                                                                            
                           "Inner Unique": true,                                                                                                                         
                           "Hash Cond": "(mi.info_type_id = it.id)",                                                                                                    
                           "Shared Hit Blocks": 2,                                                                                                                       
                           "Shared Read Blocks": 232478,                                                                                                                 
                           "Shared Dirtied Blocks": 0,                                                                                                                   
                           "Shared Written Blocks": 0,                                                                                                                   
                           "Local Hit Blocks": 0,                                                                                                                        
                           "Local Read Blocks": 0,                                                                                                                       
                           "Local Dirtied Blocks": 0,                                                                                                                    
                           "Local Written Blocks": 0,                                                                                                                    
                           "Temp Read Blocks": 0,                                                                                                                        
                           "Temp Written Blocks": 0,                                                                                                                     
                           "Plans": [                                                                                                                                    
                             {                                                                                                                                           
                               "Node Type": "Hash Join",                                                                                                                 
                               "Parent Relationship": "Outer",                                                                                                           
                               "Parallel Aware": false,                                                                                                                  
                               "Join Type": "Inner",                                                                                                                     
                               "Startup Cost": 3737.95,                                                                                                                  
                               "Total Cost": 13319.34,                                                                                                                   
                               "Plan Rows": 1,                                                                                                                           
                               "Plan Width": 93,                                                                                                                         
                               "Actual Startup Time": 8711.009,                                                                                                          
                               "Actual Total Time": 12183.350,                                                                                                           
                               "Actual Rows": 23704,                                                                                                                     
                               "Actual Loops": 1,                                                                                                                        
                               "Inner Unique": false,                                                                                                                    
                               "Hash Cond": "(mi.movie_id = t.id)",                                                                                                      
                               "Shared Hit Blocks": 2,                                                                                                                   
                               "Shared Read Blocks": 232477,                                                                                                             
                               "Shared Dirtied Blocks": 0,                                                                                                               
                               "Shared Written Blocks": 0,                                                                                                               
                               "Local Hit Blocks": 0,                                                                                                                    
                               "Local Read Blocks": 0,                                                                                                                   
                               "Local Dirtied Blocks": 0,                                                                                                                
                               "Local Written Blocks": 0,                                                                                                                
                               "Temp Read Blocks": 0,                                                                                                                    
                               "Temp Written Blocks": 0,                                                                                                                 
                               "Plans": [                                                                                                                                
                                 {                                                                                                                                       
                                   "Node Type": "Seq Scan",                                                                                                              
                                   "Parent Relationship": "Outer",                                                                                                       
                                   "Parallel Aware": false,                                                                                                              
                                   "Relation Name": "movie_info",                                                                                                        
                                   "Alias": "mi",                                                                                                                        
                                   "Startup Cost": 0.00,                                                                                                                 
                                   "Total Cost": 9559.36,                                                                                                                
                                   "Plan Rows": 189170,                                                                                                                  
                                   "Plan Width": 50,                                                                                                                     
                                   "Actual Startup Time": 2859.830,                                                                                                      
                                   "Actual Total Time": 8365.245,                                                                                                        
                                   "Actual Rows": 188971,                                                                                                                
                                   "Actual Loops": 1,                                                                                                                    
                                   "Filter": "(info = ANY ('{Horror,Action,Sci-Fi,Thriller,Crime,War}'::text[]))",                                                       
                                   "Rows Removed by Filter": 14646749,                                                                                                   
                                   "Shared Hit Blocks": 0,                                                                                                               
                                   "Shared Read Blocks": 161892,                                                                                                         
                                   "Shared Dirtied Blocks": 0,                                                                                                           
                                   "Shared Written Blocks": 0,                                                                                                           
                                   "Local Hit Blocks": 0,                                                                                                                
                                   "Local Read Blocks": 0,                                                                                                               
                                   "Local Dirtied Blocks": 0,                                                                                                            
                                   "Local Written Blocks": 0,                                                                                                            
                                   "Temp Read Blocks": 0,                                                                                                                
                                   "Temp Written Blocks": 0                                                                                                              
                                 },                                                                                                                                      
                                 {                                                                                                                                       
                                   "Node Type": "Hash",                                                                                                                  
                                   "Parent Relationship": "Inner",                                                                                                       
                                   "Parallel Aware": false,                                                                                                              
                                   "Startup Cost": 3737.95,                                                                                                              
                                   "Total Cost": 3737.95,                                                                                                                
                                   "Plan Rows": 1,                                                                                                                       
                                   "Plan Width": 43,                                                                                                                     
                                   "Actual Startup Time": 3766.926,                                                                                                      
                                   "Actual Total Time": 3766.926,                                                                                                        
                                   "Actual Rows": 16283,                                                                                                                 
                                   "Actual Loops": 1,                                                                                                                    
                                   "Hash Buckets": 16384,                                                                                                                
                                   "Original Hash Buckets": 1024,                                                                                                        
                                   "Hash Batches": 1,                                                                                                                    
                                   "Original Hash Batches": 1,                                                                                                           
                                   "Peak Memory Usage": 1348,                                                                                                            
                                   "Shared Hit Blocks": 2,                                                                                                               
                                   "Shared Read Blocks": 70585,                                                                                                          
                                   "Shared Dirtied Blocks": 0,                                                                                                           
                                   "Shared Written Blocks": 0,                                                                                                           
                                   "Local Hit Blocks": 0,                                                                                                                
                                   "Local Read Blocks": 0,                                                                                                               
                                   "Local Dirtied Blocks": 0,                                                                                                            
                                   "Local Written Blocks": 0,                                                                                                            
                                   "Temp Read Blocks": 0,                                                                                                                
                                   "Temp Written Blocks": 0,                                                                                                             
                                   "Plans": [                                                                                                                            
                                     {                                                                                                                                   
                                       "Node Type": "Hash Join",                                                                                                         
                                       "Parent Relationship": "Outer",                                                                                                   
                                       "Parallel Aware": false,                                                                                                          
                                       "Join Type": "Inner",                                                                                                             
                                       "Startup Cost": 2139.54,                                                                                                          
                                       "Total Cost": 3737.95,                                                                                                            
                                       "Plan Rows": 1,                                                                                                                   
                                       "Plan Width": 43,                                                                                                                 
                                       "Actual Startup Time": 2060.363,                                                                                                  
                                       "Actual Total Time": 3757.018,                                                                                                    
                                       "Actual Rows": 16283,                                                                                                             
                                       "Actual Loops": 1,                                                                                                                
                                       "Inner Unique": true,                                                                                                             
                                       "Hash Cond": "(cc.status_id = cct.id)",                                                                                          
                                       "Shared Hit Blocks": 2,                                                                                                           
                                       "Shared Read Blocks": 70585,                                                                                                      
                                       "Shared Dirtied Blocks": 0,                                                                                                       
                                       "Shared Written Blocks": 0,                                                                                                       
                                       "Local Hit Blocks": 0,                                                                                                            
                                       "Local Read Blocks": 0,                                                                                                           
                                       "Local Dirtied Blocks": 0,                                                                                                        
                                       "Local Written Blocks": 0,                                                                                                        
                                       "Temp Read Blocks": 0,                                                                                                            
                                       "Temp Written Blocks": 0,                                                                                                         
                                       "Plans": [                                                                                                                        
                                         {                                                                                                                               
                                           "Node Type": "Hash Join",                                                                                                     
                                           "Parent Relationship": "Outer",                                                                                               
                                           "Parallel Aware": false,                                                                                                      
                                           "Join Type": "Inner",                                                                                                         
                                           "Startup Cost": 2139.51,                                                                                                      
                                           "Total Cost": 3737.92,                                                                                                        
                                           "Plan Rows": 2,                                                                                                               
                                           "Plan Width": 47,                                                                                                             
                                           "Actual Startup Time": 2058.514,                                                                                              
                                           "Actual Total Time": 3745.028,                                                                                                
                                           "Actual Rows": 35346,                                                                                                         
                                           "Actual Loops": 1,                                                                                                            
                                           "Inner Unique": false,                                                                                                        
                                           "Hash Cond": "(t.id = mi_idx.movie_id)",                                                                                      
                                           "Shared Hit Blocks": 1,                                                                                                       
                                           "Shared Read Blocks": 70585,                                                                                                  
                                           "Shared Dirtied Blocks": 0,                                                                                                   
                                           "Shared Written Blocks": 0,                                                                                                   
                                           "Local Hit Blocks": 0,                                                                                                        
                                           "Local Read Blocks": 0,                                                                                                       
                                           "Local Dirtied Blocks": 0,                                                                                                    
                                           "Local Written Blocks": 0,                                                                                                    
                                           "Temp Read Blocks": 0,                                                                                                        
                                           "Temp Written Blocks": 0,                                                                                                     
                                           "Plans": [                                                                                                                    
                                             {                                                                                                                           
                                               "Node Type": "Seq Scan",                                                                                                  
                                               "Parent Relationship": "Outer",                                                                                           
                                               "Parallel Aware": false,                                                                                                  
                                               "Relation Name": "title",                                                                                                 
                                               "Alias": "t",                                                                                                             
                                               "Startup Cost": 0.00,                                                                                                     
                                               "Total Cost": 1303.96,                                                                                                    
                                               "Plan Rows": 2528312,                                                                                                     
                                               "Plan Width": 21,                                                                                                         
                                               "Actual Startup Time": 8.740,                                                                                             
                                               "Actual Total Time": 1005.548,                                                                                            
                                               "Actual Rows": 2528312,                                                                                                   
                                               "Actual Loops": 1,                                                                                                        
                                               "Shared Hit Blocks": 0,                                                                                                   
                                               "Shared Read Blocks": 35998,                                                                                              
                                               "Shared Dirtied Blocks": 0,                                                                                               
                                               "Shared Written Blocks": 0,                                                                                               
                                               "Local Hit Blocks": 0,                                                                                                    
                                               "Local Read Blocks": 0,                                                                                                   
                                               "Local Dirtied Blocks": 0,                                                                                                
                                               "Local Written Blocks": 0,                                                                                                
                                               "Temp Read Blocks": 0,                                                                                                    
                                               "Temp Written Blocks": 0                                                                                                  
                                             },                                                                                                                          
                                             {                                                                                                                           
                                               "Node Type": "Hash",                                                                                                      
                                               "Parent Relationship": "Inner",                                                                                           
                                               "Parallel Aware": false,                                                                                                  
                                               "Startup Cost": 2139.51,                                                                                                  
                                               "Total Cost": 2139.51,                                                                                                    
                                               "Plan Rows": 2,                                                                                                           
                                               "Plan Width": 26,                                                                                                         
                                               "Actual Startup Time": 2030.844,                                                                                          
                                               "Actual Total Time": 2030.844,                                                                                            
                                               "Actual Rows": 35346,                                                                                                     
                                               "Actual Loops": 1,                                                                                                        
                                               "Hash Buckets": 65536,                                                                                                    
                                               "Original Hash Buckets": 1024,                                                                                            
                                               "Hash Batches": 1,                                                                                                        
                                               "Original Hash Batches": 1,                                                                                               
                                               "Peak Memory Usage": 2521,                                                                                                
                                               "Shared Hit Blocks": 1,                                                                                                   
                                               "Shared Read Blocks": 34587,                                                                                              
                                               "Shared Dirtied Blocks": 0,                                                                                               
                                               "Shared Written Blocks": 0,                                                                                               
                                               "Local Hit Blocks": 0,                                                                                                    
                                               "Local Read Blocks": 0,                                                                                                   
                                               "Local Dirtied Blocks": 0,                                                                                                
                                               "Local Written Blocks": 0,                                                                                                
                                               "Temp Read Blocks": 0,                                                                                                    
                                               "Temp Written Blocks": 0,                                                                                                 
                                               "Plans": [                                                                                                                
                                                 {                                                                                                                       
                                                   "Node Type": "Hash Join",                                                                                             
                                                   "Parent Relationship": "Outer",                                                                                       
                                                   "Parallel Aware": false,                                                                                              
                                                   "Join Type": "Inner",                                                                                                 
                                                   "Startup Cost": 690.78,                                                                                               
                                                   "Total Cost": 2139.51,                                                                                                
                                                   "Plan Rows": 2,                                                                                                       
                                                   "Plan Width": 26,                                                                                                     
                                                   "Actual Startup Time": 872.519,                                                                                       
                                                   "Actual Total Time": 2017.953,                                                                                        
                                                   "Actual Rows": 35346,                                                                                                 
                                                   "Actual Loops": 1,                                                                                                    
                                                   "Inner Unique": true,                                                                                                 
                                                   "Hash Cond": "(mi_idx.info_type_id = it.id)",                                                                        
                                                   "Shared Hit Blocks": 1,                                                                                               
                                                   "Shared Read Blocks": 34587,                                                                                          
                                                   "Shared Dirtied Blocks": 0,                                                                                           
                                                   "Shared Written Blocks": 0,                                                                                           
                                                   "Local Hit Blocks": 0,                                                                                                
                                                   "Local Read Blocks": 0,                                                                                               
                                                   "Local Dirtied Blocks": 0,                                                                                            
                                                   "Local Written Blocks": 0,                                                                                            
                                                   "Temp Read Blocks": 0,                                                                                                
                                                   "Temp Written Blocks": 0,                                                                                             
                                                   "Plans": [                                                                                                            
                                                     {                                                                                                                   
                                                       "Node Type": "Hash Join",                                                                                         
                                                       "Parent Relationship": "Outer",                                                                                   
                                                       "Parallel Aware": false,                                                                                          
                                                       "Join Type": "Inner",                                                                                             
                                                       "Startup Cost": 690.73,                                                                                           
                                                       "Total Cost": 2139.45,                                                                                            
                                                       "Plan Rows": 214,                                                                                                 
                                                       "Plan Width": 30,                                                                                                 
                                                       "Actual Startup Time": 872.414,                                                                                   
                                                       "Actual Total Time": 1999.491,                                                                                    
                                                       "Actual Rows": 107001,                                                                                            
                                                       "Actual Loops": 1,                                                                                                
                                                       "Inner Unique": false,                                                                                            
                                                       "Hash Cond": "(mk.movie_id = mi_idx.movie_id)",                                                                   
                                                       "Shared Hit Blocks": 0,                                                                                           
                                                       "Shared Read Blocks": 34587,                                                                                      
                                                       "Shared Dirtied Blocks": 0,                                                                                       
                                                       "Shared Written Blocks": 0,                                                                                       
                                                       "Local Hit Blocks": 0,                                                                                            
                                                       "Local Read Blocks": 0,                                                                                           
                                                       "Local Dirtied Blocks": 0,                                                                                        
                                                       "Local Written Blocks": 0,                                                                                        
                                                       "Temp Read Blocks": 0,                                                                                            
                                                       "Temp Written Blocks": 0,                                                                                         
                                                       "Plans": [                                                                                                        
                                                         {                                                                                                               
                                                           "Node Type": "Hash Join",                                                                                     
                                                           "Parent Relationship": "Outer",                                                                               
                                                           "Parallel Aware": false,                                                                                      
                                                           "Join Type": "Inner",                                                                                         
                                                           "Startup Cost": 127.60,                                                                                       
                                                           "Total Cost": 1576.29,                                                                                        
                                                           "Plan Rows": 71,                                                                                              
                                                           "Plan Width": 16,                                                                                             
                                                           "Actual Startup Time": 217.015,                                                                               
                                                           "Actual Total Time": 1311.072,                                                                                
                                                           "Actual Rows": 36010,                                                                                         
                                                           "Actual Loops": 1,                                                                                            
                                                           "Inner Unique": false,                                                                                        
                                                           "Hash Cond": "(mk.movie_id = cc.movie_id)",                                                                   
                                                           "Shared Hit Blocks": 0,                                                                                       
                                                           "Shared Read Blocks": 26134,                                                                                  
                                                           "Shared Dirtied Blocks": 0,                                                                                   
                                                           "Shared Written Blocks": 0,                                                                                   
                                                           "Local Hit Blocks": 0,                                                                                        
                                                           "Local Read Blocks": 0,                                                                                       
                                                           "Local Dirtied Blocks": 0,                                                                                    
                                                           "Local Written Blocks": 0,                                                                                    
                                                           "Temp Read Blocks": 0,                                                                                        
                                                           "Temp Written Blocks": 0,                                                                                     
                                                           "Plans": [                                                                                                    
                                                             {                                                                                                           
                                                               "Node Type": "Hash Join",                                                                                 
                                                               "Parent Relationship": "Outer",                                                                           
                                                               "Parallel Aware": false,                                                                                  
                                                               "Join Type": "Inner",                                                                                     
                                                               "Startup Cost": 75.50,                                                                                    
                                                               "Total Cost": 1524.15,                                                                                    
                                                               "Plan Rows": 236,                                                                                         
                                                               "Plan Width": 4,                                                                                          
                                                               "Actual Startup Time": 113.319,                                                                           
                                                               "Actual Total Time": 1184.068,                                                                            
                                                               "Actual Rows": 76714,                                                                                     
                                                               "Actual Loops": 1,                                                                                        
                                                               "Inner Unique": true,                                                                                     
                                                               "Hash Cond": "(mk.keyword_id = k.id)",                                                                    
                                                               "Shared Hit Blocks": 0,                                                                                   
                                                               "Shared Read Blocks": 25403,                                                                              
                                                               "Shared Dirtied Blocks": 0,                                                                               
                                                               "Shared Written Blocks": 0,                                                                               
                                                               "Local Hit Blocks": 0,                                                                                    
                                                               "Local Read Blocks": 0,                                                                                   
                                                               "Local Dirtied Blocks": 0,                                                                                
                                                               "Local Written Blocks": 0,                                                                                
                                                               "Temp Read Blocks": 0,                                                                                    
                                                               "Temp Written Blocks": 0,                                                                                 
                                                               "Plans": [                                                                                                
                                                                 {                                                                                                       
                                                                   "Node Type": "Seq Scan",                                                                              
                                                                   "Parent Relationship": "Outer",                                                                       
                                                                   "Parallel Aware": false,                                                                              
                                                                   "Relation Name": "movie_keyword",                                                                     
                                                                   "Alias": "mk",                                                                                        
                                                                   "Startup Cost": 0.00,                                                                                 
                                                                   "Total Cost": 1079.84,                                                                                
                                                                   "Plan Rows": 4523930,                                                                                 
                                                                   "Plan Width": 8,                                                                                      
                                                                   "Actual Startup Time": 19.551,                                                                        
                                                                   "Actual Total Time": 493.651,                                                                         
                                                                   "Actual Rows": 4523930,                                                                               
                                                                   "Actual Loops": 1,                                                                                    
                                                                   "Shared Hit Blocks": 0,                                                                               
                                                                   "Shared Read Blocks": 24454,                                                                          
                                                                   "Shared Dirtied Blocks": 0,                                                                           
                                                                   "Shared Written Blocks": 0,                                                                           
                                                                   "Local Hit Blocks": 0,                                                                                
                                                                   "Local Read Blocks": 0,                                                                               
                                                                   "Local Dirtied Blocks": 0,                                                                            
                                                                   "Local Written Blocks": 0,                                                                            
                                                                   "Temp Read Blocks": 0,                                                                                
                                                                   "Temp Written Blocks": 0                                                                              
                                                                 },                                                                                                      
                                                                 {                                                                                                       
                                                                   "Node Type": "Hash",                                                                                  
                                                                   "Parent Relationship": "Inner",                                                                       
                                                                   "Parallel Aware": false,                                                                              
                                                                   "Startup Cost": 75.50,                                                                                
                                                                   "Total Cost": 75.50,                                                                                  
                                                                   "Plan Rows": 7,                                                                                       
                                                                   "Plan Width": 4,                                                                                      
                                                                   "Actual Startup Time": 93.666,                                                                        
                                                                   "Actual Total Time": 93.666,                                                                          
                                                                   "Actual Rows": 7,                                                                                     
                                                                   "Actual Loops": 1,                                                                                    
                                                                   "Hash Buckets": 1024,                                                                                 
                                                                   "Original Hash Buckets": 1024,                                                                        
                                                                   "Hash Batches": 1,                                                                                    
                                                                   "Original Hash Batches": 1,                                                                           
                                                                   "Peak Memory Usage": 9,                                                                               
                                                                   "Shared Hit Blocks": 0,                                                                               
                                                                   "Shared Read Blocks": 949,                                                                            
                                                                   "Shared Dirtied Blocks": 0,                                                                           
                                                                   "Shared Written Blocks": 0,                                                                           
                                                                   "Local Hit Blocks": 0,                                                                                
                                                                   "Local Read Blocks": 0,                                                                               
                                                                   "Local Dirtied Blocks": 0,                                                                            
                                                                   "Local Written Blocks": 0,                                                                            
                                                                   "Temp Read Blocks": 0,                                                                                
                                                                   "Temp Written Blocks": 0,                                                                             
                                                                   "Plans": [                                                                                            
                                                                     {                                                                                                   
                                                                       "Node Type": "Seq Scan",                                                                          
                                                                       "Parent Relationship": "Outer",                                                                   
                                                                       "Parallel Aware": false,                                                                          
                                                                       "Relation Name": "keyword",                                                                       
                                                                       "Alias": "k",                                                                                     
                                                                       "Startup Cost": 0.00,                                                                             
                                                                       "Total Cost": 75.50,                                                                              
                                                                       "Plan Rows": 7,                                                                                   
                                                                       "Plan Width": 4,                                                                                  
                                                                       "Actual Startup Time": 3.466,                                                                     
                                                                       "Actual Total Time": 93.645,                                                                      
                                                                       "Actual Rows": 7,                                                                                 
                                                                       "Actual Loops": 1,                                                                                
                                                                       "Filter": "(keyword = ANY ('{murder,violence,blood,gore,death,female-nudity,hospital}'::text[]))",
                                                                       "Rows Removed by Filter": 134163,                                                                 
                                                                       "Shared Hit Blocks": 0,                                                                           
                                                                       "Shared Read Blocks": 949,                                                                        
                                                                       "Shared Dirtied Blocks": 0,                                                                       
                                                                       "Shared Written Blocks": 0,                                                                       
                                                                       "Local Hit Blocks": 0,                                                                            
                                                                       "Local Read Blocks": 0,                                                                           
                                                                       "Local Dirtied Blocks": 0,                                                                        
                                                                       "Local Written Blocks": 0,                                                                        
                                                                       "Temp Read Blocks": 0,                                                                            
                                                                       "Temp Written Blocks": 0                                                                          
                                                                     }                                                                                                   
                                                                   ]                                                                                                     
                                                                 }                                                                                                       
                                                               ]                                                                                                         
                                                             },                                                                                                          
                                                             {                                                                                                           
                                                               "Node Type": "Hash",                                                                                      
                                                               "Parent Relationship": "Inner",                                                                           
                                                               "Parallel Aware": false,                                                                                  
                                                               "Startup Cost": 32.27,                                                                                    
                                                               "Total Cost": 32.27,                                                                                      
                                                               "Plan Rows": 135086,                                                                                      
                                                               "Plan Width": 12,                                                                                         
                                                               "Actual Startup Time": 99.316,                                                                            
                                                               "Actual Total Time": 99.316,                                                                              
                                                               "Actual Rows": 135086,                                                                                    
                                                               "Actual Loops": 1,                                                                                        
                                                               "Hash Buckets": 262144,                                                                                   
                                                               "Original Hash Buckets": 262144,                                                                          
                                                               "Hash Batches": 1,                                                                                        
                                                               "Original Hash Batches": 1,                                                                               
                                                               "Peak Memory Usage": 7853,                                                                                
                                                               "Shared Hit Blocks": 0,                                                                                   
                                                               "Shared Read Blocks": 731,                                                                                
                                                               "Shared Dirtied Blocks": 0,                                                                               
                                                               "Shared Written Blocks": 0,                                                                               
                                                               "Local Hit Blocks": 0,                                                                                    
                                                               "Local Read Blocks": 0,                                                                                   
                                                               "Local Dirtied Blocks": 0,                                                                                
                                                               "Local Written Blocks": 0,                                                                                
                                                               "Temp Read Blocks": 0,                                                                                    
                                                               "Temp Written Blocks": 0,                                                                                 
                                                               "Plans": [                                                                                                
                                                                 {                                                                                                       
                                                                   "Node Type": "Seq Scan",                                                                              
                                                                   "Parent Relationship": "Outer",                                                                       
                                                                   "Parallel Aware": false,                                                                              
                                                                   "Relation Name": "complete_cast",                                                                     
                                                                   "Alias": "cc",                                                                                        
                                                                   "Startup Cost": 0.00,                                                                                 
                                                                   "Total Cost": 32.27,                                                                                  
                                                                   "Plan Rows": 135086,                                                                                  
                                                                   "Plan Width": 12,                                                                                     
                                                                   "Actual Startup Time": 20.909,                                                                        
                                                                   "Actual Total Time": 56.230,                                                                          
                                                                   "Actual Rows": 135086,                                                                                
                                                                   "Actual Loops": 1,                                                                                    
                                                                   "Shared Hit Blocks": 0,                                                                               
                                                                   "Shared Read Blocks": 731,                                                                            
                                                                   "Shared Dirtied Blocks": 0,                                                                           
                                                                   "Shared Written Blocks": 0,                                                                           
                                                                   "Local Hit Blocks": 0,                                                                                
                                                                   "Local Read Blocks": 0,                                                                               
                                                                   "Local Dirtied Blocks": 0,                                                                            
                                                                   "Local Written Blocks": 0,                                                                            
                                                                   "Temp Read Blocks": 0,                                                                                
                                                                   "Temp Written Blocks": 0                                                                              
                                                                 }                                                                                                       
                                                               ]                                                                                                         
                                                             }                                                                                                           
                                                           ]                                                                                                             
                                                         },                                                                                                              
                                                         {                                                                                                               
                                                           "Node Type": "Hash",                                                                                          
                                                           "Parent Relationship": "Inner",                                                                               
                                                           "Parallel Aware": false,                                                                                      
                                                           "Startup Cost": 360.56,                                                                                       
                                                           "Total Cost": 360.56,                                                                                         
                                                           "Plan Rows": 1380035,                                                                                         
                                                           "Plan Width": 14,                                                                                             
                                                           "Actual Startup Time": 649.499,                                                                               
                                                           "Actual Total Time": 649.499,                                                                                 
                                                           "Actual Rows": 1380035,                                                                                       
                                                           "Actual Loops": 1,                                                                                            
                                                           "Hash Buckets": 2097152,                                                                                      
                                                           "Original Hash Buckets": 2097152,                                                                             
                                                           "Hash Batches": 1,                                                                                            
                                                           "Original Hash Batches": 1,                                                                                   
                                                           "Peak Memory Usage": 79357,                                                                                   
                                                           "Shared Hit Blocks": 0,                                                                                       
                                                           "Shared Read Blocks": 8453,                                                                                   
                                                           "Shared Dirtied Blocks": 0,                                                                                   
                                                           "Shared Written Blocks": 0,                                                                                   
                                                           "Local Hit Blocks": 0,                                                                                        
                                                           "Local Read Blocks": 0,                                                                                       
                                                           "Local Dirtied Blocks": 0,                                                                                    
                                                           "Local Written Blocks": 0,                                                                                    
                                                           "Temp Read Blocks": 0,                                                                                        
                                                           "Temp Written Blocks": 0,                                                                                     
                                                           "Plans": [                                                                                                    
                                                             {                                                                                                           
                                                               "Node Type": "Seq Scan",                                                                                  
                                                               "Parent Relationship": "Outer",                                                                           
                                                               "Parallel Aware": false,                                                                                  
                                                               "Relation Name": "movie_info_idx",                                                                        
                                                               "Alias": "mi_idx",                                                                                        
                                                               "Startup Cost": 0.00,                                                                                     
                                                               "Total Cost": 360.56,                                                                                     
                                                               "Plan Rows": 1380035,                                                                                     
                                                               "Plan Width": 14,                                                                                         
                                                               "Actual Startup Time": 8.992,                                                                             
                                                               "Actual Total Time": 295.830,                                                                             
                                                               "Actual Rows": 1380035,                                                                                   
                                                               "Actual Loops": 1,                                                                                        
                                                               "Shared Hit Blocks": 0,                                                                                   
                                                               "Shared Read Blocks": 8453,                                                                               
                                                               "Shared Dirtied Blocks": 0,                                                                               
                                                               "Shared Written Blocks": 0,                                                                               
                                                               "Local Hit Blocks": 0,                                                                                    
                                                               "Local Read Blocks": 0,                                                                                   
                                                               "Local Dirtied Blocks": 0,                                                                                
                                                               "Local Written Blocks": 0,                                                                                
                                                               "Temp Read Blocks": 0,                                                                                    
                                                               "Temp Written Blocks": 0                                                                                  
                                                             }                                                                                                           
                                                           ]                                                                                                             
                                                         }                                                                                                               
                                                       ]                                                                                                                 
                                                     },                                                                                                                  
                                                     {                                                                                                                   
                                                       "Node Type": "Hash",                                                                                              
                                                       "Parent Relationship": "Inner",                                                                                   
                                                       "Parallel Aware": false,                                                                                          
                                                       "Startup Cost": 0.05,                                                                                             
                                                       "Total Cost": 0.05,                                                                                               
                                                       "Plan Rows": 1,                                                                                                   
                                                       "Plan Width": 4,                                                                                                  
                                                       "Actual Startup Time": 0.069,                                                                                     
                                                       "Actual Total Time": 0.069,                                                                                       
                                                       "Actual Rows": 1,                                                                                                 
                                                       "Actual Loops": 1,                                                                                                
                                                       "Hash Buckets": 1024,                                                                                             
                                                       "Original Hash Buckets": 1024,                                                                                    
                                                       "Hash Batches": 1,                                                                                                
                                                       "Original Hash Batches": 1,                                                                                       
                                                       "Peak Memory Usage": 9,                                                                                           
                                                       "Shared Hit Blocks": 1,                                                                                           
                                                       "Shared Read Blocks": 0,                                                                                          
                                                       "Shared Dirtied Blocks": 0,                                                                                       
                                                       "Shared Written Blocks": 0,                                                                                       
                                                       "Local Hit Blocks": 0,                                                                                            
                                                       "Local Read Blocks": 0,                                                                                           
                                                       "Local Dirtied Blocks": 0,                                                                                        
                                                       "Local Written Blocks": 0,                                                                                        
                                                       "Temp Read Blocks": 0,                                                                                            
                                                       "Temp Written Blocks": 0,                                                                                         
                                                       "Plans": [                                                                                                        
                                                         {                                                                                                               
                                                           "Node Type": "Seq Scan",                                                                                      
                                                           "Parent Relationship": "Outer",                                                                               
                                                           "Parallel Aware": false,                                                                                      
                                                           "Relation Name": "info_type",                                                                                 
                                                           "Alias": "it",                                                                                               
                                                           "Startup Cost": 0.00,                                                                                         
                                                           "Total Cost": 0.05,                                                                                           
                                                           "Plan Rows": 1,                                                                                               
                                                           "Plan Width": 4,                                                                                              
                                                           "Actual Startup Time": 0.054,                                                                                 
                                                           "Actual Total Time": 0.061,                                                                                   
                                                           "Actual Rows": 1,                                                                                             
                                                           "Actual Loops": 1,                                                                                            
                                                           "Filter": "((info)::text = 'votes'::text)",                                                                   
                                                           "Rows Removed by Filter": 112,                                                                                
                                                           "Shared Hit Blocks": 1,                                                                                       
                                                           "Shared Read Blocks": 0,                                                                                      
                                                           "Shared Dirtied Blocks": 0,                                                                                   
                                                           "Shared Written Blocks": 0,                                                                                   
                                                           "Local Hit Blocks": 0,                                                                                        
                                                           "Local Read Blocks": 0,                                                                                       
                                                           "Local Dirtied Blocks": 0,                                                                                    
                                                           "Local Written Blocks": 0,                                                                                    
                                                           "Temp Read Blocks": 0,                                                                                        
                                                           "Temp Written Blocks": 0                                                                                      
                                                         }                                                                                                               
                                                       ]                                                                                                                 
                                                     }                                                                                                                   
                                                   ]                                                                                                                     
                                                 }                                                                                                                       
                                               ]                                                                                                                         
                                             }                                                                                                                           
                                           ]                                                                                                                             
                                         },                                                                                                                              
                                         {                                                                                                                               
                                           "Node Type": "Hash",                                                                                                          
                                           "Parent Relationship": "Inner",                                                                                               
                                           "Parallel Aware": false,                                                                                                      
                                           "Startup Cost": 0.03,                                                                                                         
                                           "Total Cost": 0.03,                                                                                                           
                                           "Plan Rows": 1,                                                                                                               
                                           "Plan Width": 4,                                                                                                              
                                           "Actual Startup Time": 0.019,                                                                                                 
                                           "Actual Total Time": 0.019,                                                                                                   
                                           "Actual Rows": 1,                                                                                                             
                                           "Actual Loops": 1,                                                                                                            
                                           "Hash Buckets": 1024,                                                                                                         
                                           "Original Hash Buckets": 1024,                                                                                                
                                           "Hash Batches": 1,                                                                                                            
                                           "Original Hash Batches": 1,                                                                                                   
                                           "Peak Memory Usage": 9,                                                                                                       
                                           "Shared Hit Blocks": 1,                                                                                                       
                                           "Shared Read Blocks": 0,                                                                                                      
                                           "Shared Dirtied Blocks": 0,                                                                                                   
                                           "Shared Written Blocks": 0,                                                                                                   
                                           "Local Hit Blocks": 0,                                                                                                        
                                           "Local Read Blocks": 0,                                                                                                       
                                           "Local Dirtied Blocks": 0,                                                                                                    
                                           "Local Written Blocks": 0,                                                                                                    
                                           "Temp Read Blocks": 0,                                                                                                        
                                           "Temp Written Blocks": 0,                                                                                                     
                                           "Plans": [                                                                                                                    
                                             {                                                                                                                           
                                               "Node Type": "Seq Scan",                                                                                                  
                                               "Parent Relationship": "Outer",                                                                                           
                                               "Parallel Aware": false,                                                                                                  
                                               "Relation Name": "comp_cast_type",                                                                                        
                                               "Alias": "cct",                                                                                                          
                                               "Startup Cost": 0.00,                                                                                                     
                                               "Total Cost": 0.03,                                                                                                       
                                               "Plan Rows": 1,                                                                                                           
                                               "Plan Width": 4,                                                                                                          
                                               "Actual Startup Time": 0.009,                                                                                             
                                               "Actual Total Time": 0.009,                                                                                               
                                               "Actual Rows": 1,                                                                                                         
                                               "Actual Loops": 1,                                                                                                        
                                               "Filter": "((kind)::text = 'completeverified'::text)",                                                                   
                                               "Rows Removed by Filter": 3,                                                                                              
                                               "Shared Hit Blocks": 1,                                                                                                   
                                               "Shared Read Blocks": 0,                                                                                                  
                                               "Shared Dirtied Blocks": 0,                                                                                               
                                               "Shared Written Blocks": 0,                                                                                               
                                               "Local Hit Blocks": 0,                                                                                                    
                                               "Local Read Blocks": 0,                                                                                                   
                                               "Local Dirtied Blocks": 0,                                                                                                
                                               "Local Written Blocks": 0,                                                                                                
                                               "Temp Read Blocks": 0,                                                                                                    
                                               "Temp Written Blocks": 0                                                                                                  
                                             }                                                                                                                           
                                           ]                                                                                                                             
                                         }                                                                                                                               
                                       ]                                                                                                                                 
                                     }                                                                                                                                   
                                   ]                                                                                                                                     
                                 }                                                                                                                                       
                               ]                                                                                                                                         
                             },                                                                                                                                          
                             {                                                                                                                                           
                               "Node Type": "Hash",                                                                                                                      
                               "Parent Relationship": "Inner",                                                                                                           
                               "Parallel Aware": false,                                                                                                                  
                               "Startup Cost": 0.05,                                                                                                                     
                               "Total Cost": 0.05,                                                                                                                       
                               "Plan Rows": 1,                                                                                                                           
                               "Plan Width": 4,                                                                                                                          
                               "Actual Startup Time": 9.226,                                                                                                             
                               "Actual Total Time": 9.226,                                                                                                               
                               "Actual Rows": 1,                                                                                                                         
                               "Actual Loops": 1,                                                                                                                        
                               "Hash Buckets": 1024,                                                                                                                     
                               "Original Hash Buckets": 1024,                                                                                                            
                               "Hash Batches": 1,                                                                                                                        
                               "Original Hash Batches": 1,                                                                                                               
                               "Peak Memory Usage": 9,                                                                                                                   
                               "Shared Hit Blocks": 0,                                                                                                                   
                               "Shared Read Blocks": 1,                                                                                                                  
                               "Shared Dirtied Blocks": 0,                                                                                                               
                               "Shared Written Blocks": 0,                                                                                                               
                               "Local Hit Blocks": 0,                                                                                                                    
                               "Local Read Blocks": 0,                                                                                                                   
                               "Local Dirtied Blocks": 0,                                                                                                                
                               "Local Written Blocks": 0,                                                                                                                
                               "Temp Read Blocks": 0,                                                                                                                    
                               "Temp Written Blocks": 0,                                                                                                                 
                               "Plans": [                                                                                                                                
                                 {                                                                                                                                       
                                   "Node Type": "Seq Scan",                                                                                                              
                                   "Parent Relationship": "Outer",                                                                                                       
                                   "Parallel Aware": false,                                                                                                              
                                   "Relation Name": "info_type",                                                                                                         
                                   "Alias": "it",                                                                                                                       
                                   "Startup Cost": 0.00,                                                                                                                 
                                   "Total Cost": 0.05,                                                                                                                   
                                   "Plan Rows": 1,                                                                                                                       
                                   "Plan Width": 4,                                                                                                                      
                                   "Actual Startup Time": 9.174,                                                                                                         
                                   "Actual Total Time": 9.214,                                                                                                           
                                   "Actual Rows": 1,                                                                                                                     
                                   "Actual Loops": 1,                                                                                                                    
                                   "Filter": "((info)::text = 'genres'::text)",                                                                                          
                                   "Rows Removed by Filter": 112,                                                                                                        
                                   "Shared Hit Blocks": 0,                                                                                                               
                                   "Shared Read Blocks": 1,                                                                                                              
                                   "Shared Dirtied Blocks": 0,                                                                                                           
                                   "Shared Written Blocks": 0,                                                                                                           
                                   "Local Hit Blocks": 0,                                                                                                                
                                   "Local Read Blocks": 0,                                                                                                               
                                   "Local Dirtied Blocks": 0,                                                                                                            
                                   "Local Written Blocks": 0,                                                                                                            
                                   "Temp Read Blocks": 0,                                                                                                                
                                   "Temp Written Blocks": 0                                                                                                              
                                 }                                                                                                                                       
                               ]                                                                                                                                         
                             }                                                                                                                                           
                           ]                                                                                                                                             
                         },                                                                                                                                              
                         {                                                                                                                                               
                           "Node Type": "Hash",                                                                                                                          
                           "Parent Relationship": "Inner",                                                                                                               
                           "Parallel Aware": false,                                                                                                                      
                           "Startup Cost": 0.03,                                                                                                                         
                           "Total Cost": 0.03,                                                                                                                           
                           "Plan Rows": 1,                                                                                                                               
                           "Plan Width": 4,                                                                                                                              
                           "Actual Startup Time": 26.663,                                                                                                                
                           "Actual Total Time": 26.664,                                                                                                                  
                           "Actual Rows": 1,                                                                                                                             
                           "Actual Loops": 1,                                                                                                                            
                           "Hash Buckets": 1024,                                                                                                                         
                           "Original Hash Buckets": 1024,                                                                                                                
                           "Hash Batches": 1,                                                                                                                            
                           "Original Hash Batches": 1,                                                                                                                   
                           "Peak Memory Usage": 9,                                                                                                                       
                           "Shared Hit Blocks": 0,                                                                                                                       
                           "Shared Read Blocks": 1,                                                                                                                      
                           "Shared Dirtied Blocks": 0,                                                                                                                   
                           "Shared Written Blocks": 0,                                                                                                                   
                           "Local Hit Blocks": 0,                                                                                                                        
                           "Local Read Blocks": 0,                                                                                                                       
                           "Local Dirtied Blocks": 0,                                                                                                                    
                           "Local Written Blocks": 0,                                                                                                                    
                           "Temp Read Blocks": 0,                                                                                                                        
                           "Temp Written Blocks": 0,                                                                                                                     
                           "Plans": [                                                                                                                                    
                             {                                                                                                                                           
                               "Node Type": "Seq Scan",                                                                                                                  
                               "Parent Relationship": "Outer",                                                                                                           
                               "Parallel Aware": false,                                                                                                                  
                               "Relation Name": "comp_cast_type",                                                                                                        
                               "Alias": "cct",                                                                                                                          
                               "Startup Cost": 0.00,                                                                                                                     
                               "Total Cost": 0.03,                                                                                                                       
                               "Plan Rows": 1,                                                                                                                           
                               "Plan Width": 4,                                                                                                                          
                               "Actual Startup Time": 26.634,                                                                                                            
                               "Actual Total Time": 26.639,                                                                                                              
                               "Actual Rows": 1,                                                                                                                         
                               "Actual Loops": 1,                                                                                                                        
                               "Filter": "((kind)::text = 'cast'::text)",                                                                                                
                               "Rows Removed by Filter": 3,                                                                                                              
                               "Shared Hit Blocks": 0,                                                                                                                   
                               "Shared Read Blocks": 1,                                                                                                                  
                               "Shared Dirtied Blocks": 0,                                                                                                               
                               "Shared Written Blocks": 0,                                                                                                               
                               "Local Hit Blocks": 0,                                                                                                                    
                               "Local Read Blocks": 0,                                                                                                                   
                               "Local Dirtied Blocks": 0,                                                                                                                
                               "Local Written Blocks": 0,                                                                                                                
                               "Temp Read Blocks": 0,                                                                                                                    
                               "Temp Written Blocks": 0                                                                                                                  
                             }                                                                                                                                           
                           ]                                                                                                                                             
                         }                                                                                                                                               
                       ]                                                                                                                                                 
                     }                                                                                                                                                   
                   ]                                                                                                                                                     
                 }                                                                                                                                                       
               ]                                                                                                                                                         
             },                                                                                                                                                          
             {                                                                                                                                                           
               "Node Type": "Hash",                                                                                                                                      
               "Parent Relationship": "Inner",                                                                                                                           
               "Parallel Aware": false,                                                                                                                                  
               "Startup Cost": 2356.12,                                                                                                                                  
               "Total Cost": 2356.12,                                                                                                                                    
               "Plan Rows": 1739438,                                                                                                                                     
               "Plan Width": 19,                                                                                                                                         
               "Actual Startup Time": 2631.640,                                                                                                                          
               "Actual Total Time": 2631.640,                                                                                                                            
               "Actual Rows": 1739579,                                                                                                                                   
               "Actual Loops": 1,                                                                                                                                        
               "Hash Buckets": 2097152,                                                                                                                                  
               "Original Hash Buckets": 2097152,                                                                                                                         
               "Hash Batches": 1,                                                                                                                                        
               "Original Hash Batches": 1,                                                                                                                               
               "Peak Memory Usage": 106207,                                                                                                                              
               "Shared Hit Blocks": 0,                                                                                                                                   
               "Shared Read Blocks": 55613,                                                                                                                              
               "Shared Dirtied Blocks": 0,                                                                                                                               
               "Shared Written Blocks": 0,                                                                                                                               
               "Local Hit Blocks": 0,                                                                                                                                    
               "Local Read Blocks": 0,                                                                                                                                   
               "Local Dirtied Blocks": 0,                                                                                                                                
               "Local Written Blocks": 0,                                                                                                                                
               "Temp Read Blocks": 0,                                                                                                                                    
               "Temp Written Blocks": 0,                                                                                                                                 
               "Plans": [                                                                                                                                                
                 {                                                                                                                                                       
                   "Node Type": "Seq Scan",                                                                                                                              
                   "Parent Relationship": "Outer",                                                                                                                       
                   "Parallel Aware": false,                                                                                                                              
                   "Relation Name": "name",                                                                                                                              
                   "Alias": "n",                                                                                                                                         
                   "Startup Cost": 0.00,                                                                                                                                 
                   "Total Cost": 2356.12,                                                                                                                                
                   "Plan Rows": 1739438,                                                                                                                                 
                   "Plan Width": 19,                                                                                                                                     
                   "Actual Startup Time": 34.921,                                                                                                                        
                   "Actual Total Time": 2091.732,                                                                                                                        
                   "Actual Rows": 1739579,                                                                                                                               
                   "Actual Loops": 1,                                                                                                                                    
                   "Filter": "((gender)::text = 'm'::text)",                                                                                                             
                   "Rows Removed by Filter": 2427912,                                                                                                                    
                   "Shared Hit Blocks": 0,                                                                                                                               
                   "Shared Read Blocks": 55613,                                                                                                                          
                   "Shared Dirtied Blocks": 0,                                                                                                                           
                   "Shared Written Blocks": 0,                                                                                                                           
                   "Local Hit Blocks": 0,                                                                                                                                
                   "Local Read Blocks": 0,                                                                                                                               
                   "Local Dirtied Blocks": 0,                                                                                                                            
                   "Local Written Blocks": 0,                                                                                                                            
                   "Temp Read Blocks": 0,                                                                                                                                
                   "Temp Written Blocks": 0                                                                                                                              
                 }                                                                                                                                                       
               ]                                                                                                                                                         
             }                                                                                                                                                           
           ]                                                                                                                                                             
         }                                                                                                                                                               
       ]                                                                                                                                                                 
     },                                                                                                                                                                  
     "Planning Time": 15077.491,                                                                                                                                         
     "Triggers": [                                                                                                                                                       
     ],                                                                                                                                                                  
     "Execution Time": 27256.311                                                                                                                                         
   }                                                                                                                                                                     
 ]
