 [                                                                                                                                                   
   {                                                                                                                                                 
     "Plan": {                                                                                                                                       
       "Node Type": "Aggregate",                                                                                                                     
       "Strategy": "Plain",                                                                                                                          
       "Partial Mode": "Simple",                                                                                                                     
       "Parallel Aware": false,                                                                                                                      
       "Startup Cost": 32194.06,                                                                                                                     
       "Total Cost": 32194.06,                                                                                                                       
       "Plan Rows": 1,                                                                                                                               
       "Plan Width": 128,                                                                                                                            
       "Actual Startup Time": 28240.872,                                                                                                             
       "Actual Total Time": 28240.872,                                                                                                               
       "Actual Rows": 1,                                                                                                                             
       "Actual Loops": 1,                                                                                                                            
       "Shared Hit Blocks": 4,                                                                                                                       
       "Shared Read Blocks": 561797,                                                                                                                 
       "Shared Dirtied Blocks": 0,                                                                                                                   
       "Shared Written Blocks": 0,                                                                                                                   
       "Local Hit Blocks": 0,                                                                                                                        
       "Local Read Blocks": 0,                                                                                                                       
       "Local Dirtied Blocks": 0,                                                                                                                    
       "Local Written Blocks": 0,                                                                                                                    
       "Temp Read Blocks": 0,                                                                                                                        
       "Temp Written Blocks": 0,                                                                                                                     
       "Plans": [                                                                                                                                    
         {                                                                                                                                           
           "Node Type": "Hash Join",                                                                                                                 
           "Parent Relationship": "Outer",                                                                                                           
           "Parallel Aware": false,                                                                                                                  
           "Join Type": "Inner",                                                                                                                     
           "Startup Cost": 14582.96,                                                                                                                 
           "Total Cost": 32194.05,                                                                                                                   
           "Plan Rows": 1,                                                                                                                           
           "Plan Width": 80,                                                                                                                         
           "Actual Startup Time": 24182.296,                                                                                                         
           "Actual Total Time": 28240.131,                                                                                                           
           "Actual Rows": 1273,                                                                                                                      
           "Actual Loops": 1,                                                                                                                        
           "Inner Unique": true,                                                                                                                     
           "Hash Cond": "(ci.person_id = n.id)",                                                                                                     
           "Shared Hit Blocks": 4,                                                                                                                   
           "Shared Read Blocks": 561797,                                                                                                             
           "Shared Dirtied Blocks": 0,                                                                                                               
           "Shared Written Blocks": 0,                                                                                                               
           "Local Hit Blocks": 0,                                                                                                                    
           "Local Read Blocks": 0,                                                                                                                   
           "Local Dirtied Blocks": 0,                                                                                                                
           "Local Written Blocks": 0,                                                                                                                
           "Temp Read Blocks": 0,                                                                                                                    
           "Temp Written Blocks": 0,                                                                                                                 
           "Plans": [                                                                                                                                
             {                                                                                                                                       
               "Node Type": "Hash Join",                                                                                                             
               "Parent Relationship": "Outer",                                                                                                       
               "Parallel Aware": false,                                                                                                              
               "Join Type": "Inner",                                                                                                                 
               "Startup Cost": 11971.52,                                                                                                             
               "Total Cost": 29582.61,                                                                                                               
               "Plan Rows": 1,                                                                                                                       
               "Plan Width": 69,                                                                                                                     
               "Actual Startup Time": 21433.368,                                                                                                     
               "Actual Total Time": 25490.615,                                                                                                       
               "Actual Rows": 1556,                                                                                                                  
               "Actual Loops": 1,                                                                                                                    
               "Inner Unique": false,                                                                                                                
               "Hash Cond": "(ci.movie_id = t.id)",                                                                                                  
               "Shared Hit Blocks": 1,                                                                                                               
               "Shared Read Blocks": 506184,                                                                                                         
               "Shared Dirtied Blocks": 0,                                                                                                           
               "Shared Written Blocks": 0,                                                                                                           
               "Local Hit Blocks": 0,                                                                                                                
               "Local Read Blocks": 0,                                                                                                               
               "Local Dirtied Blocks": 0,                                                                                                            
               "Local Written Blocks": 0,                                                                                                            
               "Temp Read Blocks": 0,                                                                                                                
               "Temp Written Blocks": 0,                                                                                                             
               "Plans": [                                                                                                                            
                 {                                                                                                                                   
                   "Node Type": "Seq Scan",                                                                                                          
                   "Parent Relationship": "Outer",                                                                                                   
                   "Parallel Aware": false,                                                                                                          
                   "Relation Name": "cast_info",                                                                                                     
                   "Alias": "ci",                                                                                                                    
                   "Startup Cost": 0.00,                                                                                                             
                   "Total Cost": 17466.00,                                                                                                           
                   "Plan Rows": 1245851,                                                                                                             
                   "Plan Width": 8,                                                                                                                  
                   "Actual Startup Time": 384.717,                                                                                                   
                   "Actual Total Time": 12128.378,                                                                                                   
                   "Actual Rows": 1244716,                                                                                                           
                   "Actual Loops": 1,                                                                                                                
                   "Filter": "(note = ANY ('{(writer),\"(head writer)\",\"(written by)\",(story),\"(story editor)\"}'::text[]))",                    
                   "Rows Removed by Filter": 34999628,                                                                                               
                   "Shared Hit Blocks": 0,                                                                                                           
                   "Shared Read Blocks": 252654,                                                                                                     
                   "Shared Dirtied Blocks": 0,                                                                                                       
                   "Shared Written Blocks": 0,                                                                                                       
                   "Local Hit Blocks": 0,                                                                                                            
                   "Local Read Blocks": 0,                                                                                                           
                   "Local Dirtied Blocks": 0,                                                                                                        
                   "Local Written Blocks": 0,                                                                                                        
                   "Temp Read Blocks": 0,                                                                                                            
                   "Temp Written Blocks": 0                                                                                                          
                 },                                                                                                                                  
                 {                                                                                                                                   
                   "Node Type": "Hash",                                                                                                              
                   "Parent Relationship": "Inner",                                                                                                   
                   "Parallel Aware": false,                                                                                                          
                   "Startup Cost": 11971.52,                                                                                                         
                   "Total Cost": 11971.52,                                                                                                           
                   "Plan Rows": 1,                                                                                                                   
                   "Plan Width": 85,                                                                                                                 
                   "Actual Startup Time": 13200.220,                                                                                                 
                   "Actual Total Time": 13200.220,                                                                                                   
                   "Actual Rows": 1524,                                                                                                              
                   "Actual Loops": 1,                                                                                                                
                   "Hash Buckets": 2048,                                                                                                             
                   "Original Hash Buckets": 1024,                                                                                                    
                   "Hash Batches": 1,                                                                                                                
                   "Original Hash Batches": 1,                                                                                                       
                   "Peak Memory Usage": 143,                                                                                                         
                   "Shared Hit Blocks": 1,                                                                                                           
                   "Shared Read Blocks": 253530,                                                                                                     
                   "Shared Dirtied Blocks": 0,                                                                                                       
                   "Shared Written Blocks": 0,                                                                                                       
                   "Local Hit Blocks": 0,                                                                                                            
                   "Local Read Blocks": 0,                                                                                                           
                   "Local Dirtied Blocks": 0,                                                                                                        
                   "Local Written Blocks": 0,                                                                                                        
                   "Temp Read Blocks": 0,                                                                                                            
                   "Temp Written Blocks": 0,                                                                                                         
                   "Plans": [                                                                                                                        
                     {                                                                                                                               
                       "Node Type": "Hash Join",                                                                                                     
                       "Parent Relationship": "Outer",                                                                                               
                       "Parallel Aware": false,                                                                                                      
                       "Join Type": "Inner",                                                                                                         
                       "Startup Cost": 4709.72,                                                                                                      
                       "Total Cost": 11971.52,                                                                                                       
                       "Plan Rows": 1,                                                                                                               
                       "Plan Width": 85,                                                                                                             
                       "Actual Startup Time": 12476.802,                                                                                             
                       "Actual Total Time": 13198.945,                                                                                               
                       "Actual Rows": 1524,                                                                                                          
                       "Actual Loops": 1,                                                                                                            
                       "Inner Unique": false,                                                                                                        
                       "Hash Cond": "(mi.movie_id = t.id)",                                                                                          
                       "Shared Hit Blocks": 1,                                                                                                       
                       "Shared Read Blocks": 253530,                                                                                                 
                       "Shared Dirtied Blocks": 0,                                                                                                   
                       "Shared Written Blocks": 0,                                                                                                   
                       "Local Hit Blocks": 0,                                                                                                        
                       "Local Read Blocks": 0,                                                                                                       
                       "Local Dirtied Blocks": 0,                                                                                                    
                       "Local Written Blocks": 0,                                                                                                    
                       "Temp Read Blocks": 0,                                                                                                        
                       "Temp Written Blocks": 0,                                                                                                     
                       "Plans": [                                                                                                                    
                         {                                                                                                                           
                           "Node Type": "Hash Join",                                                                                                 
                           "Parent Relationship": "Outer",                                                                                           
                           "Parallel Aware": false,                                                                                                  
                           "Join Type": "Inner",                                                                                                     
                           "Startup Cost": 0.05,                                                                                                     
                           "Total Cost": 7261.78,                                                                                                    
                           "Plan Rows": 650,                                                                                                         
                           "Plan Width": 46,                                                                                                         
                           "Actual Startup Time": 7661.881,                                                                                          
                           "Actual Total Time": 8444.711,                                                                                            
                           "Actual Rows": 72258,                                                                                                     
                           "Actual Loops": 1,                                                                                                        
                           "Inner Unique": true,                                                                                                     
                           "Hash Cond": "(mi.info_type_id = it.id)",                                                                                
                           "Shared Hit Blocks": 0,                                                                                                   
                           "Shared Read Blocks": 161893,                                                                                             
                           "Shared Dirtied Blocks": 0,                                                                                               
                           "Shared Written Blocks": 0,                                                                                               
                           "Local Hit Blocks": 0,                                                                                                    
                           "Local Read Blocks": 0,                                                                                                   
                           "Local Dirtied Blocks": 0,                                                                                                
                           "Local Written Blocks": 0,                                                                                                
                           "Temp Read Blocks": 0,                                                                                                    
                           "Temp Written Blocks": 0,                                                                                                 
                           "Plans": [                                                                                                                
                             {                                                                                                                       
                               "Node Type": "Seq Scan",                                                                                              
                               "Parent Relationship": "Outer",                                                                                       
                               "Parallel Aware": false,                                                                                              
                               "Relation Name": "movie_info",                                                                                        
                               "Alias": "mi",                                                                                                        
                               "Startup Cost": 0.00,                                                                                                 
                               "Total Cost": 7255.68,                                                                                                
                               "Plan Rows": 73417,                                                                                                   
                               "Plan Width": 50,                                                                                                     
                               "Actual Startup Time": 4907.072,                                                                                      
                               "Actual Total Time": 8388.445,                                                                                        
                               "Actual Rows": 73047,                                                                                                 
                               "Actual Loops": 1,                                                                                                    
                               "Filter": "(info = ANY ('{Horror,Thriller}'::text[]))",                                                               
                               "Rows Removed by Filter": 14762673,                                                                                   
                               "Shared Hit Blocks": 0,                                                                                               
                               "Shared Read Blocks": 161892,                                                                                         
                               "Shared Dirtied Blocks": 0,                                                                                           
                               "Shared Written Blocks": 0,                                                                                           
                               "Local Hit Blocks": 0,                                                                                                
                               "Local Read Blocks": 0,                                                                                               
                               "Local Dirtied Blocks": 0,                                                                                            
                               "Local Written Blocks": 0,                                                                                            
                               "Temp Read Blocks": 0,                                                                                                
                               "Temp Written Blocks": 0                                                                                              
                             },                                                                                                                      
                             {                                                                                                                       
                               "Node Type": "Hash",                                                                                                  
                               "Parent Relationship": "Inner",                                                                                       
                               "Parallel Aware": false,                                                                                              
                               "Startup Cost": 0.05,                                                                                                 
                               "Total Cost": 0.05,                                                                                                   
                               "Plan Rows": 1,                                                                                                       
                               "Plan Width": 4,                                                                                                      
                               "Actual Startup Time": 23.796,                                                                                        
                               "Actual Total Time": 23.796,                                                                                          
                               "Actual Rows": 1,                                                                                                     
                               "Actual Loops": 1,                                                                                                    
                               "Hash Buckets": 1024,                                                                                                 
                               "Original Hash Buckets": 1024,                                                                                        
                               "Hash Batches": 1,                                                                                                    
                               "Original Hash Batches": 1,                                                                                           
                               "Peak Memory Usage": 9,                                                                                               
                               "Shared Hit Blocks": 0,                                                                                               
                               "Shared Read Blocks": 1,                                                                                              
                               "Shared Dirtied Blocks": 0,                                                                                           
                               "Shared Written Blocks": 0,                                                                                           
                               "Local Hit Blocks": 0,                                                                                                
                               "Local Read Blocks": 0,                                                                                               
                               "Local Dirtied Blocks": 0,                                                                                            
                               "Local Written Blocks": 0,                                                                                            
                               "Temp Read Blocks": 0,                                                                                                
                               "Temp Written Blocks": 0,                                                                                             
                               "Plans": [                                                                                                            
                                 {                                                                                                                   
                                   "Node Type": "Seq Scan",                                                                                          
                                   "Parent Relationship": "Outer",                                                                                   
                                   "Parallel Aware": false,                                                                                          
                                   "Relation Name": "info_type",                                                                                     
                                   "Alias": "it",                                                                                                   
                                   "Startup Cost": 0.00,                                                                                             
                                   "Total Cost": 0.05,                                                                                               
                                   "Plan Rows": 1,                                                                                                   
                                   "Plan Width": 4,                                                                                                  
                                   "Actual Startup Time": 23.730,                                                                                    
                                   "Actual Total Time": 23.771,                                                                                      
                                   "Actual Rows": 1,                                                                                                 
                                   "Actual Loops": 1,                                                                                                
                                   "Filter": "((info)::text = 'genres'::text)",                                                                      
                                   "Rows Removed by Filter": 112,                                                                                    
                                   "Shared Hit Blocks": 0,                                                                                           
                                   "Shared Read Blocks": 1,                                                                                          
                                   "Shared Dirtied Blocks": 0,                                                                                       
                                   "Shared Written Blocks": 0,                                                                                       
                                   "Local Hit Blocks": 0,                                                                                            
                                   "Local Read Blocks": 0,                                                                                           
                                   "Local Dirtied Blocks": 0,                                                                                        
                                   "Local Written Blocks": 0,                                                                                        
                                   "Temp Read Blocks": 0,                                                                                            
                                   "Temp Written Blocks": 0                                                                                          
                                 }                                                                                                                   
                               ]                                                                                                                     
                             }                                                                                                                       
                           ]                                                                                                                         
                         },                                                                                                                          
                         {                                                                                                                           
                           "Node Type": "Hash",                                                                                                      
                           "Parent Relationship": "Inner",                                                                                           
                           "Parallel Aware": false,                                                                                                  
                           "Startup Cost": 4709.67,                                                                                                  
                           "Total Cost": 4709.67,                                                                                                    
                           "Plan Rows": 1,                                                                                                           
                           "Plan Width": 39,                                                                                                         
                           "Actual Startup Time": 4736.747,                                                                                          
                           "Actual Total Time": 4736.747,                                                                                            
                           "Actual Rows": 1547,                                                                                                      
                           "Actual Loops": 1,                                                                                                        
                           "Hash Buckets": 2048,                                                                                                     
                           "Original Hash Buckets": 1024,                                                                                            
                           "Hash Batches": 1,                                                                                                        
                           "Original Hash Batches": 1,                                                                                               
                           "Peak Memory Usage": 123,                                                                                                 
                           "Shared Hit Blocks": 1,                                                                                                   
                           "Shared Read Blocks": 91637,                                                                                              
                           "Shared Dirtied Blocks": 0,                                                                                               
                           "Shared Written Blocks": 0,                                                                                               
                           "Local Hit Blocks": 0,                                                                                                    
                           "Local Read Blocks": 0,                                                                                                   
                           "Local Dirtied Blocks": 0,                                                                                                
                           "Local Written Blocks": 0,                                                                                                
                           "Temp Read Blocks": 0,                                                                                                    
                           "Temp Written Blocks": 0,                                                                                                 
                           "Plans": [                                                                                                                
                             {                                                                                                                       
                               "Node Type": "Hash Join",                                                                                             
                               "Parent Relationship": "Outer",                                                                                       
                               "Parallel Aware": false,                                                                                              
                               "Join Type": "Inner",                                                                                                 
                               "Startup Cost": 3111.26,                                                                                              
                               "Total Cost": 4709.67,                                                                                                
                               "Plan Rows": 1,                                                                                                       
                               "Plan Width": 39,                                                                                                     
                               "Actual Startup Time": 3119.111,                                                                                      
                               "Actual Total Time": 4735.505,                                                                                        
                               "Actual Rows": 1547,                                                                                                  
                               "Actual Loops": 1,                                                                                                    
                               "Inner Unique": false,                                                                                                
                               "Hash Cond": "(t.id = mi_idx.movie_id)",                                                                              
                               "Shared Hit Blocks": 1,                                                                                               
                               "Shared Read Blocks": 91637,                                                                                          
                               "Shared Dirtied Blocks": 0,                                                                                           
                               "Shared Written Blocks": 0,                                                                                           
                               "Local Hit Blocks": 0,                                                                                                
                               "Local Read Blocks": 0,                                                                                               
                               "Local Dirtied Blocks": 0,                                                                                            
                               "Local Written Blocks": 0,                                                                                            
                               "Temp Read Blocks": 0,                                                                                                
                               "Temp Written Blocks": 0,                                                                                             
                               "Plans": [                                                                                                            
                                 {                                                                                                                   
                                   "Node Type": "Seq Scan",                                                                                          
                                   "Parent Relationship": "Outer",                                                                                   
                                   "Parallel Aware": false,                                                                                          
                                   "Relation Name": "title",                                                                                         
                                   "Alias": "t",                                                                                                     
                                   "Startup Cost": 0.00,                                                                                             
                                   "Total Cost": 1303.96,                                                                                            
                                   "Plan Rows": 2528312,                                                                                             
                                   "Plan Width": 21,                                                                                                 
                                   "Actual Startup Time": 20.885,                                                                                    
                                   "Actual Total Time": 1126.599,                                                                                    
                                   "Actual Rows": 2528312,                                                                                           
                                   "Actual Loops": 1,                                                                                                
                                   "Shared Hit Blocks": 0,                                                                                           
                                   "Shared Read Blocks": 35998,                                                                                      
                                   "Shared Dirtied Blocks": 0,                                                                                       
                                   "Shared Written Blocks": 0,                                                                                       
                                   "Local Hit Blocks": 0,                                                                                            
                                   "Local Read Blocks": 0,                                                                                           
                                   "Local Dirtied Blocks": 0,                                                                                        
                                   "Local Written Blocks": 0,                                                                                        
                                   "Temp Read Blocks": 0,                                                                                            
                                   "Temp Written Blocks": 0                                                                                          
                                 },                                                                                                                  
                                 {                                                                                                                   
                                   "Node Type": "Hash",                                                                                              
                                   "Parent Relationship": "Inner",                                                                                   
                                   "Parallel Aware": false,                                                                                          
                                   "Startup Cost": 3111.26,                                                                                          
                                   "Total Cost": 3111.26,                                                                                            
                                   "Plan Rows": 1,                                                                                                   
                                   "Plan Width": 18,                                                                                                 
                                   "Actual Startup Time": 3000.937,                                                                                  
                                   "Actual Total Time": 3000.937,                                                                                    
                                   "Actual Rows": 1547,                                                                                              
                                   "Actual Loops": 1,                                                                                                
                                   "Hash Buckets": 2048,                                                                                             
                                   "Original Hash Buckets": 1024,                                                                                    
                                   "Hash Batches": 1,                                                                                                
                                   "Original Hash Batches": 1,                                                                                       
                                   "Peak Memory Usage": 94,                                                                                          
                                   "Shared Hit Blocks": 1,                                                                                           
                                   "Shared Read Blocks": 55639,                                                                                      
                                   "Shared Dirtied Blocks": 0,                                                                                       
                                   "Shared Written Blocks": 0,                                                                                       
                                   "Local Hit Blocks": 0,                                                                                            
                                   "Local Read Blocks": 0,                                                                                           
                                   "Local Dirtied Blocks": 0,                                                                                        
                                   "Local Written Blocks": 0,                                                                                        
                                   "Temp Read Blocks": 0,                                                                                            
                                   "Temp Written Blocks": 0,                                                                                         
                                   "Plans": [                                                                                                        
                                     {                                                                                                               
                                       "Node Type": "Hash Join",                                                                                     
                                       "Parent Relationship": "Outer",                                                                               
                                       "Parallel Aware": false,                                                                                      
                                       "Join Type": "Inner",                                                                                         
                                       "Startup Cost": 1662.59,                                                                                      
                                       "Total Cost": 3111.26,                                                                                        
                                       "Plan Rows": 1,                                                                                               
                                       "Plan Width": 18,                                                                                             
                                       "Actual Startup Time": 1903.076,                                                                              
                                       "Actual Total Time": 3000.224,                                                                                
                                       "Actual Rows": 1547,                                                                                          
                                       "Actual Loops": 1,                                                                                            
                                       "Inner Unique": false,                                                                                        
                                       "Hash Cond": "(mk.movie_id = mi_idx.movie_id)",                                                               
                                       "Shared Hit Blocks": 1,                                                                                       
                                       "Shared Read Blocks": 55639,                                                                                  
                                       "Shared Dirtied Blocks": 0,                                                                                   
                                       "Shared Written Blocks": 0,                                                                                   
                                       "Local Hit Blocks": 0,                                                                                        
                                       "Local Read Blocks": 0,                                                                                       
                                       "Local Dirtied Blocks": 0,                                                                                    
                                       "Local Written Blocks": 0,                                                                                    
                                       "Temp Read Blocks": 0,                                                                                        
                                       "Temp Written Blocks": 0,                                                                                     
                                       "Plans": [                                                                                                    
                                         {                                                                                                           
                                           "Node Type": "Hash Join",                                                                                 
                                           "Parent Relationship": "Outer",                                                                           
                                           "Parallel Aware": false,                                                                                  
                                           "Join Type": "Inner",                                                                                     
                                           "Startup Cost": 75.50,                                                                                    
                                           "Total Cost": 1524.15,                                                                                    
                                           "Plan Rows": 236,                                                                                         
                                           "Plan Width": 4,                                                                                          
                                           "Actual Startup Time": 95.945,                                                                            
                                           "Actual Total Time": 1232.825,                                                                            
                                           "Actual Rows": 76714,                                                                                     
                                           "Actual Loops": 1,                                                                                        
                                           "Inner Unique": true,                                                                                     
                                           "Hash Cond": "(mk.keyword_id = k.id)",                                                                    
                                           "Shared Hit Blocks": 0,                                                                                   
                                           "Shared Read Blocks": 25403,                                                                              
                                           "Shared Dirtied Blocks": 0,                                                                               
                                           "Shared Written Blocks": 0,                                                                               
                                           "Local Hit Blocks": 0,                                                                                    
                                           "Local Read Blocks": 0,                                                                                   
                                           "Local Dirtied Blocks": 0,                                                                                
                                           "Local Written Blocks": 0,                                                                                
                                           "Temp Read Blocks": 0,                                                                                    
                                           "Temp Written Blocks": 0,                                                                                 
                                           "Plans": [                                                                                                
                                             {                                                                                                       
                                               "Node Type": "Seq Scan",                                                                              
                                               "Parent Relationship": "Outer",                                                                       
                                               "Parallel Aware": false,                                                                              
                                               "Relation Name": "movie_keyword",                                                                     
                                               "Alias": "mk",                                                                                        
                                               "Startup Cost": 0.00,                                                                                 
                                               "Total Cost": 1079.84,                                                                                
                                               "Plan Rows": 4523930,                                                                                 
                                               "Plan Width": 8,                                                                                      
                                               "Actual Startup Time": 4.337,                                                                         
                                               "Actual Total Time": 514.344,                                                                         
                                               "Actual Rows": 4523930,                                                                               
                                               "Actual Loops": 1,                                                                                    
                                               "Shared Hit Blocks": 0,                                                                               
                                               "Shared Read Blocks": 24454,                                                                          
                                               "Shared Dirtied Blocks": 0,                                                                           
                                               "Shared Written Blocks": 0,                                                                           
                                               "Local Hit Blocks": 0,                                                                                
                                               "Local Read Blocks": 0,                                                                               
                                               "Local Dirtied Blocks": 0,                                                                            
                                               "Local Written Blocks": 0,                                                                            
                                               "Temp Read Blocks": 0,                                                                                
                                               "Temp Written Blocks": 0                                                                              
                                             },                                                                                                      
                                             {                                                                                                       
                                               "Node Type": "Hash",                                                                                  
                                               "Parent Relationship": "Inner",                                                                       
                                               "Parallel Aware": false,                                                                              
                                               "Startup Cost": 75.50,                                                                                
                                               "Total Cost": 75.50,                                                                                  
                                               "Plan Rows": 7,                                                                                       
                                               "Plan Width": 4,                                                                                      
                                               "Actual Startup Time": 91.526,                                                                        
                                               "Actual Total Time": 91.526,                                                                          
                                               "Actual Rows": 7,                                                                                     
                                               "Actual Loops": 1,                                                                                    
                                               "Hash Buckets": 1024,                                                                                 
                                               "Original Hash Buckets": 1024,                                                                        
                                               "Hash Batches": 1,                                                                                    
                                               "Original Hash Batches": 1,                                                                           
                                               "Peak Memory Usage": 9,                                                                               
                                               "Shared Hit Blocks": 0,                                                                               
                                               "Shared Read Blocks": 949,                                                                            
                                               "Shared Dirtied Blocks": 0,                                                                           
                                               "Shared Written Blocks": 0,                                                                           
                                               "Local Hit Blocks": 0,                                                                                
                                               "Local Read Blocks": 0,                                                                               
                                               "Local Dirtied Blocks": 0,                                                                            
                                               "Local Written Blocks": 0,                                                                            
                                               "Temp Read Blocks": 0,                                                                                
                                               "Temp Written Blocks": 0,                                                                             
                                               "Plans": [                                                                                            
                                                 {                                                                                                   
                                                   "Node Type": "Seq Scan",                                                                          
                                                   "Parent Relationship": "Outer",                                                                   
                                                   "Parallel Aware": false,                                                                          
                                                   "Relation Name": "keyword",                                                                       
                                                   "Alias": "k",                                                                                     
                                                   "Startup Cost": 0.00,                                                                             
                                                   "Total Cost": 75.50,                                                                              
                                                   "Plan Rows": 7,                                                                                   
                                                   "Plan Width": 4,                                                                                  
                                                   "Actual Startup Time": 29.951,                                                                    
                                                   "Actual Total Time": 91.506,                                                                      
                                                   "Actual Rows": 7,                                                                                 
                                                   "Actual Loops": 1,                                                                                
                                                   "Filter": "(keyword = ANY ('{murder,violence,blood,gore,death,female-nudity,hospital}'::text[]))",
                                                   "Rows Removed by Filter": 134163,                                                                 
                                                   "Shared Hit Blocks": 0,                                                                           
                                                   "Shared Read Blocks": 949,                                                                        
                                                   "Shared Dirtied Blocks": 0,                                                                       
                                                   "Shared Written Blocks": 0,                                                                       
                                                   "Local Hit Blocks": 0,                                                                            
                                                   "Local Read Blocks": 0,                                                                           
                                                   "Local Dirtied Blocks": 0,                                                                        
                                                   "Local Written Blocks": 0,                                                                        
                                                   "Temp Read Blocks": 0,                                                                            
                                                   "Temp Written Blocks": 0                                                                          
                                                 }                                                                                                   
                                               ]                                                                                                     
                                             }                                                                                                       
                                           ]                                                                                                         
                                         },                                                                                                          
                                         {                                                                                                           
                                           "Node Type": "Hash",                                                                                      
                                           "Parent Relationship": "Inner",                                                                           
                                           "Parallel Aware": false,                                                                                  
                                           "Startup Cost": 1587.08,                                                                                  
                                           "Total Cost": 1587.08,                                                                                    
                                           "Plan Rows": 4,                                                                                           
                                           "Plan Width": 14,                                                                                         
                                           "Actual Startup Time": 1755.615,                                                                          
                                           "Actual Total Time": 1755.615,                                                                            
                                           "Actual Rows": 1449,                                                                                      
                                           "Actual Loops": 1,                                                                                        
                                           "Hash Buckets": 2048,                                                                                     
                                           "Original Hash Buckets": 1024,                                                                            
                                           "Hash Batches": 1,                                                                                        
                                           "Original Hash Batches": 1,                                                                               
                                           "Peak Memory Usage": 82,                                                                                  
                                           "Shared Hit Blocks": 1,                                                                                   
                                           "Shared Read Blocks": 30236,                                                                              
                                           "Shared Dirtied Blocks": 0,                                                                               
                                           "Shared Written Blocks": 0,                                                                               
                                           "Local Hit Blocks": 0,                                                                                    
                                           "Local Read Blocks": 0,                                                                                   
                                           "Local Dirtied Blocks": 0,                                                                                
                                           "Local Written Blocks": 0,                                                                                
                                           "Temp Read Blocks": 0,                                                                                    
                                           "Temp Written Blocks": 0,                                                                                 
                                           "Plans": [                                                                                                
                                             {                                                                                                       
                                               "Node Type": "Hash Join",                                                                             
                                               "Parent Relationship": "Outer",                                                                       
                                               "Parallel Aware": false,                                                                              
                                               "Join Type": "Inner",                                                                                 
                                               "Startup Cost": 604.59,                                                                               
                                               "Total Cost": 1587.08,                                                                                
                                               "Plan Rows": 4,                                                                                       
                                               "Plan Width": 14,                                                                                     
                                               "Actual Startup Time": 845.352,                                                                       
                                               "Actual Total Time": 1754.735,                                                                        
                                               "Actual Rows": 1449,                                                                                  
                                               "Actual Loops": 1,                                                                                    
                                               "Inner Unique": false,                                                                                
                                               "Hash Cond": "(mc.movie_id = mi_idx.movie_id)",                                                       
                                               "Shared Hit Blocks": 1,                                                                               
                                               "Shared Read Blocks": 30236,                                                                          
                                               "Shared Dirtied Blocks": 0,                                                                           
                                               "Shared Written Blocks": 0,                                                                           
                                               "Local Hit Blocks": 0,                                                                                
                                               "Local Read Blocks": 0,                                                                               
                                               "Local Dirtied Blocks": 0,                                                                            
                                               "Local Written Blocks": 0,                                                                            
                                               "Temp Read Blocks": 0,                                                                                
                                               "Temp Written Blocks": 0,                                                                             
                                               "Plans": [                                                                                            
                                                 {                                                                                                   
                                                   "Node Type": "Hash Join",                                                                         
                                                   "Parent Relationship": "Outer",                                                                   
                                                   "Parallel Aware": false,                                                                          
                                                   "Join Type": "Inner",                                                                             
                                                   "Startup Cost": 128.41,                                                                           
                                                   "Total Cost": 1110.87,                                                                            
                                                   "Plan Rows": 333,                                                                                 
                                                   "Plan Width": 4,                                                                                  
                                                   "Actual Startup Time": 185.161,                                                                   
                                                   "Actual Total Time": 1114.439,                                                                    
                                                   "Actual Rows": 1814,                                                                              
                                                   "Actual Loops": 1,                                                                                
                                                   "Inner Unique": true,                                                                             
                                                   "Hash Cond": "(mc.company_id = cn.id)",                                                           
                                                   "Shared Hit Blocks": 0,                                                                           
                                                   "Shared Read Blocks": 21783,                                                                      
                                                   "Shared Dirtied Blocks": 0,                                                                       
                                                   "Shared Written Blocks": 0,                                                                       
                                                   "Local Hit Blocks": 0,                                                                            
                                                   "Local Read Blocks": 0,                                                                           
                                                   "Local Dirtied Blocks": 0,                                                                        
                                                   "Local Written Blocks": 0,                                                                        
                                                   "Temp Read Blocks": 0,                                                                            
                                                   "Temp Written Blocks": 0,                                                                         
                                                   "Plans": [                                                                                        
                                                     {                                                                                               
                                                       "Node Type": "Seq Scan",                                                                      
                                                       "Parent Relationship": "Outer",                                                               
                                                       "Parallel Aware": false,                                                                      
                                                       "Relation Name": "movie_companies",                                                           
                                                       "Alias": "mc",                                                                                
                                                       "Startup Cost": 0.00,                                                                         
                                                       "Total Cost": 769.75,                                                                         
                                                       "Plan Rows": 2609129,                                                                         
                                                       "Plan Width": 8,                                                                              
                                                       "Actual Startup Time": 25.447,                                                                
                                                       "Actual Total Time": 522.452,                                                                 
                                                       "Actual Rows": 2609129,                                                                       
                                                       "Actual Loops": 1,                                                                            
                                                       "Shared Hit Blocks": 0,                                                                       
                                                       "Shared Read Blocks": 18789,                                                                  
                                                       "Shared Dirtied Blocks": 0,                                                                   
                                                       "Shared Written Blocks": 0,                                                                   
                                                       "Local Hit Blocks": 0,                                                                        
                                                       "Local Read Blocks": 0,                                                                       
                                                       "Local Dirtied Blocks": 0,                                                                    
                                                       "Local Written Blocks": 0,                                                                    
                                                       "Temp Read Blocks": 0,                                                                        
                                                       "Temp Written Blocks": 0                                                                      
                                                     },                                                                                              
                                                     {                                                                                               
                                                       "Node Type": "Hash",                                                                          
                                                       "Parent Relationship": "Inner",                                                               
                                                       "Parallel Aware": false,                                                                      
                                                       "Startup Cost": 128.41,                                                                       
                                                       "Total Cost": 128.41,                                                                         
                                                       "Plan Rows": 30,                                                                              
                                                       "Plan Width": 4,                                                                              
                                                       "Actual Startup Time": 138.392,                                                               
                                                       "Actual Total Time": 138.392,                                                                 
                                                       "Actual Rows": 10,                                                                            
                                                       "Actual Loops": 1,                                                                            
                                                       "Hash Buckets": 1024,                                                                         
                                                       "Original Hash Buckets": 1024,                                                                
                                                       "Hash Batches": 1,                                                                            
                                                       "Original Hash Batches": 1,                                                                   
                                                       "Peak Memory Usage": 9,                                                                       
                                                       "Shared Hit Blocks": 0,                                                                       
                                                       "Shared Read Blocks": 2994,                                                                   
                                                       "Shared Dirtied Blocks": 0,                                                                   
                                                       "Shared Written Blocks": 0,                                                                   
                                                       "Local Hit Blocks": 0,                                                                        
                                                       "Local Read Blocks": 0,                                                                       
                                                       "Local Dirtied Blocks": 0,                                                                    
                                                       "Local Written Blocks": 0,                                                                    
                                                       "Temp Read Blocks": 0,                                                                        
                                                       "Temp Written Blocks": 0,                                                                     
                                                       "Plans": [                                                                                    
                                                         {                                                                                           
                                                           "Node Type": "Seq Scan",                                                                  
                                                           "Parent Relationship": "Outer",                                                           
                                                           "Parallel Aware": false,                                                                  
                                                           "Relation Name": "company_name",                                                          
                                                           "Alias": "cn",                                                                            
                                                           "Startup Cost": 0.00,                                                                     
                                                           "Total Cost": 128.41,                                                                     
                                                           "Plan Rows": 30,                                                                          
                                                           "Plan Width": 4,                                                                          
                                                           "Actual Startup Time": 5.718,                                                             
                                                           "Actual Total Time": 138.357,                                                             
                                                           "Actual Rows": 10,                                                                        
                                                           "Actual Loops": 1,                                                                        
                                                           "Filter": "(name ~~ 'Lionsgate%'::text)",                                                 
                                                           "Rows Removed by Filter": 234987,                                                         
                                                           "Shared Hit Blocks": 0,                                                                   
                                                           "Shared Read Blocks": 2994,                                                               
                                                           "Shared Dirtied Blocks": 0,                                                               
                                                           "Shared Written Blocks": 0,                                                               
                                                           "Local Hit Blocks": 0,                                                                    
                                                           "Local Read Blocks": 0,                                                                   
                                                           "Local Dirtied Blocks": 0,                                                                
                                                           "Local Written Blocks": 0,                                                                
                                                           "Temp Read Blocks": 0,                                                                    
                                                           "Temp Written Blocks": 0                                                                  
                                                         }                                                                                           
                                                       ]                                                                                             
                                                     }                                                                                               
                                                   ]                                                                                                 
                                                 },                                                                                                  
                                                 {                                                                                                   
                                                   "Node Type": "Hash",                                                                              
                                                   "Parent Relationship": "Inner",                                                                   
                                                   "Parallel Aware": false,                                                                          
                                                   "Startup Cost": 474.39,                                                                           
                                                   "Total Cost": 474.39,                                                                             
                                                   "Plan Rows": 12213,                                                                               
                                                   "Plan Width": 10,                                                                                 
                                                   "Actual Startup Time": 638.569,                                                                   
                                                   "Actual Total Time": 638.569,                                                                     
                                                   "Actual Rows": 459925,                                                                            
                                                   "Actual Loops": 1,                                                                                
                                                   "Hash Buckets": 524288,                                                                           
                                                   "Original Hash Buckets": 16384,                                                                   
                                                   "Hash Batches": 1,                                                                                
                                                   "Original Hash Batches": 1,                                                                       
                                                   "Peak Memory Usage": 22143,                                                                       
                                                   "Shared Hit Blocks": 1,                                                                           
                                                   "Shared Read Blocks": 8453,                                                                       
                                                   "Shared Dirtied Blocks": 0,                                                                       
                                                   "Shared Written Blocks": 0,                                                                       
                                                   "Local Hit Blocks": 0,                                                                            
                                                   "Local Read Blocks": 0,                                                                           
                                                   "Local Dirtied Blocks": 0,                                                                        
                                                   "Local Written Blocks": 0,                                                                        
                                                   "Temp Read Blocks": 0,                                                                            
                                                   "Temp Written Blocks": 0,                                                                         
                                                   "Plans": [                                                                                        
                                                     {                                                                                               
                                                       "Node Type": "Hash Join",                                                                     
                                                       "Parent Relationship": "Outer",                                                               
                                                       "Parallel Aware": false,                                                                      
                                                       "Join Type": "Inner",                                                                         
                                                       "Startup Cost": 0.05,                                                                         
                                                       "Total Cost": 474.39,                                                                         
                                                       "Plan Rows": 12213,                                                                           
                                                       "Plan Width": 10,                                                                             
                                                       "Actual Startup Time": 25.873,                                                                
                                                       "Actual Total Time": 515.492,                                                                 
                                                       "Actual Rows": 459925,                                                                        
                                                       "Actual Loops": 1,                                                                            
                                                       "Inner Unique": true,                                                                         
                                                       "Hash Cond": "(mi_idx.info_type_id = it.id)",                                                
                                                       "Shared Hit Blocks": 1,                                                                       
                                                       "Shared Read Blocks": 8453,                                                                   
                                                       "Shared Dirtied Blocks": 0,                                                                   
                                                       "Shared Written Blocks": 0,                                                                   
                                                       "Local Hit Blocks": 0,                                                                        
                                                       "Local Read Blocks": 0,                                                                       
                                                       "Local Dirtied Blocks": 0,                                                                    
                                                       "Local Written Blocks": 0,                                                                    
                                                       "Temp Read Blocks": 0,                                                                        
                                                       "Temp Written Blocks": 0,                                                                     
                                                       "Plans": [                                                                                    
                                                         {                                                                                           
                                                           "Node Type": "Seq Scan",                                                                  
                                                           "Parent Relationship": "Outer",                                                           
                                                           "Parallel Aware": false,                                                                  
                                                           "Relation Name": "movie_info_idx",                                                        
                                                           "Alias": "mi_idx",                                                                        
                                                           "Startup Cost": 0.00,                                                                     
                                                           "Total Cost": 360.56,                                                                     
                                                           "Plan Rows": 1380035,                                                                     
                                                           "Plan Width": 14,                                                                         
                                                           "Actual Startup Time": 25.766,                                                            
                                                           "Actual Total Time": 224.151,                                                             
                                                           "Actual Rows": 1380035,                                                                   
                                                           "Actual Loops": 1,                                                                        
                                                           "Shared Hit Blocks": 0,                                                                   
                                                           "Shared Read Blocks": 8453,                                                               
                                                           "Shared Dirtied Blocks": 0,                                                               
                                                           "Shared Written Blocks": 0,                                                               
                                                           "Local Hit Blocks": 0,                                                                    
                                                           "Local Read Blocks": 0,                                                                   
                                                           "Local Dirtied Blocks": 0,                                                                
                                                           "Local Written Blocks": 0,                                                                
                                                           "Temp Read Blocks": 0,                                                                    
                                                           "Temp Written Blocks": 0                                                                  
                                                         },                                                                                          
                                                         {                                                                                           
                                                           "Node Type": "Hash",                                                                      
                                                           "Parent Relationship": "Inner",                                                           
                                                           "Parallel Aware": false,                                                                  
                                                           "Startup Cost": 0.05,                                                                     
                                                           "Total Cost": 0.05,                                                                       
                                                           "Plan Rows": 1,                                                                           
                                                           "Plan Width": 4,                                                                          
                                                           "Actual Startup Time": 0.064,                                                             
                                                           "Actual Total Time": 0.064,                                                               
                                                           "Actual Rows": 1,                                                                         
                                                           "Actual Loops": 1,                                                                        
                                                           "Hash Buckets": 1024,                                                                     
                                                           "Original Hash Buckets": 1024,                                                            
                                                           "Hash Batches": 1,                                                                        
                                                           "Original Hash Batches": 1,                                                               
                                                           "Peak Memory Usage": 9,                                                                   
                                                           "Shared Hit Blocks": 1,                                                                   
                                                           "Shared Read Blocks": 0,                                                                  
                                                           "Shared Dirtied Blocks": 0,                                                               
                                                           "Shared Written Blocks": 0,                                                               
                                                           "Local Hit Blocks": 0,                                                                    
                                                           "Local Read Blocks": 0,                                                                   
                                                           "Local Dirtied Blocks": 0,                                                                
                                                           "Local Written Blocks": 0,                                                                
                                                           "Temp Read Blocks": 0,                                                                    
                                                           "Temp Written Blocks": 0,                                                                 
                                                           "Plans": [                                                                                
                                                             {                                                                                       
                                                               "Node Type": "Seq Scan",                                                              
                                                               "Parent Relationship": "Outer",                                                       
                                                               "Parallel Aware": false,                                                              
                                                               "Relation Name": "info_type",                                                         
                                                               "Alias": "it",                                                                       
                                                               "Startup Cost": 0.00,                                                                 
                                                               "Total Cost": 0.05,                                                                   
                                                               "Plan Rows": 1,                                                                       
                                                               "Plan Width": 4,                                                                      
                                                               "Actual Startup Time": 0.056,                                                         
                                                               "Actual Total Time": 0.059,                                                           
                                                               "Actual Rows": 1,                                                                     
                                                               "Actual Loops": 1,                                                                    
                                                               "Filter": "((info)::text = 'votes'::text)",                                           
                                                               "Rows Removed by Filter": 112,                                                        
                                                               "Shared Hit Blocks": 1,                                                               
                                                               "Shared Read Blocks": 0,                                                              
                                                               "Shared Dirtied Blocks": 0,                                                           
                                                               "Shared Written Blocks": 0,                                                           
                                                               "Local Hit Blocks": 0,                                                                
                                                               "Local Read Blocks": 0,                                                               
                                                               "Local Dirtied Blocks": 0,                                                            
                                                               "Local Written Blocks": 0,                                                            
                                                               "Temp Read Blocks": 0,                                                                
                                                               "Temp Written Blocks": 0                                                              
                                                             }                                                                                       
                                                           ]                                                                                         
                                                         }                                                                                           
                                                       ]                                                                                             
                                                     }                                                                                               
                                                   ]                                                                                                 
                                                 }                                                                                                   
                                               ]                                                                                                     
                                             }                                                                                                       
                                           ]                                                                                                         
                                         }                                                                                                           
                                       ]                                                                                                             
                                     }                                                                                                               
                                   ]                                                                                                                 
                                 }                                                                                                                   
                               ]                                                                                                                     
                             }                                                                                                                       
                           ]                                                                                                                         
                         }                                                                                                                           
                       ]                                                                                                                             
                     }                                                                                                                               
                   ]                                                                                                                                 
                 }                                                                                                                                   
               ]                                                                                                                                     
             },                                                                                                                                      
             {                                                                                                                                       
               "Node Type": "Hash",                                                                                                                  
               "Parent Relationship": "Inner",                                                                                                       
               "Parallel Aware": false,                                                                                                              
               "Startup Cost": 2356.12,                                                                                                              
               "Total Cost": 2356.12,                                                                                                                
               "Plan Rows": 1739438,                                                                                                                 
               "Plan Width": 19,                                                                                                                     
               "Actual Startup Time": 2744.049,                                                                                                      
               "Actual Total Time": 2744.049,                                                                                                        
               "Actual Rows": 1739579,                                                                                                               
               "Actual Loops": 1,                                                                                                                    
               "Hash Buckets": 2097152,                                                                                                              
               "Original Hash Buckets": 2097152,                                                                                                     
               "Hash Batches": 1,                                                                                                                    
               "Original Hash Batches": 1,                                                                                                           
               "Peak Memory Usage": 106207,                                                                                                          
               "Shared Hit Blocks": 0,                                                                                                               
               "Shared Read Blocks": 55613,                                                                                                          
               "Shared Dirtied Blocks": 0,                                                                                                           
               "Shared Written Blocks": 0,                                                                                                           
               "Local Hit Blocks": 0,                                                                                                                
               "Local Read Blocks": 0,                                                                                                               
               "Local Dirtied Blocks": 0,                                                                                                            
               "Local Written Blocks": 0,                                                                                                            
               "Temp Read Blocks": 0,                                                                                                                
               "Temp Written Blocks": 0,                                                                                                             
               "Plans": [                                                                                                                            
                 {                                                                                                                                   
                   "Node Type": "Seq Scan",                                                                                                          
                   "Parent Relationship": "Outer",                                                                                                   
                   "Parallel Aware": false,                                                                                                          
                   "Relation Name": "name",                                                                                                          
                   "Alias": "n",                                                                                                                     
                   "Startup Cost": 0.00,                                                                                                             
                   "Total Cost": 2356.12,                                                                                                            
                   "Plan Rows": 1739438,                                                                                                             
                   "Plan Width": 19,                                                                                                                 
                   "Actual Startup Time": 14.089,                                                                                                    
                   "Actual Total Time": 2203.284,                                                                                                    
                   "Actual Rows": 1739579,                                                                                                           
                   "Actual Loops": 1,                                                                                                                
                   "Filter": "((gender)::text = 'm'::text)",                                                                                         
                   "Rows Removed by Filter": 2427912,                                                                                                
                   "Shared Hit Blocks": 0,                                                                                                           
                   "Shared Read Blocks": 55613,                                                                                                      
                   "Shared Dirtied Blocks": 0,                                                                                                       
                   "Shared Written Blocks": 0,                                                                                                       
                   "Local Hit Blocks": 0,                                                                                                            
                   "Local Read Blocks": 0,                                                                                                           
                   "Local Dirtied Blocks": 0,                                                                                                        
                   "Local Written Blocks": 0,                                                                                                        
                   "Temp Read Blocks": 0,                                                                                                            
                   "Temp Written Blocks": 0                                                                                                          
                 }                                                                                                                                   
               ]                                                                                                                                     
             }                                                                                                                                       
           ]                                                                                                                                         
         }                                                                                                                                           
       ]                                                                                                                                             
     },                                                                                                                                              
     "Planning Time": 14315.217,                                                                                                                     
     "Triggers": [                                                                                                                                   
     ],                                                                                                                                              
     "Execution Time": 28243.769                                                                                                                     
   }                                                                                                                                                 
 ]
