 [                                                                                                                                                               
   {                                                                                                                                                             
     "Plan": {                                                                                                                                                   
       "Node Type": "Aggregate",                                                                                                                                 
       "Strategy": "Plain",                                                                                                                                      
       "Partial Mode": "Simple",                                                                                                                                 
       "Parallel Aware": false,                                                                                                                                  
       "Startup Cost": 32631.86,                                                                                                                                 
       "Total Cost": 32631.86,                                                                                                                                   
       "Plan Rows": 1,                                                                                                                                           
       "Plan Width": 128,                                                                                                                                        
       "Actual Startup Time": 28243.236,                                                                                                                         
       "Actual Total Time": 28243.236,                                                                                                                           
       "Actual Rows": 1,                                                                                                                                         
       "Actual Loops": 1,                                                                                                                                        
       "Shared Hit Blocks": 4,                                                                                                                                   
       "Shared Read Blocks": 561797,                                                                                                                             
       "Shared Dirtied Blocks": 0,                                                                                                                               
       "Shared Written Blocks": 0,                                                                                                                               
       "Local Hit Blocks": 0,                                                                                                                                    
       "Local Read Blocks": 0,                                                                                                                                   
       "Local Dirtied Blocks": 0,                                                                                                                                
       "Local Written Blocks": 0,                                                                                                                                
       "Temp Read Blocks": 0,                                                                                                                                    
       "Temp Written Blocks": 0,                                                                                                                                 
       "Plans": [                                                                                                                                                
         {                                                                                                                                                       
           "Node Type": "Hash Join",                                                                                                                             
           "Parent Relationship": "Outer",                                                                                                                       
           "Parallel Aware": false,                                                                                                                              
           "Join Type": "Inner",                                                                                                                                 
           "Startup Cost": 15064.26,                                                                                                                             
           "Total Cost": 32631.86,                                                                                                                               
           "Plan Rows": 1,                                                                                                                                       
           "Plan Width": 80,                                                                                                                                     
           "Actual Startup Time": 24275.611,                                                                                                                     
           "Actual Total Time": 28243.121,                                                                                                                       
           "Actual Rows": 84,                                                                                                                                    
           "Actual Loops": 1,                                                                                                                                    
           "Inner Unique": true,                                                                                                                                 
           "Hash Cond": "(ci.person_id = n.id)",                                                                                                                 
           "Shared Hit Blocks": 4,                                                                                                                               
           "Shared Read Blocks": 561797,                                                                                                                         
           "Shared Dirtied Blocks": 0,                                                                                                                           
           "Shared Written Blocks": 0,                                                                                                                           
           "Local Hit Blocks": 0,                                                                                                                                
           "Local Read Blocks": 0,                                                                                                                               
           "Local Dirtied Blocks": 0,                                                                                                                            
           "Local Written Blocks": 0,                                                                                                                            
           "Temp Read Blocks": 0,                                                                                                                                
           "Temp Written Blocks": 0,                                                                                                                             
           "Plans": [                                                                                                                                            
             {                                                                                                                                                   
               "Node Type": "Hash Join",                                                                                                                         
               "Parent Relationship": "Outer",                                                                                                                   
               "Parallel Aware": false,                                                                                                                          
               "Join Type": "Inner",                                                                                                                             
               "Startup Cost": 12452.82,                                                                                                                         
               "Total Cost": 30020.42,                                                                                                                           
               "Plan Rows": 1,                                                                                                                                   
               "Plan Width": 69,                                                                                                                                 
               "Actual Startup Time": 21648.861,                                                                                                                 
               "Actual Total Time": 25616.328,                                                                                                                   
               "Actual Rows": 84,                                                                                                                                
               "Actual Loops": 1,                                                                                                                                
               "Inner Unique": false,                                                                                                                            
               "Hash Cond": "(t.id = mi_idx.movie_id)",                                                                                                          
               "Shared Hit Blocks": 1,                                                                                                                           
               "Shared Read Blocks": 506184,                                                                                                                     
               "Shared Dirtied Blocks": 0,                                                                                                                       
               "Shared Written Blocks": 0,                                                                                                                       
               "Local Hit Blocks": 0,                                                                                                                            
               "Local Read Blocks": 0,                                                                                                                           
               "Local Dirtied Blocks": 0,                                                                                                                        
               "Local Written Blocks": 0,                                                                                                                        
               "Temp Read Blocks": 0,                                                                                                                            
               "Temp Written Blocks": 0,                                                                                                                         
               "Plans": [                                                                                                                                        
                 {                                                                                                                                               
                   "Node Type": "Hash Join",                                                                                                                     
                   "Parent Relationship": "Outer",                                                                                                               
                   "Parallel Aware": false,                                                                                                                      
                   "Join Type": "Inner",                                                                                                                         
                   "Startup Cost": 11976.64,                                                                                                                     
                   "Total Cost": 29544.24,                                                                                                                       
                   "Plan Rows": 1,                                                                                                                               
                   "Plan Width": 83,                                                                                                                             
                   "Actual Startup Time": 20984.880,                                                                                                             
                   "Actual Total Time": 24952.297,                                                                                                               
                   "Actual Rows": 84,                                                                                                                            
                   "Actual Loops": 1,                                                                                                                            
                   "Inner Unique": false,                                                                                                                        
                   "Hash Cond": "(t.id = mi.movie_id)",                                                                                                          
                   "Shared Hit Blocks": 1,                                                                                                                       
                   "Shared Read Blocks": 497730,                                                                                                                 
                   "Shared Dirtied Blocks": 0,                                                                                                                   
                   "Shared Written Blocks": 0,                                                                                                                   
                   "Local Hit Blocks": 0,                                                                                                                        
                   "Local Read Blocks": 0,                                                                                                                       
                   "Local Dirtied Blocks": 0,                                                                                                                    
                   "Local Written Blocks": 0,                                                                                                                    
                   "Temp Read Blocks": 0,                                                                                                                        
                   "Temp Written Blocks": 0,                                                                                                                     
                   "Plans": [                                                                                                                                    
                     {                                                                                                                                           
                       "Node Type": "Hash Join",                                                                                                                 
                       "Parent Relationship": "Outer",                                                                                                           
                       "Parallel Aware": false,                                                                                                                  
                       "Join Type": "Inner",                                                                                                                     
                       "Startup Cost": 2089.23,                                                                                                                  
                       "Total Cost": 19656.79,                                                                                                                   
                       "Plan Rows": 254,                                                                                                                         
                       "Plan Width": 29,                                                                                                                         
                       "Actual Startup Time": 9565.647,                                                                                                          
                       "Actual Total Time": 13652.421,                                                                                                           
                       "Actual Rows": 637,                                                                                                                       
                       "Actual Loops": 1,                                                                                                                        
                       "Inner Unique": true,                                                                                                                     
                       "Hash Cond": "(ci.movie_id = t.id)",                                                                                                      
                       "Shared Hit Blocks": 0,                                                                                                                   
                       "Shared Read Blocks": 288652,                                                                                                             
                       "Shared Dirtied Blocks": 0,                                                                                                               
                       "Shared Written Blocks": 0,                                                                                                               
                       "Local Hit Blocks": 0,                                                                                                                    
                       "Local Read Blocks": 0,                                                                                                                   
                       "Local Dirtied Blocks": 0,                                                                                                                
                       "Local Written Blocks": 0,                                                                                                                
                       "Temp Read Blocks": 0,                                                                                                                    
                       "Temp Written Blocks": 0,                                                                                                                 
                       "Plans": [                                                                                                                                
                         {                                                                                                                                       
                           "Node Type": "Seq Scan",                                                                                                              
                           "Parent Relationship": "Outer",                                                                                                       
                           "Parallel Aware": false,                                                                                                              
                           "Relation Name": "cast_info",                                                                                                         
                           "Alias": "ci",                                                                                                                        
                           "Startup Cost": 0.00,                                                                                                                 
                           "Total Cost": 17466.00,                                                                                                               
                           "Plan Rows": 1245851,                                                                                                                 
                           "Plan Width": 8,                                                                                                                      
                           "Actual Startup Time": 378.839,                                                                                                       
                           "Actual Total Time": 11676.617,                                                                                                       
                           "Actual Rows": 1244716,                                                                                                               
                           "Actual Loops": 1,                                                                                                                    
                           "Filter": "(note = ANY ('{(writer),\"(head writer)\",\"(written by)\",(story),\"(story editor)\"}'::text[]))",                        
                           "Rows Removed by Filter": 34999628,                                                                                                   
                           "Shared Hit Blocks": 0,                                                                                                               
                           "Shared Read Blocks": 252654,                                                                                                         
                           "Shared Dirtied Blocks": 0,                                                                                                           
                           "Shared Written Blocks": 0,                                                                                                           
                           "Local Hit Blocks": 0,                                                                                                                
                           "Local Read Blocks": 0,                                                                                                               
                           "Local Dirtied Blocks": 0,                                                                                                            
                           "Local Written Blocks": 0,                                                                                                            
                           "Temp Read Blocks": 0,                                                                                                                
                           "Temp Written Blocks": 0                                                                                                              
                         },                                                                                                                                      
                         {                                                                                                                                       
                           "Node Type": "Hash",                                                                                                                  
                           "Parent Relationship": "Inner",                                                                                                       
                           "Parallel Aware": false,                                                                                                              
                           "Startup Cost": 2089.15,                                                                                                              
                           "Total Cost": 2089.15,                                                                                                                
                           "Plan Rows": 516,                                                                                                                     
                           "Plan Width": 21,                                                                                                                     
                           "Actual Startup Time": 1808.095,                                                                                                      
                           "Actual Total Time": 1808.095,                                                                                                        
                           "Actual Rows": 533,                                                                                                                   
                           "Actual Loops": 1,                                                                                                                    
                           "Hash Buckets": 1024,                                                                                                                 
                           "Original Hash Buckets": 1024,                                                                                                        
                           "Hash Batches": 1,                                                                                                                    
                           "Original Hash Batches": 1,                                                                                                           
                           "Peak Memory Usage": 43,                                                                                                              
                           "Shared Hit Blocks": 0,                                                                                                               
                           "Shared Read Blocks": 35998,                                                                                                          
                           "Shared Dirtied Blocks": 0,                                                                                                           
                           "Shared Written Blocks": 0,                                                                                                           
                           "Local Hit Blocks": 0,                                                                                                                
                           "Local Read Blocks": 0,                                                                                                               
                           "Local Dirtied Blocks": 0,                                                                                                            
                           "Local Written Blocks": 0,                                                                                                            
                           "Temp Read Blocks": 0,                                                                                                                
                           "Temp Written Blocks": 0,                                                                                                             
                           "Plans": [                                                                                                                            
                             {                                                                                                                                   
                               "Node Type": "Seq Scan",                                                                                                          
                               "Parent Relationship": "Outer",                                                                                                   
                               "Parallel Aware": false,                                                                                                          
                               "Relation Name": "title",                                                                                                         
                               "Alias": "t",                                                                                                                     
                               "Startup Cost": 0.00,                                                                                                             
                               "Total Cost": 2089.15,                                                                                                            
                               "Plan Rows": 516,                                                                                                                 
                               "Plan Width": 21,                                                                                                                 
                               "Actual Startup Time": 15.188,                                                                                                    
                               "Actual Total Time": 1807.217,                                                                                                    
                               "Actual Rows": 533,                                                                                                               
                               "Actual Loops": 1,                                                                                                                
                               "Filter": "((production_year > 2000) AND ((title ~~ '%Freddy%'::text) OR (title ~~ '%Jason%'::text) OR (title ~~ 'Saw%'::text)))",
                               "Rows Removed by Filter": 2527779,                                                                                                
                               "Shared Hit Blocks": 0,                                                                                                           
                               "Shared Read Blocks": 35998,                                                                                                      
                               "Shared Dirtied Blocks": 0,                                                                                                       
                               "Shared Written Blocks": 0,                                                                                                       
                               "Local Hit Blocks": 0,                                                                                                            
                               "Local Read Blocks": 0,                                                                                                           
                               "Local Dirtied Blocks": 0,                                                                                                        
                               "Local Written Blocks": 0,                                                                                                        
                               "Temp Read Blocks": 0,                                                                                                            
                               "Temp Written Blocks": 0                                                                                                          
                             }                                                                                                                                   
                           ]                                                                                                                                     
                         }                                                                                                                                       
                       ]                                                                                                                                         
                     },                                                                                                                                          
                     {                                                                                                                                           
                       "Node Type": "Hash",                                                                                                                      
                       "Parent Relationship": "Inner",                                                                                                           
                       "Parallel Aware": false,                                                                                                                  
                       "Startup Cost": 9887.42,                                                                                                                  
                       "Total Cost": 9887.42,                                                                                                                    
                       "Plan Rows": 1,                                                                                                                           
                       "Plan Width": 54,                                                                                                                         
                       "Actual Startup Time": 11299.613,                                                                                                         
                       "Actual Total Time": 11299.613,                                                                                                           
                       "Actual Rows": 260,                                                                                                                       
                       "Actual Loops": 1,                                                                                                                        
                       "Hash Buckets": 1024,                                                                                                                     
                       "Original Hash Buckets": 1024,                                                                                                            
                       "Hash Batches": 1,                                                                                                                        
                       "Original Hash Batches": 1,                                                                                                               
                       "Peak Memory Usage": 22,                                                                                                                  
                       "Shared Hit Blocks": 1,                                                                                                                   
                       "Shared Read Blocks": 209078,                                                                                                             
                       "Shared Dirtied Blocks": 0,                                                                                                               
                       "Shared Written Blocks": 0,                                                                                                               
                       "Local Hit Blocks": 0,                                                                                                                    
                       "Local Read Blocks": 0,                                                                                                                   
                       "Local Dirtied Blocks": 0,                                                                                                                
                       "Local Written Blocks": 0,                                                                                                                
                       "Temp Read Blocks": 0,                                                                                                                    
                       "Temp Written Blocks": 0,                                                                                                                 
                       "Plans": [                                                                                                                                
                         {                                                                                                                                       
                           "Node Type": "Hash Join",                                                                                                             
                           "Parent Relationship": "Outer",                                                                                                       
                           "Parallel Aware": false,                                                                                                              
                           "Join Type": "Inner",                                                                                                                 
                           "Startup Cost": 2625.61,                                                                                                              
                           "Total Cost": 9887.42,                                                                                                                
                           "Plan Rows": 1,                                                                                                                       
                           "Plan Width": 54,                                                                                                                     
                           "Actual Startup Time": 10608.407,                                                                                                     
                           "Actual Total Time": 11299.408,                                                                                                       
                           "Actual Rows": 260,                                                                                                                   
                           "Actual Loops": 1,                                                                                                                    
                           "Inner Unique": false,                                                                                                                
                           "Hash Cond": "(mi.movie_id = mk.movie_id)",                                                                                           
                           "Shared Hit Blocks": 1,                                                                                                               
                           "Shared Read Blocks": 209078,                                                                                                         
                           "Shared Dirtied Blocks": 0,                                                                                                           
                           "Shared Written Blocks": 0,                                                                                                           
                           "Local Hit Blocks": 0,                                                                                                                
                           "Local Read Blocks": 0,                                                                                                               
                           "Local Dirtied Blocks": 0,                                                                                                            
                           "Local Written Blocks": 0,                                                                                                            
                           "Temp Read Blocks": 0,                                                                                                                
                           "Temp Written Blocks": 0,                                                                                                             
                           "Plans": [                                                                                                                            
                             {                                                                                                                                   
                               "Node Type": "Hash Join",                                                                                                         
                               "Parent Relationship": "Outer",                                                                                                   
                               "Parallel Aware": false,                                                                                                          
                               "Join Type": "Inner",                                                                                                             
                               "Startup Cost": 0.05,                                                                                                             
                               "Total Cost": 7261.78,                                                                                                            
                               "Plan Rows": 650,                                                                                                                 
                               "Plan Width": 46,                                                                                                                 
                               "Actual Startup Time": 8007.510,                                                                                                  
                               "Actual Total Time": 8800.590,                                                                                                    
                               "Actual Rows": 72258,                                                                                                             
                               "Actual Loops": 1,                                                                                                                
                               "Inner Unique": true,                                                                                                             
                               "Hash Cond": "(mi.info_type_id = it.id)",                                                                                        
                               "Shared Hit Blocks": 1,                                                                                                           
                               "Shared Read Blocks": 161892,                                                                                                     
                               "Shared Dirtied Blocks": 0,                                                                                                       
                               "Shared Written Blocks": 0,                                                                                                       
                               "Local Hit Blocks": 0,                                                                                                            
                               "Local Read Blocks": 0,                                                                                                           
                               "Local Dirtied Blocks": 0,                                                                                                        
                               "Local Written Blocks": 0,                                                                                                        
                               "Temp Read Blocks": 0,                                                                                                            
                               "Temp Written Blocks": 0,                                                                                                         
                               "Plans": [                                                                                                                        
                                 {                                                                                                                               
                                   "Node Type": "Seq Scan",                                                                                                      
                                   "Parent Relationship": "Outer",                                                                                               
                                   "Parallel Aware": false,                                                                                                      
                                   "Relation Name": "movie_info",                                                                                                
                                   "Alias": "mi",                                                                                                                
                                   "Startup Cost": 0.00,                                                                                                         
                                   "Total Cost": 7255.68,                                                                                                        
                                   "Plan Rows": 73417,                                                                                                           
                                   "Plan Width": 50,                                                                                                             
                                   "Actual Startup Time": 4961.940,                                                                                              
                                   "Actual Total Time": 8768.420,                                                                                                
                                   "Actual Rows": 73047,                                                                                                         
                                   "Actual Loops": 1,                                                                                                            
                                   "Filter": "(info = ANY ('{Horror,Thriller}'::text[]))",                                                                       
                                   "Rows Removed by Filter": 14762673,                                                                                           
                                   "Shared Hit Blocks": 0,                                                                                                       
                                   "Shared Read Blocks": 161892,                                                                                                 
                                   "Shared Dirtied Blocks": 0,                                                                                                   
                                   "Shared Written Blocks": 0,                                                                                                   
                                   "Local Hit Blocks": 0,                                                                                                        
                                   "Local Read Blocks": 0,                                                                                                       
                                   "Local Dirtied Blocks": 0,                                                                                                    
                                   "Local Written Blocks": 0,                                                                                                    
                                   "Temp Read Blocks": 0,                                                                                                        
                                   "Temp Written Blocks": 0                                                                                                      
                                 },                                                                                                                              
                                 {                                                                                                                               
                                   "Node Type": "Hash",                                                                                                          
                                   "Parent Relationship": "Inner",                                                                                               
                                   "Parallel Aware": false,                                                                                                      
                                   "Startup Cost": 0.05,                                                                                                         
                                   "Total Cost": 0.05,                                                                                                           
                                   "Plan Rows": 1,                                                                                                               
                                   "Plan Width": 4,                                                                                                              
                                   "Actual Startup Time": 0.026,                                                                                                 
                                   "Actual Total Time": 0.026,                                                                                                   
                                   "Actual Rows": 1,                                                                                                             
                                   "Actual Loops": 1,                                                                                                            
                                   "Hash Buckets": 1024,                                                                                                         
                                   "Original Hash Buckets": 1024,                                                                                                
                                   "Hash Batches": 1,                                                                                                            
                                   "Original Hash Batches": 1,                                                                                                   
                                   "Peak Memory Usage": 9,                                                                                                       
                                   "Shared Hit Blocks": 1,                                                                                                       
                                   "Shared Read Blocks": 0,                                                                                                      
                                   "Shared Dirtied Blocks": 0,                                                                                                   
                                   "Shared Written Blocks": 0,                                                                                                   
                                   "Local Hit Blocks": 0,                                                                                                        
                                   "Local Read Blocks": 0,                                                                                                       
                                   "Local Dirtied Blocks": 0,                                                                                                    
                                   "Local Written Blocks": 0,                                                                                                    
                                   "Temp Read Blocks": 0,                                                                                                        
                                   "Temp Written Blocks": 0,                                                                                                     
                                   "Plans": [                                                                                                                    
                                     {                                                                                                                           
                                       "Node Type": "Seq Scan",                                                                                                  
                                       "Parent Relationship": "Outer",                                                                                           
                                       "Parallel Aware": false,                                                                                                  
                                       "Relation Name": "info_type",                                                                                             
                                       "Alias": "it",                                                                                                           
                                       "Startup Cost": 0.00,                                                                                                     
                                       "Total Cost": 0.05,                                                                                                       
                                       "Plan Rows": 1,                                                                                                           
                                       "Plan Width": 4,                                                                                                          
                                       "Actual Startup Time": 0.009,                                                                                             
                                       "Actual Total Time": 0.021,                                                                                               
                                       "Actual Rows": 1,                                                                                                         
                                       "Actual Loops": 1,                                                                                                        
                                       "Filter": "((info)::text = 'genres'::text)",                                                                              
                                       "Rows Removed by Filter": 112,                                                                                            
                                       "Shared Hit Blocks": 1,                                                                                                   
                                       "Shared Read Blocks": 0,                                                                                                  
                                       "Shared Dirtied Blocks": 0,                                                                                               
                                       "Shared Written Blocks": 0,                                                                                               
                                       "Local Hit Blocks": 0,                                                                                                    
                                       "Local Read Blocks": 0,                                                                                                   
                                       "Local Dirtied Blocks": 0,                                                                                                
                                       "Local Written Blocks": 0,                                                                                                
                                       "Temp Read Blocks": 0,                                                                                                    
                                       "Temp Written Blocks": 0                                                                                                  
                                     }                                                                                                                           
                                   ]                                                                                                                             
                                 }                                                                                                                               
                               ]                                                                                                                                 
                             },                                                                                                                                  
                             {                                                                                                                                   
                               "Node Type": "Hash",                                                                                                              
                               "Parent Relationship": "Inner",                                                                                                   
                               "Parallel Aware": false,                                                                                                          
                               "Startup Cost": 2625.56,                                                                                                          
                               "Total Cost": 2625.56,                                                                                                            
                               "Plan Rows": 1,                                                                                                                   
                               "Plan Width": 8,                                                                                                                  
                               "Actual Startup Time": 2483.215,                                                                                                  
                               "Actual Total Time": 2483.215,                                                                                                    
                               "Actual Rows": 315,                                                                                                               
                               "Actual Loops": 1,                                                                                                                
                               "Hash Buckets": 1024,                                                                                                             
                               "Original Hash Buckets": 1024,                                                                                                    
                               "Hash Batches": 1,                                                                                                                
                               "Original Hash Batches": 1,                                                                                                       
                               "Peak Memory Usage": 21,                                                                                                          
                               "Shared Hit Blocks": 0,                                                                                                           
                               "Shared Read Blocks": 47186,                                                                                                      
                               "Shared Dirtied Blocks": 0,                                                                                                       
                               "Shared Written Blocks": 0,                                                                                                       
                               "Local Hit Blocks": 0,                                                                                                            
                               "Local Read Blocks": 0,                                                                                                           
                               "Local Dirtied Blocks": 0,                                                                                                        
                               "Local Written Blocks": 0,                                                                                                        
                               "Temp Read Blocks": 0,                                                                                                            
                               "Temp Written Blocks": 0,                                                                                                         
                               "Plans": [                                                                                                                        
                                 {                                                                                                                               
                                   "Node Type": "Hash Join",                                                                                                     
                                   "Parent Relationship": "Outer",                                                                                               
                                   "Parallel Aware": false,                                                                                                      
                                   "Join Type": "Inner",                                                                                                         
                                   "Startup Cost": 1176.89,                                                                                                      
                                   "Total Cost": 2625.56,                                                                                                        
                                   "Plan Rows": 1,                                                                                                               
                                   "Plan Width": 8,                                                                                                              
                                   "Actual Startup Time": 1314.823,                                                                                              
                                   "Actual Total Time": 2483.028,                                                                                                
                                   "Actual Rows": 315,                                                                                                           
                                   "Actual Loops": 1,                                                                                                            
                                   "Inner Unique": false,                                                                                                        
                                   "Hash Cond": "(mk.movie_id = mc.movie_id)",                                                                                   
                                   "Shared Hit Blocks": 0,                                                                                                       
                                   "Shared Read Blocks": 47186,                                                                                                  
                                   "Shared Dirtied Blocks": 0,                                                                                                   
                                   "Shared Written Blocks": 0,                                                                                                   
                                   "Local Hit Blocks": 0,                                                                                                        
                                   "Local Read Blocks": 0,                                                                                                       
                                   "Local Dirtied Blocks": 0,                                                                                                    
                                   "Local Written Blocks": 0,                                                                                                    
                                   "Temp Read Blocks": 0,                                                                                                        
                                   "Temp Written Blocks": 0,                                                                                                     
                                   "Plans": [                                                                                                                    
                                     {                                                                                                                           
                                       "Node Type": "Hash Join",                                                                                                 
                                       "Parent Relationship": "Outer",                                                                                           
                                       "Parallel Aware": false,                                                                                                  
                                       "Join Type": "Inner",                                                                                                     
                                       "Startup Cost": 75.50,                                                                                                    
                                       "Total Cost": 1524.15,                                                                                                    
                                       "Plan Rows": 236,                                                                                                         
                                       "Plan Width": 4,                                                                                                          
                                       "Actual Startup Time": 117.316,                                                                                           
                                       "Actual Total Time": 1409.483,                                                                                            
                                       "Actual Rows": 76714,                                                                                                     
                                       "Actual Loops": 1,                                                                                                        
                                       "Inner Unique": true,                                                                                                     
                                       "Hash Cond": "(mk.keyword_id = k.id)",                                                                                    
                                       "Shared Hit Blocks": 0,                                                                                                   
                                       "Shared Read Blocks": 25403,                                                                                              
                                       "Shared Dirtied Blocks": 0,                                                                                               
                                       "Shared Written Blocks": 0,                                                                                               
                                       "Local Hit Blocks": 0,                                                                                                    
                                       "Local Read Blocks": 0,                                                                                                   
                                       "Local Dirtied Blocks": 0,                                                                                                
                                       "Local Written Blocks": 0,                                                                                                
                                       "Temp Read Blocks": 0,                                                                                                    
                                       "Temp Written Blocks": 0,                                                                                                 
                                       "Plans": [                                                                                                                
                                         {                                                                                                                       
                                           "Node Type": "Seq Scan",                                                                                              
                                           "Parent Relationship": "Outer",                                                                                       
                                           "Parallel Aware": false,                                                                                              
                                           "Relation Name": "movie_keyword",                                                                                     
                                           "Alias": "mk",                                                                                                        
                                           "Startup Cost": 0.00,                                                                                                 
                                           "Total Cost": 1079.84,                                                                                                
                                           "Plan Rows": 4523930,                                                                                                 
                                           "Plan Width": 8,                                                                                                      
                                           "Actual Startup Time": 25.670,                                                                                        
                                           "Actual Total Time": 664.779,                                                                                         
                                           "Actual Rows": 4523930,                                                                                               
                                           "Actual Loops": 1,                                                                                                    
                                           "Shared Hit Blocks": 0,                                                                                               
                                           "Shared Read Blocks": 24454,                                                                                          
                                           "Shared Dirtied Blocks": 0,                                                                                           
                                           "Shared Written Blocks": 0,                                                                                           
                                           "Local Hit Blocks": 0,                                                                                                
                                           "Local Read Blocks": 0,                                                                                               
                                           "Local Dirtied Blocks": 0,                                                                                            
                                           "Local Written Blocks": 0,                                                                                            
                                           "Temp Read Blocks": 0,                                                                                                
                                           "Temp Written Blocks": 0                                                                                              
                                         },                                                                                                                      
                                         {                                                                                                                       
                                           "Node Type": "Hash",                                                                                                  
                                           "Parent Relationship": "Inner",                                                                                       
                                           "Parallel Aware": false,                                                                                              
                                           "Startup Cost": 75.50,                                                                                                
                                           "Total Cost": 75.50,                                                                                                  
                                           "Plan Rows": 7,                                                                                                       
                                           "Plan Width": 4,                                                                                                      
                                           "Actual Startup Time": 91.545,                                                                                        
                                           "Actual Total Time": 91.545,                                                                                          
                                           "Actual Rows": 7,                                                                                                     
                                           "Actual Loops": 1,                                                                                                    
                                           "Hash Buckets": 1024,                                                                                                 
                                           "Original Hash Buckets": 1024,                                                                                        
                                           "Hash Batches": 1,                                                                                                    
                                           "Original Hash Batches": 1,                                                                                           
                                           "Peak Memory Usage": 9,                                                                                               
                                           "Shared Hit Blocks": 0,                                                                                               
                                           "Shared Read Blocks": 949,                                                                                            
                                           "Shared Dirtied Blocks": 0,                                                                                           
                                           "Shared Written Blocks": 0,                                                                                           
                                           "Local Hit Blocks": 0,                                                                                                
                                           "Local Read Blocks": 0,                                                                                               
                                           "Local Dirtied Blocks": 0,                                                                                            
                                           "Local Written Blocks": 0,                                                                                            
                                           "Temp Read Blocks": 0,                                                                                                
                                           "Temp Written Blocks": 0,                                                                                             
                                           "Plans": [                                                                                                            
                                             {                                                                                                                   
                                               "Node Type": "Seq Scan",                                                                                          
                                               "Parent Relationship": "Outer",                                                                                   
                                               "Parallel Aware": false,                                                                                          
                                               "Relation Name": "keyword",                                                                                       
                                               "Alias": "k",                                                                                                     
                                               "Startup Cost": 0.00,                                                                                             
                                               "Total Cost": 75.50,                                                                                              
                                               "Plan Rows": 7,                                                                                                   
                                               "Plan Width": 4,                                                                                                  
                                               "Actual Startup Time": 30.271,                                                                                    
                                               "Actual Total Time": 91.516,                                                                                      
                                               "Actual Rows": 7,                                                                                                 
                                               "Actual Loops": 1,                                                                                                
                                               "Filter": "(keyword = ANY ('{murder,violence,blood,gore,death,female-nudity,hospital}'::text[]))",                
                                               "Rows Removed by Filter": 134163,                                                                                 
                                               "Shared Hit Blocks": 0,                                                                                           
                                               "Shared Read Blocks": 949,                                                                                        
                                               "Shared Dirtied Blocks": 0,                                                                                       
                                               "Shared Written Blocks": 0,                                                                                       
                                               "Local Hit Blocks": 0,                                                                                            
                                               "Local Read Blocks": 0,                                                                                           
                                               "Local Dirtied Blocks": 0,                                                                                        
                                               "Local Written Blocks": 0,                                                                                        
                                               "Temp Read Blocks": 0,                                                                                            
                                               "Temp Written Blocks": 0                                                                                          
                                             }                                                                                                                   
                                           ]                                                                                                                     
                                         }                                                                                                                       
                                       ]                                                                                                                         
                                     },                                                                                                                          
                                     {                                                                                                                           
                                       "Node Type": "Hash",                                                                                                      
                                       "Parent Relationship": "Inner",                                                                                           
                                       "Parallel Aware": false,                                                                                                  
                                       "Startup Cost": 1101.39,                                                                                                  
                                       "Total Cost": 1101.39,                                                                                                    
                                       "Plan Rows": 1,                                                                                                           
                                       "Plan Width": 4,                                                                                                          
                                       "Actual Startup Time": 1064.057,                                                                                          
                                       "Actual Total Time": 1064.057,                                                                                            
                                       "Actual Rows": 135,                                                                                                       
                                       "Actual Loops": 1,                                                                                                        
                                       "Hash Buckets": 1024,                                                                                                     
                                       "Original Hash Buckets": 1024,                                                                                            
                                       "Hash Batches": 1,                                                                                                        
                                       "Original Hash Batches": 1,                                                                                               
                                       "Peak Memory Usage": 13,                                                                                                  
                                       "Shared Hit Blocks": 0,                                                                                                   
                                       "Shared Read Blocks": 21783,                                                                                              
                                       "Shared Dirtied Blocks": 0,                                                                                               
                                       "Shared Written Blocks": 0,                                                                                               
                                       "Local Hit Blocks": 0,                                                                                                    
                                       "Local Read Blocks": 0,                                                                                                   
                                       "Local Dirtied Blocks": 0,                                                                                                
                                       "Local Written Blocks": 0,                                                                                                
                                       "Temp Read Blocks": 0,                                                                                                    
                                       "Temp Written Blocks": 0,                                                                                                 
                                       "Plans": [                                                                                                                
                                         {                                                                                                                       
                                           "Node Type": "Hash Join",                                                                                             
                                           "Parent Relationship": "Outer",                                                                                       
                                           "Parallel Aware": false,                                                                                              
                                           "Join Type": "Inner",                                                                                                 
                                           "Startup Cost": 128.41,                                                                                               
                                           "Total Cost": 1101.39,                                                                                                
                                           "Plan Rows": 1,                                                                                                       
                                           "Plan Width": 4,                                                                                                      
                                           "Actual Startup Time": 259.130,                                                                                       
                                           "Actual Total Time": 1063.945,                                                                                        
                                           "Actual Rows": 135,                                                                                                   
                                           "Actual Loops": 1,                                                                                                    
                                           "Inner Unique": true,                                                                                                 
                                           "Hash Cond": "(mc.company_id = cn.id)",                                                                               
                                           "Shared Hit Blocks": 0,                                                                                               
                                           "Shared Read Blocks": 21783,                                                                                          
                                           "Shared Dirtied Blocks": 0,                                                                                           
                                           "Shared Written Blocks": 0,                                                                                           
                                           "Local Hit Blocks": 0,                                                                                                
                                           "Local Read Blocks": 0,                                                                                               
                                           "Local Dirtied Blocks": 0,                                                                                            
                                           "Local Written Blocks": 0,                                                                                            
                                           "Temp Read Blocks": 0,                                                                                                
                                           "Temp Written Blocks": 0,                                                                                             
                                           "Plans": [                                                                                                            
                                             {                                                                                                                   
                                               "Node Type": "Seq Scan",                                                                                          
                                               "Parent Relationship": "Outer",                                                                                   
                                               "Parallel Aware": false,                                                                                          
                                               "Relation Name": "movie_companies",                                                                               
                                               "Alias": "mc",                                                                                                    
                                               "Startup Cost": 0.00,                                                                                             
                                               "Total Cost": 972.33,                                                                                             
                                               "Plan Rows": 7977,                                                                                                
                                               "Plan Width": 8,                                                                                                  
                                               "Actual Startup Time": 28.143,                                                                                    
                                               "Actual Total Time": 917.444,                                                                                     
                                               "Actual Rows": 7963,                                                                                              
                                               "Actual Loops": 1,                                                                                                
                                               "Filter": "(note ~~ '%(Blu-ray)%'::text)",                                                                        
                                               "Rows Removed by Filter": 2601166,                                                                                
                                               "Shared Hit Blocks": 0,                                                                                           
                                               "Shared Read Blocks": 18789,                                                                                      
                                               "Shared Dirtied Blocks": 0,                                                                                       
                                               "Shared Written Blocks": 0,                                                                                       
                                               "Local Hit Blocks": 0,                                                                                            
                                               "Local Read Blocks": 0,                                                                                           
                                               "Local Dirtied Blocks": 0,                                                                                        
                                               "Local Written Blocks": 0,                                                                                        
                                               "Temp Read Blocks": 0,                                                                                            
                                               "Temp Written Blocks": 0                                                                                          
                                             },                                                                                                                  
                                             {                                                                                                                   
                                               "Node Type": "Hash",                                                                                              
                                               "Parent Relationship": "Inner",                                                                                   
                                               "Parallel Aware": false,                                                                                          
                                               "Startup Cost": 128.41,                                                                                           
                                               "Total Cost": 128.41,                                                                                             
                                               "Plan Rows": 30,                                                                                                  
                                               "Plan Width": 4,                                                                                                  
                                               "Actual Startup Time": 144.667,                                                                                   
                                               "Actual Total Time": 144.667,                                                                                     
                                               "Actual Rows": 10,                                                                                                
                                               "Actual Loops": 1,                                                                                                
                                               "Hash Buckets": 1024,                                                                                             
                                               "Original Hash Buckets": 1024,                                                                                    
                                               "Hash Batches": 1,                                                                                                
                                               "Original Hash Batches": 1,                                                                                       
                                               "Peak Memory Usage": 9,                                                                                           
                                               "Shared Hit Blocks": 0,                                                                                           
                                               "Shared Read Blocks": 2994,                                                                                       
                                               "Shared Dirtied Blocks": 0,                                                                                       
                                               "Shared Written Blocks": 0,                                                                                       
                                               "Local Hit Blocks": 0,                                                                                            
                                               "Local Read Blocks": 0,                                                                                           
                                               "Local Dirtied Blocks": 0,                                                                                        
                                               "Local Written Blocks": 0,                                                                                        
                                               "Temp Read Blocks": 0,                                                                                            
                                               "Temp Written Blocks": 0,                                                                                         
                                               "Plans": [                                                                                                        
                                                 {                                                                                                               
                                                   "Node Type": "Seq Scan",                                                                                      
                                                   "Parent Relationship": "Outer",                                                                               
                                                   "Parallel Aware": false,                                                                                      
                                                   "Relation Name": "company_name",                                                                              
                                                   "Alias": "cn",                                                                                                
                                                   "Startup Cost": 0.00,                                                                                         
                                                   "Total Cost": 128.41,                                                                                         
                                                   "Plan Rows": 30,                                                                                              
                                                   "Plan Width": 4,                                                                                              
                                                   "Actual Startup Time": 11.501,                                                                                
                                                   "Actual Total Time": 144.636,                                                                                 
                                                   "Actual Rows": 10,                                                                                            
                                                   "Actual Loops": 1,                                                                                            
                                                   "Filter": "(name ~~ 'Lionsgate%'::text)",                                                                     
                                                   "Rows Removed by Filter": 234987,                                                                             
                                                   "Shared Hit Blocks": 0,                                                                                       
                                                   "Shared Read Blocks": 2994,                                                                                   
                                                   "Shared Dirtied Blocks": 0,                                                                                   
                                                   "Shared Written Blocks": 0,                                                                                   
                                                   "Local Hit Blocks": 0,                                                                                        
                                                   "Local Read Blocks": 0,                                                                                       
                                                   "Local Dirtied Blocks": 0,                                                                                    
                                                   "Local Written Blocks": 0,                                                                                    
                                                   "Temp Read Blocks": 0,                                                                                        
                                                   "Temp Written Blocks": 0                                                                                      
                                                 }                                                                                                               
                                               ]                                                                                                                 
                                             }                                                                                                                   
                                           ]                                                                                                                     
                                         }                                                                                                                       
                                       ]                                                                                                                         
                                     }                                                                                                                           
                                   ]                                                                                                                             
                                 }                                                                                                                               
                               ]                                                                                                                                 
                             }                                                                                                                                   
                           ]                                                                                                                                     
                         }                                                                                                                                       
                       ]                                                                                                                                         
                     }                                                                                                                                           
                   ]                                                                                                                                             
                 },                                                                                                                                              
                 {                                                                                                                                               
                   "Node Type": "Hash",                                                                                                                          
                   "Parent Relationship": "Inner",                                                                                                               
                   "Parallel Aware": false,                                                                                                                      
                   "Startup Cost": 474.39,                                                                                                                       
                   "Total Cost": 474.39,                                                                                                                         
                   "Plan Rows": 12213,                                                                                                                           
                   "Plan Width": 10,                                                                                                                             
                   "Actual Startup Time": 663.907,                                                                                                               
                   "Actual Total Time": 663.907,                                                                                                                 
                   "Actual Rows": 459925,                                                                                                                        
                   "Actual Loops": 1,                                                                                                                            
                   "Hash Buckets": 524288,                                                                                                                       
                   "Original Hash Buckets": 16384,                                                                                                               
                   "Hash Batches": 1,                                                                                                                            
                   "Original Hash Batches": 1,                                                                                                                   
                   "Peak Memory Usage": 22143,                                                                                                                   
                   "Shared Hit Blocks": 0,                                                                                                                       
                   "Shared Read Blocks": 8454,                                                                                                                   
                   "Shared Dirtied Blocks": 0,                                                                                                                   
                   "Shared Written Blocks": 0,                                                                                                                   
                   "Local Hit Blocks": 0,                                                                                                                        
                   "Local Read Blocks": 0,                                                                                                                       
                   "Local Dirtied Blocks": 0,                                                                                                                    
                   "Local Written Blocks": 0,                                                                                                                    
                   "Temp Read Blocks": 0,                                                                                                                        
                   "Temp Written Blocks": 0,                                                                                                                     
                   "Plans": [                                                                                                                                    
                     {                                                                                                                                           
                       "Node Type": "Hash Join",                                                                                                                 
                       "Parent Relationship": "Outer",                                                                                                           
                       "Parallel Aware": false,                                                                                                                  
                       "Join Type": "Inner",                                                                                                                     
                       "Startup Cost": 0.05,                                                                                                                     
                       "Total Cost": 474.39,                                                                                                                     
                       "Plan Rows": 12213,                                                                                                                       
                       "Plan Width": 10,                                                                                                                         
                       "Actual Startup Time": 32.351,                                                                                                            
                       "Actual Total Time": 540.188,                                                                                                             
                       "Actual Rows": 459925,                                                                                                                    
                       "Actual Loops": 1,                                                                                                                        
                       "Inner Unique": true,                                                                                                                     
                       "Hash Cond": "(mi_idx.info_type_id = it.id)",                                                                                            
                       "Shared Hit Blocks": 0,                                                                                                                   
                       "Shared Read Blocks": 8454,                                                                                                               
                       "Shared Dirtied Blocks": 0,                                                                                                               
                       "Shared Written Blocks": 0,                                                                                                               
                       "Local Hit Blocks": 0,                                                                                                                    
                       "Local Read Blocks": 0,                                                                                                                   
                       "Local Dirtied Blocks": 0,                                                                                                                
                       "Local Written Blocks": 0,                                                                                                                
                       "Temp Read Blocks": 0,                                                                                                                    
                       "Temp Written Blocks": 0,                                                                                                                 
                       "Plans": [                                                                                                                                
                         {                                                                                                                                       
                           "Node Type": "Seq Scan",                                                                                                              
                           "Parent Relationship": "Outer",                                                                                                       
                           "Parallel Aware": false,                                                                                                              
                           "Relation Name": "movie_info_idx",                                                                                                    
                           "Alias": "mi_idx",                                                                                                                    
                           "Startup Cost": 0.00,                                                                                                                 
                           "Total Cost": 360.56,                                                                                                                 
                           "Plan Rows": 1380035,                                                                                                                 
                           "Plan Width": 14,                                                                                                                     
                           "Actual Startup Time": 24.791,                                                                                                        
                           "Actual Total Time": 231.195,                                                                                                         
                           "Actual Rows": 1380035,                                                                                                               
                           "Actual Loops": 1,                                                                                                                    
                           "Shared Hit Blocks": 0,                                                                                                               
                           "Shared Read Blocks": 8453,                                                                                                           
                           "Shared Dirtied Blocks": 0,                                                                                                           
                           "Shared Written Blocks": 0,                                                                                                           
                           "Local Hit Blocks": 0,                                                                                                                
                           "Local Read Blocks": 0,                                                                                                               
                           "Local Dirtied Blocks": 0,                                                                                                            
                           "Local Written Blocks": 0,                                                                                                            
                           "Temp Read Blocks": 0,                                                                                                                
                           "Temp Written Blocks": 0                                                                                                              
                         },                                                                                                                                      
                         {                                                                                                                                       
                           "Node Type": "Hash",                                                                                                                  
                           "Parent Relationship": "Inner",                                                                                                       
                           "Parallel Aware": false,                                                                                                              
                           "Startup Cost": 0.05,                                                                                                                 
                           "Total Cost": 0.05,                                                                                                                   
                           "Plan Rows": 1,                                                                                                                       
                           "Plan Width": 4,                                                                                                                      
                           "Actual Startup Time": 7.501,                                                                                                         
                           "Actual Total Time": 7.501,                                                                                                           
                           "Actual Rows": 1,                                                                                                                     
                           "Actual Loops": 1,                                                                                                                    
                           "Hash Buckets": 1024,                                                                                                                 
                           "Original Hash Buckets": 1024,                                                                                                        
                           "Hash Batches": 1,                                                                                                                    
                           "Original Hash Batches": 1,                                                                                                           
                           "Peak Memory Usage": 9,                                                                                                               
                           "Shared Hit Blocks": 0,                                                                                                               
                           "Shared Read Blocks": 1,                                                                                                              
                           "Shared Dirtied Blocks": 0,                                                                                                           
                           "Shared Written Blocks": 0,                                                                                                           
                           "Local Hit Blocks": 0,                                                                                                                
                           "Local Read Blocks": 0,                                                                                                               
                           "Local Dirtied Blocks": 0,                                                                                                            
                           "Local Written Blocks": 0,                                                                                                            
                           "Temp Read Blocks": 0,                                                                                                                
                           "Temp Written Blocks": 0,                                                                                                             
                           "Plans": [                                                                                                                            
                             {                                                                                                                                   
                               "Node Type": "Seq Scan",                                                                                                          
                               "Parent Relationship": "Outer",                                                                                                   
                               "Parallel Aware": false,                                                                                                          
                               "Relation Name": "info_type",                                                                                                     
                               "Alias": "it",                                                                                                                   
                               "Startup Cost": 0.00,                                                                                                             
                               "Total Cost": 0.05,                                                                                                               
                               "Plan Rows": 1,                                                                                                                   
                               "Plan Width": 4,                                                                                                                  
                               "Actual Startup Time": 7.479,                                                                                                     
                               "Actual Total Time": 7.487,                                                                                                       
                               "Actual Rows": 1,                                                                                                                 
                               "Actual Loops": 1,                                                                                                                
                               "Filter": "((info)::text = 'votes'::text)",                                                                                       
                               "Rows Removed by Filter": 112,                                                                                                    
                               "Shared Hit Blocks": 0,                                                                                                           
                               "Shared Read Blocks": 1,                                                                                                          
                               "Shared Dirtied Blocks": 0,                                                                                                       
                               "Shared Written Blocks": 0,                                                                                                       
                               "Local Hit Blocks": 0,                                                                                                            
                               "Local Read Blocks": 0,                                                                                                           
                               "Local Dirtied Blocks": 0,                                                                                                        
                               "Local Written Blocks": 0,                                                                                                        
                               "Temp Read Blocks": 0,                                                                                                            
                               "Temp Written Blocks": 0                                                                                                          
                             }                                                                                                                                   
                           ]                                                                                                                                     
                         }                                                                                                                                       
                       ]                                                                                                                                         
                     }                                                                                                                                           
                   ]                                                                                                                                             
                 }                                                                                                                                               
               ]                                                                                                                                                 
             },                                                                                                                                                  
             {                                                                                                                                                   
               "Node Type": "Hash",                                                                                                                              
               "Parent Relationship": "Inner",                                                                                                                   
               "Parallel Aware": false,                                                                                                                          
               "Startup Cost": 2356.12,                                                                                                                          
               "Total Cost": 2356.12,                                                                                                                            
               "Plan Rows": 1739438,                                                                                                                             
               "Plan Width": 19,                                                                                                                                 
               "Actual Startup Time": 2621.606,                                                                                                                  
               "Actual Total Time": 2621.606,                                                                                                                    
               "Actual Rows": 1739579,                                                                                                                           
               "Actual Loops": 1,                                                                                                                                
               "Hash Buckets": 2097152,                                                                                                                          
               "Original Hash Buckets": 2097152,                                                                                                                 
               "Hash Batches": 1,                                                                                                                                
               "Original Hash Batches": 1,                                                                                                                       
               "Peak Memory Usage": 106207,                                                                                                                      
               "Shared Hit Blocks": 0,                                                                                                                           
               "Shared Read Blocks": 55613,                                                                                                                      
               "Shared Dirtied Blocks": 0,                                                                                                                       
               "Shared Written Blocks": 0,                                                                                                                       
               "Local Hit Blocks": 0,                                                                                                                            
               "Local Read Blocks": 0,                                                                                                                           
               "Local Dirtied Blocks": 0,                                                                                                                        
               "Local Written Blocks": 0,                                                                                                                        
               "Temp Read Blocks": 0,                                                                                                                            
               "Temp Written Blocks": 0,                                                                                                                         
               "Plans": [                                                                                                                                        
                 {                                                                                                                                               
                   "Node Type": "Seq Scan",                                                                                                                      
                   "Parent Relationship": "Outer",                                                                                                               
                   "Parallel Aware": false,                                                                                                                      
                   "Relation Name": "name",                                                                                                                      
                   "Alias": "n",                                                                                                                                 
                   "Startup Cost": 0.00,                                                                                                                         
                   "Total Cost": 2356.12,                                                                                                                        
                   "Plan Rows": 1739438,                                                                                                                         
                   "Plan Width": 19,                                                                                                                             
                   "Actual Startup Time": 16.464,                                                                                                                
                   "Actual Total Time": 2081.009,                                                                                                                
                   "Actual Rows": 1739579,                                                                                                                       
                   "Actual Loops": 1,                                                                                                                            
                   "Filter": "((gender)::text = 'm'::text)",                                                                                                     
                   "Rows Removed by Filter": 2427912,                                                                                                            
                   "Shared Hit Blocks": 0,                                                                                                                       
                   "Shared Read Blocks": 55613,                                                                                                                  
                   "Shared Dirtied Blocks": 0,                                                                                                                   
                   "Shared Written Blocks": 0,                                                                                                                   
                   "Local Hit Blocks": 0,                                                                                                                        
                   "Local Read Blocks": 0,                                                                                                                       
                   "Local Dirtied Blocks": 0,                                                                                                                    
                   "Local Written Blocks": 0,                                                                                                                    
                   "Temp Read Blocks": 0,                                                                                                                        
                   "Temp Written Blocks": 0                                                                                                                      
                 }                                                                                                                                               
               ]                                                                                                                                                 
             }                                                                                                                                                   
           ]                                                                                                                                                     
         }                                                                                                                                                       
       ]                                                                                                                                                         
     },                                                                                                                                                          
     "Planning Time": 14337.685,                                                                                                                                 
     "Triggers": [                                                                                                                                               
     ],                                                                                                                                                          
     "Execution Time": 28246.155                                                                                                                                 
   }                                                                                                                                                             
 ]
