 [                                                                                          
   {                                                                                        
     "Plan": {                                                                              
       "Node Type": "Aggregate",                                                            
       "Strategy": "Plain",                                                                 
       "Partial Mode": "Simple",                                                            
       "Parallel Aware": false,                                                             
       "Startup Cost": 4707.30,                                                             
       "Total Cost": 4707.30,                                                               
       "Plan Rows": 1,                                                                      
       "Plan Width": 96,                                                                    
       "Actual Startup Time": 1354.555,                                                     
       "Actual Total Time": 1354.555,                                                       
       "Actual Rows": 1,                                                                    
       "Actual Loops": 1,                                                                   
       "Shared Hit Blocks": 4,                                                              
       "Shared Read Blocks": 25568,                                                         
       "Shared Dirtied Blocks": 0,                                                          
       "Shared Written Blocks": 0,                                                          
       "Local Hit Blocks": 0,                                                               
       "Local Read Blocks": 0,                                                              
       "Local Dirtied Blocks": 0,                                                           
       "Local Written Blocks": 0,                                                           
       "Temp Read Blocks": 0,                                                               
       "Temp Written Blocks": 0,                                                            
       "Plans": [                                                                           
         {                                                                                  
           "Node Type": "Hash Join",                                                        
           "Parent Relationship": "Outer",                                                  
           "Parallel Aware": false,                                                         
           "Join Type": "Inner",                                                            
           "Startup Cost": 3108.89,                                                         
           "Total Cost": 4707.30,                                                           
           "Plan Rows": 2,                                                                  
           "Plan Width": 46,                                                                
           "Actual Startup Time": 1354.548,                                                 
           "Actual Total Time": 1354.548,                                                   
           "Actual Rows": 0,                                                                
           "Actual Loops": 1,                                                               
           "Inner Unique": true,                                                            
           "Hash Cond": "(ml.link_type_id = lt.id)",                                        
           "Shared Hit Blocks": 4,                                                          
           "Shared Read Blocks": 25568,                                                     
           "Shared Dirtied Blocks": 0,                                                      
           "Shared Written Blocks": 0,                                                      
           "Local Hit Blocks": 0,                                                           
           "Local Read Blocks": 0,                                                          
           "Local Dirtied Blocks": 0,                                                       
           "Local Written Blocks": 0,                                                       
           "Temp Read Blocks": 0,                                                           
           "Temp Written Blocks": 0,                                                        
           "Plans": [                                                                       
             {                                                                              
               "Node Type": "Hash Join",                                                    
               "Parent Relationship": "Outer",                                              
               "Parallel Aware": false,                                                     
               "Join Type": "Inner",                                                        
               "Startup Cost": 3108.86,                                                     
               "Total Cost": 4707.26,                                                       
               "Plan Rows": 2,                                                              
               "Plan Width": 38,                                                            
               "Actual Startup Time": 1354.360,                                             
               "Actual Total Time": 1354.360,                                               
               "Actual Rows": 0,                                                            
               "Actual Loops": 1,                                                           
               "Inner Unique": false,                                                       
               "Hash Cond": "(t2.id = ml.linked_movie_id)",                                 
               "Shared Hit Blocks": 1,                                                      
               "Shared Read Blocks": 25567,                                                 
               "Shared Dirtied Blocks": 0,                                                  
               "Shared Written Blocks": 0,                                                  
               "Local Hit Blocks": 0,                                                       
               "Local Read Blocks": 0,                                                      
               "Local Dirtied Blocks": 0,                                                   
               "Local Written Blocks": 0,                                                   
               "Temp Read Blocks": 0,                                                       
               "Temp Written Blocks": 0,                                                    
               "Plans": [                                                                   
                 {                                                                          
                   "Node Type": "Seq Scan",                                                 
                   "Parent Relationship": "Outer",                                          
                   "Parallel Aware": false,                                                 
                   "Relation Name": "title",                                                
                   "Alias": "t2",                                                           
                   "Startup Cost": 0.00,                                                    
                   "Total Cost": 1303.96,                                                   
                   "Plan Rows": 2528312,                                                    
                   "Plan Width": 21,                                                        
                   "Actual Startup Time": 27.874,                                           
                   "Actual Total Time": 27.874,                                             
                   "Actual Rows": 1,                                                        
                   "Actual Loops": 1,                                                       
                   "Shared Hit Blocks": 0,                                                  
                   "Shared Read Blocks": 1,                                                 
                   "Shared Dirtied Blocks": 0,                                              
                   "Shared Written Blocks": 0,                                              
                   "Local Hit Blocks": 0,                                                   
                   "Local Read Blocks": 0,                                                  
                   "Local Dirtied Blocks": 0,                                               
                   "Local Written Blocks": 0,                                               
                   "Temp Read Blocks": 0,                                                   
                   "Temp Written Blocks": 0                                                 
                 },                                                                         
                 {                                                                          
                   "Node Type": "Hash",                                                     
                   "Parent Relationship": "Inner",                                          
                   "Parallel Aware": false,                                                 
                   "Startup Cost": 3108.86,                                                 
                   "Total Cost": 3108.86,                                                   
                   "Plan Rows": 2,                                                          
                   "Plan Width": 25,                                                        
                   "Actual Startup Time": 1326.450,                                         
                   "Actual Total Time": 1326.450,                                           
                   "Actual Rows": 0,                                                        
                   "Actual Loops": 1,                                                       
                   "Hash Buckets": 1024,                                                    
                   "Original Hash Buckets": 1024,                                           
                   "Hash Batches": 1,                                                       
                   "Original Hash Batches": 1,                                              
                   "Peak Memory Usage": 8,                                                  
                   "Shared Hit Blocks": 1,                                                  
                   "Shared Read Blocks": 25566,                                             
                   "Shared Dirtied Blocks": 0,                                              
                   "Shared Written Blocks": 0,                                              
                   "Local Hit Blocks": 0,                                                   
                   "Local Read Blocks": 0,                                                  
                   "Local Dirtied Blocks": 0,                                               
                   "Local Written Blocks": 0,                                               
                   "Temp Read Blocks": 0,                                                   
                   "Temp Written Blocks": 0,                                                
                   "Plans": [                                                               
                     {                                                                      
                       "Node Type": "Hash Join",                                            
                       "Parent Relationship": "Outer",                                      
                       "Parallel Aware": false,                                             
                       "Join Type": "Inner",                                                
                       "Startup Cost": 1510.45,                                             
                       "Total Cost": 3108.86,                                               
                       "Plan Rows": 2,                                                      
                       "Plan Width": 25,                                                    
                       "Actual Startup Time": 1326.449,                                     
                       "Actual Total Time": 1326.449,                                       
                       "Actual Rows": 0,                                                    
                       "Actual Loops": 1,                                                   
                       "Inner Unique": false,                                               
                       "Hash Cond": "(t1.id = mk.movie_id)",                                
                       "Shared Hit Blocks": 1,                                              
                       "Shared Read Blocks": 25566,                                         
                       "Shared Dirtied Blocks": 0,                                          
                       "Shared Written Blocks": 0,                                          
                       "Local Hit Blocks": 0,                                               
                       "Local Read Blocks": 0,                                              
                       "Local Dirtied Blocks": 0,                                           
                       "Local Written Blocks": 0,                                           
                       "Temp Read Blocks": 0,                                               
                       "Temp Written Blocks": 0,                                            
                       "Plans": [                                                           
                         {                                                                  
                           "Node Type": "Seq Scan",                                         
                           "Parent Relationship": "Outer",                                  
                           "Parallel Aware": false,                                         
                           "Relation Name": "title",                                        
                           "Alias": "t1",                                                   
                           "Startup Cost": 0.00,                                            
                           "Total Cost": 1303.96,                                           
                           "Plan Rows": 2528312,                                            
                           "Plan Width": 21,                                                
                           "Actual Startup Time": 0.010,                                    
                           "Actual Total Time": 0.010,                                      
                           "Actual Rows": 1,                                                
                           "Actual Loops": 1,                                               
                           "Shared Hit Blocks": 1,                                          
                           "Shared Read Blocks": 0,                                         
                           "Shared Dirtied Blocks": 0,                                      
                           "Shared Written Blocks": 0,                                      
                           "Local Hit Blocks": 0,                                           
                           "Local Read Blocks": 0,                                          
                           "Local Dirtied Blocks": 0,                                       
                           "Local Written Blocks": 0,                                       
                           "Temp Read Blocks": 0,                                           
                           "Temp Written Blocks": 0                                         
                         },                                                                 
                         {                                                                  
                           "Node Type": "Hash",                                             
                           "Parent Relationship": "Inner",                                  
                           "Parallel Aware": false,                                         
                           "Startup Cost": 1510.45,                                         
                           "Total Cost": 1510.45,                                           
                           "Plan Rows": 2,                                                  
                           "Plan Width": 16,                                                
                           "Actual Startup Time": 1326.404,                                 
                           "Actual Total Time": 1326.404,                                   
                           "Actual Rows": 0,                                                
                           "Actual Loops": 1,                                               
                           "Hash Buckets": 1024,                                            
                           "Original Hash Buckets": 1024,                                   
                           "Hash Batches": 1,                                               
                           "Original Hash Batches": 1,                                      
                           "Peak Memory Usage": 8,                                          
                           "Shared Hit Blocks": 0,                                          
                           "Shared Read Blocks": 25566,                                     
                           "Shared Dirtied Blocks": 0,                                      
                           "Shared Written Blocks": 0,                                      
                           "Local Hit Blocks": 0,                                           
                           "Local Read Blocks": 0,                                          
                           "Local Dirtied Blocks": 0,                                       
                           "Local Written Blocks": 0,                                       
                           "Temp Read Blocks": 0,                                           
                           "Temp Written Blocks": 0,                                        
                           "Plans": [                                                       
                             {                                                              
                               "Node Type": "Hash Join",                                    
                               "Parent Relationship": "Outer",                              
                               "Parallel Aware": false,                                     
                               "Join Type": "Inner",                                        
                               "Startup Cost": 61.05,                                       
                               "Total Cost": 1510.45,                                       
                               "Plan Rows": 2,                                              
                               "Plan Width": 16,                                            
                               "Actual Startup Time": 1326.403,                             
                               "Actual Total Time": 1326.403,                               
                               "Actual Rows": 0,                                            
                               "Actual Loops": 1,                                           
                               "Inner Unique": false,                                       
                               "Hash Cond": "(mk.movie_id = ml.movie_id)",                  
                               "Shared Hit Blocks": 0,                                      
                               "Shared Read Blocks": 25566,                                 
                               "Shared Dirtied Blocks": 0,                                  
                               "Shared Written Blocks": 0,                                  
                               "Local Hit Blocks": 0,                                       
                               "Local Read Blocks": 0,                                      
                               "Local Dirtied Blocks": 0,                                   
                               "Local Written Blocks": 0,                                   
                               "Temp Read Blocks": 0,                                       
                               "Temp Written Blocks": 0,                                    
                               "Plans": [                                                   
                                 {                                                          
                                   "Node Type": "Hash Join",                                
                                   "Parent Relationship": "Outer",                          
                                   "Parallel Aware": false,                                 
                                   "Join Type": "Inner",                                    
                                   "Startup Cost": 49.46,                                   
                                   "Total Cost": 1498.10,                                   
                                   "Plan Rows": 34,                                         
                                   "Plan Width": 4,                                         
                                   "Actual Startup Time": 1213.261,                         
                                   "Actual Total Time": 1274.842,                           
                                   "Actual Rows": 1,                                        
                                   "Actual Loops": 1,                                       
                                   "Inner Unique": true,                                    
                                   "Hash Cond": "(mk.keyword_id = k.id)",                   
                                   "Shared Hit Blocks": 0,                                  
                                   "Shared Read Blocks": 25403,                             
                                   "Shared Dirtied Blocks": 0,                              
                                   "Shared Written Blocks": 0,                              
                                   "Local Hit Blocks": 0,                                   
                                   "Local Read Blocks": 0,                                  
                                   "Local Dirtied Blocks": 0,                               
                                   "Local Written Blocks": 0,                               
                                   "Temp Read Blocks": 0,                                   
                                   "Temp Written Blocks": 0,                                
                                   "Plans": [                                               
                                     {                                                      
                                       "Node Type": "Seq Scan",                             
                                       "Parent Relationship": "Outer",                      
                                       "Parallel Aware": false,                             
                                       "Relation Name": "movie_keyword",                    
                                       "Alias": "mk",                                       
                                       "Startup Cost": 0.00,                                
                                       "Total Cost": 1079.84,                               
                                       "Plan Rows": 4523930,                                
                                       "Plan Width": 8,                                     
                                       "Actual Startup Time": 19.391,                       
                                       "Actual Total Time": 568.421,                        
                                       "Actual Rows": 4523930,                              
                                       "Actual Loops": 1,                                   
                                       "Shared Hit Blocks": 0,                              
                                       "Shared Read Blocks": 24454,                         
                                       "Shared Dirtied Blocks": 0,                          
                                       "Shared Written Blocks": 0,                          
                                       "Local Hit Blocks": 0,                               
                                       "Local Read Blocks": 0,                              
                                       "Local Dirtied Blocks": 0,                           
                                       "Local Written Blocks": 0,                           
                                       "Temp Read Blocks": 0,                               
                                       "Temp Written Blocks": 0                             
                                     },                                                     
                                     {                                                      
                                       "Node Type": "Hash",                                 
                                       "Parent Relationship": "Inner",                      
                                       "Parallel Aware": false,                             
                                       "Startup Cost": 49.46,                               
                                       "Total Cost": 49.46,                                 
                                       "Plan Rows": 1,                                      
                                       "Plan Width": 4,                                     
                                       "Actual Startup Time": 91.346,                       
                                       "Actual Total Time": 91.347,                         
                                       "Actual Rows": 1,                                    
                                       "Actual Loops": 1,                                   
                                       "Hash Buckets": 1024,                                
                                       "Original Hash Buckets": 1024,                       
                                       "Hash Batches": 1,                                   
                                       "Original Hash Batches": 1,                          
                                       "Peak Memory Usage": 9,                              
                                       "Shared Hit Blocks": 0,                              
                                       "Shared Read Blocks": 949,                           
                                       "Shared Dirtied Blocks": 0,                          
                                       "Shared Written Blocks": 0,                          
                                       "Local Hit Blocks": 0,                               
                                       "Local Read Blocks": 0,                              
                                       "Local Dirtied Blocks": 0,                           
                                       "Local Written Blocks": 0,                           
                                       "Temp Read Blocks": 0,                               
                                       "Temp Written Blocks": 0,                            
                                       "Plans": [                                           
                                         {                                                  
                                           "Node Type": "Seq Scan",                         
                                           "Parent Relationship": "Outer",                  
                                           "Parallel Aware": false,                         
                                           "Relation Name": "keyword",                      
                                           "Alias": "k",                                    
                                           "Startup Cost": 0.00,                            
                                           "Total Cost": 49.46,                             
                                           "Plan Rows": 1,                                  
                                           "Plan Width": 4,                                 
                                           "Actual Startup Time": 90.946,                   
                                           "Actual Total Time": 91.339,                     
                                           "Actual Rows": 1,                                
                                           "Actual Loops": 1,                               
                                           "Filter": "(keyword = '10,000-mile-club'::text)",
                                           "Rows Removed by Filter": 134169,                
                                           "Shared Hit Blocks": 0,                          
                                           "Shared Read Blocks": 949,                       
                                           "Shared Dirtied Blocks": 0,                      
                                           "Shared Written Blocks": 0,                      
                                           "Local Hit Blocks": 0,                           
                                           "Local Read Blocks": 0,                          
                                           "Local Dirtied Blocks": 0,                       
                                           "Local Written Blocks": 0,                       
                                           "Temp Read Blocks": 0,                           
                                           "Temp Written Blocks": 0                         
                                         }                                                  
                                       ]                                                    
                                     }                                                      
                                   ]                                                        
                                 },                                                         
                                 {                                                          
                                   "Node Type": "Hash",                                     
                                   "Parent Relationship": "Inner",                          
                                   "Parallel Aware": false,                                 
                                   "Startup Cost": 7.19,                                    
                                   "Total Cost": 7.19,                                      
                                   "Plan Rows": 29997,                                      
                                   "Plan Width": 12,                                        
                                   "Actual Startup Time": 51.298,                           
                                   "Actual Total Time": 51.298,                             
                                   "Actual Rows": 29997,                                    
                                   "Actual Loops": 1,                                       
                                   "Hash Buckets": 32768,                                   
                                   "Original Hash Buckets": 32768,                          
                                   "Hash Batches": 1,                                       
                                   "Original Hash Batches": 1,                              
                                   "Peak Memory Usage": 1545,                               
                                   "Shared Hit Blocks": 0,                                  
                                   "Shared Read Blocks": 163,                               
                                   "Shared Dirtied Blocks": 0,                              
                                   "Shared Written Blocks": 0,                              
                                   "Local Hit Blocks": 0,                                   
                                   "Local Read Blocks": 0,                                  
                                   "Local Dirtied Blocks": 0,                               
                                   "Local Written Blocks": 0,                               
                                   "Temp Read Blocks": 0,                                   
                                   "Temp Written Blocks": 0,                                
                                   "Plans": [                                               
                                     {                                                      
                                       "Node Type": "Seq Scan",                             
                                       "Parent Relationship": "Outer",                      
                                       "Parallel Aware": false,                             
                                       "Relation Name": "movie_link",                       
                                       "Alias": "ml",                                       
                                       "Startup Cost": 0.00,                                
                                       "Total Cost": 7.19,                                  
                                       "Plan Rows": 29997,                                  
                                       "Plan Width": 12,                                    
                                       "Actual Startup Time": 0.192,                        
                                       "Actual Total Time": 35.710,                         
                                       "Actual Rows": 29997,                                
                                       "Actual Loops": 1,                                   
                                       "Shared Hit Blocks": 0,                              
                                       "Shared Read Blocks": 163,                           
                                       "Shared Dirtied Blocks": 0,                          
                                       "Shared Written Blocks": 0,                          
                                       "Local Hit Blocks": 0,                               
                                       "Local Read Blocks": 0,                              
                                       "Local Dirtied Blocks": 0,                           
                                       "Local Written Blocks": 0,                           
                                       "Temp Read Blocks": 0,                               
                                       "Temp Written Blocks": 0                             
                                     }                                                      
                                   ]                                                        
                                 }                                                          
                               ]                                                            
                             }                                                              
                           ]                                                                
                         }                                                                  
                       ]                                                                    
                     }                                                                      
                   ]                                                                        
                 }                                                                          
               ]                                                                            
             },                                                                             
             {                                                                              
               "Node Type": "Hash",                                                         
               "Parent Relationship": "Inner",                                              
               "Parallel Aware": false,                                                     
               "Startup Cost": 0.03,                                                        
               "Total Cost": 0.03,                                                          
               "Plan Rows": 18,                                                             
               "Plan Width": 16,                                                            
               "Actual Startup Time": 0.135,                                                
               "Actual Total Time": 0.136,                                                  
               "Actual Rows": 18,                                                           
               "Actual Loops": 1,                                                           
               "Hash Buckets": 1024,                                                        
               "Original Hash Buckets": 1024,                                               
               "Hash Batches": 1,                                                           
               "Original Hash Batches": 1,                                                  
               "Peak Memory Usage": 9,                                                      
               "Shared Hit Blocks": 0,                                                      
               "Shared Read Blocks": 1,                                                     
               "Shared Dirtied Blocks": 0,                                                  
               "Shared Written Blocks": 0,                                                  
               "Local Hit Blocks": 0,                                                       
               "Local Read Blocks": 0,                                                      
               "Local Dirtied Blocks": 0,                                                   
               "Local Written Blocks": 0,                                                   
               "Temp Read Blocks": 0,                                                       
               "Temp Written Blocks": 0,                                                    
               "Plans": [                                                                   
                 {                                                                          
                   "Node Type": "Seq Scan",                                                 
                   "Parent Relationship": "Outer",                                          
                   "Parallel Aware": false,                                                 
                   "Relation Name": "link_type",                                            
                   "Alias": "lt",                                                           
                   "Startup Cost": 0.00,                                                    
                   "Total Cost": 0.03,                                                      
                   "Plan Rows": 18,                                                         
                   "Plan Width": 16,                                                        
                   "Actual Startup Time": 0.096,                                            
                   "Actual Total Time": 0.107,                                              
                   "Actual Rows": 18,                                                       
                   "Actual Loops": 1,                                                       
                   "Shared Hit Blocks": 0,                                                  
                   "Shared Read Blocks": 1,                                                 
                   "Shared Dirtied Blocks": 0,                                              
                   "Shared Written Blocks": 0,                                              
                   "Local Hit Blocks": 0,                                                   
                   "Local Read Blocks": 0,                                                  
                   "Local Dirtied Blocks": 0,                                               
                   "Local Written Blocks": 0,                                               
                   "Temp Read Blocks": 0,                                                   
                   "Temp Written Blocks": 0                                                 
                 }                                                                          
               ]                                                                            
             }                                                                              
           ]                                                                                
         }                                                                                  
       ]                                                                                    
     },                                                                                     
     "Planning Time": 1079.639,                                                             
     "Triggers": [                                                                          
     ],                                                                                     
     "Execution Time": 1355.486                                                             
   }                                                                                        
 ]
