 [                                                                                                 
   {                                                                                               
     "Plan": {                                                                                     
       "Node Type": "Aggregate",                                                                   
       "Strategy": "Plain",                                                                        
       "Partial Mode": "Simple",                                                                   
       "Parallel Aware": false,                                                                    
       "Startup Cost": 4707.30,                                                                    
       "Total Cost": 4707.30,                                                                      
       "Plan Rows": 1,                                                                             
       "Plan Width": 96,                                                                           
       "Actual Startup Time": 3670.641,                                                            
       "Actual Total Time": 3670.641,                                                              
       "Actual Rows": 1,                                                                           
       "Actual Loops": 1,                                                                          
       "Shared Hit Blocks": 36001,                                                                 
       "Shared Read Blocks": 61565,                                                                
       "Shared Dirtied Blocks": 0,                                                                 
       "Shared Written Blocks": 0,                                                                 
       "Local Hit Blocks": 0,                                                                      
       "Local Read Blocks": 0,                                                                     
       "Local Dirtied Blocks": 0,                                                                  
       "Local Written Blocks": 0,                                                                  
       "Temp Read Blocks": 0,                                                                      
       "Temp Written Blocks": 0,                                                                   
       "Plans": [                                                                                  
         {                                                                                         
           "Node Type": "Hash Join",                                                               
           "Parent Relationship": "Outer",                                                         
           "Parallel Aware": false,                                                                
           "Join Type": "Inner",                                                                   
           "Startup Cost": 3108.89,                                                                
           "Total Cost": 4707.30,                                                                  
           "Plan Rows": 2,                                                                         
           "Plan Width": 46,                                                                       
           "Actual Startup Time": 3054.688,                                                        
           "Actual Total Time": 3652.657,                                                          
           "Actual Rows": 4388,                                                                    
           "Actual Loops": 1,                                                                      
           "Inner Unique": true,                                                                   
           "Hash Cond": "(ml.link_type_id = lt.id)",                                               
           "Shared Hit Blocks": 36001,                                                             
           "Shared Read Blocks": 61565,                                                            
           "Shared Dirtied Blocks": 0,                                                             
           "Shared Written Blocks": 0,                                                             
           "Local Hit Blocks": 0,                                                                  
           "Local Read Blocks": 0,                                                                 
           "Local Dirtied Blocks": 0,                                                              
           "Local Written Blocks": 0,                                                              
           "Temp Read Blocks": 0,                                                                  
           "Temp Written Blocks": 0,                                                               
           "Plans": [                                                                              
             {                                                                                     
               "Node Type": "Hash Join",                                                           
               "Parent Relationship": "Outer",                                                     
               "Parallel Aware": false,                                                            
               "Join Type": "Inner",                                                               
               "Startup Cost": 3108.86,                                                            
               "Total Cost": 4707.26,                                                              
               "Plan Rows": 2,                                                                     
               "Plan Width": 38,                                                                   
               "Actual Startup Time": 3054.418,                                                    
               "Actual Total Time": 3651.041,                                                      
               "Actual Rows": 4388,                                                                
               "Actual Loops": 1,                                                                  
               "Inner Unique": false,                                                              
               "Hash Cond": "(t2.id = ml.linked_movie_id)",                                        
               "Shared Hit Blocks": 35998,                                                         
               "Shared Read Blocks": 61564,                                                        
               "Shared Dirtied Blocks": 0,                                                         
               "Shared Written Blocks": 0,                                                         
               "Local Hit Blocks": 0,                                                              
               "Local Read Blocks": 0,                                                             
               "Local Dirtied Blocks": 0,                                                          
               "Local Written Blocks": 0,                                                          
               "Temp Read Blocks": 0,                                                              
               "Temp Written Blocks": 0,                                                           
               "Plans": [                                                                          
                 {                                                                                 
                   "Node Type": "Seq Scan",                                                        
                   "Parent Relationship": "Outer",                                                 
                   "Parallel Aware": false,                                                        
                   "Relation Name": "title",                                                       
                   "Alias": "t2",                                                                  
                   "Startup Cost": 0.00,                                                           
                   "Total Cost": 1303.96,                                                          
                   "Plan Rows": 2528312,                                                           
                   "Plan Width": 21,                                                               
                   "Actual Startup Time": 21.353,                                                  
                   "Actual Total Time": 217.981,                                                   
                   "Actual Rows": 2528312,                                                         
                   "Actual Loops": 1,                                                              
                   "Shared Hit Blocks": 35997,                                                     
                   "Shared Read Blocks": 1,                                                        
                   "Shared Dirtied Blocks": 0,                                                     
                   "Shared Written Blocks": 0,                                                     
                   "Local Hit Blocks": 0,                                                          
                   "Local Read Blocks": 0,                                                         
                   "Local Dirtied Blocks": 0,                                                      
                   "Local Written Blocks": 0,                                                      
                   "Temp Read Blocks": 0,                                                          
                   "Temp Written Blocks": 0                                                        
                 },                                                                                
                 {                                                                                 
                   "Node Type": "Hash",                                                            
                   "Parent Relationship": "Inner",                                                 
                   "Parallel Aware": false,                                                        
                   "Startup Cost": 3108.86,                                                        
                   "Total Cost": 3108.86,                                                          
                   "Plan Rows": 2,                                                                 
                   "Plan Width": 25,                                                               
                   "Actual Startup Time": 3032.969,                                                
                   "Actual Total Time": 3032.969,                                                  
                   "Actual Rows": 4388,                                                            
                   "Actual Loops": 1,                                                              
                   "Hash Buckets": 8192,                                                           
                   "Original Hash Buckets": 1024,                                                  
                   "Hash Batches": 1,                                                              
                   "Original Hash Batches": 1,                                                     
                   "Peak Memory Usage": 314,                                                       
                   "Shared Hit Blocks": 1,                                                         
                   "Shared Read Blocks": 61563,                                                    
                   "Shared Dirtied Blocks": 0,                                                     
                   "Shared Written Blocks": 0,                                                     
                   "Local Hit Blocks": 0,                                                          
                   "Local Read Blocks": 0,                                                         
                   "Local Dirtied Blocks": 0,                                                      
                   "Local Written Blocks": 0,                                                      
                   "Temp Read Blocks": 0,                                                          
                   "Temp Written Blocks": 0,                                                       
                   "Plans": [                                                                      
                     {                                                                             
                       "Node Type": "Hash Join",                                                   
                       "Parent Relationship": "Outer",                                             
                       "Parallel Aware": false,                                                    
                       "Join Type": "Inner",                                                       
                       "Startup Cost": 1510.45,                                                    
                       "Total Cost": 3108.86,                                                      
                       "Plan Rows": 2,                                                             
                       "Plan Width": 25,                                                           
                       "Actual Startup Time": 1325.094,                                            
                       "Actual Total Time": 3030.993,                                              
                       "Actual Rows": 4388,                                                        
                       "Actual Loops": 1,                                                          
                       "Inner Unique": false,                                                      
                       "Hash Cond": "(t1.id = mk.movie_id)",                                       
                       "Shared Hit Blocks": 1,                                                     
                       "Shared Read Blocks": 61563,                                                
                       "Shared Dirtied Blocks": 0,                                                 
                       "Shared Written Blocks": 0,                                                 
                       "Local Hit Blocks": 0,                                                      
                       "Local Read Blocks": 0,                                                     
                       "Local Dirtied Blocks": 0,                                                  
                       "Local Written Blocks": 0,                                                  
                       "Temp Read Blocks": 0,                                                      
                       "Temp Written Blocks": 0,                                                   
                       "Plans": [                                                                  
                         {                                                                         
                           "Node Type": "Seq Scan",                                                
                           "Parent Relationship": "Outer",                                         
                           "Parallel Aware": false,                                                
                           "Relation Name": "title",                                               
                           "Alias": "t1",                                                          
                           "Startup Cost": 0.00,                                                   
                           "Total Cost": 1303.96,                                                  
                           "Plan Rows": 2528312,                                                   
                           "Plan Width": 21,                                                       
                           "Actual Startup Time": 0.009,                                           
                           "Actual Total Time": 1110.929,                                          
                           "Actual Rows": 2528312,                                                 
                           "Actual Loops": 1,                                                      
                           "Shared Hit Blocks": 1,                                                 
                           "Shared Read Blocks": 35997,                                            
                           "Shared Dirtied Blocks": 0,                                             
                           "Shared Written Blocks": 0,                                             
                           "Local Hit Blocks": 0,                                                  
                           "Local Read Blocks": 0,                                                 
                           "Local Dirtied Blocks": 0,                                              
                           "Local Written Blocks": 0,                                              
                           "Temp Read Blocks": 0,                                                  
                           "Temp Written Blocks": 0                                                
                         },                                                                        
                         {                                                                         
                           "Node Type": "Hash",                                                    
                           "Parent Relationship": "Inner",                                         
                           "Parallel Aware": false,                                                
                           "Startup Cost": 1510.45,                                                
                           "Total Cost": 1510.45,                                                  
                           "Plan Rows": 2,                                                         
                           "Plan Width": 16,                                                       
                           "Actual Startup Time": 1321.121,                                        
                           "Actual Total Time": 1321.121,                                          
                           "Actual Rows": 4388,                                                    
                           "Actual Loops": 1,                                                      
                           "Hash Buckets": 8192,                                                   
                           "Original Hash Buckets": 1024,                                          
                           "Hash Batches": 1,                                                      
                           "Original Hash Batches": 1,                                             
                           "Peak Memory Usage": 270,                                               
                           "Shared Hit Blocks": 0,                                                 
                           "Shared Read Blocks": 25566,                                            
                           "Shared Dirtied Blocks": 0,                                             
                           "Shared Written Blocks": 0,                                             
                           "Local Hit Blocks": 0,                                                  
                           "Local Read Blocks": 0,                                                 
                           "Local Dirtied Blocks": 0,                                              
                           "Local Written Blocks": 0,                                              
                           "Temp Read Blocks": 0,                                                  
                           "Temp Written Blocks": 0,                                               
                           "Plans": [                                                              
                             {                                                                     
                               "Node Type": "Hash Join",                                           
                               "Parent Relationship": "Outer",                                     
                               "Parallel Aware": false,                                            
                               "Join Type": "Inner",                                               
                               "Startup Cost": 61.05,                                              
                               "Total Cost": 1510.45,                                              
                               "Plan Rows": 2,                                                     
                               "Plan Width": 16,                                                   
                               "Actual Startup Time": 163.206,                                     
                               "Actual Total Time": 1319.199,                                      
                               "Actual Rows": 4388,                                                
                               "Actual Loops": 1,                                                  
                               "Inner Unique": false,                                              
                               "Hash Cond": "(mk.movie_id = ml.movie_id)",                         
                               "Shared Hit Blocks": 0,                                             
                               "Shared Read Blocks": 25566,                                        
                               "Shared Dirtied Blocks": 0,                                         
                               "Shared Written Blocks": 0,                                         
                               "Local Hit Blocks": 0,                                              
                               "Local Read Blocks": 0,                                             
                               "Local Dirtied Blocks": 0,                                          
                               "Local Written Blocks": 0,                                          
                               "Temp Read Blocks": 0,                                              
                               "Temp Written Blocks": 0,                                           
                               "Plans": [                                                          
                                 {                                                                 
                                   "Node Type": "Hash Join",                                       
                                   "Parent Relationship": "Outer",                                 
                                   "Parallel Aware": false,                                        
                                   "Join Type": "Inner",                                           
                                   "Startup Cost": 49.46,                                          
                                   "Total Cost": 1498.10,                                          
                                   "Plan Rows": 34,                                                
                                   "Plan Width": 4,                                                
                                   "Actual Startup Time": 112.648,                                 
                                   "Actual Total Time": 1257.753,                                  
                                   "Actual Rows": 41840,                                           
                                   "Actual Loops": 1,                                              
                                   "Inner Unique": true,                                           
                                   "Hash Cond": "(mk.keyword_id = k.id)",                          
                                   "Shared Hit Blocks": 0,                                         
                                   "Shared Read Blocks": 25403,                                    
                                   "Shared Dirtied Blocks": 0,                                     
                                   "Shared Written Blocks": 0,                                     
                                   "Local Hit Blocks": 0,                                          
                                   "Local Read Blocks": 0,                                         
                                   "Local Dirtied Blocks": 0,                                      
                                   "Local Written Blocks": 0,                                      
                                   "Temp Read Blocks": 0,                                          
                                   "Temp Written Blocks": 0,                                       
                                   "Plans": [                                                      
                                     {                                                             
                                       "Node Type": "Seq Scan",                                    
                                       "Parent Relationship": "Outer",                             
                                       "Parallel Aware": false,                                    
                                       "Relation Name": "movie_keyword",                           
                                       "Alias": "mk",                                              
                                       "Startup Cost": 0.00,                                       
                                       "Total Cost": 1079.84,                                      
                                       "Plan Rows": 4523930,                                       
                                       "Plan Width": 8,                                            
                                       "Actual Startup Time": 20.921,                              
                                       "Actual Total Time": 571.559,                               
                                       "Actual Rows": 4523930,                                     
                                       "Actual Loops": 1,                                          
                                       "Shared Hit Blocks": 0,                                     
                                       "Shared Read Blocks": 24454,                                
                                       "Shared Dirtied Blocks": 0,                                 
                                       "Shared Written Blocks": 0,                                 
                                       "Local Hit Blocks": 0,                                      
                                       "Local Read Blocks": 0,                                     
                                       "Local Dirtied Blocks": 0,                                  
                                       "Local Written Blocks": 0,                                  
                                       "Temp Read Blocks": 0,                                      
                                       "Temp Written Blocks": 0                                    
                                     },                                                            
                                     {                                                             
                                       "Node Type": "Hash",                                        
                                       "Parent Relationship": "Inner",                             
                                       "Parallel Aware": false,                                    
                                       "Startup Cost": 49.46,                                      
                                       "Total Cost": 49.46,                                        
                                       "Plan Rows": 1,                                             
                                       "Plan Width": 4,                                            
                                       "Actual Startup Time": 91.648,                              
                                       "Actual Total Time": 91.649,                                
                                       "Actual Rows": 1,                                           
                                       "Actual Loops": 1,                                          
                                       "Hash Buckets": 1024,                                       
                                       "Original Hash Buckets": 1024,                              
                                       "Hash Batches": 1,                                          
                                       "Original Hash Batches": 1,                                 
                                       "Peak Memory Usage": 9,                                     
                                       "Shared Hit Blocks": 0,                                     
                                       "Shared Read Blocks": 949,                                  
                                       "Shared Dirtied Blocks": 0,                                 
                                       "Shared Written Blocks": 0,                                 
                                       "Local Hit Blocks": 0,                                      
                                       "Local Read Blocks": 0,                                     
                                       "Local Dirtied Blocks": 0,                                  
                                       "Local Written Blocks": 0,                                  
                                       "Temp Read Blocks": 0,                                      
                                       "Temp Written Blocks": 0,                                   
                                       "Plans": [                                                  
                                         {                                                         
                                           "Node Type": "Seq Scan",                                
                                           "Parent Relationship": "Outer",                         
                                           "Parallel Aware": false,                                
                                           "Relation Name": "keyword",                             
                                           "Alias": "k",                                           
                                           "Startup Cost": 0.00,                                   
                                           "Total Cost": 49.46,                                    
                                           "Plan Rows": 1,                                         
                                           "Plan Width": 4,                                        
                                           "Actual Startup Time": 30.818,                          
                                           "Actual Total Time": 91.641,                            
                                           "Actual Rows": 1,                                       
                                           "Actual Loops": 1,                                      
                                           "Filter": "(keyword = 'character-name-in-title'::text)",
                                           "Rows Removed by Filter": 134169,                       
                                           "Shared Hit Blocks": 0,                                 
                                           "Shared Read Blocks": 949,                              
                                           "Shared Dirtied Blocks": 0,                             
                                           "Shared Written Blocks": 0,                             
                                           "Local Hit Blocks": 0,                                  
                                           "Local Read Blocks": 0,                                 
                                           "Local Dirtied Blocks": 0,                              
                                           "Local Written Blocks": 0,                              
                                           "Temp Read Blocks": 0,                                  
                                           "Temp Written Blocks": 0                                
                                         }                                                         
                                       ]                                                           
                                     }                                                             
                                   ]                                                               
                                 },                                                                
                                 {                                                                 
                                   "Node Type": "Hash",                                            
                                   "Parent Relationship": "Inner",                                 
                                   "Parallel Aware": false,                                        
                                   "Startup Cost": 7.19,                                           
                                   "Total Cost": 7.19,                                             
                                   "Plan Rows": 29997,                                             
                                   "Plan Width": 12,                                               
                                   "Actual Startup Time": 49.772,                                  
                                   "Actual Total Time": 49.772,                                    
                                   "Actual Rows": 29997,                                           
                                   "Actual Loops": 1,                                              
                                   "Hash Buckets": 32768,                                          
                                   "Original Hash Buckets": 32768,                                 
                                   "Hash Batches": 1,                                              
                                   "Original Hash Batches": 1,                                     
                                   "Peak Memory Usage": 1545,                                      
                                   "Shared Hit Blocks": 0,                                         
                                   "Shared Read Blocks": 163,                                      
                                   "Shared Dirtied Blocks": 0,                                     
                                   "Shared Written Blocks": 0,                                     
                                   "Local Hit Blocks": 0,                                          
                                   "Local Read Blocks": 0,                                         
                                   "Local Dirtied Blocks": 0,                                      
                                   "Local Written Blocks": 0,                                      
                                   "Temp Read Blocks": 0,                                          
                                   "Temp Written Blocks": 0,                                       
                                   "Plans": [                                                      
                                     {                                                             
                                       "Node Type": "Seq Scan",                                    
                                       "Parent Relationship": "Outer",                             
                                       "Parallel Aware": false,                                    
                                       "Relation Name": "movie_link",                              
                                       "Alias": "ml",                                              
                                       "Startup Cost": 0.00,                                       
                                       "Total Cost": 7.19,                                         
                                       "Plan Rows": 29997,                                         
                                       "Plan Width": 12,                                           
                                       "Actual Startup Time": 0.205,                               
                                       "Actual Total Time": 34.818,                                
                                       "Actual Rows": 29997,                                       
                                       "Actual Loops": 1,                                          
                                       "Shared Hit Blocks": 0,                                     
                                       "Shared Read Blocks": 163,                                  
                                       "Shared Dirtied Blocks": 0,                                 
                                       "Shared Written Blocks": 0,                                 
                                       "Local Hit Blocks": 0,                                      
                                       "Local Read Blocks": 0,                                     
                                       "Local Dirtied Blocks": 0,                                  
                                       "Local Written Blocks": 0,                                  
                                       "Temp Read Blocks": 0,                                      
                                       "Temp Written Blocks": 0                                    
                                     }                                                             
                                   ]                                                               
                                 }                                                                 
                               ]                                                                   
                             }                                                                     
                           ]                                                                       
                         }                                                                         
                       ]                                                                           
                     }                                                                             
                   ]                                                                               
                 }                                                                                 
               ]                                                                                   
             },                                                                                    
             {                                                                                     
               "Node Type": "Hash",                                                                
               "Parent Relationship": "Inner",                                                     
               "Parallel Aware": false,                                                            
               "Startup Cost": 0.03,                                                               
               "Total Cost": 0.03,                                                                 
               "Plan Rows": 18,                                                                    
               "Plan Width": 16,                                                                   
               "Actual Startup Time": 0.202,                                                       
               "Actual Total Time": 0.202,                                                         
               "Actual Rows": 18,                                                                  
               "Actual Loops": 1,                                                                  
               "Hash Buckets": 1024,                                                               
               "Original Hash Buckets": 1024,                                                      
               "Hash Batches": 1,                                                                  
               "Original Hash Batches": 1,                                                         
               "Peak Memory Usage": 9,                                                             
               "Shared Hit Blocks": 0,                                                             
               "Shared Read Blocks": 1,                                                            
               "Shared Dirtied Blocks": 0,                                                         
               "Shared Written Blocks": 0,                                                         
               "Local Hit Blocks": 0,                                                              
               "Local Read Blocks": 0,                                                             
               "Local Dirtied Blocks": 0,                                                          
               "Local Written Blocks": 0,                                                          
               "Temp Read Blocks": 0,                                                              
               "Temp Written Blocks": 0,                                                           
               "Plans": [                                                                          
                 {                                                                                 
                   "Node Type": "Seq Scan",                                                        
                   "Parent Relationship": "Outer",                                                 
                   "Parallel Aware": false,                                                        
                   "Relation Name": "link_type",                                                   
                   "Alias": "lt",                                                                  
                   "Startup Cost": 0.00,                                                           
                   "Total Cost": 0.03,                                                             
                   "Plan Rows": 18,                                                                
                   "Plan Width": 16,                                                               
                   "Actual Startup Time": 0.167,                                                   
                   "Actual Total Time": 0.179,                                                     
                   "Actual Rows": 18,                                                              
                   "Actual Loops": 1,                                                              
                   "Shared Hit Blocks": 0,                                                         
                   "Shared Read Blocks": 1,                                                        
                   "Shared Dirtied Blocks": 0,                                                     
                   "Shared Written Blocks": 0,                                                     
                   "Local Hit Blocks": 0,                                                          
                   "Local Read Blocks": 0,                                                         
                   "Local Dirtied Blocks": 0,                                                      
                   "Local Written Blocks": 0,                                                      
                   "Temp Read Blocks": 0,                                                          
                   "Temp Written Blocks": 0                                                        
                 }                                                                                 
               ]                                                                                   
             }                                                                                     
           ]                                                                                       
         }                                                                                         
       ]                                                                                           
     },                                                                                            
     "Planning Time": 1112.952,                                                                    
     "Triggers": [                                                                                 
     ],                                                                                            
     "Execution Time": 3686.527                                                                    
   }                                                                                               
 ]
