 [                                                                                                                                   
   {                                                                                                                                 
     "Plan": {                                                                                                                       
       "Node Type": "Aggregate",                                                                                                     
       "Strategy": "Plain",                                                                                                          
       "Partial Mode": "Simple",                                                                                                     
       "Parallel Aware": false,                                                                                                      
       "Startup Cost": 6511.74,                                                                                                      
       "Total Cost": 6511.74,                                                                                                        
       "Plan Rows": 1,                                                                                                               
       "Plan Width": 192,                                                                                                            
       "Actual Startup Time": 4968.506,                                                                                              
       "Actual Total Time": 4968.506,                                                                                                
       "Actual Rows": 1,                                                                                                             
       "Actual Loops": 1,                                                                                                            
       "Shared Hit Blocks": 66239,                                                                                                   
       "Shared Read Blocks": 66400,                                                                                                  
       "Shared Dirtied Blocks": 0,                                                                                                   
       "Shared Written Blocks": 0,                                                                                                   
       "Local Hit Blocks": 0,                                                                                                        
       "Local Read Blocks": 0,                                                                                                       
       "Local Dirtied Blocks": 0,                                                                                                    
       "Local Written Blocks": 0,                                                                                                    
       "Temp Read Blocks": 0,                                                                                                        
       "Temp Written Blocks": 0,                                                                                                     
       "Plans": [                                                                                                                    
         {                                                                                                                           
           "Node Type": "Hash Join",                                                                                                 
           "Parent Relationship": "Outer",                                                                                           
           "Parallel Aware": false,                                                                                                  
           "Join Type": "Inner",                                                                                                     
           "Startup Cost": 5438.12,                                                                                                  
           "Total Cost": 6511.73,                                                                                                    
           "Plan Rows": 1,                                                                                                           
           "Plan Width": 84,                                                                                                         
           "Actual Startup Time": 4481.044,                                                                                          
           "Actual Total Time": 4968.484,                                                                                            
           "Actual Rows": 4,                                                                                                         
           "Actual Loops": 1,                                                                                                        
           "Inner Unique": true,                                                                                                     
           "Hash Cond": "(mi_idx.info_type_id = it.id)",                                                                           
           "Shared Hit Blocks": 66239,                                                                                               
           "Shared Read Blocks": 66400,                                                                                              
           "Shared Dirtied Blocks": 0,                                                                                               
           "Shared Written Blocks": 0,                                                                                               
           "Local Hit Blocks": 0,                                                                                                    
           "Local Read Blocks": 0,                                                                                                   
           "Local Dirtied Blocks": 0,                                                                                                
           "Local Written Blocks": 0,                                                                                                
           "Temp Read Blocks": 0,                                                                                                    
           "Temp Written Blocks": 0,                                                                                                 
           "Plans": [                                                                                                                
             {                                                                                                                       
               "Node Type": "Hash Join",                                                                                             
               "Parent Relationship": "Outer",                                                                                       
               "Parallel Aware": false,                                                                                              
               "Join Type": "Inner",                                                                                                 
               "Startup Cost": 5438.07,                                                                                              
               "Total Cost": 6511.69,                                                                                                
               "Plan Rows": 1,                                                                                                       
               "Plan Width": 88,                                                                                                     
               "Actual Startup Time": 4462.907,                                                                                      
               "Actual Total Time": 4950.346,                                                                                        
               "Actual Rows": 8,                                                                                                     
               "Actual Loops": 1,                                                                                                    
               "Inner Unique": true,                                                                                                 
               "Hash Cond": "(t2.kind_id = kt2.id)",                                                                                 
               "Shared Hit Blocks": 66236,                                                                                           
               "Shared Read Blocks": 66399,                                                                                          
               "Shared Dirtied Blocks": 0,                                                                                           
               "Shared Written Blocks": 0,                                                                                           
               "Local Hit Blocks": 0,                                                                                                
               "Local Read Blocks": 0,                                                                                               
               "Local Dirtied Blocks": 0,                                                                                            
               "Local Written Blocks": 0,                                                                                            
               "Temp Read Blocks": 0,                                                                                                
               "Temp Written Blocks": 0,                                                                                             
               "Plans": [                                                                                                            
                 {                                                                                                                   
                   "Node Type": "Hash Join",                                                                                         
                   "Parent Relationship": "Outer",                                                                                   
                   "Parallel Aware": false,                                                                                          
                   "Join Type": "Inner",                                                                                             
                   "Startup Cost": 5438.04,                                                                                          
                   "Total Cost": 6511.65,                                                                                            
                   "Plan Rows": 1,                                                                                                   
                   "Plan Width": 92,                                                                                                 
                   "Actual Startup Time": 4456.235,                                                                                  
                   "Actual Total Time": 4943.665,                                                                                    
                   "Actual Rows": 42,                                                                                                
                   "Actual Loops": 1,                                                                                                
                   "Inner Unique": true,                                                                                             
                   "Hash Cond": "(mc2.company_id = cn.id)",                                                                         
                   "Shared Hit Blocks": 66236,                                                                                       
                   "Shared Read Blocks": 66398,                                                                                      
                   "Shared Dirtied Blocks": 0,                                                                                       
                   "Shared Written Blocks": 0,                                                                                       
                   "Local Hit Blocks": 0,                                                                                            
                   "Local Read Blocks": 0,                                                                                           
                   "Local Dirtied Blocks": 0,                                                                                        
                   "Local Written Blocks": 0,                                                                                        
                   "Temp Read Blocks": 0,                                                                                            
                   "Temp Written Blocks": 0,                                                                                         
                   "Plans": [                                                                                                        
                     {                                                                                                               
                       "Node Type": "Hash Join",                                                                                     
                       "Parent Relationship": "Outer",                                                                               
                       "Parallel Aware": false,                                                                                      
                       "Join Type": "Inner",                                                                                         
                       "Startup Cost": 5293.39,                                                                                      
                       "Total Cost": 6367.00,                                                                                        
                       "Plan Rows": 1,                                                                                               
                       "Plan Width": 77,                                                                                             
                       "Actual Startup Time": 4300.549,                                                                              
                       "Actual Total Time": 4787.952,                                                                                
                       "Actual Rows": 42,                                                                                            
                       "Actual Loops": 1,                                                                                            
                       "Inner Unique": false,                                                                                        
                       "Hash Cond": "(mc2.movie_id = t2.id)",                                                                        
                       "Shared Hit Blocks": 66236,                                                                                   
                       "Shared Read Blocks": 63404,                                                                                  
                       "Shared Dirtied Blocks": 0,                                                                                   
                       "Shared Written Blocks": 0,                                                                                   
                       "Local Hit Blocks": 0,                                                                                        
                       "Local Read Blocks": 0,                                                                                       
                       "Local Dirtied Blocks": 0,                                                                                    
                       "Local Written Blocks": 0,                                                                                    
                       "Temp Read Blocks": 0,                                                                                        
                       "Temp Written Blocks": 0,                                                                                     
                       "Plans": [                                                                                                    
                         {                                                                                                           
                           "Node Type": "Seq Scan",                                                                                  
                           "Parent Relationship": "Outer",                                                                           
                           "Parallel Aware": false,                                                                                  
                           "Relation Name": "movie_companies",                                                                       
                           "Alias": "mc2",                                                                                           
                           "Startup Cost": 0.00,                                                                                     
                           "Total Cost": 769.75,                                                                                     
                           "Plan Rows": 2609129,                                                                                     
                           "Plan Width": 8,                                                                                          
                           "Actual Startup Time": 2.814,                                                                             
                           "Actual Total Time": 178.338,                                                                             
                           "Actual Rows": 2609129,                                                                                   
                           "Actual Loops": 1,                                                                                        
                           "Shared Hit Blocks": 18788,                                                                               
                           "Shared Read Blocks": 1,                                                                                  
                           "Shared Dirtied Blocks": 0,                                                                               
                           "Shared Written Blocks": 0,                                                                               
                           "Local Hit Blocks": 0,                                                                                    
                           "Local Read Blocks": 0,                                                                                   
                           "Local Dirtied Blocks": 0,                                                                                
                           "Local Written Blocks": 0,                                                                                
                           "Temp Read Blocks": 0,                                                                                    
                           "Temp Written Blocks": 0                                                                                  
                         },                                                                                                          
                         {                                                                                                           
                           "Node Type": "Hash",                                                                                      
                           "Parent Relationship": "Inner",                                                                           
                           "Parallel Aware": false,                                                                                  
                           "Startup Cost": 5293.39,                                                                                  
                           "Total Cost": 5293.39,                                                                                    
                           "Plan Rows": 1,                                                                                           
                           "Plan Width": 85,                                                                                         
                           "Actual Startup Time": 4296.158,                                                                          
                           "Actual Total Time": 4296.159,                                                                            
                           "Actual Rows": 12,                                                                                        
                           "Actual Loops": 1,                                                                                        
                           "Hash Buckets": 1024,                                                                                     
                           "Original Hash Buckets": 1024,                                                                            
                           "Hash Batches": 1,                                                                                        
                           "Original Hash Batches": 1,                                                                               
                           "Peak Memory Usage": 10,                                                                                  
                           "Shared Hit Blocks": 47448,                                                                               
                           "Shared Read Blocks": 63403,                                                                              
                           "Shared Dirtied Blocks": 0,                                                                               
                           "Shared Written Blocks": 0,                                                                               
                           "Local Hit Blocks": 0,                                                                                    
                           "Local Read Blocks": 0,                                                                                   
                           "Local Dirtied Blocks": 0,                                                                                
                           "Local Written Blocks": 0,                                                                                
                           "Temp Read Blocks": 0,                                                                                    
                           "Temp Written Blocks": 0,                                                                                 
                           "Plans": [                                                                                                
                             {                                                                                                       
                               "Node Type": "Hash Join",                                                                             
                               "Parent Relationship": "Outer",                                                                       
                               "Parallel Aware": false,                                                                              
                               "Join Type": "Inner",                                                                                 
                               "Startup Cost": 3694.98,                                                                              
                               "Total Cost": 5293.39,                                                                                
                               "Plan Rows": 1,                                                                                       
                               "Plan Width": 85,                                                                                     
                               "Actual Startup Time": 3811.118,                                                                      
                               "Actual Total Time": 4296.142,                                                                        
                               "Actual Rows": 12,                                                                                    
                               "Actual Loops": 1,                                                                                    
                               "Inner Unique": true,                                                                                 
                               "Hash Cond": "(t1.kind_id = kt1.id)",                                                                 
                               "Shared Hit Blocks": 47448,                                                                           
                               "Shared Read Blocks": 63403,                                                                          
                               "Shared Dirtied Blocks": 0,                                                                           
                               "Shared Written Blocks": 0,                                                                           
                               "Local Hit Blocks": 0,                                                                                
                               "Local Read Blocks": 0,                                                                               
                               "Local Dirtied Blocks": 0,                                                                            
                               "Local Written Blocks": 0,                                                                            
                               "Temp Read Blocks": 0,                                                                                
                               "Temp Written Blocks": 0,                                                                             
                               "Plans": [                                                                                            
                                 {                                                                                                   
                                   "Node Type": "Hash Join",                                                                         
                                   "Parent Relationship": "Outer",                                                                   
                                   "Parallel Aware": false,                                                                          
                                   "Join Type": "Inner",                                                                             
                                   "Startup Cost": 3694.95,                                                                          
                                   "Total Cost": 5293.35,                                                                            
                                   "Plan Rows": 1,                                                                                   
                                   "Plan Width": 89,                                                                                 
                                   "Actual Startup Time": 3811.050,                                                                  
                                   "Actual Total Time": 4296.065,                                                                    
                                   "Actual Rows": 12,                                                                                
                                   "Actual Loops": 1,                                                                                
                                   "Inner Unique": false,                                                                            
                                   "Hash Cond": "(t1.id = ml.movie_id)",                                                             
                                   "Shared Hit Blocks": 47447,                                                                       
                                   "Shared Read Blocks": 63403,                                                                      
                                   "Shared Dirtied Blocks": 0,                                                                       
                                   "Shared Written Blocks": 0,                                                                       
                                   "Local Hit Blocks": 0,                                                                            
                                   "Local Read Blocks": 0,                                                                           
                                   "Local Dirtied Blocks": 0,                                                                        
                                   "Local Written Blocks": 0,                                                                        
                                   "Temp Read Blocks": 0,                                                                            
                                   "Temp Written Blocks": 0,                                                                         
                                   "Plans": [                                                                                        
                                     {                                                                                               
                                       "Node Type": "Seq Scan",                                                                      
                                       "Parent Relationship": "Outer",                                                               
                                       "Parallel Aware": false,                                                                      
                                       "Relation Name": "title",                                                                     
                                       "Alias": "t1",                                                                                
                                       "Startup Cost": 0.00,                                                                         
                                       "Total Cost": 1303.96,                                                                        
                                       "Plan Rows": 2528312,                                                                         
                                       "Plan Width": 25,                                                                             
                                       "Actual Startup Time": 3.449,                                                                 
                                       "Actual Total Time": 189.295,                                                                 
                                       "Actual Rows": 2528312,                                                                       
                                       "Actual Loops": 1,                                                                            
                                       "Shared Hit Blocks": 35997,                                                                   
                                       "Shared Read Blocks": 1,                                                                      
                                       "Shared Dirtied Blocks": 0,                                                                   
                                       "Shared Written Blocks": 0,                                                                   
                                       "Local Hit Blocks": 0,                                                                        
                                       "Local Read Blocks": 0,                                                                       
                                       "Local Dirtied Blocks": 0,                                                                    
                                       "Local Written Blocks": 0,                                                                    
                                       "Temp Read Blocks": 0,                                                                        
                                       "Temp Written Blocks": 0                                                                      
                                     },                                                                                              
                                     {                                                                                               
                                       "Node Type": "Hash",                                                                          
                                       "Parent Relationship": "Inner",                                                               
                                       "Parallel Aware": false,                                                                      
                                       "Startup Cost": 3694.95,                                                                      
                                       "Total Cost": 3694.95,                                                                        
                                       "Plan Rows": 1,                                                                               
                                       "Plan Width": 80,                                                                             
                                       "Actual Startup Time": 3807.252,                                                              
                                       "Actual Total Time": 3807.252,                                                                
                                       "Actual Rows": 12,                                                                            
                                       "Actual Loops": 1,                                                                            
                                       "Hash Buckets": 1024,                                                                         
                                       "Original Hash Buckets": 1024,                                                                
                                       "Hash Batches": 1,                                                                            
                                       "Original Hash Batches": 1,                                                                   
                                       "Peak Memory Usage": 10,                                                                      
                                       "Shared Hit Blocks": 11450,                                                                   
                                       "Shared Read Blocks": 63402,                                                                  
                                       "Shared Dirtied Blocks": 0,                                                                   
                                       "Shared Written Blocks": 0,                                                                   
                                       "Local Hit Blocks": 0,                                                                        
                                       "Local Read Blocks": 0,                                                                       
                                       "Local Dirtied Blocks": 0,                                                                    
                                       "Local Written Blocks": 0,                                                                    
                                       "Temp Read Blocks": 0,                                                                        
                                       "Temp Written Blocks": 0,                                                                     
                                       "Plans": [                                                                                    
                                         {                                                                                           
                                           "Node Type": "Hash Join",                                                                 
                                           "Parent Relationship": "Outer",                                                           
                                           "Parallel Aware": false,                                                                  
                                           "Join Type": "Inner",                                                                     
                                           "Startup Cost": 3169.94,                                                                  
                                           "Total Cost": 3694.95,                                                                    
                                           "Plan Rows": 1,                                                                           
                                           "Plan Width": 80,                                                                         
                                           "Actual Startup Time": 3441.350,                                                          
                                           "Actual Total Time": 3807.237,                                                            
                                           "Actual Rows": 12,                                                                        
                                           "Actual Loops": 1,                                                                        
                                           "Inner Unique": true,                                                                     
                                           "Hash Cond": "(ml.link_type_id = lt.id)",                                                 
                                           "Shared Hit Blocks": 11450,                                                               
                                           "Shared Read Blocks": 63402,                                                              
                                           "Shared Dirtied Blocks": 0,                                                               
                                           "Shared Written Blocks": 0,                                                               
                                           "Local Hit Blocks": 0,                                                                    
                                           "Local Read Blocks": 0,                                                                   
                                           "Local Dirtied Blocks": 0,                                                                
                                           "Local Written Blocks": 0,                                                                
                                           "Temp Read Blocks": 0,                                                                    
                                           "Temp Written Blocks": 0,                                                                 
                                           "Plans": [                                                                                
                                             {                                                                                       
                                               "Node Type": "Hash Join",                                                             
                                               "Parent Relationship": "Outer",                                                       
                                               "Parallel Aware": false,                                                              
                                               "Join Type": "Inner",                                                                 
                                               "Startup Cost": 3169.91,                                                              
                                               "Total Cost": 3694.91,                                                                
                                               "Plan Rows": 1,                                                                       
                                               "Plan Width": 84,                                                                     
                                               "Actual Startup Time": 3419.183,                                                      
                                               "Actual Total Time": 3786.700,                                                        
                                               "Actual Rows": 1003,                                                                  
                                               "Actual Loops": 1,                                                                    
                                               "Inner Unique": false,                                                                
                                               "Hash Cond": "(t2.id = ml.linked_movie_id)",                                          
                                               "Shared Hit Blocks": 11450,                                                           
                                               "Shared Read Blocks": 63401,                                                          
                                               "Shared Dirtied Blocks": 0,                                                           
                                               "Shared Written Blocks": 0,                                                           
                                               "Local Hit Blocks": 0,                                                                
                                               "Local Read Blocks": 0,                                                               
                                               "Local Dirtied Blocks": 0,                                                            
                                               "Local Written Blocks": 0,                                                            
                                               "Temp Read Blocks": 0,                                                                
                                               "Temp Written Blocks": 0,                                                             
                                               "Plans": [                                                                            
                                                 {                                                                                   
                                                   "Node Type": "Hash Join",                                                         
                                                   "Parent Relationship": "Outer",                                                   
                                                   "Parallel Aware": false,                                                          
                                                   "Join Type": "Inner",                                                             
                                                   "Startup Cost": 1517.81,                                                          
                                                   "Total Cost": 2039.18,                                                            
                                                   "Plan Rows": 31132,                                                               
                                                   "Plan Width": 39,                                                                 
                                                   "Actual Startup Time": 1770.112,                                                  
                                                   "Actual Total Time": 2134.921,                                                    
                                                   "Actual Rows": 27794,                                                             
                                                   "Actual Loops": 1,                                                                
                                                   "Inner Unique": true,                                                             
                                                   "Hash Cond": "(mi_idx.movie_id = t2.id)",                                        
                                                   "Shared Hit Blocks": 8451,                                                        
                                                   "Shared Read Blocks": 36000,                                                      
                                                   "Shared Dirtied Blocks": 0,                                                       
                                                   "Shared Written Blocks": 0,                                                       
                                                   "Local Hit Blocks": 0,                                                            
                                                   "Local Read Blocks": 0,                                                           
                                                   "Local Dirtied Blocks": 0,                                                        
                                                   "Local Written Blocks": 0,                                                        
                                                   "Temp Read Blocks": 0,                                                            
                                                   "Temp Written Blocks": 0,                                                         
                                                   "Plans": [                                                                        
                                                     {                                                                               
                                                       "Node Type": "Seq Scan",                                                      
                                                       "Parent Relationship": "Outer",                                               
                                                       "Parallel Aware": false,                                                      
                                                       "Relation Name": "movie_info_idx",                                            
                                                       "Alias": "mi_idx",                                                           
                                                       "Startup Cost": 0.00,                                                         
                                                       "Total Cost": 467.71,                                                         
                                                       "Plan Rows": 658313,                                                          
                                                       "Plan Width": 14,                                                             
                                                       "Actual Startup Time": 11.568,                                                
                                                       "Actual Total Time": 285.604,                                                 
                                                       "Actual Rows": 658295,                                                        
                                                       "Actual Loops": 1,                                                            
                                                       "Filter": "(info < '3.0'::text)",                                             
                                                       "Rows Removed by Filter": 721740,                                             
                                                       "Shared Hit Blocks": 8450,                                                    
                                                       "Shared Read Blocks": 3,                                                      
                                                       "Shared Dirtied Blocks": 0,                                                   
                                                       "Shared Written Blocks": 0,                                                   
                                                       "Local Hit Blocks": 0,                                                        
                                                       "Local Read Blocks": 0,                                                       
                                                       "Local Dirtied Blocks": 0,                                                    
                                                       "Local Written Blocks": 0,                                                    
                                                       "Temp Read Blocks": 0,                                                        
                                                       "Temp Written Blocks": 0                                                      
                                                     },                                                                              
                                                     {                                                                               
                                                       "Node Type": "Hash",                                                          
                                                       "Parent Relationship": "Inner",                                               
                                                       "Parallel Aware": false,                                                      
                                                       "Startup Cost": 1500.26,                                                      
                                                       "Total Cost": 1500.26,                                                        
                                                       "Plan Rows": 119565,                                                          
                                                       "Plan Width": 25,                                                             
                                                       "Actual Startup Time": 1733.403,                                              
                                                       "Actual Total Time": 1733.403,                                                
                                                       "Actual Rows": 119565,                                                        
                                                       "Actual Loops": 1,                                                            
                                                       "Hash Buckets": 131072,                                                       
                                                       "Original Hash Buckets": 131072,                                              
                                                       "Hash Batches": 1,                                                            
                                                       "Original Hash Batches": 1,                                                   
                                                       "Peak Memory Usage": 7853,                                                    
                                                       "Shared Hit Blocks": 1,                                                       
                                                       "Shared Read Blocks": 35997,                                                  
                                                       "Shared Dirtied Blocks": 0,                                                   
                                                       "Shared Written Blocks": 0,                                                   
                                                       "Local Hit Blocks": 0,                                                        
                                                       "Local Read Blocks": 0,                                                       
                                                       "Local Dirtied Blocks": 0,                                                    
                                                       "Local Written Blocks": 0,                                                    
                                                       "Temp Read Blocks": 0,                                                        
                                                       "Temp Written Blocks": 0,                                                     
                                                       "Plans": [                                                                    
                                                         {                                                                           
                                                           "Node Type": "Seq Scan",                                                  
                                                           "Parent Relationship": "Outer",                                           
                                                           "Parallel Aware": false,                                                  
                                                           "Relation Name": "title",                                                 
                                                           "Alias": "t2",                                                            
                                                           "Startup Cost": 0.00,                                                     
                                                           "Total Cost": 1500.26,                                                    
                                                           "Plan Rows": 119565,                                                      
                                                           "Plan Width": 25,                                                         
                                                           "Actual Startup Time": 0.038,                                             
                                                           "Actual Total Time": 1645.420,                                            
                                                           "Actual Rows": 119565,                                                    
                                                           "Actual Loops": 1,                                                        
                                                           "Filter": "(production_year = 2007)",                                     
                                                           "Rows Removed by Filter": 2408747,                                        
                                                           "Shared Hit Blocks": 1,                                                   
                                                           "Shared Read Blocks": 35997,                                              
                                                           "Shared Dirtied Blocks": 0,                                               
                                                           "Shared Written Blocks": 0,                                               
                                                           "Local Hit Blocks": 0,                                                    
                                                           "Local Read Blocks": 0,                                                   
                                                           "Local Dirtied Blocks": 0,                                                
                                                           "Local Written Blocks": 0,                                                
                                                           "Temp Read Blocks": 0,                                                    
                                                           "Temp Written Blocks": 0                                                  
                                                         }                                                                           
                                                       ]                                                                             
                                                     }                                                                               
                                                   ]                                                                                 
                                                 },                                                                                  
                                                 {                                                                                   
                                                   "Node Type": "Hash",                                                              
                                                   "Parent Relationship": "Inner",                                                   
                                                   "Parallel Aware": false,                                                          
                                                   "Startup Cost": 1652.10,                                                          
                                                   "Total Cost": 1652.10,                                                            
                                                   "Plan Rows": 19,                                                                  
                                                   "Plan Width": 45,                                                                 
                                                   "Actual Startup Time": 1647.381,                                                  
                                                   "Actual Total Time": 1647.381,                                                    
                                                   "Actual Rows": 13204,                                                             
                                                   "Actual Loops": 1,                                                                
                                                   "Hash Buckets": 16384,                                                            
                                                   "Original Hash Buckets": 1024,                                                    
                                                   "Hash Batches": 1,                                                                
                                                   "Original Hash Batches": 1,                                                       
                                                   "Peak Memory Usage": 1232,                                                        
                                                   "Shared Hit Blocks": 2999,                                                        
                                                   "Shared Read Blocks": 27401,                                                      
                                                   "Shared Dirtied Blocks": 0,                                                       
                                                   "Shared Written Blocks": 0,                                                       
                                                   "Local Hit Blocks": 0,                                                            
                                                   "Local Read Blocks": 0,                                                           
                                                   "Local Dirtied Blocks": 0,                                                        
                                                   "Local Written Blocks": 0,                                                        
                                                   "Temp Read Blocks": 0,                                                            
                                                   "Temp Written Blocks": 0,                                                         
                                                   "Plans": [                                                                        
                                                     {                                                                               
                                                       "Node Type": "Hash Join",                                                     
                                                       "Parent Relationship": "Outer",                                               
                                                       "Parallel Aware": false,                                                      
                                                       "Join Type": "Inner",                                                         
                                                       "Startup Cost": 1641.42,                                                      
                                                       "Total Cost": 1652.10,                                                        
                                                       "Plan Rows": 19,                                                              
                                                       "Plan Width": 45,                                                             
                                                       "Actual Startup Time": 1608.322,                                              
                                                       "Actual Total Time": 1640.148,                                                
                                                       "Actual Rows": 13204,                                                         
                                                       "Actual Loops": 1,                                                            
                                                       "Inner Unique": false,                                                        
                                                       "Hash Cond": "(ml.movie_id = mi_idx.movie_id)",                              
                                                       "Shared Hit Blocks": 2999,                                                    
                                                       "Shared Read Blocks": 27401,                                                  
                                                       "Shared Dirtied Blocks": 0,                                                   
                                                       "Shared Written Blocks": 0,                                                   
                                                       "Local Hit Blocks": 0,                                                        
                                                       "Local Read Blocks": 0,                                                       
                                                       "Local Dirtied Blocks": 0,                                                    
                                                       "Local Written Blocks": 0,                                                    
                                                       "Temp Read Blocks": 0,                                                        
                                                       "Temp Written Blocks": 0,                                                     
                                                       "Plans": [                                                                    
                                                         {                                                                           
                                                           "Node Type": "Seq Scan",                                                  
                                                           "Parent Relationship": "Outer",                                           
                                                           "Parallel Aware": false,                                                  
                                                           "Relation Name": "movie_link",                                            
                                                           "Alias": "ml",                                                            
                                                           "Startup Cost": 0.00,                                                     
                                                           "Total Cost": 7.19,                                                       
                                                           "Plan Rows": 29997,                                                       
                                                           "Plan Width": 12,                                                         
                                                           "Actual Startup Time": 13.500,                                            
                                                           "Actual Total Time": 32.563,                                              
                                                           "Actual Rows": 29997,                                                     
                                                           "Actual Loops": 1,                                                        
                                                           "Shared Hit Blocks": 0,                                                   
                                                           "Shared Read Blocks": 163,                                                
                                                           "Shared Dirtied Blocks": 0,                                               
                                                           "Shared Written Blocks": 0,                                               
                                                           "Local Hit Blocks": 0,                                                    
                                                           "Local Read Blocks": 0,                                                   
                                                           "Local Dirtied Blocks": 0,                                                
                                                           "Local Written Blocks": 0,                                                
                                                           "Temp Read Blocks": 0,                                                    
                                                           "Temp Written Blocks": 0                                                  
                                                         },                                                                          
                                                         {                                                                           
                                                           "Node Type": "Hash",                                                      
                                                           "Parent Relationship": "Inner",                                           
                                                           "Parallel Aware": false,                                                  
                                                           "Startup Cost": 1641.37,                                                  
                                                           "Total Cost": 1641.37,                                                    
                                                           "Plan Rows": 293,                                                         
                                                           "Plan Width": 33,                                                         
                                                           "Actual Startup Time": 1594.773,                                          
                                                           "Actual Total Time": 1594.773,                                            
                                                           "Actual Rows": 43631,                                                     
                                                           "Actual Loops": 1,                                                        
                                                           "Hash Buckets": 65536,                                                    
                                                           "Original Hash Buckets": 1024,                                            
                                                           "Hash Batches": 1,                                                        
                                                           "Original Hash Batches": 1,                                               
                                                           "Peak Memory Usage": 3337,                                                
                                                           "Shared Hit Blocks": 2999,                                                
                                                           "Shared Read Blocks": 27238,                                              
                                                           "Shared Dirtied Blocks": 0,                                               
                                                           "Shared Written Blocks": 0,                                               
                                                           "Local Hit Blocks": 0,                                                    
                                                           "Local Read Blocks": 0,                                                   
                                                           "Local Dirtied Blocks": 0,                                                
                                                           "Local Written Blocks": 0,                                                
                                                           "Temp Read Blocks": 0,                                                    
                                                           "Temp Written Blocks": 0,                                                 
                                                           "Plans": [                                                                
                                                             {                                                                       
                                                               "Node Type": "Hash Join",                                             
                                                               "Parent Relationship": "Outer",                                       
                                                               "Parallel Aware": false,                                              
                                                               "Join Type": "Inner",                                                 
                                                               "Startup Cost": 1115.07,                                              
                                                               "Total Cost": 1641.37,                                                
                                                               "Plan Rows": 293,                                                     
                                                               "Plan Width": 33,                                                     
                                                               "Actual Startup Time": 968.068,                                       
                                                               "Actual Total Time": 1576.977,                                        
                                                               "Actual Rows": 43631,                                                 
                                                               "Actual Loops": 1,                                                    
                                                               "Inner Unique": true,                                                 
                                                               "Hash Cond": "(mi_idx.info_type_id = it.id)",                       
                                                               "Shared Hit Blocks": 2999,                                            
                                                               "Shared Read Blocks": 27238,                                          
                                                               "Shared Dirtied Blocks": 0,                                           
                                                               "Shared Written Blocks": 0,                                           
                                                               "Local Hit Blocks": 0,                                                
                                                               "Local Read Blocks": 0,                                               
                                                               "Local Dirtied Blocks": 0,                                            
                                                               "Local Written Blocks": 0,                                            
                                                               "Temp Read Blocks": 0,                                                
                                                               "Temp Written Blocks": 0,                                             
                                                               "Plans": [                                                            
                                                                 {                                                                   
                                                                   "Node Type": "Hash Join",                                         
                                                                   "Parent Relationship": "Outer",                                   
                                                                   "Parallel Aware": false,                                          
                                                                   "Join Type": "Inner",                                             
                                                                   "Startup Cost": 1115.02,                                          
                                                                   "Total Cost": 1638.59,                                            
                                                                   "Plan Rows": 33151,                                               
                                                                   "Plan Width": 37,                                                 
                                                                   "Actual Startup Time": 967.961,                                   
                                                                   "Actual Total Time": 1548.943,                                    
                                                                   "Actual Rows": 131515,                                            
                                                                   "Actual Loops": 1,                                                
                                                                   "Inner Unique": false,                                            
                                                                   "Hash Cond": "(mi_idx.movie_id = mc1.movie_id)",                 
                                                                   "Shared Hit Blocks": 2998,                                        
                                                                   "Shared Read Blocks": 27238,                                      
                                                                   "Shared Dirtied Blocks": 0,                                       
                                                                   "Shared Written Blocks": 0,                                       
                                                                   "Local Hit Blocks": 0,                                            
                                                                   "Local Read Blocks": 0,                                           
                                                                   "Local Dirtied Blocks": 0,                                        
                                                                   "Local Written Blocks": 0,                                        
                                                                   "Temp Read Blocks": 0,                                            
                                                                   "Temp Written Blocks": 0,                                         
                                                                   "Plans": [                                                        
                                                                     {                                                               
                                                                       "Node Type": "Seq Scan",                                      
                                                                       "Parent Relationship": "Outer",                               
                                                                       "Parallel Aware": false,                                      
                                                                       "Relation Name": "movie_info_idx",                            
                                                                       "Alias": "mi_idx",                                           
                                                                       "Startup Cost": 0.00,                                         
                                                                       "Total Cost": 360.56,                                         
                                                                       "Plan Rows": 1380035,                                         
                                                                       "Plan Width": 14,                                             
                                                                       "Actual Startup Time": 0.010,                                 
                                                                       "Actual Total Time": 267.345,                                 
                                                                       "Actual Rows": 1380035,                                       
                                                                       "Actual Loops": 1,                                            
                                                                       "Shared Hit Blocks": 3,                                       
                                                                       "Shared Read Blocks": 8450,                                   
                                                                       "Shared Dirtied Blocks": 0,                                   
                                                                       "Shared Written Blocks": 0,                                   
                                                                       "Local Hit Blocks": 0,                                        
                                                                       "Local Read Blocks": 0,                                       
                                                                       "Local Dirtied Blocks": 0,                                    
                                                                       "Local Written Blocks": 0,                                    
                                                                       "Temp Read Blocks": 0,                                        
                                                                       "Temp Written Blocks": 0                                      
                                                                     },                                                              
                                                                     {                                                               
                                                                       "Node Type": "Hash",                                          
                                                                       "Parent Relationship": "Inner",                               
                                                                       "Parallel Aware": false,                                      
                                                                       "Startup Cost": 1111.21,                                      
                                                                       "Total Cost": 1111.21,                                        
                                                                       "Plan Rows": 25981,                                           
                                                                       "Plan Width": 23,                                             
                                                                       "Actual Startup Time": 967.644,                               
                                                                       "Actual Total Time": 967.644,                                 
                                                                       "Actual Rows": 56410,                                         
                                                                       "Actual Loops": 1,                                            
                                                                       "Hash Buckets": 65536,                                        
                                                                       "Original Hash Buckets": 32768,                               
                                                                       "Hash Batches": 1,                                            
                                                                       "Original Hash Batches": 1,                                   
                                                                       "Peak Memory Usage": 3739,                                    
                                                                       "Shared Hit Blocks": 2995,                                    
                                                                       "Shared Read Blocks": 18788,                                  
                                                                       "Shared Dirtied Blocks": 0,                                   
                                                                       "Shared Written Blocks": 0,                                   
                                                                       "Local Hit Blocks": 0,                                        
                                                                       "Local Read Blocks": 0,                                       
                                                                       "Local Dirtied Blocks": 0,                                    
                                                                       "Local Written Blocks": 0,                                    
                                                                       "Temp Read Blocks": 0,                                        
                                                                       "Temp Written Blocks": 0,                                     
                                                                       "Plans": [                                                    
                                                                         {                                                           
                                                                           "Node Type": "Hash Join",                                 
                                                                           "Parent Relationship": "Outer",                           
                                                                           "Parallel Aware": false,                                  
                                                                           "Join Type": "Inner",                                     
                                                                           "Startup Cost": 128.75,                                   
                                                                           "Total Cost": 1111.21,                                    
                                                                           "Plan Rows": 25981,                                       
                                                                           "Plan Width": 23,                                         
                                                                           "Actual Startup Time": 51.724,                            
                                                                           "Actual Total Time": 944.221,                             
                                                                           "Actual Rows": 56410,                                     
                                                                           "Actual Loops": 1,                                        
                                                                           "Inner Unique": true,                                     
                                                                           "Hash Cond": "(mc1.company_id = cn.id)",                 
                                                                           "Shared Hit Blocks": 2995,                                
                                                                           "Shared Read Blocks": 18788,                              
                                                                           "Shared Dirtied Blocks": 0,                               
                                                                           "Shared Written Blocks": 0,                               
                                                                           "Local Hit Blocks": 0,                                    
                                                                           "Local Read Blocks": 0,                                   
                                                                           "Local Dirtied Blocks": 0,                                
                                                                           "Local Written Blocks": 0,                                
                                                                           "Temp Read Blocks": 0,                                    
                                                                           "Temp Written Blocks": 0,                                 
                                                                           "Plans": [                                                
                                                                             {                                                       
                                                                               "Node Type": "Seq Scan",                              
                                                                               "Parent Relationship": "Outer",                       
                                                                               "Parallel Aware": false,                              
                                                                               "Relation Name": "movie_companies",                   
                                                                               "Alias": "mc1",                                       
                                                                               "Startup Cost": 0.00,                                 
                                                                               "Total Cost": 769.75,                                 
                                                                               "Plan Rows": 2609129,                                 
                                                                               "Plan Width": 8,                                      
                                                                               "Actual Startup Time": 0.010,                         
                                                                               "Actual Total Time": 428.979,                         
                                                                               "Actual Rows": 2609129,                               
                                                                               "Actual Loops": 1,                                    
                                                                               "Shared Hit Blocks": 1,                               
                                                                               "Shared Read Blocks": 18788,                          
                                                                               "Shared Dirtied Blocks": 0,                           
                                                                               "Shared Written Blocks": 0,                           
                                                                               "Local Hit Blocks": 0,                                
                                                                               "Local Read Blocks": 0,                               
                                                                               "Local Dirtied Blocks": 0,                            
                                                                               "Local Written Blocks": 0,                            
                                                                               "Temp Read Blocks": 0,                                
                                                                               "Temp Written Blocks": 0                              
                                                                             },                                                      
                                                                             {                                                       
                                                                               "Node Type": "Hash",                                  
                                                                               "Parent Relationship": "Inner",                       
                                                                               "Parallel Aware": false,                              
                                                                               "Startup Cost": 128.41,                               
                                                                               "Total Cost": 128.41,                                 
                                                                               "Plan Rows": 2340,                                    
                                                                               "Plan Width": 23,                                     
                                                                               "Actual Startup Time": 51.662,                        
                                                                               "Actual Total Time": 51.663,                          
                                                                               "Actual Rows": 2340,                                  
                                                                               "Actual Loops": 1,                                    
                                                                               "Hash Buckets": 4096,                                 
                                                                               "Original Hash Buckets": 4096,                        
                                                                               "Hash Batches": 1,                                    
                                                                               "Original Hash Batches": 1,                           
                                                                               "Peak Memory Usage": 160,                             
                                                                               "Shared Hit Blocks": 2994,                            
                                                                               "Shared Read Blocks": 0,                              
                                                                               "Shared Dirtied Blocks": 0,                           
                                                                               "Shared Written Blocks": 0,                           
                                                                               "Local Hit Blocks": 0,                                
                                                                               "Local Read Blocks": 0,                               
                                                                               "Local Dirtied Blocks": 0,                            
                                                                               "Local Written Blocks": 0,                            
                                                                               "Temp Read Blocks": 0,                                
                                                                               "Temp Written Blocks": 0,                             
                                                                               "Plans": [                                            
                                                                                 {                                                   
                                                                                   "Node Type": "Seq Scan",                          
                                                                                   "Parent Relationship": "Outer",                   
                                                                                   "Parallel Aware": false,                          
                                                                                   "Relation Name": "company_name",                  
                                                                                   "Alias": "cn",                                   
                                                                                   "Startup Cost": 0.00,                             
                                                                                   "Total Cost": 128.41,                             
                                                                                   "Plan Rows": 2340,                                
                                                                                   "Plan Width": 23,                                 
                                                                                   "Actual Startup Time": 0.044,                     
                                                                                   "Actual Total Time": 50.289,                      
                                                                                   "Actual Rows": 2340,                              
                                                                                   "Actual Loops": 1,                                
                                                                                   "Filter": "((country_code)::text = '[nl]'::text)",
                                                                                   "Rows Removed by Filter": 232657,                 
                                                                                   "Shared Hit Blocks": 2994,                        
                                                                                   "Shared Read Blocks": 0,                          
                                                                                   "Shared Dirtied Blocks": 0,                       
                                                                                   "Shared Written Blocks": 0,                       
                                                                                   "Local Hit Blocks": 0,                            
                                                                                   "Local Read Blocks": 0,                           
                                                                                   "Local Dirtied Blocks": 0,                        
                                                                                   "Local Written Blocks": 0,                        
                                                                                   "Temp Read Blocks": 0,                            
                                                                                   "Temp Written Blocks": 0                          
                                                                                 }                                                   
                                                                               ]                                                     
                                                                             }                                                       
                                                                           ]                                                         
                                                                         }                                                           
                                                                       ]                                                             
                                                                     }                                                               
                                                                   ]                                                                 
                                                                 },                                                                  
                                                                 {                                                                   
                                                                   "Node Type": "Hash",                                              
                                                                   "Parent Relationship": "Inner",                                   
                                                                   "Parallel Aware": false,                                          
                                                                   "Startup Cost": 0.05,                                             
                                                                   "Total Cost": 0.05,                                               
                                                                   "Plan Rows": 1,                                                   
                                                                   "Plan Width": 4,                                                  
                                                                   "Actual Startup Time": 0.072,                                     
                                                                   "Actual Total Time": 0.072,                                       
                                                                   "Actual Rows": 1,                                                 
                                                                   "Actual Loops": 1,                                                
                                                                   "Hash Buckets": 1024,                                             
                                                                   "Original Hash Buckets": 1024,                                    
                                                                   "Hash Batches": 1,                                                
                                                                   "Original Hash Batches": 1,                                       
                                                                   "Peak Memory Usage": 9,                                           
                                                                   "Shared Hit Blocks": 1,                                           
                                                                   "Shared Read Blocks": 0,                                          
                                                                   "Shared Dirtied Blocks": 0,                                       
                                                                   "Shared Written Blocks": 0,                                       
                                                                   "Local Hit Blocks": 0,                                            
                                                                   "Local Read Blocks": 0,                                           
                                                                   "Local Dirtied Blocks": 0,                                        
                                                                   "Local Written Blocks": 0,                                        
                                                                   "Temp Read Blocks": 0,                                            
                                                                   "Temp Written Blocks": 0,                                         
                                                                   "Plans": [                                                        
                                                                     {                                                               
                                                                       "Node Type": "Seq Scan",                                      
                                                                       "Parent Relationship": "Outer",                               
                                                                       "Parallel Aware": false,                                      
                                                                       "Relation Name": "info_type",                                 
                                                                       "Alias": "it",                                               
                                                                       "Startup Cost": 0.00,                                         
                                                                       "Total Cost": 0.05,                                           
                                                                       "Plan Rows": 1,                                               
                                                                       "Plan Width": 4,                                              
                                                                       "Actual Startup Time": 0.057,                                 
                                                                       "Actual Total Time": 0.063,                                   
                                                                       "Actual Rows": 1,                                             
                                                                       "Actual Loops": 1,                                            
                                                                       "Filter": "((info)::text = 'rating'::text)",                  
                                                                       "Rows Removed by Filter": 112,                                
                                                                       "Shared Hit Blocks": 1,                                       
                                                                       "Shared Read Blocks": 0,                                      
                                                                       "Shared Dirtied Blocks": 0,                                   
                                                                       "Shared Written Blocks": 0,                                   
                                                                       "Local Hit Blocks": 0,                                        
                                                                       "Local Read Blocks": 0,                                       
                                                                       "Local Dirtied Blocks": 0,                                    
                                                                       "Local Written Blocks": 0,                                    
                                                                       "Temp Read Blocks": 0,                                        
                                                                       "Temp Written Blocks": 0                                      
                                                                     }                                                               
                                                                   ]                                                                 
                                                                 }                                                                   
                                                               ]                                                                     
                                                             }                                                                       
                                                           ]                                                                         
                                                         }                                                                           
                                                       ]                                                                             
                                                     }                                                                               
                                                   ]                                                                                 
                                                 }                                                                                   
                                               ]                                                                                     
                                             },                                                                                      
                                             {                                                                                       
                                               "Node Type": "Hash",                                                                  
                                               "Parent Relationship": "Inner",                                                       
                                               "Parallel Aware": false,                                                              
                                               "Startup Cost": 0.03,                                                                 
                                               "Total Cost": 0.03,                                                                   
                                               "Plan Rows": 1,                                                                       
                                               "Plan Width": 4,                                                                      
                                               "Actual Startup Time": 20.388,                                                        
                                               "Actual Total Time": 20.388,                                                          
                                               "Actual Rows": 2,                                                                     
                                               "Actual Loops": 1,                                                                    
                                               "Hash Buckets": 1024,                                                                 
                                               "Original Hash Buckets": 1024,                                                        
                                               "Hash Batches": 1,                                                                    
                                               "Original Hash Batches": 1,                                                           
                                               "Peak Memory Usage": 9,                                                               
                                               "Shared Hit Blocks": 0,                                                               
                                               "Shared Read Blocks": 1,                                                              
                                               "Shared Dirtied Blocks": 0,                                                           
                                               "Shared Written Blocks": 0,                                                           
                                               "Local Hit Blocks": 0,                                                                
                                               "Local Read Blocks": 0,                                                               
                                               "Local Dirtied Blocks": 0,                                                            
                                               "Local Written Blocks": 0,                                                            
                                               "Temp Read Blocks": 0,                                                                
                                               "Temp Written Blocks": 0,                                                             
                                               "Plans": [                                                                            
                                                 {                                                                                   
                                                   "Node Type": "Seq Scan",                                                          
                                                   "Parent Relationship": "Outer",                                                   
                                                   "Parallel Aware": false,                                                          
                                                   "Relation Name": "link_type",                                                     
                                                   "Alias": "lt",                                                                    
                                                   "Startup Cost": 0.00,                                                             
                                                   "Total Cost": 0.03,                                                               
                                                   "Plan Rows": 1,                                                                   
                                                   "Plan Width": 4,                                                                  
                                                   "Actual Startup Time": 20.354,                                                    
                                                   "Actual Total Time": 20.370,                                                      
                                                   "Actual Rows": 2,                                                                 
                                                   "Actual Loops": 1,                                                                
                                                   "Filter": "((link)::text ~~ '%follow%'::text)",                                   
                                                   "Rows Removed by Filter": 16,                                                     
                                                   "Shared Hit Blocks": 0,                                                           
                                                   "Shared Read Blocks": 1,                                                          
                                                   "Shared Dirtied Blocks": 0,                                                       
                                                   "Shared Written Blocks": 0,                                                       
                                                   "Local Hit Blocks": 0,                                                            
                                                   "Local Read Blocks": 0,                                                           
                                                   "Local Dirtied Blocks": 0,                                                        
                                                   "Local Written Blocks": 0,                                                        
                                                   "Temp Read Blocks": 0,                                                            
                                                   "Temp Written Blocks": 0                                                          
                                                 }                                                                                   
                                               ]                                                                                     
                                             }                                                                                       
                                           ]                                                                                         
                                         }                                                                                           
                                       ]                                                                                             
                                     }                                                                                               
                                   ]                                                                                                 
                                 },                                                                                                  
                                 {                                                                                                   
                                   "Node Type": "Hash",                                                                              
                                   "Parent Relationship": "Inner",                                                                   
                                   "Parallel Aware": false,                                                                          
                                   "Startup Cost": 0.03,                                                                             
                                   "Total Cost": 0.03,                                                                               
                                   "Plan Rows": 1,                                                                                   
                                   "Plan Width": 4,                                                                                  
                                   "Actual Startup Time": 0.033,                                                                     
                                   "Actual Total Time": 0.033,                                                                       
                                   "Actual Rows": 1,                                                                                 
                                   "Actual Loops": 1,                                                                                
                                   "Hash Buckets": 1024,                                                                             
                                   "Original Hash Buckets": 1024,                                                                    
                                   "Hash Batches": 1,                                                                                
                                   "Original Hash Batches": 1,                                                                       
                                   "Peak Memory Usage": 9,                                                                           
                                   "Shared Hit Blocks": 1,                                                                           
                                   "Shared Read Blocks": 0,                                                                          
                                   "Shared Dirtied Blocks": 0,                                                                       
                                   "Shared Written Blocks": 0,                                                                       
                                   "Local Hit Blocks": 0,                                                                            
                                   "Local Read Blocks": 0,                                                                           
                                   "Local Dirtied Blocks": 0,                                                                        
                                   "Local Written Blocks": 0,                                                                        
                                   "Temp Read Blocks": 0,                                                                            
                                   "Temp Written Blocks": 0,                                                                         
                                   "Plans": [                                                                                        
                                     {                                                                                               
                                       "Node Type": "Seq Scan",                                                                      
                                       "Parent Relationship": "Outer",                                                               
                                       "Parallel Aware": false,                                                                      
                                       "Relation Name": "kind_type",                                                                 
                                       "Alias": "kt1",                                                                               
                                       "Startup Cost": 0.00,                                                                         
                                       "Total Cost": 0.03,                                                                           
                                       "Plan Rows": 1,                                                                               
                                       "Plan Width": 4,                                                                              
                                       "Actual Startup Time": 0.020,                                                                 
                                       "Actual Total Time": 0.024,                                                                   
                                       "Actual Rows": 1,                                                                             
                                       "Actual Loops": 1,                                                                            
                                       "Filter": "((kind)::text = 'tv series'::text)",                                               
                                       "Rows Removed by Filter": 6,                                                                  
                                       "Shared Hit Blocks": 1,                                                                       
                                       "Shared Read Blocks": 0,                                                                      
                                       "Shared Dirtied Blocks": 0,                                                                   
                                       "Shared Written Blocks": 0,                                                                   
                                       "Local Hit Blocks": 0,                                                                        
                                       "Local Read Blocks": 0,                                                                       
                                       "Local Dirtied Blocks": 0,                                                                    
                                       "Local Written Blocks": 0,                                                                    
                                       "Temp Read Blocks": 0,                                                                        
                                       "Temp Written Blocks": 0                                                                      
                                     }                                                                                               
                                   ]                                                                                                 
                                 }                                                                                                   
                               ]                                                                                                     
                             }                                                                                                       
                           ]                                                                                                         
                         }                                                                                                           
                       ]                                                                                                             
                     },                                                                                                              
                     {                                                                                                               
                       "Node Type": "Hash",                                                                                          
                       "Parent Relationship": "Inner",                                                                               
                       "Parallel Aware": false,                                                                                      
                       "Startup Cost": 110.16,                                                                                       
                       "Total Cost": 110.16,                                                                                         
                       "Plan Rows": 234997,                                                                                          
                       "Plan Width": 23,                                                                                             
                       "Actual Startup Time": 154.440,                                                                               
                       "Actual Total Time": 154.440,                                                                                 
                       "Actual Rows": 234997,                                                                                        
                       "Actual Loops": 1,                                                                                            
                       "Hash Buckets": 262144,                                                                                       
                       "Original Hash Buckets": 262144,                                                                              
                       "Hash Batches": 1,                                                                                            
                       "Original Hash Batches": 1,                                                                                   
                       "Peak Memory Usage": 15097,                                                                                   
                       "Shared Hit Blocks": 0,                                                                                       
                       "Shared Read Blocks": 2994,                                                                                   
                       "Shared Dirtied Blocks": 0,                                                                                   
                       "Shared Written Blocks": 0,                                                                                   
                       "Local Hit Blocks": 0,                                                                                        
                       "Local Read Blocks": 0,                                                                                       
                       "Local Dirtied Blocks": 0,                                                                                    
                       "Local Written Blocks": 0,                                                                                    
                       "Temp Read Blocks": 0,                                                                                        
                       "Temp Written Blocks": 0,                                                                                     
                       "Plans": [                                                                                                    
                         {                                                                                                           
                           "Node Type": "Seq Scan",                                                                                  
                           "Parent Relationship": "Outer",                                                                           
                           "Parallel Aware": false,                                                                                  
                           "Relation Name": "company_name",                                                                          
                           "Alias": "cn",                                                                                           
                           "Startup Cost": 0.00,                                                                                     
                           "Total Cost": 110.16,                                                                                     
                           "Plan Rows": 234997,                                                                                      
                           "Plan Width": 23,                                                                                         
                           "Actual Startup Time": 18.826,                                                                            
                           "Actual Total Time": 82.927,                                                                              
                           "Actual Rows": 234997,                                                                                    
                           "Actual Loops": 1,                                                                                        
                           "Shared Hit Blocks": 0,                                                                                   
                           "Shared Read Blocks": 2994,                                                                               
                           "Shared Dirtied Blocks": 0,                                                                               
                           "Shared Written Blocks": 0,                                                                               
                           "Local Hit Blocks": 0,                                                                                    
                           "Local Read Blocks": 0,                                                                                   
                           "Local Dirtied Blocks": 0,                                                                                
                           "Local Written Blocks": 0,                                                                                
                           "Temp Read Blocks": 0,                                                                                    
                           "Temp Written Blocks": 0                                                                                  
                         }                                                                                                           
                       ]                                                                                                             
                     }                                                                                                               
                   ]                                                                                                                 
                 },                                                                                                                  
                 {                                                                                                                   
                   "Node Type": "Hash",                                                                                              
                   "Parent Relationship": "Inner",                                                                                   
                   "Parallel Aware": false,                                                                                          
                   "Startup Cost": 0.03,                                                                                             
                   "Total Cost": 0.03,                                                                                               
                   "Plan Rows": 1,                                                                                                   
                   "Plan Width": 4,                                                                                                  
                   "Actual Startup Time": 6.634,                                                                                     
                   "Actual Total Time": 6.634,                                                                                       
                   "Actual Rows": 1,                                                                                                 
                   "Actual Loops": 1,                                                                                                
                   "Hash Buckets": 1024,                                                                                             
                   "Original Hash Buckets": 1024,                                                                                    
                   "Hash Batches": 1,                                                                                                
                   "Original Hash Batches": 1,                                                                                       
                   "Peak Memory Usage": 9,                                                                                           
                   "Shared Hit Blocks": 0,                                                                                           
                   "Shared Read Blocks": 1,                                                                                          
                   "Shared Dirtied Blocks": 0,                                                                                       
                   "Shared Written Blocks": 0,                                                                                       
                   "Local Hit Blocks": 0,                                                                                            
                   "Local Read Blocks": 0,                                                                                           
                   "Local Dirtied Blocks": 0,                                                                                        
                   "Local Written Blocks": 0,                                                                                        
                   "Temp Read Blocks": 0,                                                                                            
                   "Temp Written Blocks": 0,                                                                                         
                   "Plans": [                                                                                                        
                     {                                                                                                               
                       "Node Type": "Seq Scan",                                                                                      
                       "Parent Relationship": "Outer",                                                                               
                       "Parallel Aware": false,                                                                                      
                       "Relation Name": "kind_type",                                                                                 
                       "Alias": "kt2",                                                                                               
                       "Startup Cost": 0.00,                                                                                         
                       "Total Cost": 0.03,                                                                                           
                       "Plan Rows": 1,                                                                                               
                       "Plan Width": 4,                                                                                              
                       "Actual Startup Time": 6.618,                                                                                 
                       "Actual Total Time": 6.623,                                                                                   
                       "Actual Rows": 1,                                                                                             
                       "Actual Loops": 1,                                                                                            
                       "Filter": "((kind)::text = 'tv series'::text)",                                                               
                       "Rows Removed by Filter": 6,                                                                                  
                       "Shared Hit Blocks": 0,                                                                                       
                       "Shared Read Blocks": 1,                                                                                      
                       "Shared Dirtied Blocks": 0,                                                                                   
                       "Shared Written Blocks": 0,                                                                                   
                       "Local Hit Blocks": 0,                                                                                        
                       "Local Read Blocks": 0,                                                                                       
                       "Local Dirtied Blocks": 0,                                                                                    
                       "Local Written Blocks": 0,                                                                                    
                       "Temp Read Blocks": 0,                                                                                        
                       "Temp Written Blocks": 0                                                                                      
                     }                                                                                                               
                   ]                                                                                                                 
                 }                                                                                                                   
               ]                                                                                                                     
             },                                                                                                                      
             {                                                                                                                       
               "Node Type": "Hash",                                                                                                  
               "Parent Relationship": "Inner",                                                                                       
               "Parallel Aware": false,                                                                                              
               "Startup Cost": 0.05,                                                                                                 
               "Total Cost": 0.05,                                                                                                   
               "Plan Rows": 1,                                                                                                       
               "Plan Width": 4,                                                                                                      
               "Actual Startup Time": 18.088,                                                                                        
               "Actual Total Time": 18.088,                                                                                          
               "Actual Rows": 1,                                                                                                     
               "Actual Loops": 1,                                                                                                    
               "Hash Buckets": 1024,                                                                                                 
               "Original Hash Buckets": 1024,                                                                                        
               "Hash Batches": 1,                                                                                                    
               "Original Hash Batches": 1,                                                                                           
               "Peak Memory Usage": 9,                                                                                               
               "Shared Hit Blocks": 0,                                                                                               
               "Shared Read Blocks": 1,                                                                                              
               "Shared Dirtied Blocks": 0,                                                                                           
               "Shared Written Blocks": 0,                                                                                           
               "Local Hit Blocks": 0,                                                                                                
               "Local Read Blocks": 0,                                                                                               
               "Local Dirtied Blocks": 0,                                                                                            
               "Local Written Blocks": 0,                                                                                            
               "Temp Read Blocks": 0,                                                                                                
               "Temp Written Blocks": 0,                                                                                             
               "Plans": [                                                                                                            
                 {                                                                                                                   
                   "Node Type": "Seq Scan",                                                                                          
                   "Parent Relationship": "Outer",                                                                                   
                   "Parallel Aware": false,                                                                                          
                   "Relation Name": "info_type",                                                                                     
                   "Alias": "it",                                                                                                   
                   "Startup Cost": 0.00,                                                                                             
                   "Total Cost": 0.05,                                                                                               
                   "Plan Rows": 1,                                                                                                   
                   "Plan Width": 4,                                                                                                  
                   "Actual Startup Time": 18.060,                                                                                    
                   "Actual Total Time": 18.066,                                                                                      
                   "Actual Rows": 1,                                                                                                 
                   "Actual Loops": 1,                                                                                                
                   "Filter": "((info)::text = 'rating'::text)",                                                                      
                   "Rows Removed by Filter": 112,                                                                                    
                   "Shared Hit Blocks": 0,                                                                                           
                   "Shared Read Blocks": 1,                                                                                          
                   "Shared Dirtied Blocks": 0,                                                                                       
                   "Shared Written Blocks": 0,                                                                                       
                   "Local Hit Blocks": 0,                                                                                            
                   "Local Read Blocks": 0,                                                                                           
                   "Local Dirtied Blocks": 0,                                                                                        
                   "Local Written Blocks": 0,                                                                                        
                   "Temp Read Blocks": 0,                                                                                            
                   "Temp Written Blocks": 0                                                                                          
                 }                                                                                                                   
               ]                                                                                                                     
             }                                                                                                                       
           ]                                                                                                                         
         }                                                                                                                           
       ]                                                                                                                             
     },                                                                                                                              
     "Planning Time": 5836.922,                                                                                                      
     "Triggers": [                                                                                                                   
     ],                                                                                                                              
     "Execution Time": 4970.320                                                                                                      
   }                                                                                                                                 
 ]
