 [                                                                                                                                   
   {                                                                                                                                 
     "Plan": {                                                                                                                       
       "Node Type": "Aggregate",                                                                                                     
       "Strategy": "Plain",                                                                                                          
       "Partial Mode": "Simple",                                                                                                     
       "Parallel Aware": false,                                                                                                      
       "Startup Cost": 6939.62,                                                                                                      
       "Total Cost": 6939.62,                                                                                                        
       "Plan Rows": 1,                                                                                                               
       "Plan Width": 192,                                                                                                            
       "Actual Startup Time": 5934.211,                                                                                              
       "Actual Total Time": 5934.211,                                                                                                
       "Actual Rows": 1,                                                                                                             
       "Actual Loops": 1,                                                                                                            
       "Shared Hit Blocks": 66239,                                                                                                   
       "Shared Read Blocks": 66400,                                                                                                  
       "Shared Dirtied Blocks": 0,                                                                                                   
       "Shared Written Blocks": 0,                                                                                                   
       "Local Hit Blocks": 0,                                                                                                        
       "Local Read Blocks": 0,                                                                                                       
       "Local Dirtied Blocks": 0,                                                                                                    
       "Local Written Blocks": 0,                                                                                                    
       "Temp Read Blocks": 0,                                                                                                        
       "Temp Written Blocks": 0,                                                                                                     
       "Plans": [                                                                                                                    
         {                                                                                                                           
           "Node Type": "Hash Join",                                                                                                 
           "Parent Relationship": "Outer",                                                                                           
           "Parallel Aware": false,                                                                                                  
           "Join Type": "Inner",                                                                                                     
           "Startup Cost": 5866.00,                                                                                                  
           "Total Cost": 6939.62,                                                                                                    
           "Plan Rows": 1,                                                                                                           
           "Plan Width": 84,                                                                                                         
           "Actual Startup Time": 5448.150,                                                                                          
           "Actual Total Time": 5934.111,                                                                                            
           "Actual Rows": 114,                                                                                                       
           "Actual Loops": 1,                                                                                                        
           "Inner Unique": true,                                                                                                     
           "Hash Cond": "(mc1.company_id = cn.id)",                                                                                 
           "Shared Hit Blocks": 66239,                                                                                               
           "Shared Read Blocks": 66400,                                                                                              
           "Shared Dirtied Blocks": 0,                                                                                               
           "Shared Written Blocks": 0,                                                                                               
           "Local Hit Blocks": 0,                                                                                                    
           "Local Read Blocks": 0,                                                                                                   
           "Local Dirtied Blocks": 0,                                                                                                
           "Local Written Blocks": 0,                                                                                                
           "Temp Read Blocks": 0,                                                                                                    
           "Temp Written Blocks": 0,                                                                                                 
           "Plans": [                                                                                                                
             {                                                                                                                       
               "Node Type": "Hash Join",                                                                                             
               "Parent Relationship": "Outer",                                                                                       
               "Parallel Aware": false,                                                                                              
               "Join Type": "Inner",                                                                                                 
               "Startup Cost": 5719.07,                                                                                              
               "Total Cost": 6792.68,                                                                                                
               "Plan Rows": 1,                                                                                                       
               "Plan Width": 69,                                                                                                     
               "Actual Startup Time": 5261.138,                                                                                      
               "Actual Total Time": 5747.052,                                                                                        
               "Actual Rows": 131,                                                                                                   
               "Actual Loops": 1,                                                                                                    
               "Inner Unique": false,                                                                                                
               "Hash Cond": "(mc1.movie_id = t1.id)",                                                                                
               "Shared Hit Blocks": 66236,                                                                                           
               "Shared Read Blocks": 63406,                                                                                          
               "Shared Dirtied Blocks": 0,                                                                                           
               "Shared Written Blocks": 0,                                                                                           
               "Local Hit Blocks": 0,                                                                                                
               "Local Read Blocks": 0,                                                                                               
               "Local Dirtied Blocks": 0,                                                                                            
               "Local Written Blocks": 0,                                                                                            
               "Temp Read Blocks": 0,                                                                                                
               "Temp Written Blocks": 0,                                                                                             
               "Plans": [                                                                                                            
                 {                                                                                                                   
                   "Node Type": "Seq Scan",                                                                                          
                   "Parent Relationship": "Outer",                                                                                   
                   "Parallel Aware": false,                                                                                          
                   "Relation Name": "movie_companies",                                                                               
                   "Alias": "mc1",                                                                                                   
                   "Startup Cost": 0.00,                                                                                             
                   "Total Cost": 769.75,                                                                                             
                   "Plan Rows": 2609129,                                                                                             
                   "Plan Width": 8,                                                                                                  
                   "Actual Startup Time": 2.987,                                                                                     
                   "Actual Total Time": 178.026,                                                                                     
                   "Actual Rows": 2609129,                                                                                           
                   "Actual Loops": 1,                                                                                                
                   "Shared Hit Blocks": 18788,                                                                                       
                   "Shared Read Blocks": 1,                                                                                          
                   "Shared Dirtied Blocks": 0,                                                                                       
                   "Shared Written Blocks": 0,                                                                                       
                   "Local Hit Blocks": 0,                                                                                            
                   "Local Read Blocks": 0,                                                                                           
                   "Local Dirtied Blocks": 0,                                                                                        
                   "Local Written Blocks": 0,                                                                                        
                   "Temp Read Blocks": 0,                                                                                            
                   "Temp Written Blocks": 0                                                                                          
                 },                                                                                                                  
                 {                                                                                                                   
                   "Node Type": "Hash",                                                                                              
                   "Parent Relationship": "Inner",                                                                                   
                   "Parallel Aware": false,                                                                                          
                   "Startup Cost": 5719.07,                                                                                          
                   "Total Cost": 5719.07,                                                                                            
                   "Plan Rows": 1,                                                                                                   
                   "Plan Width": 77,                                                                                                 
                   "Actual Startup Time": 5256.657,                                                                                  
                   "Actual Total Time": 5256.657,                                                                                    
                   "Actual Rows": 44,                                                                                                
                   "Actual Loops": 1,                                                                                                
                   "Hash Buckets": 1024,                                                                                             
                   "Original Hash Buckets": 1024,                                                                                    
                   "Hash Batches": 1,                                                                                                
                   "Original Hash Batches": 1,                                                                                       
                   "Peak Memory Usage": 14,                                                                                          
                   "Shared Hit Blocks": 47448,                                                                                       
                   "Shared Read Blocks": 63405,                                                                                      
                   "Shared Dirtied Blocks": 0,                                                                                       
                   "Shared Written Blocks": 0,                                                                                       
                   "Local Hit Blocks": 0,                                                                                            
                   "Local Read Blocks": 0,                                                                                           
                   "Local Dirtied Blocks": 0,                                                                                        
                   "Local Written Blocks": 0,                                                                                        
                   "Temp Read Blocks": 0,                                                                                            
                   "Temp Written Blocks": 0,                                                                                         
                   "Plans": [                                                                                                        
                     {                                                                                                               
                       "Node Type": "Hash Join",                                                                                     
                       "Parent Relationship": "Outer",                                                                               
                       "Parallel Aware": false,                                                                                      
                       "Join Type": "Inner",                                                                                         
                       "Startup Cost": 4645.46,                                                                                      
                       "Total Cost": 5719.07,                                                                                        
                       "Plan Rows": 1,                                                                                               
                       "Plan Width": 77,                                                                                             
                       "Actual Startup Time": 4348.455,                                                                              
                       "Actual Total Time": 5256.590,                                                                                
                       "Actual Rows": 44,                                                                                            
                       "Actual Loops": 1,                                                                                            
                       "Inner Unique": true,                                                                                         
                       "Hash Cond": "(t1.kind_id = kt1.id)",                                                                         
                       "Shared Hit Blocks": 47448,                                                                                   
                       "Shared Read Blocks": 63405,                                                                                  
                       "Shared Dirtied Blocks": 0,                                                                                   
                       "Shared Written Blocks": 0,                                                                                   
                       "Local Hit Blocks": 0,                                                                                        
                       "Local Read Blocks": 0,                                                                                       
                       "Local Dirtied Blocks": 0,                                                                                    
                       "Local Written Blocks": 0,                                                                                    
                       "Temp Read Blocks": 0,                                                                                        
                       "Temp Written Blocks": 0,                                                                                     
                       "Plans": [                                                                                                    
                         {                                                                                                           
                           "Node Type": "Hash Join",                                                                                 
                           "Parent Relationship": "Outer",                                                                           
                           "Parallel Aware": false,                                                                                  
                           "Join Type": "Inner",                                                                                     
                           "Startup Cost": 4645.42,                                                                                  
                           "Total Cost": 5719.04,                                                                                    
                           "Plan Rows": 1,                                                                                           
                           "Plan Width": 81,                                                                                         
                           "Actual Startup Time": 4323.640,                                                                          
                           "Actual Total Time": 5231.735,                                                                            
                           "Actual Rows": 44,                                                                                        
                           "Actual Loops": 1,                                                                                        
                           "Inner Unique": true,                                                                                     
                           "Hash Cond": "(mi_idx.info_type_id = it.id)",                                                           
                           "Shared Hit Blocks": 47448,                                                                               
                           "Shared Read Blocks": 63404,                                                                              
                           "Shared Dirtied Blocks": 0,                                                                               
                           "Shared Written Blocks": 0,                                                                               
                           "Local Hit Blocks": 0,                                                                                    
                           "Local Read Blocks": 0,                                                                                   
                           "Local Dirtied Blocks": 0,                                                                                
                           "Local Written Blocks": 0,                                                                                
                           "Temp Read Blocks": 0,                                                                                    
                           "Temp Written Blocks": 0,                                                                                 
                           "Plans": [                                                                                                
                             {                                                                                                       
                               "Node Type": "Hash Join",                                                                             
                               "Parent Relationship": "Outer",                                                                       
                               "Parallel Aware": false,                                                                              
                               "Join Type": "Inner",                                                                                 
                               "Startup Cost": 4645.37,                                                                              
                               "Total Cost": 5718.99,                                                                                
                               "Plan Rows": 1,                                                                                       
                               "Plan Width": 85,                                                                                     
                               "Actual Startup Time": 4315.310,                                                                      
                               "Actual Total Time": 5229.417,                                                                        
                               "Actual Rows": 4314,                                                                                  
                               "Actual Loops": 1,                                                                                    
                               "Inner Unique": true,                                                                                 
                               "Hash Cond": "(mc2.company_id = cn.id)",                                                             
                               "Shared Hit Blocks": 47448,                                                                           
                               "Shared Read Blocks": 63403,                                                                          
                               "Shared Dirtied Blocks": 0,                                                                           
                               "Shared Written Blocks": 0,                                                                           
                               "Local Hit Blocks": 0,                                                                                
                               "Local Read Blocks": 0,                                                                               
                               "Local Dirtied Blocks": 0,                                                                            
                               "Local Written Blocks": 0,                                                                            
                               "Temp Read Blocks": 0,                                                                                
                               "Temp Written Blocks": 0,                                                                             
                               "Plans": [                                                                                            
                                 {                                                                                                   
                                   "Node Type": "Hash Join",                                                                         
                                   "Parent Relationship": "Outer",                                                                   
                                   "Parallel Aware": false,                                                                          
                                   "Join Type": "Inner",                                                                             
                                   "Startup Cost": 4500.72,                                                                          
                                   "Total Cost": 5574.33,                                                                            
                                   "Plan Rows": 1,                                                                                   
                                   "Plan Width": 70,                                                                                 
                                   "Actual Startup Time": 4218.055,                                                                  
                                   "Actual Total Time": 5129.991,                                                                    
                                   "Actual Rows": 4314,                                                                              
                                   "Actual Loops": 1,                                                                                
                                   "Inner Unique": false,                                                                            
                                   "Hash Cond": "(mc2.movie_id = t2.id)",                                                            
                                   "Shared Hit Blocks": 44454,                                                                       
                                   "Shared Read Blocks": 63403,                                                                      
                                   "Shared Dirtied Blocks": 0,                                                                       
                                   "Shared Written Blocks": 0,                                                                       
                                   "Local Hit Blocks": 0,                                                                            
                                   "Local Read Blocks": 0,                                                                           
                                   "Local Dirtied Blocks": 0,                                                                        
                                   "Local Written Blocks": 0,                                                                        
                                   "Temp Read Blocks": 0,                                                                            
                                   "Temp Written Blocks": 0,                                                                         
                                   "Plans": [                                                                                        
                                     {                                                                                               
                                       "Node Type": "Seq Scan",                                                                      
                                       "Parent Relationship": "Outer",                                                               
                                       "Parallel Aware": false,                                                                      
                                       "Relation Name": "movie_companies",                                                           
                                       "Alias": "mc2",                                                                               
                                       "Startup Cost": 0.00,                                                                         
                                       "Total Cost": 769.75,                                                                         
                                       "Plan Rows": 2609129,                                                                         
                                       "Plan Width": 8,                                                                              
                                       "Actual Startup Time": 0.005,                                                                 
                                       "Actual Total Time": 562.344,                                                                 
                                       "Actual Rows": 2609129,                                                                       
                                       "Actual Loops": 1,                                                                            
                                       "Shared Hit Blocks": 1,                                                                       
                                       "Shared Read Blocks": 18788,                                                                  
                                       "Shared Dirtied Blocks": 0,                                                                   
                                       "Shared Written Blocks": 0,                                                                   
                                       "Local Hit Blocks": 0,                                                                        
                                       "Local Read Blocks": 0,                                                                       
                                       "Local Dirtied Blocks": 0,                                                                    
                                       "Local Written Blocks": 0,                                                                    
                                       "Temp Read Blocks": 0,                                                                        
                                       "Temp Written Blocks": 0                                                                      
                                     },                                                                                              
                                     {                                                                                               
                                       "Node Type": "Hash",                                                                          
                                       "Parent Relationship": "Inner",                                                               
                                       "Parallel Aware": false,                                                                      
                                       "Startup Cost": 4500.72,                                                                      
                                       "Total Cost": 4500.72,                                                                        
                                       "Plan Rows": 1,                                                                               
                                       "Plan Width": 78,                                                                             
                                       "Actual Startup Time": 4160.755,                                                              
                                       "Actual Total Time": 4160.755,                                                                
                                       "Actual Rows": 1064,                                                                          
                                       "Actual Loops": 1,                                                                            
                                       "Hash Buckets": 2048,                                                                         
                                       "Original Hash Buckets": 1024,                                                                
                                       "Hash Batches": 1,                                                                            
                                       "Original Hash Batches": 1,                                                                   
                                       "Peak Memory Usage": 141,                                                                     
                                       "Shared Hit Blocks": 44453,                                                                   
                                       "Shared Read Blocks": 44615,                                                                  
                                       "Shared Dirtied Blocks": 0,                                                                   
                                       "Shared Written Blocks": 0,                                                                   
                                       "Local Hit Blocks": 0,                                                                        
                                       "Local Read Blocks": 0,                                                                       
                                       "Local Dirtied Blocks": 0,                                                                    
                                       "Local Written Blocks": 0,                                                                    
                                       "Temp Read Blocks": 0,                                                                        
                                       "Temp Written Blocks": 0,                                                                     
                                       "Plans": [                                                                                    
                                         {                                                                                           
                                           "Node Type": "Hash Join",                                                                 
                                           "Parent Relationship": "Outer",                                                           
                                           "Parallel Aware": false,                                                                  
                                           "Join Type": "Inner",                                                                     
                                           "Startup Cost": 3937.62,                                                                  
                                           "Total Cost": 4500.72,                                                                    
                                           "Plan Rows": 1,                                                                           
                                           "Plan Width": 78,                                                                         
                                           "Actual Startup Time": 3608.011,                                                          
                                           "Actual Total Time": 4160.221,                                                            
                                           "Actual Rows": 1064,                                                                      
                                           "Actual Loops": 1,                                                                        
                                           "Inner Unique": true,                                                                     
                                           "Hash Cond": "(ml.link_type_id = lt.id)",                                                 
                                           "Shared Hit Blocks": 44453,                                                               
                                           "Shared Read Blocks": 44615,                                                              
                                           "Shared Dirtied Blocks": 0,                                                               
                                           "Shared Written Blocks": 0,                                                               
                                           "Local Hit Blocks": 0,                                                                    
                                           "Local Read Blocks": 0,                                                                   
                                           "Local Dirtied Blocks": 0,                                                                
                                           "Local Written Blocks": 0,                                                                
                                           "Temp Read Blocks": 0,                                                                    
                                           "Temp Written Blocks": 0,                                                                 
                                           "Plans": [                                                                                
                                             {                                                                                       
                                               "Node Type": "Hash Join",                                                             
                                               "Parent Relationship": "Outer",                                                       
                                               "Parallel Aware": false,                                                              
                                               "Join Type": "Inner",                                                                 
                                               "Startup Cost": 3937.59,                                                              
                                               "Total Cost": 4500.68,                                                                
                                               "Plan Rows": 5,                                                                       
                                               "Plan Width": 82,                                                                     
                                               "Actual Startup Time": 3599.363,                                                      
                                               "Actual Total Time": 4150.722,                                                        
                                               "Actual Rows": 6197,                                                                  
                                               "Actual Loops": 1,                                                                    
                                               "Inner Unique": false,                                                                
                                               "Hash Cond": "(t2.id = ml.linked_movie_id)",                                          
                                               "Shared Hit Blocks": 44453,                                                           
                                               "Shared Read Blocks": 44614,                                                          
                                               "Shared Dirtied Blocks": 0,                                                           
                                               "Shared Written Blocks": 0,                                                           
                                               "Local Hit Blocks": 0,                                                                
                                               "Local Read Blocks": 0,                                                               
                                               "Local Dirtied Blocks": 0,                                                            
                                               "Local Written Blocks": 0,                                                            
                                               "Temp Read Blocks": 0,                                                                
                                               "Temp Written Blocks": 0,                                                             
                                               "Plans": [                                                                            
                                                 {                                                                                   
                                                   "Node Type": "Hash Join",                                                         
                                                   "Parent Relationship": "Outer",                                                   
                                                   "Parallel Aware": false,                                                          
                                                   "Join Type": "Inner",                                                             
                                                   "Startup Cost": 1849.65,                                                          
                                                   "Total Cost": 2403.05,                                                            
                                                   "Plan Rows": 83264,                                                               
                                                   "Plan Width": 35,                                                                 
                                                   "Actual Startup Time": 1753.736,                                                  
                                                   "Actual Total Time": 2287.632,                                                    
                                                   "Actual Rows": 117893,                                                            
                                                   "Actual Loops": 1,                                                                
                                                   "Inner Unique": true,                                                             
                                                   "Hash Cond": "(t2.kind_id = kt2.id)",                                             
                                                   "Shared Hit Blocks": 8453,                                                        
                                                   "Shared Read Blocks": 35999,                                                      
                                                   "Shared Dirtied Blocks": 0,                                                       
                                                   "Shared Written Blocks": 0,                                                       
                                                   "Local Hit Blocks": 0,                                                            
                                                   "Local Read Blocks": 0,                                                           
                                                   "Local Dirtied Blocks": 0,                                                        
                                                   "Local Written Blocks": 0,                                                        
                                                   "Temp Read Blocks": 0,                                                            
                                                   "Temp Written Blocks": 0,                                                         
                                                   "Plans": [                                                                        
                                                     {                                                                               
                                                       "Node Type": "Hash Join",                                                     
                                                       "Parent Relationship": "Outer",                                               
                                                       "Parallel Aware": false,                                                      
                                                       "Join Type": "Inner",                                                         
                                                       "Startup Cost": 1849.62,                                                      
                                                       "Total Cost": 2374.93,                                                        
                                                       "Plan Rows": 291424,                                                          
                                                       "Plan Width": 39,                                                             
                                                       "Actual Startup Time": 1753.670,                                              
                                                       "Actual Total Time": 2240.469,                                                
                                                       "Actual Rows": 292942,                                                        
                                                       "Actual Loops": 1,                                                            
                                                       "Inner Unique": true,                                                         
                                                       "Hash Cond": "(mi_idx.movie_id = t2.id)",                                    
                                                       "Shared Hit Blocks": 8452,                                                    
                                                       "Shared Read Blocks": 35999,                                                  
                                                       "Shared Dirtied Blocks": 0,                                                   
                                                       "Shared Written Blocks": 0,                                                   
                                                       "Local Hit Blocks": 0,                                                        
                                                       "Local Read Blocks": 0,                                                       
                                                       "Local Dirtied Blocks": 0,                                                    
                                                       "Local Written Blocks": 0,                                                    
                                                       "Temp Read Blocks": 0,                                                        
                                                       "Temp Written Blocks": 0,                                                     
                                                       "Plans": [                                                                    
                                                         {                                                                           
                                                           "Node Type": "Seq Scan",                                                  
                                                           "Parent Relationship": "Outer",                                           
                                                           "Parallel Aware": false,                                                  
                                                           "Relation Name": "movie_info_idx",                                        
                                                           "Alias": "mi_idx",                                                       
                                                           "Startup Cost": 0.00,                                                     
                                                           "Total Cost": 467.71,                                                     
                                                           "Plan Rows": 706570,                                                      
                                                           "Plan Width": 14,                                                         
                                                           "Actual Startup Time": 11.499,                                            
                                                           "Actual Total Time": 275.799,                                             
                                                           "Actual Rows": 706560,                                                    
                                                           "Actual Loops": 1,                                                        
                                                           "Filter": "(info < '3.5'::text)",                                         
                                                           "Rows Removed by Filter": 673475,                                         
                                                           "Shared Hit Blocks": 8452,                                                
                                                           "Shared Read Blocks": 1,                                                  
                                                           "Shared Dirtied Blocks": 0,                                               
                                                           "Shared Written Blocks": 0,                                               
                                                           "Local Hit Blocks": 0,                                                    
                                                           "Local Read Blocks": 0,                                                   
                                                           "Local Dirtied Blocks": 0,                                                
                                                           "Local Written Blocks": 0,                                                
                                                           "Temp Read Blocks": 0,                                                    
                                                           "Temp Written Blocks": 0                                                  
                                                         },                                                                          
                                                         {                                                                           
                                                           "Node Type": "Hash",                                                      
                                                           "Parent Relationship": "Inner",                                           
                                                           "Parallel Aware": false,                                                  
                                                           "Startup Cost": 1696.56,                                                  
                                                           "Total Cost": 1696.56,                                                    
                                                           "Plan Rows": 1042800,                                                     
                                                           "Plan Width": 25,                                                         
                                                           "Actual Startup Time": 1734.277,                                          
                                                           "Actual Total Time": 1734.278,                                            
                                                           "Actual Rows": 1042800,                                                   
                                                           "Actual Loops": 1,                                                        
                                                           "Hash Buckets": 1048576,                                                  
                                                           "Original Hash Buckets": 1048576,                                         
                                                           "Hash Batches": 1,                                                        
                                                           "Original Hash Batches": 1,                                               
                                                           "Peak Memory Usage": 67925,                                               
                                                           "Shared Hit Blocks": 0,                                                   
                                                           "Shared Read Blocks": 35998,                                              
                                                           "Shared Dirtied Blocks": 0,                                               
                                                           "Shared Written Blocks": 0,                                               
                                                           "Local Hit Blocks": 0,                                                    
                                                           "Local Read Blocks": 0,                                                   
                                                           "Local Dirtied Blocks": 0,                                                
                                                           "Local Written Blocks": 0,                                                
                                                           "Temp Read Blocks": 0,                                                    
                                                           "Temp Written Blocks": 0,                                                 
                                                           "Plans": [                                                                
                                                             {                                                                       
                                                               "Node Type": "Seq Scan",                                              
                                                               "Parent Relationship": "Outer",                                       
                                                               "Parallel Aware": false,                                              
                                                               "Relation Name": "title",                                             
                                                               "Alias": "t2",                                                        
                                                               "Startup Cost": 0.00,                                                 
                                                               "Total Cost": 1696.56,                                                
                                                               "Plan Rows": 1042800,                                                 
                                                               "Plan Width": 25,                                                     
                                                               "Actual Startup Time": 26.744,                                        
                                                               "Actual Total Time": 1270.215,                                        
                                                               "Actual Rows": 1042800,                                               
                                                               "Actual Loops": 1,                                                    
                                                               "Filter": "((production_year >= 2000) AND (production_year <= 2010))",
                                                               "Rows Removed by Filter": 1485512,                                    
                                                               "Shared Hit Blocks": 0,                                               
                                                               "Shared Read Blocks": 35998,                                          
                                                               "Shared Dirtied Blocks": 0,                                           
                                                               "Shared Written Blocks": 0,                                           
                                                               "Local Hit Blocks": 0,                                                
                                                               "Local Read Blocks": 0,                                               
                                                               "Local Dirtied Blocks": 0,                                            
                                                               "Local Written Blocks": 0,                                            
                                                               "Temp Read Blocks": 0,                                                
                                                               "Temp Written Blocks": 0                                              
                                                             }                                                                       
                                                           ]                                                                         
                                                         }                                                                           
                                                       ]                                                                             
                                                     },                                                                              
                                                     {                                                                               
                                                       "Node Type": "Hash",                                                          
                                                       "Parent Relationship": "Inner",                                               
                                                       "Parallel Aware": false,                                                      
                                                       "Startup Cost": 0.03,                                                         
                                                       "Total Cost": 0.03,                                                           
                                                       "Plan Rows": 2,                                                               
                                                       "Plan Width": 4,                                                              
                                                       "Actual Startup Time": 0.031,                                                 
                                                       "Actual Total Time": 0.031,                                                   
                                                       "Actual Rows": 2,                                                             
                                                       "Actual Loops": 1,                                                            
                                                       "Hash Buckets": 1024,                                                         
                                                       "Original Hash Buckets": 1024,                                                
                                                       "Hash Batches": 1,                                                            
                                                       "Original Hash Batches": 1,                                                   
                                                       "Peak Memory Usage": 9,                                                       
                                                       "Shared Hit Blocks": 1,                                                       
                                                       "Shared Read Blocks": 0,                                                      
                                                       "Shared Dirtied Blocks": 0,                                                   
                                                       "Shared Written Blocks": 0,                                                   
                                                       "Local Hit Blocks": 0,                                                        
                                                       "Local Read Blocks": 0,                                                       
                                                       "Local Dirtied Blocks": 0,                                                    
                                                       "Local Written Blocks": 0,                                                    
                                                       "Temp Read Blocks": 0,                                                        
                                                       "Temp Written Blocks": 0,                                                     
                                                       "Plans": [                                                                    
                                                         {                                                                           
                                                           "Node Type": "Seq Scan",                                                  
                                                           "Parent Relationship": "Outer",                                           
                                                           "Parallel Aware": false,                                                  
                                                           "Relation Name": "kind_type",                                             
                                                           "Alias": "kt2",                                                           
                                                           "Startup Cost": 0.00,                                                     
                                                           "Total Cost": 0.03,                                                       
                                                           "Plan Rows": 2,                                                           
                                                           "Plan Width": 4,                                                          
                                                           "Actual Startup Time": 0.013,                                             
                                                           "Actual Total Time": 0.018,                                               
                                                           "Actual Rows": 2,                                                         
                                                           "Actual Loops": 1,                                                        
                                                           "Filter": "((kind)::text = ANY ('{\"tv series\",episode}'::text[]))",     
                                                           "Rows Removed by Filter": 5,                                              
                                                           "Shared Hit Blocks": 1,                                                   
                                                           "Shared Read Blocks": 0,                                                  
                                                           "Shared Dirtied Blocks": 0,                                               
                                                           "Shared Written Blocks": 0,                                               
                                                           "Local Hit Blocks": 0,                                                    
                                                           "Local Read Blocks": 0,                                                   
                                                           "Local Dirtied Blocks": 0,                                                
                                                           "Local Written Blocks": 0,                                                
                                                           "Temp Read Blocks": 0,                                                    
                                                           "Temp Written Blocks": 0                                                  
                                                         }                                                                           
                                                       ]                                                                             
                                                     }                                                                               
                                                   ]                                                                                 
                                                 },                                                                                  
                                                 {                                                                                   
                                                   "Node Type": "Hash",                                                              
                                                   "Parent Relationship": "Inner",                                                   
                                                   "Parallel Aware": false,                                                          
                                                   "Startup Cost": 2087.91,                                                          
                                                   "Total Cost": 2087.91,                                                            
                                                   "Plan Rows": 145,                                                                 
                                                   "Plan Width": 47,                                                                 
                                                   "Actual Startup Time": 1845.212,                                                  
                                                   "Actual Total Time": 1845.212,                                                    
                                                   "Actual Rows": 20890,                                                             
                                                   "Actual Loops": 1,                                                                
                                                   "Hash Buckets": 32768,                                                            
                                                   "Original Hash Buckets": 1024,                                                    
                                                   "Hash Batches": 1,                                                                
                                                   "Original Hash Batches": 1,                                                       
                                                   "Peak Memory Usage": 1927,                                                        
                                                   "Shared Hit Blocks": 36000,                                                       
                                                   "Shared Read Blocks": 8615,                                                       
                                                   "Shared Dirtied Blocks": 0,                                                       
                                                   "Shared Written Blocks": 0,                                                       
                                                   "Local Hit Blocks": 0,                                                            
                                                   "Local Read Blocks": 0,                                                           
                                                   "Local Dirtied Blocks": 0,                                                        
                                                   "Local Written Blocks": 0,                                                        
                                                   "Temp Read Blocks": 0,                                                            
                                                   "Temp Written Blocks": 0,                                                         
                                                   "Plans": [                                                                        
                                                     {                                                                               
                                                       "Node Type": "Hash Join",                                                     
                                                       "Parent Relationship": "Outer",                                               
                                                       "Parallel Aware": false,                                                      
                                                       "Join Type": "Inner",                                                         
                                                       "Startup Cost": 2077.22,                                                      
                                                       "Total Cost": 2087.91,                                                        
                                                       "Plan Rows": 145,                                                             
                                                       "Plan Width": 47,                                                             
                                                       "Actual Startup Time": 1783.904,                                              
                                                       "Actual Total Time": 1831.148,                                                
                                                       "Actual Rows": 20890,                                                         
                                                       "Actual Loops": 1,                                                            
                                                       "Inner Unique": false,                                                        
                                                       "Hash Cond": "(ml.movie_id = t1.id)",                                         
                                                       "Shared Hit Blocks": 36000,                                                   
                                                       "Shared Read Blocks": 8615,                                                   
                                                       "Shared Dirtied Blocks": 0,                                                   
                                                       "Shared Written Blocks": 0,                                                   
                                                       "Local Hit Blocks": 0,                                                        
                                                       "Local Read Blocks": 0,                                                       
                                                       "Local Dirtied Blocks": 0,                                                    
                                                       "Local Written Blocks": 0,                                                    
                                                       "Temp Read Blocks": 0,                                                        
                                                       "Temp Written Blocks": 0,                                                     
                                                       "Plans": [                                                                    
                                                         {                                                                           
                                                           "Node Type": "Seq Scan",                                                  
                                                           "Parent Relationship": "Outer",                                           
                                                           "Parallel Aware": false,                                                  
                                                           "Relation Name": "movie_link",                                            
                                                           "Alias": "ml",                                                            
                                                           "Startup Cost": 0.00,                                                     
                                                           "Total Cost": 7.19,                                                       
                                                           "Plan Rows": 29997,                                                       
                                                           "Plan Width": 12,                                                         
                                                           "Actual Startup Time": 21.571,                                            
                                                           "Actual Total Time": 48.379,                                              
                                                           "Actual Rows": 29997,                                                     
                                                           "Actual Loops": 1,                                                        
                                                           "Shared Hit Blocks": 0,                                                   
                                                           "Shared Read Blocks": 163,                                                
                                                           "Shared Dirtied Blocks": 0,                                               
                                                           "Shared Written Blocks": 0,                                               
                                                           "Local Hit Blocks": 0,                                                    
                                                           "Local Read Blocks": 0,                                                   
                                                           "Local Dirtied Blocks": 0,                                                
                                                           "Local Written Blocks": 0,                                                
                                                           "Temp Read Blocks": 0,                                                    
                                                           "Temp Written Blocks": 0                                                  
                                                         },                                                                          
                                                         {                                                                           
                                                           "Node Type": "Hash",                                                      
                                                           "Parent Relationship": "Inner",                                           
                                                           "Parallel Aware": false,                                                  
                                                           "Startup Cost": 2075.43,                                                  
                                                           "Total Cost": 2075.43,                                                    
                                                           "Plan Rows": 12213,                                                       
                                                           "Plan Width": 35,                                                         
                                                           "Actual Startup Time": 1762.179,                                          
                                                           "Actual Total Time": 1762.179,                                            
                                                           "Actual Rows": 459925,                                                    
                                                           "Actual Loops": 1,                                                        
                                                           "Hash Buckets": 524288,                                                   
                                                           "Original Hash Buckets": 16384,                                           
                                                           "Hash Batches": 1,                                                        
                                                           "Original Hash Batches": 1,                                               
                                                           "Peak Memory Usage": 34856,                                               
                                                           "Shared Hit Blocks": 36000,                                               
                                                           "Shared Read Blocks": 8452,                                               
                                                           "Shared Dirtied Blocks": 0,                                               
                                                           "Shared Written Blocks": 0,                                               
                                                           "Local Hit Blocks": 0,                                                    
                                                           "Local Read Blocks": 0,                                                   
                                                           "Local Dirtied Blocks": 0,                                                
                                                           "Local Written Blocks": 0,                                                
                                                           "Temp Read Blocks": 0,                                                    
                                                           "Temp Written Blocks": 0,                                                 
                                                           "Plans": [                                                                
                                                             {                                                                       
                                                               "Node Type": "Hash Join",                                             
                                                               "Parent Relationship": "Outer",                                       
                                                               "Parallel Aware": false,                                              
                                                               "Join Type": "Inner",                                                 
                                                               "Startup Cost": 476.18,                                               
                                                               "Total Cost": 2075.43,                                                
                                                               "Plan Rows": 12213,                                                   
                                                               "Plan Width": 35,                                                     
                                                               "Actual Startup Time": 626.503,                                       
                                                               "Actual Total Time": 1610.337,                                        
                                                               "Actual Rows": 459925,                                                
                                                               "Actual Loops": 1,                                                    
                                                               "Inner Unique": false,                                                
                                                               "Hash Cond": "(t1.id = mi_idx.movie_id)",                            
                                                               "Shared Hit Blocks": 36000,                                           
                                                               "Shared Read Blocks": 8452,                                           
                                                               "Shared Dirtied Blocks": 0,                                           
                                                               "Shared Written Blocks": 0,                                           
                                                               "Local Hit Blocks": 0,                                                
                                                               "Local Read Blocks": 0,                                               
                                                               "Local Dirtied Blocks": 0,                                            
                                                               "Local Written Blocks": 0,                                            
                                                               "Temp Read Blocks": 0,                                                
                                                               "Temp Written Blocks": 0,                                             
                                                               "Plans": [                                                            
                                                                 {                                                                   
                                                                   "Node Type": "Seq Scan",                                          
                                                                   "Parent Relationship": "Outer",                                   
                                                                   "Parallel Aware": false,                                          
                                                                   "Relation Name": "title",                                         
                                                                   "Alias": "t1",                                                    
                                                                   "Startup Cost": 0.00,                                             
                                                                   "Total Cost": 1303.96,                                            
                                                                   "Plan Rows": 2528312,                                             
                                                                   "Plan Width": 25,                                                 
                                                                   "Actual Startup Time": 0.011,                                     
                                                                   "Actual Total Time": 195.440,                                     
                                                                   "Actual Rows": 2528312,                                           
                                                                   "Actual Loops": 1,                                                
                                                                   "Shared Hit Blocks": 35998,                                       
                                                                   "Shared Read Blocks": 0,                                          
                                                                   "Shared Dirtied Blocks": 0,                                       
                                                                   "Shared Written Blocks": 0,                                       
                                                                   "Local Hit Blocks": 0,                                            
                                                                   "Local Read Blocks": 0,                                           
                                                                   "Local Dirtied Blocks": 0,                                        
                                                                   "Local Written Blocks": 0,                                        
                                                                   "Temp Read Blocks": 0,                                            
                                                                   "Temp Written Blocks": 0                                          
                                                                 },                                                                  
                                                                 {                                                                   
                                                                   "Node Type": "Hash",                                              
                                                                   "Parent Relationship": "Inner",                                   
                                                                   "Parallel Aware": false,                                          
                                                                   "Startup Cost": 474.39,                                           
                                                                   "Total Cost": 474.39,                                             
                                                                   "Plan Rows": 12213,                                               
                                                                   "Plan Width": 10,                                                 
                                                                   "Actual Startup Time": 626.345,                                   
                                                                   "Actual Total Time": 626.345,                                     
                                                                   "Actual Rows": 459925,                                            
                                                                   "Actual Loops": 1,                                                
                                                                   "Hash Buckets": 524288,                                           
                                                                   "Original Hash Buckets": 16384,                                   
                                                                   "Hash Batches": 1,                                                
                                                                   "Original Hash Batches": 1,                                       
                                                                   "Peak Memory Usage": 22062,                                       
                                                                   "Shared Hit Blocks": 2,                                           
                                                                   "Shared Read Blocks": 8452,                                       
                                                                   "Shared Dirtied Blocks": 0,                                       
                                                                   "Shared Written Blocks": 0,                                       
                                                                   "Local Hit Blocks": 0,                                            
                                                                   "Local Read Blocks": 0,                                           
                                                                   "Local Dirtied Blocks": 0,                                        
                                                                   "Local Written Blocks": 0,                                        
                                                                   "Temp Read Blocks": 0,                                            
                                                                   "Temp Written Blocks": 0,                                         
                                                                   "Plans": [                                                        
                                                                     {                                                               
                                                                       "Node Type": "Hash Join",                                     
                                                                       "Parent Relationship": "Outer",                               
                                                                       "Parallel Aware": false,                                      
                                                                       "Join Type": "Inner",                                         
                                                                       "Startup Cost": 0.05,                                         
                                                                       "Total Cost": 474.39,                                         
                                                                       "Plan Rows": 12213,                                           
                                                                       "Plan Width": 10,                                             
                                                                       "Actual Startup Time": 0.110,                                 
                                                                       "Actual Total Time": 505.557,                                 
                                                                       "Actual Rows": 459925,                                        
                                                                       "Actual Loops": 1,                                            
                                                                       "Inner Unique": true,                                         
                                                                       "Hash Cond": "(mi_idx.info_type_id = it.id)",               
                                                                       "Shared Hit Blocks": 2,                                       
                                                                       "Shared Read Blocks": 8452,                                   
                                                                       "Shared Dirtied Blocks": 0,                                   
                                                                       "Shared Written Blocks": 0,                                   
                                                                       "Local Hit Blocks": 0,                                        
                                                                       "Local Read Blocks": 0,                                       
                                                                       "Local Dirtied Blocks": 0,                                    
                                                                       "Local Written Blocks": 0,                                    
                                                                       "Temp Read Blocks": 0,                                        
                                                                       "Temp Written Blocks": 0,                                     
                                                                       "Plans": [                                                    
                                                                         {                                                           
                                                                           "Node Type": "Seq Scan",                                  
                                                                           "Parent Relationship": "Outer",                           
                                                                           "Parallel Aware": false,                                  
                                                                           "Relation Name": "movie_info_idx",                        
                                                                           "Alias": "mi_idx",                                       
                                                                           "Startup Cost": 0.00,                                     
                                                                           "Total Cost": 360.56,                                     
                                                                           "Plan Rows": 1380035,                                     
                                                                           "Plan Width": 14,                                         
                                                                           "Actual Startup Time": 0.011,                             
                                                                           "Actual Total Time": 201.819,                             
                                                                           "Actual Rows": 1380035,                                   
                                                                           "Actual Loops": 1,                                        
                                                                           "Shared Hit Blocks": 1,                                   
                                                                           "Shared Read Blocks": 8452,                               
                                                                           "Shared Dirtied Blocks": 0,                               
                                                                           "Shared Written Blocks": 0,                               
                                                                           "Local Hit Blocks": 0,                                    
                                                                           "Local Read Blocks": 0,                                   
                                                                           "Local Dirtied Blocks": 0,                                
                                                                           "Local Written Blocks": 0,                                
                                                                           "Temp Read Blocks": 0,                                    
                                                                           "Temp Written Blocks": 0                                  
                                                                         },                                                          
                                                                         {                                                           
                                                                           "Node Type": "Hash",                                      
                                                                           "Parent Relationship": "Inner",                           
                                                                           "Parallel Aware": false,                                  
                                                                           "Startup Cost": 0.05,                                     
                                                                           "Total Cost": 0.05,                                       
                                                                           "Plan Rows": 1,                                           
                                                                           "Plan Width": 4,                                          
                                                                           "Actual Startup Time": 0.066,                             
                                                                           "Actual Total Time": 0.066,                               
                                                                           "Actual Rows": 1,                                         
                                                                           "Actual Loops": 1,                                        
                                                                           "Hash Buckets": 1024,                                     
                                                                           "Original Hash Buckets": 1024,                            
                                                                           "Hash Batches": 1,                                        
                                                                           "Original Hash Batches": 1,                               
                                                                           "Peak Memory Usage": 9,                                   
                                                                           "Shared Hit Blocks": 1,                                   
                                                                           "Shared Read Blocks": 0,                                  
                                                                           "Shared Dirtied Blocks": 0,                               
                                                                           "Shared Written Blocks": 0,                               
                                                                           "Local Hit Blocks": 0,                                    
                                                                           "Local Read Blocks": 0,                                   
                                                                           "Local Dirtied Blocks": 0,                                
                                                                           "Local Written Blocks": 0,                                
                                                                           "Temp Read Blocks": 0,                                    
                                                                           "Temp Written Blocks": 0,                                 
                                                                           "Plans": [                                                
                                                                             {                                                       
                                                                               "Node Type": "Seq Scan",                              
                                                                               "Parent Relationship": "Outer",                       
                                                                               "Parallel Aware": false,                              
                                                                               "Relation Name": "info_type",                         
                                                                               "Alias": "it",                                       
                                                                               "Startup Cost": 0.00,                                 
                                                                               "Total Cost": 0.05,                                   
                                                                               "Plan Rows": 1,                                       
                                                                               "Plan Width": 4,                                      
                                                                               "Actual Startup Time": 0.051,                         
                                                                               "Actual Total Time": 0.058,                           
                                                                               "Actual Rows": 1,                                     
                                                                               "Actual Loops": 1,                                    
                                                                               "Filter": "((info)::text = 'rating'::text)",          
                                                                               "Rows Removed by Filter": 112,                        
                                                                               "Shared Hit Blocks": 1,                               
                                                                               "Shared Read Blocks": 0,                              
                                                                               "Shared Dirtied Blocks": 0,                           
                                                                               "Shared Written Blocks": 0,                           
                                                                               "Local Hit Blocks": 0,                                
                                                                               "Local Read Blocks": 0,                               
                                                                               "Local Dirtied Blocks": 0,                            
                                                                               "Local Written Blocks": 0,                            
                                                                               "Temp Read Blocks": 0,                                
                                                                               "Temp Written Blocks": 0                              
                                                                             }                                                       
                                                                           ]                                                         
                                                                         }                                                           
                                                                       ]                                                             
                                                                     }                                                               
                                                                   ]                                                                 
                                                                 }                                                                   
                                                               ]                                                                     
                                                             }                                                                       
                                                           ]                                                                         
                                                         }                                                                           
                                                       ]                                                                             
                                                     }                                                                               
                                                   ]                                                                                 
                                                 }                                                                                   
                                               ]                                                                                     
                                             },                                                                                      
                                             {                                                                                       
                                               "Node Type": "Hash",                                                                  
                                               "Parent Relationship": "Inner",                                                       
                                               "Parallel Aware": false,                                                              
                                               "Startup Cost": 0.03,                                                                 
                                               "Total Cost": 0.03,                                                                   
                                               "Plan Rows": 3,                                                                       
                                               "Plan Width": 4,                                                                      
                                               "Actual Startup Time": 8.618,                                                         
                                               "Actual Total Time": 8.618,                                                           
                                               "Actual Rows": 2,                                                                     
                                               "Actual Loops": 1,                                                                    
                                               "Hash Buckets": 1024,                                                                 
                                               "Original Hash Buckets": 1024,                                                        
                                               "Hash Batches": 1,                                                                    
                                               "Original Hash Batches": 1,                                                           
                                               "Peak Memory Usage": 9,                                                               
                                               "Shared Hit Blocks": 0,                                                               
                                               "Shared Read Blocks": 1,                                                              
                                               "Shared Dirtied Blocks": 0,                                                           
                                               "Shared Written Blocks": 0,                                                           
                                               "Local Hit Blocks": 0,                                                                
                                               "Local Read Blocks": 0,                                                               
                                               "Local Dirtied Blocks": 0,                                                            
                                               "Local Written Blocks": 0,                                                            
                                               "Temp Read Blocks": 0,                                                                
                                               "Temp Written Blocks": 0,                                                             
                                               "Plans": [                                                                            
                                                 {                                                                                   
                                                   "Node Type": "Seq Scan",                                                          
                                                   "Parent Relationship": "Outer",                                                   
                                                   "Parallel Aware": false,                                                          
                                                   "Relation Name": "link_type",                                                     
                                                   "Alias": "lt",                                                                    
                                                   "Startup Cost": 0.00,                                                             
                                                   "Total Cost": 0.03,                                                               
                                                   "Plan Rows": 3,                                                                   
                                                   "Plan Width": 4,                                                                  
                                                   "Actual Startup Time": 8.590,                                                     
                                                   "Actual Total Time": 8.605,                                                       
                                                   "Actual Rows": 2,                                                                 
                                                   "Actual Loops": 1,                                                                
                                                   "Filter": "((link)::text = ANY ('{sequel,follows,\"followed by\"}'::text[]))",    
                                                   "Rows Removed by Filter": 16,                                                     
                                                   "Shared Hit Blocks": 0,                                                           
                                                   "Shared Read Blocks": 1,                                                          
                                                   "Shared Dirtied Blocks": 0,                                                       
                                                   "Shared Written Blocks": 0,                                                       
                                                   "Local Hit Blocks": 0,                                                            
                                                   "Local Read Blocks": 0,                                                           
                                                   "Local Dirtied Blocks": 0,                                                        
                                                   "Local Written Blocks": 0,                                                        
                                                   "Temp Read Blocks": 0,                                                            
                                                   "Temp Written Blocks": 0                                                          
                                                 }                                                                                   
                                               ]                                                                                     
                                             }                                                                                       
                                           ]                                                                                         
                                         }                                                                                           
                                       ]                                                                                             
                                     }                                                                                               
                                   ]                                                                                                 
                                 },                                                                                                  
                                 {                                                                                                   
                                   "Node Type": "Hash",                                                                              
                                   "Parent Relationship": "Inner",                                                                   
                                   "Parallel Aware": false,                                                                          
                                   "Startup Cost": 110.16,                                                                           
                                   "Total Cost": 110.16,                                                                             
                                   "Plan Rows": 234997,                                                                              
                                   "Plan Width": 23,                                                                                 
                                   "Actual Startup Time": 96.147,                                                                    
                                   "Actual Total Time": 96.147,                                                                      
                                   "Actual Rows": 234997,                                                                            
                                   "Actual Loops": 1,                                                                                
                                   "Hash Buckets": 262144,                                                                           
                                   "Original Hash Buckets": 262144,                                                                  
                                   "Hash Batches": 1,                                                                                
                                   "Original Hash Batches": 1,                                                                       
                                   "Peak Memory Usage": 15097,                                                                       
                                   "Shared Hit Blocks": 2994,                                                                        
                                   "Shared Read Blocks": 0,                                                                          
                                   "Shared Dirtied Blocks": 0,                                                                       
                                   "Shared Written Blocks": 0,                                                                       
                                   "Local Hit Blocks": 0,                                                                            
                                   "Local Read Blocks": 0,                                                                           
                                   "Local Dirtied Blocks": 0,                                                                        
                                   "Local Written Blocks": 0,                                                                        
                                   "Temp Read Blocks": 0,                                                                            
                                   "Temp Written Blocks": 0,                                                                         
                                   "Plans": [                                                                                        
                                     {                                                                                               
                                       "Node Type": "Seq Scan",                                                                      
                                       "Parent Relationship": "Outer",                                                               
                                       "Parallel Aware": false,                                                                      
                                       "Relation Name": "company_name",                                                              
                                       "Alias": "cn",                                                                               
                                       "Startup Cost": 0.00,                                                                         
                                       "Total Cost": 110.16,                                                                         
                                       "Plan Rows": 234997,                                                                          
                                       "Plan Width": 23,                                                                             
                                       "Actual Startup Time": 0.006,                                                                 
                                       "Actual Total Time": 41.765,                                                                  
                                       "Actual Rows": 234997,                                                                        
                                       "Actual Loops": 1,                                                                            
                                       "Shared Hit Blocks": 2994,                                                                    
                                       "Shared Read Blocks": 0,                                                                      
                                       "Shared Dirtied Blocks": 0,                                                                   
                                       "Shared Written Blocks": 0,                                                                   
                                       "Local Hit Blocks": 0,                                                                        
                                       "Local Read Blocks": 0,                                                                       
                                       "Local Dirtied Blocks": 0,                                                                    
                                       "Local Written Blocks": 0,                                                                    
                                       "Temp Read Blocks": 0,                                                                        
                                       "Temp Written Blocks": 0                                                                      
                                     }                                                                                               
                                   ]                                                                                                 
                                 }                                                                                                   
                               ]                                                                                                     
                             },                                                                                                      
                             {                                                                                                       
                               "Node Type": "Hash",                                                                                  
                               "Parent Relationship": "Inner",                                                                       
                               "Parallel Aware": false,                                                                              
                               "Startup Cost": 0.05,                                                                                 
                               "Total Cost": 0.05,                                                                                   
                               "Plan Rows": 1,                                                                                       
                               "Plan Width": 4,                                                                                      
                               "Actual Startup Time": 1.552,                                                                         
                               "Actual Total Time": 1.552,                                                                           
                               "Actual Rows": 1,                                                                                     
                               "Actual Loops": 1,                                                                                    
                               "Hash Buckets": 1024,                                                                                 
                               "Original Hash Buckets": 1024,                                                                        
                               "Hash Batches": 1,                                                                                    
                               "Original Hash Batches": 1,                                                                           
                               "Peak Memory Usage": 9,                                                                               
                               "Shared Hit Blocks": 0,                                                                               
                               "Shared Read Blocks": 1,                                                                              
                               "Shared Dirtied Blocks": 0,                                                                           
                               "Shared Written Blocks": 0,                                                                           
                               "Local Hit Blocks": 0,                                                                                
                               "Local Read Blocks": 0,                                                                               
                               "Local Dirtied Blocks": 0,                                                                            
                               "Local Written Blocks": 0,                                                                            
                               "Temp Read Blocks": 0,                                                                                
                               "Temp Written Blocks": 0,                                                                             
                               "Plans": [                                                                                            
                                 {                                                                                                   
                                   "Node Type": "Seq Scan",                                                                          
                                   "Parent Relationship": "Outer",                                                                   
                                   "Parallel Aware": false,                                                                          
                                   "Relation Name": "info_type",                                                                     
                                   "Alias": "it",                                                                                   
                                   "Startup Cost": 0.00,                                                                             
                                   "Total Cost": 0.05,                                                                               
                                   "Plan Rows": 1,                                                                                   
                                   "Plan Width": 4,                                                                                  
                                   "Actual Startup Time": 1.535,                                                                     
                                   "Actual Total Time": 1.541,                                                                       
                                   "Actual Rows": 1,                                                                                 
                                   "Actual Loops": 1,                                                                                
                                   "Filter": "((info)::text = 'rating'::text)",                                                      
                                   "Rows Removed by Filter": 112,                                                                    
                                   "Shared Hit Blocks": 0,                                                                           
                                   "Shared Read Blocks": 1,                                                                          
                                   "Shared Dirtied Blocks": 0,                                                                       
                                   "Shared Written Blocks": 0,                                                                       
                                   "Local Hit Blocks": 0,                                                                            
                                   "Local Read Blocks": 0,                                                                           
                                   "Local Dirtied Blocks": 0,                                                                        
                                   "Local Written Blocks": 0,                                                                        
                                   "Temp Read Blocks": 0,                                                                            
                                   "Temp Written Blocks": 0                                                                          
                                 }                                                                                                   
                               ]                                                                                                     
                             }                                                                                                       
                           ]                                                                                                         
                         },                                                                                                          
                         {                                                                                                           
                           "Node Type": "Hash",                                                                                      
                           "Parent Relationship": "Inner",                                                                           
                           "Parallel Aware": false,                                                                                  
                           "Startup Cost": 0.03,                                                                                     
                           "Total Cost": 0.03,                                                                                       
                           "Plan Rows": 2,                                                                                           
                           "Plan Width": 4,                                                                                          
                           "Actual Startup Time": 24.781,                                                                            
                           "Actual Total Time": 24.781,                                                                              
                           "Actual Rows": 2,                                                                                         
                           "Actual Loops": 1,                                                                                        
                           "Hash Buckets": 1024,                                                                                     
                           "Original Hash Buckets": 1024,                                                                            
                           "Hash Batches": 1,                                                                                        
                           "Original Hash Batches": 1,                                                                               
                           "Peak Memory Usage": 9,                                                                                   
                           "Shared Hit Blocks": 0,                                                                                   
                           "Shared Read Blocks": 1,                                                                                  
                           "Shared Dirtied Blocks": 0,                                                                               
                           "Shared Written Blocks": 0,                                                                               
                           "Local Hit Blocks": 0,                                                                                    
                           "Local Read Blocks": 0,                                                                                   
                           "Local Dirtied Blocks": 0,                                                                                
                           "Local Written Blocks": 0,                                                                                
                           "Temp Read Blocks": 0,                                                                                    
                           "Temp Written Blocks": 0,                                                                                 
                           "Plans": [                                                                                                
                             {                                                                                                       
                               "Node Type": "Seq Scan",                                                                              
                               "Parent Relationship": "Outer",                                                                       
                               "Parallel Aware": false,                                                                              
                               "Relation Name": "kind_type",                                                                         
                               "Alias": "kt1",                                                                                       
                               "Startup Cost": 0.00,                                                                                 
                               "Total Cost": 0.03,                                                                                   
                               "Plan Rows": 2,                                                                                       
                               "Plan Width": 4,                                                                                      
                               "Actual Startup Time": 24.763,                                                                        
                               "Actual Total Time": 24.768,                                                                          
                               "Actual Rows": 2,                                                                                     
                               "Actual Loops": 1,                                                                                    
                               "Filter": "((kind)::text = ANY ('{\"tv series\",episode}'::text[]))",                                 
                               "Rows Removed by Filter": 5,                                                                          
                               "Shared Hit Blocks": 0,                                                                               
                               "Shared Read Blocks": 1,                                                                              
                               "Shared Dirtied Blocks": 0,                                                                           
                               "Shared Written Blocks": 0,                                                                           
                               "Local Hit Blocks": 0,                                                                                
                               "Local Read Blocks": 0,                                                                               
                               "Local Dirtied Blocks": 0,                                                                            
                               "Local Written Blocks": 0,                                                                            
                               "Temp Read Blocks": 0,                                                                                
                               "Temp Written Blocks": 0                                                                              
                             }                                                                                                       
                           ]                                                                                                         
                         }                                                                                                           
                       ]                                                                                                             
                     }                                                                                                               
                   ]                                                                                                                 
                 }                                                                                                                   
               ]                                                                                                                     
             },                                                                                                                      
             {                                                                                                                       
               "Node Type": "Hash",                                                                                                  
               "Parent Relationship": "Inner",                                                                                       
               "Parallel Aware": false,                                                                                              
               "Startup Cost": 128.41,                                                                                               
               "Total Cost": 128.41,                                                                                                 
               "Plan Rows": 126230,                                                                                                  
               "Plan Width": 23,                                                                                                     
               "Actual Startup Time": 186.650,                                                                                       
               "Actual Total Time": 186.650,                                                                                         
               "Actual Rows": 126230,                                                                                                
               "Actual Loops": 1,                                                                                                    
               "Hash Buckets": 131072,                                                                                               
               "Original Hash Buckets": 131072,                                                                                      
               "Hash Batches": 1,                                                                                                    
               "Original Hash Batches": 1,                                                                                           
               "Peak Memory Usage": 7967,                                                                                            
               "Shared Hit Blocks": 0,                                                                                               
               "Shared Read Blocks": 2994,                                                                                           
               "Shared Dirtied Blocks": 0,                                                                                           
               "Shared Written Blocks": 0,                                                                                           
               "Local Hit Blocks": 0,                                                                                                
               "Local Read Blocks": 0,                                                                                               
               "Local Dirtied Blocks": 0,                                                                                            
               "Local Written Blocks": 0,                                                                                            
               "Temp Read Blocks": 0,                                                                                                
               "Temp Written Blocks": 0,                                                                                             
               "Plans": [                                                                                                            
                 {                                                                                                                   
                   "Node Type": "Seq Scan",                                                                                          
                   "Parent Relationship": "Outer",                                                                                   
                   "Parallel Aware": false,                                                                                          
                   "Relation Name": "company_name",                                                                                  
                   "Alias": "cn",                                                                                                   
                   "Startup Cost": 0.00,                                                                                             
                   "Total Cost": 128.41,                                                                                             
                   "Plan Rows": 126230,                                                                                              
                   "Plan Width": 23,                                                                                                 
                   "Actual Startup Time": 51.216,                                                                                    
                   "Actual Total Time": 141.986,                                                                                     
                   "Actual Rows": 126230,                                                                                            
                   "Actual Loops": 1,                                                                                                
                   "Filter": "((country_code)::text <> '[us]'::text)",                                                               
                   "Rows Removed by Filter": 108767,                                                                                 
                   "Shared Hit Blocks": 0,                                                                                           
                   "Shared Read Blocks": 2994,                                                                                       
                   "Shared Dirtied Blocks": 0,                                                                                       
                   "Shared Written Blocks": 0,                                                                                       
                   "Local Hit Blocks": 0,                                                                                            
                   "Local Read Blocks": 0,                                                                                           
                   "Local Dirtied Blocks": 0,                                                                                        
                   "Local Written Blocks": 0,                                                                                        
                   "Temp Read Blocks": 0,                                                                                            
                   "Temp Written Blocks": 0                                                                                          
                 }                                                                                                                   
               ]                                                                                                                     
             }                                                                                                                       
           ]                                                                                                                         
         }                                                                                                                           
       ]                                                                                                                             
     },                                                                                                                              
     "Planning Time": 5680.898,                                                                                                      
     "Triggers": [                                                                                                                   
     ],                                                                                                                              
     "Execution Time": 5937.205                                                                                                      
   }                                                                                                                                 
 ]
