 [                                                                             
   {                                                                           
     "Plan": {                                                                 
       "Node Type": "Aggregate",                                               
       "Strategy": "Plain",                                                    
       "Partial Mode": "Simple",                                               
       "Parallel Aware": false,                                                
       "Startup Cost": 3512.66,                                                
       "Total Cost": 3512.66,                                                  
       "Plan Rows": 1,                                                         
       "Plan Width": 64,                                                       
       "Actual Startup Time": 3770.727,                                        
       "Actual Total Time": 3770.727,                                          
       "Actual Rows": 1,                                                       
       "Actual Loops": 1,                                                      
       "Shared Hit Blocks": 3,                                                 
       "Shared Read Blocks": 69855,                                            
       "Shared Dirtied Blocks": 0,                                             
       "Shared Written Blocks": 0,                                             
       "Local Hit Blocks": 0,                                                  
       "Local Read Blocks": 0,                                                 
       "Local Dirtied Blocks": 0,                                              
       "Local Written Blocks": 0,                                              
       "Temp Read Blocks": 0,                                                  
       "Temp Written Blocks": 0,                                               
       "Plans": [                                                              
         {                                                                     
           "Node Type": "Hash Join",                                           
           "Parent Relationship": "Outer",                                     
           "Parallel Aware": false,                                            
           "Join Type": "Inner",                                               
           "Startup Cost": 1966.79,                                            
           "Total Cost": 3512.66,                                              
           "Plan Rows": 1,                                                     
           "Plan Width": 23,                                                   
           "Actual Startup Time": 3266.840,                                    
           "Actual Total Time": 3770.678,                                      
           "Actual Rows": 6,                                                   
           "Actual Loops": 1,                                                  
           "Inner Unique": false,                                              
           "Hash Cond": "(t.id = mi_idx.movie_id)",                            
           "Shared Hit Blocks": 3,                                             
           "Shared Read Blocks": 69855,                                        
           "Shared Dirtied Blocks": 0,                                         
           "Shared Written Blocks": 0,                                         
           "Local Hit Blocks": 0,                                              
           "Local Read Blocks": 0,                                             
           "Local Dirtied Blocks": 0,                                          
           "Local Written Blocks": 0,                                          
           "Temp Read Blocks": 0,                                              
           "Temp Written Blocks": 0,                                           
           "Plans": [                                                          
             {                                                                 
               "Node Type": "Seq Scan",                                        
               "Parent Relationship": "Outer",                                 
               "Parallel Aware": false,                                        
               "Relation Name": "title",                                       
               "Alias": "t",                                                   
               "Startup Cost": 0.00,                                           
               "Total Cost": 1500.26,                                          
               "Plan Rows": 391667,                                            
               "Plan Width": 21,                                               
               "Actual Startup Time": 21.672,                                  
               "Actual Total Time": 1790.578,                                  
               "Actual Rows": 391666,                                          
               "Actual Loops": 1,                                              
               "Filter": "(production_year > 2010)",                           
               "Rows Removed by Filter": 2136646,                              
               "Shared Hit Blocks": 0,                                         
               "Shared Read Blocks": 35998,                                    
               "Shared Dirtied Blocks": 0,                                     
               "Shared Written Blocks": 0,                                     
               "Local Hit Blocks": 0,                                          
               "Local Read Blocks": 0,                                         
               "Local Dirtied Blocks": 0,                                      
               "Local Written Blocks": 0,                                      
               "Temp Read Blocks": 0,                                          
               "Temp Written Blocks": 0                                        
             },                                                                
             {                                                                 
               "Node Type": "Hash",                                            
               "Parent Relationship": "Inner",                                 
               "Parallel Aware": false,                                        
               "Startup Cost": 1966.79,                                        
               "Total Cost": 1966.79,                                          
               "Plan Rows": 1,                                                 
               "Plan Width": 14,                                               
               "Actual Startup Time": 1879.301,                                
               "Actual Total Time": 1879.301,                                  
               "Actual Rows": 21,                                              
               "Actual Loops": 1,                                              
               "Hash Buckets": 1024,                                           
               "Original Hash Buckets": 1024,                                  
               "Hash Batches": 1,                                              
               "Original Hash Batches": 1,                                     
               "Peak Memory Usage": 9,                                         
               "Shared Hit Blocks": 0,                                         
               "Shared Read Blocks": 33857,                                    
               "Shared Dirtied Blocks": 0,                                     
               "Shared Written Blocks": 0,                                     
               "Local Hit Blocks": 0,                                          
               "Local Read Blocks": 0,                                         
               "Local Dirtied Blocks": 0,                                      
               "Local Written Blocks": 0,                                      
               "Temp Read Blocks": 0,                                          
               "Temp Written Blocks": 0,                                       
               "Plans": [                                                      
                 {                                                             
                   "Node Type": "Hash Join",                                   
                   "Parent Relationship": "Outer",                             
                   "Parallel Aware": false,                                    
                   "Join Type": "Inner",                                       
                   "Startup Cost": 517.88,                                     
                   "Total Cost": 1966.79,                                      
                   "Plan Rows": 1,                                             
                   "Plan Width": 14,                                           
                   "Actual Startup Time": 1010.956,                            
                   "Actual Total Time": 1879.258,                              
                   "Actual Rows": 21,                                          
                   "Actual Loops": 1,                                          
                   "Inner Unique": false,                                      
                   "Hash Cond": "(mk.movie_id = mi_idx.movie_id)",             
                   "Shared Hit Blocks": 0,                                     
                   "Shared Read Blocks": 33857,                                
                   "Shared Dirtied Blocks": 0,                                 
                   "Shared Written Blocks": 0,                                 
                   "Local Hit Blocks": 0,                                      
                   "Local Read Blocks": 0,                                     
                   "Local Dirtied Blocks": 0,                                  
                   "Local Written Blocks": 0,                                  
                   "Temp Read Blocks": 0,                                      
                   "Temp Written Blocks": 0,                                   
                   "Plans": [                                                  
                     {                                                         
                       "Node Type": "Hash Join",                               
                       "Parent Relationship": "Outer",                         
                       "Parallel Aware": false,                                
                       "Join Type": "Inner",                                   
                       "Startup Cost": 49.47,                                  
                       "Total Cost": 1498.11,                                  
                       "Plan Rows": 2259,                                      
                       "Plan Width": 4,                                        
                       "Actual Startup Time": 96.113,                          
                       "Actual Total Time": 1251.522,                          
                       "Actual Rows": 12951,                                   
                       "Actual Loops": 1,                                      
                       "Inner Unique": true,                                   
                       "Hash Cond": "(mk.keyword_id = k.id)",                  
                       "Shared Hit Blocks": 0,                                 
                       "Shared Read Blocks": 25403,                            
                       "Shared Dirtied Blocks": 0,                             
                       "Shared Written Blocks": 0,                             
                       "Local Hit Blocks": 0,                                  
                       "Local Read Blocks": 0,                                 
                       "Local Dirtied Blocks": 0,                              
                       "Local Written Blocks": 0,                              
                       "Temp Read Blocks": 0,                                  
                       "Temp Written Blocks": 0,                               
                       "Plans": [                                              
                         {                                                     
                           "Node Type": "Seq Scan",                            
                           "Parent Relationship": "Outer",                     
                           "Parallel Aware": false,                            
                           "Relation Name": "movie_keyword",                   
                           "Alias": "mk",                                      
                           "Startup Cost": 0.00,                               
                           "Total Cost": 1079.84,                              
                           "Plan Rows": 4523930,                               
                           "Plan Width": 8,                                    
                           "Actual Startup Time": 4.248,                       
                           "Actual Total Time": 544.144,                       
                           "Actual Rows": 4523930,                             
                           "Actual Loops": 1,                                  
                           "Shared Hit Blocks": 0,                             
                           "Shared Read Blocks": 24454,                        
                           "Shared Dirtied Blocks": 0,                         
                           "Shared Written Blocks": 0,                         
                           "Local Hit Blocks": 0,                              
                           "Local Read Blocks": 0,                             
                           "Local Dirtied Blocks": 0,                          
                           "Local Written Blocks": 0,                          
                           "Temp Read Blocks": 0,                              
                           "Temp Written Blocks": 0                            
                         },                                                    
                         {                                                     
                           "Node Type": "Hash",                                
                           "Parent Relationship": "Inner",                     
                           "Parallel Aware": false,                            
                           "Startup Cost": 49.46,                              
                           "Total Cost": 49.46,                                
                           "Plan Rows": 67,                                    
                           "Plan Width": 4,                                    
                           "Actual Startup Time": 91.609,                      
                           "Actual Total Time": 91.609,                        
                           "Actual Rows": 30,                                  
                           "Actual Loops": 1,                                  
                           "Hash Buckets": 1024,                               
                           "Original Hash Buckets": 1024,                      
                           "Hash Batches": 1,                                  
                           "Original Hash Batches": 1,                         
                           "Peak Memory Usage": 10,                            
                           "Shared Hit Blocks": 0,                             
                           "Shared Read Blocks": 949,                          
                           "Shared Dirtied Blocks": 0,                         
                           "Shared Written Blocks": 0,                         
                           "Local Hit Blocks": 0,                              
                           "Local Read Blocks": 0,                             
                           "Local Dirtied Blocks": 0,                          
                           "Local Written Blocks": 0,                          
                           "Temp Read Blocks": 0,                              
                           "Temp Written Blocks": 0,                           
                           "Plans": [                                          
                             {                                                 
                               "Node Type": "Seq Scan",                        
                               "Parent Relationship": "Outer",                 
                               "Parallel Aware": false,                        
                               "Relation Name": "keyword",                     
                               "Alias": "k",                                   
                               "Startup Cost": 0.00,                           
                               "Total Cost": 49.46,                            
                               "Plan Rows": 67,                                
                               "Plan Width": 4,                                
                               "Actual Startup Time": 31.481,                  
                               "Actual Total Time": 91.569,                    
                               "Actual Rows": 30,                              
                               "Actual Loops": 1,                              
                               "Filter": "(keyword ~~ '%sequel%'::text)",      
                               "Rows Removed by Filter": 134140,               
                               "Shared Hit Blocks": 0,                         
                               "Shared Read Blocks": 949,                      
                               "Shared Dirtied Blocks": 0,                     
                               "Shared Written Blocks": 0,                     
                               "Local Hit Blocks": 0,                          
                               "Local Read Blocks": 0,                         
                               "Local Dirtied Blocks": 0,                      
                               "Local Written Blocks": 0,                      
                               "Temp Read Blocks": 0,                          
                               "Temp Written Blocks": 0                        
                             }                                                 
                           ]                                                   
                         }                                                     
                       ]                                                       
                     },                                                        
                     {                                                         
                       "Node Type": "Hash",                                    
                       "Parent Relationship": "Inner",                         
                       "Parallel Aware": false,                                
                       "Startup Cost": 468.40,                                 
                       "Total Cost": 468.40,                                   
                       "Plan Rows": 69,                                        
                       "Plan Width": 10,                                       
                       "Actual Startup Time": 625.750,                         
                       "Actual Total Time": 625.750,                           
                       "Actual Rows": 305,                                     
                       "Actual Loops": 1,                                      
                       "Hash Buckets": 1024,                                   
                       "Original Hash Buckets": 1024,                          
                       "Hash Batches": 1,                                      
                       "Original Hash Batches": 1,                             
                       "Peak Memory Usage": 20,                                
                       "Shared Hit Blocks": 0,                                 
                       "Shared Read Blocks": 8454,                             
                       "Shared Dirtied Blocks": 0,                             
                       "Shared Written Blocks": 0,                             
                       "Local Hit Blocks": 0,                                  
                       "Local Read Blocks": 0,                                 
                       "Local Dirtied Blocks": 0,                              
                       "Local Written Blocks": 0,                              
                       "Temp Read Blocks": 0,                                  
                       "Temp Written Blocks": 0,                               
                       "Plans": [                                              
                         {                                                     
                           "Node Type": "Hash Join",                           
                           "Parent Relationship": "Outer",                     
                           "Parallel Aware": false,                            
                           "Join Type": "Inner",                               
                           "Startup Cost": 0.05,                               
                           "Total Cost": 468.40,                               
                           "Plan Rows": 69,                                    
                           "Plan Width": 10,                                   
                           "Actual Startup Time": 35.779,                      
                           "Actual Total Time": 625.490,                       
                           "Actual Rows": 305,                                 
                           "Actual Loops": 1,                                  
                           "Inner Unique": true,                               
                           "Hash Cond": "(mi_idx.info_type_id = it.id)",       
                           "Shared Hit Blocks": 0,                             
                           "Shared Read Blocks": 8454,                         
                           "Shared Dirtied Blocks": 0,                         
                           "Shared Written Blocks": 0,                         
                           "Local Hit Blocks": 0,                              
                           "Local Read Blocks": 0,                             
                           "Local Dirtied Blocks": 0,                          
                           "Local Written Blocks": 0,                          
                           "Temp Read Blocks": 0,                              
                           "Temp Written Blocks": 0,                           
                           "Plans": [                                          
                             {                                                 
                               "Node Type": "Seq Scan",                        
                               "Parent Relationship": "Outer",                 
                               "Parallel Aware": false,                        
                               "Relation Name": "movie_info_idx",              
                               "Alias": "mi_idx",                              
                               "Startup Cost": 0.00,                           
                               "Total Cost": 467.71,                           
                               "Plan Rows": 7778,                              
                               "Plan Width": 14,                               
                               "Actual Startup Time": 11.280,                  
                               "Actual Total Time": 616.136,                   
                               "Actual Rows": 7793,                            
                               "Actual Loops": 1,                              
                               "Filter": "(info > '9.0'::text)",               
                               "Rows Removed by Filter": 1372242,              
                               "Shared Hit Blocks": 0,                         
                               "Shared Read Blocks": 8453,                     
                               "Shared Dirtied Blocks": 0,                     
                               "Shared Written Blocks": 0,                     
                               "Local Hit Blocks": 0,                          
                               "Local Read Blocks": 0,                         
                               "Local Dirtied Blocks": 0,                      
                               "Local Written Blocks": 0,                      
                               "Temp Read Blocks": 0,                          
                               "Temp Written Blocks": 0                        
                             },                                                
                             {                                                 
                               "Node Type": "Hash",                            
                               "Parent Relationship": "Inner",                 
                               "Parallel Aware": false,                        
                               "Startup Cost": 0.05,                           
                               "Total Cost": 0.05,                             
                               "Plan Rows": 1,                                 
                               "Plan Width": 4,                                
                               "Actual Startup Time": 7.008,                   
                               "Actual Total Time": 7.008,                     
                               "Actual Rows": 1,                               
                               "Actual Loops": 1,                              
                               "Hash Buckets": 1024,                           
                               "Original Hash Buckets": 1024,                  
                               "Hash Batches": 1,                              
                               "Original Hash Batches": 1,                     
                               "Peak Memory Usage": 9,                         
                               "Shared Hit Blocks": 0,                         
                               "Shared Read Blocks": 1,                        
                               "Shared Dirtied Blocks": 0,                     
                               "Shared Written Blocks": 0,                     
                               "Local Hit Blocks": 0,                          
                               "Local Read Blocks": 0,                         
                               "Local Dirtied Blocks": 0,                      
                               "Local Written Blocks": 0,                      
                               "Temp Read Blocks": 0,                          
                               "Temp Written Blocks": 0,                       
                               "Plans": [                                      
                                 {                                             
                                   "Node Type": "Seq Scan",                    
                                   "Parent Relationship": "Outer",             
                                   "Parallel Aware": false,                    
                                   "Relation Name": "info_type",               
                                   "Alias": "it",                              
                                   "Startup Cost": 0.00,                       
                                   "Total Cost": 0.05,                         
                                   "Plan Rows": 1,                             
                                   "Plan Width": 4,                            
                                   "Actual Startup Time": 6.982,               
                                   "Actual Total Time": 6.988,                 
                                   "Actual Rows": 1,                           
                                   "Actual Loops": 1,                          
                                   "Filter": "((info)::text = 'rating'::text)",
                                   "Rows Removed by Filter": 112,              
                                   "Shared Hit Blocks": 0,                     
                                   "Shared Read Blocks": 1,                    
                                   "Shared Dirtied Blocks": 0,                 
                                   "Shared Written Blocks": 0,                 
                                   "Local Hit Blocks": 0,                      
                                   "Local Read Blocks": 0,                     
                                   "Local Dirtied Blocks": 0,                  
                                   "Local Written Blocks": 0,                  
                                   "Temp Read Blocks": 0,                      
                                   "Temp Written Blocks": 0                    
                                 }                                             
                               ]                                               
                             }                                                 
                           ]                                                   
                         }                                                     
                       ]                                                       
                     }                                                         
                   ]                                                           
                 }                                                             
               ]                                                               
             }                                                                 
           ]                                                                   
         }                                                                     
       ]                                                                       
     },                                                                        
     "Planning Time": 2008.980,                                                
     "Triggers": [                                                             
     ],                                                                        
     "Execution Time": 3798.609                                                
   }                                                                           
 ]
