 [                                                                                                                                  
   {                                                                                                                                
     "Plan": {                                                                                                                      
       "Node Type": "Aggregate",                                                                                                    
       "Strategy": "Plain",                                                                                                         
       "Partial Mode": "Simple",                                                                                                    
       "Parallel Aware": false,                                                                                                     
       "Startup Cost": 10255.18,                                                                                                    
       "Total Cost": 10255.18,                                                                                                      
       "Plan Rows": 1,                                                                                                              
       "Plan Width": 32,                                                                                                            
       "Actual Startup Time": 3153.145,                                                                                             
       "Actual Total Time": 3153.145,                                                                                               
       "Actual Rows": 1,                                                                                                            
       "Actual Loops": 1,                                                                                                           
       "Shared Hit Blocks": 3,                                                                                                      
       "Shared Read Blocks": 61601,                                                                                                 
       "Shared Dirtied Blocks": 0,                                                                                                  
       "Shared Written Blocks": 0,                                                                                                  
       "Local Hit Blocks": 0,                                                                                                       
       "Local Read Blocks": 0,                                                                                                      
       "Local Dirtied Blocks": 0,                                                                                                   
       "Local Written Blocks": 0,                                                                                                   
       "Temp Read Blocks": 0,                                                                                                       
       "Temp Written Blocks": 0,                                                                                                    
       "Plans": [                                                                                                                   
         {                                                                                                                          
           "Node Type": "Hash Join",                                                                                                
           "Parent Relationship": "Outer",                                                                                          
           "Parallel Aware": false,                                                                                                 
           "Join Type": "Inner",                                                                                                    
           "Startup Cost": 2935.31,                                                                                                 
           "Total Cost": 10255.18,                                                                                                  
           "Plan Rows": 1,                                                                                                          
           "Plan Width": 17,                                                                                                        
           "Actual Startup Time": 3153.128,                                                                                         
           "Actual Total Time": 3153.128,                                                                                           
           "Actual Rows": 0,                                                                                                        
           "Actual Loops": 1,                                                                                                       
           "Inner Unique": true,                                                                                                    
           "Hash Cond": "(mi.info_type_id = it.id)",                                                                                
           "Shared Hit Blocks": 3,                                                                                                  
           "Shared Read Blocks": 61601,                                                                                             
           "Shared Dirtied Blocks": 0,                                                                                              
           "Shared Written Blocks": 0,                                                                                              
           "Local Hit Blocks": 0,                                                                                                   
           "Local Read Blocks": 0,                                                                                                  
           "Local Dirtied Blocks": 0,                                                                                               
           "Local Written Blocks": 0,                                                                                               
           "Temp Read Blocks": 0,                                                                                                   
           "Temp Written Blocks": 0,                                                                                                
           "Plans": [                                                                                                               
             {                                                                                                                      
               "Node Type": "Hash Join",                                                                                            
               "Parent Relationship": "Outer",                                                                                      
               "Parallel Aware": false,                                                                                             
               "Join Type": "Inner",                                                                                                
               "Startup Cost": 2935.26,                                                                                             
               "Total Cost": 10255.12,                                                                                              
               "Plan Rows": 1,                                                                                                      
               "Plan Width": 21,                                                                                                    
               "Actual Startup Time": 3140.102,                                                                                     
               "Actual Total Time": 3140.102,                                                                                       
               "Actual Rows": 0,                                                                                                    
               "Actual Loops": 1,                                                                                                   
               "Inner Unique": false,                                                                                               
               "Hash Cond": "(mi.movie_id = t.id)",                                                                                 
               "Shared Hit Blocks": 0,                                                                                              
               "Shared Read Blocks": 61600,                                                                                         
               "Shared Dirtied Blocks": 0,                                                                                          
               "Shared Written Blocks": 0,                                                                                          
               "Local Hit Blocks": 0,                                                                                               
               "Local Read Blocks": 0,                                                                                              
               "Local Dirtied Blocks": 0,                                                                                           
               "Local Written Blocks": 0,                                                                                           
               "Temp Read Blocks": 0,                                                                                               
               "Temp Written Blocks": 0,                                                                                            
               "Plans": [                                                                                                           
                 {                                                                                                                  
                   "Node Type": "Seq Scan",                                                                                         
                   "Parent Relationship": "Outer",                                                                                  
                   "Parallel Aware": false,                                                                                         
                   "Relation Name": "movie_info",                                                                                   
                   "Alias": "mi",                                                                                                   
                   "Startup Cost": 0.00,                                                                                            
                   "Total Cost": 7255.68,                                                                                           
                   "Plan Rows": 551163,                                                                                             
                   "Plan Width": 8,                                                                                                 
                   "Actual Startup Time": 350.126,                                                                                  
                   "Actual Total Time": 350.126,                                                                                    
                   "Actual Rows": 1,                                                                                                
                   "Actual Loops": 1,                                                                                               
                   "Filter": "(info = ANY ('{USA,America}'::text[]))",                                                              
                   "Rows Removed by Filter": 1053696,                                                                               
                   "Shared Hit Blocks": 0,                                                                                          
                   "Shared Read Blocks": 6812,                                                                                      
                   "Shared Dirtied Blocks": 0,                                                                                      
                   "Shared Written Blocks": 0,                                                                                      
                   "Local Hit Blocks": 0,                                                                                           
                   "Local Read Blocks": 0,                                                                                          
                   "Local Dirtied Blocks": 0,                                                                                       
                   "Local Written Blocks": 0,                                                                                       
                   "Temp Read Blocks": 0,                                                                                           
                   "Temp Written Blocks": 0                                                                                         
                 },                                                                                                                 
                 {                                                                                                                  
                   "Node Type": "Hash",                                                                                             
                   "Parent Relationship": "Inner",                                                                                  
                   "Parallel Aware": false,                                                                                         
                   "Startup Cost": 2935.26,                                                                                         
                   "Total Cost": 2935.26,                                                                                           
                   "Plan Rows": 2,                                                                                                  
                   "Plan Width": 25,                                                                                                
                   "Actual Startup Time": 2789.951,                                                                                 
                   "Actual Total Time": 2789.951,                                                                                   
                   "Actual Rows": 0,                                                                                                
                   "Actual Loops": 1,                                                                                               
                   "Hash Buckets": 1024,                                                                                            
                   "Original Hash Buckets": 1024,                                                                                   
                   "Hash Batches": 1,                                                                                               
                   "Original Hash Batches": 1,                                                                                      
                   "Peak Memory Usage": 8,                                                                                          
                   "Shared Hit Blocks": 0,                                                                                          
                   "Shared Read Blocks": 54788,                                                                                     
                   "Shared Dirtied Blocks": 0,                                                                                      
                   "Shared Written Blocks": 0,                                                                                      
                   "Local Hit Blocks": 0,                                                                                           
                   "Local Read Blocks": 0,                                                                                          
                   "Local Dirtied Blocks": 0,                                                                                       
                   "Local Written Blocks": 0,                                                                                       
                   "Temp Read Blocks": 0,                                                                                           
                   "Temp Written Blocks": 0,                                                                                        
                   "Plans": [                                                                                                       
                     {                                                                                                              
                       "Node Type": "Hash Join",                                                                                    
                       "Parent Relationship": "Outer",                                                                              
                       "Parallel Aware": false,                                                                                     
                       "Join Type": "Inner",                                                                                        
                       "Startup Cost": 1557.78,                                                                                     
                       "Total Cost": 2935.26,                                                                                       
                       "Plan Rows": 2,                                                                                              
                       "Plan Width": 25,                                                                                            
                       "Actual Startup Time": 2789.950,                                                                             
                       "Actual Total Time": 2789.950,                                                                               
                       "Actual Rows": 0,                                                                                            
                       "Actual Loops": 1,                                                                                           
                       "Inner Unique": true,                                                                                        
                       "Hash Cond": "(mc.company_type_id = ct.id)",                                                                 
                       "Shared Hit Blocks": 0,                                                                                      
                       "Shared Read Blocks": 54788,                                                                                 
                       "Shared Dirtied Blocks": 0,                                                                                  
                       "Shared Written Blocks": 0,                                                                                  
                       "Local Hit Blocks": 0,                                                                                       
                       "Local Read Blocks": 0,                                                                                      
                       "Local Dirtied Blocks": 0,                                                                                   
                       "Local Written Blocks": 0,                                                                                   
                       "Temp Read Blocks": 0,                                                                                       
                       "Temp Written Blocks": 0,                                                                                    
                       "Plans": [                                                                                                   
                         {                                                                                                          
                           "Node Type": "Hash Join",                                                                                
                           "Parent Relationship": "Outer",                                                                          
                           "Parallel Aware": false,                                                                                 
                           "Join Type": "Inner",                                                                                    
                           "Startup Cost": 1557.75,                                                                                 
                           "Total Cost": 2935.22,                                                                                   
                           "Plan Rows": 7,                                                                                          
                           "Plan Width": 29,                                                                                        
                           "Actual Startup Time": 2768.015,                                                                         
                           "Actual Total Time": 2768.016,                                                                           
                           "Actual Rows": 0,                                                                                        
                           "Actual Loops": 1,                                                                                       
                           "Inner Unique": true,                                                                                    
                           "Hash Cond": "(mc.movie_id = t.id)",                                                                     
                           "Shared Hit Blocks": 0,                                                                                  
                           "Shared Read Blocks": 54787,                                                                             
                           "Shared Dirtied Blocks": 0,                                                                              
                           "Shared Written Blocks": 0,                                                                              
                           "Local Hit Blocks": 0,                                                                                   
                           "Local Read Blocks": 0,                                                                                  
                           "Local Dirtied Blocks": 0,                                                                               
                           "Local Written Blocks": 0,                                                                               
                           "Temp Read Blocks": 0,                                                                                   
                           "Temp Written Blocks": 0,                                                                                
                           "Plans": [                                                                                               
                             {                                                                                                      
                               "Node Type": "Seq Scan",                                                                             
                               "Parent Relationship": "Outer",                                                                      
                               "Parallel Aware": false,                                                                             
                               "Relation Name": "movie_companies",                                                                  
                               "Alias": "mc",                                                                                       
                               "Startup Cost": 0.00,                                                                                
                               "Total Cost": 1377.47,                                                                               
                               "Plan Rows": 46,                                                                                     
                               "Plan Width": 8,                                                                                     
                               "Actual Startup Time": 33.707,                                                                       
                               "Actual Total Time": 1045.455,                                                                       
                               "Actual Rows": 1418,                                                                                 
                               "Actual Loops": 1,                                                                                   
                               "Filter": "((note ~~ '%(VHS)%'::text) AND (note ~~ '%(USA)%'::text) AND (note ~~ '%(1994)%'::text))",
                               "Rows Removed by Filter": 2607711,                                                                   
                               "Shared Hit Blocks": 0,                                                                              
                               "Shared Read Blocks": 18789,                                                                         
                               "Shared Dirtied Blocks": 0,                                                                          
                               "Shared Written Blocks": 0,                                                                          
                               "Local Hit Blocks": 0,                                                                               
                               "Local Read Blocks": 0,                                                                              
                               "Local Dirtied Blocks": 0,                                                                           
                               "Local Written Blocks": 0,                                                                           
                               "Temp Read Blocks": 0,                                                                               
                               "Temp Written Blocks": 0                                                                             
                             },                                                                                                     
                             {                                                                                                      
                               "Node Type": "Hash",                                                                                 
                               "Parent Relationship": "Inner",                                                                      
                               "Parallel Aware": false,                                                                             
                               "Startup Cost": 1500.26,                                                                             
                               "Total Cost": 1500.26,                                                                               
                               "Plan Rows": 391667,                                                                                 
                               "Plan Width": 21,                                                                                    
                               "Actual Startup Time": 1717.796,                                                                     
                               "Actual Total Time": 1717.797,                                                                       
                               "Actual Rows": 391666,                                                                               
                               "Actual Loops": 1,                                                                                   
                               "Hash Buckets": 524288,                                                                              
                               "Original Hash Buckets": 524288,                                                                     
                               "Hash Batches": 1,                                                                                   
                               "Original Hash Batches": 1,                                                                          
                               "Peak Memory Usage": 25255,                                                                          
                               "Shared Hit Blocks": 0,                                                                              
                               "Shared Read Blocks": 35998,                                                                         
                               "Shared Dirtied Blocks": 0,                                                                          
                               "Shared Written Blocks": 0,                                                                          
                               "Local Hit Blocks": 0,                                                                               
                               "Local Read Blocks": 0,                                                                              
                               "Local Dirtied Blocks": 0,                                                                           
                               "Local Written Blocks": 0,                                                                           
                               "Temp Read Blocks": 0,                                                                               
                               "Temp Written Blocks": 0,                                                                            
                               "Plans": [                                                                                           
                                 {                                                                                                  
                                   "Node Type": "Seq Scan",                                                                         
                                   "Parent Relationship": "Outer",                                                                  
                                   "Parallel Aware": false,                                                                         
                                   "Relation Name": "title",                                                                        
                                   "Alias": "t",                                                                                    
                                   "Startup Cost": 0.00,                                                                            
                                   "Total Cost": 1500.26,                                                                           
                                   "Plan Rows": 391667,                                                                             
                                   "Plan Width": 21,                                                                                
                                   "Actual Startup Time": 8.856,                                                                    
                                   "Actual Total Time": 1480.637,                                                                   
                                   "Actual Rows": 391666,                                                                           
                                   "Actual Loops": 1,                                                                               
                                   "Filter": "(production_year > 2010)",                                                            
                                   "Rows Removed by Filter": 2136646,                                                               
                                   "Shared Hit Blocks": 0,                                                                          
                                   "Shared Read Blocks": 35998,                                                                     
                                   "Shared Dirtied Blocks": 0,                                                                      
                                   "Shared Written Blocks": 0,                                                                      
                                   "Local Hit Blocks": 0,                                                                           
                                   "Local Read Blocks": 0,                                                                          
                                   "Local Dirtied Blocks": 0,                                                                       
                                   "Local Written Blocks": 0,                                                                       
                                   "Temp Read Blocks": 0,                                                                           
                                   "Temp Written Blocks": 0                                                                         
                                 }                                                                                                  
                               ]                                                                                                    
                             }                                                                                                      
                           ]                                                                                                        
                         },                                                                                                         
                         {                                                                                                          
                           "Node Type": "Hash",                                                                                     
                           "Parent Relationship": "Inner",                                                                          
                           "Parallel Aware": false,                                                                                 
                           "Startup Cost": 0.03,                                                                                    
                           "Total Cost": 0.03,                                                                                      
                           "Plan Rows": 1,                                                                                          
                           "Plan Width": 4,                                                                                         
                           "Actual Startup Time": 21.919,                                                                           
                           "Actual Total Time": 21.919,                                                                             
                           "Actual Rows": 1,                                                                                        
                           "Actual Loops": 1,                                                                                       
                           "Hash Buckets": 1024,                                                                                    
                           "Original Hash Buckets": 1024,                                                                           
                           "Hash Batches": 1,                                                                                       
                           "Original Hash Batches": 1,                                                                              
                           "Peak Memory Usage": 9,                                                                                  
                           "Shared Hit Blocks": 0,                                                                                  
                           "Shared Read Blocks": 1,                                                                                 
                           "Shared Dirtied Blocks": 0,                                                                              
                           "Shared Written Blocks": 0,                                                                              
                           "Local Hit Blocks": 0,                                                                                   
                           "Local Read Blocks": 0,                                                                                  
                           "Local Dirtied Blocks": 0,                                                                               
                           "Local Written Blocks": 0,                                                                               
                           "Temp Read Blocks": 0,                                                                                   
                           "Temp Written Blocks": 0,                                                                                
                           "Plans": [                                                                                               
                             {                                                                                                      
                               "Node Type": "Seq Scan",                                                                             
                               "Parent Relationship": "Outer",                                                                      
                               "Parallel Aware": false,                                                                             
                               "Relation Name": "company_type",                                                                     
                               "Alias": "ct",                                                                                       
                               "Startup Cost": 0.00,                                                                                
                               "Total Cost": 0.03,                                                                                  
                               "Plan Rows": 1,                                                                                      
                               "Plan Width": 4,                                                                                     
                               "Actual Startup Time": 21.893,                                                                       
                               "Actual Total Time": 21.896,                                                                         
                               "Actual Rows": 1,                                                                                    
                               "Actual Loops": 1,                                                                                   
                               "Filter": "((kind)::text = 'production companies'::text)",                                           
                               "Rows Removed by Filter": 3,                                                                         
                               "Shared Hit Blocks": 0,                                                                              
                               "Shared Read Blocks": 1,                                                                             
                               "Shared Dirtied Blocks": 0,                                                                          
                               "Shared Written Blocks": 0,                                                                          
                               "Local Hit Blocks": 0,                                                                               
                               "Local Read Blocks": 0,                                                                              
                               "Local Dirtied Blocks": 0,                                                                           
                               "Local Written Blocks": 0,                                                                           
                               "Temp Read Blocks": 0,                                                                               
                               "Temp Written Blocks": 0                                                                             
                             }                                                                                                      
                           ]                                                                                                        
                         }                                                                                                          
                       ]                                                                                                            
                     }                                                                                                              
                   ]                                                                                                                
                 }                                                                                                                  
               ]                                                                                                                    
             },                                                                                                                     
             {                                                                                                                      
               "Node Type": "Hash",                                                                                                 
               "Parent Relationship": "Inner",                                                                                      
               "Parallel Aware": false,                                                                                             
               "Startup Cost": 0.04,                                                                                                
               "Total Cost": 0.04,                                                                                                  
               "Plan Rows": 113,                                                                                                    
               "Plan Width": 4,                                                                                                     
               "Actual Startup Time": 13.003,                                                                                       
               "Actual Total Time": 13.003,                                                                                         
               "Actual Rows": 113,                                                                                                  
               "Actual Loops": 1,                                                                                                   
               "Hash Buckets": 1024,                                                                                                
               "Original Hash Buckets": 1024,                                                                                       
               "Hash Batches": 1,                                                                                                   
               "Original Hash Batches": 1,                                                                                          
               "Peak Memory Usage": 12,                                                                                             
               "Shared Hit Blocks": 0,                                                                                              
               "Shared Read Blocks": 1,                                                                                             
               "Shared Dirtied Blocks": 0,                                                                                          
               "Shared Written Blocks": 0,                                                                                          
               "Local Hit Blocks": 0,                                                                                               
               "Local Read Blocks": 0,                                                                                              
               "Local Dirtied Blocks": 0,                                                                                           
               "Local Written Blocks": 0,                                                                                           
               "Temp Read Blocks": 0,                                                                                               
               "Temp Written Blocks": 0,                                                                                            
               "Plans": [                                                                                                           
                 {                                                                                                                  
                   "Node Type": "Seq Scan",                                                                                         
                   "Parent Relationship": "Outer",                                                                                  
                   "Parallel Aware": false,                                                                                         
                   "Relation Name": "info_type",                                                                                    
                   "Alias": "it",                                                                                                   
                   "Startup Cost": 0.00,                                                                                            
                   "Total Cost": 0.04,                                                                                              
                   "Plan Rows": 113,                                                                                                
                   "Plan Width": 4,                                                                                                 
                   "Actual Startup Time": 12.859,                                                                                   
                   "Actual Total Time": 12.913,                                                                                     
                   "Actual Rows": 113,                                                                                              
                   "Actual Loops": 1,                                                                                               
                   "Shared Hit Blocks": 0,                                                                                          
                   "Shared Read Blocks": 1,                                                                                         
                   "Shared Dirtied Blocks": 0,                                                                                      
                   "Shared Written Blocks": 0,                                                                                      
                   "Local Hit Blocks": 0,                                                                                           
                   "Local Read Blocks": 0,                                                                                          
                   "Local Dirtied Blocks": 0,                                                                                       
                   "Local Written Blocks": 0,                                                                                       
                   "Temp Read Blocks": 0,                                                                                           
                   "Temp Written Blocks": 0                                                                                         
                 }                                                                                                                  
               ]                                                                                                                    
             }                                                                                                                      
           ]                                                                                                                        
         }                                                                                                                          
       ]                                                                                                                            
     },                                                                                                                             
     "Planning Time": 1709.874,                                                                                                     
     "Triggers": [                                                                                                                  
     ],                                                                                                                             
     "Execution Time": 3153.911                                                                                                     
   }                                                                                                                                
 ]
