 [                                                                                                                                                           
   {                                                                                                                                                         
     "Plan": {                                                                                                                                               
       "Node Type": "Aggregate",                                                                                                                             
       "Strategy": "Plain",                                                                                                                                  
       "Partial Mode": "Simple",                                                                                                                             
       "Parallel Aware": false,                                                                                                                              
       "Startup Cost": 18974.72,                                                                                                                             
       "Total Cost": 18974.72,                                                                                                                               
       "Plan Rows": 1,                                                                                                                                       
       "Plan Width": 96,                                                                                                                                     
       "Actual Startup Time": 18203.295,                                                                                                                     
       "Actual Total Time": 18203.295,                                                                                                                       
       "Actual Rows": 1,                                                                                                                                     
       "Actual Loops": 1,                                                                                                                                    
       "Shared Hit Blocks": 3,                                                                                                                               
       "Shared Read Blocks": 369668,                                                                                                                         
       "Shared Dirtied Blocks": 0,                                                                                                                           
       "Shared Written Blocks": 0,                                                                                                                           
       "Local Hit Blocks": 0,                                                                                                                                
       "Local Read Blocks": 0,                                                                                                                               
       "Local Dirtied Blocks": 0,                                                                                                                            
       "Local Written Blocks": 0,                                                                                                                            
       "Temp Read Blocks": 0,                                                                                                                                
       "Temp Written Blocks": 0,                                                                                                                             
       "Plans": [                                                                                                                                            
         {                                                                                                                                                   
           "Node Type": "Hash Join",                                                                                                                         
           "Parent Relationship": "Outer",                                                                                                                   
           "Parallel Aware": false,                                                                                                                          
           "Join Type": "Inner",                                                                                                                             
           "Startup Cost": 5588.61,                                                                                                                          
           "Total Cost": 18974.72,                                                                                                                           
           "Plan Rows": 1,                                                                                                                                   
           "Plan Width": 48,                                                                                                                                 
           "Actual Startup Time": 6939.718,                                                                                                                  
           "Actual Total Time": 18203.231,                                                                                                                   
           "Actual Rows": 88,                                                                                                                                
           "Actual Loops": 1,                                                                                                                                
           "Inner Unique": true,                                                                                                                             
           "Hash Cond": "(mk.movie_id = t.id)",                                                                                                              
           "Shared Hit Blocks": 3,                                                                                                                           
           "Shared Read Blocks": 369668,                                                                                                                     
           "Shared Dirtied Blocks": 0,                                                                                                                       
           "Shared Written Blocks": 0,                                                                                                                       
           "Local Hit Blocks": 0,                                                                                                                            
           "Local Read Blocks": 0,                                                                                                                           
           "Local Dirtied Blocks": 0,                                                                                                                        
           "Local Written Blocks": 0,                                                                                                                        
           "Temp Read Blocks": 0,                                                                                                                            
           "Temp Written Blocks": 0,                                                                                                                         
           "Plans": [                                                                                                                                        
             {                                                                                                                                               
               "Node Type": "Hash Join",                                                                                                                     
               "Parent Relationship": "Outer",                                                                                                               
               "Parallel Aware": false,                                                                                                                      
               "Join Type": "Inner",                                                                                                                         
               "Startup Cost": 3885.58,                                                                                                                      
               "Total Cost": 17271.69,                                                                                                                       
               "Plan Rows": 1,                                                                                                                               
               "Plan Width": 39,                                                                                                                             
               "Actual Startup Time": 5204.948,                                                                                                              
               "Actual Total Time": 16468.421,                                                                                                               
               "Actual Rows": 112,                                                                                                                           
               "Actual Loops": 1,                                                                                                                            
               "Inner Unique": false,                                                                                                                        
               "Hash Cond": "(ci.movie_id = mk.movie_id)",                                                                                                   
               "Shared Hit Blocks": 0,                                                                                                                       
               "Shared Read Blocks": 333670,                                                                                                                 
               "Shared Dirtied Blocks": 0,                                                                                                                   
               "Shared Written Blocks": 0,                                                                                                                   
               "Local Hit Blocks": 0,                                                                                                                        
               "Local Read Blocks": 0,                                                                                                                       
               "Local Dirtied Blocks": 0,                                                                                                                    
               "Local Written Blocks": 0,                                                                                                                    
               "Temp Read Blocks": 0,                                                                                                                        
               "Temp Written Blocks": 0,                                                                                                                     
               "Plans": [                                                                                                                                    
                 {                                                                                                                                           
                   "Node Type": "Hash Join",                                                                                                                 
                   "Parent Relationship": "Outer",                                                                                                           
                   "Parallel Aware": false,                                                                                                                  
                   "Join Type": "Inner",                                                                                                                     
                   "Startup Cost": 2356.18,                                                                                                                  
                   "Total Cost": 15741.88,                                                                                                                   
                   "Plan Rows": 3479,                                                                                                                        
                   "Plan Width": 19,                                                                                                                         
                   "Actual Startup Time": 3657.263,                                                                                                          
                   "Actual Total Time": 14920.576,                                                                                                           
                   "Actual Rows": 486,                                                                                                                       
                   "Actual Loops": 1,                                                                                                                        
                   "Inner Unique": true,                                                                                                                     
                   "Hash Cond": "(ci.person_id = n.id)",                                                                                                     
                   "Shared Hit Blocks": 0,                                                                                                                   
                   "Shared Read Blocks": 308267,                                                                                                             
                   "Shared Dirtied Blocks": 0,                                                                                                               
                   "Shared Written Blocks": 0,                                                                                                               
                   "Local Hit Blocks": 0,                                                                                                                    
                   "Local Read Blocks": 0,                                                                                                                   
                   "Local Dirtied Blocks": 0,                                                                                                                
                   "Local Written Blocks": 0,                                                                                                                
                   "Temp Read Blocks": 0,                                                                                                                    
                   "Temp Written Blocks": 0,                                                                                                                 
                   "Plans": [                                                                                                                                
                     {                                                                                                                                       
                       "Node Type": "Seq Scan",                                                                                                              
                       "Parent Relationship": "Outer",                                                                                                       
                       "Parallel Aware": false,                                                                                                              
                       "Relation Name": "cast_info",                                                                                                         
                       "Alias": "ci",                                                                                                                        
                       "Startup Cost": 0.00,                                                                                                                 
                       "Total Cost": 10431.00,                                                                                                               
                       "Plan Rows": 36244344,                                                                                                                
                       "Plan Width": 8,                                                                                                                      
                       "Actual Startup Time": 49.542,                                                                                                        
                       "Actual Total Time": 6806.403,                                                                                                        
                       "Actual Rows": 36244344,                                                                                                              
                       "Actual Loops": 1,                                                                                                                    
                       "Shared Hit Blocks": 0,                                                                                                               
                       "Shared Read Blocks": 252654,                                                                                                         
                       "Shared Dirtied Blocks": 0,                                                                                                           
                       "Shared Written Blocks": 0,                                                                                                           
                       "Local Hit Blocks": 0,                                                                                                                
                       "Local Read Blocks": 0,                                                                                                               
                       "Local Dirtied Blocks": 0,                                                                                                            
                       "Local Written Blocks": 0,                                                                                                            
                       "Temp Read Blocks": 0,                                                                                                                
                       "Temp Written Blocks": 0                                                                                                              
                     },                                                                                                                                      
                     {                                                                                                                                       
                       "Node Type": "Hash",                                                                                                                  
                       "Parent Relationship": "Inner",                                                                                                       
                       "Parallel Aware": false,                                                                                                              
                       "Startup Cost": 2356.12,                                                                                                              
                       "Total Cost": 2356.12,                                                                                                                
                       "Plan Rows": 400,                                                                                                                     
                       "Plan Width": 19,                                                                                                                     
                       "Actual Startup Time": 2643.157,                                                                                                      
                       "Actual Total Time": 2643.157,                                                                                                        
                       "Actual Rows": 2,                                                                                                                     
                       "Actual Loops": 1,                                                                                                                    
                       "Hash Buckets": 1024,                                                                                                                 
                       "Original Hash Buckets": 1024,                                                                                                        
                       "Hash Batches": 1,                                                                                                                    
                       "Original Hash Batches": 1,                                                                                                           
                       "Peak Memory Usage": 9,                                                                                                               
                       "Shared Hit Blocks": 0,                                                                                                               
                       "Shared Read Blocks": 55613,                                                                                                          
                       "Shared Dirtied Blocks": 0,                                                                                                           
                       "Shared Written Blocks": 0,                                                                                                           
                       "Local Hit Blocks": 0,                                                                                                                
                       "Local Read Blocks": 0,                                                                                                               
                       "Local Dirtied Blocks": 0,                                                                                                            
                       "Local Written Blocks": 0,                                                                                                            
                       "Temp Read Blocks": 0,                                                                                                                
                       "Temp Written Blocks": 0,                                                                                                             
                       "Plans": [                                                                                                                            
                         {                                                                                                                                   
                           "Node Type": "Seq Scan",                                                                                                          
                           "Parent Relationship": "Outer",                                                                                                   
                           "Parallel Aware": false,                                                                                                          
                           "Relation Name": "name",                                                                                                          
                           "Alias": "n",                                                                                                                     
                           "Startup Cost": 0.00,                                                                                                             
                           "Total Cost": 2356.12,                                                                                                            
                           "Plan Rows": 400,                                                                                                                 
                           "Plan Width": 19,                                                                                                                 
                           "Actual Startup Time": 315.730,                                                                                                   
                           "Actual Total Time": 2643.147,                                                                                                    
                           "Actual Rows": 2,                                                                                                                 
                           "Actual Loops": 1,                                                                                                                
                           "Filter": "(name ~~ '%Downey%Robert%'::text)",                                                                                    
                           "Rows Removed by Filter": 4167489,                                                                                                
                           "Shared Hit Blocks": 0,                                                                                                           
                           "Shared Read Blocks": 55613,                                                                                                      
                           "Shared Dirtied Blocks": 0,                                                                                                       
                           "Shared Written Blocks": 0,                                                                                                       
                           "Local Hit Blocks": 0,                                                                                                            
                           "Local Read Blocks": 0,                                                                                                           
                           "Local Dirtied Blocks": 0,                                                                                                        
                           "Local Written Blocks": 0,                                                                                                        
                           "Temp Read Blocks": 0,                                                                                                            
                           "Temp Written Blocks": 0                                                                                                          
                         }                                                                                                                                   
                       ]                                                                                                                                     
                     }                                                                                                                                       
                   ]                                                                                                                                         
                 },                                                                                                                                          
                 {                                                                                                                                           
                   "Node Type": "Hash",                                                                                                                      
                   "Parent Relationship": "Inner",                                                                                                           
                   "Parallel Aware": false,                                                                                                                  
                   "Startup Cost": 1529.36,                                                                                                                  
                   "Total Cost": 1529.36,                                                                                                                    
                   "Plan Rows": 270,                                                                                                                         
                   "Plan Width": 20,                                                                                                                         
                   "Actual Startup Time": 1547.665,                                                                                                          
                   "Actual Total Time": 1547.665,                                                                                                            
                   "Actual Rows": 35548,                                                                                                                     
                   "Actual Loops": 1,                                                                                                                        
                   "Hash Buckets": 65536,                                                                                                                    
                   "Original Hash Buckets": 1024,                                                                                                            
                   "Hash Batches": 1,                                                                                                                        
                   "Original Hash Batches": 1,                                                                                                               
                   "Peak Memory Usage": 2124,                                                                                                                
                   "Shared Hit Blocks": 0,                                                                                                                   
                   "Shared Read Blocks": 25403,                                                                                                              
                   "Shared Dirtied Blocks": 0,                                                                                                               
                   "Shared Written Blocks": 0,                                                                                                               
                   "Local Hit Blocks": 0,                                                                                                                    
                   "Local Read Blocks": 0,                                                                                                                   
                   "Local Dirtied Blocks": 0,                                                                                                                
                   "Local Written Blocks": 0,                                                                                                                
                   "Temp Read Blocks": 0,                                                                                                                    
                   "Temp Written Blocks": 0,                                                                                                                 
                   "Plans": [                                                                                                                                
                     {                                                                                                                                       
                       "Node Type": "Hash Join",                                                                                                             
                       "Parent Relationship": "Outer",                                                                                                       
                       "Parallel Aware": false,                                                                                                              
                       "Join Type": "Inner",                                                                                                                 
                       "Startup Cost": 80.71,                                                                                                                
                       "Total Cost": 1529.36,                                                                                                                
                       "Plan Rows": 270,                                                                                                                     
                       "Plan Width": 20,                                                                                                                     
                       "Actual Startup Time": 96.668,                                                                                                        
                       "Actual Total Time": 1536.357,                                                                                                        
                       "Actual Rows": 35548,                                                                                                                 
                       "Actual Loops": 1,                                                                                                                    
                       "Inner Unique": true,                                                                                                                 
                       "Hash Cond": "(mk.keyword_id = k.id)",                                                                                                
                       "Shared Hit Blocks": 0,                                                                                                               
                       "Shared Read Blocks": 25403,                                                                                                          
                       "Shared Dirtied Blocks": 0,                                                                                                           
                       "Shared Written Blocks": 0,                                                                                                           
                       "Local Hit Blocks": 0,                                                                                                                
                       "Local Read Blocks": 0,                                                                                                               
                       "Local Dirtied Blocks": 0,                                                                                                            
                       "Local Written Blocks": 0,                                                                                                            
                       "Temp Read Blocks": 0,                                                                                                                
                       "Temp Written Blocks": 0,                                                                                                             
                       "Plans": [                                                                                                                            
                         {                                                                                                                                   
                           "Node Type": "Seq Scan",                                                                                                          
                           "Parent Relationship": "Outer",                                                                                                   
                           "Parallel Aware": false,                                                                                                          
                           "Relation Name": "movie_keyword",                                                                                                 
                           "Alias": "mk",                                                                                                                    
                           "Startup Cost": 0.00,                                                                                                             
                           "Total Cost": 1079.84,                                                                                                            
                           "Plan Rows": 4523930,                                                                                                             
                           "Plan Width": 8,                                                                                                                  
                           "Actual Startup Time": 4.757,                                                                                                     
                           "Actual Total Time": 800.067,                                                                                                     
                           "Actual Rows": 4523930,                                                                                                           
                           "Actual Loops": 1,                                                                                                                
                           "Shared Hit Blocks": 0,                                                                                                           
                           "Shared Read Blocks": 24454,                                                                                                      
                           "Shared Dirtied Blocks": 0,                                                                                                       
                           "Shared Written Blocks": 0,                                                                                                       
                           "Local Hit Blocks": 0,                                                                                                            
                           "Local Read Blocks": 0,                                                                                                           
                           "Local Dirtied Blocks": 0,                                                                                                        
                           "Local Written Blocks": 0,                                                                                                        
                           "Temp Read Blocks": 0,                                                                                                            
                           "Temp Written Blocks": 0                                                                                                          
                         },                                                                                                                                  
                         {                                                                                                                                   
                           "Node Type": "Hash",                                                                                                              
                           "Parent Relationship": "Inner",                                                                                                   
                           "Parallel Aware": false,                                                                                                          
                           "Startup Cost": 80.71,                                                                                                            
                           "Total Cost": 80.71,                                                                                                              
                           "Plan Rows": 8,                                                                                                                   
                           "Plan Width": 20,                                                                                                                 
                           "Actual Startup Time": 91.666,                                                                                                    
                           "Actual Total Time": 91.666,                                                                                                      
                           "Actual Rows": 8,                                                                                                                 
                           "Actual Loops": 1,                                                                                                                
                           "Hash Buckets": 1024,                                                                                                             
                           "Original Hash Buckets": 1024,                                                                                                    
                           "Hash Batches": 1,                                                                                                                
                           "Original Hash Batches": 1,                                                                                                       
                           "Peak Memory Usage": 9,                                                                                                           
                           "Shared Hit Blocks": 0,                                                                                                           
                           "Shared Read Blocks": 949,                                                                                                        
                           "Shared Dirtied Blocks": 0,                                                                                                       
                           "Shared Written Blocks": 0,                                                                                                       
                           "Local Hit Blocks": 0,                                                                                                            
                           "Local Read Blocks": 0,                                                                                                           
                           "Local Dirtied Blocks": 0,                                                                                                        
                           "Local Written Blocks": 0,                                                                                                        
                           "Temp Read Blocks": 0,                                                                                                            
                           "Temp Written Blocks": 0,                                                                                                         
                           "Plans": [                                                                                                                        
                             {                                                                                                                               
                               "Node Type": "Seq Scan",                                                                                                      
                               "Parent Relationship": "Outer",                                                                                               
                               "Parallel Aware": false,                                                                                                      
                               "Relation Name": "keyword",                                                                                                   
                               "Alias": "k",                                                                                                                 
                               "Startup Cost": 0.00,                                                                                                         
                               "Total Cost": 80.71,                                                                                                          
                               "Plan Rows": 8,                                                                                                               
                               "Plan Width": 20,                                                                                                             
                               "Actual Startup Time": 27.303,                                                                                                
                               "Actual Total Time": 91.650,                                                                                                  
                               "Actual Rows": 8,                                                                                                             
                               "Actual Loops": 1,                                                                                                            
                               "Filter": "(keyword = ANY ('{superhero,sequel,second-part,marvel-comics,based-on-comic,tv-special,fight,violence}'::text[]))",
                               "Rows Removed by Filter": 134162,                                                                                             
                               "Shared Hit Blocks": 0,                                                                                                       
                               "Shared Read Blocks": 949,                                                                                                    
                               "Shared Dirtied Blocks": 0,                                                                                                   
                               "Shared Written Blocks": 0,                                                                                                   
                               "Local Hit Blocks": 0,                                                                                                        
                               "Local Read Blocks": 0,                                                                                                       
                               "Local Dirtied Blocks": 0,                                                                                                    
                               "Local Written Blocks": 0,                                                                                                    
                               "Temp Read Blocks": 0,                                                                                                        
                               "Temp Written Blocks": 0                                                                                                      
                             }                                                                                                                               
                           ]                                                                                                                                 
                         }                                                                                                                                   
                       ]                                                                                                                                     
                     }                                                                                                                                       
                   ]                                                                                                                                         
                 }                                                                                                                                           
               ]                                                                                                                                             
             },                                                                                                                                              
             {                                                                                                                                               
               "Node Type": "Hash",                                                                                                                          
               "Parent Relationship": "Inner",                                                                                                               
               "Parallel Aware": false,                                                                                                                      
               "Startup Cost": 1500.26,                                                                                                                      
               "Total Cost": 1500.26,                                                                                                                        
               "Plan Rows": 1381453,                                                                                                                         
               "Plan Width": 21,                                                                                                                             
               "Actual Startup Time": 1729.852,                                                                                                              
               "Actual Total Time": 1729.852,                                                                                                                
               "Actual Rows": 1381453,                                                                                                                       
               "Actual Loops": 1,                                                                                                                            
               "Hash Buckets": 2097152,                                                                                                                      
               "Original Hash Buckets": 2097152,                                                                                                             
               "Hash Batches": 1,                                                                                                                            
               "Original Hash Batches": 1,                                                                                                                   
               "Peak Memory Usage": 90381,                                                                                                                   
               "Shared Hit Blocks": 0,                                                                                                                       
               "Shared Read Blocks": 35998,                                                                                                                  
               "Shared Dirtied Blocks": 0,                                                                                                                   
               "Shared Written Blocks": 0,                                                                                                                   
               "Local Hit Blocks": 0,                                                                                                                        
               "Local Read Blocks": 0,                                                                                                                       
               "Local Dirtied Blocks": 0,                                                                                                                    
               "Local Written Blocks": 0,                                                                                                                    
               "Temp Read Blocks": 0,                                                                                                                        
               "Temp Written Blocks": 0,                                                                                                                     
               "Plans": [                                                                                                                                    
                 {                                                                                                                                           
                   "Node Type": "Seq Scan",                                                                                                                  
                   "Parent Relationship": "Outer",                                                                                                           
                   "Parallel Aware": false,                                                                                                                  
                   "Relation Name": "title",                                                                                                                 
                   "Alias": "t",                                                                                                                             
                   "Startup Cost": 0.00,                                                                                                                     
                   "Total Cost": 1500.26,                                                                                                                    
                   "Plan Rows": 1381453,                                                                                                                     
                   "Plan Width": 21,                                                                                                                         
                   "Actual Startup Time": 22.029,                                                                                                            
                   "Actual Total Time": 1165.537,                                                                                                            
                   "Actual Rows": 1381453,                                                                                                                   
                   "Actual Loops": 1,                                                                                                                        
                   "Filter": "(production_year > 2000)",                                                                                                     
                   "Rows Removed by Filter": 1146859,                                                                                                        
                   "Shared Hit Blocks": 0,                                                                                                                   
                   "Shared Read Blocks": 35998,                                                                                                              
                   "Shared Dirtied Blocks": 0,                                                                                                               
                   "Shared Written Blocks": 0,                                                                                                               
                   "Local Hit Blocks": 0,                                                                                                                    
                   "Local Read Blocks": 0,                                                                                                                   
                   "Local Dirtied Blocks": 0,                                                                                                                
                   "Local Written Blocks": 0,                                                                                                                
                   "Temp Read Blocks": 0,                                                                                                                    
                   "Temp Written Blocks": 0                                                                                                                  
                 }                                                                                                                                           
               ]                                                                                                                                             
             }                                                                                                                                               
           ]                                                                                                                                                 
         }                                                                                                                                                   
       ]                                                                                                                                                     
     },                                                                                                                                                      
     "Planning Time": 2422.961,                                                                                                                              
     "Triggers": [                                                                                                                                           
     ],                                                                                                                                                      
     "Execution Time": 18205.588                                                                                                                             
   }                                                                                                                                                         
 ]
