 [                                                                                                                                                               
   {                                                                                                                                                             
     "Plan": {                                                                                                                                                   
       "Node Type": "Aggregate",                                                                                                                                 
       "Strategy": "Plain",                                                                                                                                      
       "Partial Mode": "Simple",                                                                                                                                 
       "Parallel Aware": false,                                                                                                                                  
       "Startup Cost": 20530.41,                                                                                                                                 
       "Total Cost": 20530.41,                                                                                                                                   
       "Plan Rows": 1,                                                                                                                                           
       "Plan Width": 96,                                                                                                                                         
       "Actual Startup Time": 18311.261,                                                                                                                         
       "Actual Total Time": 18311.262,                                                                                                                           
       "Actual Rows": 1,                                                                                                                                         
       "Actual Loops": 1,                                                                                                                                        
       "Shared Hit Blocks": 3,                                                                                                                                   
       "Shared Read Blocks": 369668,                                                                                                                             
       "Shared Dirtied Blocks": 0,                                                                                                                               
       "Shared Written Blocks": 0,                                                                                                                               
       "Local Hit Blocks": 0,                                                                                                                                    
       "Local Read Blocks": 0,                                                                                                                                   
       "Local Dirtied Blocks": 0,                                                                                                                                
       "Local Written Blocks": 0,                                                                                                                                
       "Temp Read Blocks": 0,                                                                                                                                    
       "Temp Written Blocks": 0,                                                                                                                                 
       "Plans": [                                                                                                                                                
         {                                                                                                                                                       
           "Node Type": "Hash Join",                                                                                                                             
           "Parent Relationship": "Outer",                                                                                                                       
           "Parallel Aware": false,                                                                                                                              
           "Join Type": "Inner",                                                                                                                                 
           "Startup Cost": 5876.70,                                                                                                                              
           "Total Cost": 20529.26,                                                                                                                               
           "Plan Rows": 4974,                                                                                                                                    
           "Plan Width": 48,                                                                                                                                     
           "Actual Startup Time": 6116.508,                                                                                                                      
           "Actual Total Time": 18027.015,                                                                                                                       
           "Actual Rows": 785477,                                                                                                                                
           "Actual Loops": 1,                                                                                                                                    
           "Inner Unique": true,                                                                                                                                 
           "Hash Cond": "(ci.person_id = n.id)",                                                                                                                 
           "Shared Hit Blocks": 3,                                                                                                                               
           "Shared Read Blocks": 369668,                                                                                                                         
           "Shared Dirtied Blocks": 0,                                                                                                                           
           "Shared Written Blocks": 0,                                                                                                                           
           "Local Hit Blocks": 0,                                                                                                                                
           "Local Read Blocks": 0,                                                                                                                               
           "Local Dirtied Blocks": 0,                                                                                                                            
           "Local Written Blocks": 0,                                                                                                                            
           "Temp Read Blocks": 0,                                                                                                                                
           "Temp Written Blocks": 0,                                                                                                                             
           "Plans": [                                                                                                                                            
             {                                                                                                                                                   
               "Node Type": "Hash Join",                                                                                                                         
               "Parent Relationship": "Outer",                                                                                                                   
               "Parallel Aware": false,                                                                                                                          
               "Join Type": "Inner",                                                                                                                             
               "Startup Cost": 3232.43,                                                                                                                          
               "Total Cost": 17884.58,                                                                                                                           
               "Plan Rows": 4974,                                                                                                                                
               "Plan Width": 37,                                                                                                                                 
               "Actual Startup Time": 3022.404,                                                                                                                  
               "Actual Total Time": 14576.423,                                                                                                                   
               "Actual Rows": 785477,                                                                                                                            
               "Actual Loops": 1,                                                                                                                                
               "Inner Unique": false,                                                                                                                            
               "Hash Cond": "(ci.movie_id = t.id)",                                                                                                              
               "Shared Hit Blocks": 0,                                                                                                                           
               "Shared Read Blocks": 314055,                                                                                                                     
               "Shared Dirtied Blocks": 0,                                                                                                                       
               "Shared Written Blocks": 0,                                                                                                                       
               "Local Hit Blocks": 0,                                                                                                                            
               "Local Read Blocks": 0,                                                                                                                           
               "Local Dirtied Blocks": 0,                                                                                                                        
               "Local Written Blocks": 0,                                                                                                                        
               "Temp Read Blocks": 0,                                                                                                                            
               "Temp Written Blocks": 0,                                                                                                                         
               "Plans": [                                                                                                                                        
                 {                                                                                                                                               
                   "Node Type": "Seq Scan",                                                                                                                      
                   "Parent Relationship": "Outer",                                                                                                               
                   "Parallel Aware": false,                                                                                                                      
                   "Relation Name": "cast_info",                                                                                                                 
                   "Alias": "ci",                                                                                                                                
                   "Startup Cost": 0.00,                                                                                                                         
                   "Total Cost": 10431.00,                                                                                                                       
                   "Plan Rows": 36244344,                                                                                                                        
                   "Plan Width": 8,                                                                                                                              
                   "Actual Startup Time": 38.590,                                                                                                                
                   "Actual Total Time": 5085.643,                                                                                                                
                   "Actual Rows": 36244344,                                                                                                                      
                   "Actual Loops": 1,                                                                                                                            
                   "Shared Hit Blocks": 0,                                                                                                                       
                   "Shared Read Blocks": 252654,                                                                                                                 
                   "Shared Dirtied Blocks": 0,                                                                                                                   
                   "Shared Written Blocks": 0,                                                                                                                   
                   "Local Hit Blocks": 0,                                                                                                                        
                   "Local Read Blocks": 0,                                                                                                                       
                   "Local Dirtied Blocks": 0,                                                                                                                    
                   "Local Written Blocks": 0,                                                                                                                    
                   "Temp Read Blocks": 0,                                                                                                                        
                   "Temp Written Blocks": 0                                                                                                                      
                 },                                                                                                                                              
                 {                                                                                                                                               
                   "Node Type": "Hash",                                                                                                                          
                   "Parent Relationship": "Inner",                                                                                                               
                   "Parallel Aware": false,                                                                                                                      
                   "Startup Cost": 3232.41,                                                                                                                      
                   "Total Cost": 3232.41,                                                                                                                        
                   "Plan Rows": 148,                                                                                                                             
                   "Plan Width": 41,                                                                                                                             
                   "Actual Startup Time": 2983.747,                                                                                                              
                   "Actual Total Time": 2983.747,                                                                                                                
                   "Actual Rows": 14165,                                                                                                                         
                   "Actual Loops": 1,                                                                                                                            
                   "Hash Buckets": 16384,                                                                                                                        
                   "Original Hash Buckets": 1024,                                                                                                                
                   "Hash Batches": 1,                                                                                                                            
                   "Original Hash Batches": 1,                                                                                                                   
                   "Peak Memory Usage": 1135,                                                                                                                    
                   "Shared Hit Blocks": 0,                                                                                                                       
                   "Shared Read Blocks": 61401,                                                                                                                  
                   "Shared Dirtied Blocks": 0,                                                                                                                   
                   "Shared Written Blocks": 0,                                                                                                                   
                   "Local Hit Blocks": 0,                                                                                                                        
                   "Local Read Blocks": 0,                                                                                                                       
                   "Local Dirtied Blocks": 0,                                                                                                                    
                   "Local Written Blocks": 0,                                                                                                                    
                   "Temp Read Blocks": 0,                                                                                                                        
                   "Temp Written Blocks": 0,                                                                                                                     
                   "Plans": [                                                                                                                                    
                     {                                                                                                                                           
                       "Node Type": "Hash Join",                                                                                                                 
                       "Parent Relationship": "Outer",                                                                                                           
                       "Parallel Aware": false,                                                                                                                  
                       "Join Type": "Inner",                                                                                                                     
                       "Startup Cost": 1783.74,                                                                                                                  
                       "Total Cost": 3232.41,                                                                                                                    
                       "Plan Rows": 148,                                                                                                                         
                       "Plan Width": 41,                                                                                                                         
                       "Actual Startup Time": 1835.918,                                                                                                          
                       "Actual Total Time": 2978.070,                                                                                                            
                       "Actual Rows": 14165,                                                                                                                     
                       "Actual Loops": 1,                                                                                                                        
                       "Inner Unique": true,                                                                                                                     
                       "Hash Cond": "(mk.movie_id = t.id)",                                                                                                      
                       "Shared Hit Blocks": 0,                                                                                                                   
                       "Shared Read Blocks": 61401,                                                                                                              
                       "Shared Dirtied Blocks": 0,                                                                                                               
                       "Shared Written Blocks": 0,                                                                                                               
                       "Local Hit Blocks": 0,                                                                                                                    
                       "Local Read Blocks": 0,                                                                                                                   
                       "Local Dirtied Blocks": 0,                                                                                                                
                       "Local Written Blocks": 0,                                                                                                                
                       "Temp Read Blocks": 0,                                                                                                                    
                       "Temp Written Blocks": 0,                                                                                                                 
                       "Plans": [                                                                                                                                
                         {                                                                                                                                       
                           "Node Type": "Hash Join",                                                                                                             
                           "Parent Relationship": "Outer",                                                                                                       
                           "Parallel Aware": false,                                                                                                              
                           "Join Type": "Inner",                                                                                                                 
                           "Startup Cost": 80.71,                                                                                                                
                           "Total Cost": 1529.36,                                                                                                                
                           "Plan Rows": 270,                                                                                                                     
                           "Plan Width": 20,                                                                                                                     
                           "Actual Startup Time": 99.346,                                                                                                        
                           "Actual Total Time": 1225.001,                                                                                                        
                           "Actual Rows": 35548,                                                                                                                 
                           "Actual Loops": 1,                                                                                                                    
                           "Inner Unique": true,                                                                                                                 
                           "Hash Cond": "(mk.keyword_id = k.id)",                                                                                                
                           "Shared Hit Blocks": 0,                                                                                                               
                           "Shared Read Blocks": 25403,                                                                                                          
                           "Shared Dirtied Blocks": 0,                                                                                                           
                           "Shared Written Blocks": 0,                                                                                                           
                           "Local Hit Blocks": 0,                                                                                                                
                           "Local Read Blocks": 0,                                                                                                               
                           "Local Dirtied Blocks": 0,                                                                                                            
                           "Local Written Blocks": 0,                                                                                                            
                           "Temp Read Blocks": 0,                                                                                                                
                           "Temp Written Blocks": 0,                                                                                                             
                           "Plans": [                                                                                                                            
                             {                                                                                                                                   
                               "Node Type": "Seq Scan",                                                                                                          
                               "Parent Relationship": "Outer",                                                                                                   
                               "Parallel Aware": false,                                                                                                          
                               "Relation Name": "movie_keyword",                                                                                                 
                               "Alias": "mk",                                                                                                                    
                               "Startup Cost": 0.00,                                                                                                             
                               "Total Cost": 1079.84,                                                                                                            
                               "Plan Rows": 4523930,                                                                                                             
                               "Plan Width": 8,                                                                                                                  
                               "Actual Startup Time": 7.410,                                                                                                     
                               "Actual Total Time": 508.880,                                                                                                     
                               "Actual Rows": 4523930,                                                                                                           
                               "Actual Loops": 1,                                                                                                                
                               "Shared Hit Blocks": 0,                                                                                                           
                               "Shared Read Blocks": 24454,                                                                                                      
                               "Shared Dirtied Blocks": 0,                                                                                                       
                               "Shared Written Blocks": 0,                                                                                                       
                               "Local Hit Blocks": 0,                                                                                                            
                               "Local Read Blocks": 0,                                                                                                           
                               "Local Dirtied Blocks": 0,                                                                                                        
                               "Local Written Blocks": 0,                                                                                                        
                               "Temp Read Blocks": 0,                                                                                                            
                               "Temp Written Blocks": 0                                                                                                          
                             },                                                                                                                                  
                             {                                                                                                                                   
                               "Node Type": "Hash",                                                                                                              
                               "Parent Relationship": "Inner",                                                                                                   
                               "Parallel Aware": false,                                                                                                          
                               "Startup Cost": 80.71,                                                                                                            
                               "Total Cost": 80.71,                                                                                                              
                               "Plan Rows": 8,                                                                                                                   
                               "Plan Width": 20,                                                                                                                 
                               "Actual Startup Time": 91.680,                                                                                                    
                               "Actual Total Time": 91.680,                                                                                                      
                               "Actual Rows": 8,                                                                                                                 
                               "Actual Loops": 1,                                                                                                                
                               "Hash Buckets": 1024,                                                                                                             
                               "Original Hash Buckets": 1024,                                                                                                    
                               "Hash Batches": 1,                                                                                                                
                               "Original Hash Batches": 1,                                                                                                       
                               "Peak Memory Usage": 9,                                                                                                           
                               "Shared Hit Blocks": 0,                                                                                                           
                               "Shared Read Blocks": 949,                                                                                                        
                               "Shared Dirtied Blocks": 0,                                                                                                       
                               "Shared Written Blocks": 0,                                                                                                       
                               "Local Hit Blocks": 0,                                                                                                            
                               "Local Read Blocks": 0,                                                                                                           
                               "Local Dirtied Blocks": 0,                                                                                                        
                               "Local Written Blocks": 0,                                                                                                        
                               "Temp Read Blocks": 0,                                                                                                            
                               "Temp Written Blocks": 0,                                                                                                         
                               "Plans": [                                                                                                                        
                                 {                                                                                                                               
                                   "Node Type": "Seq Scan",                                                                                                      
                                   "Parent Relationship": "Outer",                                                                                               
                                   "Parallel Aware": false,                                                                                                      
                                   "Relation Name": "keyword",                                                                                                   
                                   "Alias": "k",                                                                                                                 
                                   "Startup Cost": 0.00,                                                                                                         
                                   "Total Cost": 80.71,                                                                                                          
                                   "Plan Rows": 8,                                                                                                               
                                   "Plan Width": 20,                                                                                                             
                                   "Actual Startup Time": 27.378,                                                                                                
                                   "Actual Total Time": 91.655,                                                                                                  
                                   "Actual Rows": 8,                                                                                                             
                                   "Actual Loops": 1,                                                                                                            
                                   "Filter": "(keyword = ANY ('{superhero,sequel,second-part,marvel-comics,based-on-comic,tv-special,fight,violence}'::text[]))",
                                   "Rows Removed by Filter": 134162,                                                                                             
                                   "Shared Hit Blocks": 0,                                                                                                       
                                   "Shared Read Blocks": 949,                                                                                                    
                                   "Shared Dirtied Blocks": 0,                                                                                                   
                                   "Shared Written Blocks": 0,                                                                                                   
                                   "Local Hit Blocks": 0,                                                                                                        
                                   "Local Read Blocks": 0,                                                                                                       
                                   "Local Dirtied Blocks": 0,                                                                                                    
                                   "Local Written Blocks": 0,                                                                                                    
                                   "Temp Read Blocks": 0,                                                                                                        
                                   "Temp Written Blocks": 0                                                                                                      
                                 }                                                                                                                               
                               ]                                                                                                                                 
                             }                                                                                                                                   
                           ]                                                                                                                                     
                         },                                                                                                                                      
                         {                                                                                                                                       
                           "Node Type": "Hash",                                                                                                                  
                           "Parent Relationship": "Inner",                                                                                                       
                           "Parallel Aware": false,                                                                                                              
                           "Startup Cost": 1500.26,                                                                                                              
                           "Total Cost": 1500.26,                                                                                                                
                           "Plan Rows": 1381453,                                                                                                                 
                           "Plan Width": 21,                                                                                                                     
                           "Actual Startup Time": 1731.403,                                                                                                      
                           "Actual Total Time": 1731.403,                                                                                                        
                           "Actual Rows": 1381453,                                                                                                               
                           "Actual Loops": 1,                                                                                                                    
                           "Hash Buckets": 2097152,                                                                                                              
                           "Original Hash Buckets": 2097152,                                                                                                     
                           "Hash Batches": 1,                                                                                                                    
                           "Original Hash Batches": 1,                                                                                                           
                           "Peak Memory Usage": 90381,                                                                                                           
                           "Shared Hit Blocks": 0,                                                                                                               
                           "Shared Read Blocks": 35998,                                                                                                          
                           "Shared Dirtied Blocks": 0,                                                                                                           
                           "Shared Written Blocks": 0,                                                                                                           
                           "Local Hit Blocks": 0,                                                                                                                
                           "Local Read Blocks": 0,                                                                                                               
                           "Local Dirtied Blocks": 0,                                                                                                            
                           "Local Written Blocks": 0,                                                                                                            
                           "Temp Read Blocks": 0,                                                                                                                
                           "Temp Written Blocks": 0,                                                                                                             
                           "Plans": [                                                                                                                            
                             {                                                                                                                                   
                               "Node Type": "Seq Scan",                                                                                                          
                               "Parent Relationship": "Outer",                                                                                                   
                               "Parallel Aware": false,                                                                                                          
                               "Relation Name": "title",                                                                                                         
                               "Alias": "t",                                                                                                                     
                               "Startup Cost": 0.00,                                                                                                             
                               "Total Cost": 1500.26,                                                                                                            
                               "Plan Rows": 1381453,                                                                                                             
                               "Plan Width": 21,                                                                                                                 
                               "Actual Startup Time": 23.537,                                                                                                    
                               "Actual Total Time": 1142.351,                                                                                                    
                               "Actual Rows": 1381453,                                                                                                           
                               "Actual Loops": 1,                                                                                                                
                               "Filter": "(production_year > 2000)",                                                                                             
                               "Rows Removed by Filter": 1146859,                                                                                                
                               "Shared Hit Blocks": 0,                                                                                                           
                               "Shared Read Blocks": 35998,                                                                                                      
                               "Shared Dirtied Blocks": 0,                                                                                                       
                               "Shared Written Blocks": 0,                                                                                                       
                               "Local Hit Blocks": 0,                                                                                                            
                               "Local Read Blocks": 0,                                                                                                           
                               "Local Dirtied Blocks": 0,                                                                                                        
                               "Local Written Blocks": 0,                                                                                                        
                               "Temp Read Blocks": 0,                                                                                                            
                               "Temp Written Blocks": 0                                                                                                          
                             }                                                                                                                                   
                           ]                                                                                                                                     
                         }                                                                                                                                       
                       ]                                                                                                                                         
                     }                                                                                                                                           
                   ]                                                                                                                                             
                 }                                                                                                                                               
               ]                                                                                                                                                 
             },                                                                                                                                                  
             {                                                                                                                                                   
               "Node Type": "Hash",                                                                                                                              
               "Parent Relationship": "Inner",                                                                                                                   
               "Parallel Aware": false,                                                                                                                          
               "Startup Cost": 2032.56,                                                                                                                          
               "Total Cost": 2032.56,                                                                                                                            
               "Plan Rows": 4167491,                                                                                                                             
               "Plan Width": 19,                                                                                                                                 
               "Actual Startup Time": 3084.160,                                                                                                                  
               "Actual Total Time": 3084.160,                                                                                                                    
               "Actual Rows": 4167491,                                                                                                                           
               "Actual Loops": 1,                                                                                                                                
               "Hash Buckets": 4194304,                                                                                                                          
               "Original Hash Buckets": 4194304,                                                                                                                 
               "Hash Batches": 1,                                                                                                                                
               "Original Hash Batches": 1,                                                                                                                       
               "Peak Memory Usage": 248744,                                                                                                                      
               "Shared Hit Blocks": 0,                                                                                                                           
               "Shared Read Blocks": 55613,                                                                                                                      
               "Shared Dirtied Blocks": 0,                                                                                                                       
               "Shared Written Blocks": 0,                                                                                                                       
               "Local Hit Blocks": 0,                                                                                                                            
               "Local Read Blocks": 0,                                                                                                                           
               "Local Dirtied Blocks": 0,                                                                                                                        
               "Local Written Blocks": 0,                                                                                                                        
               "Temp Read Blocks": 0,                                                                                                                            
               "Temp Written Blocks": 0,                                                                                                                         
               "Plans": [                                                                                                                                        
                 {                                                                                                                                               
                   "Node Type": "Seq Scan",                                                                                                                      
                   "Parent Relationship": "Outer",                                                                                                               
                   "Parallel Aware": false,                                                                                                                      
                   "Relation Name": "name",                                                                                                                      
                   "Alias": "n",                                                                                                                                 
                   "Startup Cost": 0.00,                                                                                                                         
                   "Total Cost": 2032.56,                                                                                                                        
                   "Plan Rows": 4167491,                                                                                                                         
                   "Plan Width": 19,                                                                                                                             
                   "Actual Startup Time": 36.240,                                                                                                                
                   "Actual Total Time": 1670.317,                                                                                                                
                   "Actual Rows": 4167491,                                                                                                                       
                   "Actual Loops": 1,                                                                                                                            
                   "Shared Hit Blocks": 0,                                                                                                                       
                   "Shared Read Blocks": 55613,                                                                                                                  
                   "Shared Dirtied Blocks": 0,                                                                                                                   
                   "Shared Written Blocks": 0,                                                                                                                   
                   "Local Hit Blocks": 0,                                                                                                                        
                   "Local Read Blocks": 0,                                                                                                                       
                   "Local Dirtied Blocks": 0,                                                                                                                    
                   "Local Written Blocks": 0,                                                                                                                    
                   "Temp Read Blocks": 0,                                                                                                                        
                   "Temp Written Blocks": 0                                                                                                                      
                 }                                                                                                                                               
               ]                                                                                                                                                 
             }                                                                                                                                                   
           ]                                                                                                                                                     
         }                                                                                                                                                       
       ]                                                                                                                                                         
     },                                                                                                                                                          
     "Planning Time": 2197.240,                                                                                                                                  
     "Triggers": [                                                                                                                                               
     ],                                                                                                                                                          
     "Execution Time": 18317.495                                                                                                                                 
   }                                                                                                                                                             
 ]
