 [                                                                                                                                                                            
   {                                                                                                                                                                          
     "Plan": {                                                                                                                                                                
       "Node Type": "Aggregate",                                                                                                                                              
       "Strategy": "Plain",                                                                                                                                                   
       "Partial Mode": "Simple",                                                                                                                                              
       "Parallel Aware": false,                                                                                                                                               
       "Startup Cost": 20228.08,                                                                                                                                              
       "Total Cost": 20228.08,                                                                                                                                                
       "Plan Rows": 1,                                                                                                                                                        
       "Plan Width": 64,                                                                                                                                                      
       "Actual Startup Time": 18088.682,                                                                                                                                      
       "Actual Total Time": 18088.682,                                                                                                                                        
       "Actual Rows": 1,                                                                                                                                                      
       "Actual Loops": 1,                                                                                                                                                     
       "Shared Hit Blocks": 3,                                                                                                                                                
       "Shared Read Blocks": 377444,                                                                                                                                          
       "Shared Dirtied Blocks": 0,                                                                                                                                            
       "Shared Written Blocks": 0,                                                                                                                                            
       "Local Hit Blocks": 0,                                                                                                                                                 
       "Local Read Blocks": 0,                                                                                                                                                
       "Local Dirtied Blocks": 0,                                                                                                                                             
       "Local Written Blocks": 0,                                                                                                                                             
       "Temp Read Blocks": 0,                                                                                                                                                 
       "Temp Written Blocks": 0,                                                                                                                                              
       "Plans": [                                                                                                                                                             
         {                                                                                                                                                                    
           "Node Type": "Hash Join",                                                                                                                                          
           "Parent Relationship": "Outer",                                                                                                                                    
           "Parallel Aware": false,                                                                                                                                           
           "Join Type": "Inner",                                                                                                                                              
           "Startup Cost": 6975.47,                                                                                                                                           
           "Total Cost": 20228.08,                                                                                                                                            
           "Plan Rows": 1,                                                                                                                                                    
           "Plan Width": 33,                                                                                                                                                  
           "Actual Startup Time": 12379.047,                                                                                                                                  
           "Actual Total Time": 18088.651,                                                                                                                                    
           "Actual Rows": 6,                                                                                                                                                  
           "Actual Loops": 1,                                                                                                                                                 
           "Inner Unique": true,                                                                                                                                              
           "Hash Cond": "(ci.role_id = rt.id)",                                                                                                                               
           "Shared Hit Blocks": 3,                                                                                                                                            
           "Shared Read Blocks": 377444,                                                                                                                                      
           "Shared Dirtied Blocks": 0,                                                                                                                                        
           "Shared Written Blocks": 0,                                                                                                                                        
           "Local Hit Blocks": 0,                                                                                                                                             
           "Local Read Blocks": 0,                                                                                                                                            
           "Local Dirtied Blocks": 0,                                                                                                                                         
           "Local Written Blocks": 0,                                                                                                                                         
           "Temp Read Blocks": 0,                                                                                                                                             
           "Temp Written Blocks": 0,                                                                                                                                          
           "Plans": [                                                                                                                                                         
             {                                                                                                                                                                
               "Node Type": "Hash Join",                                                                                                                                      
               "Parent Relationship": "Outer",                                                                                                                                
               "Parallel Aware": false,                                                                                                                                       
               "Join Type": "Inner",                                                                                                                                          
               "Startup Cost": 6975.44,                                                                                                                                       
               "Total Cost": 20228.05,                                                                                                                                        
               "Plan Rows": 1,                                                                                                                                                
               "Plan Width": 37,                                                                                                                                              
               "Actual Startup Time": 12378.944,                                                                                                                              
               "Actual Total Time": 18088.544,                                                                                                                                
               "Actual Rows": 6,                                                                                                                                              
               "Actual Loops": 1,                                                                                                                                             
               "Inner Unique": false,                                                                                                                                         
               "Hash Cond": "(ci.person_id = an.person_id)",                                                                                                                  
               "Shared Hit Blocks": 0,                                                                                                                                        
               "Shared Read Blocks": 377443,                                                                                                                                  
               "Shared Dirtied Blocks": 0,                                                                                                                                    
               "Shared Written Blocks": 0,                                                                                                                                    
               "Local Hit Blocks": 0,                                                                                                                                         
               "Local Read Blocks": 0,                                                                                                                                        
               "Local Dirtied Blocks": 0,                                                                                                                                     
               "Local Written Blocks": 0,                                                                                                                                     
               "Temp Read Blocks": 0,                                                                                                                                         
               "Temp Written Blocks": 0,                                                                                                                                      
               "Plans": [                                                                                                                                                     
                 {                                                                                                                                                            
                   "Node Type": "Hash Join",                                                                                                                                  
                   "Parent Relationship": "Outer",                                                                                                                            
                   "Parallel Aware": false,                                                                                                                                   
                   "Join Type": "Inner",                                                                                                                                      
                   "Startup Cost": 3798.66,                                                                                                                                   
                   "Total Cost": 17051.26,                                                                                                                                    
                   "Plan Rows": 1,                                                                                                                                            
                   "Plan Width": 25,                                                                                                                                          
                   "Actual Startup Time": 2946.978,                                                                                                                           
                   "Actual Total Time": 14767.816,                                                                                                                            
                   "Actual Rows": 104,                                                                                                                                        
                   "Actual Loops": 1,                                                                                                                                         
                   "Inner Unique": false,                                                                                                                                     
                   "Hash Cond": "(ci.movie_id = mc.movie_id)",                                                                                                                
                   "Shared Hit Blocks": 0,                                                                                                                                    
                   "Shared Read Blocks": 310435,                                                                                                                              
                   "Shared Dirtied Blocks": 0,                                                                                                                                
                   "Shared Written Blocks": 0,                                                                                                                                
                   "Local Hit Blocks": 0,                                                                                                                                     
                   "Local Read Blocks": 0,                                                                                                                                    
                   "Local Dirtied Blocks": 0,                                                                                                                                 
                   "Local Written Blocks": 0,                                                                                                                                 
                   "Temp Read Blocks": 0,                                                                                                                                     
                   "Temp Written Blocks": 0,                                                                                                                                  
                   "Plans": [                                                                                                                                                 
                     {                                                                                                                                                        
                       "Node Type": "Hash Join",                                                                                                                              
                       "Parent Relationship": "Outer",                                                                                                                        
                       "Parallel Aware": false,                                                                                                                               
                       "Join Type": "Inner",                                                                                                                                  
                       "Startup Cost": 2089.16,                                                                                                                               
                       "Total Cost": 15341.76,                                                                                                                                
                       "Plan Rows": 1,                                                                                                                                        
                       "Plan Width": 33,                                                                                                                                      
                       "Actual Startup Time": 1855.303,                                                                                                                       
                       "Actual Total Time": 13732.858,                                                                                                                        
                       "Actual Rows": 226,                                                                                                                                    
                       "Actual Loops": 1,                                                                                                                                     
                       "Inner Unique": true,                                                                                                                                  
                       "Hash Cond": "(ci.movie_id = t.id)",                                                                                                                   
                       "Shared Hit Blocks": 0,                                                                                                                                
                       "Shared Read Blocks": 288652,                                                                                                                          
                       "Shared Dirtied Blocks": 0,                                                                                                                            
                       "Shared Written Blocks": 0,                                                                                                                            
                       "Local Hit Blocks": 0,                                                                                                                                 
                       "Local Read Blocks": 0,                                                                                                                                
                       "Local Dirtied Blocks": 0,                                                                                                                             
                       "Local Written Blocks": 0,                                                                                                                             
                       "Temp Read Blocks": 0,                                                                                                                                 
                       "Temp Written Blocks": 0,                                                                                                                              
                       "Plans": [                                                                                                                                             
                         {                                                                                                                                                    
                           "Node Type": "Seq Scan",                                                                                                                           
                           "Parent Relationship": "Outer",                                                                                                                    
                           "Parallel Aware": false,                                                                                                                           
                           "Relation Name": "cast_info",                                                                                                                      
                           "Alias": "ci",                                                                                                                                     
                           "Startup Cost": 0.00,                                                                                                                              
                           "Total Cost": 13245.00,                                                                                                                            
                           "Plan Rows": 93269,                                                                                                                                
                           "Plan Width": 12,                                                                                                                                  
                           "Actual Startup Time": 7.463,                                                                                                                      
                           "Actual Total Time": 11996.654,                                                                                                                    
                           "Actual Rows": 93095,                                                                                                                              
                           "Actual Loops": 1,                                                                                                                                 
                           "Filter": "(note = '(voice: English version)'::text)",                                                                                             
                           "Rows Removed by Filter": 36151249,                                                                                                                
                           "Shared Hit Blocks": 0,                                                                                                                            
                           "Shared Read Blocks": 252654,                                                                                                                      
                           "Shared Dirtied Blocks": 0,                                                                                                                        
                           "Shared Written Blocks": 0,                                                                                                                        
                           "Local Hit Blocks": 0,                                                                                                                             
                           "Local Read Blocks": 0,                                                                                                                            
                           "Local Dirtied Blocks": 0,                                                                                                                         
                           "Local Written Blocks": 0,                                                                                                                         
                           "Temp Read Blocks": 0,                                                                                                                             
                           "Temp Written Blocks": 0                                                                                                                           
                         },                                                                                                                                                   
                         {                                                                                                                                                    
                           "Node Type": "Hash",                                                                                                                               
                           "Parent Relationship": "Inner",                                                                                                                    
                           "Parallel Aware": false,                                                                                                                           
                           "Startup Cost": 2089.15,                                                                                                                           
                           "Total Cost": 2089.15,                                                                                                                             
                           "Plan Rows": 34,                                                                                                                                   
                           "Plan Width": 21,                                                                                                                                  
                           "Actual Startup Time": 1716.125,                                                                                                                   
                           "Actual Total Time": 1716.126,                                                                                                                     
                           "Actual Rows": 7,                                                                                                                                  
                           "Actual Loops": 1,                                                                                                                                 
                           "Hash Buckets": 1024,                                                                                                                              
                           "Original Hash Buckets": 1024,                                                                                                                     
                           "Hash Batches": 1,                                                                                                                                 
                           "Original Hash Batches": 1,                                                                                                                        
                           "Peak Memory Usage": 9,                                                                                                                            
                           "Shared Hit Blocks": 0,                                                                                                                            
                           "Shared Read Blocks": 35998,                                                                                                                       
                           "Shared Dirtied Blocks": 0,                                                                                                                        
                           "Shared Written Blocks": 0,                                                                                                                        
                           "Local Hit Blocks": 0,                                                                                                                             
                           "Local Read Blocks": 0,                                                                                                                            
                           "Local Dirtied Blocks": 0,                                                                                                                         
                           "Local Written Blocks": 0,                                                                                                                         
                           "Temp Read Blocks": 0,                                                                                                                             
                           "Temp Written Blocks": 0,                                                                                                                          
                           "Plans": [                                                                                                                                         
                             {                                                                                                                                                
                               "Node Type": "Seq Scan",                                                                                                                       
                               "Parent Relationship": "Outer",                                                                                                                
                               "Parallel Aware": false,                                                                                                                       
                               "Relation Name": "title",                                                                                                                      
                               "Alias": "t",                                                                                                                                  
                               "Startup Cost": 0.00,                                                                                                                          
                               "Total Cost": 2089.15,                                                                                                                         
                               "Plan Rows": 34,                                                                                                                               
                               "Plan Width": 21,                                                                                                                              
                               "Actual Startup Time": 1261.385,                                                                                                               
                               "Actual Total Time": 1716.080,                                                                                                                 
                               "Actual Rows": 7,                                                                                                                              
                               "Actual Loops": 1,                                                                                                                             
                               "Filter": "((production_year >= 2006) AND (production_year <= 2007) AND ((title ~~ 'One Piece%'::text) OR (title ~~ 'Dragon Ball Z%'::text)))",
                               "Rows Removed by Filter": 2528305,                                                                                                             
                               "Shared Hit Blocks": 0,                                                                                                                        
                               "Shared Read Blocks": 35998,                                                                                                                   
                               "Shared Dirtied Blocks": 0,                                                                                                                    
                               "Shared Written Blocks": 0,                                                                                                                    
                               "Local Hit Blocks": 0,                                                                                                                         
                               "Local Read Blocks": 0,                                                                                                                        
                               "Local Dirtied Blocks": 0,                                                                                                                     
                               "Local Written Blocks": 0,                                                                                                                     
                               "Temp Read Blocks": 0,                                                                                                                         
                               "Temp Written Blocks": 0                                                                                                                       
                             }                                                                                                                                                
                           ]                                                                                                                                                  
                         }                                                                                                                                                    
                       ]                                                                                                                                                      
                     },                                                                                                                                                       
                     {                                                                                                                                                        
                       "Node Type": "Hash",                                                                                                                                   
                       "Parent Relationship": "Inner",                                                                                                                        
                       "Parallel Aware": false,                                                                                                                               
                       "Startup Cost": 1709.50,                                                                                                                               
                       "Total Cost": 1709.50,                                                                                                                                 
                       "Plan Rows": 21,                                                                                                                                       
                       "Plan Width": 4,                                                                                                                                       
                       "Actual Startup Time": 1034.699,                                                                                                                       
                       "Actual Total Time": 1034.699,                                                                                                                         
                       "Actual Rows": 8495,                                                                                                                                   
                       "Actual Loops": 1,                                                                                                                                     
                       "Hash Buckets": 16384,                                                                                                                                 
                       "Original Hash Buckets": 1024,                                                                                                                         
                       "Hash Batches": 1,                                                                                                                                     
                       "Original Hash Batches": 1,                                                                                                                            
                       "Peak Memory Usage": 427,                                                                                                                              
                       "Shared Hit Blocks": 0,                                                                                                                                
                       "Shared Read Blocks": 21783,                                                                                                                           
                       "Shared Dirtied Blocks": 0,                                                                                                                            
                       "Shared Written Blocks": 0,                                                                                                                            
                       "Local Hit Blocks": 0,                                                                                                                                 
                       "Local Read Blocks": 0,                                                                                                                                
                       "Local Dirtied Blocks": 0,                                                                                                                             
                       "Local Written Blocks": 0,                                                                                                                             
                       "Temp Read Blocks": 0,                                                                                                                                 
                       "Temp Written Blocks": 0,                                                                                                                              
                       "Plans": [                                                                                                                                             
                         {                                                                                                                                                    
                           "Node Type": "Hash Join",                                                                                                                          
                           "Parent Relationship": "Outer",                                                                                                                    
                           "Parallel Aware": false,                                                                                                                           
                           "Join Type": "Inner",                                                                                                                              
                           "Startup Cost": 129.40,                                                                                                                            
                           "Total Cost": 1709.50,                                                                                                                             
                           "Plan Rows": 21,                                                                                                                                   
                           "Plan Width": 4,                                                                                                                                   
                           "Actual Startup Time": 144.199,                                                                                                                    
                           "Actual Total Time": 1031.900,                                                                                                                     
                           "Actual Rows": 8495,                                                                                                                               
                           "Actual Loops": 1,                                                                                                                                 
                           "Inner Unique": true,                                                                                                                              
                           "Hash Cond": "(mc.company_id = cn.id)",                                                                                                            
                           "Shared Hit Blocks": 0,                                                                                                                            
                           "Shared Read Blocks": 21783,                                                                                                                       
                           "Shared Dirtied Blocks": 0,                                                                                                                        
                           "Shared Written Blocks": 0,                                                                                                                        
                           "Local Hit Blocks": 0,                                                                                                                             
                           "Local Read Blocks": 0,                                                                                                                            
                           "Local Dirtied Blocks": 0,                                                                                                                         
                           "Local Written Blocks": 0,                                                                                                                         
                           "Temp Read Blocks": 0,                                                                                                                             
                           "Temp Written Blocks": 0,                                                                                                                          
                           "Plans": [                                                                                                                                         
                             {                                                                                                                                                
                               "Node Type": "Seq Scan",                                                                                                                       
                               "Parent Relationship": "Outer",                                                                                                                
                               "Parallel Aware": false,                                                                                                                       
                               "Relation Name": "movie_companies",                                                                                                            
                               "Alias": "mc",                                                                                                                                 
                               "Startup Cost": 0.00,                                                                                                                          
                               "Total Cost": 1580.04,                                                                                                                         
                               "Plan Rows": 720,                                                                                                                              
                               "Plan Width": 8,                                                                                                                               
                               "Actual Startup Time": 5.657,                                                                                                                  
                               "Actual Total Time": 889.312,                                                                                                                  
                               "Actual Rows": 8569,                                                                                                                           
                               "Actual Loops": 1,                                                                                                                             
                               "Filter": "((note ~~ '%(Japan)%'::text) AND (note !~~ '%(USA)%'::text) AND ((note ~~ '%(2006)%'::text) OR (note ~~ '%(2007)%'::text)))",       
                               "Rows Removed by Filter": 2600560,                                                                                                             
                               "Shared Hit Blocks": 0,                                                                                                                        
                               "Shared Read Blocks": 18789,                                                                                                                   
                               "Shared Dirtied Blocks": 0,                                                                                                                    
                               "Shared Written Blocks": 0,                                                                                                                    
                               "Local Hit Blocks": 0,                                                                                                                         
                               "Local Read Blocks": 0,                                                                                                                        
                               "Local Dirtied Blocks": 0,                                                                                                                     
                               "Local Written Blocks": 0,                                                                                                                     
                               "Temp Read Blocks": 0,                                                                                                                         
                               "Temp Written Blocks": 0                                                                                                                       
                             },                                                                                                                                               
                             {                                                                                                                                                
                               "Node Type": "Hash",                                                                                                                           
                               "Parent Relationship": "Inner",                                                                                                                
                               "Parallel Aware": false,                                                                                                                       
                               "Startup Cost": 128.41,                                                                                                                        
                               "Total Cost": 128.41,                                                                                                                          
                               "Plan Rows": 6752,                                                                                                                             
                               "Plan Width": 4,                                                                                                                               
                               "Actual Startup Time": 138.473,                                                                                                                
                               "Actual Total Time": 138.473,                                                                                                                  
                               "Actual Rows": 6752,                                                                                                                           
                               "Actual Loops": 1,                                                                                                                             
                               "Hash Buckets": 8192,                                                                                                                          
                               "Original Hash Buckets": 8192,                                                                                                                 
                               "Hash Batches": 1,                                                                                                                             
                               "Original Hash Batches": 1,                                                                                                                    
                               "Peak Memory Usage": 302,                                                                                                                      
                               "Shared Hit Blocks": 0,                                                                                                                        
                               "Shared Read Blocks": 2994,                                                                                                                    
                               "Shared Dirtied Blocks": 0,                                                                                                                    
                               "Shared Written Blocks": 0,                                                                                                                    
                               "Local Hit Blocks": 0,                                                                                                                         
                               "Local Read Blocks": 0,                                                                                                                        
                               "Local Dirtied Blocks": 0,                                                                                                                     
                               "Local Written Blocks": 0,                                                                                                                     
                               "Temp Read Blocks": 0,                                                                                                                         
                               "Temp Written Blocks": 0,                                                                                                                      
                               "Plans": [                                                                                                                                     
                                 {                                                                                                                                            
                                   "Node Type": "Seq Scan",                                                                                                                   
                                   "Parent Relationship": "Outer",                                                                                                            
                                   "Parallel Aware": false,                                                                                                                   
                                   "Relation Name": "company_name",                                                                                                           
                                   "Alias": "cn",                                                                                                                             
                                   "Startup Cost": 0.00,                                                                                                                      
                                   "Total Cost": 128.41,                                                                                                                      
                                   "Plan Rows": 6752,                                                                                                                         
                                   "Plan Width": 4,                                                                                                                           
                                   "Actual Startup Time": 2.849,                                                                                                              
                                   "Actual Total Time": 134.699,                                                                                                              
                                   "Actual Rows": 6752,                                                                                                                       
                                   "Actual Loops": 1,                                                                                                                         
                                   "Filter": "((country_code)::text = '[jp]'::text)",                                                                                         
                                   "Rows Removed by Filter": 228245,                                                                                                          
                                   "Shared Hit Blocks": 0,                                                                                                                    
                                   "Shared Read Blocks": 2994,                                                                                                                
                                   "Shared Dirtied Blocks": 0,                                                                                                                
                                   "Shared Written Blocks": 0,                                                                                                                
                                   "Local Hit Blocks": 0,                                                                                                                     
                                   "Local Read Blocks": 0,                                                                                                                    
                                   "Local Dirtied Blocks": 0,                                                                                                                 
                                   "Local Written Blocks": 0,                                                                                                                 
                                   "Temp Read Blocks": 0,                                                                                                                     
                                   "Temp Written Blocks": 0                                                                                                                   
                                 }                                                                                                                                            
                               ]                                                                                                                                              
                             }                                                                                                                                                
                           ]                                                                                                                                                  
                         }                                                                                                                                                    
                       ]                                                                                                                                                      
                     }                                                                                                                                                        
                   ]                                                                                                                                                          
                 },                                                                                                                                                           
                 {                                                                                                                                                            
                   "Node Type": "Hash",                                                                                                                                       
                   "Parent Relationship": "Inner",                                                                                                                            
                   "Parallel Aware": false,                                                                                                                                   
                   "Startup Cost": 3176.10,                                                                                                                                   
                   "Total Cost": 3176.10,                                                                                                                                     
                   "Plan Rows": 4689,                                                                                                                                         
                   "Plan Width": 24,                                                                                                                                          
                   "Actual Startup Time": 3320.646,                                                                                                                           
                   "Actual Total Time": 3320.647,                                                                                                                             
                   "Actual Rows": 4031,                                                                                                                                       
                   "Actual Loops": 1,                                                                                                                                         
                   "Hash Buckets": 8192,                                                                                                                                      
                   "Original Hash Buckets": 8192,                                                                                                                             
                   "Hash Batches": 1,                                                                                                                                         
                   "Original Hash Batches": 1,                                                                                                                                
                   "Peak Memory Usage": 293,                                                                                                                                  
                   "Shared Hit Blocks": 0,                                                                                                                                    
                   "Shared Read Blocks": 67008,                                                                                                                               
                   "Shared Dirtied Blocks": 0,                                                                                                                                
                   "Shared Written Blocks": 0,                                                                                                                                
                   "Local Hit Blocks": 0,                                                                                                                                     
                   "Local Read Blocks": 0,                                                                                                                                    
                   "Local Dirtied Blocks": 0,                                                                                                                                 
                   "Local Written Blocks": 0,                                                                                                                                 
                   "Temp Read Blocks": 0,                                                                                                                                     
                   "Temp Written Blocks": 0,                                                                                                                                  
                   "Plans": [                                                                                                                                                 
                     {                                                                                                                                                        
                       "Node Type": "Hash Join",                                                                                                                              
                       "Parent Relationship": "Outer",                                                                                                                        
                       "Parallel Aware": false,                                                                                                                               
                       "Join Type": "Inner",                                                                                                                                  
                       "Startup Cost": 2682.87,                                                                                                                               
                       "Total Cost": 3176.10,                                                                                                                                 
                       "Plan Rows": 4689,                                                                                                                                     
                       "Plan Width": 24,                                                                                                                                      
                       "Actual Startup Time": 2767.152,                                                                                                                       
                       "Actual Total Time": 3318.392,                                                                                                                         
                       "Actual Rows": 4031,                                                                                                                                   
                       "Actual Loops": 1,                                                                                                                                     
                       "Inner Unique": true,                                                                                                                                  
                       "Hash Cond": "(an.person_id = n.id)",                                                                                                                  
                       "Shared Hit Blocks": 0,                                                                                                                                
                       "Shared Read Blocks": 67008,                                                                                                                           
                       "Shared Dirtied Blocks": 0,                                                                                                                            
                       "Shared Written Blocks": 0,                                                                                                                            
                       "Local Hit Blocks": 0,                                                                                                                                 
                       "Local Read Blocks": 0,                                                                                                                                
                       "Local Dirtied Blocks": 0,                                                                                                                             
                       "Local Written Blocks": 0,                                                                                                                             
                       "Temp Read Blocks": 0,                                                                                                                                 
                       "Temp Written Blocks": 0,                                                                                                                              
                       "Plans": [                                                                                                                                             
                         {                                                                                                                                                    
                           "Node Type": "Seq Scan",                                                                                                                           
                           "Parent Relationship": "Outer",                                                                                                                    
                           "Parallel Aware": false,                                                                                                                           
                           "Relation Name": "aka_name",                                                                                                                       
                           "Alias": "an",                                                                                                                                     
                           "Startup Cost": 0.00,                                                                                                                              
                           "Total Cost": 419.75,                                                                                                                              
                           "Plan Rows": 901343,                                                                                                                               
                           "Plan Width": 20,                                                                                                                                  
                           "Actual Startup Time": 25.244,                                                                                                                     
                           "Actual Total Time": 341.856,                                                                                                                      
                           "Actual Rows": 901343,                                                                                                                             
                           "Actual Loops": 1,                                                                                                                                 
                           "Shared Hit Blocks": 0,                                                                                                                            
                           "Shared Read Blocks": 11395,                                                                                                                       
                           "Shared Dirtied Blocks": 0,                                                                                                                        
                           "Shared Written Blocks": 0,                                                                                                                        
                           "Local Hit Blocks": 0,                                                                                                                             
                           "Local Read Blocks": 0,                                                                                                                            
                           "Local Dirtied Blocks": 0,                                                                                                                         
                           "Local Written Blocks": 0,                                                                                                                         
                           "Temp Read Blocks": 0,                                                                                                                             
                           "Temp Written Blocks": 0                                                                                                                           
                         },                                                                                                                                                   
                         {                                                                                                                                                    
                           "Node Type": "Hash",                                                                                                                               
                           "Parent Relationship": "Inner",                                                                                                                    
                           "Parallel Aware": false,                                                                                                                           
                           "Startup Cost": 2679.69,                                                                                                                           
                           "Total Cost": 2679.69,                                                                                                                             
                           "Plan Rows": 21680,                                                                                                                                
                           "Plan Width": 4,                                                                                                                                   
                           "Actual Startup Time": 2736.109,                                                                                                                   
                           "Actual Total Time": 2736.110,                                                                                                                     
                           "Actual Rows": 20911,                                                                                                                              
                           "Actual Loops": 1,                                                                                                                                 
                           "Hash Buckets": 32768,                                                                                                                             
                           "Original Hash Buckets": 32768,                                                                                                                    
                           "Hash Batches": 1,                                                                                                                                 
                           "Original Hash Batches": 1,                                                                                                                        
                           "Peak Memory Usage": 992,                                                                                                                          
                           "Shared Hit Blocks": 0,                                                                                                                            
                           "Shared Read Blocks": 55613,                                                                                                                       
                           "Shared Dirtied Blocks": 0,                                                                                                                        
                           "Shared Written Blocks": 0,                                                                                                                        
                           "Local Hit Blocks": 0,                                                                                                                             
                           "Local Read Blocks": 0,                                                                                                                            
                           "Local Dirtied Blocks": 0,                                                                                                                         
                           "Local Written Blocks": 0,                                                                                                                         
                           "Temp Read Blocks": 0,                                                                                                                             
                           "Temp Written Blocks": 0,                                                                                                                          
                           "Plans": [                                                                                                                                         
                             {                                                                                                                                                
                               "Node Type": "Seq Scan",                                                                                                                       
                               "Parent Relationship": "Outer",                                                                                                                
                               "Parallel Aware": false,                                                                                                                       
                               "Relation Name": "name",                                                                                                                       
                               "Alias": "n",                                                                                                                                  
                               "Startup Cost": 0.00,                                                                                                                          
                               "Total Cost": 2679.69,                                                                                                                         
                               "Plan Rows": 21680,                                                                                                                            
                               "Plan Width": 4,                                                                                                                               
                               "Actual Startup Time": 6.199,                                                                                                                  
                               "Actual Total Time": 2722.752,                                                                                                                 
                               "Actual Rows": 20911,                                                                                                                          
                               "Actual Loops": 1,                                                                                                                             
                               "Filter": "((name ~~ '%Yo%'::text) AND (name !~~ '%Yu%'::text))",                                                                              
                               "Rows Removed by Filter": 4146580,                                                                                                             
                               "Shared Hit Blocks": 0,                                                                                                                        
                               "Shared Read Blocks": 55613,                                                                                                                   
                               "Shared Dirtied Blocks": 0,                                                                                                                    
                               "Shared Written Blocks": 0,                                                                                                                    
                               "Local Hit Blocks": 0,                                                                                                                         
                               "Local Read Blocks": 0,                                                                                                                        
                               "Local Dirtied Blocks": 0,                                                                                                                     
                               "Local Written Blocks": 0,                                                                                                                     
                               "Temp Read Blocks": 0,                                                                                                                         
                               "Temp Written Blocks": 0                                                                                                                       
                             }                                                                                                                                                
                           ]                                                                                                                                                  
                         }                                                                                                                                                    
                       ]                                                                                                                                                      
                     }                                                                                                                                                        
                   ]                                                                                                                                                          
                 }                                                                                                                                                            
               ]                                                                                                                                                              
             },                                                                                                                                                               
             {                                                                                                                                                                
               "Node Type": "Hash",                                                                                                                                           
               "Parent Relationship": "Inner",                                                                                                                                
               "Parallel Aware": false,                                                                                                                                       
               "Startup Cost": 0.03,                                                                                                                                          
               "Total Cost": 0.03,                                                                                                                                            
               "Plan Rows": 1,                                                                                                                                                
               "Plan Width": 4,                                                                                                                                               
               "Actual Startup Time": 0.079,                                                                                                                                  
               "Actual Total Time": 0.080,                                                                                                                                    
               "Actual Rows": 1,                                                                                                                                              
               "Actual Loops": 1,                                                                                                                                             
               "Hash Buckets": 1024,                                                                                                                                          
               "Original Hash Buckets": 1024,                                                                                                                                 
               "Hash Batches": 1,                                                                                                                                             
               "Original Hash Batches": 1,                                                                                                                                    
               "Peak Memory Usage": 9,                                                                                                                                        
               "Shared Hit Blocks": 0,                                                                                                                                        
               "Shared Read Blocks": 1,                                                                                                                                       
               "Shared Dirtied Blocks": 0,                                                                                                                                    
               "Shared Written Blocks": 0,                                                                                                                                    
               "Local Hit Blocks": 0,                                                                                                                                         
               "Local Read Blocks": 0,                                                                                                                                        
               "Local Dirtied Blocks": 0,                                                                                                                                     
               "Local Written Blocks": 0,                                                                                                                                     
               "Temp Read Blocks": 0,                                                                                                                                         
               "Temp Written Blocks": 0,                                                                                                                                      
               "Plans": [                                                                                                                                                     
                 {                                                                                                                                                            
                   "Node Type": "Seq Scan",                                                                                                                                   
                   "Parent Relationship": "Outer",                                                                                                                            
                   "Parallel Aware": false,                                                                                                                                   
                   "Relation Name": "role_type",                                                                                                                              
                   "Alias": "rt",                                                                                                                                             
                   "Startup Cost": 0.00,                                                                                                                                      
                   "Total Cost": 0.03,                                                                                                                                        
                   "Plan Rows": 1,                                                                                                                                            
                   "Plan Width": 4,                                                                                                                                           
                   "Actual Startup Time": 0.072,                                                                                                                              
                   "Actual Total Time": 0.074,                                                                                                                                
                   "Actual Rows": 1,                                                                                                                                          
                   "Actual Loops": 1,                                                                                                                                         
                   "Filter": "((role)::text = 'actress'::text)",                                                                                                              
                   "Rows Removed by Filter": 11,                                                                                                                              
                   "Shared Hit Blocks": 0,                                                                                                                                    
                   "Shared Read Blocks": 1,                                                                                                                                   
                   "Shared Dirtied Blocks": 0,                                                                                                                                
                   "Shared Written Blocks": 0,                                                                                                                                
                   "Local Hit Blocks": 0,                                                                                                                                     
                   "Local Read Blocks": 0,                                                                                                                                    
                   "Local Dirtied Blocks": 0,                                                                                                                                 
                   "Local Written Blocks": 0,                                                                                                                                 
                   "Temp Read Blocks": 0,                                                                                                                                     
                   "Temp Written Blocks": 0                                                                                                                                   
                 }                                                                                                                                                            
               ]                                                                                                                                                              
             }                                                                                                                                                                
           ]                                                                                                                                                                  
         }                                                                                                                                                                    
       ]                                                                                                                                                                      
     },                                                                                                                                                                       
     "Planning Time": 3911.333,                                                                                                                                               
     "Triggers": [                                                                                                                                                            
     ],                                                                                                                                                                       
     "Execution Time": 18089.317                                                                                                                                              
   }                                                                                                                                                                          
 ]
