 [                                                                                                                                                            
   {                                                                                                                                                          
     "Plan": {                                                                                                                                                
       "Node Type": "Aggregate",                                                                                                                              
       "Strategy": "Plain",                                                                                                                                   
       "Partial Mode": "Simple",                                                                                                                              
       "Parallel Aware": false,                                                                                                                               
       "Startup Cost": 24354.66,                                                                                                                              
       "Total Cost": 24354.66,                                                                                                                                
       "Plan Rows": 1,                                                                                                                                        
       "Plan Width": 96,                                                                                                                                      
       "Actual Startup Time": 20373.428,                                                                                                                      
       "Actual Total Time": 20373.429,                                                                                                                        
       "Actual Rows": 1,                                                                                                                                      
       "Actual Loops": 1,                                                                                                                                     
       "Shared Hit Blocks": 3,                                                                                                                                
       "Shared Read Blocks": 413891,                                                                                                                          
       "Shared Dirtied Blocks": 0,                                                                                                                            
       "Shared Written Blocks": 0,                                                                                                                            
       "Local Hit Blocks": 0,                                                                                                                                 
       "Local Read Blocks": 0,                                                                                                                                
       "Local Dirtied Blocks": 0,                                                                                                                             
       "Local Written Blocks": 0,                                                                                                                             
       "Temp Read Blocks": 0,                                                                                                                                 
       "Temp Written Blocks": 0,                                                                                                                              
       "Plans": [                                                                                                                                             
         {                                                                                                                                                    
           "Node Type": "Hash Join",                                                                                                                          
           "Parent Relationship": "Outer",                                                                                                                    
           "Parallel Aware": false,                                                                                                                           
           "Join Type": "Inner",                                                                                                                              
           "Startup Cost": 8209.17,                                                                                                                           
           "Total Cost": 24354.66,                                                                                                                            
           "Plan Rows": 1,                                                                                                                                    
           "Plan Width": 49,                                                                                                                                  
           "Actual Startup Time": 12390.465,                                                                                                                  
           "Actual Total Time": 20373.222,                                                                                                                    
           "Actual Rows": 121,                                                                                                                                
           "Actual Loops": 1,                                                                                                                                 
           "Inner Unique": true,                                                                                                                              
           "Hash Cond": "(ci.person_role_id = chn.id)",                                                                                                       
           "Shared Hit Blocks": 3,                                                                                                                            
           "Shared Read Blocks": 413891,                                                                                                                      
           "Shared Dirtied Blocks": 0,                                                                                                                        
           "Shared Written Blocks": 0,                                                                                                                        
           "Local Hit Blocks": 0,                                                                                                                             
           "Local Read Blocks": 0,                                                                                                                            
           "Local Dirtied Blocks": 0,                                                                                                                         
           "Local Written Blocks": 0,                                                                                                                         
           "Temp Read Blocks": 0,                                                                                                                             
           "Temp Written Blocks": 0,                                                                                                                          
           "Plans": [                                                                                                                                         
             {                                                                                                                                                
               "Node Type": "Hash Join",                                                                                                                      
               "Parent Relationship": "Outer",                                                                                                                
               "Parallel Aware": false,                                                                                                                       
               "Join Type": "Inner",                                                                                                                          
               "Startup Cost": 6387.87,                                                                                                                       
               "Total Cost": 22533.35,                                                                                                                        
               "Plan Rows": 2,                                                                                                                                
               "Plan Width": 37,                                                                                                                              
               "Actual Startup Time": 10415.653,                                                                                                              
               "Actual Total Time": 18398.306,                                                                                                                
               "Actual Rows": 127,                                                                                                                            
               "Actual Loops": 1,                                                                                                                             
               "Inner Unique": false,                                                                                                                         
               "Hash Cond": "(ci.movie_id = t.id)",                                                                                                           
               "Shared Hit Blocks": 0,                                                                                                                        
               "Shared Read Blocks": 377444,                                                                                                                  
               "Shared Dirtied Blocks": 0,                                                                                                                    
               "Shared Written Blocks": 0,                                                                                                                    
               "Local Hit Blocks": 0,                                                                                                                         
               "Local Read Blocks": 0,                                                                                                                        
               "Local Dirtied Blocks": 0,                                                                                                                     
               "Local Written Blocks": 0,                                                                                                                     
               "Temp Read Blocks": 0,                                                                                                                         
               "Temp Written Blocks": 0,                                                                                                                      
               "Plans": [                                                                                                                                     
                 {                                                                                                                                            
                   "Node Type": "Hash Join",                                                                                                                  
                   "Parent Relationship": "Outer",                                                                                                            
                   "Parallel Aware": false,                                                                                                                   
                   "Join Type": "Inner",                                                                                                                      
                   "Startup Cost": 3173.62,                                                                                                                   
                   "Total Cost": 19319.10,                                                                                                                    
                   "Plan Rows": 57,                                                                                                                           
                   "Plan Width": 24,                                                                                                                          
                   "Actual Startup Time": 7177.213,                                                                                                           
                   "Actual Total Time": 15170.712,                                                                                                            
                   "Actual Rows": 425,                                                                                                                        
                   "Actual Loops": 1,                                                                                                                         
                   "Inner Unique": false,                                                                                                                     
                   "Hash Cond": "(ci.person_id = n.id)",                                                                                                      
                   "Shared Hit Blocks": 0,                                                                                                                    
                   "Shared Read Blocks": 319663,                                                                                                              
                   "Shared Dirtied Blocks": 0,                                                                                                                
                   "Shared Written Blocks": 0,                                                                                                                
                   "Local Hit Blocks": 0,                                                                                                                     
                   "Local Read Blocks": 0,                                                                                                                    
                   "Local Dirtied Blocks": 0,                                                                                                                 
                   "Local Written Blocks": 0,                                                                                                                 
                   "Temp Read Blocks": 0,                                                                                                                     
                   "Temp Written Blocks": 0,                                                                                                                  
                   "Plans": [                                                                                                                                 
                     {                                                                                                                                        
                       "Node Type": "Hash Join",                                                                                                              
                       "Parent Relationship": "Outer",                                                                                                        
                       "Parallel Aware": false,                                                                                                               
                       "Join Type": "Inner",                                                                                                                  
                       "Startup Cost": 0.03,                                                                                                                  
                       "Total Cost": 16137.11,                                                                                                                
                       "Plan Rows": 72136,                                                                                                                    
                       "Plan Width": 12,                                                                                                                      
                       "Actual Startup Time": 3948.093,                                                                                                       
                       "Actual Total Time": 11962.360,                                                                                                        
                       "Actual Rows": 276166,                                                                                                                 
                       "Actual Loops": 1,                                                                                                                     
                       "Inner Unique": true,                                                                                                                  
                       "Hash Cond": "(ci.role_id = rt.id)",                                                                                                   
                       "Shared Hit Blocks": 0,                                                                                                                
                       "Shared Read Blocks": 252655,                                                                                                          
                       "Shared Dirtied Blocks": 0,                                                                                                            
                       "Shared Written Blocks": 0,                                                                                                            
                       "Local Hit Blocks": 0,                                                                                                                 
                       "Local Read Blocks": 0,                                                                                                                
                       "Local Dirtied Blocks": 0,                                                                                                             
                       "Local Written Blocks": 0,                                                                                                             
                       "Temp Read Blocks": 0,                                                                                                                 
                       "Temp Written Blocks": 0,                                                                                                              
                       "Plans": [                                                                                                                             
                         {                                                                                                                                    
                           "Node Type": "Seq Scan",                                                                                                           
                           "Parent Relationship": "Outer",                                                                                                    
                           "Parallel Aware": false,                                                                                                           
                           "Relation Name": "cast_info",                                                                                                      
                           "Alias": "ci",                                                                                                                     
                           "Startup Cost": 0.00,                                                                                                              
                           "Total Cost": 16059.00,                                                                                                            
                           "Plan Rows": 865636,                                                                                                               
                           "Plan Width": 16,                                                                                                                  
                           "Actual Startup Time": 5.237,                                                                                                      
                           "Actual Total Time": 11713.297,                                                                                                    
                           "Actual Rows": 867477,                                                                                                             
                           "Actual Loops": 1,                                                                                                                 
                           "Filter": "(note = ANY ('{(voice),\"(voice: Japanese version)\",\"(voice) (uncredited)\",\"(voice: English version)\"}'::text[]))",
                           "Rows Removed by Filter": 35376867,                                                                                                
                           "Shared Hit Blocks": 0,                                                                                                            
                           "Shared Read Blocks": 252654,                                                                                                      
                           "Shared Dirtied Blocks": 0,                                                                                                        
                           "Shared Written Blocks": 0,                                                                                                        
                           "Local Hit Blocks": 0,                                                                                                             
                           "Local Read Blocks": 0,                                                                                                            
                           "Local Dirtied Blocks": 0,                                                                                                         
                           "Local Written Blocks": 0,                                                                                                         
                           "Temp Read Blocks": 0,                                                                                                             
                           "Temp Written Blocks": 0                                                                                                           
                         },                                                                                                                                   
                         {                                                                                                                                    
                           "Node Type": "Hash",                                                                                                               
                           "Parent Relationship": "Inner",                                                                                                    
                           "Parallel Aware": false,                                                                                                           
                           "Startup Cost": 0.03,                                                                                                              
                           "Total Cost": 0.03,                                                                                                                
                           "Plan Rows": 1,                                                                                                                    
                           "Plan Width": 4,                                                                                                                   
                           "Actual Startup Time": 21.796,                                                                                                     
                           "Actual Total Time": 21.796,                                                                                                       
                           "Actual Rows": 1,                                                                                                                  
                           "Actual Loops": 1,                                                                                                                 
                           "Hash Buckets": 1024,                                                                                                              
                           "Original Hash Buckets": 1024,                                                                                                     
                           "Hash Batches": 1,                                                                                                                 
                           "Original Hash Batches": 1,                                                                                                        
                           "Peak Memory Usage": 9,                                                                                                            
                           "Shared Hit Blocks": 0,                                                                                                            
                           "Shared Read Blocks": 1,                                                                                                           
                           "Shared Dirtied Blocks": 0,                                                                                                        
                           "Shared Written Blocks": 0,                                                                                                        
                           "Local Hit Blocks": 0,                                                                                                             
                           "Local Read Blocks": 0,                                                                                                            
                           "Local Dirtied Blocks": 0,                                                                                                         
                           "Local Written Blocks": 0,                                                                                                         
                           "Temp Read Blocks": 0,                                                                                                             
                           "Temp Written Blocks": 0,                                                                                                          
                           "Plans": [                                                                                                                         
                             {                                                                                                                                
                               "Node Type": "Seq Scan",                                                                                                       
                               "Parent Relationship": "Outer",                                                                                                
                               "Parallel Aware": false,                                                                                                       
                               "Relation Name": "role_type",                                                                                                  
                               "Alias": "rt",                                                                                                                 
                               "Startup Cost": 0.00,                                                                                                          
                               "Total Cost": 0.03,                                                                                                            
                               "Plan Rows": 1,                                                                                                                
                               "Plan Width": 4,                                                                                                               
                               "Actual Startup Time": 21.778,                                                                                                 
                               "Actual Total Time": 21.785,                                                                                                   
                               "Actual Rows": 1,                                                                                                              
                               "Actual Loops": 1,                                                                                                             
                               "Filter": "((role)::text = 'actress'::text)",                                                                                  
                               "Rows Removed by Filter": 11,                                                                                                  
                               "Shared Hit Blocks": 0,                                                                                                        
                               "Shared Read Blocks": 1,                                                                                                       
                               "Shared Dirtied Blocks": 0,                                                                                                    
                               "Shared Written Blocks": 0,                                                                                                    
                               "Local Hit Blocks": 0,                                                                                                         
                               "Local Read Blocks": 0,                                                                                                        
                               "Local Dirtied Blocks": 0,                                                                                                     
                               "Local Written Blocks": 0,                                                                                                     
                               "Temp Read Blocks": 0,                                                                                                         
                               "Temp Written Blocks": 0                                                                                                       
                             }                                                                                                                                
                           ]                                                                                                                                  
                         }                                                                                                                                    
                       ]                                                                                                                                      
                     },                                                                                                                                       
                     {                                                                                                                                        
                       "Node Type": "Hash",                                                                                                                   
                       "Parent Relationship": "Inner",                                                                                                        
                       "Parallel Aware": false,                                                                                                               
                       "Startup Cost": 3173.47,                                                                                                               
                       "Total Cost": 3173.47,                                                                                                                 
                       "Plan Rows": 819,                                                                                                                      
                       "Plan Width": 24,                                                                                                                      
                       "Actual Startup Time": 3161.810,                                                                                                       
                       "Actual Total Time": 3161.810,                                                                                                         
                       "Actual Rows": 1558,                                                                                                                   
                       "Actual Loops": 1,                                                                                                                     
                       "Hash Buckets": 2048,                                                                                                                  
                       "Original Hash Buckets": 1024,                                                                                                         
                       "Hash Batches": 1,                                                                                                                     
                       "Original Hash Batches": 1,                                                                                                            
                       "Peak Memory Usage": 103,                                                                                                              
                       "Shared Hit Blocks": 0,                                                                                                                
                       "Shared Read Blocks": 67008,                                                                                                           
                       "Shared Dirtied Blocks": 0,                                                                                                            
                       "Shared Written Blocks": 0,                                                                                                            
                       "Local Hit Blocks": 0,                                                                                                                 
                       "Local Read Blocks": 0,                                                                                                                
                       "Local Dirtied Blocks": 0,                                                                                                             
                       "Local Written Blocks": 0,                                                                                                             
                       "Temp Read Blocks": 0,                                                                                                                 
                       "Temp Written Blocks": 0,                                                                                                              
                       "Plans": [                                                                                                                             
                         {                                                                                                                                    
                           "Node Type": "Hash Join",                                                                                                          
                           "Parent Relationship": "Outer",                                                                                                    
                           "Parallel Aware": false,                                                                                                           
                           "Join Type": "Inner",                                                                                                              
                           "Startup Cost": 2680.24,                                                                                                           
                           "Total Cost": 3173.47,                                                                                                             
                           "Plan Rows": 819,                                                                                                                  
                           "Plan Width": 24,                                                                                                                  
                           "Actual Startup Time": 2616.139,                                                                                                   
                           "Actual Total Time": 3160.803,                                                                                                     
                           "Actual Rows": 1558,                                                                                                               
                           "Actual Loops": 1,                                                                                                                 
                           "Inner Unique": true,                                                                                                              
                           "Hash Cond": "(an.person_id = n.id)",                                                                                              
                           "Shared Hit Blocks": 0,                                                                                                            
                           "Shared Read Blocks": 67008,                                                                                                       
                           "Shared Dirtied Blocks": 0,                                                                                                        
                           "Shared Written Blocks": 0,                                                                                                        
                           "Local Hit Blocks": 0,                                                                                                             
                           "Local Read Blocks": 0,                                                                                                            
                           "Local Dirtied Blocks": 0,                                                                                                         
                           "Local Written Blocks": 0,                                                                                                         
                           "Temp Read Blocks": 0,                                                                                                             
                           "Temp Written Blocks": 0,                                                                                                          
                           "Plans": [                                                                                                                         
                             {                                                                                                                                
                               "Node Type": "Seq Scan",                                                                                                       
                               "Parent Relationship": "Outer",                                                                                                
                               "Parallel Aware": false,                                                                                                       
                               "Relation Name": "aka_name",                                                                                                   
                               "Alias": "an",                                                                                                                 
                               "Startup Cost": 0.00,                                                                                                          
                               "Total Cost": 419.75,                                                                                                          
                               "Plan Rows": 901343,                                                                                                           
                               "Plan Width": 20,                                                                                                              
                               "Actual Startup Time": 5.503,                                                                                                  
                               "Actual Total Time": 334.060,                                                                                                  
                               "Actual Rows": 901343,                                                                                                         
                               "Actual Loops": 1,                                                                                                             
                               "Shared Hit Blocks": 0,                                                                                                        
                               "Shared Read Blocks": 11395,                                                                                                   
                               "Shared Dirtied Blocks": 0,                                                                                                    
                               "Shared Written Blocks": 0,                                                                                                    
                               "Local Hit Blocks": 0,                                                                                                         
                               "Local Read Blocks": 0,                                                                                                        
                               "Local Dirtied Blocks": 0,                                                                                                     
                               "Local Written Blocks": 0,                                                                                                     
                               "Temp Read Blocks": 0,                                                                                                         
                               "Temp Written Blocks": 0                                                                                                       
                             },                                                                                                                               
                             {                                                                                                                                
                               "Node Type": "Hash",                                                                                                           
                               "Parent Relationship": "Inner",                                                                                                
                               "Parallel Aware": false,                                                                                                       
                               "Startup Cost": 2679.69,                                                                                                       
                               "Total Cost": 2679.69,                                                                                                         
                               "Plan Rows": 3787,                                                                                                             
                               "Plan Width": 4,                                                                                                               
                               "Actual Startup Time": 2602.990,                                                                                               
                               "Actual Total Time": 2602.990,                                                                                                 
                               "Actual Rows": 6768,                                                                                                           
                               "Actual Loops": 1,                                                                                                             
                               "Hash Buckets": 8192,                                                                                                          
                               "Original Hash Buckets": 4096,                                                                                                 
                               "Hash Batches": 1,                                                                                                             
                               "Original Hash Batches": 1,                                                                                                    
                               "Peak Memory Usage": 302,                                                                                                      
                               "Shared Hit Blocks": 0,                                                                                                        
                               "Shared Read Blocks": 55613,                                                                                                   
                               "Shared Dirtied Blocks": 0,                                                                                                    
                               "Shared Written Blocks": 0,                                                                                                    
                               "Local Hit Blocks": 0,                                                                                                         
                               "Local Read Blocks": 0,                                                                                                        
                               "Local Dirtied Blocks": 0,                                                                                                     
                               "Local Written Blocks": 0,                                                                                                     
                               "Temp Read Blocks": 0,                                                                                                         
                               "Temp Written Blocks": 0,                                                                                                      
                               "Plans": [                                                                                                                     
                                 {                                                                                                                            
                                   "Node Type": "Seq Scan",                                                                                                   
                                   "Parent Relationship": "Outer",                                                                                            
                                   "Parallel Aware": false,                                                                                                   
                                   "Relation Name": "name",                                                                                                   
                                   "Alias": "n",                                                                                                              
                                   "Startup Cost": 0.00,                                                                                                      
                                   "Total Cost": 2679.69,                                                                                                     
                                   "Plan Rows": 3787,                                                                                                         
                                   "Plan Width": 4,                                                                                                           
                                   "Actual Startup Time": 1094.673,                                                                                           
                                   "Actual Total Time": 2598.885,                                                                                             
                                   "Actual Rows": 6768,                                                                                                       
                                   "Actual Loops": 1,                                                                                                         
                                   "Filter": "((name ~~ '%Ang%'::text) AND ((gender)::text = 'f'::text))",                                                    
                                   "Rows Removed by Filter": 4160723,                                                                                         
                                   "Shared Hit Blocks": 0,                                                                                                    
                                   "Shared Read Blocks": 55613,                                                                                               
                                   "Shared Dirtied Blocks": 0,                                                                                                
                                   "Shared Written Blocks": 0,                                                                                                
                                   "Local Hit Blocks": 0,                                                                                                     
                                   "Local Read Blocks": 0,                                                                                                    
                                   "Local Dirtied Blocks": 0,                                                                                                 
                                   "Local Written Blocks": 0,                                                                                                 
                                   "Temp Read Blocks": 0,                                                                                                     
                                   "Temp Written Blocks": 0                                                                                                   
                                 }                                                                                                                            
                               ]                                                                                                                              
                             }                                                                                                                                
                           ]                                                                                                                                  
                         }                                                                                                                                    
                       ]                                                                                                                                      
                     }                                                                                                                                        
                   ]                                                                                                                                          
                 },                                                                                                                                           
                 {                                                                                                                                            
                   "Node Type": "Hash",                                                                                                                       
                   "Parent Relationship": "Inner",                                                                                                            
                   "Parallel Aware": false,                                                                                                                   
                   "Startup Cost": 3207.44,                                                                                                                   
                   "Total Cost": 3207.44,                                                                                                                     
                   "Plan Rows": 46351,                                                                                                                        
                   "Plan Width": 25,                                                                                                                          
                   "Actual Startup Time": 3226.999,                                                                                                           
                   "Actual Total Time": 3226.999,                                                                                                             
                   "Actual Rows": 144120,                                                                                                                     
                   "Actual Loops": 1,                                                                                                                         
                   "Hash Buckets": 262144,                                                                                                                    
                   "Original Hash Buckets": 65536,                                                                                                            
                   "Hash Batches": 1,                                                                                                                         
                   "Original Hash Batches": 1,                                                                                                                
                   "Peak Memory Usage": 10692,                                                                                                                
                   "Shared Hit Blocks": 0,                                                                                                                    
                   "Shared Read Blocks": 57781,                                                                                                               
                   "Shared Dirtied Blocks": 0,                                                                                                                
                   "Shared Written Blocks": 0,                                                                                                                
                   "Local Hit Blocks": 0,                                                                                                                     
                   "Local Read Blocks": 0,                                                                                                                    
                   "Local Dirtied Blocks": 0,                                                                                                                 
                   "Local Written Blocks": 0,                                                                                                                 
                   "Temp Read Blocks": 0,                                                                                                                     
                   "Temp Written Blocks": 0,                                                                                                                  
                   "Plans": [                                                                                                                                 
                     {                                                                                                                                        
                       "Node Type": "Hash Join",                                                                                                              
                       "Parent Relationship": "Outer",                                                                                                        
                       "Parallel Aware": false,                                                                                                               
                       "Join Type": "Inner",                                                                                                                  
                       "Startup Cost": 2000.03,                                                                                                               
                       "Total Cost": 3207.44,                                                                                                                 
                       "Plan Rows": 46351,                                                                                                                    
                       "Plan Width": 25,                                                                                                                      
                       "Actual Startup Time": 1962.861,                                                                                                       
                       "Actual Total Time": 3171.898,                                                                                                         
                       "Actual Rows": 144120,                                                                                                                 
                       "Actual Loops": 1,                                                                                                                     
                       "Inner Unique": true,                                                                                                                  
                       "Hash Cond": "(mc.movie_id = t.id)",                                                                                                   
                       "Shared Hit Blocks": 0,                                                                                                                
                       "Shared Read Blocks": 57781,                                                                                                           
                       "Shared Dirtied Blocks": 0,                                                                                                            
                       "Shared Written Blocks": 0,                                                                                                            
                       "Local Hit Blocks": 0,                                                                                                                 
                       "Local Read Blocks": 0,                                                                                                                
                       "Local Dirtied Blocks": 0,                                                                                                             
                       "Local Written Blocks": 0,                                                                                                             
                       "Temp Read Blocks": 0,                                                                                                                 
                       "Temp Written Blocks": 0,                                                                                                              
                       "Plans": [                                                                                                                             
                         {                                                                                                                                    
                           "Node Type": "Hash Join",                                                                                                          
                           "Parent Relationship": "Outer",                                                                                                    
                           "Parallel Aware": false,                                                                                                           
                           "Join Type": "Inner",                                                                                                              
                           "Startup Cost": 140.86,                                                                                                            
                           "Total Cost": 1339.64,                                                                                                             
                           "Plan Rows": 105777,                                                                                                               
                           "Plan Width": 4,                                                                                                                   
                           "Actual Startup Time": 148.739,                                                                                                    
                           "Actual Total Time": 1184.868,                                                                                                     
                           "Actual Rows": 542096,                                                                                                             
                           "Actual Loops": 1,                                                                                                                 
                           "Inner Unique": true,                                                                                                              
                           "Hash Cond": "(mc.company_id = cn.id)",                                                                                            
                           "Shared Hit Blocks": 0,                                                                                                            
                           "Shared Read Blocks": 21783,                                                                                                       
                           "Shared Dirtied Blocks": 0,                                                                                                        
                           "Shared Written Blocks": 0,                                                                                                        
                           "Local Hit Blocks": 0,                                                                                                             
                           "Local Read Blocks": 0,                                                                                                            
                           "Local Dirtied Blocks": 0,                                                                                                         
                           "Local Written Blocks": 0,                                                                                                         
                           "Temp Read Blocks": 0,                                                                                                             
                           "Temp Written Blocks": 0,                                                                                                          
                           "Plans": [                                                                                                                         
                             {                                                                                                                                
                               "Node Type": "Seq Scan",                                                                                                       
                               "Parent Relationship": "Outer",                                                                                                
                               "Parallel Aware": false,                                                                                                       
                               "Relation Name": "movie_companies",                                                                                            
                               "Alias": "mc",                                                                                                                 
                               "Startup Cost": 0.00,                                                                                                          
                               "Total Cost": 1174.90,                                                                                                         
                               "Plan Rows": 292980,                                                                                                           
                               "Plan Width": 8,                                                                                                               
                               "Actual Startup Time": 10.172,                                                                                                 
                               "Actual Total Time": 874.162,                                                                                                  
                               "Actual Rows": 590994,                                                                                                         
                               "Actual Loops": 1,                                                                                                             
                               "Filter": "((note IS NOT NULL) AND ((note ~~ '%(USA)%'::text) OR (note ~~ '%(worldwide)%'::text)))",                           
                               "Rows Removed by Filter": 2018135,                                                                                             
                               "Shared Hit Blocks": 0,                                                                                                        
                               "Shared Read Blocks": 18789,                                                                                                   
                               "Shared Dirtied Blocks": 0,                                                                                                    
                               "Shared Written Blocks": 0,                                                                                                    
                               "Local Hit Blocks": 0,                                                                                                         
                               "Local Read Blocks": 0,                                                                                                        
                               "Local Dirtied Blocks": 0,                                                                                                     
                               "Local Written Blocks": 0,                                                                                                     
                               "Temp Read Blocks": 0,                                                                                                         
                               "Temp Written Blocks": 0                                                                                                       
                             },                                                                                                                               
                             {                                                                                                                                
                               "Node Type": "Hash",                                                                                                           
                               "Parent Relationship": "Inner",                                                                                                
                               "Parallel Aware": false,                                                                                                       
                               "Startup Cost": 128.41,                                                                                                        
                               "Total Cost": 128.41,                                                                                                          
                               "Plan Rows": 84843,                                                                                                            
                               "Plan Width": 4,                                                                                                               
                               "Actual Startup Time": 137.729,                                                                                                
                               "Actual Total Time": 137.729,                                                                                                  
                               "Actual Rows": 84843,                                                                                                          
                               "Actual Loops": 1,                                                                                                             
                               "Hash Buckets": 131072,                                                                                                        
                               "Original Hash Buckets": 131072,                                                                                               
                               "Hash Batches": 1,                                                                                                             
                               "Original Hash Batches": 1,                                                                                                    
                               "Peak Memory Usage": 4007,                                                                                                     
                               "Shared Hit Blocks": 0,                                                                                                        
                               "Shared Read Blocks": 2994,                                                                                                    
                               "Shared Dirtied Blocks": 0,                                                                                                    
                               "Shared Written Blocks": 0,                                                                                                    
                               "Local Hit Blocks": 0,                                                                                                         
                               "Local Read Blocks": 0,                                                                                                        
                               "Local Dirtied Blocks": 0,                                                                                                     
                               "Local Written Blocks": 0,                                                                                                     
                               "Temp Read Blocks": 0,                                                                                                         
                               "Temp Written Blocks": 0,                                                                                                      
                               "Plans": [                                                                                                                     
                                 {                                                                                                                            
                                   "Node Type": "Seq Scan",                                                                                                   
                                   "Parent Relationship": "Outer",                                                                                            
                                   "Parallel Aware": false,                                                                                                   
                                   "Relation Name": "company_name",                                                                                           
                                   "Alias": "cn",                                                                                                             
                                   "Startup Cost": 0.00,                                                                                                      
                                   "Total Cost": 128.41,                                                                                                      
                                   "Plan Rows": 84843,                                                                                                        
                                   "Plan Width": 4,                                                                                                           
                                   "Actual Startup Time": 2.384,                                                                                              
                                   "Actual Total Time": 106.117,                                                                                              
                                   "Actual Rows": 84843,                                                                                                      
                                   "Actual Loops": 1,                                                                                                         
                                   "Filter": "((country_code)::text = '[us]'::text)",                                                                         
                                   "Rows Removed by Filter": 150154,                                                                                          
                                   "Shared Hit Blocks": 0,                                                                                                    
                                   "Shared Read Blocks": 2994,                                                                                                
                                   "Shared Dirtied Blocks": 0,                                                                                                
                                   "Shared Written Blocks": 0,                                                                                                
                                   "Local Hit Blocks": 0,                                                                                                     
                                   "Local Read Blocks": 0,                                                                                                    
                                   "Local Dirtied Blocks": 0,                                                                                                 
                                   "Local Written Blocks": 0,                                                                                                 
                                   "Temp Read Blocks": 0,                                                                                                     
                                   "Temp Written Blocks": 0                                                                                                   
                                 }                                                                                                                            
                               ]                                                                                                                              
                             }                                                                                                                                
                           ]                                                                                                                                  
                         },                                                                                                                                   
                         {                                                                                                                                    
                           "Node Type": "Hash",                                                                                                               
                           "Parent Relationship": "Inner",                                                                                                    
                           "Parallel Aware": false,                                                                                                           
                           "Startup Cost": 1696.56,                                                                                                           
                           "Total Cost": 1696.56,                                                                                                             
                           "Plan Rows": 1107888,                                                                                                              
                           "Plan Width": 21,                                                                                                                  
                           "Actual Startup Time": 1808.707,                                                                                                   
                           "Actual Total Time": 1808.707,                                                                                                     
                           "Actual Rows": 1107888,                                                                                                            
                           "Actual Loops": 1,                                                                                                                 
                           "Hash Buckets": 2097152,                                                                                                           
                           "Original Hash Buckets": 2097152,                                                                                                  
                           "Hash Batches": 1,                                                                                                                 
                           "Original Hash Batches": 1,                                                                                                        
                           "Peak Memory Usage": 75795,                                                                                                        
                           "Shared Hit Blocks": 0,                                                                                                            
                           "Shared Read Blocks": 35998,                                                                                                       
                           "Shared Dirtied Blocks": 0,                                                                                                        
                           "Shared Written Blocks": 0,                                                                                                        
                           "Local Hit Blocks": 0,                                                                                                             
                           "Local Read Blocks": 0,                                                                                                            
                           "Local Dirtied Blocks": 0,                                                                                                         
                           "Local Written Blocks": 0,                                                                                                         
                           "Temp Read Blocks": 0,                                                                                                             
                           "Temp Written Blocks": 0,                                                                                                          
                           "Plans": [                                                                                                                         
                             {                                                                                                                                
                               "Node Type": "Seq Scan",                                                                                                       
                               "Parent Relationship": "Outer",                                                                                                
                               "Parallel Aware": false,                                                                                                       
                               "Relation Name": "title",                                                                                                      
                               "Alias": "t",                                                                                                                  
                               "Startup Cost": 0.00,                                                                                                          
                               "Total Cost": 1696.56,                                                                                                         
                               "Plan Rows": 1107888,                                                                                                          
                               "Plan Width": 21,                                                                                                              
                               "Actual Startup Time": 9.568,                                                                                                  
                               "Actual Total Time": 1296.904,                                                                                                 
                               "Actual Rows": 1107888,                                                                                                        
                               "Actual Loops": 1,                                                                                                             
                               "Filter": "((production_year >= 2005) AND (production_year <= 2015))",                                                         
                               "Rows Removed by Filter": 1420424,                                                                                             
                               "Shared Hit Blocks": 0,                                                                                                        
                               "Shared Read Blocks": 35998,                                                                                                   
                               "Shared Dirtied Blocks": 0,                                                                                                    
                               "Shared Written Blocks": 0,                                                                                                    
                               "Local Hit Blocks": 0,                                                                                                         
                               "Local Read Blocks": 0,                                                                                                        
                               "Local Dirtied Blocks": 0,                                                                                                     
                               "Local Written Blocks": 0,                                                                                                     
                               "Temp Read Blocks": 0,                                                                                                         
                               "Temp Written Blocks": 0                                                                                                       
                             }                                                                                                                                
                           ]                                                                                                                                  
                         }                                                                                                                                    
                       ]                                                                                                                                      
                     }                                                                                                                                        
                   ]                                                                                                                                          
                 }                                                                                                                                            
               ]                                                                                                                                              
             },                                                                                                                                               
             {                                                                                                                                                
               "Node Type": "Hash",                                                                                                                           
               "Parent Relationship": "Inner",                                                                                                                
               "Parallel Aware": false,                                                                                                                       
               "Startup Cost": 1360.36,                                                                                                                       
               "Total Cost": 1360.36,                                                                                                                         
               "Plan Rows": 3140339,                                                                                                                          
               "Plan Width": 20,                                                                                                                              
               "Actual Startup Time": 1964.690,                                                                                                               
               "Actual Total Time": 1964.690,                                                                                                                 
               "Actual Rows": 3140339,                                                                                                                        
               "Actual Loops": 1,                                                                                                                             
               "Hash Buckets": 4194304,                                                                                                                       
               "Original Hash Buckets": 4194304,                                                                                                              
               "Hash Batches": 1,                                                                                                                             
               "Original Hash Batches": 1,                                                                                                                    
               "Peak Memory Usage": 198030,                                                                                                                   
               "Shared Hit Blocks": 0,                                                                                                                        
               "Shared Read Blocks": 36447,                                                                                                                   
               "Shared Dirtied Blocks": 0,                                                                                                                    
               "Shared Written Blocks": 0,                                                                                                                    
               "Local Hit Blocks": 0,                                                                                                                         
               "Local Read Blocks": 0,                                                                                                                        
               "Local Dirtied Blocks": 0,                                                                                                                     
               "Local Written Blocks": 0,                                                                                                                     
               "Temp Read Blocks": 0,                                                                                                                         
               "Temp Written Blocks": 0,                                                                                                                      
               "Plans": [                                                                                                                                     
                 {                                                                                                                                            
                   "Node Type": "Seq Scan",                                                                                                                   
                   "Parent Relationship": "Outer",                                                                                                            
                   "Parallel Aware": false,                                                                                                                   
                   "Relation Name": "char_name",                                                                                                              
                   "Alias": "chn",                                                                                                                            
                   "Startup Cost": 0.00,                                                                                                                      
                   "Total Cost": 1360.36,                                                                                                                     
                   "Plan Rows": 3140339,                                                                                                                      
                   "Plan Width": 20,                                                                                                                          
                   "Actual Startup Time": 43.295,                                                                                                             
                   "Actual Total Time": 964.412,                                                                                                              
                   "Actual Rows": 3140339,                                                                                                                    
                   "Actual Loops": 1,                                                                                                                         
                   "Shared Hit Blocks": 0,                                                                                                                    
                   "Shared Read Blocks": 36447,                                                                                                               
                   "Shared Dirtied Blocks": 0,                                                                                                                
                   "Shared Written Blocks": 0,                                                                                                                
                   "Local Hit Blocks": 0,                                                                                                                     
                   "Local Read Blocks": 0,                                                                                                                    
                   "Local Dirtied Blocks": 0,                                                                                                                 
                   "Local Written Blocks": 0,                                                                                                                 
                   "Temp Read Blocks": 0,                                                                                                                     
                   "Temp Written Blocks": 0                                                                                                                   
                 }                                                                                                                                            
               ]                                                                                                                                              
             }                                                                                                                                                
           ]                                                                                                                                                  
         }                                                                                                                                                    
       ]                                                                                                                                                      
     },                                                                                                                                                       
     "Planning Time": 3991.388,                                                                                                                               
     "Triggers": [                                                                                                                                            
     ],                                                                                                                                                       
     "Execution Time": 20379.652                                                                                                                              
   }                                                                                                                                                          
 ]
