 [                                                                                                                                         
   {                                                                                                                                       
     "Plan": {                                                                                                                             
       "Node Type": "Aggregate",                                                                                                           
       "Strategy": "Plain",                                                                                                                
       "Partial Mode": "Simple",                                                                                                           
       "Parallel Aware": false,                                                                                                            
       "Startup Cost": 21611.56,                                                                                                           
       "Total Cost": 21611.56,                                                                                                             
       "Plan Rows": 1,                                                                                                                     
       "Plan Width": 128,                                                                                                                  
       "Actual Startup Time": 20335.203,                                                                                                   
       "Actual Total Time": 20335.203,                                                                                                     
       "Actual Rows": 1,                                                                                                                   
       "Actual Loops": 1,                                                                                                                  
       "Shared Hit Blocks": 3,                                                                                                             
       "Shared Read Blocks": 413891,                                                                                                       
       "Shared Dirtied Blocks": 0,                                                                                                         
       "Shared Written Blocks": 0,                                                                                                         
       "Local Hit Blocks": 0,                                                                                                              
       "Local Read Blocks": 0,                                                                                                             
       "Local Dirtied Blocks": 0,                                                                                                          
       "Local Written Blocks": 0,                                                                                                          
       "Temp Read Blocks": 0,                                                                                                              
       "Temp Written Blocks": 0,                                                                                                           
       "Plans": [                                                                                                                          
         {                                                                                                                                 
           "Node Type": "Hash Join",                                                                                                       
           "Parent Relationship": "Outer",                                                                                                 
           "Parallel Aware": false,                                                                                                        
           "Join Type": "Inner",                                                                                                           
           "Startup Cost": 8295.40,                                                                                                        
           "Total Cost": 21611.56,                                                                                                         
           "Plan Rows": 1,                                                                                                                 
           "Plan Width": 64,                                                                                                               
           "Actual Startup Time": 12443.453,                                                                                               
           "Actual Total Time": 20335.115,                                                                                                 
           "Actual Rows": 40,                                                                                                              
           "Actual Loops": 1,                                                                                                              
           "Inner Unique": true,                                                                                                           
           "Hash Cond": "(ci.person_role_id = chn.id)",                                                                                    
           "Shared Hit Blocks": 3,                                                                                                         
           "Shared Read Blocks": 413891,                                                                                                   
           "Shared Dirtied Blocks": 0,                                                                                                     
           "Shared Written Blocks": 0,                                                                                                     
           "Local Hit Blocks": 0,                                                                                                          
           "Local Read Blocks": 0,                                                                                                         
           "Local Dirtied Blocks": 0,                                                                                                      
           "Local Written Blocks": 0,                                                                                                      
           "Temp Read Blocks": 0,                                                                                                          
           "Temp Written Blocks": 0,                                                                                                       
           "Plans": [                                                                                                                      
             {                                                                                                                             
               "Node Type": "Hash Join",                                                                                                   
               "Parent Relationship": "Outer",                                                                                             
               "Parallel Aware": false,                                                                                                    
               "Join Type": "Inner",                                                                                                       
               "Startup Cost": 6474.09,                                                                                                    
               "Total Cost": 19790.25,                                                                                                     
               "Plan Rows": 1,                                                                                                             
               "Plan Width": 52,                                                                                                           
               "Actual Startup Time": 10385.563,                                                                                           
               "Actual Total Time": 18277.191,                                                                                             
               "Actual Rows": 40,                                                                                                          
               "Actual Loops": 1,                                                                                                          
               "Inner Unique": false,                                                                                                      
               "Hash Cond": "(ci.movie_id = t.id)",                                                                                        
               "Shared Hit Blocks": 0,                                                                                                     
               "Shared Read Blocks": 377444,                                                                                               
               "Shared Dirtied Blocks": 0,                                                                                                 
               "Shared Written Blocks": 0,                                                                                                 
               "Local Hit Blocks": 0,                                                                                                      
               "Local Read Blocks": 0,                                                                                                     
               "Local Dirtied Blocks": 0,                                                                                                  
               "Local Written Blocks": 0,                                                                                                  
               "Temp Read Blocks": 0,                                                                                                      
               "Temp Written Blocks": 0,                                                                                                   
               "Plans": [                                                                                                                  
                 {                                                                                                                         
                   "Node Type": "Hash Join",                                                                                               
                   "Parent Relationship": "Outer",                                                                                         
                   "Parallel Aware": false,                                                                                                
                   "Join Type": "Inner",                                                                                                   
                   "Startup Cost": 3173.44,                                                                                                
                   "Total Cost": 16489.60,                                                                                                 
                   "Plan Rows": 34,                                                                                                        
                   "Plan Width": 39,                                                                                                       
                   "Actual Startup Time": 7433.628,                                                                                        
                   "Actual Total Time": 15415.066,                                                                                         
                   "Actual Rows": 265,                                                                                                     
                   "Actual Loops": 1,                                                                                                      
                   "Inner Unique": false,                                                                                                  
                   "Hash Cond": "(ci.person_id = n.id)",                                                                                   
                   "Shared Hit Blocks": 0,                                                                                                 
                   "Shared Read Blocks": 319663,                                                                                           
                   "Shared Dirtied Blocks": 0,                                                                                             
                   "Shared Written Blocks": 0,                                                                                             
                   "Local Hit Blocks": 0,                                                                                                  
                   "Local Read Blocks": 0,                                                                                                 
                   "Local Dirtied Blocks": 0,                                                                                              
                   "Local Written Blocks": 0,                                                                                              
                   "Temp Read Blocks": 0,                                                                                                  
                   "Temp Written Blocks": 0,                                                                                               
                   "Plans": [                                                                                                              
                     {                                                                                                                     
                       "Node Type": "Hash Join",                                                                                           
                       "Parent Relationship": "Outer",                                                                                     
                       "Parallel Aware": false,                                                                                            
                       "Join Type": "Inner",                                                                                               
                       "Startup Cost": 0.03,                                                                                               
                       "Total Cost": 13309.28,                                                                                             
                       "Plan Rows": 59356,                                                                                                 
                       "Plan Width": 12,                                                                                                   
                       "Actual Startup Time": 4016.462,                                                                                    
                       "Actual Total Time": 12020.043,                                                                                     
                       "Actual Rows": 222686,                                                                                              
                       "Actual Loops": 1,                                                                                                  
                       "Inner Unique": true,                                                                                               
                       "Hash Cond": "(ci.role_id = rt.id)",                                                                                
                       "Shared Hit Blocks": 0,                                                                                             
                       "Shared Read Blocks": 252655,                                                                                       
                       "Shared Dirtied Blocks": 0,                                                                                         
                       "Shared Written Blocks": 0,                                                                                         
                       "Local Hit Blocks": 0,                                                                                              
                       "Local Read Blocks": 0,                                                                                             
                       "Local Dirtied Blocks": 0,                                                                                          
                       "Local Written Blocks": 0,                                                                                          
                       "Temp Read Blocks": 0,                                                                                              
                       "Temp Written Blocks": 0,                                                                                           
                       "Plans": [                                                                                                          
                         {                                                                                                                 
                           "Node Type": "Seq Scan",                                                                                        
                           "Parent Relationship": "Outer",                                                                                 
                           "Parallel Aware": false,                                                                                        
                           "Relation Name": "cast_info",                                                                                   
                           "Alias": "ci",                                                                                                  
                           "Startup Cost": 0.00,                                                                                           
                           "Total Cost": 13245.00,                                                                                         
                           "Plan Rows": 712274,                                                                                            
                           "Plan Width": 16,                                                                                               
                           "Actual Startup Time": 49.226,                                                                                  
                           "Actual Total Time": 11793.505,                                                                                 
                           "Actual Rows": 713828,                                                                                          
                           "Actual Loops": 1,                                                                                              
                           "Filter": "(note = '(voice)'::text)",                                                                           
                           "Rows Removed by Filter": 35530516,                                                                             
                           "Shared Hit Blocks": 0,                                                                                         
                           "Shared Read Blocks": 252654,                                                                                   
                           "Shared Dirtied Blocks": 0,                                                                                     
                           "Shared Written Blocks": 0,                                                                                     
                           "Local Hit Blocks": 0,                                                                                          
                           "Local Read Blocks": 0,                                                                                         
                           "Local Dirtied Blocks": 0,                                                                                      
                           "Local Written Blocks": 0,                                                                                      
                           "Temp Read Blocks": 0,                                                                                          
                           "Temp Written Blocks": 0                                                                                        
                         },                                                                                                                
                         {                                                                                                                 
                           "Node Type": "Hash",                                                                                            
                           "Parent Relationship": "Inner",                                                                                 
                           "Parallel Aware": false,                                                                                        
                           "Startup Cost": 0.03,                                                                                           
                           "Total Cost": 0.03,                                                                                             
                           "Plan Rows": 1,                                                                                                 
                           "Plan Width": 4,                                                                                                
                           "Actual Startup Time": 21.750,                                                                                  
                           "Actual Total Time": 21.750,                                                                                    
                           "Actual Rows": 1,                                                                                               
                           "Actual Loops": 1,                                                                                              
                           "Hash Buckets": 1024,                                                                                           
                           "Original Hash Buckets": 1024,                                                                                  
                           "Hash Batches": 1,                                                                                              
                           "Original Hash Batches": 1,                                                                                     
                           "Peak Memory Usage": 9,                                                                                         
                           "Shared Hit Blocks": 0,                                                                                         
                           "Shared Read Blocks": 1,                                                                                        
                           "Shared Dirtied Blocks": 0,                                                                                     
                           "Shared Written Blocks": 0,                                                                                     
                           "Local Hit Blocks": 0,                                                                                          
                           "Local Read Blocks": 0,                                                                                         
                           "Local Dirtied Blocks": 0,                                                                                      
                           "Local Written Blocks": 0,                                                                                      
                           "Temp Read Blocks": 0,                                                                                          
                           "Temp Written Blocks": 0,                                                                                       
                           "Plans": [                                                                                                      
                             {                                                                                                             
                               "Node Type": "Seq Scan",                                                                                    
                               "Parent Relationship": "Outer",                                                                             
                               "Parallel Aware": false,                                                                                    
                               "Relation Name": "role_type",                                                                               
                               "Alias": "rt",                                                                                              
                               "Startup Cost": 0.00,                                                                                       
                               "Total Cost": 0.03,                                                                                         
                               "Plan Rows": 1,                                                                                             
                               "Plan Width": 4,                                                                                            
                               "Actual Startup Time": 21.732,                                                                              
                               "Actual Total Time": 21.739,                                                                                
                               "Actual Rows": 1,                                                                                           
                               "Actual Loops": 1,                                                                                          
                               "Filter": "((role)::text = 'actress'::text)",                                                               
                               "Rows Removed by Filter": 11,                                                                               
                               "Shared Hit Blocks": 0,                                                                                     
                               "Shared Read Blocks": 1,                                                                                    
                               "Shared Dirtied Blocks": 0,                                                                                 
                               "Shared Written Blocks": 0,                                                                                 
                               "Local Hit Blocks": 0,                                                                                      
                               "Local Read Blocks": 0,                                                                                     
                               "Local Dirtied Blocks": 0,                                                                                  
                               "Local Written Blocks": 0,                                                                                  
                               "Temp Read Blocks": 0,                                                                                      
                               "Temp Written Blocks": 0                                                                                    
                             }                                                                                                             
                           ]                                                                                                               
                         }                                                                                                                 
                       ]                                                                                                                   
                     },                                                                                                                    
                     {                                                                                                                     
                       "Node Type": "Hash",                                                                                                
                       "Parent Relationship": "Inner",                                                                                     
                       "Parallel Aware": false,                                                                                            
                       "Startup Cost": 3173.32,                                                                                            
                       "Total Cost": 3173.32,                                                                                              
                       "Plan Rows": 597,                                                                                                   
                       "Plan Width": 39,                                                                                                   
                       "Actual Startup Time": 3354.002,                                                                                    
                       "Actual Total Time": 3354.002,                                                                                      
                       "Actual Rows": 1296,                                                                                                
                       "Actual Loops": 1,                                                                                                  
                       "Hash Buckets": 2048,                                                                                               
                       "Original Hash Buckets": 1024,                                                                                      
                       "Hash Batches": 1,                                                                                                  
                       "Original Hash Batches": 1,                                                                                         
                       "Peak Memory Usage": 110,                                                                                           
                       "Shared Hit Blocks": 0,                                                                                             
                       "Shared Read Blocks": 67008,                                                                                        
                       "Shared Dirtied Blocks": 0,                                                                                         
                       "Shared Written Blocks": 0,                                                                                         
                       "Local Hit Blocks": 0,                                                                                              
                       "Local Read Blocks": 0,                                                                                             
                       "Local Dirtied Blocks": 0,                                                                                          
                       "Local Written Blocks": 0,                                                                                          
                       "Temp Read Blocks": 0,                                                                                              
                       "Temp Written Blocks": 0,                                                                                           
                       "Plans": [                                                                                                          
                         {                                                                                                                 
                           "Node Type": "Hash Join",                                                                                       
                           "Parent Relationship": "Outer",                                                                                 
                           "Parallel Aware": false,                                                                                        
                           "Join Type": "Inner",                                                                                           
                           "Startup Cost": 2680.09,                                                                                        
                           "Total Cost": 3173.32,                                                                                          
                           "Plan Rows": 597,                                                                                               
                           "Plan Width": 39,                                                                                               
                           "Actual Startup Time": 2808.698,                                                                                
                           "Actual Total Time": 3352.932,                                                                                  
                           "Actual Rows": 1296,                                                                                            
                           "Actual Loops": 1,                                                                                              
                           "Inner Unique": true,                                                                                           
                           "Hash Cond": "(an.person_id = n.id)",                                                                           
                           "Shared Hit Blocks": 0,                                                                                         
                           "Shared Read Blocks": 67008,                                                                                    
                           "Shared Dirtied Blocks": 0,                                                                                     
                           "Shared Written Blocks": 0,                                                                                     
                           "Local Hit Blocks": 0,                                                                                          
                           "Local Read Blocks": 0,                                                                                         
                           "Local Dirtied Blocks": 0,                                                                                      
                           "Local Written Blocks": 0,                                                                                      
                           "Temp Read Blocks": 0,                                                                                          
                           "Temp Written Blocks": 0,                                                                                       
                           "Plans": [                                                                                                      
                             {                                                                                                             
                               "Node Type": "Seq Scan",                                                                                    
                               "Parent Relationship": "Outer",                                                                             
                               "Parallel Aware": false,                                                                                    
                               "Relation Name": "aka_name",                                                                                
                               "Alias": "an",                                                                                              
                               "Startup Cost": 0.00,                                                                                       
                               "Total Cost": 419.75,                                                                                       
                               "Plan Rows": 901343,                                                                                        
                               "Plan Width": 20,                                                                                           
                               "Actual Startup Time": 6.102,                                                                               
                               "Actual Total Time": 339.471,                                                                               
                               "Actual Rows": 901343,                                                                                      
                               "Actual Loops": 1,                                                                                          
                               "Shared Hit Blocks": 0,                                                                                     
                               "Shared Read Blocks": 11395,                                                                                
                               "Shared Dirtied Blocks": 0,                                                                                 
                               "Shared Written Blocks": 0,                                                                                 
                               "Local Hit Blocks": 0,                                                                                      
                               "Local Read Blocks": 0,                                                                                     
                               "Local Dirtied Blocks": 0,                                                                                  
                               "Local Written Blocks": 0,                                                                                  
                               "Temp Read Blocks": 0,                                                                                      
                               "Temp Written Blocks": 0                                                                                    
                             },                                                                                                            
                             {                                                                                                             
                               "Node Type": "Hash",                                                                                        
                               "Parent Relationship": "Inner",                                                                             
                               "Parallel Aware": false,                                                                                    
                               "Startup Cost": 2679.69,                                                                                    
                               "Total Cost": 2679.69,                                                                                      
                               "Plan Rows": 2762,                                                                                          
                               "Plan Width": 19,                                                                                           
                               "Actual Startup Time": 2794.609,                                                                            
                               "Actual Total Time": 2794.609,                                                                              
                               "Actual Rows": 5409,                                                                                        
                               "Actual Loops": 1,                                                                                          
                               "Hash Buckets": 8192,                                                                                       
                               "Original Hash Buckets": 4096,                                                                              
                               "Hash Batches": 1,                                                                                          
                               "Original Hash Batches": 1,                                                                                 
                               "Peak Memory Usage": 349,                                                                                   
                               "Shared Hit Blocks": 0,                                                                                     
                               "Shared Read Blocks": 55613,                                                                                
                               "Shared Dirtied Blocks": 0,                                                                                 
                               "Shared Written Blocks": 0,                                                                                 
                               "Local Hit Blocks": 0,                                                                                      
                               "Local Read Blocks": 0,                                                                                     
                               "Local Dirtied Blocks": 0,                                                                                  
                               "Local Written Blocks": 0,                                                                                  
                               "Temp Read Blocks": 0,                                                                                      
                               "Temp Written Blocks": 0,                                                                                   
                               "Plans": [                                                                                                  
                                 {                                                                                                         
                                   "Node Type": "Seq Scan",                                                                                
                                   "Parent Relationship": "Outer",                                                                         
                                   "Parallel Aware": false,                                                                                
                                   "Relation Name": "name",                                                                                
                                   "Alias": "n",                                                                                           
                                   "Startup Cost": 0.00,                                                                                   
                                   "Total Cost": 2679.69,                                                                                  
                                   "Plan Rows": 2762,                                                                                      
                                   "Plan Width": 19,                                                                                       
                                   "Actual Startup Time": 1128.118,                                                                        
                                   "Actual Total Time": 2791.151,                                                                          
                                   "Actual Rows": 5409,                                                                                    
                                   "Actual Loops": 1,                                                                                      
                                   "Filter": "((name ~~ '%Angel%'::text) AND ((gender)::text = 'f'::text))",                               
                                   "Rows Removed by Filter": 4162082,                                                                      
                                   "Shared Hit Blocks": 0,                                                                                 
                                   "Shared Read Blocks": 55613,                                                                            
                                   "Shared Dirtied Blocks": 0,                                                                             
                                   "Shared Written Blocks": 0,                                                                             
                                   "Local Hit Blocks": 0,                                                                                  
                                   "Local Read Blocks": 0,                                                                                 
                                   "Local Dirtied Blocks": 0,                                                                              
                                   "Local Written Blocks": 0,                                                                              
                                   "Temp Read Blocks": 0,                                                                                  
                                   "Temp Written Blocks": 0                                                                                
                                 }                                                                                                         
                               ]                                                                                                           
                             }                                                                                                             
                           ]                                                                                                               
                         }                                                                                                                 
                       ]                                                                                                                   
                     }                                                                                                                     
                   ]                                                                                                                       
                 },                                                                                                                        
                 {                                                                                                                         
                   "Node Type": "Hash",                                                                                                    
                   "Parent Relationship": "Inner",                                                                                         
                   "Parallel Aware": false,                                                                                                
                   "Startup Cost": 3299.62,                                                                                                
                   "Total Cost": 3299.62,                                                                                                  
                   "Plan Rows": 7062,                                                                                                      
                   "Plan Width": 25,                                                                                                       
                   "Actual Startup Time": 2861.943,                                                                                        
                   "Actual Total Time": 2861.943,                                                                                          
                   "Actual Rows": 47009,                                                                                                   
                   "Actual Loops": 1,                                                                                                      
                   "Hash Buckets": 65536,                                                                                                  
                   "Original Hash Buckets": 8192,                                                                                          
                   "Hash Batches": 1,                                                                                                      
                   "Original Hash Batches": 1,                                                                                             
                   "Peak Memory Usage": 3349,                                                                                              
                   "Shared Hit Blocks": 0,                                                                                                 
                   "Shared Read Blocks": 57781,                                                                                            
                   "Shared Dirtied Blocks": 0,                                                                                             
                   "Shared Written Blocks": 0,                                                                                             
                   "Local Hit Blocks": 0,                                                                                                  
                   "Local Read Blocks": 0,                                                                                                 
                   "Local Dirtied Blocks": 0,                                                                                              
                   "Local Written Blocks": 0,                                                                                              
                   "Temp Read Blocks": 0,                                                                                                  
                   "Temp Written Blocks": 0,                                                                                               
                   "Plans": [                                                                                                              
                     {                                                                                                                     
                       "Node Type": "Hash Join",                                                                                           
                       "Parent Relationship": "Outer",                                                                                     
                       "Parallel Aware": false,                                                                                            
                       "Join Type": "Inner",                                                                                               
                       "Startup Cost": 1912.69,                                                                                            
                       "Total Cost": 3299.62,                                                                                              
                       "Plan Rows": 7062,                                                                                                  
                       "Plan Width": 25,                                                                                                   
                       "Actual Startup Time": 1967.438,                                                                                    
                       "Actual Total Time": 2845.241,                                                                                      
                       "Actual Rows": 47009,                                                                                               
                       "Actual Loops": 1,                                                                                                  
                       "Inner Unique": true,                                                                                               
                       "Hash Cond": "(mc.company_id = cn.id)",                                                                             
                       "Shared Hit Blocks": 0,                                                                                             
                       "Shared Read Blocks": 57781,                                                                                        
                       "Shared Dirtied Blocks": 0,                                                                                         
                       "Shared Written Blocks": 0,                                                                                         
                       "Local Hit Blocks": 0,                                                                                              
                       "Local Read Blocks": 0,                                                                                             
                       "Local Dirtied Blocks": 0,                                                                                          
                       "Local Written Blocks": 0,                                                                                          
                       "Temp Read Blocks": 0,                                                                                              
                       "Temp Written Blocks": 0,                                                                                           
                       "Plans": [                                                                                                          
                         {                                                                                                                 
                           "Node Type": "Hash Join",                                                                                       
                           "Parent Relationship": "Outer",                                                                                 
                           "Parallel Aware": false,                                                                                        
                           "Join Type": "Inner",                                                                                           
                           "Startup Cost": 1771.83,                                                                                        
                           "Total Cost": 3157.16,                                                                                          
                           "Plan Rows": 19560,                                                                                             
                           "Plan Width": 29,                                                                                               
                           "Actual Startup Time": 1819.699,                                                                                
                           "Actual Total Time": 2676.229,                                                                                  
                           "Actual Rows": 54971,                                                                                           
                           "Actual Loops": 1,                                                                                              
                           "Inner Unique": true,                                                                                           
                           "Hash Cond": "(mc.movie_id = t.id)",                                                                            
                           "Shared Hit Blocks": 0,                                                                                         
                           "Shared Read Blocks": 54787,                                                                                    
                           "Shared Dirtied Blocks": 0,                                                                                     
                           "Shared Written Blocks": 0,                                                                                     
                           "Local Hit Blocks": 0,                                                                                          
                           "Local Read Blocks": 0,                                                                                         
                           "Local Dirtied Blocks": 0,                                                                                      
                           "Local Written Blocks": 0,                                                                                      
                           "Temp Read Blocks": 0,                                                                                          
                           "Temp Written Blocks": 0,                                                                                       
                           "Plans": [                                                                                                      
                             {                                                                                                             
                               "Node Type": "Seq Scan",                                                                                    
                               "Parent Relationship": "Outer",                                                                             
                               "Parallel Aware": false,                                                                                    
                               "Relation Name": "movie_companies",                                                                         
                               "Alias": "mc",                                                                                              
                               "Startup Cost": 0.00,                                                                                       
                               "Total Cost": 1377.47,                                                                                      
                               "Plan Rows": 96436,                                                                                         
                               "Plan Width": 8,                                                                                            
                               "Actual Startup Time": 0.172,                                                                               
                               "Actual Total Time": 784.758,                                                                               
                               "Actual Rows": 198519,                                                                                      
                               "Actual Loops": 1,                                                                                          
                               "Filter": "((note ~~ '%(200%)%'::text) AND ((note ~~ '%(USA)%'::text) OR (note ~~ '%(worldwide)%'::text)))",
                               "Rows Removed by Filter": 2410610,                                                                          
                               "Shared Hit Blocks": 0,                                                                                     
                               "Shared Read Blocks": 18789,                                                                                
                               "Shared Dirtied Blocks": 0,                                                                                 
                               "Shared Written Blocks": 0,                                                                                 
                               "Local Hit Blocks": 0,                                                                                      
                               "Local Read Blocks": 0,                                                                                     
                               "Local Dirtied Blocks": 0,                                                                                  
                               "Local Written Blocks": 0,                                                                                  
                               "Temp Read Blocks": 0,                                                                                      
                               "Temp Written Blocks": 0                                                                                    
                             },                                                                                                            
                             {                                                                                                             
                               "Node Type": "Hash",                                                                                        
                               "Parent Relationship": "Inner",                                                                             
                               "Parallel Aware": false,                                                                                    
                               "Startup Cost": 1696.56,                                                                                    
                               "Total Cost": 1696.56,                                                                                      
                               "Plan Rows": 512825,                                                                                        
                               "Plan Width": 21,                                                                                           
                               "Actual Startup Time": 1817.393,                                                                            
                               "Actual Total Time": 1817.394,                                                                              
                               "Actual Rows": 512825,                                                                                      
                               "Actual Loops": 1,                                                                                          
                               "Hash Buckets": 524288,                                                                                     
                               "Original Hash Buckets": 524288,                                                                            
                               "Hash Batches": 1,                                                                                          
                               "Original Hash Batches": 1,                                                                                 
                               "Peak Memory Usage": 31488,                                                                                 
                               "Shared Hit Blocks": 0,                                                                                     
                               "Shared Read Blocks": 35998,                                                                                
                               "Shared Dirtied Blocks": 0,                                                                                 
                               "Shared Written Blocks": 0,                                                                                 
                               "Local Hit Blocks": 0,                                                                                      
                               "Local Read Blocks": 0,                                                                                     
                               "Local Dirtied Blocks": 0,                                                                                  
                               "Local Written Blocks": 0,                                                                                  
                               "Temp Read Blocks": 0,                                                                                      
                               "Temp Written Blocks": 0,                                                                                   
                               "Plans": [                                                                                                  
                                 {                                                                                                         
                                   "Node Type": "Seq Scan",                                                                                
                                   "Parent Relationship": "Outer",                                                                         
                                   "Parallel Aware": false,                                                                                
                                   "Relation Name": "title",                                                                               
                                   "Alias": "t",                                                                                           
                                   "Startup Cost": 0.00,                                                                                   
                                   "Total Cost": 1696.56,                                                                                  
                                   "Plan Rows": 512825,                                                                                    
                                   "Plan Width": 21,                                                                                       
                                   "Actual Startup Time": 9.840,                                                                           
                                   "Actual Total Time": 1527.415,                                                                          
                                   "Actual Rows": 512825,                                                                                  
                                   "Actual Loops": 1,                                                                                      
                                   "Filter": "((production_year >= 2007) AND (production_year <= 2010))",                                  
                                   "Rows Removed by Filter": 2015487,                                                                      
                                   "Shared Hit Blocks": 0,                                                                                 
                                   "Shared Read Blocks": 35998,                                                                            
                                   "Shared Dirtied Blocks": 0,                                                                             
                                   "Shared Written Blocks": 0,                                                                             
                                   "Local Hit Blocks": 0,                                                                                  
                                   "Local Read Blocks": 0,                                                                                 
                                   "Local Dirtied Blocks": 0,                                                                              
                                   "Local Written Blocks": 0,                                                                              
                                   "Temp Read Blocks": 0,                                                                                  
                                   "Temp Written Blocks": 0                                                                                
                                 }                                                                                                         
                               ]                                                                                                           
                             }                                                                                                             
                           ]                                                                                                               
                         },                                                                                                                
                         {                                                                                                                 
                           "Node Type": "Hash",                                                                                            
                           "Parent Relationship": "Inner",                                                                                 
                           "Parallel Aware": false,                                                                                        
                           "Startup Cost": 128.41,                                                                                         
                           "Total Cost": 128.41,                                                                                           
                           "Plan Rows": 84843,                                                                                             
                           "Plan Width": 4,                                                                                                
                           "Actual Startup Time": 147.288,                                                                                 
                           "Actual Total Time": 147.289,                                                                                   
                           "Actual Rows": 84843,                                                                                           
                           "Actual Loops": 1,                                                                                              
                           "Hash Buckets": 131072,                                                                                         
                           "Original Hash Buckets": 131072,                                                                                
                           "Hash Batches": 1,                                                                                              
                           "Original Hash Batches": 1,                                                                                     
                           "Peak Memory Usage": 4007,                                                                                      
                           "Shared Hit Blocks": 0,                                                                                         
                           "Shared Read Blocks": 2994,                                                                                     
                           "Shared Dirtied Blocks": 0,                                                                                     
                           "Shared Written Blocks": 0,                                                                                     
                           "Local Hit Blocks": 0,                                                                                          
                           "Local Read Blocks": 0,                                                                                         
                           "Local Dirtied Blocks": 0,                                                                                      
                           "Local Written Blocks": 0,                                                                                      
                           "Temp Read Blocks": 0,                                                                                          
                           "Temp Written Blocks": 0,                                                                                       
                           "Plans": [                                                                                                      
                             {                                                                                                             
                               "Node Type": "Seq Scan",                                                                                    
                               "Parent Relationship": "Outer",                                                                             
                               "Parallel Aware": false,                                                                                    
                               "Relation Name": "company_name",                                                                            
                               "Alias": "cn",                                                                                              
                               "Startup Cost": 0.00,                                                                                       
                               "Total Cost": 128.41,                                                                                       
                               "Plan Rows": 84843,                                                                                         
                               "Plan Width": 4,                                                                                            
                               "Actual Startup Time": 9.016,                                                                               
                               "Actual Total Time": 115.459,                                                                               
                               "Actual Rows": 84843,                                                                                       
                               "Actual Loops": 1,                                                                                          
                               "Filter": "((country_code)::text = '[us]'::text)",                                                          
                               "Rows Removed by Filter": 150154,                                                                           
                               "Shared Hit Blocks": 0,                                                                                     
                               "Shared Read Blocks": 2994,                                                                                 
                               "Shared Dirtied Blocks": 0,                                                                                 
                               "Shared Written Blocks": 0,                                                                                 
                               "Local Hit Blocks": 0,                                                                                      
                               "Local Read Blocks": 0,                                                                                     
                               "Local Dirtied Blocks": 0,                                                                                  
                               "Local Written Blocks": 0,                                                                                  
                               "Temp Read Blocks": 0,                                                                                      
                               "Temp Written Blocks": 0                                                                                    
                             }                                                                                                             
                           ]                                                                                                               
                         }                                                                                                                 
                       ]                                                                                                                   
                     }                                                                                                                     
                   ]                                                                                                                       
                 }                                                                                                                         
               ]                                                                                                                           
             },                                                                                                                            
             {                                                                                                                             
               "Node Type": "Hash",                                                                                                        
               "Parent Relationship": "Inner",                                                                                             
               "Parallel Aware": false,                                                                                                    
               "Startup Cost": 1360.36,                                                                                                    
               "Total Cost": 1360.36,                                                                                                      
               "Plan Rows": 3140339,                                                                                                       
               "Plan Width": 20,                                                                                                           
               "Actual Startup Time": 2040.196,                                                                                            
               "Actual Total Time": 2040.197,                                                                                              
               "Actual Rows": 3140339,                                                                                                     
               "Actual Loops": 1,                                                                                                          
               "Hash Buckets": 4194304,                                                                                                    
               "Original Hash Buckets": 4194304,                                                                                           
               "Hash Batches": 1,                                                                                                          
               "Original Hash Batches": 1,                                                                                                 
               "Peak Memory Usage": 198030,                                                                                                
               "Shared Hit Blocks": 0,                                                                                                     
               "Shared Read Blocks": 36447,                                                                                                
               "Shared Dirtied Blocks": 0,                                                                                                 
               "Shared Written Blocks": 0,                                                                                                 
               "Local Hit Blocks": 0,                                                                                                      
               "Local Read Blocks": 0,                                                                                                     
               "Local Dirtied Blocks": 0,                                                                                                  
               "Local Written Blocks": 0,                                                                                                  
               "Temp Read Blocks": 0,                                                                                                      
               "Temp Written Blocks": 0,                                                                                                   
               "Plans": [                                                                                                                  
                 {                                                                                                                         
                   "Node Type": "Seq Scan",                                                                                                
                   "Parent Relationship": "Outer",                                                                                         
                   "Parallel Aware": false,                                                                                                
                   "Relation Name": "char_name",                                                                                           
                   "Alias": "chn",                                                                                                         
                   "Startup Cost": 0.00,                                                                                                   
                   "Total Cost": 1360.36,                                                                                                  
                   "Plan Rows": 3140339,                                                                                                   
                   "Plan Width": 20,                                                                                                       
                   "Actual Startup Time": 21.103,                                                                                          
                   "Actual Total Time": 1025.366,                                                                                          
                   "Actual Rows": 3140339,                                                                                                 
                   "Actual Loops": 1,                                                                                                      
                   "Shared Hit Blocks": 0,                                                                                                 
                   "Shared Read Blocks": 36447,                                                                                            
                   "Shared Dirtied Blocks": 0,                                                                                             
                   "Shared Written Blocks": 0,                                                                                             
                   "Local Hit Blocks": 0,                                                                                                  
                   "Local Read Blocks": 0,                                                                                                 
                   "Local Dirtied Blocks": 0,                                                                                              
                   "Local Written Blocks": 0,                                                                                              
                   "Temp Read Blocks": 0,                                                                                                  
                   "Temp Written Blocks": 0                                                                                                
                 }                                                                                                                         
               ]                                                                                                                           
             }                                                                                                                             
           ]                                                                                                                               
         }                                                                                                                                 
       ]                                                                                                                                   
     },                                                                                                                                    
     "Planning Time": 3980.387,                                                                                                            
     "Triggers": [                                                                                                                         
     ],                                                                                                                                    
     "Execution Time": 20341.068                                                                                                           
   }                                                                                                                                       
 ]
