 [                                                                                                                                                                
   {                                                                                                                                                              
     "Plan": {                                                                                                                                                    
       "Node Type": "Aggregate",                                                                                                                                  
       "Strategy": "Plain",                                                                                                                                       
       "Partial Mode": "Simple",                                                                                                                                  
       "Parallel Aware": false,                                                                                                                                   
       "Startup Cost": 23938.33,                                                                                                                                  
       "Total Cost": 23938.33,                                                                                                                                    
       "Plan Rows": 1,                                                                                                                                            
       "Plan Width": 128,                                                                                                                                         
       "Actual Startup Time": 20411.730,                                                                                                                          
       "Actual Total Time": 20411.730,                                                                                                                            
       "Actual Rows": 1,                                                                                                                                          
       "Actual Loops": 1,                                                                                                                                         
       "Shared Hit Blocks": 3,                                                                                                                                    
       "Shared Read Blocks": 413891,                                                                                                                              
       "Shared Dirtied Blocks": 0,                                                                                                                                
       "Shared Written Blocks": 0,                                                                                                                                
       "Local Hit Blocks": 0,                                                                                                                                     
       "Local Read Blocks": 0,                                                                                                                                    
       "Local Dirtied Blocks": 0,                                                                                                                                 
       "Local Written Blocks": 0,                                                                                                                                 
       "Temp Read Blocks": 0,                                                                                                                                     
       "Temp Written Blocks": 0,                                                                                                                                  
       "Plans": [                                                                                                                                                 
         {                                                                                                                                                        
           "Node Type": "Hash Join",                                                                                                                              
           "Parent Relationship": "Outer",                                                                                                                        
           "Parallel Aware": false,                                                                                                                               
           "Join Type": "Inner",                                                                                                                                  
           "Startup Cost": 7779.09,                                                                                                                               
           "Total Cost": 23936.82,                                                                                                                                
           "Plan Rows": 4872,                                                                                                                                     
           "Plan Width": 64,                                                                                                                                      
           "Actual Startup Time": 12274.710,                                                                                                                      
           "Actual Total Time": 20221.479,                                                                                                                        
           "Actual Rows": 483082,                                                                                                                                 
           "Actual Loops": 1,                                                                                                                                     
           "Inner Unique": true,                                                                                                                                  
           "Hash Cond": "(ci.movie_id = t.id)",                                                                                                                   
           "Shared Hit Blocks": 3,                                                                                                                                
           "Shared Read Blocks": 413891,                                                                                                                          
           "Shared Dirtied Blocks": 0,                                                                                                                            
           "Shared Written Blocks": 0,                                                                                                                            
           "Local Hit Blocks": 0,                                                                                                                                 
           "Local Read Blocks": 0,                                                                                                                                
           "Local Dirtied Blocks": 0,                                                                                                                             
           "Local Written Blocks": 0,                                                                                                                             
           "Temp Read Blocks": 0,                                                                                                                                 
           "Temp Written Blocks": 0,                                                                                                                              
           "Plans": [                                                                                                                                             
             {                                                                                                                                                    
               "Node Type": "Hash Join",                                                                                                                          
               "Parent Relationship": "Outer",                                                                                                                    
               "Parallel Aware": false,                                                                                                                           
               "Join Type": "Inner",                                                                                                                              
               "Startup Cost": 6104.02,                                                                                                                           
               "Total Cost": 22261.35,                                                                                                                            
               "Plan Rows": 4872,                                                                                                                                 
               "Plan Width": 55,                                                                                                                                  
               "Actual Startup Time": 10386.933,                                                                                                                  
               "Actual Total Time": 18188.869,                                                                                                                    
               "Actual Rows": 483082,                                                                                                                             
               "Actual Loops": 1,                                                                                                                                 
               "Inner Unique": false,                                                                                                                             
               "Hash Cond": "(ci.movie_id = mc.movie_id)",                                                                                                        
               "Shared Hit Blocks": 0,                                                                                                                            
               "Shared Read Blocks": 377893,                                                                                                                      
               "Shared Dirtied Blocks": 0,                                                                                                                        
               "Shared Written Blocks": 0,                                                                                                                        
               "Local Hit Blocks": 0,                                                                                                                             
               "Local Read Blocks": 0,                                                                                                                            
               "Local Dirtied Blocks": 0,                                                                                                                         
               "Local Written Blocks": 0,                                                                                                                         
               "Temp Read Blocks": 0,                                                                                                                             
               "Temp Written Blocks": 0,                                                                                                                          
               "Plans": [                                                                                                                                         
                 {                                                                                                                                                
                   "Node Type": "Hash Join",                                                                                                                      
                   "Parent Relationship": "Outer",                                                                                                                
                   "Parallel Aware": false,                                                                                                                       
                   "Join Type": "Inner",                                                                                                                          
                   "Startup Cost": 4842.43,                                                                                                                       
                   "Total Cost": 20989.34,                                                                                                                        
                   "Plan Rows": 7026,                                                                                                                             
                   "Plan Width": 51,                                                                                                                              
                   "Actual Startup Time": 8994.098,                                                                                                               
                   "Actual Total Time": 16627.106,                                                                                                                
                   "Actual Rows": 482841,                                                                                                                         
                   "Actual Loops": 1,                                                                                                                             
                   "Inner Unique": true,                                                                                                                          
                   "Hash Cond": "(ci.person_role_id = chn.id)",                                                                                                   
                   "Shared Hit Blocks": 0,                                                                                                                        
                   "Shared Read Blocks": 356110,                                                                                                                  
                   "Shared Dirtied Blocks": 0,                                                                                                                    
                   "Shared Written Blocks": 0,                                                                                                                    
                   "Local Hit Blocks": 0,                                                                                                                         
                   "Local Read Blocks": 0,                                                                                                                        
                   "Local Dirtied Blocks": 0,                                                                                                                     
                   "Local Written Blocks": 0,                                                                                                                     
                   "Temp Read Blocks": 0,                                                                                                                         
                   "Temp Written Blocks": 0,                                                                                                                      
                   "Plans": [                                                                                                                                     
                     {                                                                                                                                            
                       "Node Type": "Hash Join",                                                                                                                  
                       "Parent Relationship": "Outer",                                                                                                            
                       "Parallel Aware": false,                                                                                                                   
                       "Join Type": "Inner",                                                                                                                      
                       "Startup Cost": 3021.13,                                                                                                                   
                       "Total Cost": 19166.85,                                                                                                                    
                       "Plan Rows": 14477,                                                                                                                        
                       "Plan Width": 39,                                                                                                                          
                       "Actual Startup Time": 7252.557,                                                                                                           
                       "Actual Total Time": 14735.823,                                                                                                            
                       "Actual Rows": 503022,                                                                                                                     
                       "Actual Loops": 1,                                                                                                                         
                       "Inner Unique": false,                                                                                                                     
                       "Hash Cond": "(ci.person_id = n.id)",                                                                                                      
                       "Shared Hit Blocks": 0,                                                                                                                    
                       "Shared Read Blocks": 319663,                                                                                                              
                       "Shared Dirtied Blocks": 0,                                                                                                                
                       "Shared Written Blocks": 0,                                                                                                                
                       "Local Hit Blocks": 0,                                                                                                                     
                       "Local Read Blocks": 0,                                                                                                                    
                       "Local Dirtied Blocks": 0,                                                                                                                 
                       "Local Written Blocks": 0,                                                                                                                 
                       "Temp Read Blocks": 0,                                                                                                                     
                       "Temp Written Blocks": 0,                                                                                                                  
                       "Plans": [                                                                                                                                 
                         {                                                                                                                                        
                           "Node Type": "Hash Join",                                                                                                              
                           "Parent Relationship": "Outer",                                                                                                        
                           "Parallel Aware": false,                                                                                                               
                           "Join Type": "Inner",                                                                                                                  
                           "Startup Cost": 0.03,                                                                                                                  
                           "Total Cost": 16137.11,                                                                                                                
                           "Plan Rows": 72136,                                                                                                                    
                           "Plan Width": 12,                                                                                                                      
                           "Actual Startup Time": 3988.353,                                                                                                       
                           "Actual Total Time": 11334.493,                                                                                                        
                           "Actual Rows": 276166,                                                                                                                 
                           "Actual Loops": 1,                                                                                                                     
                           "Inner Unique": true,                                                                                                                  
                           "Hash Cond": "(ci.role_id = rt.id)",                                                                                                   
                           "Shared Hit Blocks": 0,                                                                                                                
                           "Shared Read Blocks": 252655,                                                                                                          
                           "Shared Dirtied Blocks": 0,                                                                                                            
                           "Shared Written Blocks": 0,                                                                                                            
                           "Local Hit Blocks": 0,                                                                                                                 
                           "Local Read Blocks": 0,                                                                                                                
                           "Local Dirtied Blocks": 0,                                                                                                             
                           "Local Written Blocks": 0,                                                                                                             
                           "Temp Read Blocks": 0,                                                                                                                 
                           "Temp Written Blocks": 0,                                                                                                              
                           "Plans": [                                                                                                                             
                             {                                                                                                                                    
                               "Node Type": "Seq Scan",                                                                                                           
                               "Parent Relationship": "Outer",                                                                                                    
                               "Parallel Aware": false,                                                                                                           
                               "Relation Name": "cast_info",                                                                                                      
                               "Alias": "ci",                                                                                                                     
                               "Startup Cost": 0.00,                                                                                                              
                               "Total Cost": 16059.00,                                                                                                            
                               "Plan Rows": 865636,                                                                                                               
                               "Plan Width": 16,                                                                                                                  
                               "Actual Startup Time": 46.008,                                                                                                     
                               "Actual Total Time": 11113.286,                                                                                                    
                               "Actual Rows": 867477,                                                                                                             
                               "Actual Loops": 1,                                                                                                                 
                               "Filter": "(note = ANY ('{(voice),\"(voice: Japanese version)\",\"(voice) (uncredited)\",\"(voice: English version)\"}'::text[]))",
                               "Rows Removed by Filter": 35376867,                                                                                                
                               "Shared Hit Blocks": 0,                                                                                                            
                               "Shared Read Blocks": 252654,                                                                                                      
                               "Shared Dirtied Blocks": 0,                                                                                                        
                               "Shared Written Blocks": 0,                                                                                                        
                               "Local Hit Blocks": 0,                                                                                                             
                               "Local Read Blocks": 0,                                                                                                            
                               "Local Dirtied Blocks": 0,                                                                                                         
                               "Local Written Blocks": 0,                                                                                                         
                               "Temp Read Blocks": 0,                                                                                                             
                               "Temp Written Blocks": 0                                                                                                           
                             },                                                                                                                                   
                             {                                                                                                                                    
                               "Node Type": "Hash",                                                                                                               
                               "Parent Relationship": "Inner",                                                                                                    
                               "Parallel Aware": false,                                                                                                           
                               "Startup Cost": 0.03,                                                                                                              
                               "Total Cost": 0.03,                                                                                                                
                               "Plan Rows": 1,                                                                                                                    
                               "Plan Width": 4,                                                                                                                   
                               "Actual Startup Time": 21.822,                                                                                                     
                               "Actual Total Time": 21.822,                                                                                                       
                               "Actual Rows": 1,                                                                                                                  
                               "Actual Loops": 1,                                                                                                                 
                               "Hash Buckets": 1024,                                                                                                              
                               "Original Hash Buckets": 1024,                                                                                                     
                               "Hash Batches": 1,                                                                                                                 
                               "Original Hash Batches": 1,                                                                                                        
                               "Peak Memory Usage": 9,                                                                                                            
                               "Shared Hit Blocks": 0,                                                                                                            
                               "Shared Read Blocks": 1,                                                                                                           
                               "Shared Dirtied Blocks": 0,                                                                                                        
                               "Shared Written Blocks": 0,                                                                                                        
                               "Local Hit Blocks": 0,                                                                                                             
                               "Local Read Blocks": 0,                                                                                                            
                               "Local Dirtied Blocks": 0,                                                                                                         
                               "Local Written Blocks": 0,                                                                                                         
                               "Temp Read Blocks": 0,                                                                                                             
                               "Temp Written Blocks": 0,                                                                                                          
                               "Plans": [                                                                                                                         
                                 {                                                                                                                                
                                   "Node Type": "Seq Scan",                                                                                                       
                                   "Parent Relationship": "Outer",                                                                                                
                                   "Parallel Aware": false,                                                                                                       
                                   "Relation Name": "role_type",                                                                                                  
                                   "Alias": "rt",                                                                                                                 
                                   "Startup Cost": 0.00,                                                                                                          
                                   "Total Cost": 0.03,                                                                                                            
                                   "Plan Rows": 1,                                                                                                                
                                   "Plan Width": 4,                                                                                                               
                                   "Actual Startup Time": 21.800,                                                                                                 
                                   "Actual Total Time": 21.807,                                                                                                   
                                   "Actual Rows": 1,                                                                                                              
                                   "Actual Loops": 1,                                                                                                             
                                   "Filter": "((role)::text = 'actress'::text)",                                                                                  
                                   "Rows Removed by Filter": 11,                                                                                                  
                                   "Shared Hit Blocks": 0,                                                                                                        
                                   "Shared Read Blocks": 1,                                                                                                       
                                   "Shared Dirtied Blocks": 0,                                                                                                    
                                   "Shared Written Blocks": 0,                                                                                                    
                                   "Local Hit Blocks": 0,                                                                                                         
                                   "Local Read Blocks": 0,                                                                                                        
                                   "Local Dirtied Blocks": 0,                                                                                                     
                                   "Local Written Blocks": 0,                                                                                                     
                                   "Temp Read Blocks": 0,                                                                                                         
                                   "Temp Written Blocks": 0                                                                                                       
                                 }                                                                                                                                
                               ]                                                                                                                                  
                             }                                                                                                                                    
                           ]                                                                                                                                      
                         },                                                                                                                                       
                         {                                                                                                                                        
                           "Node Type": "Hash",                                                                                                                   
                           "Parent Relationship": "Inner",                                                                                                        
                           "Parallel Aware": false,                                                                                                               
                           "Startup Cost": 2990.55,                                                                                                               
                           "Total Cost": 2990.55,                                                                                                                 
                           "Plan Rows": 208060,                                                                                                                   
                           "Plan Width": 39,                                                                                                                      
                           "Actual Startup Time": 3263.328,                                                                                                       
                           "Actual Total Time": 3263.328,                                                                                                         
                           "Actual Rows": 193486,                                                                                                                 
                           "Actual Loops": 1,                                                                                                                     
                           "Hash Buckets": 262144,                                                                                                                
                           "Original Hash Buckets": 262144,                                                                                                       
                           "Hash Batches": 1,                                                                                                                     
                           "Original Hash Batches": 1,                                                                                                            
                           "Peak Memory Usage": 16249,                                                                                                            
                           "Shared Hit Blocks": 0,                                                                                                                
                           "Shared Read Blocks": 67008,                                                                                                           
                           "Shared Dirtied Blocks": 0,                                                                                                            
                           "Shared Written Blocks": 0,                                                                                                            
                           "Local Hit Blocks": 0,                                                                                                                 
                           "Local Read Blocks": 0,                                                                                                                
                           "Local Dirtied Blocks": 0,                                                                                                             
                           "Local Written Blocks": 0,                                                                                                             
                           "Temp Read Blocks": 0,                                                                                                                 
                           "Temp Written Blocks": 0,                                                                                                              
                           "Plans": [                                                                                                                             
                             {                                                                                                                                    
                               "Node Type": "Hash Join",                                                                                                          
                               "Parent Relationship": "Outer",                                                                                                    
                               "Parallel Aware": false,                                                                                                           
                               "Join Type": "Inner",                                                                                                              
                               "Startup Cost": 2497.33,                                                                                                           
                               "Total Cost": 2990.55,                                                                                                             
                               "Plan Rows": 208060,                                                                                                               
                               "Plan Width": 39,                                                                                                                  
                               "Actual Startup Time": 2708.680,                                                                                                   
                               "Actual Total Time": 3195.017,                                                                                                     
                               "Actual Rows": 193486,                                                                                                             
                               "Actual Loops": 1,                                                                                                                 
                               "Inner Unique": true,                                                                                                              
                               "Hash Cond": "(an.person_id = n.id)",                                                                                              
                               "Shared Hit Blocks": 0,                                                                                                            
                               "Shared Read Blocks": 67008,                                                                                                       
                               "Shared Dirtied Blocks": 0,                                                                                                        
                               "Shared Written Blocks": 0,                                                                                                        
                               "Local Hit Blocks": 0,                                                                                                             
                               "Local Read Blocks": 0,                                                                                                            
                               "Local Dirtied Blocks": 0,                                                                                                         
                               "Local Written Blocks": 0,                                                                                                         
                               "Temp Read Blocks": 0,                                                                                                             
                               "Temp Written Blocks": 0,                                                                                                          
                               "Plans": [                                                                                                                         
                                 {                                                                                                                                
                                   "Node Type": "Seq Scan",                                                                                                       
                                   "Parent Relationship": "Outer",                                                                                                
                                   "Parallel Aware": false,                                                                                                       
                                   "Relation Name": "aka_name",                                                                                                   
                                   "Alias": "an",                                                                                                                 
                                   "Startup Cost": 0.00,                                                                                                          
                                   "Total Cost": 419.75,                                                                                                          
                                   "Plan Rows": 901343,                                                                                                           
                                   "Plan Width": 20,                                                                                                              
                                   "Actual Startup Time": 5.257,                                                                                                  
                                   "Actual Total Time": 184.485,                                                                                                  
                                   "Actual Rows": 901343,                                                                                                         
                                   "Actual Loops": 1,                                                                                                             
                                   "Shared Hit Blocks": 0,                                                                                                        
                                   "Shared Read Blocks": 11395,                                                                                                   
                                   "Shared Dirtied Blocks": 0,                                                                                                    
                                   "Shared Written Blocks": 0,                                                                                                    
                                   "Local Hit Blocks": 0,                                                                                                         
                                   "Local Read Blocks": 0,                                                                                                        
                                   "Local Dirtied Blocks": 0,                                                                                                     
                                   "Local Written Blocks": 0,                                                                                                     
                                   "Temp Read Blocks": 0,                                                                                                         
                                   "Temp Written Blocks": 0                                                                                                       
                                 },                                                                                                                               
                                 {                                                                                                                                
                                   "Node Type": "Hash",                                                                                                           
                                   "Parent Relationship": "Inner",                                                                                                
                                   "Parallel Aware": false,                                                                                                       
                                   "Startup Cost": 2356.12,                                                                                                       
                                   "Total Cost": 2356.12,                                                                                                         
                                   "Plan Rows": 961996,                                                                                                           
                                   "Plan Width": 19,                                                                                                              
                                   "Actual Startup Time": 2700.789,                                                                                               
                                   "Actual Total Time": 2700.789,                                                                                                 
                                   "Actual Rows": 961555,                                                                                                         
                                   "Actual Loops": 1,                                                                                                             
                                   "Hash Buckets": 1048576,                                                                                                       
                                   "Original Hash Buckets": 1048576,                                                                                              
                                   "Hash Batches": 1,                                                                                                             
                                   "Original Hash Batches": 1,                                                                                                    
                                   "Peak Memory Usage": 58170,                                                                                                    
                                   "Shared Hit Blocks": 0,                                                                                                        
                                   "Shared Read Blocks": 55613,                                                                                                   
                                   "Shared Dirtied Blocks": 0,                                                                                                    
                                   "Shared Written Blocks": 0,                                                                                                    
                                   "Local Hit Blocks": 0,                                                                                                         
                                   "Local Read Blocks": 0,                                                                                                        
                                   "Local Dirtied Blocks": 0,                                                                                                     
                                   "Local Written Blocks": 0,                                                                                                     
                                   "Temp Read Blocks": 0,                                                                                                         
                                   "Temp Written Blocks": 0,                                                                                                      
                                   "Plans": [                                                                                                                     
                                     {                                                                                                                            
                                       "Node Type": "Seq Scan",                                                                                                   
                                       "Parent Relationship": "Outer",                                                                                            
                                       "Parallel Aware": false,                                                                                                   
                                       "Relation Name": "name",                                                                                                   
                                       "Alias": "n",                                                                                                              
                                       "Startup Cost": 0.00,                                                                                                      
                                       "Total Cost": 2356.12,                                                                                                     
                                       "Plan Rows": 961996,                                                                                                       
                                       "Plan Width": 19,                                                                                                          
                                       "Actual Startup Time": 1191.577,                                                                                           
                                       "Actual Total Time": 2410.413,                                                                                             
                                       "Actual Rows": 961555,                                                                                                     
                                       "Actual Loops": 1,                                                                                                         
                                       "Filter": "((gender)::text = 'f'::text)",                                                                                  
                                       "Rows Removed by Filter": 3205936,                                                                                         
                                       "Shared Hit Blocks": 0,                                                                                                    
                                       "Shared Read Blocks": 55613,                                                                                               
                                       "Shared Dirtied Blocks": 0,                                                                                                
                                       "Shared Written Blocks": 0,                                                                                                
                                       "Local Hit Blocks": 0,                                                                                                     
                                       "Local Read Blocks": 0,                                                                                                    
                                       "Local Dirtied Blocks": 0,                                                                                                 
                                       "Local Written Blocks": 0,                                                                                                 
                                       "Temp Read Blocks": 0,                                                                                                     
                                       "Temp Written Blocks": 0                                                                                                   
                                     }                                                                                                                            
                                   ]                                                                                                                              
                                 }                                                                                                                                
                               ]                                                                                                                                  
                             }                                                                                                                                    
                           ]                                                                                                                                      
                         }                                                                                                                                        
                       ]                                                                                                                                          
                     },                                                                                                                                           
                     {                                                                                                                                            
                       "Node Type": "Hash",                                                                                                                       
                       "Parent Relationship": "Inner",                                                                                                            
                       "Parallel Aware": false,                                                                                                                   
                       "Startup Cost": 1360.36,                                                                                                                   
                       "Total Cost": 1360.36,                                                                                                                     
                       "Plan Rows": 3140339,                                                                                                                      
                       "Plan Width": 20,                                                                                                                          
                       "Actual Startup Time": 1731.943,                                                                                                           
                       "Actual Total Time": 1731.943,                                                                                                             
                       "Actual Rows": 3140339,                                                                                                                    
                       "Actual Loops": 1,                                                                                                                         
                       "Hash Buckets": 4194304,                                                                                                                   
                       "Original Hash Buckets": 4194304,                                                                                                          
                       "Hash Batches": 1,                                                                                                                         
                       "Original Hash Batches": 1,                                                                                                                
                       "Peak Memory Usage": 198030,                                                                                                               
                       "Shared Hit Blocks": 0,                                                                                                                    
                       "Shared Read Blocks": 36447,                                                                                                               
                       "Shared Dirtied Blocks": 0,                                                                                                                
                       "Shared Written Blocks": 0,                                                                                                                
                       "Local Hit Blocks": 0,                                                                                                                     
                       "Local Read Blocks": 0,                                                                                                                    
                       "Local Dirtied Blocks": 0,                                                                                                                 
                       "Local Written Blocks": 0,                                                                                                                 
                       "Temp Read Blocks": 0,                                                                                                                     
                       "Temp Written Blocks": 0,                                                                                                                  
                       "Plans": [                                                                                                                                 
                         {                                                                                                                                        
                           "Node Type": "Seq Scan",                                                                                                               
                           "Parent Relationship": "Outer",                                                                                                        
                           "Parallel Aware": false,                                                                                                               
                           "Relation Name": "char_name",                                                                                                          
                           "Alias": "chn",                                                                                                                        
                           "Startup Cost": 0.00,                                                                                                                  
                           "Total Cost": 1360.36,                                                                                                                 
                           "Plan Rows": 3140339,                                                                                                                  
                           "Plan Width": 20,                                                                                                                      
                           "Actual Startup Time": 9.615,                                                                                                          
                           "Actual Total Time": 751.120,                                                                                                          
                           "Actual Rows": 3140339,                                                                                                                
                           "Actual Loops": 1,                                                                                                                     
                           "Shared Hit Blocks": 0,                                                                                                                
                           "Shared Read Blocks": 36447,                                                                                                           
                           "Shared Dirtied Blocks": 0,                                                                                                            
                           "Shared Written Blocks": 0,                                                                                                            
                           "Local Hit Blocks": 0,                                                                                                                 
                           "Local Read Blocks": 0,                                                                                                                
                           "Local Dirtied Blocks": 0,                                                                                                             
                           "Local Written Blocks": 0,                                                                                                             
                           "Temp Read Blocks": 0,                                                                                                                 
                           "Temp Written Blocks": 0                                                                                                               
                         }                                                                                                                                        
                       ]                                                                                                                                          
                     }                                                                                                                                            
                   ]                                                                                                                                              
                 },                                                                                                                                               
                 {                                                                                                                                                
                   "Node Type": "Hash",                                                                                                                           
                   "Parent Relationship": "Inner",                                                                                                                
                   "Parallel Aware": false,                                                                                                                       
                   "Startup Cost": 1123.32,                                                                                                                       
                   "Total Cost": 1123.32,                                                                                                                         
                   "Plan Rows": 941996,                                                                                                                           
                   "Plan Width": 4,                                                                                                                               
                   "Actual Startup Time": 1390.330,                                                                                                               
                   "Actual Total Time": 1390.330,                                                                                                                 
                   "Actual Rows": 1153798,                                                                                                                        
                   "Actual Loops": 1,                                                                                                                             
                   "Hash Buckets": 2097152,                                                                                                                       
                   "Original Hash Buckets": 1048576,                                                                                                              
                   "Hash Batches": 1,                                                                                                                             
                   "Original Hash Batches": 1,                                                                                                                    
                   "Peak Memory Usage": 56948,                                                                                                                    
                   "Shared Hit Blocks": 0,                                                                                                                        
                   "Shared Read Blocks": 21783,                                                                                                                   
                   "Shared Dirtied Blocks": 0,                                                                                                                    
                   "Shared Written Blocks": 0,                                                                                                                    
                   "Local Hit Blocks": 0,                                                                                                                         
                   "Local Read Blocks": 0,                                                                                                                        
                   "Local Dirtied Blocks": 0,                                                                                                                     
                   "Local Written Blocks": 0,                                                                                                                     
                   "Temp Read Blocks": 0,                                                                                                                         
                   "Temp Written Blocks": 0,                                                                                                                      
                   "Plans": [                                                                                                                                     
                     {                                                                                                                                            
                       "Node Type": "Hash Join",                                                                                                                  
                       "Parent Relationship": "Outer",                                                                                                            
                       "Parallel Aware": false,                                                                                                                   
                       "Join Type": "Inner",                                                                                                                      
                       "Startup Cost": 140.86,                                                                                                                    
                       "Total Cost": 1123.32,                                                                                                                     
                       "Plan Rows": 941996,                                                                                                                       
                       "Plan Width": 4,                                                                                                                           
                       "Actual Startup Time": 151.123,                                                                                                            
                       "Actual Total Time": 1070.825,                                                                                                             
                       "Actual Rows": 1153798,                                                                                                                    
                       "Actual Loops": 1,                                                                                                                         
                       "Inner Unique": true,                                                                                                                      
                       "Hash Cond": "(mc.company_id = cn.id)",                                                                                                    
                       "Shared Hit Blocks": 0,                                                                                                                    
                       "Shared Read Blocks": 21783,                                                                                                               
                       "Shared Dirtied Blocks": 0,                                                                                                                
                       "Shared Written Blocks": 0,                                                                                                                
                       "Local Hit Blocks": 0,                                                                                                                     
                       "Local Read Blocks": 0,                                                                                                                    
                       "Local Dirtied Blocks": 0,                                                                                                                 
                       "Local Written Blocks": 0,                                                                                                                 
                       "Temp Read Blocks": 0,                                                                                                                     
                       "Temp Written Blocks": 0,                                                                                                                  
                       "Plans": [                                                                                                                                 
                         {                                                                                                                                        
                           "Node Type": "Seq Scan",                                                                                                               
                           "Parent Relationship": "Outer",                                                                                                        
                           "Parallel Aware": false,                                                                                                               
                           "Relation Name": "movie_companies",                                                                                                    
                           "Alias": "mc",                                                                                                                         
                           "Startup Cost": 0.00,                                                                                                                  
                           "Total Cost": 769.75,                                                                                                                  
                           "Plan Rows": 2609129,                                                                                                                  
                           "Plan Width": 8,                                                                                                                       
                           "Actual Startup Time": 10.936,                                                                                                         
                           "Actual Total Time": 303.375,                                                                                                          
                           "Actual Rows": 2609129,                                                                                                                
                           "Actual Loops": 1,                                                                                                                     
                           "Shared Hit Blocks": 0,                                                                                                                
                           "Shared Read Blocks": 18789,                                                                                                           
                           "Shared Dirtied Blocks": 0,                                                                                                            
                           "Shared Written Blocks": 0,                                                                                                            
                           "Local Hit Blocks": 0,                                                                                                                 
                           "Local Read Blocks": 0,                                                                                                                
                           "Local Dirtied Blocks": 0,                                                                                                             
                           "Local Written Blocks": 0,                                                                                                             
                           "Temp Read Blocks": 0,                                                                                                                 
                           "Temp Written Blocks": 0                                                                                                               
                         },                                                                                                                                       
                         {                                                                                                                                        
                           "Node Type": "Hash",                                                                                                                   
                           "Parent Relationship": "Inner",                                                                                                        
                           "Parallel Aware": false,                                                                                                               
                           "Startup Cost": 128.41,                                                                                                                
                           "Total Cost": 128.41,                                                                                                                  
                           "Plan Rows": 84843,                                                                                                                    
                           "Plan Width": 4,                                                                                                                       
                           "Actual Startup Time": 139.180,                                                                                                        
                           "Actual Total Time": 139.180,                                                                                                          
                           "Actual Rows": 84843,                                                                                                                  
                           "Actual Loops": 1,                                                                                                                     
                           "Hash Buckets": 131072,                                                                                                                
                           "Original Hash Buckets": 131072,                                                                                                       
                           "Hash Batches": 1,                                                                                                                     
                           "Original Hash Batches": 1,                                                                                                            
                           "Peak Memory Usage": 4007,                                                                                                             
                           "Shared Hit Blocks": 0,                                                                                                                
                           "Shared Read Blocks": 2994,                                                                                                            
                           "Shared Dirtied Blocks": 0,                                                                                                            
                           "Shared Written Blocks": 0,                                                                                                            
                           "Local Hit Blocks": 0,                                                                                                                 
                           "Local Read Blocks": 0,                                                                                                                
                           "Local Dirtied Blocks": 0,                                                                                                             
                           "Local Written Blocks": 0,                                                                                                             
                           "Temp Read Blocks": 0,                                                                                                                 
                           "Temp Written Blocks": 0,                                                                                                              
                           "Plans": [                                                                                                                             
                             {                                                                                                                                    
                               "Node Type": "Seq Scan",                                                                                                           
                               "Parent Relationship": "Outer",                                                                                                    
                               "Parallel Aware": false,                                                                                                           
                               "Relation Name": "company_name",                                                                                                   
                               "Alias": "cn",                                                                                                                     
                               "Startup Cost": 0.00,                                                                                                              
                               "Total Cost": 128.41,                                                                                                              
                               "Plan Rows": 84843,                                                                                                                
                               "Plan Width": 4,                                                                                                                   
                               "Actual Startup Time": 2.265,                                                                                                      
                               "Actual Total Time": 107.816,                                                                                                      
                               "Actual Rows": 84843,                                                                                                              
                               "Actual Loops": 1,                                                                                                                 
                               "Filter": "((country_code)::text = '[us]'::text)",                                                                                 
                               "Rows Removed by Filter": 150154,                                                                                                  
                               "Shared Hit Blocks": 0,                                                                                                            
                               "Shared Read Blocks": 2994,                                                                                                        
                               "Shared Dirtied Blocks": 0,                                                                                                        
                               "Shared Written Blocks": 0,                                                                                                        
                               "Local Hit Blocks": 0,                                                                                                             
                               "Local Read Blocks": 0,                                                                                                            
                               "Local Dirtied Blocks": 0,                                                                                                         
                               "Local Written Blocks": 0,                                                                                                         
                               "Temp Read Blocks": 0,                                                                                                             
                               "Temp Written Blocks": 0                                                                                                           
                             }                                                                                                                                    
                           ]                                                                                                                                      
                         }                                                                                                                                        
                       ]                                                                                                                                          
                     }                                                                                                                                            
                   ]                                                                                                                                              
                 }                                                                                                                                                
               ]                                                                                                                                                  
             },                                                                                                                                                   
             {                                                                                                                                                    
               "Node Type": "Hash",                                                                                                                               
               "Parent Relationship": "Inner",                                                                                                                    
               "Parallel Aware": false,                                                                                                                           
               "Startup Cost": 1303.96,                                                                                                                           
               "Total Cost": 1303.96,                                                                                                                             
               "Plan Rows": 2528312,                                                                                                                              
               "Plan Width": 21,                                                                                                                                  
               "Actual Startup Time": 1863.337,                                                                                                                   
               "Actual Total Time": 1863.337,                                                                                                                     
               "Actual Rows": 2528312,                                                                                                                            
               "Actual Loops": 1,                                                                                                                                 
               "Hash Buckets": 4194304,                                                                                                                           
               "Original Hash Buckets": 4194304,                                                                                                                  
               "Hash Batches": 1,                                                                                                                                 
               "Original Hash Batches": 1,                                                                                                                        
               "Peak Memory Usage": 168636,                                                                                                                       
               "Shared Hit Blocks": 0,                                                                                                                            
               "Shared Read Blocks": 35998,                                                                                                                       
               "Shared Dirtied Blocks": 0,                                                                                                                        
               "Shared Written Blocks": 0,                                                                                                                        
               "Local Hit Blocks": 0,                                                                                                                             
               "Local Read Blocks": 0,                                                                                                                            
               "Local Dirtied Blocks": 0,                                                                                                                         
               "Local Written Blocks": 0,                                                                                                                         
               "Temp Read Blocks": 0,                                                                                                                             
               "Temp Written Blocks": 0,                                                                                                                          
               "Plans": [                                                                                                                                         
                 {                                                                                                                                                
                   "Node Type": "Seq Scan",                                                                                                                       
                   "Parent Relationship": "Outer",                                                                                                                
                   "Parallel Aware": false,                                                                                                                       
                   "Relation Name": "title",                                                                                                                      
                   "Alias": "t",                                                                                                                                  
                   "Startup Cost": 0.00,                                                                                                                          
                   "Total Cost": 1303.96,                                                                                                                         
                   "Plan Rows": 2528312,                                                                                                                          
                   "Plan Width": 21,                                                                                                                              
                   "Actual Startup Time": 22.116,                                                                                                                 
                   "Actual Total Time": 1011.014,                                                                                                                 
                   "Actual Rows": 2528312,                                                                                                                        
                   "Actual Loops": 1,                                                                                                                             
                   "Shared Hit Blocks": 0,                                                                                                                        
                   "Shared Read Blocks": 35998,                                                                                                                   
                   "Shared Dirtied Blocks": 0,                                                                                                                    
                   "Shared Written Blocks": 0,                                                                                                                    
                   "Local Hit Blocks": 0,                                                                                                                         
                   "Local Read Blocks": 0,                                                                                                                        
                   "Local Dirtied Blocks": 0,                                                                                                                     
                   "Local Written Blocks": 0,                                                                                                                     
                   "Temp Read Blocks": 0,                                                                                                                         
                   "Temp Written Blocks": 0                                                                                                                       
                 }                                                                                                                                                
               ]                                                                                                                                                  
             }                                                                                                                                                    
           ]                                                                                                                                                      
         }                                                                                                                                                        
       ]                                                                                                                                                          
     },                                                                                                                                                           
     "Planning Time": 3989.263,                                                                                                                                   
     "Triggers": [                                                                                                                                                
     ],                                                                                                                                                           
     "Execution Time": 20439.250                                                                                                                                  
   }                                                                                                                                                              
 ]
