 [                                                                                                        
   {                                                                                                      
     "Plan": {                                                                                            
       "Node Type": "Aggregate",                                                                          
       "Strategy": "Plain",                                                                               
       "Partial Mode": "Simple",                                                                          
       "Parallel Aware": false,                                                                           
       "Startup Cost": 34771.70,                                                                          
       "Total Cost": 34771.70,                                                                            
       "Plan Rows": 1,                                                                                    
       "Plan Width": 64,                                                                                  
       "Actual Startup Time": 582362.684,                                                                 
       "Actual Total Time": 582362.684,                                                                   
       "Actual Rows": 1,                                                                                  
       "Actual Loops": 1,                                                                                 
       "Shared Hit Blocks": 430284,                                                                       
       "Shared Read Blocks": 92607,                                                                       
       "Shared Dirtied Blocks": 0,                                                                        
       "Shared Written Blocks": 0,                                                                        
       "Local Hit Blocks": 0,                                                                             
       "Local Read Blocks": 0,                                                                            
       "Local Dirtied Blocks": 0,                                                                         
       "Local Written Blocks": 0,                                                                         
       "Temp Read Blocks": 0,                                                                             
       "Temp Written Blocks": 0,                                                                          
       "Plans": [                                                                                         
         {                                                                                                
           "Node Type": "Nested Loop",                                                                    
           "Parent Relationship": "Outer",                                                                
           "Parallel Aware": false,                                                                       
           "Join Type": "Inner",                                                                          
           "Startup Cost": 0.08,                                                                          
           "Total Cost": 34771.70,                                                                        
           "Plan Rows": 4,                                                                                
           "Plan Width": 33,                                                                              
           "Actual Startup Time": 39336.088,                                                              
           "Actual Total Time": 582361.827,                                                               
           "Actual Rows": 104,                                                                            
           "Actual Loops": 1,                                                                             
           "Inner Unique": true,                                                                          
           "Shared Hit Blocks": 430284,                                                                   
           "Shared Read Blocks": 92607,                                                                   
           "Shared Dirtied Blocks": 0,                                                                    
           "Shared Written Blocks": 0,                                                                    
           "Local Hit Blocks": 0,                                                                         
           "Local Read Blocks": 0,                                                                        
           "Local Dirtied Blocks": 0,                                                                     
           "Local Written Blocks": 0,                                                                     
           "Temp Read Blocks": 0,                                                                         
           "Temp Written Blocks": 0,                                                                      
           "Plans": [                                                                                     
             {                                                                                            
               "Node Type": "Nested Loop",                                                                
               "Parent Relationship": "Outer",                                                            
               "Parallel Aware": false,                                                                   
               "Join Type": "Inner",                                                                      
               "Startup Cost": 0.07,                                                                      
               "Total Cost": 34771.68,                                                                    
               "Plan Rows": 4,                                                                            
               "Plan Width": 37,                                                                          
               "Actual Startup Time": 39336.042,                                                          
               "Actual Total Time": 582359.859,                                                           
               "Actual Rows": 104,                                                                        
               "Actual Loops": 1,                                                                         
               "Inner Unique": true,                                                                      
               "Shared Hit Blocks": 430076,                                                               
               "Shared Read Blocks": 92607,                                                               
               "Shared Dirtied Blocks": 0,                                                                
               "Shared Written Blocks": 0,                                                                
               "Local Hit Blocks": 0,                                                                     
               "Local Read Blocks": 0,                                                                    
               "Local Dirtied Blocks": 0,                                                                 
               "Local Written Blocks": 0,                                                                 
               "Temp Read Blocks": 0,                                                                     
               "Temp Written Blocks": 0,                                                                  
               "Plans": [                                                                                 
                 {                                                                                        
                   "Node Type": "Nested Loop",                                                            
                   "Parent Relationship": "Outer",                                                        
                   "Parallel Aware": false,                                                               
                   "Join Type": "Inner",                                                                  
                   "Startup Cost": 0.06,                                                                  
                   "Total Cost": 34740.33,                                                                
                   "Plan Rows": 8,                                                                        
                   "Plan Width": 25,                                                                      
                   "Actual Startup Time": 39320.359,                                                      
                   "Actual Total Time": 581387.597,                                                       
                   "Actual Rows": 112,                                                                    
                   "Actual Loops": 1,                                                                     
                   "Inner Unique": true,                                                                  
                   "Shared Hit Blocks": 429794,                                                           
                   "Shared Read Blocks": 92472,                                                           
                   "Shared Dirtied Blocks": 0,                                                            
                   "Shared Written Blocks": 0,                                                            
                   "Local Hit Blocks": 0,                                                                 
                   "Local Read Blocks": 0,                                                                
                   "Local Dirtied Blocks": 0,                                                             
                   "Local Written Blocks": 0,                                                             
                   "Temp Read Blocks": 0,                                                                 
                   "Temp Written Blocks": 0,                                                              
                   "Plans": [                                                                             
                     {                                                                                    
                       "Node Type": "Nested Loop",                                                        
                       "Parent Relationship": "Outer",                                                    
                       "Parallel Aware": false,                                                           
                       "Join Type": "Inner",                                                              
                       "Startup Cost": 0.06,                                                              
                       "Total Cost": 34739.86,                                                            
                       "Plan Rows": 97,                                                                   
                       "Plan Width": 29,                                                                  
                       "Actual Startup Time": 39320.311,                                                  
                       "Actual Total Time": 581384.457,                                                   
                       "Actual Rows": 151,                                                                
                       "Actual Loops": 1,                                                                 
                       "Inner Unique": false,                                                             
                       "Join Filter": "(t.id = ci.movie_id)",                                             
                       "Rows Removed by Join Filter": 0,                                                  
                       "Shared Hit Blocks": 429492,                                                       
                       "Shared Read Blocks": 92472,                                                       
                       "Shared Dirtied Blocks": 0,                                                        
                       "Shared Written Blocks": 0,                                                        
                       "Local Hit Blocks": 0,                                                             
                       "Local Read Blocks": 0,                                                            
                       "Local Dirtied Blocks": 0,                                                         
                       "Local Written Blocks": 0,                                                         
                       "Temp Read Blocks": 0,                                                             
                       "Temp Written Blocks": 0,                                                          
                       "Plans": [                                                                         
                         {                                                                                
                           "Node Type": "Nested Loop",                                                    
                           "Parent Relationship": "Outer",                                                
                           "Parallel Aware": false,                                                       
                           "Join Type": "Inner",                                                          
                           "Startup Cost": 0.04,                                                          
                           "Total Cost": 32085.48,                                                        
                           "Plan Rows": 6054,                                                             
                           "Plan Width": 29,                                                              
                           "Actual Startup Time": 217.373,                                                
                           "Actual Total Time": 123675.565,                                               
                           "Actual Rows": 4539,                                                           
                           "Actual Loops": 1,                                                             
                           "Inner Unique": true,                                                          
                           "Shared Hit Blocks": 265865,                                                   
                           "Shared Read Blocks": 16175,                                                   
                           "Shared Dirtied Blocks": 0,                                                    
                           "Shared Written Blocks": 0,                                                    
                           "Local Hit Blocks": 0,                                                         
                           "Local Read Blocks": 0,                                                        
                           "Local Dirtied Blocks": 0,                                                     
                           "Local Written Blocks": 0,                                                     
                           "Temp Read Blocks": 0,                                                         
                           "Temp Written Blocks": 0,                                                      
                           "Plans": [                                                                     
                             {                                                                            
                               "Node Type": "Nested Loop",                                                
                               "Parent Relationship": "Outer",                                            
                               "Parallel Aware": false,                                                   
                               "Join Type": "Inner",                                                      
                               "Startup Cost": 0.03,                                                      
                               "Total Cost": 31118.77,                                                    
                               "Plan Rows": 15111,                                                        
                               "Plan Width": 8,                                                           
                               "Actual Startup Time": 173.030,                                            
                               "Actual Total Time": 38130.139,                                            
                               "Actual Rows": 8790,                                                       
                               "Actual Loops": 1,                                                         
                               "Inner Unique": false,                                                     
                               "Shared Hit Blocks": 238016,                                               
                               "Shared Read Blocks": 8835,                                                
                               "Shared Dirtied Blocks": 0,                                                
                               "Shared Written Blocks": 0,                                                
                               "Local Hit Blocks": 0,                                                     
                               "Local Read Blocks": 0,                                                    
                               "Local Dirtied Blocks": 0,                                                 
                               "Local Written Blocks": 0,                                                 
                               "Temp Read Blocks": 0,                                                     
                               "Temp Written Blocks": 0,                                                  
                               "Plans": [                                                                 
                                 {                                                                        
                                   "Node Type": "Index Scan",                                             
                                   "Parent Relationship": "Outer",                                        
                                   "Parallel Aware": false,                                               
                                   "Scan Direction": "Forward",                                           
                                   "Index Name": "company_name_pkey",                                     
                                   "Relation Name": "company_name",                                       
                                   "Alias": "cn",                                                         
                                   "Startup Cost": 0.01,                                                  
                                   "Total Cost": 4597.20,                                                 
                                   "Plan Rows": 1361,                                                     
                                   "Plan Width": 4,                                                       
                                   "Actual Startup Time": 145.674,                                        
                                   "Actual Total Time": 6620.918,                                         
                                   "Actual Rows": 1361,                                                   
                                   "Actual Loops": 1,                                                     
                                   "Filter": "((country_code)::text = '[ru]'::text)",                     
                                   "Rows Removed by Filter": 233636,                                      
                                   "Shared Hit Blocks": 231720,                                           
                                   "Shared Read Blocks": 3834,                                            
                                   "Shared Dirtied Blocks": 0,                                            
                                   "Shared Written Blocks": 0,                                            
                                   "Local Hit Blocks": 0,                                                 
                                   "Local Read Blocks": 0,                                                
                                   "Local Dirtied Blocks": 0,                                             
                                   "Local Written Blocks": 0,                                             
                                   "Temp Read Blocks": 0,                                                 
                                   "Temp Written Blocks": 0                                               
                                 },                                                                       
                                 {                                                                        
                                   "Node Type": "Index Scan",                                             
                                   "Parent Relationship": "Inner",                                        
                                   "Parallel Aware": false,                                               
                                   "Scan Direction": "Forward",                                           
                                   "Index Name": "company_id_movie_companies",                            
                                   "Relation Name": "movie_companies",                                    
                                   "Alias": "mc",                                                         
                                   "Startup Cost": 0.01,                                                  
                                   "Total Cost": 19.49,                                                   
                                   "Plan Rows": 11,                                                       
                                   "Plan Width": 12,                                                      
                                   "Actual Startup Time": 4.506,                                          
                                   "Actual Total Time": 23.133,                                           
                                   "Actual Rows": 6,                                                      
                                   "Actual Loops": 1361,                                                  
                                   "Index Cond": "(company_id = cn.id)",                                  
                                   "Rows Removed by Index Recheck": 0,                                    
                                   "Shared Hit Blocks": 6296,                                             
                                   "Shared Read Blocks": 5001,                                            
                                   "Shared Dirtied Blocks": 0,                                            
                                   "Shared Written Blocks": 0,                                            
                                   "Local Hit Blocks": 0,                                                 
                                   "Local Read Blocks": 0,                                                
                                   "Local Dirtied Blocks": 0,                                             
                                   "Local Written Blocks": 0,                                             
                                   "Temp Read Blocks": 0,                                                 
                                   "Temp Written Blocks": 0                                               
                                 }                                                                        
                               ]                                                                          
                             },                                                                           
                             {                                                                            
                               "Node Type": "Index Scan",                                                 
                               "Parent Relationship": "Inner",                                            
                               "Parallel Aware": false,                                                   
                               "Scan Direction": "Forward",                                               
                               "Index Name": "title_idx_id",                                              
                               "Relation Name": "title",                                                  
                               "Alias": "t",                                                              
                               "Startup Cost": 0.01,                                                      
                               "Total Cost": 0.06,                                                        
                               "Plan Rows": 1,                                                            
                               "Plan Width": 21,                                                          
                               "Actual Startup Time": 9.726,                                              
                               "Actual Total Time": 9.726,                                                
                               "Actual Rows": 1,                                                          
                               "Actual Loops": 8790,                                                      
                               "Index Cond": "(id = mc.movie_id)",                                        
                               "Rows Removed by Index Recheck": 0,                                        
                               "Filter": "(production_year > 2005)",                                      
                               "Rows Removed by Filter": 0,                                               
                               "Shared Hit Blocks": 27849,                                                
                               "Shared Read Blocks": 7340,                                                
                               "Shared Dirtied Blocks": 0,                                                
                               "Shared Written Blocks": 0,                                                
                               "Local Hit Blocks": 0,                                                     
                               "Local Read Blocks": 0,                                                    
                               "Local Dirtied Blocks": 0,                                                 
                               "Local Written Blocks": 0,                                                 
                               "Temp Read Blocks": 0,                                                     
                               "Temp Written Blocks": 0                                                   
                             }                                                                            
                           ]                                                                              
                         },                                                                               
                         {                                                                                
                           "Node Type": "Index Scan",                                                     
                           "Parent Relationship": "Inner",                                                
                           "Parallel Aware": false,                                                       
                           "Scan Direction": "Forward",                                                   
                           "Index Name": "movie_id_cast_info",                                            
                           "Relation Name": "cast_info",                                                  
                           "Alias": "ci",                                                                 
                           "Startup Cost": 0.02,                                                          
                           "Total Cost": 0.44,                                                            
                           "Plan Rows": 1,                                                                
                           "Plan Width": 12,                                                              
                           "Actual Startup Time": 94.898,                                                 
                           "Actual Total Time": 100.834,                                                  
                           "Actual Rows": 0,                                                              
                           "Actual Loops": 4539,                                                          
                           "Index Cond": "(movie_id = mc.movie_id)",                                      
                           "Rows Removed by Index Recheck": 0,                                            
                           "Filter": "((note ~~ '%(voice)%'::text) AND (note ~~ '%(uncredited)%'::text))",
                           "Rows Removed by Filter": 50,                                                  
                           "Shared Hit Blocks": 163627,                                                   
                           "Shared Read Blocks": 76297,                                                   
                           "Shared Dirtied Blocks": 0,                                                    
                           "Shared Written Blocks": 0,                                                    
                           "Local Hit Blocks": 0,                                                         
                           "Local Read Blocks": 0,                                                        
                           "Local Dirtied Blocks": 0,                                                     
                           "Local Written Blocks": 0,                                                     
                           "Temp Read Blocks": 0,                                                         
                           "Temp Written Blocks": 0                                                       
                         }                                                                                
                       ]                                                                                  
                     },                                                                                   
                     {                                                                                    
                       "Node Type": "Index Scan",                                                         
                       "Parent Relationship": "Inner",                                                    
                       "Parallel Aware": false,                                                           
                       "Scan Direction": "Forward",                                                       
                       "Index Name": "role_type_pkey",                                                    
                       "Relation Name": "role_type",                                                      
                       "Alias": "rt",                                                                     
                       "Startup Cost": 0.00,                                                              
                       "Total Cost": 0.00,                                                                
                       "Plan Rows": 1,                                                                    
                       "Plan Width": 4,                                                                   
                       "Actual Startup Time": 0.013,                                                      
                       "Actual Total Time": 0.013,                                                        
                       "Actual Rows": 1,                                                                  
                       "Actual Loops": 151,                                                               
                       "Index Cond": "(id = ci.role_id)",                                                 
                       "Rows Removed by Index Recheck": 0,                                                
                       "Filter": "((role)::text = 'actor'::text)",                                        
                       "Rows Removed by Filter": 0,                                                       
                       "Shared Hit Blocks": 302,                                                          
                       "Shared Read Blocks": 0,                                                           
                       "Shared Dirtied Blocks": 0,                                                        
                       "Shared Written Blocks": 0,                                                        
                       "Local Hit Blocks": 0,                                                             
                       "Local Read Blocks": 0,                                                            
                       "Local Dirtied Blocks": 0,                                                         
                       "Local Written Blocks": 0,                                                         
                       "Temp Read Blocks": 0,                                                             
                       "Temp Written Blocks": 0                                                           
                     }                                                                                    
                   ]                                                                                      
                 },                                                                                       
                 {                                                                                        
                   "Node Type": "Index Scan",                                                             
                   "Parent Relationship": "Inner",                                                        
                   "Parallel Aware": false,                                                               
                   "Scan Direction": "Forward",                                                           
                   "Index Name": "char_name_pkey",                                                        
                   "Relation Name": "char_name",                                                          
                   "Alias": "chn",                                                                        
                   "Startup Cost": 0.01,                                                                  
                   "Total Cost": 3.92,                                                                    
                   "Plan Rows": 1,                                                                        
                   "Plan Width": 20,                                                                      
                   "Actual Startup Time": 8.675,                                                          
                   "Actual Total Time": 8.675,                                                            
                   "Actual Rows": 1,                                                                      
                   "Actual Loops": 112,                                                                   
                   "Index Cond": "(id = ci.person_role_id)",                                              
                   "Rows Removed by Index Recheck": 0,                                                    
                   "Shared Hit Blocks": 282,                                                              
                   "Shared Read Blocks": 135,                                                             
                   "Shared Dirtied Blocks": 0,                                                            
                   "Shared Written Blocks": 0,                                                            
                   "Local Hit Blocks": 0,                                                                 
                   "Local Read Blocks": 0,                                                                
                   "Local Dirtied Blocks": 0,                                                             
                   "Local Written Blocks": 0,                                                             
                   "Temp Read Blocks": 0,                                                                 
                   "Temp Written Blocks": 0                                                               
                 }                                                                                        
               ]                                                                                          
             },                                                                                           
             {                                                                                            
               "Node Type": "Index Scan",                                                                 
               "Parent Relationship": "Inner",                                                            
               "Parallel Aware": false,                                                                   
               "Scan Direction": "Forward",                                                               
               "Index Name": "company_type_pkey",                                                         
               "Relation Name": "company_type",                                                           
               "Alias": "ct",                                                                             
               "Startup Cost": 0.00,                                                                      
               "Total Cost": 0.00,                                                                        
               "Plan Rows": 1,                                                                            
               "Plan Width": 4,                                                                           
               "Actual Startup Time": 0.011,                                                              
               "Actual Total Time": 0.011,                                                                
               "Actual Rows": 1,                                                                          
               "Actual Loops": 104,                                                                       
               "Index Cond": "(id = mc.company_type_id)",                                                 
               "Rows Removed by Index Recheck": 0,                                                        
               "Shared Hit Blocks": 208,                                                                  
               "Shared Read Blocks": 0,                                                                   
               "Shared Dirtied Blocks": 0,                                                                
               "Shared Written Blocks": 0,                                                                
               "Local Hit Blocks": 0,                                                                     
               "Local Read Blocks": 0,                                                                    
               "Local Dirtied Blocks": 0,                                                                 
               "Local Written Blocks": 0,                                                                 
               "Temp Read Blocks": 0,                                                                     
               "Temp Written Blocks": 0                                                                   
             }                                                                                            
           ]                                                                                              
         }                                                                                                
       ]                                                                                                  
     },                                                                                                   
     "Planning Time": 2810.198,                                                                           
     "Triggers": [                                                                                        
     ],                                                                                                   
     "Execution Time": 582375.358                                                                         
   }                                                                                                      
 ]
