 [                                                                                                                                                                
   {                                                                                                                                                              
     "Plan": {                                                                                                                                                    
       "Node Type": "Aggregate",                                                                                                                                  
       "Strategy": "Plain",                                                                                                                                       
       "Partial Mode": "Simple",                                                                                                                                  
       "Parallel Aware": false,                                                                                                                                   
       "Startup Cost": 387.51,                                                                                                                                    
       "Total Cost": 387.51,                                                                                                                                      
       "Plan Rows": 1,                                                                                                                                            
       "Plan Width": 96,                                                                                                                                          
       "Actual Startup Time": 4770.841,                                                                                                                           
       "Actual Total Time": 4770.842,                                                                                                                             
       "Actual Rows": 1,                                                                                                                                          
       "Actual Loops": 1,                                                                                                                                         
       "Shared Hit Blocks": 240944,                                                                                                                               
       "Shared Read Blocks": 17467,                                                                                                                               
       "Shared Dirtied Blocks": 0,                                                                                                                                
       "Shared Written Blocks": 0,                                                                                                                                
       "Local Hit Blocks": 0,                                                                                                                                     
       "Local Read Blocks": 0,                                                                                                                                    
       "Local Dirtied Blocks": 0,                                                                                                                                 
       "Local Written Blocks": 0,                                                                                                                                 
       "Temp Read Blocks": 0,                                                                                                                                     
       "Temp Written Blocks": 0,                                                                                                                                  
       "Plans": [                                                                                                                                                 
         {                                                                                                                                                        
           "Node Type": "Nested Loop",                                                                                                                            
           "Parent Relationship": "Outer",                                                                                                                        
           "Parallel Aware": false,                                                                                                                               
           "Join Type": "Inner",                                                                                                                                  
           "Startup Cost": 0.08,                                                                                                                                  
           "Total Cost": 387.51,                                                                                                                                  
           "Plan Rows": 1,                                                                                                                                        
           "Plan Width": 60,                                                                                                                                      
           "Actual Startup Time": 2316.804,                                                                                                                       
           "Actual Total Time": 4766.831,                                                                                                                         
           "Actual Rows": 6946,                                                                                                                                   
           "Actual Loops": 1,                                                                                                                                     
           "Inner Unique": true,                                                                                                                                  
           "Join Filter": "(ml.movie_id = t.id)",                                                                                                                 
           "Rows Removed by Join Filter": 0,                                                                                                                      
           "Shared Hit Blocks": 240944,                                                                                                                           
           "Shared Read Blocks": 17467,                                                                                                                           
           "Shared Dirtied Blocks": 0,                                                                                                                            
           "Shared Written Blocks": 0,                                                                                                                            
           "Local Hit Blocks": 0,                                                                                                                                 
           "Local Read Blocks": 0,                                                                                                                                
           "Local Dirtied Blocks": 0,                                                                                                                             
           "Local Written Blocks": 0,                                                                                                                             
           "Temp Read Blocks": 0,                                                                                                                                 
           "Temp Written Blocks": 0,                                                                                                                              
           "Plans": [                                                                                                                                             
             {                                                                                                                                                    
               "Node Type": "Nested Loop",                                                                                                                        
               "Parent Relationship": "Outer",                                                                                                                    
               "Parallel Aware": false,                                                                                                                           
               "Join Type": "Inner",                                                                                                                              
               "Startup Cost": 0.07,                                                                                                                              
               "Total Cost": 387.29,                                                                                                                              
               "Plan Rows": 1,                                                                                                                                    
               "Plan Width": 55,                                                                                                                                  
               "Actual Startup Time": 2269.945,                                                                                                                   
               "Actual Total Time": 4602.634,                                                                                                                     
               "Actual Rows": 6946,                                                                                                                               
               "Actual Loops": 1,                                                                                                                                 
               "Inner Unique": true,                                                                                                                              
               "Shared Hit Blocks": 213168,                                                                                                                       
               "Shared Read Blocks": 17459,                                                                                                                       
               "Shared Dirtied Blocks": 0,                                                                                                                        
               "Shared Written Blocks": 0,                                                                                                                        
               "Local Hit Blocks": 0,                                                                                                                             
               "Local Read Blocks": 0,                                                                                                                            
               "Local Dirtied Blocks": 0,                                                                                                                         
               "Local Written Blocks": 0,                                                                                                                         
               "Temp Read Blocks": 0,                                                                                                                             
               "Temp Written Blocks": 0,                                                                                                                          
               "Plans": [                                                                                                                                         
                 {                                                                                                                                                
                   "Node Type": "Nested Loop",                                                                                                                    
                   "Parent Relationship": "Outer",                                                                                                                
                   "Parallel Aware": false,                                                                                                                       
                   "Join Type": "Inner",                                                                                                                          
                   "Startup Cost": 0.07,                                                                                                                          
                   "Total Cost": 387.27,                                                                                                                          
                   "Plan Rows": 1,                                                                                                                                
                   "Plan Width": 59,                                                                                                                              
                   "Actual Startup Time": 2269.915,                                                                                                               
                   "Actual Total Time": 4590.406,                                                                                                                 
                   "Actual Rows": 6946,                                                                                                                           
                   "Actual Loops": 1,                                                                                                                             
                   "Inner Unique": true,                                                                                                                          
                   "Shared Hit Blocks": 199276,                                                                                                                   
                   "Shared Read Blocks": 17459,                                                                                                                   
                   "Shared Dirtied Blocks": 0,                                                                                                                    
                   "Shared Written Blocks": 0,                                                                                                                    
                   "Local Hit Blocks": 0,                                                                                                                         
                   "Local Read Blocks": 0,                                                                                                                        
                   "Local Dirtied Blocks": 0,                                                                                                                     
                   "Local Written Blocks": 0,                                                                                                                     
                   "Temp Read Blocks": 0,                                                                                                                         
                   "Temp Written Blocks": 0,                                                                                                                      
                   "Plans": [                                                                                                                                     
                     {                                                                                                                                            
                       "Node Type": "Nested Loop",                                                                                                                
                       "Parent Relationship": "Outer",                                                                                                            
                       "Parallel Aware": false,                                                                                                                   
                       "Join Type": "Inner",                                                                                                                      
                       "Startup Cost": 0.05,                                                                                                                      
                       "Total Cost": 386.96,                                                                                                                      
                       "Plan Rows": 14,                                                                                                                           
                       "Plan Width": 44,                                                                                                                          
                       "Actual Startup Time": 122.546,                                                                                                            
                       "Actual Total Time": 4057.209,                                                                                                             
                       "Actual Rows": 14916,                                                                                                                      
                       "Actual Loops": 1,                                                                                                                         
                       "Inner Unique": true,                                                                                                                      
                       "Shared Hit Blocks": 139790,                                                                                                               
                       "Shared Read Blocks": 17247,                                                                                                               
                       "Shared Dirtied Blocks": 0,                                                                                                                
                       "Shared Written Blocks": 0,                                                                                                                
                       "Local Hit Blocks": 0,                                                                                                                     
                       "Local Read Blocks": 0,                                                                                                                    
                       "Local Dirtied Blocks": 0,                                                                                                                 
                       "Local Written Blocks": 0,                                                                                                                 
                       "Temp Read Blocks": 0,                                                                                                                     
                       "Temp Written Blocks": 0,                                                                                                                  
                       "Plans": [                                                                                                                                 
                         {                                                                                                                                        
                           "Node Type": "Nested Loop",                                                                                                            
                           "Parent Relationship": "Outer",                                                                                                        
                           "Parallel Aware": false,                                                                                                               
                           "Join Type": "Inner",                                                                                                                  
                           "Startup Cost": 0.05,                                                                                                                  
                           "Total Cost": 386.88,                                                                                                                  
                           "Plan Rows": 19,                                                                                                                       
                           "Plan Width": 48,                                                                                                                      
                           "Actual Startup Time": 122.510,                                                                                                        
                           "Actual Total Time": 4021.360,                                                                                                         
                           "Actual Rows": 15510,                                                                                                                  
                           "Actual Loops": 1,                                                                                                                     
                           "Inner Unique": false,                                                                                                                 
                           "Join Filter": "(ml.movie_id = mc.movie_id)",                                                                                          
                           "Rows Removed by Join Filter": 0,                                                                                                      
                           "Shared Hit Blocks": 108770,                                                                                                           
                           "Shared Read Blocks": 17247,                                                                                                           
                           "Shared Dirtied Blocks": 0,                                                                                                            
                           "Shared Written Blocks": 0,                                                                                                            
                           "Local Hit Blocks": 0,                                                                                                                 
                           "Local Read Blocks": 0,                                                                                                                
                           "Local Dirtied Blocks": 0,                                                                                                             
                           "Local Written Blocks": 0,                                                                                                             
                           "Temp Read Blocks": 0,                                                                                                                 
                           "Temp Written Blocks": 0,                                                                                                              
                           "Plans": [                                                                                                                             
                             {                                                                                                                                    
                               "Node Type": "Nested Loop",                                                                                                        
                               "Parent Relationship": "Outer",                                                                                                    
                               "Parallel Aware": false,                                                                                                           
                               "Join Type": "Inner",                                                                                                              
                               "Startup Cost": 0.04,                                                                                                              
                               "Total Cost": 386.66,                                                                                                              
                               "Plan Rows": 7,                                                                                                                    
                               "Plan Width": 12,                                                                                                                  
                               "Actual Startup Time": 62.749,                                                                                                     
                               "Actual Total Time": 3488.265,                                                                                                     
                               "Actual Rows": 1460,                                                                                                               
                               "Actual Loops": 1,                                                                                                                 
                               "Inner Unique": false,                                                                                                             
                               "Shared Hit Blocks": 102094,                                                                                                       
                               "Shared Read Blocks": 17026,                                                                                                       
                               "Shared Dirtied Blocks": 0,                                                                                                        
                               "Shared Written Blocks": 0,                                                                                                        
                               "Local Hit Blocks": 0,                                                                                                             
                               "Local Read Blocks": 0,                                                                                                            
                               "Local Dirtied Blocks": 0,                                                                                                         
                               "Local Written Blocks": 0,                                                                                                         
                               "Temp Read Blocks": 0,                                                                                                             
                               "Temp Written Blocks": 0,                                                                                                          
                               "Plans": [                                                                                                                         
                                 {                                                                                                                                
                                   "Node Type": "Nested Loop",                                                                                                    
                                   "Parent Relationship": "Outer",                                                                                                
                                   "Parallel Aware": false,                                                                                                       
                                   "Join Type": "Inner",                                                                                                          
                                   "Startup Cost": 0.03,                                                                                                          
                                   "Total Cost": 385.61,                                                                                                          
                                   "Plan Rows": 101,                                                                                                              
                                   "Plan Width": 4,                                                                                                               
                                   "Actual Startup Time": 61.009,                                                                                                 
                                   "Actual Total Time": 3126.099,                                                                                                 
                                   "Actual Rows": 47403,                                                                                                          
                                   "Actual Loops": 1,                                                                                                             
                                   "Inner Unique": false,                                                                                                         
                                   "Shared Hit Blocks": 7192,                                                                                                     
                                   "Shared Read Blocks": 16914,                                                                                                   
                                   "Shared Dirtied Blocks": 0,                                                                                                    
                                   "Shared Written Blocks": 0,                                                                                                    
                                   "Local Hit Blocks": 0,                                                                                                         
                                   "Local Read Blocks": 0,                                                                                                        
                                   "Local Dirtied Blocks": 0,                                                                                                     
                                   "Local Written Blocks": 0,                                                                                                     
                                   "Temp Read Blocks": 0,                                                                                                         
                                   "Temp Written Blocks": 0,                                                                                                      
                                   "Plans": [                                                                                                                     
                                     {                                                                                                                            
                                       "Node Type": "Index Scan",                                                                                                 
                                       "Parent Relationship": "Outer",                                                                                            
                                       "Parallel Aware": false,                                                                                                   
                                       "Scan Direction": "Forward",                                                                                               
                                       "Index Name": "keyword_idx_keyword",                                                                                       
                                       "Relation Name": "keyword",                                                                                                
                                       "Alias": "k",                                                                                                              
                                       "Startup Cost": 0.01,                                                                                                      
                                       "Total Cost": 18.40,                                                                                                       
                                       "Plan Rows": 3,                                                                                                            
                                       "Plan Width": 4,                                                                                                           
                                       "Actual Startup Time": 18.789,                                                                                             
                                       "Actual Total Time": 90.588,                                                                                               
                                       "Actual Rows": 3,                                                                                                          
                                       "Actual Loops": 1,                                                                                                         
                                       "Index Cond": "(keyword = ANY ('{sequel,revenge,based-on-novel}'::text[]))",                                               
                                       "Rows Removed by Index Recheck": 0,                                                                                        
                                       "Shared Hit Blocks": 6,                                                                                                    
                                       "Shared Read Blocks": 9,                                                                                                   
                                       "Shared Dirtied Blocks": 0,                                                                                                
                                       "Shared Written Blocks": 0,                                                                                                
                                       "Local Hit Blocks": 0,                                                                                                     
                                       "Local Read Blocks": 0,                                                                                                    
                                       "Local Dirtied Blocks": 0,                                                                                                 
                                       "Local Written Blocks": 0,                                                                                                 
                                       "Temp Read Blocks": 0,                                                                                                     
                                       "Temp Written Blocks": 0                                                                                                   
                                     },                                                                                                                           
                                     {                                                                                                                            
                                       "Node Type": "Index Scan",                                                                                                 
                                       "Parent Relationship": "Inner",                                                                                            
                                       "Parallel Aware": false,                                                                                                   
                                       "Scan Direction": "Forward",                                                                                               
                                       "Index Name": "keyword_id_movie_keyword",                                                                                  
                                       "Relation Name": "movie_keyword",                                                                                          
                                       "Alias": "mk",                                                                                                             
                                       "Startup Cost": 0.01,                                                                                                      
                                       "Total Cost": 122.40,                                                                                                      
                                       "Plan Rows": 39,                                                                                                           
                                       "Plan Width": 8,                                                                                                           
                                       "Actual Startup Time": 21.895,                                                                                             
                                       "Actual Total Time": 1004.989,                                                                                             
                                       "Actual Rows": 15801,                                                                                                      
                                       "Actual Loops": 3,                                                                                                         
                                       "Index Cond": "(keyword_id = k.id)",                                                                                       
                                       "Rows Removed by Index Recheck": 0,                                                                                        
                                       "Shared Hit Blocks": 7186,                                                                                                 
                                       "Shared Read Blocks": 16905,                                                                                               
                                       "Shared Dirtied Blocks": 0,                                                                                                
                                       "Shared Written Blocks": 0,                                                                                                
                                       "Local Hit Blocks": 0,                                                                                                     
                                       "Local Read Blocks": 0,                                                                                                    
                                       "Local Dirtied Blocks": 0,                                                                                                 
                                       "Local Written Blocks": 0,                                                                                                 
                                       "Temp Read Blocks": 0,                                                                                                     
                                       "Temp Written Blocks": 0                                                                                                   
                                     }                                                                                                                            
                                   ]                                                                                                                              
                                 },                                                                                                                               
                                 {                                                                                                                                
                                   "Node Type": "Index Scan",                                                                                                     
                                   "Parent Relationship": "Inner",                                                                                                
                                   "Parallel Aware": false,                                                                                                       
                                   "Scan Direction": "Forward",                                                                                                   
                                   "Index Name": "movie_id_movie_link",                                                                                           
                                   "Relation Name": "movie_link",                                                                                                 
                                   "Alias": "ml",                                                                                                                 
                                   "Startup Cost": 0.01,                                                                                                          
                                   "Total Cost": 0.01,                                                                                                            
                                   "Plan Rows": 5,                                                                                                                
                                   "Plan Width": 8,                                                                                                               
                                   "Actual Startup Time": 0.007,                                                                                                  
                                   "Actual Total Time": 0.007,                                                                                                    
                                   "Actual Rows": 0,                                                                                                              
                                   "Actual Loops": 47403,                                                                                                         
                                   "Index Cond": "(movie_id = mk.movie_id)",                                                                                      
                                   "Rows Removed by Index Recheck": 0,                                                                                            
                                   "Shared Hit Blocks": 94902,                                                                                                    
                                   "Shared Read Blocks": 112,                                                                                                     
                                   "Shared Dirtied Blocks": 0,                                                                                                    
                                   "Shared Written Blocks": 0,                                                                                                    
                                   "Local Hit Blocks": 0,                                                                                                         
                                   "Local Read Blocks": 0,                                                                                                        
                                   "Local Dirtied Blocks": 0,                                                                                                     
                                   "Local Written Blocks": 0,                                                                                                     
                                   "Temp Read Blocks": 0,                                                                                                         
                                   "Temp Written Blocks": 0                                                                                                       
                                 }                                                                                                                                
                               ]                                                                                                                                  
                             },                                                                                                                                   
                             {                                                                                                                                    
                               "Node Type": "Index Scan",                                                                                                         
                               "Parent Relationship": "Inner",                                                                                                    
                               "Parallel Aware": false,                                                                                                           
                               "Scan Direction": "Forward",                                                                                                       
                               "Index Name": "movie_id_movie_companies",                                                                                          
                               "Relation Name": "movie_companies",                                                                                                
                               "Alias": "mc",                                                                                                                     
                               "Startup Cost": 0.01,                                                                                                              
                               "Total Cost": 0.03,                                                                                                                
                               "Plan Rows": 1,                                                                                                                    
                               "Plan Width": 36,                                                                                                                  
                               "Actual Startup Time": 0.324,                                                                                                      
                               "Actual Total Time": 0.360,                                                                                                        
                               "Actual Rows": 11,                                                                                                                 
                               "Actual Loops": 1460,                                                                                                              
                               "Index Cond": "(movie_id = mk.movie_id)",                                                                                          
                               "Rows Removed by Index Recheck": 0,                                                                                                
                               "Filter": "(note IS NOT NULL)",                                                                                                    
                               "Rows Removed by Filter": 2,                                                                                                       
                               "Shared Hit Blocks": 6676,                                                                                                         
                               "Shared Read Blocks": 221,                                                                                                         
                               "Shared Dirtied Blocks": 0,                                                                                                        
                               "Shared Written Blocks": 0,                                                                                                        
                               "Local Hit Blocks": 0,                                                                                                             
                               "Local Read Blocks": 0,                                                                                                            
                               "Local Dirtied Blocks": 0,                                                                                                         
                               "Local Written Blocks": 0,                                                                                                         
                               "Temp Read Blocks": 0,                                                                                                             
                               "Temp Written Blocks": 0                                                                                                           
                             }                                                                                                                                    
                           ]                                                                                                                                      
                         },                                                                                                                                       
                         {                                                                                                                                        
                           "Node Type": "Index Scan",                                                                                                             
                           "Parent Relationship": "Inner",                                                                                                        
                           "Parallel Aware": false,                                                                                                               
                           "Scan Direction": "Forward",                                                                                                           
                           "Index Name": "company_type_pkey",                                                                                                     
                           "Relation Name": "company_type",                                                                                                       
                           "Alias": "ct",                                                                                                                         
                           "Startup Cost": 0.00,                                                                                                                  
                           "Total Cost": 0.00,                                                                                                                    
                           "Plan Rows": 1,                                                                                                                        
                           "Plan Width": 4,                                                                                                                       
                           "Actual Startup Time": 0.001,                                                                                                          
                           "Actual Total Time": 0.001,                                                                                                            
                           "Actual Rows": 1,                                                                                                                      
                           "Actual Loops": 15510,                                                                                                                 
                           "Index Cond": "(id = mc.company_type_id)",                                                                                             
                           "Rows Removed by Index Recheck": 0,                                                                                                    
                           "Filter": "((kind IS NOT NULL) AND ((kind)::text <> 'production companies'::text))",                                                   
                           "Rows Removed by Filter": 0,                                                                                                           
                           "Shared Hit Blocks": 31020,                                                                                                            
                           "Shared Read Blocks": 0,                                                                                                               
                           "Shared Dirtied Blocks": 0,                                                                                                            
                           "Shared Written Blocks": 0,                                                                                                            
                           "Local Hit Blocks": 0,                                                                                                                 
                           "Local Read Blocks": 0,                                                                                                                
                           "Local Dirtied Blocks": 0,                                                                                                             
                           "Local Written Blocks": 0,                                                                                                             
                           "Temp Read Blocks": 0,                                                                                                                 
                           "Temp Written Blocks": 0                                                                                                               
                         }                                                                                                                                        
                       ]                                                                                                                                          
                     },                                                                                                                                           
                     {                                                                                                                                            
                       "Node Type": "Index Scan",                                                                                                                 
                       "Parent Relationship": "Inner",                                                                                                            
                       "Parallel Aware": false,                                                                                                                   
                       "Scan Direction": "Forward",                                                                                                               
                       "Index Name": "company_name_pkey",                                                                                                         
                       "Relation Name": "company_name",                                                                                                           
                       "Alias": "cn",                                                                                                                             
                       "Startup Cost": 0.01,                                                                                                                      
                       "Total Cost": 0.02,                                                                                                                        
                       "Plan Rows": 1,                                                                                                                            
                       "Plan Width": 23,                                                                                                                          
                       "Actual Startup Time": 0.035,                                                                                                              
                       "Actual Total Time": 0.035,                                                                                                                
                       "Actual Rows": 0,                                                                                                                          
                       "Actual Loops": 14916,                                                                                                                     
                       "Index Cond": "(id = mc.company_id)",                                                                                                      
                       "Rows Removed by Index Recheck": 0,                                                                                                        
                       "Filter": "(((country_code)::text <> '[pl]'::text) AND ((name ~~ '20th Century Fox%'::text) OR (name ~~ 'Twentieth Century Fox%'::text)))",
                       "Rows Removed by Filter": 1,                                                                                                               
                       "Shared Hit Blocks": 59486,                                                                                                                
                       "Shared Read Blocks": 212,                                                                                                                 
                       "Shared Dirtied Blocks": 0,                                                                                                                
                       "Shared Written Blocks": 0,                                                                                                                
                       "Local Hit Blocks": 0,                                                                                                                     
                       "Local Read Blocks": 0,                                                                                                                    
                       "Local Dirtied Blocks": 0,                                                                                                                 
                       "Local Written Blocks": 0,                                                                                                                 
                       "Temp Read Blocks": 0,                                                                                                                     
                       "Temp Written Blocks": 0                                                                                                                   
                     }                                                                                                                                            
                   ]                                                                                                                                              
                 },                                                                                                                                               
                 {                                                                                                                                                
                   "Node Type": "Index Scan",                                                                                                                     
                   "Parent Relationship": "Inner",                                                                                                                
                   "Parallel Aware": false,                                                                                                                       
                   "Scan Direction": "Forward",                                                                                                                   
                   "Index Name": "link_type_pkey",                                                                                                                
                   "Relation Name": "link_type",                                                                                                                  
                   "Alias": "lt",                                                                                                                                 
                   "Startup Cost": 0.00,                                                                                                                          
                   "Total Cost": 0.00,                                                                                                                            
                   "Plan Rows": 1,                                                                                                                                
                   "Plan Width": 4,                                                                                                                               
                   "Actual Startup Time": 0.001,                                                                                                                  
                   "Actual Total Time": 0.001,                                                                                                                    
                   "Actual Rows": 1,                                                                                                                              
                   "Actual Loops": 6946,                                                                                                                          
                   "Index Cond": "(id = ml.link_type_id)",                                                                                                        
                   "Rows Removed by Index Recheck": 0,                                                                                                            
                   "Shared Hit Blocks": 13892,                                                                                                                    
                   "Shared Read Blocks": 0,                                                                                                                       
                   "Shared Dirtied Blocks": 0,                                                                                                                    
                   "Shared Written Blocks": 0,                                                                                                                    
                   "Local Hit Blocks": 0,                                                                                                                         
                   "Local Read Blocks": 0,                                                                                                                        
                   "Local Dirtied Blocks": 0,                                                                                                                     
                   "Local Written Blocks": 0,                                                                                                                     
                   "Temp Read Blocks": 0,                                                                                                                         
                   "Temp Written Blocks": 0                                                                                                                       
                 }                                                                                                                                                
               ]                                                                                                                                                  
             },                                                                                                                                                   
             {                                                                                                                                                    
               "Node Type": "Index Scan",                                                                                                                         
               "Parent Relationship": "Inner",                                                                                                                    
               "Parallel Aware": false,                                                                                                                           
               "Scan Direction": "Forward",                                                                                                                       
               "Index Name": "title_idx_id",                                                                                                                      
               "Relation Name": "title",                                                                                                                          
               "Alias": "t",                                                                                                                                      
               "Startup Cost": 0.01,                                                                                                                              
               "Total Cost": 0.04,                                                                                                                                
               "Plan Rows": 1,                                                                                                                                    
               "Plan Width": 21,                                                                                                                                  
               "Actual Startup Time": 0.023,                                                                                                                      
               "Actual Total Time": 0.023,                                                                                                                        
               "Actual Rows": 1,                                                                                                                                  
               "Actual Loops": 6946,                                                                                                                              
               "Index Cond": "(id = mk.movie_id)",                                                                                                                
               "Rows Removed by Index Recheck": 0,                                                                                                                
               "Filter": "(production_year > 1950)",                                                                                                              
               "Rows Removed by Filter": 0,                                                                                                                       
               "Shared Hit Blocks": 27776,                                                                                                                        
               "Shared Read Blocks": 8,                                                                                                                           
               "Shared Dirtied Blocks": 0,                                                                                                                        
               "Shared Written Blocks": 0,                                                                                                                        
               "Local Hit Blocks": 0,                                                                                                                             
               "Local Read Blocks": 0,                                                                                                                            
               "Local Dirtied Blocks": 0,                                                                                                                         
               "Local Written Blocks": 0,                                                                                                                         
               "Temp Read Blocks": 0,                                                                                                                             
               "Temp Written Blocks": 0                                                                                                                           
             }                                                                                                                                                    
           ]                                                                                                                                                      
         }                                                                                                                                                        
       ]                                                                                                                                                          
     },                                                                                                                                                           
     "Planning Time": 3480.291,                                                                                                                                   
     "Triggers": [                                                                                                                                                
     ],                                                                                                                                                           
     "Execution Time": 4813.045                                                                                                                                   
   }                                                                                                                                                              
 ]
