 [                                                                                                                      
   {                                                                                                                    
     "Plan": {                                                                                                          
       "Node Type": "Aggregate",                                                                                        
       "Strategy": "Plain",                                                                                             
       "Partial Mode": "Simple",                                                                                        
       "Parallel Aware": false,                                                                                         
       "Startup Cost": 145.76,                                                                                          
       "Total Cost": 145.76,                                                                                            
       "Plan Rows": 1,                                                                                                  
       "Plan Width": 64,                                                                                                
       "Actual Startup Time": 5095.149,                                                                                 
       "Actual Total Time": 5095.150,                                                                                   
       "Actual Rows": 1,                                                                                                
       "Actual Loops": 1,                                                                                               
       "Shared Hit Blocks": 6579,                                                                                       
       "Shared Read Blocks": 1567,                                                                                      
       "Shared Dirtied Blocks": 0,                                                                                      
       "Shared Written Blocks": 0,                                                                                      
       "Local Hit Blocks": 0,                                                                                           
       "Local Read Blocks": 0,                                                                                          
       "Local Dirtied Blocks": 0,                                                                                       
       "Local Written Blocks": 0,                                                                                       
       "Temp Read Blocks": 0,                                                                                           
       "Temp Written Blocks": 0,                                                                                        
       "Plans": [                                                                                                       
         {                                                                                                              
           "Node Type": "Nested Loop",                                                                                  
           "Parent Relationship": "Outer",                                                                              
           "Parallel Aware": false,                                                                                     
           "Join Type": "Inner",                                                                                        
           "Startup Cost": 0.10,                                                                                        
           "Total Cost": 145.76,                                                                                        
           "Plan Rows": 4,                                                                                              
           "Plan Width": 59,                                                                                            
           "Actual Startup Time": 4300.163,                                                                             
           "Actual Total Time": 5094.982,                                                                               
           "Actual Rows": 37,                                                                                           
           "Actual Loops": 1,                                                                                           
           "Inner Unique": true,                                                                                        
           "Shared Hit Blocks": 6579,                                                                                   
           "Shared Read Blocks": 1567,                                                                                  
           "Shared Dirtied Blocks": 0,                                                                                  
           "Shared Written Blocks": 0,                                                                                  
           "Local Hit Blocks": 0,                                                                                       
           "Local Read Blocks": 0,                                                                                      
           "Local Dirtied Blocks": 0,                                                                                   
           "Local Written Blocks": 0,                                                                                   
           "Temp Read Blocks": 0,                                                                                       
           "Temp Written Blocks": 0,                                                                                    
           "Plans": [                                                                                                   
             {                                                                                                          
               "Node Type": "Nested Loop",                                                                              
               "Parent Relationship": "Outer",                                                                          
               "Parallel Aware": false,                                                                                 
               "Join Type": "Inner",                                                                                    
               "Startup Cost": 0.09,                                                                                    
               "Total Cost": 145.70,                                                                                    
               "Plan Rows": 4,                                                                                          
               "Plan Width": 63,                                                                                        
               "Actual Startup Time": 4274.818,                                                                         
               "Actual Total Time": 4987.628,                                                                           
               "Actual Rows": 37,                                                                                       
               "Actual Loops": 1,                                                                                       
               "Inner Unique": true,                                                                                    
               "Shared Hit Blocks": 6481,                                                                               
               "Shared Read Blocks": 1517,                                                                              
               "Shared Dirtied Blocks": 0,                                                                              
               "Shared Written Blocks": 0,                                                                              
               "Local Hit Blocks": 0,                                                                                   
               "Local Read Blocks": 0,                                                                                  
               "Local Dirtied Blocks": 0,                                                                               
               "Local Written Blocks": 0,                                                                               
               "Temp Read Blocks": 0,                                                                                   
               "Temp Written Blocks": 0,                                                                                
               "Plans": [                                                                                               
                 {                                                                                                      
                   "Node Type": "Nested Loop",                                                                          
                   "Parent Relationship": "Outer",                                                                      
                   "Parallel Aware": false,                                                                             
                   "Join Type": "Inner",                                                                                
                   "Startup Cost": 0.08,                                                                                
                   "Total Cost": 145.51,                                                                                
                   "Plan Rows": 4,                                                                                      
                   "Plan Width": 67,                                                                                    
                   "Actual Startup Time": 4274.766,                                                                     
                   "Actual Total Time": 4987.296,                                                                       
                   "Actual Rows": 37,                                                                                   
                   "Actual Loops": 1,                                                                                   
                   "Inner Unique": false,                                                                               
                   "Join Filter": "(t.id = mi.movie_id)",                                                               
                   "Rows Removed by Join Filter": 0,                                                                    
                   "Shared Hit Blocks": 6407,                                                                           
                   "Shared Read Blocks": 1517,                                                                          
                   "Shared Dirtied Blocks": 0,                                                                          
                   "Shared Written Blocks": 0,                                                                          
                   "Local Hit Blocks": 0,                                                                               
                   "Local Read Blocks": 0,                                                                              
                   "Local Dirtied Blocks": 0,                                                                           
                   "Local Written Blocks": 0,                                                                           
                   "Temp Read Blocks": 0,                                                                               
                   "Temp Written Blocks": 0,                                                                            
                   "Plans": [                                                                                           
                     {                                                                                                  
                       "Node Type": "Nested Loop",                                                                      
                       "Parent Relationship": "Outer",                                                                  
                       "Parallel Aware": false,                                                                         
                       "Join Type": "Inner",                                                                            
                       "Startup Cost": 0.07,                                                                            
                       "Total Cost": 144.89,                                                                            
                       "Plan Rows": 4,                                                                                  
                       "Plan Width": 37,                                                                                
                       "Actual Startup Time": 199.072,                                                                  
                       "Actual Total Time": 3237.640,                                                                   
                       "Actual Rows": 292,                                                                              
                       "Actual Loops": 1,                                                                               
                       "Inner Unique": true,                                                                            
                       "Shared Hit Blocks": 2431,                                                                       
                       "Shared Read Blocks": 1312,                                                                      
                       "Shared Dirtied Blocks": 0,                                                                      
                       "Shared Written Blocks": 0,                                                                      
                       "Local Hit Blocks": 0,                                                                           
                       "Local Read Blocks": 0,                                                                          
                       "Local Dirtied Blocks": 0,                                                                       
                       "Local Written Blocks": 0,                                                                       
                       "Temp Read Blocks": 0,                                                                           
                       "Temp Written Blocks": 0,                                                                        
                       "Plans": [                                                                                       
                         {                                                                                              
                           "Node Type": "Nested Loop",                                                                  
                           "Parent Relationship": "Outer",                                                              
                           "Parallel Aware": false,                                                                     
                           "Join Type": "Inner",                                                                        
                           "Startup Cost": 0.07,                                                                        
                           "Total Cost": 144.87,                                                                        
                           "Plan Rows": 4,                                                                              
                           "Plan Width": 41,                                                                            
                           "Actual Startup Time": 199.037,                                                              
                           "Actual Total Time": 3235.863,                                                               
                           "Actual Rows": 292,                                                                          
                           "Actual Loops": 1,                                                                           
                           "Inner Unique": true,                                                                        
                           "Join Filter": "(at.movie_id = t.id)",                                                       
                           "Rows Removed by Join Filter": 0,                                                            
                           "Shared Hit Blocks": 1847,                                                                   
                           "Shared Read Blocks": 1312,                                                                  
                           "Shared Dirtied Blocks": 0,                                                                  
                           "Shared Written Blocks": 0,                                                                  
                           "Local Hit Blocks": 0,                                                                       
                           "Local Read Blocks": 0,                                                                      
                           "Local Dirtied Blocks": 0,                                                                   
                           "Local Written Blocks": 0,                                                                   
                           "Temp Read Blocks": 0,                                                                       
                           "Temp Written Blocks": 0,                                                                    
                           "Plans": [                                                                                   
                             {                                                                                          
                               "Node Type": "Nested Loop",                                                              
                               "Parent Relationship": "Outer",                                                          
                               "Parallel Aware": false,                                                                 
                               "Join Type": "Inner",                                                                    
                               "Startup Cost": 0.05,                                                                    
                               "Total Cost": 144.27,                                                                    
                               "Plan Rows": 14,                                                                         
                               "Plan Width": 20,                                                                        
                               "Actual Startup Time": 155.118,                                                          
                               "Actual Total Time": 2529.085,                                                           
                               "Actual Rows": 292,                                                                      
                               "Actual Loops": 1,                                                                       
                               "Inner Unique": false,                                                                   
                               "Shared Hit Blocks": 724,                                                                
                               "Shared Read Blocks": 1267,                                                              
                               "Shared Dirtied Blocks": 0,                                                              
                               "Shared Written Blocks": 0,                                                              
                               "Local Hit Blocks": 0,                                                                   
                               "Local Read Blocks": 0,                                                                  
                               "Local Dirtied Blocks": 0,                                                               
                               "Local Written Blocks": 0,                                                               
                               "Temp Read Blocks": 0,                                                                   
                               "Temp Written Blocks": 0,                                                                
                               "Plans": [                                                                               
                                 {                                                                                      
                                   "Node Type": "Nested Loop",                                                          
                                   "Parent Relationship": "Outer",                                                      
                                   "Parallel Aware": false,                                                             
                                   "Join Type": "Inner",                                                                
                                   "Startup Cost": 0.04,                                                                
                                   "Total Cost": 142.63,                                                                
                                   "Plan Rows": 1,                                                                      
                                   "Plan Width": 12,                                                                    
                                   "Actual Startup Time": 123.317,                                                      
                                   "Actual Total Time": 1875.514,                                                       
                                   "Actual Rows": 27,                                                                   
                                   "Actual Loops": 1,                                                                   
                                   "Inner Unique": false,                                                               
                                   "Shared Hit Blocks": 677,                                                            
                                   "Shared Read Blocks": 1210,                                                          
                                   "Shared Dirtied Blocks": 0,                                                          
                                   "Shared Written Blocks": 0,                                                          
                                   "Local Hit Blocks": 0,                                                               
                                   "Local Read Blocks": 0,                                                              
                                   "Local Dirtied Blocks": 0,                                                           
                                   "Local Written Blocks": 0,                                                           
                                   "Temp Read Blocks": 0,                                                               
                                   "Temp Written Blocks": 0,                                                            
                                   "Plans": [                                                                           
                                     {                                                                                  
                                       "Node Type": "Nested Loop",                                                      
                                       "Parent Relationship": "Outer",                                                  
                                       "Parallel Aware": false,                                                         
                                       "Join Type": "Inner",                                                            
                                       "Startup Cost": 0.03,                                                            
                                       "Total Cost": 136.24,                                                            
                                       "Plan Rows": 1,                                                                  
                                       "Plan Width": 8,                                                                 
                                       "Actual Startup Time": 76.591,                                                   
                                       "Actual Total Time": 1318.352,                                                   
                                       "Actual Rows": 278,                                                              
                                       "Actual Loops": 1,                                                               
                                       "Inner Unique": false,                                                           
                                       "Shared Hit Blocks": 3,                                                          
                                       "Shared Read Blocks": 1022,                                                      
                                       "Shared Dirtied Blocks": 0,                                                      
                                       "Shared Written Blocks": 0,                                                      
                                       "Local Hit Blocks": 0,                                                           
                                       "Local Read Blocks": 0,                                                          
                                       "Local Dirtied Blocks": 0,                                                       
                                       "Local Written Blocks": 0,                                                       
                                       "Temp Read Blocks": 0,                                                           
                                       "Temp Written Blocks": 0,                                                        
                                       "Plans": [                                                                       
                                         {                                                                              
                                           "Node Type": "Index Scan",                                                   
                                           "Parent Relationship": "Outer",                                              
                                           "Parallel Aware": false,                                                     
                                           "Scan Direction": "Forward",                                                 
                                           "Index Name": "company_name_idx_name",                                       
                                           "Relation Name": "company_name",                                             
                                           "Alias": "cn",                                                               
                                           "Startup Cost": 0.01,                                                        
                                           "Total Cost": 6.13,                                                          
                                           "Plan Rows": 1,                                                              
                                           "Plan Width": 4,                                                             
                                           "Actual Startup Time": 76.129,                                               
                                           "Actual Total Time": 76.134,                                                 
                                           "Actual Rows": 1,                                                            
                                           "Actual Loops": 1,                                                           
                                           "Index Cond": "(name = 'YouTube'::text)",                                    
                                           "Rows Removed by Index Recheck": 0,                                          
                                           "Filter": "((country_code)::text = '[us]'::text)",                           
                                           "Rows Removed by Filter": 0,                                                 
                                           "Shared Hit Blocks": 0,                                                      
                                           "Shared Read Blocks": 4,                                                     
                                           "Shared Dirtied Blocks": 0,                                                  
                                           "Shared Written Blocks": 0,                                                  
                                           "Local Hit Blocks": 0,                                                       
                                           "Local Read Blocks": 0,                                                      
                                           "Local Dirtied Blocks": 0,                                                   
                                           "Local Written Blocks": 0,                                                   
                                           "Temp Read Blocks": 0,                                                       
                                           "Temp Written Blocks": 0                                                     
                                         },                                                                             
                                         {                                                                              
                                           "Node Type": "Index Scan",                                                   
                                           "Parent Relationship": "Inner",                                              
                                           "Parallel Aware": false,                                                     
                                           "Scan Direction": "Forward",                                                 
                                           "Index Name": "company_id_movie_companies",                                  
                                           "Relation Name": "movie_companies",                                          
                                           "Alias": "mc",                                                               
                                           "Startup Cost": 0.01,                                                        
                                           "Total Cost": 26.02,                                                         
                                           "Plan Rows": 1,                                                              
                                           "Plan Width": 12,                                                            
                                           "Actual Startup Time": 0.453,                                                
                                           "Actual Total Time": 1241.800,                                               
                                           "Actual Rows": 278,                                                          
                                           "Actual Loops": 1,                                                           
                                           "Index Cond": "(company_id = cn.id)",                                        
                                           "Rows Removed by Index Recheck": 0,                                          
                                           "Filter": "((note ~~ '%(200%)%'::text) AND (note ~~ '%(worldwide)%'::text))",
                                           "Rows Removed by Filter": 1180,                                              
                                           "Shared Hit Blocks": 3,                                                      
                                           "Shared Read Blocks": 1018,                                                  
                                           "Shared Dirtied Blocks": 0,                                                  
                                           "Shared Written Blocks": 0,                                                  
                                           "Local Hit Blocks": 0,                                                       
                                           "Local Read Blocks": 0,                                                      
                                           "Local Dirtied Blocks": 0,                                                   
                                           "Local Written Blocks": 0,                                                   
                                           "Temp Read Blocks": 0,                                                       
                                           "Temp Written Blocks": 0                                                     
                                         }                                                                              
                                       ]                                                                                
                                     },                                                                                 
                                     {                                                                                  
                                       "Node Type": "Index Scan",                                                       
                                       "Parent Relationship": "Inner",                                                  
                                       "Parallel Aware": false,                                                         
                                       "Scan Direction": "Forward",                                                     
                                       "Index Name": "movie_id_aka_title",                                              
                                       "Relation Name": "aka_title",                                                    
                                       "Alias": "at",                                                                   
                                       "Startup Cost": 0.01,                                                            
                                       "Total Cost": 1.28,                                                              
                                       "Plan Rows": 2,                                                                  
                                       "Plan Width": 4,                                                                 
                                       "Actual Startup Time": 1.721,                                                    
                                       "Actual Total Time": 2.000,                                                      
                                       "Actual Rows": 0,                                                                
                                       "Actual Loops": 278,                                                             
                                       "Index Cond": "(movie_id = mc.movie_id)",                                        
                                       "Rows Removed by Index Recheck": 0,                                              
                                       "Shared Hit Blocks": 674,                                                        
                                       "Shared Read Blocks": 188,                                                       
                                       "Shared Dirtied Blocks": 0,                                                      
                                       "Shared Written Blocks": 0,                                                      
                                       "Local Hit Blocks": 0,                                                           
                                       "Local Read Blocks": 0,                                                          
                                       "Local Dirtied Blocks": 0,                                                       
                                       "Local Written Blocks": 0,                                                       
                                       "Temp Read Blocks": 0,                                                           
                                       "Temp Written Blocks": 0                                                         
                                     }                                                                                  
                                   ]                                                                                    
                                 },                                                                                     
                                 {                                                                                      
                                   "Node Type": "Index Scan",                                                           
                                   "Parent Relationship": "Inner",                                                      
                                   "Parallel Aware": false,                                                             
                                   "Scan Direction": "Forward",                                                         
                                   "Index Name": "movie_id_movie_keyword",                                              
                                   "Relation Name": "movie_keyword",                                                    
                                   "Alias": "mk",                                                                       
                                   "Startup Cost": 0.01,                                                                
                                   "Total Cost": 0.33,                                                                  
                                   "Plan Rows": 11,                                                                     
                                   "Plan Width": 8,                                                                     
                                   "Actual Startup Time": 24.177,                                                       
                                   "Actual Total Time": 24.190,                                                         
                                   "Actual Rows": 11,                                                                   
                                   "Actual Loops": 27,                                                                  
                                   "Index Cond": "(movie_id = at.movie_id)",                                            
                                   "Rows Removed by Index Recheck": 0,                                                  
                                   "Shared Hit Blocks": 47,                                                             
                                   "Shared Read Blocks": 57,                                                            
                                   "Shared Dirtied Blocks": 0,                                                          
                                   "Shared Written Blocks": 0,                                                          
                                   "Local Hit Blocks": 0,                                                               
                                   "Local Read Blocks": 0,                                                              
                                   "Local Dirtied Blocks": 0,                                                           
                                   "Local Written Blocks": 0,                                                           
                                   "Temp Read Blocks": 0,                                                               
                                   "Temp Written Blocks": 0                                                             
                                 }                                                                                      
                               ]                                                                                        
                             },                                                                                         
                             {                                                                                          
                               "Node Type": "Index Scan",                                                               
                               "Parent Relationship": "Inner",                                                          
                               "Parallel Aware": false,                                                                 
                               "Scan Direction": "Forward",                                                             
                               "Index Name": "title_idx_id",                                                            
                               "Relation Name": "title",                                                                
                               "Alias": "t",                                                                            
                               "Startup Cost": 0.01,                                                                    
                               "Total Cost": 0.04,                                                                      
                               "Plan Rows": 1,                                                                          
                               "Plan Width": 21,                                                                        
                               "Actual Startup Time": 2.417,                                                            
                               "Actual Total Time": 2.417,                                                              
                               "Actual Rows": 1,                                                                        
                               "Actual Loops": 292,                                                                     
                               "Index Cond": "(id = mk.movie_id)",                                                      
                               "Rows Removed by Index Recheck": 0,                                                      
                               "Filter": "((production_year >= 2005) AND (production_year <= 2010))",                   
                               "Rows Removed by Filter": 0,                                                             
                               "Shared Hit Blocks": 1123,                                                               
                               "Shared Read Blocks": 45,                                                                
                               "Shared Dirtied Blocks": 0,                                                              
                               "Shared Written Blocks": 0,                                                              
                               "Local Hit Blocks": 0,                                                                   
                               "Local Read Blocks": 0,                                                                  
                               "Local Dirtied Blocks": 0,                                                               
                               "Local Written Blocks": 0,                                                               
                               "Temp Read Blocks": 0,                                                                   
                               "Temp Written Blocks": 0                                                                 
                             }                                                                                          
                           ]                                                                                            
                         },                                                                                             
                         {                                                                                              
                           "Node Type": "Index Scan",                                                                   
                           "Parent Relationship": "Inner",                                                              
                           "Parallel Aware": false,                                                                     
                           "Scan Direction": "Forward",                                                                 
                           "Index Name": "company_type_pkey",                                                           
                           "Relation Name": "company_type",                                                             
                           "Alias": "ct",                                                                               
                           "Startup Cost": 0.00,                                                                        
                           "Total Cost": 0.00,                                                                          
                           "Plan Rows": 1,                                                                              
                           "Plan Width": 4,                                                                             
                           "Actual Startup Time": 0.004,                                                                
                           "Actual Total Time": 0.004,                                                                  
                           "Actual Rows": 1,                                                                            
                           "Actual Loops": 292,                                                                         
                           "Index Cond": "(id = mc.company_type_id)",                                                   
                           "Rows Removed by Index Recheck": 0,                                                          
                           "Shared Hit Blocks": 584,                                                                    
                           "Shared Read Blocks": 0,                                                                     
                           "Shared Dirtied Blocks": 0,                                                                  
                           "Shared Written Blocks": 0,                                                                  
                           "Local Hit Blocks": 0,                                                                       
                           "Local Read Blocks": 0,                                                                      
                           "Local Dirtied Blocks": 0,                                                                   
                           "Local Written Blocks": 0,                                                                   
                           "Temp Read Blocks": 0,                                                                       
                           "Temp Written Blocks": 0                                                                     
                         }                                                                                              
                       ]                                                                                                
                     },                                                                                                 
                     {                                                                                                  
                       "Node Type": "Index Scan",                                                                       
                       "Parent Relationship": "Inner",                                                                  
                       "Parallel Aware": false,                                                                         
                       "Scan Direction": "Forward",                                                                     
                       "Index Name": "movie_id_movie_info",                                                             
                       "Relation Name": "movie_info",                                                                   
                       "Alias": "mi",                                                                                   
                       "Startup Cost": 0.01,                                                                            
                       "Total Cost": 0.15,                                                                              
                       "Plan Rows": 1,                                                                                  
                       "Plan Width": 50,                                                                                
                       "Actual Startup Time": 5.631,                                                                    
                       "Actual Total Time": 5.991,                                                                      
                       "Actual Rows": 0,                                                                                
                       "Actual Loops": 292,                                                                             
                       "Index Cond": "(movie_id = mk.movie_id)",                                                        
                       "Rows Removed by Index Recheck": 0,                                                              
                       "Filter": "((note ~~ '%internet%'::text) AND (info ~~ 'USA:% 200%'::text))",                     
                       "Rows Removed by Filter": 29,                                                                    
                       "Shared Hit Blocks": 3976,                                                                       
                       "Shared Read Blocks": 205,                                                                       
                       "Shared Dirtied Blocks": 0,                                                                      
                       "Shared Written Blocks": 0,                                                                      
                       "Local Hit Blocks": 0,                                                                           
                       "Local Read Blocks": 0,                                                                          
                       "Local Dirtied Blocks": 0,                                                                       
                       "Local Written Blocks": 0,                                                                       
                       "Temp Read Blocks": 0,                                                                           
                       "Temp Written Blocks": 0                                                                         
                     }                                                                                                  
                   ]                                                                                                    
                 },                                                                                                     
                 {                                                                                                      
                   "Node Type": "Index Scan",                                                                           
                   "Parent Relationship": "Inner",                                                                      
                   "Parallel Aware": false,                                                                             
                   "Scan Direction": "Forward",                                                                         
                   "Index Name": "info_type_pkey",                                                                      
                   "Relation Name": "info_type",                                                                        
                   "Alias": "it",                                                                                      
                   "Startup Cost": 0.00,                                                                                
                   "Total Cost": 0.04,                                                                                  
                   "Plan Rows": 1,                                                                                      
                   "Plan Width": 4,                                                                                     
                   "Actual Startup Time": 0.006,                                                                        
                   "Actual Total Time": 0.006,                                                                          
                   "Actual Rows": 1,                                                                                    
                   "Actual Loops": 37,                                                                                  
                   "Index Cond": "(id = mi.info_type_id)",                                                              
                   "Rows Removed by Index Recheck": 0,                                                                  
                   "Filter": "((info)::text = 'release dates'::text)",                                                  
                   "Rows Removed by Filter": 0,                                                                         
                   "Shared Hit Blocks": 74,                                                                             
                   "Shared Read Blocks": 0,                                                                             
                   "Shared Dirtied Blocks": 0,                                                                          
                   "Shared Written Blocks": 0,                                                                          
                   "Local Hit Blocks": 0,                                                                               
                   "Local Read Blocks": 0,                                                                              
                   "Local Dirtied Blocks": 0,                                                                           
                   "Local Written Blocks": 0,                                                                           
                   "Temp Read Blocks": 0,                                                                               
                   "Temp Written Blocks": 0                                                                             
                 }                                                                                                      
               ]                                                                                                        
             },                                                                                                         
             {                                                                                                          
               "Node Type": "Index Scan",                                                                               
               "Parent Relationship": "Inner",                                                                          
               "Parallel Aware": false,                                                                                 
               "Scan Direction": "Forward",                                                                             
               "Index Name": "keyword_pkey",                                                                            
               "Relation Name": "keyword",                                                                              
               "Alias": "k",                                                                                            
               "Startup Cost": 0.01,                                                                                    
               "Total Cost": 0.01,                                                                                      
               "Plan Rows": 1,                                                                                          
               "Plan Width": 4,                                                                                         
               "Actual Startup Time": 2.898,                                                                            
               "Actual Total Time": 2.898,                                                                              
               "Actual Rows": 1,                                                                                        
               "Actual Loops": 37,                                                                                      
               "Index Cond": "(id = mk.keyword_id)",                                                                    
               "Rows Removed by Index Recheck": 0,                                                                      
               "Shared Hit Blocks": 98,                                                                                 
               "Shared Read Blocks": 50,                                                                                
               "Shared Dirtied Blocks": 0,                                                                              
               "Shared Written Blocks": 0,                                                                              
               "Local Hit Blocks": 0,                                                                                   
               "Local Read Blocks": 0,                                                                                  
               "Local Dirtied Blocks": 0,                                                                               
               "Local Written Blocks": 0,                                                                               
               "Temp Read Blocks": 0,                                                                                   
               "Temp Written Blocks": 0                                                                                 
             }                                                                                                          
           ]                                                                                                            
         }                                                                                                              
       ]                                                                                                                
     },                                                                                                                 
     "Planning Time": 9217.582,                                                                                         
     "Triggers": [                                                                                                      
     ],                                                                                                                 
     "Execution Time": 5095.762                                                                                         
   }                                                                                                                    
 ]
