 [                                                                                                                                                                      
   {                                                                                                                                                                    
     "Plan": {                                                                                                                                                          
       "Node Type": "Aggregate",                                                                                                                                        
       "Strategy": "Plain",                                                                                                                                             
       "Partial Mode": "Simple",                                                                                                                                        
       "Parallel Aware": false,                                                                                                                                         
       "Startup Cost": 13229.10,                                                                                                                                        
       "Total Cost": 13229.10,                                                                                                                                          
       "Plan Rows": 1,                                                                                                                                                  
       "Plan Width": 68,                                                                                                                                                
       "Actual Startup Time": 8252.497,                                                                                                                                 
       "Actual Total Time": 8252.497,                                                                                                                                   
       "Actual Rows": 1,                                                                                                                                                
       "Actual Loops": 1,                                                                                                                                               
       "Shared Hit Blocks": 14739,                                                                                                                                      
       "Shared Read Blocks": 13248,                                                                                                                                     
       "Shared Dirtied Blocks": 0,                                                                                                                                      
       "Shared Written Blocks": 0,                                                                                                                                      
       "Local Hit Blocks": 0,                                                                                                                                           
       "Local Read Blocks": 0,                                                                                                                                          
       "Local Dirtied Blocks": 0,                                                                                                                                       
       "Local Written Blocks": 0,                                                                                                                                       
       "Temp Read Blocks": 0,                                                                                                                                           
       "Temp Written Blocks": 0,                                                                                                                                        
       "Plans": [                                                                                                                                                       
         {                                                                                                                                                              
           "Node Type": "Nested Loop",                                                                                                                                  
           "Parent Relationship": "Outer",                                                                                                                              
           "Parallel Aware": false,                                                                                                                                     
           "Join Type": "Inner",                                                                                                                                        
           "Startup Cost": 0.05,                                                                                                                                        
           "Total Cost": 13229.09,                                                                                                                                      
           "Plan Rows": 42,                                                                                                                                             
           "Plan Width": 45,                                                                                                                                            
           "Actual Startup Time": 807.926,                                                                                                                              
           "Actual Total Time": 8251.675,                                                                                                                               
           "Actual Rows": 142,                                                                                                                                          
           "Actual Loops": 1,                                                                                                                                           
           "Inner Unique": true,                                                                                                                                        
           "Join Filter": "(mc.movie_id = t.id)",                                                                                                                       
           "Rows Removed by Join Filter": 0,                                                                                                                            
           "Shared Hit Blocks": 14739,                                                                                                                                  
           "Shared Read Blocks": 13248,                                                                                                                                 
           "Shared Dirtied Blocks": 0,                                                                                                                                  
           "Shared Written Blocks": 0,                                                                                                                                  
           "Local Hit Blocks": 0,                                                                                                                                       
           "Local Read Blocks": 0,                                                                                                                                      
           "Local Dirtied Blocks": 0,                                                                                                                                   
           "Local Written Blocks": 0,                                                                                                                                   
           "Temp Read Blocks": 0,                                                                                                                                       
           "Temp Written Blocks": 0,                                                                                                                                    
           "Plans": [                                                                                                                                                   
             {                                                                                                                                                          
               "Node Type": "Nested Loop",                                                                                                                              
               "Parent Relationship": "Outer",                                                                                                                          
               "Parallel Aware": false,                                                                                                                                 
               "Join Type": "Inner",                                                                                                                                    
               "Startup Cost": 0.04,                                                                                                                                    
               "Total Cost": 13224.52,                                                                                                                                  
               "Plan Rows": 42,                                                                                                                                         
               "Plan Width": 32,                                                                                                                                        
               "Actual Startup Time": 754.373,                                                                                                                          
               "Actual Total Time": 6569.768,                                                                                                                           
               "Actual Rows": 142,                                                                                                                                      
               "Actual Loops": 1,                                                                                                                                       
               "Inner Unique": true,                                                                                                                                    
               "Shared Hit Blocks": 14386,                                                                                                                              
               "Shared Read Blocks": 13033,                                                                                                                             
               "Shared Dirtied Blocks": 0,                                                                                                                              
               "Shared Written Blocks": 0,                                                                                                                              
               "Local Hit Blocks": 0,                                                                                                                                   
               "Local Read Blocks": 0,                                                                                                                                  
               "Local Dirtied Blocks": 0,                                                                                                                               
               "Local Written Blocks": 0,                                                                                                                               
               "Temp Read Blocks": 0,                                                                                                                                   
               "Temp Written Blocks": 0,                                                                                                                                
               "Plans": [                                                                                                                                               
                 {                                                                                                                                                      
                   "Node Type": "Nested Loop",                                                                                                                          
                   "Parent Relationship": "Outer",                                                                                                                      
                   "Parallel Aware": false,                                                                                                                             
                   "Join Type": "Inner",                                                                                                                                
                   "Startup Cost": 0.03,                                                                                                                                
                   "Total Cost": 13223.69,                                                                                                                              
                   "Plan Rows": 168,                                                                                                                                    
                   "Plan Width": 36,                                                                                                                                    
                   "Actual Startup Time": 754.358,                                                                                                                      
                   "Actual Total Time": 6567.734,                                                                                                                       
                   "Actual Rows": 147,                                                                                                                                  
                   "Actual Loops": 1,                                                                                                                                   
                   "Inner Unique": false,                                                                                                                               
                   "Shared Hit Blocks": 14092,                                                                                                                          
                   "Shared Read Blocks": 13033,                                                                                                                         
                   "Shared Dirtied Blocks": 0,                                                                                                                          
                   "Shared Written Blocks": 0,                                                                                                                          
                   "Local Hit Blocks": 0,                                                                                                                               
                   "Local Read Blocks": 0,                                                                                                                              
                   "Local Dirtied Blocks": 0,                                                                                                                           
                   "Local Written Blocks": 0,                                                                                                                           
                   "Temp Read Blocks": 0,                                                                                                                               
                   "Temp Written Blocks": 0,                                                                                                                            
                   "Plans": [                                                                                                                                           
                     {                                                                                                                                                  
                       "Node Type": "Nested Loop",                                                                                                                      
                       "Parent Relationship": "Outer",                                                                                                                  
                       "Parallel Aware": false,                                                                                                                         
                       "Join Type": "Inner",                                                                                                                            
                       "Startup Cost": 0.02,                                                                                                                            
                       "Total Cost": 12346.83,                                                                                                                          
                       "Plan Rows": 12213,                                                                                                                              
                       "Plan Width": 4,                                                                                                                                 
                       "Actual Startup Time": 693.008,                                                                                                                  
                       "Actual Total Time": 3218.355,                                                                                                                   
                       "Actual Rows": 250,                                                                                                                              
                       "Actual Loops": 1,                                                                                                                               
                       "Inner Unique": true,                                                                                                                            
                       "Join Filter": "(it.id = mi_idx.info_type_id)",                                                                                                  
                       "Rows Removed by Join Filter": 1379785,                                                                                                          
                       "Shared Hit Blocks": 13572,                                                                                                                      
                       "Shared Read Blocks": 12221,                                                                                                                     
                       "Shared Dirtied Blocks": 0,                                                                                                                      
                       "Shared Written Blocks": 0,                                                                                                                      
                       "Local Hit Blocks": 0,                                                                                                                           
                       "Local Read Blocks": 0,                                                                                                                          
                       "Local Dirtied Blocks": 0,                                                                                                                       
                       "Local Written Blocks": 0,                                                                                                                       
                       "Temp Read Blocks": 0,                                                                                                                           
                       "Temp Written Blocks": 0,                                                                                                                        
                       "Plans": [                                                                                                                                       
                         {                                                                                                                                              
                           "Node Type": "Index Scan",                                                                                                                   
                           "Parent Relationship": "Outer",                                                                                                              
                           "Parallel Aware": false,                                                                                                                     
                           "Scan Direction": "Forward",                                                                                                                 
                           "Index Name": "movie_id_movie_info_idx",                                                                                                     
                           "Relation Name": "movie_info_idx",                                                                                                           
                           "Alias": "mi_idx",                                                                                                                           
                           "Startup Cost": 0.01,                                                                                                                        
                           "Total Cost": 12031.00,                                                                                                                      
                           "Plan Rows": 1380035,                                                                                                                        
                           "Plan Width": 8,                                                                                                                             
                           "Actual Startup Time": 0.027,                                                                                                                
                           "Actual Total Time": 2062.848,                                                                                                               
                           "Actual Rows": 1380035,                                                                                                                      
                           "Actual Loops": 1,                                                                                                                           
                           "Shared Hit Blocks": 13571,                                                                                                                  
                           "Shared Read Blocks": 12220,                                                                                                                 
                           "Shared Dirtied Blocks": 0,                                                                                                                  
                           "Shared Written Blocks": 0,                                                                                                                  
                           "Local Hit Blocks": 0,                                                                                                                       
                           "Local Read Blocks": 0,                                                                                                                      
                           "Local Dirtied Blocks": 0,                                                                                                                   
                           "Local Written Blocks": 0,                                                                                                                   
                           "Temp Read Blocks": 0,                                                                                                                       
                           "Temp Written Blocks": 0                                                                                                                     
                         },                                                                                                                                             
                         {                                                                                                                                              
                           "Node Type": "Materialize",                                                                                                                  
                           "Parent Relationship": "Inner",                                                                                                              
                           "Parallel Aware": false,                                                                                                                     
                           "Startup Cost": 0.00,                                                                                                                        
                           "Total Cost": 6.13,                                                                                                                          
                           "Plan Rows": 1,                                                                                                                              
                           "Plan Width": 4,                                                                                                                             
                           "Actual Startup Time": 0.000,                                                                                                                
                           "Actual Total Time": 0.000,                                                                                                                  
                           "Actual Rows": 1,                                                                                                                            
                           "Actual Loops": 1380035,                                                                                                                     
                           "Shared Hit Blocks": 1,                                                                                                                      
                           "Shared Read Blocks": 1,                                                                                                                     
                           "Shared Dirtied Blocks": 0,                                                                                                                  
                           "Shared Written Blocks": 0,                                                                                                                  
                           "Local Hit Blocks": 0,                                                                                                                       
                           "Local Read Blocks": 0,                                                                                                                      
                           "Local Dirtied Blocks": 0,                                                                                                                   
                           "Local Written Blocks": 0,                                                                                                                   
                           "Temp Read Blocks": 0,                                                                                                                       
                           "Temp Written Blocks": 0,                                                                                                                    
                           "Plans": [                                                                                                                                   
                             {                                                                                                                                          
                               "Node Type": "Index Scan",                                                                                                               
                               "Parent Relationship": "Outer",                                                                                                          
                               "Parallel Aware": false,                                                                                                                 
                               "Scan Direction": "Forward",                                                                                                             
                               "Index Name": "info_type_info_key",                                                                                                      
                               "Relation Name": "info_type",                                                                                                            
                               "Alias": "it",                                                                                                                           
                               "Startup Cost": 0.00,                                                                                                                    
                               "Total Cost": 6.13,                                                                                                                      
                               "Plan Rows": 1,                                                                                                                          
                               "Plan Width": 4,                                                                                                                         
                               "Actual Startup Time": 0.049,                                                                                                            
                               "Actual Total Time": 0.051,                                                                                                              
                               "Actual Rows": 1,                                                                                                                        
                               "Actual Loops": 1,                                                                                                                       
                               "Index Cond": "((info)::text = 'top 250 rank'::text)",                                                                                   
                               "Rows Removed by Index Recheck": 0,                                                                                                      
                               "Shared Hit Blocks": 1,                                                                                                                  
                               "Shared Read Blocks": 1,                                                                                                                 
                               "Shared Dirtied Blocks": 0,                                                                                                              
                               "Shared Written Blocks": 0,                                                                                                              
                               "Local Hit Blocks": 0,                                                                                                                   
                               "Local Read Blocks": 0,                                                                                                                  
                               "Local Dirtied Blocks": 0,                                                                                                               
                               "Local Written Blocks": 0,                                                                                                               
                               "Temp Read Blocks": 0,                                                                                                                   
                               "Temp Written Blocks": 0                                                                                                                 
                             }                                                                                                                                          
                           ]                                                                                                                                            
                         }                                                                                                                                              
                       ]                                                                                                                                                
                     },                                                                                                                                                 
                     {                                                                                                                                                  
                       "Node Type": "Index Scan",                                                                                                                       
                       "Parent Relationship": "Inner",                                                                                                                  
                       "Parallel Aware": false,                                                                                                                         
                       "Scan Direction": "Forward",                                                                                                                     
                       "Index Name": "movie_id_movie_companies",                                                                                                        
                       "Relation Name": "movie_companies",                                                                                                              
                       "Alias": "mc",                                                                                                                                   
                       "Startup Cost": 0.01,                                                                                                                            
                       "Total Cost": 0.07,                                                                                                                              
                       "Plan Rows": 1,                                                                                                                                  
                       "Plan Width": 32,                                                                                                                                
                       "Actual Startup Time": 13.292,                                                                                                                   
                       "Actual Total Time": 13.393,                                                                                                                     
                       "Actual Rows": 1,                                                                                                                                
                       "Actual Loops": 250,                                                                                                                             
                       "Index Cond": "(movie_id = mi_idx.movie_id)",                                                                                                    
                       "Rows Removed by Index Recheck": 0,                                                                                                              
                       "Filter": "((note !~~ '%(as Metro-Goldwyn-Mayer Pictures)%'::text) AND ((note ~~ '%(co-production)%'::text) OR (note ~~ '%(presents)%'::text)))",
                       "Rows Removed by Filter": 33,                                                                                                                    
                       "Shared Hit Blocks": 520,                                                                                                                        
                       "Shared Read Blocks": 812,                                                                                                                       
                       "Shared Dirtied Blocks": 0,                                                                                                                      
                       "Shared Written Blocks": 0,                                                                                                                      
                       "Local Hit Blocks": 0,                                                                                                                           
                       "Local Read Blocks": 0,                                                                                                                          
                       "Local Dirtied Blocks": 0,                                                                                                                       
                       "Local Written Blocks": 0,                                                                                                                       
                       "Temp Read Blocks": 0,                                                                                                                           
                       "Temp Written Blocks": 0                                                                                                                         
                     }                                                                                                                                                  
                   ]                                                                                                                                                    
                 },                                                                                                                                                     
                 {                                                                                                                                                      
                   "Node Type": "Index Scan",                                                                                                                           
                   "Parent Relationship": "Inner",                                                                                                                      
                   "Parallel Aware": false,                                                                                                                             
                   "Scan Direction": "Forward",                                                                                                                         
                   "Index Name": "company_type_pkey",                                                                                                                   
                   "Relation Name": "company_type",                                                                                                                     
                   "Alias": "ct",                                                                                                                                       
                   "Startup Cost": 0.00,                                                                                                                                
                   "Total Cost": 0.00,                                                                                                                                  
                   "Plan Rows": 1,                                                                                                                                      
                   "Plan Width": 4,                                                                                                                                     
                   "Actual Startup Time": 0.009,                                                                                                                        
                   "Actual Total Time": 0.009,                                                                                                                          
                   "Actual Rows": 1,                                                                                                                                    
                   "Actual Loops": 147,                                                                                                                                 
                   "Index Cond": "(id = mc.company_type_id)",                                                                                                           
                   "Rows Removed by Index Recheck": 0,                                                                                                                  
                   "Filter": "((kind)::text = 'production companies'::text)",                                                                                           
                   "Rows Removed by Filter": 0,                                                                                                                         
                   "Shared Hit Blocks": 294,                                                                                                                            
                   "Shared Read Blocks": 0,                                                                                                                             
                   "Shared Dirtied Blocks": 0,                                                                                                                          
                   "Shared Written Blocks": 0,                                                                                                                          
                   "Local Hit Blocks": 0,                                                                                                                               
                   "Local Read Blocks": 0,                                                                                                                              
                   "Local Dirtied Blocks": 0,                                                                                                                           
                   "Local Written Blocks": 0,                                                                                                                           
                   "Temp Read Blocks": 0,                                                                                                                               
                   "Temp Written Blocks": 0                                                                                                                             
                 }                                                                                                                                                      
               ]                                                                                                                                                        
             },                                                                                                                                                         
             {                                                                                                                                                          
               "Node Type": "Index Scan",                                                                                                                               
               "Parent Relationship": "Inner",                                                                                                                          
               "Parallel Aware": false,                                                                                                                                 
               "Scan Direction": "Forward",                                                                                                                             
               "Index Name": "title_idx_id",                                                                                                                            
               "Relation Name": "title",                                                                                                                                
               "Alias": "t",                                                                                                                                            
               "Startup Cost": 0.01,                                                                                                                                    
               "Total Cost": 0.11,                                                                                                                                      
               "Plan Rows": 1,                                                                                                                                          
               "Plan Width": 25,                                                                                                                                        
               "Actual Startup Time": 11.839,                                                                                                                           
               "Actual Total Time": 11.839,                                                                                                                             
               "Actual Rows": 1,                                                                                                                                        
               "Actual Loops": 142,                                                                                                                                     
               "Index Cond": "(id = mi_idx.movie_id)",                                                                                                                  
               "Rows Removed by Index Recheck": 0,                                                                                                                      
               "Shared Hit Blocks": 353,                                                                                                                                
               "Shared Read Blocks": 215,                                                                                                                               
               "Shared Dirtied Blocks": 0,                                                                                                                              
               "Shared Written Blocks": 0,                                                                                                                              
               "Local Hit Blocks": 0,                                                                                                                                   
               "Local Read Blocks": 0,                                                                                                                                  
               "Local Dirtied Blocks": 0,                                                                                                                               
               "Local Written Blocks": 0,                                                                                                                               
               "Temp Read Blocks": 0,                                                                                                                                   
               "Temp Written Blocks": 0                                                                                                                                 
             }                                                                                                                                                          
           ]                                                                                                                                                            
         }                                                                                                                                                              
       ]                                                                                                                                                                
     },                                                                                                                                                                 
     "Planning Time": 2345.047,                                                                                                                                         
     "Triggers": [                                                                                                                                                      
     ],                                                                                                                                                                 
     "Execution Time": 8286.006                                                                                                                                         
   }                                                                                                                                                                    
 ]
