 [                                                                                        
   {                                                                                      
     "Plan": {                                                                            
       "Node Type": "Aggregate",                                                          
       "Strategy": "Plain",                                                               
       "Partial Mode": "Simple",                                                          
       "Parallel Aware": false,                                                           
       "Startup Cost": 13641.25,                                                          
       "Total Cost": 13641.25,                                                            
       "Plan Rows": 1,                                                                    
       "Plan Width": 68,                                                                  
       "Actual Startup Time": 2487.099,                                                   
       "Actual Total Time": 2487.099,                                                     
       "Actual Rows": 1,                                                                  
       "Actual Loops": 1,                                                                 
       "Shared Hit Blocks": 13595,                                                        
       "Shared Read Blocks": 12270,                                                       
       "Shared Dirtied Blocks": 0,                                                        
       "Shared Written Blocks": 0,                                                        
       "Local Hit Blocks": 0,                                                             
       "Local Read Blocks": 0,                                                            
       "Local Dirtied Blocks": 0,                                                         
       "Local Written Blocks": 0,                                                         
       "Temp Read Blocks": 0,                                                             
       "Temp Written Blocks": 0,                                                          
       "Plans": [                                                                         
         {                                                                                
           "Node Type": "Nested Loop",                                                    
           "Parent Relationship": "Outer",                                                
           "Parallel Aware": false,                                                       
           "Join Type": "Inner",                                                          
           "Startup Cost": 0.05,                                                          
           "Total Cost": 13640.77,                                                        
           "Plan Rows": 2063,                                                             
           "Plan Width": 45,                                                              
           "Actual Startup Time": 1200.465,                                               
           "Actual Total Time": 2487.006,                                                 
           "Actual Rows": 4,                                                              
           "Actual Loops": 1,                                                             
           "Inner Unique": true,                                                          
           "Join Filter": "(mc.movie_id = t.id)",                                         
           "Rows Removed by Join Filter": 0,                                              
           "Shared Hit Blocks": 13595,                                                    
           "Shared Read Blocks": 12270,                                                   
           "Shared Dirtied Blocks": 0,                                                    
           "Shared Written Blocks": 0,                                                    
           "Local Hit Blocks": 0,                                                         
           "Local Read Blocks": 0,                                                        
           "Local Dirtied Blocks": 0,                                                     
           "Local Written Blocks": 0,                                                     
           "Temp Read Blocks": 0,                                                         
           "Temp Written Blocks": 0,                                                      
           "Plans": [                                                                     
             {                                                                            
               "Node Type": "Nested Loop",                                                
               "Parent Relationship": "Outer",                                            
               "Parallel Aware": false,                                                   
               "Join Type": "Inner",                                                      
               "Startup Cost": 0.04,                                                      
               "Total Cost": 13229.41,                                                    
               "Plan Rows": 3775,                                                         
               "Plan Width": 32,                                                          
               "Actual Startup Time": 1153.882,                                           
               "Actual Total Time": 2340.216,                                             
               "Actual Rows": 5,                                                          
               "Actual Loops": 1,                                                         
               "Inner Unique": true,                                                      
               "Join Filter": "(mc.company_type_id = ct.id)",                             
               "Rows Removed by Join Filter": 95,                                         
               "Shared Hit Blocks": 13584,                                                
               "Shared Read Blocks": 12261,                                               
               "Shared Dirtied Blocks": 0,                                                
               "Shared Written Blocks": 0,                                                
               "Local Hit Blocks": 0,                                                     
               "Local Read Blocks": 0,                                                    
               "Local Dirtied Blocks": 0,                                                 
               "Local Written Blocks": 0,                                                 
               "Temp Read Blocks": 0,                                                     
               "Temp Written Blocks": 0,                                                  
               "Plans": [                                                                 
                 {                                                                        
                   "Node Type": "Nested Loop",                                            
                   "Parent Relationship": "Outer",                                        
                   "Parallel Aware": false,                                               
                   "Join Type": "Inner",                                                  
                   "Startup Cost": 0.03,                                                  
                   "Total Cost": 13219.90,                                                
                   "Plan Rows": 15098,                                                    
                   "Plan Width": 36,                                                      
                   "Actual Startup Time": 795.730,                                        
                   "Actual Total Time": 2339.960,                                         
                   "Actual Rows": 100,                                                    
                   "Actual Loops": 1,                                                     
                   "Inner Unique": false,                                                 
                   "Shared Hit Blocks": 13583,                                            
                   "Shared Read Blocks": 12260,                                           
                   "Shared Dirtied Blocks": 0,                                            
                   "Shared Written Blocks": 0,                                            
                   "Local Hit Blocks": 0,                                                 
                   "Local Read Blocks": 0,                                                
                   "Local Dirtied Blocks": 0,                                             
                   "Local Written Blocks": 0,                                             
                   "Temp Read Blocks": 0,                                                 
                   "Temp Written Blocks": 0,                                              
                   "Plans": [                                                             
                     {                                                                    
                       "Node Type": "Nested Loop",                                        
                       "Parent Relationship": "Outer",                                    
                       "Parallel Aware": false,                                           
                       "Join Type": "Inner",                                              
                       "Startup Cost": 0.02,                                              
                       "Total Cost": 12346.83,                                            
                       "Plan Rows": 12213,                                                
                       "Plan Width": 4,                                                   
                       "Actual Startup Time": 760.345,                                    
                       "Actual Total Time": 1996.838,                                     
                       "Actual Rows": 10,                                                 
                       "Actual Loops": 1,                                                 
                       "Inner Unique": true,                                              
                       "Join Filter": "(it.id = mi_idx.info_type_id)",                    
                       "Rows Removed by Join Filter": 1380025,                            
                       "Shared Hit Blocks": 13572,                                        
                       "Shared Read Blocks": 12221,                                       
                       "Shared Dirtied Blocks": 0,                                        
                       "Shared Written Blocks": 0,                                        
                       "Local Hit Blocks": 0,                                             
                       "Local Read Blocks": 0,                                            
                       "Local Dirtied Blocks": 0,                                         
                       "Local Written Blocks": 0,                                         
                       "Temp Read Blocks": 0,                                             
                       "Temp Written Blocks": 0,                                          
                       "Plans": [                                                         
                         {                                                                
                           "Node Type": "Index Scan",                                     
                           "Parent Relationship": "Outer",                                
                           "Parallel Aware": false,                                       
                           "Scan Direction": "Forward",                                   
                           "Index Name": "movie_id_movie_info_idx",                       
                           "Relation Name": "movie_info_idx",                             
                           "Alias": "mi_idx",                                             
                           "Startup Cost": 0.01,                                          
                           "Total Cost": 12031.00,                                        
                           "Plan Rows": 1380035,                                          
                           "Plan Width": 8,                                               
                           "Actual Startup Time": 0.028,                                  
                           "Actual Total Time": 1138.845,                                 
                           "Actual Rows": 1380035,                                        
                           "Actual Loops": 1,                                             
                           "Shared Hit Blocks": 13571,                                    
                           "Shared Read Blocks": 12220,                                   
                           "Shared Dirtied Blocks": 0,                                    
                           "Shared Written Blocks": 0,                                    
                           "Local Hit Blocks": 0,                                         
                           "Local Read Blocks": 0,                                        
                           "Local Dirtied Blocks": 0,                                     
                           "Local Written Blocks": 0,                                     
                           "Temp Read Blocks": 0,                                         
                           "Temp Written Blocks": 0                                       
                         },                                                               
                         {                                                                
                           "Node Type": "Materialize",                                    
                           "Parent Relationship": "Inner",                                
                           "Parallel Aware": false,                                       
                           "Startup Cost": 0.00,                                          
                           "Total Cost": 6.13,                                            
                           "Plan Rows": 1,                                                
                           "Plan Width": 4,                                               
                           "Actual Startup Time": 0.000,                                  
                           "Actual Total Time": 0.000,                                    
                           "Actual Rows": 1,                                              
                           "Actual Loops": 1380035,                                       
                           "Shared Hit Blocks": 1,                                        
                           "Shared Read Blocks": 1,                                       
                           "Shared Dirtied Blocks": 0,                                    
                           "Shared Written Blocks": 0,                                    
                           "Local Hit Blocks": 0,                                         
                           "Local Read Blocks": 0,                                        
                           "Local Dirtied Blocks": 0,                                     
                           "Local Written Blocks": 0,                                     
                           "Temp Read Blocks": 0,                                         
                           "Temp Written Blocks": 0,                                      
                           "Plans": [                                                     
                             {                                                            
                               "Node Type": "Index Scan",                                 
                               "Parent Relationship": "Outer",                            
                               "Parallel Aware": false,                                   
                               "Scan Direction": "Forward",                               
                               "Index Name": "info_type_info_key",                        
                               "Relation Name": "info_type",                              
                               "Alias": "it",                                             
                               "Startup Cost": 0.00,                                      
                               "Total Cost": 6.13,                                        
                               "Plan Rows": 1,                                            
                               "Plan Width": 4,                                           
                               "Actual Startup Time": 0.041,                              
                               "Actual Total Time": 0.043,                                
                               "Actual Rows": 1,                                          
                               "Actual Loops": 1,                                         
                               "Index Cond": "((info)::text = 'bottom 10 rank'::text)",   
                               "Rows Removed by Index Recheck": 0,                        
                               "Shared Hit Blocks": 1,                                    
                               "Shared Read Blocks": 1,                                   
                               "Shared Dirtied Blocks": 0,                                
                               "Shared Written Blocks": 0,                                
                               "Local Hit Blocks": 0,                                     
                               "Local Read Blocks": 0,                                    
                               "Local Dirtied Blocks": 0,                                 
                               "Local Written Blocks": 0,                                 
                               "Temp Read Blocks": 0,                                     
                               "Temp Written Blocks": 0                                   
                             }                                                            
                           ]                                                              
                         }                                                                
                       ]                                                                  
                     },                                                                   
                     {                                                                    
                       "Node Type": "Index Scan",                                         
                       "Parent Relationship": "Inner",                                    
                       "Parallel Aware": false,                                           
                       "Scan Direction": "Forward",                                       
                       "Index Name": "movie_id_movie_companies",                          
                       "Relation Name": "movie_companies",                                
                       "Alias": "mc",                                                     
                       "Startup Cost": 0.01,                                              
                       "Total Cost": 0.07,                                                
                       "Plan Rows": 1,                                                    
                       "Plan Width": 32,                                                  
                       "Actual Startup Time": 31.581,                                     
                       "Actual Total Time": 34.299,                                       
                       "Actual Rows": 10,                                                 
                       "Actual Loops": 10,                                                
                       "Index Cond": "(movie_id = mi_idx.movie_id)",                      
                       "Rows Removed by Index Recheck": 0,                                
                       "Filter": "(note !~~ '%(as Metro-Goldwyn-Mayer Pictures)%'::text)",
                       "Rows Removed by Filter": 2,                                       
                       "Shared Hit Blocks": 11,                                           
                       "Shared Read Blocks": 39,                                          
                       "Shared Dirtied Blocks": 0,                                        
                       "Shared Written Blocks": 0,                                        
                       "Local Hit Blocks": 0,                                             
                       "Local Read Blocks": 0,                                            
                       "Local Dirtied Blocks": 0,                                         
                       "Local Written Blocks": 0,                                         
                       "Temp Read Blocks": 0,                                             
                       "Temp Written Blocks": 0                                           
                     }                                                                    
                   ]                                                                      
                 },                                                                       
                 {                                                                        
                   "Node Type": "Materialize",                                            
                   "Parent Relationship": "Inner",                                        
                   "Parallel Aware": false,                                               
                   "Startup Cost": 0.00,                                                  
                   "Total Cost": 6.12,                                                    
                   "Plan Rows": 1,                                                        
                   "Plan Width": 4,                                                       
                   "Actual Startup Time": 0.001,                                          
                   "Actual Total Time": 0.001,                                            
                   "Actual Rows": 1,                                                      
                   "Actual Loops": 100,                                                   
                   "Shared Hit Blocks": 1,                                                
                   "Shared Read Blocks": 1,                                               
                   "Shared Dirtied Blocks": 0,                                            
                   "Shared Written Blocks": 0,                                            
                   "Local Hit Blocks": 0,                                                 
                   "Local Read Blocks": 0,                                                
                   "Local Dirtied Blocks": 0,                                             
                   "Local Written Blocks": 0,                                             
                   "Temp Read Blocks": 0,                                                 
                   "Temp Written Blocks": 0,                                              
                   "Plans": [                                                             
                     {                                                                    
                       "Node Type": "Index Scan",                                         
                       "Parent Relationship": "Outer",                                    
                       "Parallel Aware": false,                                           
                       "Scan Direction": "Forward",                                       
                       "Index Name": "company_type_kind_key",                             
                       "Relation Name": "company_type",                                   
                       "Alias": "ct",                                                     
                       "Startup Cost": 0.00,                                              
                       "Total Cost": 6.12,                                                
                       "Plan Rows": 1,                                                    
                       "Plan Width": 4,                                                   
                       "Actual Startup Time": 0.045,                                      
                       "Actual Total Time": 0.046,                                        
                       "Actual Rows": 1,                                                  
                       "Actual Loops": 1,                                                 
                       "Index Cond": "((kind)::text = 'production companies'::text)",     
                       "Rows Removed by Index Recheck": 0,                                
                       "Shared Hit Blocks": 1,                                            
                       "Shared Read Blocks": 1,                                           
                       "Shared Dirtied Blocks": 0,                                        
                       "Shared Written Blocks": 0,                                        
                       "Local Hit Blocks": 0,                                             
                       "Local Read Blocks": 0,                                            
                       "Local Dirtied Blocks": 0,                                         
                       "Local Written Blocks": 0,                                         
                       "Temp Read Blocks": 0,                                             
                       "Temp Written Blocks": 0                                           
                     }                                                                    
                   ]                                                                      
                 }                                                                        
               ]                                                                          
             },                                                                           
             {                                                                            
               "Node Type": "Index Scan",                                                 
               "Parent Relationship": "Inner",                                            
               "Parallel Aware": false,                                                   
               "Scan Direction": "Forward",                                               
               "Index Name": "title_idx_id",                                              
               "Relation Name": "title",                                                  
               "Alias": "t",                                                              
               "Startup Cost": 0.01,                                                      
               "Total Cost": 0.11,                                                        
               "Plan Rows": 1,                                                            
               "Plan Width": 25,                                                          
               "Actual Startup Time": 29.349,                                             
               "Actual Total Time": 29.349,                                               
               "Actual Rows": 1,                                                          
               "Actual Loops": 5,                                                         
               "Index Cond": "(id = mi_idx.movie_id)",                                    
               "Rows Removed by Index Recheck": 0,                                        
               "Filter": "(production_year > 2000)",                                      
               "Rows Removed by Filter": 0,                                               
               "Shared Hit Blocks": 11,                                                   
               "Shared Read Blocks": 9,                                                   
               "Shared Dirtied Blocks": 0,                                                
               "Shared Written Blocks": 0,                                                
               "Local Hit Blocks": 0,                                                     
               "Local Read Blocks": 0,                                                    
               "Local Dirtied Blocks": 0,                                                 
               "Local Written Blocks": 0,                                                 
               "Temp Read Blocks": 0,                                                     
               "Temp Written Blocks": 0                                                   
             }                                                                            
           ]                                                                              
         }                                                                                
       ]                                                                                  
     },                                                                                   
     "Planning Time": 2252.631,                                                           
     "Triggers": [                                                                        
     ],                                                                                   
     "Execution Time": 2529.669                                                           
   }                                                                                      
 ]
