 [                                                                                                                                                       
   {                                                                                                                                                     
     "Plan": {                                                                                                                                           
       "Node Type": "Aggregate",                                                                                                                         
       "Strategy": "Plain",                                                                                                                              
       "Partial Mode": "Simple",                                                                                                                         
       "Parallel Aware": false,                                                                                                                          
       "Startup Cost": 520.30,                                                                                                                           
       "Total Cost": 520.30,                                                                                                                             
       "Plan Rows": 1,                                                                                                                                   
       "Plan Width": 96,                                                                                                                                 
       "Actual Startup Time": 221176.818,                                                                                                                
       "Actual Total Time": 221176.818,                                                                                                                  
       "Actual Rows": 1,                                                                                                                                 
       "Actual Loops": 1,                                                                                                                                
       "Shared Hit Blocks": 1176456,                                                                                                                     
       "Shared Read Blocks": 159247,                                                                                                                     
       "Shared Dirtied Blocks": 0,                                                                                                                       
       "Shared Written Blocks": 0,                                                                                                                       
       "Local Hit Blocks": 0,                                                                                                                            
       "Local Read Blocks": 0,                                                                                                                           
       "Local Dirtied Blocks": 0,                                                                                                                        
       "Local Written Blocks": 0,                                                                                                                        
       "Temp Read Blocks": 0,                                                                                                                            
       "Temp Written Blocks": 0,                                                                                                                         
       "Plans": [                                                                                                                                        
         {                                                                                                                                               
           "Node Type": "Nested Loop",                                                                                                                   
           "Parent Relationship": "Outer",                                                                                                               
           "Parallel Aware": false,                                                                                                                      
           "Join Type": "Inner",                                                                                                                         
           "Startup Cost": 0.11,                                                                                                                         
           "Total Cost": 520.30,                                                                                                                         
           "Plan Rows": 1,                                                                                                                               
           "Plan Width": 42,                                                                                                                             
           "Actual Startup Time": 2789.167,                                                                                                              
           "Actual Total Time": 221134.792,                                                                                                              
           "Actual Rows": 21489,                                                                                                                         
           "Actual Loops": 1,                                                                                                                            
           "Inner Unique": true,                                                                                                                         
           "Shared Hit Blocks": 1176456,                                                                                                                 
           "Shared Read Blocks": 159247,                                                                                                                 
           "Shared Dirtied Blocks": 0,                                                                                                                   
           "Shared Written Blocks": 0,                                                                                                                   
           "Local Hit Blocks": 0,                                                                                                                        
           "Local Read Blocks": 0,                                                                                                                       
           "Local Dirtied Blocks": 0,                                                                                                                    
           "Local Written Blocks": 0,                                                                                                                    
           "Temp Read Blocks": 0,                                                                                                                        
           "Temp Written Blocks": 0,                                                                                                                     
           "Plans": [                                                                                                                                    
             {                                                                                                                                           
               "Node Type": "Nested Loop",                                                                                                               
               "Parent Relationship": "Outer",                                                                                                           
               "Parallel Aware": false,                                                                                                                  
               "Join Type": "Inner",                                                                                                                     
               "Startup Cost": 0.11,                                                                                                                     
               "Total Cost": 520.28,                                                                                                                     
               "Plan Rows": 1,                                                                                                                           
               "Plan Width": 46,                                                                                                                         
               "Actual Startup Time": 431.265,                                                                                                           
               "Actual Total Time": 221032.683,                                                                                                          
               "Actual Rows": 23197,                                                                                                                     
               "Actual Loops": 1,                                                                                                                        
               "Inner Unique": true,                                                                                                                     
               "Shared Hit Blocks": 1130062,                                                                                                             
               "Shared Read Blocks": 159247,                                                                                                             
               "Shared Dirtied Blocks": 0,                                                                                                               
               "Shared Written Blocks": 0,                                                                                                               
               "Local Hit Blocks": 0,                                                                                                                    
               "Local Read Blocks": 0,                                                                                                                   
               "Local Dirtied Blocks": 0,                                                                                                                
               "Local Written Blocks": 0,                                                                                                                
               "Temp Read Blocks": 0,                                                                                                                    
               "Temp Written Blocks": 0,                                                                                                                 
               "Plans": [                                                                                                                                
                 {                                                                                                                                       
                   "Node Type": "Nested Loop",                                                                                                           
                   "Parent Relationship": "Outer",                                                                                                       
                   "Parallel Aware": false,                                                                                                              
                   "Join Type": "Inner",                                                                                                                 
                   "Startup Cost": 0.10,                                                                                                                 
                   "Total Cost": 520.25,                                                                                                                 
                   "Plan Rows": 1,                                                                                                                       
                   "Plan Width": 50,                                                                                                                     
                   "Actual Startup Time": 431.243,                                                                                                       
                   "Actual Total Time": 220913.878,                                                                                                      
                   "Actual Rows": 26537,                                                                                                                 
                   "Actual Loops": 1,                                                                                                                    
                   "Inner Unique": true,                                                                                                                 
                   "Shared Hit Blocks": 1076988,                                                                                                         
                   "Shared Read Blocks": 159247,                                                                                                         
                   "Shared Dirtied Blocks": 0,                                                                                                           
                   "Shared Written Blocks": 0,                                                                                                           
                   "Local Hit Blocks": 0,                                                                                                                
                   "Local Read Blocks": 0,                                                                                                               
                   "Local Dirtied Blocks": 0,                                                                                                            
                   "Local Written Blocks": 0,                                                                                                            
                   "Temp Read Blocks": 0,                                                                                                                
                   "Temp Written Blocks": 0,                                                                                                             
                   "Plans": [                                                                                                                            
                     {                                                                                                                                   
                       "Node Type": "Nested Loop",                                                                                                       
                       "Parent Relationship": "Outer",                                                                                                   
                       "Parallel Aware": false,                                                                                                          
                       "Join Type": "Inner",                                                                                                             
                       "Startup Cost": 0.10,                                                                                                             
                       "Total Cost": 520.23,                                                                                                             
                       "Plan Rows": 1,                                                                                                                   
                       "Plan Width": 54,                                                                                                                 
                       "Actual Startup Time": 431.195,                                                                                                   
                       "Actual Total Time": 220798.234,                                                                                                  
                       "Actual Rows": 26537,                                                                                                             
                       "Actual Loops": 1,                                                                                                                
                       "Inner Unique": true,                                                                                                             
                       "Shared Hit Blocks": 1023914,                                                                                                     
                       "Shared Read Blocks": 159247,                                                                                                     
                       "Shared Dirtied Blocks": 0,                                                                                                       
                       "Shared Written Blocks": 0,                                                                                                       
                       "Local Hit Blocks": 0,                                                                                                            
                       "Local Read Blocks": 0,                                                                                                           
                       "Local Dirtied Blocks": 0,                                                                                                        
                       "Local Written Blocks": 0,                                                                                                        
                       "Temp Read Blocks": 0,                                                                                                            
                       "Temp Written Blocks": 0,                                                                                                         
                       "Plans": [                                                                                                                        
                         {                                                                                                                               
                           "Node Type": "Nested Loop",                                                                                                   
                           "Parent Relationship": "Outer",                                                                                               
                           "Parallel Aware": false,                                                                                                      
                           "Join Type": "Inner",                                                                                                         
                           "Startup Cost": 0.08,                                                                                                         
                           "Total Cost": 519.76,                                                                                                         
                           "Plan Rows": 1,                                                                                                               
                           "Plan Width": 39,                                                                                                             
                           "Actual Startup Time": 386.494,                                                                                               
                           "Actual Total Time": 214273.904,                                                                                              
                           "Actual Rows": 28780,                                                                                                         
                           "Actual Loops": 1,                                                                                                            
                           "Inner Unique": false,                                                                                                        
                           "Join Filter": "(t.id = mc.movie_id)",                                                                                        
                           "Rows Removed by Join Filter": 0,                                                                                             
                           "Shared Hit Blocks": 909596,                                                                                                  
                           "Shared Read Blocks": 158218,                                                                                                 
                           "Shared Dirtied Blocks": 0,                                                                                                   
                           "Shared Written Blocks": 0,                                                                                                   
                           "Local Hit Blocks": 0,                                                                                                        
                           "Local Read Blocks": 0,                                                                                                       
                           "Local Dirtied Blocks": 0,                                                                                                    
                           "Local Written Blocks": 0,                                                                                                    
                           "Temp Read Blocks": 0,                                                                                                        
                           "Temp Written Blocks": 0,                                                                                                     
                           "Plans": [                                                                                                                    
                             {                                                                                                                           
                               "Node Type": "Nested Loop",                                                                                               
                               "Parent Relationship": "Outer",                                                                                           
                               "Parallel Aware": false,                                                                                                  
                               "Join Type": "Inner",                                                                                                     
                               "Startup Cost": 0.07,                                                                                                     
                               "Total Cost": 519.60,                                                                                                     
                               "Plan Rows": 1,                                                                                                           
                               "Plan Width": 47,                                                                                                         
                               "Actual Startup Time": 140.844,                                                                                           
                               "Actual Total Time": 196814.950,                                                                                          
                               "Actual Rows": 5831,                                                                                                      
                               "Actual Loops": 1,                                                                                                        
                               "Inner Unique": true,                                                                                                     
                               "Join Filter": "(mi.movie_id = t.id)",                                                                                    
                               "Rows Removed by Join Filter": 0,                                                                                         
                               "Shared Hit Blocks": 886837,                                                                                              
                               "Shared Read Blocks": 151799,                                                                                             
                               "Shared Dirtied Blocks": 0,                                                                                               
                               "Shared Written Blocks": 0,                                                                                               
                               "Local Hit Blocks": 0,                                                                                                    
                               "Local Read Blocks": 0,                                                                                                   
                               "Local Dirtied Blocks": 0,                                                                                                
                               "Local Written Blocks": 0,                                                                                                
                               "Temp Read Blocks": 0,                                                                                                    
                               "Temp Written Blocks": 0,                                                                                                 
                               "Plans": [                                                                                                                
                                 {                                                                                                                       
                                   "Node Type": "Nested Loop",                                                                                           
                                   "Parent Relationship": "Outer",                                                                                       
                                   "Parallel Aware": false,                                                                                              
                                   "Join Type": "Inner",                                                                                                 
                                   "Startup Cost": 0.06,                                                                                                 
                                   "Total Cost": 519.51,                                                                                                 
                                   "Plan Rows": 2,                                                                                                       
                                   "Plan Width": 22,                                                                                                     
                                   "Actual Startup Time": 115.371,                                                                                       
                                   "Actual Total Time": 146250.431,                                                                                      
                                   "Actual Rows": 30819,                                                                                                 
                                   "Actual Loops": 1,                                                                                                    
                                   "Inner Unique": false,                                                                                                
                                   "Shared Hit Blocks": 775572,                                                                                          
                                   "Shared Read Blocks": 139666,                                                                                         
                                   "Shared Dirtied Blocks": 0,                                                                                           
                                   "Shared Written Blocks": 0,                                                                                           
                                   "Local Hit Blocks": 0,                                                                                                
                                   "Local Read Blocks": 0,                                                                                               
                                   "Local Dirtied Blocks": 0,                                                                                            
                                   "Local Written Blocks": 0,                                                                                            
                                   "Temp Read Blocks": 0,                                                                                                
                                   "Temp Written Blocks": 0,                                                                                             
                                   "Plans": [                                                                                                            
                                     {                                                                                                                   
                                       "Node Type": "Nested Loop",                                                                                       
                                       "Parent Relationship": "Outer",                                                                                   
                                       "Parallel Aware": false,                                                                                          
                                       "Join Type": "Inner",                                                                                             
                                       "Startup Cost": 0.04,                                                                                             
                                       "Total Cost": 519.04,                                                                                             
                                       "Plan Rows": 3,                                                                                                   
                                       "Plan Width": 14,                                                                                                 
                                       "Actual Startup Time": 55.385,                                                                                    
                                       "Actual Total Time": 19463.376,                                                                                   
                                       "Actual Rows": 31800,                                                                                             
                                       "Actual Loops": 1,                                                                                                
                                       "Inner Unique": true,                                                                                             
                                       "Shared Hit Blocks": 334992,                                                                                      
                                       "Shared Read Blocks": 25403,                                                                                      
                                       "Shared Dirtied Blocks": 0,                                                                                       
                                       "Shared Written Blocks": 0,                                                                                       
                                       "Local Hit Blocks": 0,                                                                                            
                                       "Local Read Blocks": 0,                                                                                           
                                       "Local Dirtied Blocks": 0,                                                                                        
                                       "Local Written Blocks": 0,                                                                                        
                                       "Temp Read Blocks": 0,                                                                                            
                                       "Temp Written Blocks": 0,                                                                                         
                                       "Plans": [                                                                                                        
                                         {                                                                                                               
                                           "Node Type": "Nested Loop",                                                                                   
                                           "Parent Relationship": "Outer",                                                                               
                                           "Parallel Aware": false,                                                                                      
                                           "Join Type": "Inner",                                                                                         
                                           "Startup Cost": 0.04,                                                                                         
                                           "Total Cost": 517.19,                                                                                         
                                           "Plan Rows": 395,                                                                                             
                                           "Plan Width": 18,                                                                                             
                                           "Actual Startup Time": 55.328,                                                                                
                                           "Actual Total Time": 19006.361,                                                                               
                                           "Actual Rows": 94652,                                                                                         
                                           "Actual Loops": 1,                                                                                            
                                           "Inner Unique": false,                                                                                        
                                           "Shared Hit Blocks": 145688,                                                                                  
                                           "Shared Read Blocks": 25403,                                                                                  
                                           "Shared Dirtied Blocks": 0,                                                                                   
                                           "Shared Written Blocks": 0,                                                                                   
                                           "Local Hit Blocks": 0,                                                                                        
                                           "Local Read Blocks": 0,                                                                                       
                                           "Local Dirtied Blocks": 0,                                                                                    
                                           "Local Written Blocks": 0,                                                                                    
                                           "Temp Read Blocks": 0,                                                                                        
                                           "Temp Written Blocks": 0,                                                                                     
                                           "Plans": [                                                                                                    
                                             {                                                                                                           
                                               "Node Type": "Nested Loop",                                                                               
                                               "Parent Relationship": "Outer",                                                                           
                                               "Parallel Aware": false,                                                                                  
                                               "Join Type": "Inner",                                                                                     
                                               "Startup Cost": 0.03,                                                                                     
                                               "Total Cost": 514.14,                                                                                     
                                               "Plan Rows": 135,                                                                                         
                                               "Plan Width": 4,                                                                                          
                                               "Actual Startup Time": 54.702,                                                                            
                                               "Actual Total Time": 10936.963,                                                                           
                                               "Actual Rows": 37091,                                                                                     
                                               "Actual Loops": 1,                                                                                        
                                               "Inner Unique": false,                                                                                    
                                               "Shared Hit Blocks": 10145,                                                                               
                                               "Shared Read Blocks": 16297,                                                                              
                                               "Shared Dirtied Blocks": 0,                                                                               
                                               "Shared Written Blocks": 0,                                                                               
                                               "Local Hit Blocks": 0,                                                                                    
                                               "Local Read Blocks": 0,                                                                                   
                                               "Local Dirtied Blocks": 0,                                                                                
                                               "Local Written Blocks": 0,                                                                                
                                               "Temp Read Blocks": 0,                                                                                    
                                               "Temp Written Blocks": 0,                                                                                 
                                               "Plans": [                                                                                                
                                                 {                                                                                                       
                                                   "Node Type": "Index Scan",                                                                            
                                                   "Parent Relationship": "Outer",                                                                       
                                                   "Parallel Aware": false,                                                                              
                                                   "Scan Direction": "Forward",                                                                          
                                                   "Index Name": "keyword_idx_keyword",                                                                  
                                                   "Relation Name": "keyword",                                                                           
                                                   "Alias": "k",                                                                                         
                                                   "Startup Cost": 0.01,                                                                                 
                                                   "Total Cost": 24.53,                                                                                  
                                                   "Plan Rows": 4,                                                                                       
                                                   "Plan Width": 4,                                                                                      
                                                   "Actual Startup Time": 31.439,                                                                        
                                                   "Actual Total Time": 106.902,                                                                         
                                                   "Actual Rows": 3,                                                                                     
                                                   "Actual Loops": 1,                                                                                    
                                                   "Index Cond": "(keyword = ANY ('{murder,murder-in-title,blood,violence}'::text[]))",                  
                                                   "Rows Removed by Index Recheck": 0,                                                                   
                                                   "Shared Hit Blocks": 8,                                                                               
                                                   "Shared Read Blocks": 10,                                                                             
                                                   "Shared Dirtied Blocks": 0,                                                                           
                                                   "Shared Written Blocks": 0,                                                                           
                                                   "Local Hit Blocks": 0,                                                                                
                                                   "Local Read Blocks": 0,                                                                               
                                                   "Local Dirtied Blocks": 0,                                                                            
                                                   "Local Written Blocks": 0,                                                                            
                                                   "Temp Read Blocks": 0,                                                                                
                                                   "Temp Written Blocks": 0                                                                              
                                                 },                                                                                                      
                                                 {                                                                                                       
                                                   "Node Type": "Index Scan",                                                                            
                                                   "Parent Relationship": "Inner",                                                                       
                                                   "Parallel Aware": false,                                                                              
                                                   "Scan Direction": "Forward",                                                                          
                                                   "Index Name": "keyword_id_movie_keyword",                                                             
                                                   "Relation Name": "movie_keyword",                                                                     
                                                   "Alias": "mk",                                                                                        
                                                   "Startup Cost": 0.01,                                                                                 
                                                   "Total Cost": 122.40,                                                                                 
                                                   "Plan Rows": 39,                                                                                      
                                                   "Plan Width": 8,                                                                                      
                                                   "Actual Startup Time": 22.761,                                                                        
                                                   "Actual Total Time": 3599.786,                                                                        
                                                   "Actual Rows": 12364,                                                                                 
                                                   "Actual Loops": 3,                                                                                    
                                                   "Index Cond": "(keyword_id = k.id)",                                                                  
                                                   "Rows Removed by Index Recheck": 0,                                                                   
                                                   "Shared Hit Blocks": 10137,                                                                           
                                                   "Shared Read Blocks": 16287,                                                                          
                                                   "Shared Dirtied Blocks": 0,                                                                           
                                                   "Shared Written Blocks": 0,                                                                           
                                                   "Local Hit Blocks": 0,                                                                                
                                                   "Local Read Blocks": 0,                                                                               
                                                   "Local Dirtied Blocks": 0,                                                                            
                                                   "Local Written Blocks": 0,                                                                            
                                                   "Temp Read Blocks": 0,                                                                                
                                                   "Temp Written Blocks": 0                                                                              
                                                 }                                                                                                       
                                               ]                                                                                                         
                                             },                                                                                                          
                                             {                                                                                                           
                                               "Node Type": "Index Scan",                                                                                
                                               "Parent Relationship": "Inner",                                                                           
                                               "Parallel Aware": false,                                                                                  
                                               "Scan Direction": "Forward",                                                                              
                                               "Index Name": "movie_id_movie_info_idx",                                                                  
                                               "Relation Name": "movie_info_idx",                                                                        
                                               "Alias": "mi_idx",                                                                                        
                                               "Startup Cost": 0.01,                                                                                     
                                               "Total Cost": 0.02,                                                                                       
                                               "Plan Rows": 3,                                                                                           
                                               "Plan Width": 14,                                                                                         
                                               "Actual Startup Time": 0.207,                                                                             
                                               "Actual Total Time": 0.214,                                                                               
                                               "Actual Rows": 3,                                                                                         
                                               "Actual Loops": 37091,                                                                                    
                                               "Index Cond": "(movie_id = mk.movie_id)",                                                                 
                                               "Rows Removed by Index Recheck": 0,                                                                       
                                               "Filter": "(info < '8.5'::text)",                                                                         
                                               "Rows Removed by Filter": 0,                                                                              
                                               "Shared Hit Blocks": 135543,                                                                              
                                               "Shared Read Blocks": 9106,                                                                               
                                               "Shared Dirtied Blocks": 0,                                                                               
                                               "Shared Written Blocks": 0,                                                                               
                                               "Local Hit Blocks": 0,                                                                                    
                                               "Local Read Blocks": 0,                                                                                   
                                               "Local Dirtied Blocks": 0,                                                                                
                                               "Local Written Blocks": 0,                                                                                
                                               "Temp Read Blocks": 0,                                                                                    
                                               "Temp Written Blocks": 0                                                                                  
                                             }                                                                                                           
                                           ]                                                                                                             
                                         },                                                                                                              
                                         {                                                                                                               
                                           "Node Type": "Index Scan",                                                                                    
                                           "Parent Relationship": "Inner",                                                                               
                                           "Parallel Aware": false,                                                                                      
                                           "Scan Direction": "Forward",                                                                                  
                                           "Index Name": "info_type_pkey",                                                                               
                                           "Relation Name": "info_type",                                                                                 
                                           "Alias": "it",                                                                                               
                                           "Startup Cost": 0.00,                                                                                         
                                           "Total Cost": 0.00,                                                                                           
                                           "Plan Rows": 1,                                                                                               
                                           "Plan Width": 4,                                                                                              
                                           "Actual Startup Time": 0.004,                                                                                 
                                           "Actual Total Time": 0.004,                                                                                   
                                           "Actual Rows": 0,                                                                                             
                                           "Actual Loops": 94652,                                                                                        
                                           "Index Cond": "(id = mi_idx.info_type_id)",                                                                   
                                           "Rows Removed by Index Recheck": 0,                                                                           
                                           "Filter": "((info)::text = 'rating'::text)",                                                                  
                                           "Rows Removed by Filter": 1,                                                                                  
                                           "Shared Hit Blocks": 189304,                                                                                  
                                           "Shared Read Blocks": 0,                                                                                      
                                           "Shared Dirtied Blocks": 0,                                                                                   
                                           "Shared Written Blocks": 0,                                                                                   
                                           "Local Hit Blocks": 0,                                                                                        
                                           "Local Read Blocks": 0,                                                                                       
                                           "Local Dirtied Blocks": 0,                                                                                    
                                           "Local Written Blocks": 0,                                                                                    
                                           "Temp Read Blocks": 0,                                                                                        
                                           "Temp Written Blocks": 0                                                                                      
                                         }                                                                                                               
                                       ]                                                                                                                 
                                     },                                                                                                                  
                                     {                                                                                                                   
                                       "Node Type": "Index Scan",                                                                                        
                                       "Parent Relationship": "Inner",                                                                                   
                                       "Parallel Aware": false,                                                                                          
                                       "Scan Direction": "Forward",                                                                                      
                                       "Index Name": "movie_id_movie_info",                                                                              
                                       "Relation Name": "movie_info",                                                                                    
                                       "Alias": "mi",                                                                                                    
                                       "Startup Cost": 0.01,                                                                                             
                                       "Total Cost": 0.16,                                                                                               
                                       "Plan Rows": 1,                                                                                                   
                                       "Plan Width": 8,                                                                                                  
                                       "Actual Startup Time": 3.581,                                                                                     
                                       "Actual Total Time": 3.985,                                                                                       
                                       "Actual Rows": 1,                                                                                                 
                                       "Actual Loops": 31800,                                                                                            
                                       "Index Cond": "(movie_id = mk.movie_id)",                                                                         
                                       "Rows Removed by Index Recheck": 0,                                                                               
                                       "Filter": "(info = ANY ('{Sweden,Norway,Germany,Denmark,Swedish,Danish,Norwegian,German,USA,American}'::text[]))",
                                       "Rows Removed by Filter": 60,                                                                                     
                                       "Shared Hit Blocks": 440580,                                                                                      
                                       "Shared Read Blocks": 114263,                                                                                     
                                       "Shared Dirtied Blocks": 0,                                                                                       
                                       "Shared Written Blocks": 0,                                                                                       
                                       "Local Hit Blocks": 0,                                                                                            
                                       "Local Read Blocks": 0,                                                                                           
                                       "Local Dirtied Blocks": 0,                                                                                        
                                       "Local Written Blocks": 0,                                                                                        
                                       "Temp Read Blocks": 0,                                                                                            
                                       "Temp Written Blocks": 0                                                                                          
                                     }                                                                                                                   
                                   ]                                                                                                                     
                                 },                                                                                                                      
                                 {                                                                                                                       
                                   "Node Type": "Index Scan",                                                                                            
                                   "Parent Relationship": "Inner",                                                                                       
                                   "Parallel Aware": false,                                                                                              
                                   "Scan Direction": "Forward",                                                                                          
                                   "Index Name": "title_idx_id",                                                                                         
                                   "Relation Name": "title",                                                                                             
                                   "Alias": "t",                                                                                                         
                                   "Startup Cost": 0.01,                                                                                                 
                                   "Total Cost": 0.04,                                                                                                   
                                   "Plan Rows": 1,                                                                                                       
                                   "Plan Width": 25,                                                                                                     
                                   "Actual Startup Time": 1.638,                                                                                         
                                   "Actual Total Time": 1.638,                                                                                           
                                   "Actual Rows": 0,                                                                                                     
                                   "Actual Loops": 30819,                                                                                                
                                   "Index Cond": "(id = mk.movie_id)",                                                                                   
                                   "Rows Removed by Index Recheck": 0,                                                                                   
                                   "Filter": "(production_year > 2005)",                                                                                 
                                   "Rows Removed by Filter": 1,                                                                                          
                                   "Shared Hit Blocks": 111265,                                                                                          
                                   "Shared Read Blocks": 12133,                                                                                          
                                   "Shared Dirtied Blocks": 0,                                                                                           
                                   "Shared Written Blocks": 0,                                                                                           
                                   "Local Hit Blocks": 0,                                                                                                
                                   "Local Read Blocks": 0,                                                                                               
                                   "Local Dirtied Blocks": 0,                                                                                            
                                   "Local Written Blocks": 0,                                                                                            
                                   "Temp Read Blocks": 0,                                                                                                
                                   "Temp Written Blocks": 0                                                                                              
                                 }                                                                                                                       
                               ]                                                                                                                         
                             },                                                                                                                          
                             {                                                                                                                           
                               "Node Type": "Index Scan",                                                                                                
                               "Parent Relationship": "Inner",                                                                                           
                               "Parallel Aware": false,                                                                                                  
                               "Scan Direction": "Forward",                                                                                              
                               "Index Name": "movie_id_movie_companies",                                                                                 
                               "Relation Name": "movie_companies",                                                                                       
                               "Alias": "mc",                                                                                                            
                               "Startup Cost": 0.01,                                                                                                     
                               "Total Cost": 0.03,                                                                                                       
                               "Plan Rows": 1,                                                                                                           
                               "Plan Width": 12,                                                                                                         
                               "Actual Startup Time": 2.644,                                                                                             
                               "Actual Total Time": 2.988,                                                                                               
                               "Actual Rows": 5,                                                                                                         
                               "Actual Loops": 5831,                                                                                                     
                               "Index Cond": "(movie_id = mk.movie_id)",                                                                                 
                               "Rows Removed by Index Recheck": 0,                                                                                       
                               "Filter": "((note !~~ '%(USA)%'::text) AND (note ~~ '%(200%)%'::text))",                                                  
                               "Rows Removed by Filter": 9,                                                                                              
                               "Shared Hit Blocks": 22759,                                                                                               
                               "Shared Read Blocks": 6419,                                                                                               
                               "Shared Dirtied Blocks": 0,                                                                                               
                               "Shared Written Blocks": 0,                                                                                               
                               "Local Hit Blocks": 0,                                                                                                    
                               "Local Read Blocks": 0,                                                                                                   
                               "Local Dirtied Blocks": 0,                                                                                                
                               "Local Written Blocks": 0,                                                                                                
                               "Temp Read Blocks": 0,                                                                                                    
                               "Temp Written Blocks": 0                                                                                                  
                             }                                                                                                                           
                           ]                                                                                                                             
                         },                                                                                                                              
                         {                                                                                                                               
                           "Node Type": "Index Scan",                                                                                                    
                           "Parent Relationship": "Inner",                                                                                               
                           "Parallel Aware": false,                                                                                                      
                           "Scan Direction": "Forward",                                                                                                  
                           "Index Name": "company_name_pkey",                                                                                            
                           "Relation Name": "company_name",                                                                                              
                           "Alias": "cn",                                                                                                                
                           "Startup Cost": 0.01,                                                                                                         
                           "Total Cost": 0.10,                                                                                                           
                           "Plan Rows": 1,                                                                                                               
                           "Plan Width": 23,                                                                                                             
                           "Actual Startup Time": 0.225,                                                                                                 
                           "Actual Total Time": 0.225,                                                                                                   
                           "Actual Rows": 1,                                                                                                             
                           "Actual Loops": 28780,                                                                                                        
                           "Index Cond": "(id = mc.company_id)",                                                                                         
                           "Rows Removed by Index Recheck": 0,                                                                                           
                           "Filter": "((country_code)::text <> '[us]'::text)",                                                                           
                           "Rows Removed by Filter": 0,                                                                                                  
                           "Shared Hit Blocks": 114318,                                                                                                  
                           "Shared Read Blocks": 1029,                                                                                                   
                           "Shared Dirtied Blocks": 0,                                                                                                   
                           "Shared Written Blocks": 0,                                                                                                   
                           "Local Hit Blocks": 0,                                                                                                        
                           "Local Read Blocks": 0,                                                                                                       
                           "Local Dirtied Blocks": 0,                                                                                                    
                           "Local Written Blocks": 0,                                                                                                    
                           "Temp Read Blocks": 0,                                                                                                        
                           "Temp Written Blocks": 0                                                                                                      
                         }                                                                                                                               
                       ]                                                                                                                                 
                     },                                                                                                                                  
                     {                                                                                                                                   
                       "Node Type": "Index Scan",                                                                                                        
                       "Parent Relationship": "Inner",                                                                                                   
                       "Parallel Aware": false,                                                                                                          
                       "Scan Direction": "Forward",                                                                                                      
                       "Index Name": "company_type_pkey",                                                                                                
                       "Relation Name": "company_type",                                                                                                  
                       "Alias": "ct",                                                                                                                    
                       "Startup Cost": 0.00,                                                                                                             
                       "Total Cost": 0.00,                                                                                                               
                       "Plan Rows": 1,                                                                                                                   
                       "Plan Width": 4,                                                                                                                  
                       "Actual Startup Time": 0.003,                                                                                                     
                       "Actual Total Time": 0.003,                                                                                                       
                       "Actual Rows": 1,                                                                                                                 
                       "Actual Loops": 26537,                                                                                                            
                       "Index Cond": "(id = mc.company_type_id)",                                                                                        
                       "Rows Removed by Index Recheck": 0,                                                                                               
                       "Shared Hit Blocks": 53074,                                                                                                       
                       "Shared Read Blocks": 0,                                                                                                          
                       "Shared Dirtied Blocks": 0,                                                                                                       
                       "Shared Written Blocks": 0,                                                                                                       
                       "Local Hit Blocks": 0,                                                                                                            
                       "Local Read Blocks": 0,                                                                                                           
                       "Local Dirtied Blocks": 0,                                                                                                        
                       "Local Written Blocks": 0,                                                                                                        
                       "Temp Read Blocks": 0,                                                                                                            
                       "Temp Written Blocks": 0                                                                                                          
                     }                                                                                                                                   
                   ]                                                                                                                                     
                 },                                                                                                                                      
                 {                                                                                                                                       
                   "Node Type": "Index Scan",                                                                                                            
                   "Parent Relationship": "Inner",                                                                                                       
                   "Parallel Aware": false,                                                                                                              
                   "Scan Direction": "Forward",                                                                                                          
                   "Index Name": "info_type_pkey",                                                                                                       
                   "Relation Name": "info_type",                                                                                                         
                   "Alias": "it",                                                                                                                       
                   "Startup Cost": 0.00,                                                                                                                 
                   "Total Cost": 0.00,                                                                                                                   
                   "Plan Rows": 1,                                                                                                                       
                   "Plan Width": 4,                                                                                                                      
                   "Actual Startup Time": 0.003,                                                                                                         
                   "Actual Total Time": 0.003,                                                                                                           
                   "Actual Rows": 1,                                                                                                                     
                   "Actual Loops": 26537,                                                                                                                
                   "Index Cond": "(id = mi.info_type_id)",                                                                                               
                   "Rows Removed by Index Recheck": 0,                                                                                                   
                   "Filter": "((info)::text = 'countries'::text)",                                                                                       
                   "Rows Removed by Filter": 0,                                                                                                          
                   "Shared Hit Blocks": 53074,                                                                                                           
                   "Shared Read Blocks": 0,                                                                                                              
                   "Shared Dirtied Blocks": 0,                                                                                                           
                   "Shared Written Blocks": 0,                                                                                                           
                   "Local Hit Blocks": 0,                                                                                                                
                   "Local Read Blocks": 0,                                                                                                               
                   "Local Dirtied Blocks": 0,                                                                                                            
                   "Local Written Blocks": 0,                                                                                                            
                   "Temp Read Blocks": 0,                                                                                                                
                   "Temp Written Blocks": 0                                                                                                              
                 }                                                                                                                                       
               ]                                                                                                                                         
             },                                                                                                                                          
             {                                                                                                                                           
               "Node Type": "Index Scan",                                                                                                                
               "Parent Relationship": "Inner",                                                                                                           
               "Parallel Aware": false,                                                                                                                  
               "Scan Direction": "Forward",                                                                                                              
               "Index Name": "kind_type_pkey",                                                                                                           
               "Relation Name": "kind_type",                                                                                                             
               "Alias": "kt",                                                                                                                            
               "Startup Cost": 0.00,                                                                                                                     
               "Total Cost": 0.00,                                                                                                                       
               "Plan Rows": 1,                                                                                                                           
               "Plan Width": 4,                                                                                                                          
               "Actual Startup Time": 0.003,                                                                                                             
               "Actual Total Time": 0.003,                                                                                                               
               "Actual Rows": 1,                                                                                                                         
               "Actual Loops": 23197,                                                                                                                    
               "Index Cond": "(id = t.kind_id)",                                                                                                         
               "Rows Removed by Index Recheck": 0,                                                                                                       
               "Filter": "((kind)::text = ANY ('{movie,episode}'::text[]))",                                                                             
               "Rows Removed by Filter": 0,                                                                                                              
               "Shared Hit Blocks": 46394,                                                                                                               
               "Shared Read Blocks": 0,                                                                                                                  
               "Shared Dirtied Blocks": 0,                                                                                                               
               "Shared Written Blocks": 0,                                                                                                               
               "Local Hit Blocks": 0,                                                                                                                    
               "Local Read Blocks": 0,                                                                                                                   
               "Local Dirtied Blocks": 0,                                                                                                                
               "Local Written Blocks": 0,                                                                                                                
               "Temp Read Blocks": 0,                                                                                                                    
               "Temp Written Blocks": 0                                                                                                                  
             }                                                                                                                                           
           ]                                                                                                                                             
         }                                                                                                                                               
       ]                                                                                                                                                 
     },                                                                                                                                                  
     "Planning Time": 9351.185,                                                                                                                          
     "Triggers": [                                                                                                                                       
     ],                                                                                                                                                  
     "Execution Time": 221203.581                                                                                                                        
   }                                                                                                                                                     
 ]
