 [                                                                                                                                       
   {                                                                                                                                     
     "Plan": {                                                                                                                           
       "Node Type": "Aggregate",                                                                                                         
       "Strategy": "Plain",                                                                                                              
       "Partial Mode": "Simple",                                                                                                         
       "Parallel Aware": false,                                                                                                          
       "Startup Cost": 519.74,                                                                                                           
       "Total Cost": 519.74,                                                                                                             
       "Plan Rows": 1,                                                                                                                   
       "Plan Width": 96,                                                                                                                 
       "Actual Startup Time": 223227.562,                                                                                                
       "Actual Total Time": 223227.562,                                                                                                  
       "Actual Rows": 1,                                                                                                                 
       "Actual Loops": 1,                                                                                                                
       "Shared Hit Blocks": 2476217,                                                                                                     
       "Shared Read Blocks": 94618,                                                                                                      
       "Shared Dirtied Blocks": 0,                                                                                                       
       "Shared Written Blocks": 0,                                                                                                       
       "Local Hit Blocks": 0,                                                                                                            
       "Local Read Blocks": 0,                                                                                                           
       "Local Dirtied Blocks": 0,                                                                                                        
       "Local Written Blocks": 0,                                                                                                        
       "Temp Read Blocks": 0,                                                                                                            
       "Temp Written Blocks": 0,                                                                                                         
       "Plans": [                                                                                                                        
         {                                                                                                                               
           "Node Type": "Nested Loop",                                                                                                   
           "Parent Relationship": "Outer",                                                                                               
           "Parallel Aware": false,                                                                                                      
           "Join Type": "Inner",                                                                                                         
           "Startup Cost": 0.11,                                                                                                         
           "Total Cost": 519.74,                                                                                                         
           "Plan Rows": 1,                                                                                                               
           "Plan Width": 42,                                                                                                             
           "Actual Startup Time": 1189.061,                                                                                              
           "Actual Total Time": 223147.603,                                                                                              
           "Actual Rows": 46281,                                                                                                         
           "Actual Loops": 1,                                                                                                            
           "Inner Unique": true,                                                                                                         
           "Shared Hit Blocks": 2476217,                                                                                                 
           "Shared Read Blocks": 94618,                                                                                                  
           "Shared Dirtied Blocks": 0,                                                                                                   
           "Shared Written Blocks": 0,                                                                                                   
           "Local Hit Blocks": 0,                                                                                                        
           "Local Read Blocks": 0,                                                                                                       
           "Local Dirtied Blocks": 0,                                                                                                    
           "Local Written Blocks": 0,                                                                                                    
           "Temp Read Blocks": 0,                                                                                                        
           "Temp Written Blocks": 0,                                                                                                     
           "Plans": [                                                                                                                    
             {                                                                                                                           
               "Node Type": "Nested Loop",                                                                                               
               "Parent Relationship": "Outer",                                                                                           
               "Parallel Aware": false,                                                                                                  
               "Join Type": "Inner",                                                                                                     
               "Startup Cost": 0.11,                                                                                                     
               "Total Cost": 519.71,                                                                                                     
               "Plan Rows": 1,                                                                                                           
               "Plan Width": 46,                                                                                                         
               "Actual Startup Time": 165.399,                                                                                           
               "Actual Total Time": 222929.186,                                                                                          
               "Actual Rows": 49908,                                                                                                     
               "Actual Loops": 1,                                                                                                        
               "Inner Unique": true,                                                                                                     
               "Shared Hit Blocks": 2376401,                                                                                             
               "Shared Read Blocks": 94618,                                                                                              
               "Shared Dirtied Blocks": 0,                                                                                               
               "Shared Written Blocks": 0,                                                                                               
               "Local Hit Blocks": 0,                                                                                                    
               "Local Read Blocks": 0,                                                                                                   
               "Local Dirtied Blocks": 0,                                                                                                
               "Local Written Blocks": 0,                                                                                                
               "Temp Read Blocks": 0,                                                                                                    
               "Temp Written Blocks": 0,                                                                                                 
               "Plans": [                                                                                                                
                 {                                                                                                                       
                   "Node Type": "Nested Loop",                                                                                           
                   "Parent Relationship": "Outer",                                                                                       
                   "Parallel Aware": false,                                                                                              
                   "Join Type": "Inner",                                                                                                 
                   "Startup Cost": 0.10,                                                                                                 
                   "Total Cost": 519.70,                                                                                                 
                   "Plan Rows": 2,                                                                                                       
                   "Plan Width": 50,                                                                                                     
                   "Actual Startup Time": 165.364,                                                                                       
                   "Actual Total Time": 222645.300,                                                                                      
                   "Actual Rows": 58785,                                                                                                 
                   "Actual Loops": 1,                                                                                                    
                   "Inner Unique": false,                                                                                                
                   "Join Filter": "(t.id = mi.movie_id)",                                                                                
                   "Rows Removed by Join Filter": 0,                                                                                     
                   "Shared Hit Blocks": 2258831,                                                                                         
                   "Shared Read Blocks": 94618,                                                                                          
                   "Shared Dirtied Blocks": 0,                                                                                           
                   "Shared Written Blocks": 0,                                                                                           
                   "Local Hit Blocks": 0,                                                                                                
                   "Local Read Blocks": 0,                                                                                               
                   "Local Dirtied Blocks": 0,                                                                                            
                   "Local Written Blocks": 0,                                                                                            
                   "Temp Read Blocks": 0,                                                                                                
                   "Temp Written Blocks": 0,                                                                                             
                   "Plans": [                                                                                                            
                     {                                                                                                                   
                       "Node Type": "Nested Loop",                                                                                       
                       "Parent Relationship": "Outer",                                                                                   
                       "Parallel Aware": false,                                                                                          
                       "Join Type": "Inner",                                                                                             
                       "Startup Cost": 0.09,                                                                                             
                       "Total Cost": 519.39,                                                                                             
                       "Plan Rows": 2,                                                                                                   
                       "Plan Width": 62,                                                                                                 
                       "Actual Startup Time": 117.982,                                                                                   
                       "Actual Total Time": 105477.932,                                                                                  
                       "Actual Rows": 61121,                                                                                             
                       "Actual Loops": 1,                                                                                                
                       "Inner Unique": true,                                                                                             
                       "Shared Hit Blocks": 927756,                                                                                      
                       "Shared Read Blocks": 53618,                                                                                      
                       "Shared Dirtied Blocks": 0,                                                                                       
                       "Shared Written Blocks": 0,                                                                                       
                       "Local Hit Blocks": 0,                                                                                            
                       "Local Read Blocks": 0,                                                                                           
                       "Local Dirtied Blocks": 0,                                                                                        
                       "Local Written Blocks": 0,                                                                                        
                       "Temp Read Blocks": 0,                                                                                            
                       "Temp Written Blocks": 0,                                                                                         
                       "Plans": [                                                                                                        
                         {                                                                                                               
                           "Node Type": "Nested Loop",                                                                                   
                           "Parent Relationship": "Outer",                                                                               
                           "Parallel Aware": false,                                                                                      
                           "Join Type": "Inner",                                                                                         
                           "Startup Cost": 0.08,                                                                                         
                           "Total Cost": 519.38,                                                                                         
                           "Plan Rows": 2,                                                                                               
                           "Plan Width": 66,                                                                                             
                           "Actual Startup Time": 117.948,                                                                               
                           "Actual Total Time": 105192.607,                                                                              
                           "Actual Rows": 61121,                                                                                         
                           "Actual Loops": 1,                                                                                            
                           "Inner Unique": true,                                                                                         
                           "Shared Hit Blocks": 805514,                                                                                  
                           "Shared Read Blocks": 53618,                                                                                  
                           "Shared Dirtied Blocks": 0,                                                                                   
                           "Shared Written Blocks": 0,                                                                                   
                           "Local Hit Blocks": 0,                                                                                        
                           "Local Read Blocks": 0,                                                                                       
                           "Local Dirtied Blocks": 0,                                                                                    
                           "Local Written Blocks": 0,                                                                                    
                           "Temp Read Blocks": 0,                                                                                        
                           "Temp Written Blocks": 0,                                                                                     
                           "Plans": [                                                                                                    
                             {                                                                                                           
                               "Node Type": "Nested Loop",                                                                               
                               "Parent Relationship": "Outer",                                                                           
                               "Parallel Aware": false,                                                                                  
                               "Join Type": "Inner",                                                                                     
                               "Startup Cost": 0.07,                                                                                     
                               "Total Cost": 519.33,                                                                                     
                               "Plan Rows": 3,                                                                                           
                               "Plan Width": 51,                                                                                         
                               "Actual Startup Time": 107.738,                                                                           
                               "Actual Total Time": 85382.156,                                                                           
                               "Actual Rows": 83779,                                                                                     
                               "Actual Loops": 1,                                                                                        
                               "Inner Unique": false,                                                                                    
                               "Join Filter": "(t.id = mc.movie_id)",                                                                    
                               "Rows Removed by Join Filter": 0,                                                                         
                               "Shared Hit Blocks": 473505,                                                                              
                               "Shared Read Blocks": 50030,                                                                              
                               "Shared Dirtied Blocks": 0,                                                                               
                               "Shared Written Blocks": 0,                                                                               
                               "Local Hit Blocks": 0,                                                                                    
                               "Local Read Blocks": 0,                                                                                   
                               "Local Dirtied Blocks": 0,                                                                                
                               "Local Written Blocks": 0,                                                                                
                               "Temp Read Blocks": 0,                                                                                    
                               "Temp Written Blocks": 0,                                                                                 
                               "Plans": [                                                                                                
                                 {                                                                                                       
                                   "Node Type": "Nested Loop",                                                                           
                                   "Parent Relationship": "Outer",                                                                       
                                   "Parallel Aware": false,                                                                              
                                   "Join Type": "Inner",                                                                                 
                                   "Startup Cost": 0.06,                                                                                 
                                   "Total Cost": 519.17,                                                                                 
                                   "Plan Rows": 1,                                                                                       
                                   "Plan Width": 39,                                                                                     
                                   "Actual Startup Time": 107.487,                                                                       
                                   "Actual Total Time": 66633.038,                                                                       
                                   "Actual Rows": 7271,                                                                                  
                                   "Actual Loops": 1,                                                                                    
                                   "Inner Unique": true,                                                                                 
                                   "Shared Hit Blocks": 446790,                                                                          
                                   "Shared Read Blocks": 40944,                                                                          
                                   "Shared Dirtied Blocks": 0,                                                                           
                                   "Shared Written Blocks": 0,                                                                           
                                   "Local Hit Blocks": 0,                                                                                
                                   "Local Read Blocks": 0,                                                                               
                                   "Local Dirtied Blocks": 0,                                                                            
                                   "Local Written Blocks": 0,                                                                            
                                   "Temp Read Blocks": 0,                                                                                
                                   "Temp Written Blocks": 0,                                                                             
                                   "Plans": [                                                                                            
                                     {                                                                                                   
                                       "Node Type": "Nested Loop",                                                                       
                                       "Parent Relationship": "Outer",                                                                   
                                       "Parallel Aware": false,                                                                          
                                       "Join Type": "Inner",                                                                             
                                       "Startup Cost": 0.04,                                                                             
                                       "Total Cost": 519.04,                                                                             
                                       "Plan Rows": 3,                                                                                   
                                       "Plan Width": 14,                                                                                 
                                       "Actual Startup Time": 68.434,                                                                    
                                       "Actual Total Time": 18494.454,                                                                   
                                       "Actual Rows": 31800,                                                                             
                                       "Actual Loops": 1,                                                                                
                                       "Inner Unique": true,                                                                             
                                       "Shared Hit Blocks": 334992,                                                                      
                                       "Shared Read Blocks": 25403,                                                                      
                                       "Shared Dirtied Blocks": 0,                                                                       
                                       "Shared Written Blocks": 0,                                                                       
                                       "Local Hit Blocks": 0,                                                                            
                                       "Local Read Blocks": 0,                                                                           
                                       "Local Dirtied Blocks": 0,                                                                        
                                       "Local Written Blocks": 0,                                                                        
                                       "Temp Read Blocks": 0,                                                                            
                                       "Temp Written Blocks": 0,                                                                         
                                       "Plans": [                                                                                        
                                         {                                                                                               
                                           "Node Type": "Nested Loop",                                                                   
                                           "Parent Relationship": "Outer",                                                               
                                           "Parallel Aware": false,                                                                      
                                           "Join Type": "Inner",                                                                         
                                           "Startup Cost": 0.04,                                                                         
                                           "Total Cost": 517.19,                                                                         
                                           "Plan Rows": 395,                                                                             
                                           "Plan Width": 18,                                                                             
                                           "Actual Startup Time": 68.382,                                                                
                                           "Actual Total Time": 18033.933,                                                               
                                           "Actual Rows": 94652,                                                                         
                                           "Actual Loops": 1,                                                                            
                                           "Inner Unique": false,                                                                        
                                           "Shared Hit Blocks": 145688,                                                                  
                                           "Shared Read Blocks": 25403,                                                                  
                                           "Shared Dirtied Blocks": 0,                                                                   
                                           "Shared Written Blocks": 0,                                                                   
                                           "Local Hit Blocks": 0,                                                                        
                                           "Local Read Blocks": 0,                                                                       
                                           "Local Dirtied Blocks": 0,                                                                    
                                           "Local Written Blocks": 0,                                                                    
                                           "Temp Read Blocks": 0,                                                                        
                                           "Temp Written Blocks": 0,                                                                     
                                           "Plans": [                                                                                    
                                             {                                                                                           
                                               "Node Type": "Nested Loop",                                                               
                                               "Parent Relationship": "Outer",                                                           
                                               "Parallel Aware": false,                                                                  
                                               "Join Type": "Inner",                                                                     
                                               "Startup Cost": 0.03,                                                                     
                                               "Total Cost": 514.14,                                                                     
                                               "Plan Rows": 135,                                                                         
                                               "Plan Width": 4,                                                                          
                                               "Actual Startup Time": 54.688,                                                            
                                               "Actual Total Time": 9812.069,                                                            
                                               "Actual Rows": 37091,                                                                     
                                               "Actual Loops": 1,                                                                        
                                               "Inner Unique": false,                                                                    
                                               "Shared Hit Blocks": 10145,                                                               
                                               "Shared Read Blocks": 16297,                                                              
                                               "Shared Dirtied Blocks": 0,                                                               
                                               "Shared Written Blocks": 0,                                                               
                                               "Local Hit Blocks": 0,                                                                    
                                               "Local Read Blocks": 0,                                                                   
                                               "Local Dirtied Blocks": 0,                                                                
                                               "Local Written Blocks": 0,                                                                
                                               "Temp Read Blocks": 0,                                                                    
                                               "Temp Written Blocks": 0,                                                                 
                                               "Plans": [                                                                                
                                                 {                                                                                       
                                                   "Node Type": "Index Scan",                                                            
                                                   "Parent Relationship": "Outer",                                                       
                                                   "Parallel Aware": false,                                                              
                                                   "Scan Direction": "Forward",                                                          
                                                   "Index Name": "keyword_idx_keyword",                                                  
                                                   "Relation Name": "keyword",                                                           
                                                   "Alias": "k",                                                                         
                                                   "Startup Cost": 0.01,                                                                 
                                                   "Total Cost": 24.53,                                                                  
                                                   "Plan Rows": 4,                                                                       
                                                   "Plan Width": 4,                                                                      
                                                   "Actual Startup Time": 31.441,                                                        
                                                   "Actual Total Time": 112.438,                                                         
                                                   "Actual Rows": 3,                                                                     
                                                   "Actual Loops": 1,                                                                    
                                                   "Index Cond": "(keyword = ANY ('{murder,murder-in-title,blood,violence}'::text[]))",  
                                                   "Rows Removed by Index Recheck": 0,                                                   
                                                   "Shared Hit Blocks": 8,                                                               
                                                   "Shared Read Blocks": 10,                                                             
                                                   "Shared Dirtied Blocks": 0,                                                           
                                                   "Shared Written Blocks": 0,                                                           
                                                   "Local Hit Blocks": 0,                                                                
                                                   "Local Read Blocks": 0,                                                               
                                                   "Local Dirtied Blocks": 0,                                                            
                                                   "Local Written Blocks": 0,                                                            
                                                   "Temp Read Blocks": 0,                                                                
                                                   "Temp Written Blocks": 0                                                              
                                                 },                                                                                      
                                                 {                                                                                       
                                                   "Node Type": "Index Scan",                                                            
                                                   "Parent Relationship": "Inner",                                                       
                                                   "Parallel Aware": false,                                                              
                                                   "Scan Direction": "Forward",                                                          
                                                   "Index Name": "keyword_id_movie_keyword",                                             
                                                   "Relation Name": "movie_keyword",                                                     
                                                   "Alias": "mk",                                                                        
                                                   "Startup Cost": 0.01,                                                                 
                                                   "Total Cost": 122.40,                                                                 
                                                   "Plan Rows": 39,                                                                      
                                                   "Plan Width": 8,                                                                      
                                                   "Actual Startup Time": 22.756,                                                        
                                                   "Actual Total Time": 3223.568,                                                        
                                                   "Actual Rows": 12364,                                                                 
                                                   "Actual Loops": 3,                                                                    
                                                   "Index Cond": "(keyword_id = k.id)",                                                  
                                                   "Rows Removed by Index Recheck": 0,                                                   
                                                   "Shared Hit Blocks": 10137,                                                           
                                                   "Shared Read Blocks": 16287,                                                          
                                                   "Shared Dirtied Blocks": 0,                                                           
                                                   "Shared Written Blocks": 0,                                                           
                                                   "Local Hit Blocks": 0,                                                                
                                                   "Local Read Blocks": 0,                                                               
                                                   "Local Dirtied Blocks": 0,                                                            
                                                   "Local Written Blocks": 0,                                                            
                                                   "Temp Read Blocks": 0,                                                                
                                                   "Temp Written Blocks": 0                                                              
                                                 }                                                                                       
                                               ]                                                                                         
                                             },                                                                                          
                                             {                                                                                           
                                               "Node Type": "Index Scan",                                                                
                                               "Parent Relationship": "Inner",                                                           
                                               "Parallel Aware": false,                                                                  
                                               "Scan Direction": "Forward",                                                              
                                               "Index Name": "movie_id_movie_info_idx",                                                  
                                               "Relation Name": "movie_info_idx",                                                        
                                               "Alias": "mi_idx",                                                                        
                                               "Startup Cost": 0.01,                                                                     
                                               "Total Cost": 0.02,                                                                       
                                               "Plan Rows": 3,                                                                           
                                               "Plan Width": 14,                                                                         
                                               "Actual Startup Time": 0.211,                                                             
                                               "Actual Total Time": 0.219,                                                               
                                               "Actual Rows": 3,                                                                         
                                               "Actual Loops": 37091,                                                                    
                                               "Index Cond": "(movie_id = mk.movie_id)",                                                 
                                               "Rows Removed by Index Recheck": 0,                                                       
                                               "Filter": "(info < '8.5'::text)",                                                         
                                               "Rows Removed by Filter": 0,                                                              
                                               "Shared Hit Blocks": 135543,                                                              
                                               "Shared Read Blocks": 9106,                                                               
                                               "Shared Dirtied Blocks": 0,                                                               
                                               "Shared Written Blocks": 0,                                                               
                                               "Local Hit Blocks": 0,                                                                    
                                               "Local Read Blocks": 0,                                                                   
                                               "Local Dirtied Blocks": 0,                                                                
                                               "Local Written Blocks": 0,                                                                
                                               "Temp Read Blocks": 0,                                                                    
                                               "Temp Written Blocks": 0                                                                  
                                             }                                                                                           
                                           ]                                                                                             
                                         },                                                                                              
                                         {                                                                                               
                                           "Node Type": "Index Scan",                                                                    
                                           "Parent Relationship": "Inner",                                                               
                                           "Parallel Aware": false,                                                                      
                                           "Scan Direction": "Forward",                                                                  
                                           "Index Name": "info_type_pkey",                                                               
                                           "Relation Name": "info_type",                                                                 
                                           "Alias": "it",                                                                               
                                           "Startup Cost": 0.00,                                                                         
                                           "Total Cost": 0.00,                                                                           
                                           "Plan Rows": 1,                                                                               
                                           "Plan Width": 4,                                                                              
                                           "Actual Startup Time": 0.004,                                                                 
                                           "Actual Total Time": 0.004,                                                                   
                                           "Actual Rows": 0,                                                                             
                                           "Actual Loops": 94652,                                                                        
                                           "Index Cond": "(id = mi_idx.info_type_id)",                                                   
                                           "Rows Removed by Index Recheck": 0,                                                           
                                           "Filter": "((info)::text = 'rating'::text)",                                                  
                                           "Rows Removed by Filter": 1,                                                                  
                                           "Shared Hit Blocks": 189304,                                                                  
                                           "Shared Read Blocks": 0,                                                                      
                                           "Shared Dirtied Blocks": 0,                                                                   
                                           "Shared Written Blocks": 0,                                                                   
                                           "Local Hit Blocks": 0,                                                                        
                                           "Local Read Blocks": 0,                                                                       
                                           "Local Dirtied Blocks": 0,                                                                    
                                           "Local Written Blocks": 0,                                                                    
                                           "Temp Read Blocks": 0,                                                                        
                                           "Temp Written Blocks": 0                                                                      
                                         }                                                                                               
                                       ]                                                                                                 
                                     },                                                                                                  
                                     {                                                                                                   
                                       "Node Type": "Index Scan",                                                                        
                                       "Parent Relationship": "Inner",                                                                   
                                       "Parallel Aware": false,                                                                          
                                       "Scan Direction": "Forward",                                                                      
                                       "Index Name": "title_idx_id",                                                                     
                                       "Relation Name": "title",                                                                         
                                       "Alias": "t",                                                                                     
                                       "Startup Cost": 0.01,                                                                             
                                       "Total Cost": 0.04,                                                                               
                                       "Plan Rows": 1,                                                                                   
                                       "Plan Width": 25,                                                                                 
                                       "Actual Startup Time": 1.512,                                                                     
                                       "Actual Total Time": 1.512,                                                                       
                                       "Actual Rows": 0,                                                                                 
                                       "Actual Loops": 31800,                                                                            
                                       "Index Cond": "(id = mk.movie_id)",                                                               
                                       "Rows Removed by Index Recheck": 0,                                                               
                                       "Filter": "(production_year > 2005)",                                                             
                                       "Rows Removed by Filter": 1,                                                                      
                                       "Shared Hit Blocks": 111798,                                                                      
                                       "Shared Read Blocks": 15541,                                                                      
                                       "Shared Dirtied Blocks": 0,                                                                       
                                       "Shared Written Blocks": 0,                                                                       
                                       "Local Hit Blocks": 0,                                                                            
                                       "Local Read Blocks": 0,                                                                           
                                       "Local Dirtied Blocks": 0,                                                                        
                                       "Local Written Blocks": 0,                                                                        
                                       "Temp Read Blocks": 0,                                                                            
                                       "Temp Written Blocks": 0                                                                          
                                     }                                                                                                   
                                   ]                                                                                                     
                                 },                                                                                                      
                                 {                                                                                                       
                                   "Node Type": "Index Scan",                                                                            
                                   "Parent Relationship": "Inner",                                                                       
                                   "Parallel Aware": false,                                                                              
                                   "Scan Direction": "Forward",                                                                          
                                   "Index Name": "movie_id_movie_companies",                                                             
                                   "Relation Name": "movie_companies",                                                                   
                                   "Alias": "mc",                                                                                        
                                   "Startup Cost": 0.01,                                                                                 
                                   "Total Cost": 0.03,                                                                                   
                                   "Plan Rows": 2,                                                                                       
                                   "Plan Width": 12,                                                                                     
                                   "Actual Startup Time": 1.867,                                                                         
                                   "Actual Total Time": 2.564,                                                                           
                                   "Actual Rows": 12,                                                                                    
                                   "Actual Loops": 7271,                                                                                 
                                   "Index Cond": "(movie_id = mk.movie_id)",                                                             
                                   "Rows Removed by Index Recheck": 0,                                                                   
                                   "Shared Hit Blocks": 26715,                                                                           
                                   "Shared Read Blocks": 9086,                                                                           
                                   "Shared Dirtied Blocks": 0,                                                                           
                                   "Shared Written Blocks": 0,                                                                           
                                   "Local Hit Blocks": 0,                                                                                
                                   "Local Read Blocks": 0,                                                                               
                                   "Local Dirtied Blocks": 0,                                                                            
                                   "Local Written Blocks": 0,                                                                            
                                   "Temp Read Blocks": 0,                                                                                
                                   "Temp Written Blocks": 0                                                                              
                                 }                                                                                                       
                               ]                                                                                                         
                             },                                                                                                          
                             {                                                                                                           
                               "Node Type": "Index Scan",                                                                                
                               "Parent Relationship": "Inner",                                                                           
                               "Parallel Aware": false,                                                                                  
                               "Scan Direction": "Forward",                                                                              
                               "Index Name": "company_name_pkey",                                                                        
                               "Relation Name": "company_name",                                                                          
                               "Alias": "cn",                                                                                            
                               "Startup Cost": 0.01,                                                                                     
                               "Total Cost": 0.02,                                                                                       
                               "Plan Rows": 1,                                                                                           
                               "Plan Width": 23,                                                                                         
                               "Actual Startup Time": 0.235,                                                                             
                               "Actual Total Time": 0.235,                                                                               
                               "Actual Rows": 1,                                                                                         
                               "Actual Loops": 83779,                                                                                    
                               "Index Cond": "(id = mc.company_id)",                                                                     
                               "Rows Removed by Index Recheck": 0,                                                                       
                               "Filter": "((country_code)::text <> '[us]'::text)",                                                       
                               "Rows Removed by Filter": 0,                                                                              
                               "Shared Hit Blocks": 332009,                                                                              
                               "Shared Read Blocks": 3588,                                                                               
                               "Shared Dirtied Blocks": 0,                                                                               
                               "Shared Written Blocks": 0,                                                                               
                               "Local Hit Blocks": 0,                                                                                    
                               "Local Read Blocks": 0,                                                                                   
                               "Local Dirtied Blocks": 0,                                                                                
                               "Local Written Blocks": 0,                                                                                
                               "Temp Read Blocks": 0,                                                                                    
                               "Temp Written Blocks": 0                                                                                  
                             }                                                                                                           
                           ]                                                                                                             
                         },                                                                                                              
                         {                                                                                                               
                           "Node Type": "Index Scan",                                                                                    
                           "Parent Relationship": "Inner",                                                                               
                           "Parallel Aware": false,                                                                                      
                           "Scan Direction": "Forward",                                                                                  
                           "Index Name": "company_type_pkey",                                                                            
                           "Relation Name": "company_type",                                                                              
                           "Alias": "ct",                                                                                                
                           "Startup Cost": 0.00,                                                                                         
                           "Total Cost": 0.00,                                                                                           
                           "Plan Rows": 1,                                                                                               
                           "Plan Width": 4,                                                                                              
                           "Actual Startup Time": 0.003,                                                                                 
                           "Actual Total Time": 0.003,                                                                                   
                           "Actual Rows": 1,                                                                                             
                           "Actual Loops": 61121,                                                                                        
                           "Index Cond": "(id = mc.company_type_id)",                                                                    
                           "Rows Removed by Index Recheck": 0,                                                                           
                           "Shared Hit Blocks": 122242,                                                                                  
                           "Shared Read Blocks": 0,                                                                                      
                           "Shared Dirtied Blocks": 0,                                                                                   
                           "Shared Written Blocks": 0,                                                                                   
                           "Local Hit Blocks": 0,                                                                                        
                           "Local Read Blocks": 0,                                                                                       
                           "Local Dirtied Blocks": 0,                                                                                    
                           "Local Written Blocks": 0,                                                                                    
                           "Temp Read Blocks": 0,                                                                                        
                           "Temp Written Blocks": 0                                                                                      
                         }                                                                                                               
                       ]                                                                                                                 
                     },                                                                                                                  
                     {                                                                                                                   
                       "Node Type": "Index Scan",                                                                                        
                       "Parent Relationship": "Inner",                                                                                   
                       "Parallel Aware": false,                                                                                          
                       "Scan Direction": "Forward",                                                                                      
                       "Index Name": "movie_id_movie_info",                                                                              
                       "Relation Name": "movie_info",                                                                                    
                       "Alias": "mi",                                                                                                    
                       "Startup Cost": 0.01,                                                                                             
                       "Total Cost": 0.16,                                                                                               
                       "Plan Rows": 1,                                                                                                   
                       "Plan Width": 8,                                                                                                  
                       "Actual Startup Time": 1.704,                                                                                     
                       "Actual Total Time": 1.915,                                                                                       
                       "Actual Rows": 1,                                                                                                 
                       "Actual Loops": 61121,                                                                                            
                       "Index Cond": "(movie_id = mk.movie_id)",                                                                         
                       "Rows Removed by Index Recheck": 0,                                                                               
                       "Filter": "(info = ANY ('{Sweden,Norway,Germany,Denmark,Swedish,Danish,Norwegian,German,USA,American}'::text[]))",
                       "Rows Removed by Filter": 145,                                                                                    
                       "Shared Hit Blocks": 1331075,                                                                                     
                       "Shared Read Blocks": 41000,                                                                                      
                       "Shared Dirtied Blocks": 0,                                                                                       
                       "Shared Written Blocks": 0,                                                                                       
                       "Local Hit Blocks": 0,                                                                                            
                       "Local Read Blocks": 0,                                                                                           
                       "Local Dirtied Blocks": 0,                                                                                        
                       "Local Written Blocks": 0,                                                                                        
                       "Temp Read Blocks": 0,                                                                                            
                       "Temp Written Blocks": 0                                                                                          
                     }                                                                                                                   
                   ]                                                                                                                     
                 },                                                                                                                      
                 {                                                                                                                       
                   "Node Type": "Index Scan",                                                                                            
                   "Parent Relationship": "Inner",                                                                                       
                   "Parallel Aware": false,                                                                                              
                   "Scan Direction": "Forward",                                                                                          
                   "Index Name": "info_type_pkey",                                                                                       
                   "Relation Name": "info_type",                                                                                         
                   "Alias": "it",                                                                                                       
                   "Startup Cost": 0.00,                                                                                                 
                   "Total Cost": 0.00,                                                                                                   
                   "Plan Rows": 1,                                                                                                       
                   "Plan Width": 4,                                                                                                      
                   "Actual Startup Time": 0.003,                                                                                         
                   "Actual Total Time": 0.003,                                                                                           
                   "Actual Rows": 1,                                                                                                     
                   "Actual Loops": 58785,                                                                                                
                   "Index Cond": "(id = mi.info_type_id)",                                                                               
                   "Rows Removed by Index Recheck": 0,                                                                                   
                   "Filter": "((info)::text = 'countries'::text)",                                                                       
                   "Rows Removed by Filter": 0,                                                                                          
                   "Shared Hit Blocks": 117570,                                                                                          
                   "Shared Read Blocks": 0,                                                                                              
                   "Shared Dirtied Blocks": 0,                                                                                           
                   "Shared Written Blocks": 0,                                                                                           
                   "Local Hit Blocks": 0,                                                                                                
                   "Local Read Blocks": 0,                                                                                               
                   "Local Dirtied Blocks": 0,                                                                                            
                   "Local Written Blocks": 0,                                                                                            
                   "Temp Read Blocks": 0,                                                                                                
                   "Temp Written Blocks": 0                                                                                              
                 }                                                                                                                       
               ]                                                                                                                         
             },                                                                                                                          
             {                                                                                                                           
               "Node Type": "Index Scan",                                                                                                
               "Parent Relationship": "Inner",                                                                                           
               "Parallel Aware": false,                                                                                                  
               "Scan Direction": "Forward",                                                                                              
               "Index Name": "kind_type_pkey",                                                                                           
               "Relation Name": "kind_type",                                                                                             
               "Alias": "kt",                                                                                                            
               "Startup Cost": 0.00,                                                                                                     
               "Total Cost": 0.00,                                                                                                       
               "Plan Rows": 1,                                                                                                           
               "Plan Width": 4,                                                                                                          
               "Actual Startup Time": 0.003,                                                                                             
               "Actual Total Time": 0.003,                                                                                               
               "Actual Rows": 1,                                                                                                         
               "Actual Loops": 49908,                                                                                                    
               "Index Cond": "(id = t.kind_id)",                                                                                         
               "Rows Removed by Index Recheck": 0,                                                                                       
               "Filter": "((kind)::text = ANY ('{movie,episode}'::text[]))",                                                             
               "Rows Removed by Filter": 0,                                                                                              
               "Shared Hit Blocks": 99816,                                                                                               
               "Shared Read Blocks": 0,                                                                                                  
               "Shared Dirtied Blocks": 0,                                                                                               
               "Shared Written Blocks": 0,                                                                                               
               "Local Hit Blocks": 0,                                                                                                    
               "Local Read Blocks": 0,                                                                                                   
               "Local Dirtied Blocks": 0,                                                                                                
               "Local Written Blocks": 0,                                                                                                
               "Temp Read Blocks": 0,                                                                                                    
               "Temp Written Blocks": 0                                                                                                  
             }                                                                                                                           
           ]                                                                                                                             
         }                                                                                                                               
       ]                                                                                                                                 
     },                                                                                                                                  
     "Planning Time": 9378.665,                                                                                                          
     "Triggers": [                                                                                                                       
     ],                                                                                                                                  
     "Execution Time": 223251.779                                                                                                        
   }                                                                                                                                     
 ]
