 [                                                                                                                                                   
   {                                                                                                                                                 
     "Plan": {                                                                                                                                       
       "Node Type": "Aggregate",                                                                                                                     
       "Strategy": "Plain",                                                                                                                          
       "Partial Mode": "Simple",                                                                                                                     
       "Parallel Aware": false,                                                                                                                      
       "Startup Cost": 619.39,                                                                                                                       
       "Total Cost": 619.39,                                                                                                                         
       "Plan Rows": 1,                                                                                                                               
       "Plan Width": 96,                                                                                                                             
       "Actual Startup Time": 3142.506,                                                                                                              
       "Actual Total Time": 3142.506,                                                                                                                
       "Actual Rows": 1,                                                                                                                             
       "Actual Loops": 1,                                                                                                                            
       "Shared Hit Blocks": 47386,                                                                                                                   
       "Shared Read Blocks": 5946,                                                                                                                   
       "Shared Dirtied Blocks": 0,                                                                                                                   
       "Shared Written Blocks": 0,                                                                                                                   
       "Local Hit Blocks": 0,                                                                                                                        
       "Local Read Blocks": 0,                                                                                                                       
       "Local Dirtied Blocks": 0,                                                                                                                    
       "Local Written Blocks": 0,                                                                                                                    
       "Temp Read Blocks": 0,                                                                                                                        
       "Temp Written Blocks": 0,                                                                                                                     
       "Plans": [                                                                                                                                    
         {                                                                                                                                           
           "Node Type": "Nested Loop",                                                                                                               
           "Parent Relationship": "Outer",                                                                                                           
           "Parallel Aware": false,                                                                                                                  
           "Join Type": "Inner",                                                                                                                     
           "Startup Cost": 0.12,                                                                                                                     
           "Total Cost": 619.39,                                                                                                                     
           "Plan Rows": 1,                                                                                                                           
           "Plan Width": 48,                                                                                                                         
           "Actual Startup Time": 459.703,                                                                                                           
           "Actual Total Time": 3128.856,                                                                                                            
           "Actual Rows": 477,                                                                                                                       
           "Actual Loops": 1,                                                                                                                        
           "Inner Unique": true,                                                                                                                     
           "Join Filter": "(ml.movie_id = t.id)",                                                                                                    
           "Rows Removed by Join Filter": 0,                                                                                                         
           "Shared Hit Blocks": 47386,                                                                                                               
           "Shared Read Blocks": 5946,                                                                                                               
           "Shared Dirtied Blocks": 0,                                                                                                               
           "Shared Written Blocks": 0,                                                                                                               
           "Local Hit Blocks": 0,                                                                                                                    
           "Local Read Blocks": 0,                                                                                                                   
           "Local Dirtied Blocks": 0,                                                                                                                
           "Local Written Blocks": 0,                                                                                                                
           "Temp Read Blocks": 0,                                                                                                                    
           "Temp Written Blocks": 0,                                                                                                                 
           "Plans": [                                                                                                                                
             {                                                                                                                                       
               "Node Type": "Nested Loop",                                                                                                           
               "Parent Relationship": "Outer",                                                                                                       
               "Parallel Aware": false,                                                                                                              
               "Join Type": "Inner",                                                                                                                 
               "Startup Cost": 0.10,                                                                                                                 
               "Total Cost": 619.17,                                                                                                                 
               "Plan Rows": 1,                                                                                                                       
               "Plan Width": 51,                                                                                                                     
               "Actual Startup Time": 426.761,                                                                                                       
               "Actual Total Time": 3030.370,                                                                                                        
               "Actual Rows": 477,                                                                                                                   
               "Actual Loops": 1,                                                                                                                    
               "Inner Unique": true,                                                                                                                 
               "Shared Hit Blocks": 45485,                                                                                                           
               "Shared Read Blocks": 5939,                                                                                                           
               "Shared Dirtied Blocks": 0,                                                                                                           
               "Shared Written Blocks": 0,                                                                                                           
               "Local Hit Blocks": 0,                                                                                                                
               "Local Read Blocks": 0,                                                                                                               
               "Local Dirtied Blocks": 0,                                                                                                            
               "Local Written Blocks": 0,                                                                                                            
               "Temp Read Blocks": 0,                                                                                                                
               "Temp Written Blocks": 0,                                                                                                             
               "Plans": [                                                                                                                            
                 {                                                                                                                                   
                   "Node Type": "Nested Loop",                                                                                                       
                   "Parent Relationship": "Outer",                                                                                                   
                   "Parallel Aware": false,                                                                                                          
                   "Join Type": "Inner",                                                                                                             
                   "Startup Cost": 0.10,                                                                                                             
                   "Total Cost": 619.15,                                                                                                             
                   "Plan Rows": 1,                                                                                                                   
                   "Plan Width": 55,                                                                                                                 
                   "Actual Startup Time": 426.739,                                                                                                   
                   "Actual Total Time": 3027.357,                                                                                                    
                   "Actual Rows": 534,                                                                                                               
                   "Actual Loops": 1,                                                                                                                
                   "Inner Unique": true,                                                                                                             
                   "Shared Hit Blocks": 44417,                                                                                                       
                   "Shared Read Blocks": 5939,                                                                                                       
                   "Shared Dirtied Blocks": 0,                                                                                                       
                   "Shared Written Blocks": 0,                                                                                                       
                   "Local Hit Blocks": 0,                                                                                                            
                   "Local Read Blocks": 0,                                                                                                           
                   "Local Dirtied Blocks": 0,                                                                                                        
                   "Local Written Blocks": 0,                                                                                                        
                   "Temp Read Blocks": 0,                                                                                                            
                   "Temp Written Blocks": 0,                                                                                                         
                   "Plans": [                                                                                                                        
                     {                                                                                                                               
                       "Node Type": "Nested Loop",                                                                                                   
                       "Parent Relationship": "Outer",                                                                                               
                       "Parallel Aware": false,                                                                                                      
                       "Join Type": "Inner",                                                                                                         
                       "Startup Cost": 0.10,                                                                                                         
                       "Total Cost": 619.13,                                                                                                         
                       "Plan Rows": 1,                                                                                                               
                       "Plan Width": 59,                                                                                                             
                       "Actual Startup Time": 426.715,                                                                                               
                       "Actual Total Time": 3024.530,                                                                                                
                       "Actual Rows": 534,                                                                                                           
                       "Actual Loops": 1,                                                                                                            
                       "Inner Unique": true,                                                                                                         
                       "Shared Hit Blocks": 43349,                                                                                                   
                       "Shared Read Blocks": 5939,                                                                                                   
                       "Shared Dirtied Blocks": 0,                                                                                                   
                       "Shared Written Blocks": 0,                                                                                                   
                       "Local Hit Blocks": 0,                                                                                                        
                       "Local Read Blocks": 0,                                                                                                       
                       "Local Dirtied Blocks": 0,                                                                                                    
                       "Local Written Blocks": 0,                                                                                                    
                       "Temp Read Blocks": 0,                                                                                                        
                       "Temp Written Blocks": 0,                                                                                                     
                       "Plans": [                                                                                                                    
                         {                                                                                                                           
                           "Node Type": "Nested Loop",                                                                                               
                           "Parent Relationship": "Outer",                                                                                           
                           "Parallel Aware": false,                                                                                                  
                           "Join Type": "Inner",                                                                                                     
                           "Startup Cost": 0.09,                                                                                                     
                           "Total Cost": 619.11,                                                                                                     
                           "Plan Rows": 1,                                                                                                           
                           "Plan Width": 63,                                                                                                         
                           "Actual Startup Time": 426.681,                                                                                           
                           "Actual Total Time": 3020.636,                                                                                            
                           "Actual Rows": 705,                                                                                                       
                           "Actual Loops": 1,                                                                                                        
                           "Inner Unique": false,                                                                                                    
                           "Join Filter": "(ml.movie_id = cc.movie_id)",                                                                             
                           "Rows Removed by Join Filter": 0,                                                                                         
                           "Shared Hit Blocks": 41939,                                                                                               
                           "Shared Read Blocks": 5939,                                                                                               
                           "Shared Dirtied Blocks": 0,                                                                                               
                           "Shared Written Blocks": 0,                                                                                               
                           "Local Hit Blocks": 0,                                                                                                    
                           "Local Read Blocks": 0,                                                                                                   
                           "Local Dirtied Blocks": 0,                                                                                                
                           "Local Written Blocks": 0,                                                                                                
                           "Temp Read Blocks": 0,                                                                                                    
                           "Temp Written Blocks": 0,                                                                                                 
                           "Plans": [                                                                                                                
                             {                                                                                                                       
                               "Node Type": "Nested Loop",                                                                                           
                               "Parent Relationship": "Outer",                                                                                       
                               "Parallel Aware": false,                                                                                              
                               "Join Type": "Inner",                                                                                                 
                               "Startup Cost": 0.08,                                                                                                 
                               "Total Cost": 619.04,                                                                                                 
                               "Plan Rows": 1,                                                                                                       
                               "Plan Width": 51,                                                                                                     
                               "Actual Startup Time": 400.870,                                                                                       
                               "Actual Total Time": 2955.022,                                                                                        
                               "Actual Rows": 1157,                                                                                                  
                               "Actual Loops": 1,                                                                                                    
                               "Inner Unique": true,                                                                                                 
                               "Shared Hit Blocks": 37768,                                                                                           
                               "Shared Read Blocks": 5934,                                                                                           
                               "Shared Dirtied Blocks": 0,                                                                                           
                               "Shared Written Blocks": 0,                                                                                           
                               "Local Hit Blocks": 0,                                                                                                
                               "Local Read Blocks": 0,                                                                                               
                               "Local Dirtied Blocks": 0,                                                                                            
                               "Local Written Blocks": 0,                                                                                            
                               "Temp Read Blocks": 0,                                                                                                
                               "Temp Written Blocks": 0,                                                                                             
                               "Plans": [                                                                                                            
                                 {                                                                                                                   
                                   "Node Type": "Nested Loop",                                                                                       
                                   "Parent Relationship": "Outer",                                                                                   
                                   "Parallel Aware": false,                                                                                          
                                   "Join Type": "Inner",                                                                                             
                                   "Startup Cost": 0.07,                                                                                             
                                   "Total Cost": 618.99,                                                                                             
                                   "Plan Rows": 2,                                                                                                   
                                   "Plan Width": 36,                                                                                                 
                                   "Actual Startup Time": 359.208,                                                                                   
                                   "Actual Total Time": 2683.886,                                                                                    
                                   "Actual Rows": 2595,                                                                                              
                                   "Actual Loops": 1,                                                                                                
                                   "Inner Unique": false,                                                                                            
                                   "Join Filter": "(ml.movie_id = mc.movie_id)",                                                                     
                                   "Rows Removed by Join Filter": 0,                                                                                 
                                   "Shared Hit Blocks": 27420,                                                                                       
                                   "Shared Read Blocks": 5902,                                                                                       
                                   "Shared Dirtied Blocks": 0,                                                                                       
                                   "Shared Written Blocks": 0,                                                                                       
                                   "Local Hit Blocks": 0,                                                                                            
                                   "Local Read Blocks": 0,                                                                                           
                                   "Local Dirtied Blocks": 0,                                                                                        
                                   "Local Written Blocks": 0,                                                                                        
                                   "Temp Read Blocks": 0,                                                                                            
                                   "Temp Written Blocks": 0,                                                                                         
                                   "Plans": [                                                                                                        
                                     {                                                                                                               
                                       "Node Type": "Nested Loop",                                                                                   
                                       "Parent Relationship": "Outer",                                                                               
                                       "Parallel Aware": false,                                                                                      
                                       "Join Type": "Inner",                                                                                         
                                       "Startup Cost": 0.05,                                                                                         
                                       "Total Cost": 618.84,                                                                                         
                                       "Plan Rows": 1,                                                                                               
                                       "Plan Width": 24,                                                                                             
                                       "Actual Startup Time": 323.535,                                                                               
                                       "Actual Total Time": 2605.608,                                                                                
                                       "Actual Rows": 420,                                                                                           
                                       "Actual Loops": 1,                                                                                            
                                       "Inner Unique": true,                                                                                         
                                       "Shared Hit Blocks": 25331,                                                                                   
                                       "Shared Read Blocks": 5895,                                                                                   
                                       "Shared Dirtied Blocks": 0,                                                                                   
                                       "Shared Written Blocks": 0,                                                                                   
                                       "Local Hit Blocks": 0,                                                                                        
                                       "Local Read Blocks": 0,                                                                                       
                                       "Local Dirtied Blocks": 0,                                                                                    
                                       "Local Written Blocks": 0,                                                                                    
                                       "Temp Read Blocks": 0,                                                                                        
                                       "Temp Written Blocks": 0,                                                                                     
                                       "Plans": [                                                                                                    
                                         {                                                                                                           
                                           "Node Type": "Nested Loop",                                                                               
                                           "Parent Relationship": "Outer",                                                                           
                                           "Parallel Aware": false,                                                                                  
                                           "Join Type": "Inner",                                                                                     
                                           "Startup Cost": 0.05,                                                                                     
                                           "Total Cost": 618.81,                                                                                     
                                           "Plan Rows": 1,                                                                                           
                                           "Plan Width": 16,                                                                                         
                                           "Actual Startup Time": 323.492,                                                                           
                                           "Actual Total Time": 2603.288,                                                                            
                                           "Actual Rows": 420,                                                                                       
                                           "Actual Loops": 1,                                                                                        
                                           "Inner Unique": false,                                                                                    
                                           "Join Filter": "(ml.movie_id = mi.movie_id)",                                                             
                                           "Rows Removed by Join Filter": 0,                                                                         
                                           "Shared Hit Blocks": 24491,                                                                               
                                           "Shared Read Blocks": 5895,                                                                               
                                           "Shared Dirtied Blocks": 0,                                                                               
                                           "Shared Written Blocks": 0,                                                                               
                                           "Local Hit Blocks": 0,                                                                                    
                                           "Local Read Blocks": 0,                                                                                   
                                           "Local Dirtied Blocks": 0,                                                                                
                                           "Local Written Blocks": 0,                                                                                
                                           "Temp Read Blocks": 0,                                                                                    
                                           "Temp Written Blocks": 0,                                                                                 
                                           "Plans": [                                                                                                
                                             {                                                                                                       
                                               "Node Type": "Nested Loop",                                                                           
                                               "Parent Relationship": "Outer",                                                                       
                                               "Parallel Aware": false,                                                                              
                                               "Join Type": "Inner",                                                                                 
                                               "Startup Cost": 0.04,                                                                                 
                                               "Total Cost": 618.50,                                                                                 
                                               "Plan Rows": 2,                                                                                       
                                               "Plan Width": 12,                                                                                     
                                               "Actual Startup Time": 47.114,                                                                        
                                               "Actual Total Time": 1520.268,                                                                        
                                               "Actual Rows": 251,                                                                                   
                                               "Actual Loops": 1,                                                                                    
                                               "Inner Unique": false,                                                                                
                                               "Shared Hit Blocks": 21086,                                                                           
                                               "Shared Read Blocks": 5644,                                                                           
                                               "Shared Dirtied Blocks": 0,                                                                           
                                               "Shared Written Blocks": 0,                                                                           
                                               "Local Hit Blocks": 0,                                                                                
                                               "Local Read Blocks": 0,                                                                               
                                               "Local Dirtied Blocks": 0,                                                                            
                                               "Local Written Blocks": 0,                                                                            
                                               "Temp Read Blocks": 0,                                                                                
                                               "Temp Written Blocks": 0,                                                                             
                                               "Plans": [                                                                                            
                                                 {                                                                                                   
                                                   "Node Type": "Nested Loop",                                                                       
                                                   "Parent Relationship": "Outer",                                                                   
                                                   "Parallel Aware": false,                                                                          
                                                   "Join Type": "Inner",                                                                             
                                                   "Startup Cost": 0.03,                                                                             
                                                   "Total Cost": 618.15,                                                                             
                                                   "Plan Rows": 34,                                                                                  
                                                   "Plan Width": 4,                                                                                  
                                                   "Actual Startup Time": 47.077,                                                                    
                                                   "Actual Total Time": 1391.182,                                                                    
                                                   "Actual Rows": 10544,                                                                             
                                                   "Actual Loops": 1,                                                                                
                                                   "Inner Unique": false,                                                                            
                                                   "Shared Hit Blocks": 2,                                                                           
                                                   "Shared Read Blocks": 5604,                                                                       
                                                   "Shared Dirtied Blocks": 0,                                                                       
                                                   "Shared Written Blocks": 0,                                                                       
                                                   "Local Hit Blocks": 0,                                                                            
                                                   "Local Read Blocks": 0,                                                                           
                                                   "Local Dirtied Blocks": 0,                                                                        
                                                   "Local Written Blocks": 0,                                                                        
                                                   "Temp Read Blocks": 0,                                                                            
                                                   "Temp Written Blocks": 0,                                                                         
                                                   "Plans": [                                                                                        
                                                     {                                                                                               
                                                       "Node Type": "Index Scan",                                                                    
                                                       "Parent Relationship": "Outer",                                                               
                                                       "Parallel Aware": false,                                                                      
                                                       "Scan Direction": "Forward",                                                                  
                                                       "Index Name": "keyword_idx_keyword",                                                          
                                                       "Relation Name": "keyword",                                                                   
                                                       "Alias": "k",                                                                                 
                                                       "Startup Cost": 0.01,                                                                         
                                                       "Total Cost": 6.13,                                                                           
                                                       "Plan Rows": 1,                                                                               
                                                       "Plan Width": 4,                                                                              
                                                       "Actual Startup Time": 23.748,                                                                
                                                       "Actual Total Time": 23.751,                                                                  
                                                       "Actual Rows": 1,                                                                             
                                                       "Actual Loops": 1,                                                                            
                                                       "Index Cond": "(keyword = 'sequel'::text)",                                                   
                                                       "Rows Removed by Index Recheck": 0,                                                           
                                                       "Shared Hit Blocks": 0,                                                                       
                                                       "Shared Read Blocks": 4,                                                                      
                                                       "Shared Dirtied Blocks": 0,                                                                   
                                                       "Shared Written Blocks": 0,                                                                   
                                                       "Local Hit Blocks": 0,                                                                        
                                                       "Local Read Blocks": 0,                                                                       
                                                       "Local Dirtied Blocks": 0,                                                                    
                                                       "Local Written Blocks": 0,                                                                    
                                                       "Temp Read Blocks": 0,                                                                        
                                                       "Temp Written Blocks": 0                                                                      
                                                     },                                                                                              
                                                     {                                                                                               
                                                       "Node Type": "Index Scan",                                                                    
                                                       "Parent Relationship": "Inner",                                                               
                                                       "Parallel Aware": false,                                                                      
                                                       "Scan Direction": "Forward",                                                                  
                                                       "Index Name": "keyword_id_movie_keyword",                                                     
                                                       "Relation Name": "movie_keyword",                                                             
                                                       "Alias": "mk",                                                                                
                                                       "Startup Cost": 0.01,                                                                         
                                                       "Total Cost": 122.40,                                                                         
                                                       "Plan Rows": 39,                                                                              
                                                       "Plan Width": 8,                                                                              
                                                       "Actual Startup Time": 23.320,                                                                
                                                       "Actual Total Time": 1361.910,                                                                
                                                       "Actual Rows": 10544,                                                                         
                                                       "Actual Loops": 1,                                                                            
                                                       "Index Cond": "(keyword_id = k.id)",                                                          
                                                       "Rows Removed by Index Recheck": 0,                                                           
                                                       "Shared Hit Blocks": 2,                                                                       
                                                       "Shared Read Blocks": 5600,                                                                   
                                                       "Shared Dirtied Blocks": 0,                                                                   
                                                       "Shared Written Blocks": 0,                                                                   
                                                       "Local Hit Blocks": 0,                                                                        
                                                       "Local Read Blocks": 0,                                                                       
                                                       "Local Dirtied Blocks": 0,                                                                    
                                                       "Local Written Blocks": 0,                                                                    
                                                       "Temp Read Blocks": 0,                                                                        
                                                       "Temp Written Blocks": 0                                                                      
                                                     }                                                                                               
                                                   ]                                                                                                 
                                                 },                                                                                                  
                                                 {                                                                                                   
                                                   "Node Type": "Index Scan",                                                                        
                                                   "Parent Relationship": "Inner",                                                                   
                                                   "Parallel Aware": false,                                                                          
                                                   "Scan Direction": "Forward",                                                                      
                                                   "Index Name": "movie_id_movie_link",                                                              
                                                   "Relation Name": "movie_link",                                                                    
                                                   "Alias": "ml",                                                                                    
                                                   "Startup Cost": 0.01,                                                                             
                                                   "Total Cost": 0.01,                                                                               
                                                   "Plan Rows": 5,                                                                                   
                                                   "Plan Width": 8,                                                                                  
                                                   "Actual Startup Time": 0.011,                                                                     
                                                   "Actual Total Time": 0.011,                                                                       
                                                   "Actual Rows": 0,                                                                                 
                                                   "Actual Loops": 10544,                                                                            
                                                   "Index Cond": "(movie_id = mk.movie_id)",                                                         
                                                   "Rows Removed by Index Recheck": 0,                                                               
                                                   "Shared Hit Blocks": 21084,                                                                       
                                                   "Shared Read Blocks": 40,                                                                         
                                                   "Shared Dirtied Blocks": 0,                                                                       
                                                   "Shared Written Blocks": 0,                                                                       
                                                   "Local Hit Blocks": 0,                                                                            
                                                   "Local Read Blocks": 0,                                                                           
                                                   "Local Dirtied Blocks": 0,                                                                        
                                                   "Local Written Blocks": 0,                                                                        
                                                   "Temp Read Blocks": 0,                                                                            
                                                   "Temp Written Blocks": 0                                                                          
                                                 }                                                                                                   
                                               ]                                                                                                     
                                             },                                                                                                      
                                             {                                                                                                       
                                               "Node Type": "Index Scan",                                                                            
                                               "Parent Relationship": "Inner",                                                                       
                                               "Parallel Aware": false,                                                                              
                                               "Scan Direction": "Forward",                                                                          
                                               "Index Name": "movie_id_movie_info",                                                                  
                                               "Relation Name": "movie_info",                                                                        
                                               "Alias": "mi",                                                                                        
                                               "Startup Cost": 0.01,                                                                                 
                                               "Total Cost": 0.15,                                                                                   
                                               "Plan Rows": 1,                                                                                       
                                               "Plan Width": 4,                                                                                      
                                               "Actual Startup Time": 4.232,                                                                         
                                               "Actual Total Time": 4.312,                                                                           
                                               "Actual Rows": 2,                                                                                     
                                               "Actual Loops": 251,                                                                                  
                                               "Index Cond": "(movie_id = mk.movie_id)",                                                             
                                               "Rows Removed by Index Recheck": 0,                                                                   
                                               "Filter": "(info = ANY ('{Sweden,Germany,Swedish,German}'::text[]))",                                 
                                               "Rows Removed by Filter": 23,                                                                         
                                               "Shared Hit Blocks": 3405,                                                                            
                                               "Shared Read Blocks": 251,                                                                            
                                               "Shared Dirtied Blocks": 0,                                                                           
                                               "Shared Written Blocks": 0,                                                                           
                                               "Local Hit Blocks": 0,                                                                                
                                               "Local Read Blocks": 0,                                                                               
                                               "Local Dirtied Blocks": 0,                                                                            
                                               "Local Written Blocks": 0,                                                                            
                                               "Temp Read Blocks": 0,                                                                                
                                               "Temp Written Blocks": 0                                                                              
                                             }                                                                                                       
                                           ]                                                                                                         
                                         },                                                                                                          
                                         {                                                                                                           
                                           "Node Type": "Index Scan",                                                                                
                                           "Parent Relationship": "Inner",                                                                           
                                           "Parallel Aware": false,                                                                                  
                                           "Scan Direction": "Forward",                                                                              
                                           "Index Name": "link_type_pkey",                                                                           
                                           "Relation Name": "link_type",                                                                             
                                           "Alias": "lt",                                                                                            
                                           "Startup Cost": 0.00,                                                                                     
                                           "Total Cost": 0.00,                                                                                       
                                           "Plan Rows": 1,                                                                                           
                                           "Plan Width": 16,                                                                                         
                                           "Actual Startup Time": 0.004,                                                                             
                                           "Actual Total Time": 0.004,                                                                               
                                           "Actual Rows": 1,                                                                                         
                                           "Actual Loops": 420,                                                                                      
                                           "Index Cond": "(id = ml.link_type_id)",                                                                   
                                           "Rows Removed by Index Recheck": 0,                                                                       
                                           "Filter": "((link)::text ~~ '%follow%'::text)",                                                           
                                           "Rows Removed by Filter": 0,                                                                              
                                           "Shared Hit Blocks": 840,                                                                                 
                                           "Shared Read Blocks": 0,                                                                                  
                                           "Shared Dirtied Blocks": 0,                                                                               
                                           "Shared Written Blocks": 0,                                                                               
                                           "Local Hit Blocks": 0,                                                                                    
                                           "Local Read Blocks": 0,                                                                                   
                                           "Local Dirtied Blocks": 0,                                                                                
                                           "Local Written Blocks": 0,                                                                                
                                           "Temp Read Blocks": 0,                                                                                    
                                           "Temp Written Blocks": 0                                                                                  
                                         }                                                                                                           
                                       ]                                                                                                             
                                     },                                                                                                              
                                     {                                                                                                               
                                       "Node Type": "Index Scan",                                                                                    
                                       "Parent Relationship": "Inner",                                                                               
                                       "Parallel Aware": false,                                                                                      
                                       "Scan Direction": "Forward",                                                                                  
                                       "Index Name": "movie_id_movie_companies",                                                                     
                                       "Relation Name": "movie_companies",                                                                           
                                       "Alias": "mc",                                                                                                
                                       "Startup Cost": 0.01,                                                                                         
                                       "Total Cost": 0.03,                                                                                           
                                       "Plan Rows": 1,                                                                                               
                                       "Plan Width": 12,                                                                                             
                                       "Actual Startup Time": 0.177,                                                                                 
                                       "Actual Total Time": 0.181,                                                                                   
                                       "Actual Rows": 6,                                                                                             
                                       "Actual Loops": 420,                                                                                          
                                       "Index Cond": "(movie_id = mk.movie_id)",                                                                     
                                       "Rows Removed by Index Recheck": 0,                                                                           
                                       "Filter": "(note IS NULL)",                                                                                   
                                       "Rows Removed by Filter": 2,                                                                                  
                                       "Shared Hit Blocks": 2089,                                                                                    
                                       "Shared Read Blocks": 7,                                                                                      
                                       "Shared Dirtied Blocks": 0,                                                                                   
                                       "Shared Written Blocks": 0,                                                                                   
                                       "Local Hit Blocks": 0,                                                                                        
                                       "Local Read Blocks": 0,                                                                                       
                                       "Local Dirtied Blocks": 0,                                                                                    
                                       "Local Written Blocks": 0,                                                                                    
                                       "Temp Read Blocks": 0,                                                                                        
                                       "Temp Written Blocks": 0                                                                                      
                                     }                                                                                                               
                                   ]                                                                                                                 
                                 },                                                                                                                  
                                 {                                                                                                                   
                                   "Node Type": "Index Scan",                                                                                        
                                   "Parent Relationship": "Inner",                                                                                   
                                   "Parallel Aware": false,                                                                                          
                                   "Scan Direction": "Forward",                                                                                      
                                   "Index Name": "company_name_pkey",                                                                                
                                   "Relation Name": "company_name",                                                                                  
                                   "Alias": "cn",                                                                                                    
                                   "Startup Cost": 0.01,                                                                                             
                                   "Total Cost": 0.02,                                                                                               
                                   "Plan Rows": 1,                                                                                                   
                                   "Plan Width": 23,                                                                                                 
                                   "Actual Startup Time": 0.103,                                                                                     
                                   "Actual Total Time": 0.103,                                                                                       
                                   "Actual Rows": 0,                                                                                                 
                                   "Actual Loops": 2595,                                                                                             
                                   "Index Cond": "(id = mc.company_id)",                                                                             
                                   "Rows Removed by Index Recheck": 0,                                                                               
                                   "Filter": "(((country_code)::text <> '[pl]'::text) AND ((name ~~ '%Film%'::text) OR (name ~~ '%Warner%'::text)))",
                                   "Rows Removed by Filter": 1,                                                                                      
                                   "Shared Hit Blocks": 10348,                                                                                       
                                   "Shared Read Blocks": 32,                                                                                         
                                   "Shared Dirtied Blocks": 0,                                                                                       
                                   "Shared Written Blocks": 0,                                                                                       
                                   "Local Hit Blocks": 0,                                                                                            
                                   "Local Read Blocks": 0,                                                                                           
                                   "Local Dirtied Blocks": 0,                                                                                        
                                   "Local Written Blocks": 0,                                                                                        
                                   "Temp Read Blocks": 0,                                                                                            
                                   "Temp Written Blocks": 0                                                                                          
                                 }                                                                                                                   
                               ]                                                                                                                     
                             },                                                                                                                      
                             {                                                                                                                       
                               "Node Type": "Index Scan",                                                                                            
                               "Parent Relationship": "Inner",                                                                                       
                               "Parallel Aware": false,                                                                                              
                               "Scan Direction": "Forward",                                                                                          
                               "Index Name": "movie_id_complete_cast",                                                                               
                               "Relation Name": "complete_cast",                                                                                     
                               "Alias": "cc",                                                                                                        
                               "Startup Cost": 0.01,                                                                                                 
                               "Total Cost": 0.01,                                                                                                   
                               "Plan Rows": 1,                                                                                                       
                               "Plan Width": 12,                                                                                                     
                               "Actual Startup Time": 0.038,                                                                                         
                               "Actual Total Time": 0.055,                                                                                           
                               "Actual Rows": 1,                                                                                                     
                               "Actual Loops": 1157,                                                                                                 
                               "Index Cond": "(movie_id = mk.movie_id)",                                                                             
                               "Rows Removed by Index Recheck": 0,                                                                                   
                               "Shared Hit Blocks": 4171,                                                                                            
                               "Shared Read Blocks": 5,                                                                                              
                               "Shared Dirtied Blocks": 0,                                                                                           
                               "Shared Written Blocks": 0,                                                                                           
                               "Local Hit Blocks": 0,                                                                                                
                               "Local Read Blocks": 0,                                                                                               
                               "Local Dirtied Blocks": 0,                                                                                            
                               "Local Written Blocks": 0,                                                                                            
                               "Temp Read Blocks": 0,                                                                                                
                               "Temp Written Blocks": 0                                                                                              
                             }                                                                                                                       
                           ]                                                                                                                         
                         },                                                                                                                          
                         {                                                                                                                           
                           "Node Type": "Index Scan",                                                                                                
                           "Parent Relationship": "Inner",                                                                                           
                           "Parallel Aware": false,                                                                                                  
                           "Scan Direction": "Forward",                                                                                              
                           "Index Name": "comp_cast_type_pkey",                                                                                      
                           "Relation Name": "comp_cast_type",                                                                                        
                           "Alias": "cct",                                                                                                          
                           "Startup Cost": 0.00,                                                                                                     
                           "Total Cost": 0.00,                                                                                                       
                           "Plan Rows": 1,                                                                                                           
                           "Plan Width": 4,                                                                                                          
                           "Actual Startup Time": 0.004,                                                                                             
                           "Actual Total Time": 0.004,                                                                                               
                           "Actual Rows": 1,                                                                                                         
                           "Actual Loops": 705,                                                                                                      
                           "Index Cond": "(id = cc.status_id)",                                                                                      
                           "Rows Removed by Index Recheck": 0,                                                                                       
                           "Filter": "((kind)::text = 'complete'::text)",                                                                            
                           "Rows Removed by Filter": 0,                                                                                              
                           "Shared Hit Blocks": 1410,                                                                                                
                           "Shared Read Blocks": 0,                                                                                                  
                           "Shared Dirtied Blocks": 0,                                                                                               
                           "Shared Written Blocks": 0,                                                                                               
                           "Local Hit Blocks": 0,                                                                                                    
                           "Local Read Blocks": 0,                                                                                                   
                           "Local Dirtied Blocks": 0,                                                                                                
                           "Local Written Blocks": 0,                                                                                                
                           "Temp Read Blocks": 0,                                                                                                    
                           "Temp Written Blocks": 0                                                                                                  
                         }                                                                                                                           
                       ]                                                                                                                             
                     },                                                                                                                              
                     {                                                                                                                               
                       "Node Type": "Index Scan",                                                                                                    
                       "Parent Relationship": "Inner",                                                                                               
                       "Parallel Aware": false,                                                                                                      
                       "Scan Direction": "Forward",                                                                                                  
                       "Index Name": "comp_cast_type_pkey",                                                                                          
                       "Relation Name": "comp_cast_type",                                                                                            
                       "Alias": "cct",                                                                                                              
                       "Startup Cost": 0.00,                                                                                                         
                       "Total Cost": 0.00,                                                                                                           
                       "Plan Rows": 1,                                                                                                               
                       "Plan Width": 4,                                                                                                              
                       "Actual Startup Time": 0.003,                                                                                                 
                       "Actual Total Time": 0.003,                                                                                                   
                       "Actual Rows": 1,                                                                                                             
                       "Actual Loops": 534,                                                                                                          
                       "Index Cond": "(id = cc.subject_id)",                                                                                         
                       "Rows Removed by Index Recheck": 0,                                                                                           
                       "Filter": "((kind)::text = ANY ('{cast,crew}'::text[]))",                                                                     
                       "Rows Removed by Filter": 0,                                                                                                  
                       "Shared Hit Blocks": 1068,                                                                                                    
                       "Shared Read Blocks": 0,                                                                                                      
                       "Shared Dirtied Blocks": 0,                                                                                                   
                       "Shared Written Blocks": 0,                                                                                                   
                       "Local Hit Blocks": 0,                                                                                                        
                       "Local Read Blocks": 0,                                                                                                       
                       "Local Dirtied Blocks": 0,                                                                                                    
                       "Local Written Blocks": 0,                                                                                                    
                       "Temp Read Blocks": 0,                                                                                                        
                       "Temp Written Blocks": 0                                                                                                      
                     }                                                                                                                               
                   ]                                                                                                                                 
                 },                                                                                                                                  
                 {                                                                                                                                   
                   "Node Type": "Index Scan",                                                                                                        
                   "Parent Relationship": "Inner",                                                                                                   
                   "Parallel Aware": false,                                                                                                          
                   "Scan Direction": "Forward",                                                                                                      
                   "Index Name": "company_type_pkey",                                                                                                
                   "Relation Name": "company_type",                                                                                                  
                   "Alias": "ct",                                                                                                                    
                   "Startup Cost": 0.00,                                                                                                             
                   "Total Cost": 0.00,                                                                                                               
                   "Plan Rows": 1,                                                                                                                   
                   "Plan Width": 4,                                                                                                                  
                   "Actual Startup Time": 0.004,                                                                                                     
                   "Actual Total Time": 0.004,                                                                                                       
                   "Actual Rows": 1,                                                                                                                 
                   "Actual Loops": 534,                                                                                                              
                   "Index Cond": "(id = mc.company_type_id)",                                                                                        
                   "Rows Removed by Index Recheck": 0,                                                                                               
                   "Filter": "((kind)::text = 'production companies'::text)",                                                                        
                   "Rows Removed by Filter": 0,                                                                                                      
                   "Shared Hit Blocks": 1068,                                                                                                        
                   "Shared Read Blocks": 0,                                                                                                          
                   "Shared Dirtied Blocks": 0,                                                                                                       
                   "Shared Written Blocks": 0,                                                                                                       
                   "Local Hit Blocks": 0,                                                                                                            
                   "Local Read Blocks": 0,                                                                                                           
                   "Local Dirtied Blocks": 0,                                                                                                        
                   "Local Written Blocks": 0,                                                                                                        
                   "Temp Read Blocks": 0,                                                                                                            
                   "Temp Written Blocks": 0                                                                                                          
                 }                                                                                                                                   
               ]                                                                                                                                     
             },                                                                                                                                      
             {                                                                                                                                       
               "Node Type": "Index Scan",                                                                                                            
               "Parent Relationship": "Inner",                                                                                                       
               "Parallel Aware": false,                                                                                                              
               "Scan Direction": "Forward",                                                                                                          
               "Index Name": "title_idx_id",                                                                                                         
               "Relation Name": "title",                                                                                                             
               "Alias": "t",                                                                                                                         
               "Startup Cost": 0.01,                                                                                                                 
               "Total Cost": 0.04,                                                                                                                   
               "Plan Rows": 1,                                                                                                                       
               "Plan Width": 21,                                                                                                                     
               "Actual Startup Time": 0.204,                                                                                                         
               "Actual Total Time": 0.204,                                                                                                           
               "Actual Rows": 1,                                                                                                                     
               "Actual Loops": 477,                                                                                                                  
               "Index Cond": "(id = mk.movie_id)",                                                                                                   
               "Rows Removed by Index Recheck": 0,                                                                                                   
               "Filter": "((production_year >= 1950) AND (production_year <= 2000))",                                                                
               "Rows Removed by Filter": 0,                                                                                                          
               "Shared Hit Blocks": 1901,                                                                                                            
               "Shared Read Blocks": 7,                                                                                                              
               "Shared Dirtied Blocks": 0,                                                                                                           
               "Shared Written Blocks": 0,                                                                                                           
               "Local Hit Blocks": 0,                                                                                                                
               "Local Read Blocks": 0,                                                                                                               
               "Local Dirtied Blocks": 0,                                                                                                            
               "Local Written Blocks": 0,                                                                                                            
               "Temp Read Blocks": 0,                                                                                                                
               "Temp Written Blocks": 0                                                                                                              
             }                                                                                                                                       
           ]                                                                                                                                         
         }                                                                                                                                           
       ]                                                                                                                                             
     },                                                                                                                                              
     "Planning Time": 11509.611,                                                                                                                     
     "Triggers": [                                                                                                                                   
     ],                                                                                                                                              
     "Execution Time": 3182.047                                                                                                                      
   }                                                                                                                                                 
 ]
