 [                                                                                                                                                   
   {                                                                                                                                                 
     "Plan": {                                                                                                                                       
       "Node Type": "Aggregate",                                                                                                                     
       "Strategy": "Plain",                                                                                                                          
       "Partial Mode": "Simple",                                                                                                                     
       "Parallel Aware": false,                                                                                                                      
       "Startup Cost": 518.01,                                                                                                                       
       "Total Cost": 518.01,                                                                                                                         
       "Plan Rows": 1,                                                                                                                               
       "Plan Width": 96,                                                                                                                             
       "Actual Startup Time": 148758.662,                                                                                                            
       "Actual Total Time": 148758.663,                                                                                                              
       "Actual Rows": 1,                                                                                                                             
       "Actual Loops": 1,                                                                                                                            
       "Shared Hit Blocks": 1305544,                                                                                                                 
       "Shared Read Blocks": 60141,                                                                                                                  
       "Shared Dirtied Blocks": 0,                                                                                                                   
       "Shared Written Blocks": 0,                                                                                                                   
       "Local Hit Blocks": 0,                                                                                                                        
       "Local Read Blocks": 0,                                                                                                                       
       "Local Dirtied Blocks": 0,                                                                                                                    
       "Local Written Blocks": 0,                                                                                                                    
       "Temp Read Blocks": 0,                                                                                                                        
       "Temp Written Blocks": 0,                                                                                                                     
       "Plans": [                                                                                                                                    
         {                                                                                                                                           
           "Node Type": "Nested Loop",                                                                                                               
           "Parent Relationship": "Outer",                                                                                                           
           "Parallel Aware": false,                                                                                                                  
           "Join Type": "Inner",                                                                                                                     
           "Startup Cost": 0.13,                                                                                                                     
           "Total Cost": 518.01,                                                                                                                     
           "Plan Rows": 1,                                                                                                                           
           "Plan Width": 42,                                                                                                                         
           "Actual Startup Time": 3268.862,                                                                                                          
           "Actual Total Time": 148738.705,                                                                                                          
           "Actual Rows": 8373,                                                                                                                      
           "Actual Loops": 1,                                                                                                                        
           "Inner Unique": true,                                                                                                                     
           "Shared Hit Blocks": 1305544,                                                                                                             
           "Shared Read Blocks": 60141,                                                                                                              
           "Shared Dirtied Blocks": 0,                                                                                                               
           "Shared Written Blocks": 0,                                                                                                               
           "Local Hit Blocks": 0,                                                                                                                    
           "Local Read Blocks": 0,                                                                                                                   
           "Local Dirtied Blocks": 0,                                                                                                                
           "Local Written Blocks": 0,                                                                                                                
           "Temp Read Blocks": 0,                                                                                                                    
           "Temp Written Blocks": 0,                                                                                                                 
           "Plans": [                                                                                                                                
             {                                                                                                                                       
               "Node Type": "Nested Loop",                                                                                                           
               "Parent Relationship": "Outer",                                                                                                       
               "Parallel Aware": false,                                                                                                              
               "Join Type": "Inner",                                                                                                                 
               "Startup Cost": 0.13,                                                                                                                 
               "Total Cost": 517.98,                                                                                                                 
               "Plan Rows": 1,                                                                                                                       
               "Plan Width": 46,                                                                                                                     
               "Actual Startup Time": 3210.357,                                                                                                      
               "Actual Total Time": 148630.661,                                                                                                      
               "Actual Rows": 24852,                                                                                                                 
               "Actual Loops": 1,                                                                                                                    
               "Inner Unique": false,                                                                                                                
               "Join Filter": "(t.id = mi_idx.movie_id)",                                                                                            
               "Rows Removed by Join Filter": 0,                                                                                                     
               "Shared Hit Blocks": 1255840,                                                                                                         
               "Shared Read Blocks": 60141,                                                                                                          
               "Shared Dirtied Blocks": 0,                                                                                                           
               "Shared Written Blocks": 0,                                                                                                           
               "Local Hit Blocks": 0,                                                                                                                
               "Local Read Blocks": 0,                                                                                                               
               "Local Dirtied Blocks": 0,                                                                                                            
               "Local Written Blocks": 0,                                                                                                            
               "Temp Read Blocks": 0,                                                                                                                
               "Temp Written Blocks": 0,                                                                                                             
               "Plans": [                                                                                                                            
                 {                                                                                                                                   
                   "Node Type": "Nested Loop",                                                                                                       
                   "Parent Relationship": "Outer",                                                                                                   
                   "Parallel Aware": false,                                                                                                          
                   "Join Type": "Inner",                                                                                                             
                   "Startup Cost": 0.11,                                                                                                             
                   "Total Cost": 517.87,                                                                                                             
                   "Plan Rows": 1,                                                                                                                   
                   "Plan Width": 56,                                                                                                                 
                   "Actual Startup Time": 3175.076,                                                                                                  
                   "Actual Total Time": 143411.432,                                                                                                  
                   "Actual Rows": 8493,                                                                                                              
                   "Actual Loops": 1,                                                                                                                
                   "Inner Unique": true,                                                                                                             
                   "Shared Hit Blocks": 1221702,                                                                                                     
                   "Shared Read Blocks": 59616,                                                                                                      
                   "Shared Dirtied Blocks": 0,                                                                                                       
                   "Shared Written Blocks": 0,                                                                                                       
                   "Local Hit Blocks": 0,                                                                                                            
                   "Local Read Blocks": 0,                                                                                                           
                   "Local Dirtied Blocks": 0,                                                                                                        
                   "Local Written Blocks": 0,                                                                                                        
                   "Temp Read Blocks": 0,                                                                                                            
                   "Temp Written Blocks": 0,                                                                                                         
                   "Plans": [                                                                                                                        
                     {                                                                                                                               
                       "Node Type": "Nested Loop",                                                                                                   
                       "Parent Relationship": "Outer",                                                                                               
                       "Parallel Aware": false,                                                                                                      
                       "Join Type": "Inner",                                                                                                         
                       "Startup Cost": 0.11,                                                                                                         
                       "Total Cost": 517.85,                                                                                                         
                       "Plan Rows": 1,                                                                                                               
                       "Plan Width": 60,                                                                                                             
                       "Actual Startup Time": 3175.025,                                                                                              
                       "Actual Total Time": 143364.692,                                                                                              
                       "Actual Rows": 8788,                                                                                                          
                       "Actual Loops": 1,                                                                                                            
                       "Inner Unique": true,                                                                                                         
                       "Join Filter": "(mi.movie_id = t.id)",                                                                                        
                       "Rows Removed by Join Filter": 0,                                                                                             
                       "Shared Hit Blocks": 1204126,                                                                                                 
                       "Shared Read Blocks": 59616,                                                                                                  
                       "Shared Dirtied Blocks": 0,                                                                                                   
                       "Shared Written Blocks": 0,                                                                                                   
                       "Local Hit Blocks": 0,                                                                                                        
                       "Local Read Blocks": 0,                                                                                                       
                       "Local Dirtied Blocks": 0,                                                                                                    
                       "Local Written Blocks": 0,                                                                                                    
                       "Temp Read Blocks": 0,                                                                                                        
                       "Temp Written Blocks": 0,                                                                                                     
                       "Plans": [                                                                                                                    
                         {                                                                                                                           
                           "Node Type": "Nested Loop",                                                                                               
                           "Parent Relationship": "Outer",                                                                                           
                           "Parallel Aware": false,                                                                                                  
                           "Join Type": "Inner",                                                                                                     
                           "Startup Cost": 0.10,                                                                                                     
                           "Total Cost": 517.63,                                                                                                     
                           "Plan Rows": 1,                                                                                                           
                           "Plan Width": 35,                                                                                                         
                           "Actual Startup Time": 272.187,                                                                                           
                           "Actual Total Time": 126711.074,                                                                                          
                           "Actual Rows": 22323,                                                                                                     
                           "Actual Loops": 1,                                                                                                        
                           "Inner Unique": true,                                                                                                     
                           "Shared Hit Blocks": 1116968,                                                                                             
                           "Shared Read Blocks": 57443,                                                                                              
                           "Shared Dirtied Blocks": 0,                                                                                               
                           "Shared Written Blocks": 0,                                                                                               
                           "Local Hit Blocks": 0,                                                                                                    
                           "Local Read Blocks": 0,                                                                                                   
                           "Local Dirtied Blocks": 0,                                                                                                
                           "Local Written Blocks": 0,                                                                                                
                           "Temp Read Blocks": 0,                                                                                                    
                           "Temp Written Blocks": 0,                                                                                                 
                           "Plans": [                                                                                                                
                             {                                                                                                                       
                               "Node Type": "Nested Loop",                                                                                           
                               "Parent Relationship": "Outer",                                                                                       
                               "Parallel Aware": false,                                                                                              
                               "Join Type": "Inner",                                                                                                 
                               "Startup Cost": 0.09,                                                                                                 
                               "Total Cost": 517.62,                                                                                                 
                               "Plan Rows": 2,                                                                                                       
                               "Plan Width": 39,                                                                                                     
                               "Actual Startup Time": 272.133,                                                                                       
                               "Actual Total Time": 126560.210,                                                                                      
                               "Actual Rows": 27394,                                                                                                 
                               "Actual Loops": 1,                                                                                                    
                               "Inner Unique": false,                                                                                                
                               "Shared Hit Blocks": 1062180,                                                                                         
                               "Shared Read Blocks": 57443,                                                                                          
                               "Shared Dirtied Blocks": 0,                                                                                           
                               "Shared Written Blocks": 0,                                                                                           
                               "Local Hit Blocks": 0,                                                                                                
                               "Local Read Blocks": 0,                                                                                               
                               "Local Dirtied Blocks": 0,                                                                                            
                               "Local Written Blocks": 0,                                                                                            
                               "Temp Read Blocks": 0,                                                                                                
                               "Temp Written Blocks": 0,                                                                                             
                               "Plans": [                                                                                                            
                                 {                                                                                                                   
                                   "Node Type": "Nested Loop",                                                                                       
                                   "Parent Relationship": "Outer",                                                                                   
                                   "Parallel Aware": false,                                                                                          
                                   "Join Type": "Inner",                                                                                             
                                   "Startup Cost": 0.08,                                                                                             
                                   "Total Cost": 516.85,                                                                                             
                                   "Plan Rows": 1,                                                                                                   
                                   "Plan Width": 31,                                                                                                 
                                   "Actual Startup Time": 186.130,                                                                                   
                                   "Actual Total Time": 31533.741,                                                                                   
                                   "Actual Rows": 22725,                                                                                             
                                   "Actual Loops": 1,                                                                                                
                                   "Inner Unique": true,                                                                                             
                                   "Shared Hit Blocks": 490445,                                                                                      
                                   "Shared Read Blocks": 28992,                                                                                      
                                   "Shared Dirtied Blocks": 0,                                                                                       
                                   "Shared Written Blocks": 0,                                                                                       
                                   "Local Hit Blocks": 0,                                                                                            
                                   "Local Read Blocks": 0,                                                                                           
                                   "Local Dirtied Blocks": 0,                                                                                        
                                   "Local Written Blocks": 0,                                                                                        
                                   "Temp Read Blocks": 0,                                                                                            
                                   "Temp Written Blocks": 0,                                                                                         
                                   "Plans": [                                                                                                        
                                     {                                                                                                               
                                       "Node Type": "Nested Loop",                                                                                   
                                       "Parent Relationship": "Outer",                                                                               
                                       "Parallel Aware": false,                                                                                      
                                       "Join Type": "Inner",                                                                                         
                                       "Startup Cost": 0.07,                                                                                         
                                       "Total Cost": 516.84,                                                                                         
                                       "Plan Rows": 2,                                                                                               
                                       "Plan Width": 35,                                                                                             
                                       "Actual Startup Time": 186.095,                                                                               
                                       "Actual Total Time": 31381.580,                                                                               
                                       "Actual Rows": 32016,                                                                                         
                                       "Actual Loops": 1,                                                                                            
                                       "Inner Unique": true,                                                                                         
                                       "Shared Hit Blocks": 426413,                                                                                  
                                       "Shared Read Blocks": 28992,                                                                                  
                                       "Shared Dirtied Blocks": 0,                                                                                   
                                       "Shared Written Blocks": 0,                                                                                   
                                       "Local Hit Blocks": 0,                                                                                        
                                       "Local Read Blocks": 0,                                                                                       
                                       "Local Dirtied Blocks": 0,                                                                                    
                                       "Local Written Blocks": 0,                                                                                    
                                       "Temp Read Blocks": 0,                                                                                        
                                       "Temp Written Blocks": 0,                                                                                     
                                       "Plans": [                                                                                                    
                                         {                                                                                                           
                                           "Node Type": "Nested Loop",                                                                               
                                           "Parent Relationship": "Outer",                                                                           
                                           "Parallel Aware": false,                                                                                  
                                           "Join Type": "Inner",                                                                                     
                                           "Startup Cost": 0.06,                                                                                     
                                           "Total Cost": 516.55,                                                                                     
                                           "Plan Rows": 3,                                                                                           
                                           "Plan Width": 20,                                                                                         
                                           "Actual Startup Time": 142.204,                                                                           
                                           "Actual Total Time": 26463.273,                                                                           
                                           "Actual Rows": 33990,                                                                                     
                                           "Actual Loops": 1,                                                                                        
                                           "Inner Unique": true,                                                                                     
                                           "Shared Hit Blocks": 291302,                                                                              
                                           "Shared Read Blocks": 27929,                                                                              
                                           "Shared Dirtied Blocks": 0,                                                                               
                                           "Shared Written Blocks": 0,                                                                               
                                           "Local Hit Blocks": 0,                                                                                    
                                           "Local Read Blocks": 0,                                                                                   
                                           "Local Dirtied Blocks": 0,                                                                                
                                           "Local Written Blocks": 0,                                                                                
                                           "Temp Read Blocks": 0,                                                                                    
                                           "Temp Written Blocks": 0,                                                                                 
                                           "Plans": [                                                                                                
                                             {                                                                                                       
                                               "Node Type": "Nested Loop",                                                                           
                                               "Parent Relationship": "Outer",                                                                       
                                               "Parallel Aware": false,                                                                              
                                               "Join Type": "Inner",                                                                                 
                                               "Startup Cost": 0.06,                                                                                 
                                               "Total Cost": 516.54,                                                                                 
                                               "Plan Rows": 3,                                                                                       
                                               "Plan Width": 24,                                                                                     
                                               "Actual Startup Time": 142.173,                                                                       
                                               "Actual Total Time": 26287.301,                                                                       
                                               "Actual Rows": 33990,                                                                                 
                                               "Actual Loops": 1,                                                                                    
                                               "Inner Unique": false,                                                                                
                                               "Shared Hit Blocks": 223322,                                                                          
                                               "Shared Read Blocks": 27929,                                                                          
                                               "Shared Dirtied Blocks": 0,                                                                           
                                               "Shared Written Blocks": 0,                                                                           
                                               "Local Hit Blocks": 0,                                                                                
                                               "Local Read Blocks": 0,                                                                               
                                               "Local Dirtied Blocks": 0,                                                                            
                                               "Local Written Blocks": 0,                                                                            
                                               "Temp Read Blocks": 0,                                                                                
                                               "Temp Written Blocks": 0,                                                                             
                                               "Plans": [                                                                                            
                                                 {                                                                                                   
                                                   "Node Type": "Nested Loop",                                                                       
                                                   "Parent Relationship": "Outer",                                                                   
                                                   "Parallel Aware": false,                                                                          
                                                   "Join Type": "Inner",                                                                             
                                                   "Startup Cost": 0.04,                                                                             
                                                   "Total Cost": 516.22,                                                                             
                                                   "Plan Rows": 10,                                                                                  
                                                   "Plan Width": 12,                                                                                 
                                                   "Actual Startup Time": 109.889,                                                                   
                                                   "Actual Total Time": 11271.309,                                                                   
                                                   "Actual Rows": 10536,                                                                             
                                                   "Actual Loops": 1,                                                                                
                                                   "Inner Unique": true,                                                                             
                                                   "Shared Hit Blocks": 180594,                                                                      
                                                   "Shared Read Blocks": 17344,                                                                      
                                                   "Shared Dirtied Blocks": 0,                                                                       
                                                   "Shared Written Blocks": 0,                                                                       
                                                   "Local Hit Blocks": 0,                                                                            
                                                   "Local Read Blocks": 0,                                                                           
                                                   "Local Dirtied Blocks": 0,                                                                        
                                                   "Local Written Blocks": 0,                                                                        
                                                   "Temp Read Blocks": 0,                                                                            
                                                   "Temp Written Blocks": 0,                                                                         
                                                   "Plans": [                                                                                        
                                                     {                                                                                               
                                                       "Node Type": "Nested Loop",                                                                   
                                                       "Parent Relationship": "Outer",                                                               
                                                       "Parallel Aware": false,                                                                      
                                                       "Join Type": "Inner",                                                                         
                                                       "Startup Cost": 0.04,                                                                         
                                                       "Total Cost": 516.04,                                                                         
                                                       "Plan Rows": 41,                                                                              
                                                       "Plan Width": 16,                                                                             
                                                       "Actual Startup Time": 109.863,                                                               
                                                       "Actual Total Time": 11165.373,                                                               
                                                       "Actual Rows": 20024,                                                                         
                                                       "Actual Loops": 1,                                                                            
                                                       "Inner Unique": false,                                                                        
                                                       "Shared Hit Blocks": 140546,                                                                  
                                                       "Shared Read Blocks": 17344,                                                                  
                                                       "Shared Dirtied Blocks": 0,                                                                   
                                                       "Shared Written Blocks": 0,                                                                   
                                                       "Local Hit Blocks": 0,                                                                        
                                                       "Local Read Blocks": 0,                                                                       
                                                       "Local Dirtied Blocks": 0,                                                                    
                                                       "Local Written Blocks": 0,                                                                    
                                                       "Temp Read Blocks": 0,                                                                        
                                                       "Temp Written Blocks": 0,                                                                     
                                                       "Plans": [                                                                                    
                                                         {                                                                                           
                                                           "Node Type": "Nested Loop",                                                               
                                                           "Parent Relationship": "Outer",                                                           
                                                           "Parallel Aware": false,                                                                  
                                                           "Join Type": "Inner",                                                                     
                                                           "Startup Cost": 0.03,                                                                     
                                                           "Total Cost": 514.14,                                                                     
                                                           "Plan Rows": 135,                                                                         
                                                           "Plan Width": 4,                                                                          
                                                           "Actual Startup Time": 54.698,                                                            
                                                           "Actual Total Time": 9773.298,                                                            
                                                           "Actual Rows": 37091,                                                                     
                                                           "Actual Loops": 1,                                                                        
                                                           "Inner Unique": false,                                                                    
                                                           "Shared Hit Blocks": 10145,                                                               
                                                           "Shared Read Blocks": 16297,                                                              
                                                           "Shared Dirtied Blocks": 0,                                                               
                                                           "Shared Written Blocks": 0,                                                               
                                                           "Local Hit Blocks": 0,                                                                    
                                                           "Local Read Blocks": 0,                                                                   
                                                           "Local Dirtied Blocks": 0,                                                                
                                                           "Local Written Blocks": 0,                                                                
                                                           "Temp Read Blocks": 0,                                                                    
                                                           "Temp Written Blocks": 0,                                                                 
                                                           "Plans": [                                                                                
                                                             {                                                                                       
                                                               "Node Type": "Index Scan",                                                            
                                                               "Parent Relationship": "Outer",                                                       
                                                               "Parallel Aware": false,                                                              
                                                               "Scan Direction": "Forward",                                                          
                                                               "Index Name": "keyword_idx_keyword",                                                  
                                                               "Relation Name": "keyword",                                                           
                                                               "Alias": "k",                                                                         
                                                               "Startup Cost": 0.01,                                                                 
                                                               "Total Cost": 24.53,                                                                  
                                                               "Plan Rows": 4,                                                                       
                                                               "Plan Width": 4,                                                                      
                                                               "Actual Startup Time": 31.437,                                                        
                                                               "Actual Total Time": 108.125,                                                         
                                                               "Actual Rows": 3,                                                                     
                                                               "Actual Loops": 1,                                                                    
                                                               "Index Cond": "(keyword = ANY ('{murder,murder-in-title,blood,violence}'::text[]))",  
                                                               "Rows Removed by Index Recheck": 0,                                                   
                                                               "Shared Hit Blocks": 8,                                                               
                                                               "Shared Read Blocks": 10,                                                             
                                                               "Shared Dirtied Blocks": 0,                                                           
                                                               "Shared Written Blocks": 0,                                                           
                                                               "Local Hit Blocks": 0,                                                                
                                                               "Local Read Blocks": 0,                                                               
                                                               "Local Dirtied Blocks": 0,                                                            
                                                               "Local Written Blocks": 0,                                                            
                                                               "Temp Read Blocks": 0,                                                                
                                                               "Temp Written Blocks": 0                                                              
                                                             },                                                                                      
                                                             {                                                                                       
                                                               "Node Type": "Index Scan",                                                            
                                                               "Parent Relationship": "Inner",                                                       
                                                               "Parallel Aware": false,                                                              
                                                               "Scan Direction": "Forward",                                                          
                                                               "Index Name": "keyword_id_movie_keyword",                                             
                                                               "Relation Name": "movie_keyword",                                                     
                                                               "Alias": "mk",                                                                        
                                                               "Startup Cost": 0.01,                                                                 
                                                               "Total Cost": 122.40,                                                                 
                                                               "Plan Rows": 39,                                                                      
                                                               "Plan Width": 8,                                                                      
                                                               "Actual Startup Time": 22.757,                                                        
                                                               "Actual Total Time": 3214.111,                                                        
                                                               "Actual Rows": 12364,                                                                 
                                                               "Actual Loops": 3,                                                                    
                                                               "Index Cond": "(keyword_id = k.id)",                                                  
                                                               "Rows Removed by Index Recheck": 0,                                                   
                                                               "Shared Hit Blocks": 10137,                                                           
                                                               "Shared Read Blocks": 16287,                                                          
                                                               "Shared Dirtied Blocks": 0,                                                           
                                                               "Shared Written Blocks": 0,                                                           
                                                               "Local Hit Blocks": 0,                                                                
                                                               "Local Read Blocks": 0,                                                               
                                                               "Local Dirtied Blocks": 0,                                                            
                                                               "Local Written Blocks": 0,                                                            
                                                               "Temp Read Blocks": 0,                                                                
                                                               "Temp Written Blocks": 0                                                              
                                                             }                                                                                       
                                                           ]                                                                                         
                                                         },                                                                                          
                                                         {                                                                                           
                                                           "Node Type": "Index Scan",                                                                
                                                           "Parent Relationship": "Inner",                                                           
                                                           "Parallel Aware": false,                                                                  
                                                           "Scan Direction": "Forward",                                                              
                                                           "Index Name": "movie_id_complete_cast",                                                   
                                                           "Relation Name": "complete_cast",                                                         
                                                           "Alias": "cc",                                                                            
                                                           "Startup Cost": 0.01,                                                                     
                                                           "Total Cost": 0.01,                                                                       
                                                           "Plan Rows": 1,                                                                           
                                                           "Plan Width": 12,                                                                         
                                                           "Actual Startup Time": 0.029,                                                             
                                                           "Actual Total Time": 0.036,                                                               
                                                           "Actual Rows": 1,                                                                         
                                                           "Actual Loops": 37091,                                                                    
                                                           "Index Cond": "(movie_id = mk.movie_id)",                                                 
                                                           "Rows Removed by Index Recheck": 0,                                                       
                                                           "Shared Hit Blocks": 130401,                                                              
                                                           "Shared Read Blocks": 1047,                                                               
                                                           "Shared Dirtied Blocks": 0,                                                               
                                                           "Shared Written Blocks": 0,                                                               
                                                           "Local Hit Blocks": 0,                                                                    
                                                           "Local Read Blocks": 0,                                                                   
                                                           "Local Dirtied Blocks": 0,                                                                
                                                           "Local Written Blocks": 0,                                                                
                                                           "Temp Read Blocks": 0,                                                                    
                                                           "Temp Written Blocks": 0                                                                  
                                                         }                                                                                           
                                                       ]                                                                                             
                                                     },                                                                                              
                                                     {                                                                                               
                                                       "Node Type": "Index Scan",                                                                    
                                                       "Parent Relationship": "Inner",                                                               
                                                       "Parallel Aware": false,                                                                      
                                                       "Scan Direction": "Forward",                                                                  
                                                       "Index Name": "comp_cast_type_pkey",                                                          
                                                       "Relation Name": "comp_cast_type",                                                            
                                                       "Alias": "cct",                                                                              
                                                       "Startup Cost": 0.00,                                                                         
                                                       "Total Cost": 0.00,                                                                           
                                                       "Plan Rows": 1,                                                                               
                                                       "Plan Width": 4,                                                                              
                                                       "Actual Startup Time": 0.004,                                                                 
                                                       "Actual Total Time": 0.004,                                                                   
                                                       "Actual Rows": 1,                                                                             
                                                       "Actual Loops": 20024,                                                                        
                                                       "Index Cond": "(id = cc.status_id)",                                                          
                                                       "Rows Removed by Index Recheck": 0,                                                           
                                                       "Filter": "((kind)::text = 'complete'::text)",                                                
                                                       "Rows Removed by Filter": 0,                                                                  
                                                       "Shared Hit Blocks": 40048,                                                                   
                                                       "Shared Read Blocks": 0,                                                                      
                                                       "Shared Dirtied Blocks": 0,                                                                   
                                                       "Shared Written Blocks": 0,                                                                   
                                                       "Local Hit Blocks": 0,                                                                        
                                                       "Local Read Blocks": 0,                                                                       
                                                       "Local Dirtied Blocks": 0,                                                                    
                                                       "Local Written Blocks": 0,                                                                    
                                                       "Temp Read Blocks": 0,                                                                        
                                                       "Temp Written Blocks": 0                                                                      
                                                     }                                                                                               
                                                   ]                                                                                                 
                                                 },                                                                                                  
                                                 {                                                                                                   
                                                   "Node Type": "Index Scan",                                                                        
                                                   "Parent Relationship": "Inner",                                                                   
                                                   "Parallel Aware": false,                                                                          
                                                   "Scan Direction": "Forward",                                                                      
                                                   "Index Name": "movie_id_movie_companies",                                                         
                                                   "Relation Name": "movie_companies",                                                               
                                                   "Alias": "mc",                                                                                    
                                                   "Startup Cost": 0.01,                                                                             
                                                   "Total Cost": 0.03,                                                                               
                                                   "Plan Rows": 1,                                                                                   
                                                   "Plan Width": 12,                                                                                 
                                                   "Actual Startup Time": 1.153,                                                                     
                                                   "Actual Total Time": 1.422,                                                                       
                                                   "Actual Rows": 3,                                                                                 
                                                   "Actual Loops": 10536,                                                                            
                                                   "Index Cond": "(movie_id = mk.movie_id)",                                                         
                                                   "Rows Removed by Index Recheck": 0,                                                               
                                                   "Filter": "((note !~~ '%(USA)%'::text) AND (note ~~ '%(200%)%'::text))",                          
                                                   "Rows Removed by Filter": 8,                                                                      
                                                   "Shared Hit Blocks": 42728,                                                                       
                                                   "Shared Read Blocks": 10585,                                                                      
                                                   "Shared Dirtied Blocks": 0,                                                                       
                                                   "Shared Written Blocks": 0,                                                                       
                                                   "Local Hit Blocks": 0,                                                                            
                                                   "Local Read Blocks": 0,                                                                           
                                                   "Local Dirtied Blocks": 0,                                                                        
                                                   "Local Written Blocks": 0,                                                                        
                                                   "Temp Read Blocks": 0,                                                                            
                                                   "Temp Written Blocks": 0                                                                          
                                                 }                                                                                                   
                                               ]                                                                                                     
                                             },                                                                                                      
                                             {                                                                                                       
                                               "Node Type": "Index Scan",                                                                            
                                               "Parent Relationship": "Inner",                                                                       
                                               "Parallel Aware": false,                                                                              
                                               "Scan Direction": "Forward",                                                                          
                                               "Index Name": "company_type_pkey",                                                                    
                                               "Relation Name": "company_type",                                                                      
                                               "Alias": "ct",                                                                                        
                                               "Startup Cost": 0.00,                                                                                 
                                               "Total Cost": 0.00,                                                                                   
                                               "Plan Rows": 1,                                                                                       
                                               "Plan Width": 4,                                                                                      
                                               "Actual Startup Time": 0.003,                                                                         
                                               "Actual Total Time": 0.003,                                                                           
                                               "Actual Rows": 1,                                                                                     
                                               "Actual Loops": 33990,                                                                                
                                               "Index Cond": "(id = mc.company_type_id)",                                                            
                                               "Rows Removed by Index Recheck": 0,                                                                   
                                               "Shared Hit Blocks": 67980,                                                                           
                                               "Shared Read Blocks": 0,                                                                              
                                               "Shared Dirtied Blocks": 0,                                                                           
                                               "Shared Written Blocks": 0,                                                                           
                                               "Local Hit Blocks": 0,                                                                                
                                               "Local Read Blocks": 0,                                                                               
                                               "Local Dirtied Blocks": 0,                                                                            
                                               "Local Written Blocks": 0,                                                                            
                                               "Temp Read Blocks": 0,                                                                                
                                               "Temp Written Blocks": 0                                                                              
                                             }                                                                                                       
                                           ]                                                                                                         
                                         },                                                                                                          
                                         {                                                                                                           
                                           "Node Type": "Index Scan",                                                                                
                                           "Parent Relationship": "Inner",                                                                           
                                           "Parallel Aware": false,                                                                                  
                                           "Scan Direction": "Forward",                                                                              
                                           "Index Name": "company_name_pkey",                                                                        
                                           "Relation Name": "company_name",                                                                          
                                           "Alias": "cn",                                                                                            
                                           "Startup Cost": 0.01,                                                                                     
                                           "Total Cost": 0.10,                                                                                       
                                           "Plan Rows": 1,                                                                                           
                                           "Plan Width": 23,                                                                                         
                                           "Actual Startup Time": 0.143,                                                                             
                                           "Actual Total Time": 0.143,                                                                               
                                           "Actual Rows": 1,                                                                                         
                                           "Actual Loops": 33990,                                                                                    
                                           "Index Cond": "(id = mc.company_id)",                                                                     
                                           "Rows Removed by Index Recheck": 0,                                                                       
                                           "Filter": "((country_code)::text <> '[us]'::text)",                                                       
                                           "Rows Removed by Filter": 0,                                                                              
                                           "Shared Hit Blocks": 135111,                                                                              
                                           "Shared Read Blocks": 1063,                                                                               
                                           "Shared Dirtied Blocks": 0,                                                                               
                                           "Shared Written Blocks": 0,                                                                               
                                           "Local Hit Blocks": 0,                                                                                    
                                           "Local Read Blocks": 0,                                                                                   
                                           "Local Dirtied Blocks": 0,                                                                                
                                           "Local Written Blocks": 0,                                                                                
                                           "Temp Read Blocks": 0,                                                                                    
                                           "Temp Written Blocks": 0                                                                                  
                                         }                                                                                                           
                                       ]                                                                                                             
                                     },                                                                                                              
                                     {                                                                                                               
                                       "Node Type": "Index Scan",                                                                                    
                                       "Parent Relationship": "Inner",                                                                               
                                       "Parallel Aware": false,                                                                                      
                                       "Scan Direction": "Forward",                                                                                  
                                       "Index Name": "comp_cast_type_pkey",                                                                          
                                       "Relation Name": "comp_cast_type",                                                                            
                                       "Alias": "cct",                                                                                              
                                       "Startup Cost": 0.00,                                                                                         
                                       "Total Cost": 0.00,                                                                                           
                                       "Plan Rows": 1,                                                                                               
                                       "Plan Width": 4,                                                                                              
                                       "Actual Startup Time": 0.003,                                                                                 
                                       "Actual Total Time": 0.003,                                                                                   
                                       "Actual Rows": 1,                                                                                             
                                       "Actual Loops": 32016,                                                                                        
                                       "Index Cond": "(id = cc.subject_id)",                                                                         
                                       "Rows Removed by Index Recheck": 0,                                                                           
                                       "Filter": "((kind)::text = 'cast'::text)",                                                                    
                                       "Rows Removed by Filter": 0,                                                                                  
                                       "Shared Hit Blocks": 64032,                                                                                   
                                       "Shared Read Blocks": 0,                                                                                      
                                       "Shared Dirtied Blocks": 0,                                                                                   
                                       "Shared Written Blocks": 0,                                                                                   
                                       "Local Hit Blocks": 0,                                                                                        
                                       "Local Read Blocks": 0,                                                                                       
                                       "Local Dirtied Blocks": 0,                                                                                    
                                       "Local Written Blocks": 0,                                                                                    
                                       "Temp Read Blocks": 0,                                                                                        
                                       "Temp Written Blocks": 0                                                                                      
                                     }                                                                                                               
                                   ]                                                                                                                 
                                 },                                                                                                                  
                                 {                                                                                                                   
                                   "Node Type": "Index Scan",                                                                                        
                                   "Parent Relationship": "Inner",                                                                                   
                                   "Parallel Aware": false,                                                                                          
                                   "Scan Direction": "Forward",                                                                                      
                                   "Index Name": "movie_id_movie_info",                                                                              
                                   "Relation Name": "movie_info",                                                                                    
                                   "Alias": "mi",                                                                                                    
                                   "Startup Cost": 0.01,                                                                                             
                                   "Total Cost": 0.16,                                                                                               
                                   "Plan Rows": 1,                                                                                                   
                                   "Plan Width": 8,                                                                                                  
                                   "Actual Startup Time": 3.578,                                                                                     
                                   "Actual Total Time": 4.180,                                                                                       
                                   "Actual Rows": 1,                                                                                                 
                                   "Actual Loops": 22725,                                                                                            
                                   "Index Cond": "(movie_id = mk.movie_id)",                                                                         
                                   "Rows Removed by Index Recheck": 0,                                                                               
                                   "Filter": "(info = ANY ('{Sweden,Norway,Germany,Denmark,Swedish,Danish,Norwegian,German,USA,American}'::text[]))",
                                   "Rows Removed by Filter": 203,                                                                                    
                                   "Shared Hit Blocks": 571735,                                                                                      
                                   "Shared Read Blocks": 28451,                                                                                      
                                   "Shared Dirtied Blocks": 0,                                                                                       
                                   "Shared Written Blocks": 0,                                                                                       
                                   "Local Hit Blocks": 0,                                                                                            
                                   "Local Read Blocks": 0,                                                                                           
                                   "Local Dirtied Blocks": 0,                                                                                        
                                   "Local Written Blocks": 0,                                                                                        
                                   "Temp Read Blocks": 0,                                                                                            
                                   "Temp Written Blocks": 0                                                                                          
                                 }                                                                                                                   
                               ]                                                                                                                     
                             },                                                                                                                      
                             {                                                                                                                       
                               "Node Type": "Index Scan",                                                                                            
                               "Parent Relationship": "Inner",                                                                                       
                               "Parallel Aware": false,                                                                                              
                               "Scan Direction": "Forward",                                                                                          
                               "Index Name": "info_type_pkey",                                                                                       
                               "Relation Name": "info_type",                                                                                         
                               "Alias": "it",                                                                                                       
                               "Startup Cost": 0.00,                                                                                                 
                               "Total Cost": 0.00,                                                                                                   
                               "Plan Rows": 1,                                                                                                       
                               "Plan Width": 4,                                                                                                      
                               "Actual Startup Time": 0.004,                                                                                         
                               "Actual Total Time": 0.004,                                                                                           
                               "Actual Rows": 1,                                                                                                     
                               "Actual Loops": 27394,                                                                                                
                               "Index Cond": "(id = mi.info_type_id)",                                                                               
                               "Rows Removed by Index Recheck": 0,                                                                                   
                               "Filter": "((info)::text = 'countries'::text)",                                                                       
                               "Rows Removed by Filter": 0,                                                                                          
                               "Shared Hit Blocks": 54788,                                                                                           
                               "Shared Read Blocks": 0,                                                                                              
                               "Shared Dirtied Blocks": 0,                                                                                           
                               "Shared Written Blocks": 0,                                                                                           
                               "Local Hit Blocks": 0,                                                                                                
                               "Local Read Blocks": 0,                                                                                               
                               "Local Dirtied Blocks": 0,                                                                                            
                               "Local Written Blocks": 0,                                                                                            
                               "Temp Read Blocks": 0,                                                                                                
                               "Temp Written Blocks": 0                                                                                              
                             }                                                                                                                       
                           ]                                                                                                                         
                         },                                                                                                                          
                         {                                                                                                                           
                           "Node Type": "Index Scan",                                                                                                
                           "Parent Relationship": "Inner",                                                                                           
                           "Parallel Aware": false,                                                                                                  
                           "Scan Direction": "Forward",                                                                                              
                           "Index Name": "title_idx_id",                                                                                             
                           "Relation Name": "title",                                                                                                 
                           "Alias": "t",                                                                                                             
                           "Startup Cost": 0.01,                                                                                                     
                           "Total Cost": 0.04,                                                                                                       
                           "Plan Rows": 1,                                                                                                           
                           "Plan Width": 25,                                                                                                         
                           "Actual Startup Time": 0.745,                                                                                             
                           "Actual Total Time": 0.745,                                                                                               
                           "Actual Rows": 0,                                                                                                         
                           "Actual Loops": 22323,                                                                                                    
                           "Index Cond": "(id = mk.movie_id)",                                                                                       
                           "Rows Removed by Index Recheck": 0,                                                                                       
                           "Filter": "(production_year > 2005)",                                                                                     
                           "Rows Removed by Filter": 1,                                                                                              
                           "Shared Hit Blocks": 87158,                                                                                               
                           "Shared Read Blocks": 2173,                                                                                               
                           "Shared Dirtied Blocks": 0,                                                                                               
                           "Shared Written Blocks": 0,                                                                                               
                           "Local Hit Blocks": 0,                                                                                                    
                           "Local Read Blocks": 0,                                                                                                   
                           "Local Dirtied Blocks": 0,                                                                                                
                           "Local Written Blocks": 0,                                                                                                
                           "Temp Read Blocks": 0,                                                                                                    
                           "Temp Written Blocks": 0                                                                                                  
                         }                                                                                                                           
                       ]                                                                                                                             
                     },                                                                                                                              
                     {                                                                                                                               
                       "Node Type": "Index Scan",                                                                                                    
                       "Parent Relationship": "Inner",                                                                                               
                       "Parallel Aware": false,                                                                                                      
                       "Scan Direction": "Forward",                                                                                                  
                       "Index Name": "kind_type_pkey",                                                                                               
                       "Relation Name": "kind_type",                                                                                                 
                       "Alias": "kt",                                                                                                                
                       "Startup Cost": 0.00,                                                                                                         
                       "Total Cost": 0.00,                                                                                                           
                       "Plan Rows": 1,                                                                                                               
                       "Plan Width": 4,                                                                                                              
                       "Actual Startup Time": 0.003,                                                                                                 
                       "Actual Total Time": 0.003,                                                                                                   
                       "Actual Rows": 1,                                                                                                             
                       "Actual Loops": 8788,                                                                                                         
                       "Index Cond": "(id = t.kind_id)",                                                                                             
                       "Rows Removed by Index Recheck": 0,                                                                                           
                       "Filter": "((kind)::text = ANY ('{movie,episode}'::text[]))",                                                                 
                       "Rows Removed by Filter": 0,                                                                                                  
                       "Shared Hit Blocks": 17576,                                                                                                   
                       "Shared Read Blocks": 0,                                                                                                      
                       "Shared Dirtied Blocks": 0,                                                                                                   
                       "Shared Written Blocks": 0,                                                                                                   
                       "Local Hit Blocks": 0,                                                                                                        
                       "Local Read Blocks": 0,                                                                                                       
                       "Local Dirtied Blocks": 0,                                                                                                    
                       "Local Written Blocks": 0,                                                                                                    
                       "Temp Read Blocks": 0,                                                                                                        
                       "Temp Written Blocks": 0                                                                                                      
                     }                                                                                                                               
                   ]                                                                                                                                 
                 },                                                                                                                                  
                 {                                                                                                                                   
                   "Node Type": "Index Scan",                                                                                                        
                   "Parent Relationship": "Inner",                                                                                                   
                   "Parallel Aware": false,                                                                                                          
                   "Scan Direction": "Forward",                                                                                                      
                   "Index Name": "movie_id_movie_info_idx",                                                                                          
                   "Relation Name": "movie_info_idx",                                                                                                
                   "Alias": "mi_idx",                                                                                                                
                   "Startup Cost": 0.01,                                                                                                             
                   "Total Cost": 0.02,                                                                                                               
                   "Plan Rows": 3,                                                                                                                   
                   "Plan Width": 14,                                                                                                                 
                   "Actual Startup Time": 0.606,                                                                                                     
                   "Actual Total Time": 0.612,                                                                                                       
                   "Actual Rows": 3,                                                                                                                 
                   "Actual Loops": 8493,                                                                                                             
                   "Index Cond": "(movie_id = mk.movie_id)",                                                                                         
                   "Rows Removed by Index Recheck": 0,                                                                                               
                   "Filter": "(info < '8.5'::text)",                                                                                                 
                   "Rows Removed by Filter": 0,                                                                                                      
                   "Shared Hit Blocks": 34138,                                                                                                       
                   "Shared Read Blocks": 525,                                                                                                        
                   "Shared Dirtied Blocks": 0,                                                                                                       
                   "Shared Written Blocks": 0,                                                                                                       
                   "Local Hit Blocks": 0,                                                                                                            
                   "Local Read Blocks": 0,                                                                                                           
                   "Local Dirtied Blocks": 0,                                                                                                        
                   "Local Written Blocks": 0,                                                                                                        
                   "Temp Read Blocks": 0,                                                                                                            
                   "Temp Written Blocks": 0                                                                                                          
                 }                                                                                                                                   
               ]                                                                                                                                     
             },                                                                                                                                      
             {                                                                                                                                       
               "Node Type": "Index Scan",                                                                                                            
               "Parent Relationship": "Inner",                                                                                                       
               "Parallel Aware": false,                                                                                                              
               "Scan Direction": "Forward",                                                                                                          
               "Index Name": "info_type_pkey",                                                                                                       
               "Relation Name": "info_type",                                                                                                         
               "Alias": "it",                                                                                                                       
               "Startup Cost": 0.00,                                                                                                                 
               "Total Cost": 0.00,                                                                                                                   
               "Plan Rows": 1,                                                                                                                       
               "Plan Width": 4,                                                                                                                      
               "Actual Startup Time": 0.003,                                                                                                         
               "Actual Total Time": 0.003,                                                                                                           
               "Actual Rows": 0,                                                                                                                     
               "Actual Loops": 24852,                                                                                                                
               "Index Cond": "(id = mi_idx.info_type_id)",                                                                                           
               "Rows Removed by Index Recheck": 0,                                                                                                   
               "Filter": "((info)::text = 'rating'::text)",                                                                                          
               "Rows Removed by Filter": 1,                                                                                                          
               "Shared Hit Blocks": 49704,                                                                                                           
               "Shared Read Blocks": 0,                                                                                                              
               "Shared Dirtied Blocks": 0,                                                                                                           
               "Shared Written Blocks": 0,                                                                                                           
               "Local Hit Blocks": 0,                                                                                                                
               "Local Read Blocks": 0,                                                                                                               
               "Local Dirtied Blocks": 0,                                                                                                            
               "Local Written Blocks": 0,                                                                                                            
               "Temp Read Blocks": 0,                                                                                                                
               "Temp Written Blocks": 0                                                                                                              
             }                                                                                                                                       
           ]                                                                                                                                         
         }                                                                                                                                           
       ]                                                                                                                                             
     },                                                                                                                                              
     "Planning Time": 15322.847,                                                                                                                     
     "Triggers": [                                                                                                                                   
     ],                                                                                                                                              
     "Execution Time": 148782.587                                                                                                                    
   }                                                                                                                                                 
 ]
