 [                                                                                         
   {                                                                                       
     "Plan": {                                                                             
       "Node Type": "Aggregate",                                                           
       "Strategy": "Plain",                                                                
       "Partial Mode": "Simple",                                                           
       "Parallel Aware": false,                                                            
       "Startup Cost": 624.36,                                                             
       "Total Cost": 624.36,                                                               
       "Plan Rows": 1,                                                                     
       "Plan Width": 96,                                                                   
       "Actual Startup Time": 65955.159,                                                   
       "Actual Total Time": 65955.160,                                                     
       "Actual Rows": 1,                                                                   
       "Actual Loops": 1,                                                                  
       "Shared Hit Blocks": 122306,                                                        
       "Shared Read Blocks": 17502,                                                        
       "Shared Dirtied Blocks": 0,                                                         
       "Shared Written Blocks": 0,                                                         
       "Local Hit Blocks": 0,                                                              
       "Local Read Blocks": 0,                                                             
       "Local Dirtied Blocks": 0,                                                          
       "Local Written Blocks": 0,                                                          
       "Temp Read Blocks": 0,                                                              
       "Temp Written Blocks": 0,                                                           
       "Plans": [                                                                          
         {                                                                                 
           "Node Type": "Nested Loop",                                                     
           "Parent Relationship": "Outer",                                                 
           "Parallel Aware": false,                                                        
           "Join Type": "Inner",                                                           
           "Startup Cost": 0.07,                                                           
           "Total Cost": 624.36,                                                           
           "Plan Rows": 2,                                                                 
           "Plan Width": 46,                                                               
           "Actual Startup Time": 120.716,                                                 
           "Actual Total Time": 65921.609,                                                 
           "Actual Rows": 4388,                                                            
           "Actual Loops": 1,                                                              
           "Inner Unique": true,                                                           
           "Shared Hit Blocks": 122306,                                                    
           "Shared Read Blocks": 17502,                                                    
           "Shared Dirtied Blocks": 0,                                                     
           "Shared Written Blocks": 0,                                                     
           "Local Hit Blocks": 0,                                                          
           "Local Read Blocks": 0,                                                         
           "Local Dirtied Blocks": 0,                                                      
           "Local Written Blocks": 0,                                                      
           "Temp Read Blocks": 0,                                                          
           "Temp Written Blocks": 0,                                                       
           "Plans": [                                                                      
             {                                                                             
               "Node Type": "Nested Loop",                                                 
               "Parent Relationship": "Outer",                                             
               "Parallel Aware": false,                                                    
               "Join Type": "Inner",                                                       
               "Startup Cost": 0.05,                                                       
               "Total Cost": 618.60,                                                       
               "Plan Rows": 2,                                                             
               "Plan Width": 33,                                                           
               "Actual Startup Time": 73.224,                                              
               "Actual Total Time": 5364.572,                                              
               "Actual Rows": 4388,                                                        
               "Actual Loops": 1,                                                          
               "Inner Unique": true,                                                       
               "Shared Hit Blocks": 109847,                                                
               "Shared Read Blocks": 12402,                                                
               "Shared Dirtied Blocks": 0,                                                 
               "Shared Written Blocks": 0,                                                 
               "Local Hit Blocks": 0,                                                      
               "Local Read Blocks": 0,                                                     
               "Local Dirtied Blocks": 0,                                                  
               "Local Written Blocks": 0,                                                  
               "Temp Read Blocks": 0,                                                      
               "Temp Written Blocks": 0,                                                   
               "Plans": [                                                                  
                 {                                                                         
                   "Node Type": "Nested Loop",                                             
                   "Parent Relationship": "Outer",                                         
                   "Parallel Aware": false,                                                
                   "Join Type": "Inner",                                                   
                   "Startup Cost": 0.04,                                                   
                   "Total Cost": 618.51,                                                   
                   "Plan Rows": 2,                                                         
                   "Plan Width": 24,                                                       
                   "Actual Startup Time": 52.408,                                          
                   "Actual Total Time": 1686.245,                                          
                   "Actual Rows": 4388,                                                    
                   "Actual Loops": 1,                                                      
                   "Inner Unique": true,                                                   
                   "Shared Hit Blocks": 92870,                                             
                   "Shared Read Blocks": 11825,                                            
                   "Shared Dirtied Blocks": 0,                                             
                   "Shared Written Blocks": 0,                                             
                   "Local Hit Blocks": 0,                                                  
                   "Local Read Blocks": 0,                                                 
                   "Local Dirtied Blocks": 0,                                              
                   "Local Written Blocks": 0,                                              
                   "Temp Read Blocks": 0,                                                  
                   "Temp Written Blocks": 0,                                               
                   "Plans": [                                                              
                     {                                                                     
                       "Node Type": "Nested Loop",                                         
                       "Parent Relationship": "Outer",                                     
                       "Parallel Aware": false,                                            
                       "Join Type": "Inner",                                               
                       "Startup Cost": 0.04,                                               
                       "Total Cost": 618.50,                                               
                       "Plan Rows": 2,                                                     
                       "Plan Width": 16,                                                   
                       "Actual Startup Time": 52.375,                                      
                       "Actual Total Time": 1621.617,                                      
                       "Actual Rows": 4388,                                                
                       "Actual Loops": 1,                                                  
                       "Inner Unique": false,                                              
                       "Shared Hit Blocks": 84094,                                         
                       "Shared Read Blocks": 11825,                                        
                       "Shared Dirtied Blocks": 0,                                         
                       "Shared Written Blocks": 0,                                         
                       "Local Hit Blocks": 0,                                              
                       "Local Read Blocks": 0,                                             
                       "Local Dirtied Blocks": 0,                                          
                       "Local Written Blocks": 0,                                          
                       "Temp Read Blocks": 0,                                              
                       "Temp Written Blocks": 0,                                           
                       "Plans": [                                                          
                         {                                                                 
                           "Node Type": "Nested Loop",                                     
                           "Parent Relationship": "Outer",                                 
                           "Parallel Aware": false,                                        
                           "Join Type": "Inner",                                           
                           "Startup Cost": 0.03,                                           
                           "Total Cost": 618.15,                                           
                           "Plan Rows": 34,                                                
                           "Plan Width": 4,                                                
                           "Actual Startup Time": 31.957,                                  
                           "Actual Total Time": 1318.195,                                  
                           "Actual Rows": 41840,                                           
                           "Actual Loops": 1,                                              
                           "Inner Unique": false,                                          
                           "Shared Hit Blocks": 3,                                         
                           "Shared Read Blocks": 11659,                                    
                           "Shared Dirtied Blocks": 0,                                     
                           "Shared Written Blocks": 0,                                     
                           "Local Hit Blocks": 0,                                          
                           "Local Read Blocks": 0,                                         
                           "Local Dirtied Blocks": 0,                                      
                           "Local Written Blocks": 0,                                      
                           "Temp Read Blocks": 0,                                          
                           "Temp Written Blocks": 0,                                       
                           "Plans": [                                                      
                             {                                                             
                               "Node Type": "Index Scan",                                  
                               "Parent Relationship": "Outer",                             
                               "Parallel Aware": false,                                    
                               "Scan Direction": "Forward",                                
                               "Index Name": "keyword_idx_keyword",                        
                               "Relation Name": "keyword",                                 
                               "Alias": "k",                                               
                               "Startup Cost": 0.01,                                       
                               "Total Cost": 6.13,                                         
                               "Plan Rows": 1,                                             
                               "Plan Width": 4,                                            
                               "Actual Startup Time": 13.122,                              
                               "Actual Total Time": 13.124,                                
                               "Actual Rows": 1,                                           
                               "Actual Loops": 1,                                          
                               "Index Cond": "(keyword = 'character-name-in-title'::text)",
                               "Rows Removed by Index Recheck": 0,                         
                               "Shared Hit Blocks": 0,                                     
                               "Shared Read Blocks": 4,                                    
                               "Shared Dirtied Blocks": 0,                                 
                               "Shared Written Blocks": 0,                                 
                               "Local Hit Blocks": 0,                                      
                               "Local Read Blocks": 0,                                     
                               "Local Dirtied Blocks": 0,                                  
                               "Local Written Blocks": 0,                                  
                               "Temp Read Blocks": 0,                                      
                               "Temp Written Blocks": 0                                    
                             },                                                            
                             {                                                             
                               "Node Type": "Index Scan",                                  
                               "Parent Relationship": "Inner",                             
                               "Parallel Aware": false,                                    
                               "Scan Direction": "Forward",                                
                               "Index Name": "keyword_id_movie_keyword",                   
                               "Relation Name": "movie_keyword",                           
                               "Alias": "mk",                                              
                               "Startup Cost": 0.01,                                       
                               "Total Cost": 122.40,                                       
                               "Plan Rows": 39,                                            
                               "Plan Width": 8,                                            
                               "Actual Startup Time": 18.806,                              
                               "Actual Total Time": 1287.212,                              
                               "Actual Rows": 41840,                                       
                               "Actual Loops": 1,                                          
                               "Index Cond": "(keyword_id = k.id)",                        
                               "Rows Removed by Index Recheck": 0,                         
                               "Shared Hit Blocks": 3,                                     
                               "Shared Read Blocks": 11655,                                
                               "Shared Dirtied Blocks": 0,                                 
                               "Shared Written Blocks": 0,                                 
                               "Local Hit Blocks": 0,                                      
                               "Local Read Blocks": 0,                                     
                               "Local Dirtied Blocks": 0,                                  
                               "Local Written Blocks": 0,                                  
                               "Temp Read Blocks": 0,                                      
                               "Temp Written Blocks": 0                                    
                             }                                                             
                           ]                                                               
                         },                                                                
                         {                                                                 
                           "Node Type": "Index Scan",                                      
                           "Parent Relationship": "Inner",                                 
                           "Parallel Aware": false,                                        
                           "Scan Direction": "Forward",                                    
                           "Index Name": "movie_id_movie_link",                            
                           "Relation Name": "movie_link",                                  
                           "Alias": "ml",                                                  
                           "Startup Cost": 0.01,                                           
                           "Total Cost": 0.01,                                             
                           "Plan Rows": 5,                                                 
                           "Plan Width": 12,                                               
                           "Actual Startup Time": 0.005,                                   
                           "Actual Total Time": 0.006,                                     
                           "Actual Rows": 0,                                               
                           "Actual Loops": 41840,                                          
                           "Index Cond": "(movie_id = mk.movie_id)",                       
                           "Rows Removed by Index Recheck": 0,                             
                           "Shared Hit Blocks": 84091,                                     
                           "Shared Read Blocks": 166,                                      
                           "Shared Dirtied Blocks": 0,                                     
                           "Shared Written Blocks": 0,                                     
                           "Local Hit Blocks": 0,                                          
                           "Local Read Blocks": 0,                                         
                           "Local Dirtied Blocks": 0,                                      
                           "Local Written Blocks": 0,                                      
                           "Temp Read Blocks": 0,                                          
                           "Temp Written Blocks": 0                                        
                         }                                                                 
                       ]                                                                   
                     },                                                                    
                     {                                                                     
                       "Node Type": "Index Scan",                                          
                       "Parent Relationship": "Inner",                                     
                       "Parallel Aware": false,                                            
                       "Scan Direction": "Forward",                                        
                       "Index Name": "link_type_pkey",                                     
                       "Relation Name": "link_type",                                       
                       "Alias": "lt",                                                      
                       "Startup Cost": 0.00,                                               
                       "Total Cost": 0.00,                                                 
                       "Plan Rows": 1,                                                     
                       "Plan Width": 16,                                                   
                       "Actual Startup Time": 0.009,                                       
                       "Actual Total Time": 0.009,                                         
                       "Actual Rows": 1,                                                   
                       "Actual Loops": 4388,                                               
                       "Index Cond": "(id = ml.link_type_id)",                             
                       "Rows Removed by Index Recheck": 0,                                 
                       "Shared Hit Blocks": 8776,                                          
                       "Shared Read Blocks": 0,                                            
                       "Shared Dirtied Blocks": 0,                                         
                       "Shared Written Blocks": 0,                                         
                       "Local Hit Blocks": 0,                                              
                       "Local Read Blocks": 0,                                             
                       "Local Dirtied Blocks": 0,                                          
                       "Local Written Blocks": 0,                                          
                       "Temp Read Blocks": 0,                                              
                       "Temp Written Blocks": 0                                            
                     }                                                                     
                   ]                                                                       
                 },                                                                        
                 {                                                                         
                   "Node Type": "Index Scan",                                              
                   "Parent Relationship": "Inner",                                         
                   "Parallel Aware": false,                                                
                   "Scan Direction": "Forward",                                            
                   "Index Name": "title_idx_id",                                           
                   "Relation Name": "title",                                               
                   "Alias": "t",                                                          
                   "Startup Cost": 0.01,                                                   
                   "Total Cost": 0.04,                                                     
                   "Plan Rows": 1,                                                         
                   "Plan Width": 21,                                                       
                   "Actual Startup Time": 0.835,                                           
                   "Actual Total Time": 0.835,                                             
                   "Actual Rows": 1,                                                       
                   "Actual Loops": 4388,                                                   
                   "Index Cond": "(id = mk.movie_id)",                                     
                   "Rows Removed by Index Recheck": 0,                                     
                   "Shared Hit Blocks": 16977,                                             
                   "Shared Read Blocks": 577,                                              
                   "Shared Dirtied Blocks": 0,                                             
                   "Shared Written Blocks": 0,                                             
                   "Local Hit Blocks": 0,                                                  
                   "Local Read Blocks": 0,                                                 
                   "Local Dirtied Blocks": 0,                                              
                   "Local Written Blocks": 0,                                              
                   "Temp Read Blocks": 0,                                                  
                   "Temp Written Blocks": 0                                                
                 }                                                                         
               ]                                                                           
             },                                                                            
             {                                                                             
               "Node Type": "Index Scan",                                                  
               "Parent Relationship": "Inner",                                             
               "Parallel Aware": false,                                                    
               "Scan Direction": "Forward",                                                
               "Index Name": "title_idx_id",                                               
               "Relation Name": "title",                                                   
               "Alias": "t",                                                              
               "Startup Cost": 0.01,                                                       
               "Total Cost": 2.88,                                                         
               "Plan Rows": 1,                                                             
               "Plan Width": 21,                                                           
               "Actual Startup Time": 13.796,                                              
               "Actual Total Time": 13.796,                                                
               "Actual Rows": 1,                                                           
               "Actual Loops": 4388,                                                       
               "Index Cond": "(id = ml.linked_movie_id)",                                  
               "Rows Removed by Index Recheck": 0,                                         
               "Shared Hit Blocks": 12459,                                                 
               "Shared Read Blocks": 5100,                                                 
               "Shared Dirtied Blocks": 0,                                                 
               "Shared Written Blocks": 0,                                                 
               "Local Hit Blocks": 0,                                                      
               "Local Read Blocks": 0,                                                     
               "Local Dirtied Blocks": 0,                                                  
               "Local Written Blocks": 0,                                                  
               "Temp Read Blocks": 0,                                                      
               "Temp Written Blocks": 0                                                    
             }                                                                             
           ]                                                                               
         }                                                                                 
       ]                                                                                   
     },                                                                                    
     "Planning Time": 1553.531,                                                            
     "Triggers": [                                                                         
     ],                                                                                    
     "Execution Time": 65963.584                                                           
   }                                                                                       
 ]
