 [                                                                     
   {                                                                   
     "Plan": {                                                         
       "Node Type": "Aggregate",                                       
       "Strategy": "Plain",                                            
       "Partial Mode": "Simple",                                       
       "Parallel Aware": false,                                        
       "Startup Cost": 9447.88,                                        
       "Total Cost": 9447.88,                                          
       "Plan Rows": 1,                                                 
       "Plan Width": 64,                                               
       "Actual Startup Time": 23715.882,                               
       "Actual Total Time": 23715.883,                                 
       "Actual Rows": 1,                                               
       "Actual Loops": 1,                                              
       "Shared Hit Blocks": 199590,                                    
       "Shared Read Blocks": 19840,                                    
       "Shared Dirtied Blocks": 0,                                     
       "Shared Written Blocks": 0,                                     
       "Local Hit Blocks": 0,                                          
       "Local Read Blocks": 0,                                         
       "Local Dirtied Blocks": 0,                                      
       "Local Written Blocks": 0,                                      
       "Temp Read Blocks": 0,                                          
       "Temp Written Blocks": 0,                                       
       "Plans": [                                                      
         {                                                             
           "Node Type": "Nested Loop",                                 
           "Parent Relationship": "Outer",                             
           "Parallel Aware": false,                                    
           "Join Type": "Inner",                                       
           "Startup Cost": 0.06,                                       
           "Total Cost": 9447.87,                                      
           "Plan Rows": 26,                                            
           "Plan Width": 23,                                           
           "Actual Startup Time": 71.767,                              
           "Actual Total Time": 23695.263,                             
           "Actual Rows": 4700,                                        
           "Actual Loops": 1,                                          
           "Inner Unique": true,                                       
           "Join Filter": "(mi_idx.movie_id = t.id)",                  
           "Rows Removed by Join Filter": 0,                           
           "Shared Hit Blocks": 199590,                                
           "Shared Read Blocks": 19840,                                
           "Shared Dirtied Blocks": 0,                                 
           "Shared Written Blocks": 0,                                 
           "Local Hit Blocks": 0,                                      
           "Local Read Blocks": 0,                                     
           "Local Dirtied Blocks": 0,                                  
           "Local Written Blocks": 0,                                  
           "Temp Read Blocks": 0,                                      
           "Temp Written Blocks": 0,                                   
           "Plans": [                                                  
             {                                                         
               "Node Type": "Nested Loop",                             
               "Parent Relationship": "Outer",                         
               "Parallel Aware": false,                                
               "Join Type": "Inner",                                   
               "Startup Cost": 0.04,                                   
               "Total Cost": 9446.29,                                  
               "Plan Rows": 37,                                        
               "Plan Width": 14,                                       
               "Actual Startup Time": 55.332,                          
               "Actual Total Time": 11153.343,                         
               "Actual Rows": 8092,                                    
               "Actual Loops": 1,                                      
               "Inner Unique": true,                                   
               "Join Filter": "(mi_idx.info_type_id = it.id)",         
               "Rows Removed by Join Filter": 6809,                    
               "Shared Hit Blocks": 174617,                            
               "Shared Read Blocks": 12411,                            
               "Shared Dirtied Blocks": 0,                             
               "Shared Written Blocks": 0,                             
               "Local Hit Blocks": 0,                                  
               "Local Read Blocks": 0,                                 
               "Local Dirtied Blocks": 0,                              
               "Local Written Blocks": 0,                              
               "Temp Read Blocks": 0,                                  
               "Temp Written Blocks": 0,                               
               "Plans": [                                              
                 {                                                     
                   "Node Type": "Nested Loop",                         
                   "Parent Relationship": "Outer",                     
                   "Parallel Aware": false,                            
                   "Join Type": "Inner",                               
                   "Startup Cost": 0.04,                               
                   "Total Cost": 9439.22,                              
                   "Plan Rows": 4212,                                  
                   "Plan Width": 18,                                   
                   "Actual Startup Time": 55.269,                      
                   "Actual Total Time": 11130.144,                     
                   "Actual Rows": 14901,                               
                   "Actual Loops": 1,                                  
                   "Inner Unique": false,                              
                   "Shared Hit Blocks": 174616,                        
                   "Shared Read Blocks": 12410,                        
                   "Shared Dirtied Blocks": 0,                         
                   "Shared Written Blocks": 0,                         
                   "Local Hit Blocks": 0,                              
                   "Local Read Blocks": 0,                             
                   "Local Dirtied Blocks": 0,                          
                   "Local Written Blocks": 0,                          
                   "Temp Read Blocks": 0,                              
                   "Temp Written Blocks": 0,                           
                   "Plans": [                                          
                     {                                                 
                       "Node Type": "Nested Loop",                     
                       "Parent Relationship": "Outer",                 
                       "Parallel Aware": false,                        
                       "Join Type": "Inner",                           
                       "Startup Cost": 0.03,                           
                       "Total Cost": 9388.42,                          
                       "Plan Rows": 2259,                              
                       "Plan Width": 4,                                
                       "Actual Startup Time": 55.115,                  
                       "Actual Total Time": 6571.309,                  
                       "Actual Rows": 12951,                           
                       "Actual Loops": 1,                              
                       "Inner Unique": false,                          
                       "Shared Hit Blocks": 132504,                    
                       "Shared Read Blocks": 7213,                     
                       "Shared Dirtied Blocks": 0,                     
                       "Shared Written Blocks": 0,                     
                       "Local Hit Blocks": 0,                          
                       "Local Read Blocks": 0,                         
                       "Local Dirtied Blocks": 0,                      
                       "Local Written Blocks": 0,                      
                       "Temp Read Blocks": 0,                          
                       "Temp Written Blocks": 0,                       
                       "Plans": [                                      
                         {                                             
                           "Node Type": "Index Scan",                  
                           "Parent Relationship": "Outer",             
                           "Parallel Aware": false,                    
                           "Scan Direction": "Forward",                
                           "Index Name": "keyword_pkey",               
                           "Relation Name": "keyword",                 
                           "Alias": "k",                               
                           "Startup Cost": 0.01,                       
                           "Total Cost": 1591.24,                      
                           "Plan Rows": 67,                            
                           "Plan Width": 4,                            
                           "Actual Startup Time": 28.895,              
                           "Actual Total Time": 538.431,               
                           "Actual Rows": 30,                          
                           "Actual Loops": 1,                          
                           "Filter": "(keyword ~~ '%sequel%'::text)",  
                           "Rows Removed by Filter": 134140,           
                           "Shared Hit Blocks": 131177,                
                           "Shared Read Blocks": 1432,                 
                           "Shared Dirtied Blocks": 0,                 
                           "Shared Written Blocks": 0,                 
                           "Local Hit Blocks": 0,                      
                           "Local Read Blocks": 0,                     
                           "Local Dirtied Blocks": 0,                  
                           "Local Written Blocks": 0,                  
                           "Temp Read Blocks": 0,                      
                           "Temp Written Blocks": 0                    
                         },                                            
                         {                                             
                           "Node Type": "Index Scan",                  
                           "Parent Relationship": "Inner",             
                           "Parallel Aware": false,                    
                           "Scan Direction": "Forward",                
                           "Index Name": "keyword_id_movie_keyword",   
                           "Relation Name": "movie_keyword",           
                           "Alias": "mk",                              
                           "Startup Cost": 0.01,                       
                           "Total Cost": 116.37,                       
                           "Plan Rows": 39,                            
                           "Plan Width": 8,                            
                           "Actual Startup Time": 10.033,              
                           "Actual Total Time": 200.798,               
                           "Actual Rows": 432,                         
                           "Actual Loops": 30,                         
                           "Index Cond": "(keyword_id = k.id)",        
                           "Rows Removed by Index Recheck": 0,         
                           "Shared Hit Blocks": 1327,                  
                           "Shared Read Blocks": 5781,                 
                           "Shared Dirtied Blocks": 0,                 
                           "Shared Written Blocks": 0,                 
                           "Local Hit Blocks": 0,                      
                           "Local Read Blocks": 0,                     
                           "Local Dirtied Blocks": 0,                  
                           "Local Written Blocks": 0,                  
                           "Temp Read Blocks": 0,                      
                           "Temp Written Blocks": 0                    
                         }                                             
                       ]                                               
                     },                                                
                     {                                                 
                       "Node Type": "Index Scan",                      
                       "Parent Relationship": "Inner",                 
                       "Parallel Aware": false,                        
                       "Scan Direction": "Forward",                    
                       "Index Name": "movie_id_movie_info_idx",        
                       "Relation Name": "movie_info_idx",              
                       "Alias": "mi_idx",                              
                       "Startup Cost": 0.01,                           
                       "Total Cost": 0.02,                             
                       "Plan Rows": 2,                                 
                       "Plan Width": 14,                               
                       "Actual Startup Time": 0.346,                   
                       "Actual Total Time": 0.350,                     
                       "Actual Rows": 1,                               
                       "Actual Loops": 12951,                          
                       "Index Cond": "(movie_id = mk.movie_id)",       
                       "Rows Removed by Index Recheck": 0,             
                       "Filter": "(info > '2.0'::text)",               
                       "Rows Removed by Filter": 1,                    
                       "Shared Hit Blocks": 42112,                     
                       "Shared Read Blocks": 5197,                     
                       "Shared Dirtied Blocks": 0,                     
                       "Shared Written Blocks": 0,                     
                       "Local Hit Blocks": 0,                          
                       "Local Read Blocks": 0,                         
                       "Local Dirtied Blocks": 0,                      
                       "Local Written Blocks": 0,                      
                       "Temp Read Blocks": 0,                          
                       "Temp Written Blocks": 0                        
                     }                                                 
                   ]                                                   
                 },                                                    
                 {                                                     
                   "Node Type": "Materialize",                         
                   "Parent Relationship": "Inner",                     
                   "Parallel Aware": false,                            
                   "Startup Cost": 0.00,                               
                   "Total Cost": 6.13,                                 
                   "Plan Rows": 1,                                     
                   "Plan Width": 4,                                    
                   "Actual Startup Time": 0.000,                       
                   "Actual Total Time": 0.000,                         
                   "Actual Rows": 1,                                   
                   "Actual Loops": 14901,                              
                   "Shared Hit Blocks": 1,                             
                   "Shared Read Blocks": 1,                            
                   "Shared Dirtied Blocks": 0,                         
                   "Shared Written Blocks": 0,                         
                   "Local Hit Blocks": 0,                              
                   "Local Read Blocks": 0,                             
                   "Local Dirtied Blocks": 0,                          
                   "Local Written Blocks": 0,                          
                   "Temp Read Blocks": 0,                              
                   "Temp Written Blocks": 0,                           
                   "Plans": [                                          
                     {                                                 
                       "Node Type": "Index Scan",                      
                       "Parent Relationship": "Outer",                 
                       "Parallel Aware": false,                        
                       "Scan Direction": "Forward",                    
                       "Index Name": "info_type_info_key",             
                       "Relation Name": "info_type",                   
                       "Alias": "it",                                  
                       "Startup Cost": 0.00,                           
                       "Total Cost": 6.13,                             
                       "Plan Rows": 1,                                 
                       "Plan Width": 4,                                
                       "Actual Startup Time": 0.042,                   
                       "Actual Total Time": 0.043,                     
                       "Actual Rows": 1,                               
                       "Actual Loops": 1,                              
                       "Index Cond": "((info)::text = 'rating'::text)",
                       "Rows Removed by Index Recheck": 0,             
                       "Shared Hit Blocks": 1,                         
                       "Shared Read Blocks": 1,                        
                       "Shared Dirtied Blocks": 0,                     
                       "Shared Written Blocks": 0,                     
                       "Local Hit Blocks": 0,                          
                       "Local Read Blocks": 0,                         
                       "Local Dirtied Blocks": 0,                      
                       "Local Written Blocks": 0,                      
                       "Temp Read Blocks": 0,                          
                       "Temp Written Blocks": 0                        
                     }                                                 
                   ]                                                   
                 }                                                     
               ]                                                       
             },                                                        
             {                                                         
               "Node Type": "Index Scan",                              
               "Parent Relationship": "Inner",                         
               "Parallel Aware": false,                                
               "Scan Direction": "Forward",                            
               "Index Name": "title_idx_id",                           
               "Relation Name": "title",                               
               "Alias": "t",                                           
               "Startup Cost": 0.01,                                   
               "Total Cost": 0.04,                                     
               "Plan Rows": 1,                                         
               "Plan Width": 21,                                       
               "Actual Startup Time": 1.548,                           
               "Actual Total Time": 1.548,                             
               "Actual Rows": 1,                                       
               "Actual Loops": 8092,                                   
               "Index Cond": "(id = mk.movie_id)",                     
               "Rows Removed by Index Recheck": 0,                     
               "Filter": "(production_year > 1990)",                   
               "Rows Removed by Filter": 0,                            
               "Shared Hit Blocks": 24973,                             
               "Shared Read Blocks": 7429,                             
               "Shared Dirtied Blocks": 0,                             
               "Shared Written Blocks": 0,                             
               "Local Hit Blocks": 0,                                  
               "Local Read Blocks": 0,                                 
               "Local Dirtied Blocks": 0,                              
               "Local Written Blocks": 0,                              
               "Temp Read Blocks": 0,                                  
               "Temp Written Blocks": 0                                
             }                                                         
           ]                                                           
         }                                                             
       ]                                                               
     },                                                                
     "Planning Time": 2520.989,                                        
     "Triggers": [                                                     
     ],                                                                
     "Execution Time": 23773.411                                       
   }                                                                   
 ]
