 [                                                                                                       
   {                                                                                                     
     "Plan": {                                                                                           
       "Node Type": "Aggregate",                                                                         
       "Strategy": "Plain",                                                                              
       "Partial Mode": "Simple",                                                                         
       "Parallel Aware": false,                                                                          
       "Startup Cost": 6236.72,                                                                          
       "Total Cost": 6236.72,                                                                            
       "Plan Rows": 1,                                                                                   
       "Plan Width": 64,                                                                                 
       "Actual Startup Time": 244180.935,                                                                
       "Actual Total Time": 244180.935,                                                                  
       "Actual Rows": 1,                                                                                 
       "Actual Loops": 1,                                                                                
       "Shared Hit Blocks": 183415,                                                                      
       "Shared Read Blocks": 34299,                                                                      
       "Shared Dirtied Blocks": 0,                                                                       
       "Shared Written Blocks": 0,                                                                       
       "Local Hit Blocks": 0,                                                                            
       "Local Read Blocks": 0,                                                                           
       "Local Dirtied Blocks": 0,                                                                        
       "Local Written Blocks": 0,                                                                        
       "Temp Read Blocks": 0,                                                                            
       "Temp Written Blocks": 0,                                                                         
       "Plans": [                                                                                        
         {                                                                                               
           "Node Type": "Nested Loop",                                                                   
           "Parent Relationship": "Outer",                                                               
           "Parallel Aware": false,                                                                      
           "Join Type": "Inner",                                                                         
           "Startup Cost": 0.09,                                                                         
           "Total Cost": 6236.72,                                                                        
           "Plan Rows": 1,                                                                               
           "Plan Width": 32,                                                                             
           "Actual Startup Time": 91518.519,                                                             
           "Actual Total Time": 244180.863,                                                              
           "Actual Rows": 16,                                                                            
           "Actual Loops": 1,                                                                            
           "Inner Unique": true,                                                                         
           "Shared Hit Blocks": 183415,                                                                  
           "Shared Read Blocks": 34299,                                                                  
           "Shared Dirtied Blocks": 0,                                                                   
           "Shared Written Blocks": 0,                                                                   
           "Local Hit Blocks": 0,                                                                        
           "Local Read Blocks": 0,                                                                       
           "Local Dirtied Blocks": 0,                                                                    
           "Local Written Blocks": 0,                                                                    
           "Temp Read Blocks": 0,                                                                        
           "Temp Written Blocks": 0,                                                                     
           "Plans": [                                                                                    
             {                                                                                           
               "Node Type": "Nested Loop",                                                               
               "Parent Relationship": "Outer",                                                           
               "Parallel Aware": false,                                                                  
               "Join Type": "Inner",                                                                     
               "Startup Cost": 0.08,                                                                     
               "Total Cost": 6235.83,                                                                    
               "Plan Rows": 1,                                                                           
               "Plan Width": 36,                                                                         
               "Actual Startup Time": 91494.020,                                                         
               "Actual Total Time": 244156.255,                                                          
               "Actual Rows": 16,                                                                        
               "Actual Loops": 1,                                                                        
               "Inner Unique": true,                                                                     
               "Join Filter": "(an.person_id = n.id)",                                                   
               "Rows Removed by Join Filter": 0,                                                         
               "Shared Hit Blocks": 183385,                                                              
               "Shared Read Blocks": 34297,                                                              
               "Shared Dirtied Blocks": 0,                                                               
               "Shared Written Blocks": 0,                                                               
               "Local Hit Blocks": 0,                                                                    
               "Local Read Blocks": 0,                                                                   
               "Local Dirtied Blocks": 0,                                                                
               "Local Written Blocks": 0,                                                                
               "Temp Read Blocks": 0,                                                                    
               "Temp Written Blocks": 0,                                                                 
               "Plans": [                                                                                
                 {                                                                                       
                   "Node Type": "Nested Loop",                                                           
                   "Parent Relationship": "Outer",                                                       
                   "Parallel Aware": false,                                                              
                   "Join Type": "Inner",                                                                 
                   "Startup Cost": 0.07,                                                                 
                   "Total Cost": 6235.73,                                                                
                   "Plan Rows": 1,                                                                       
                   "Plan Width": 33,                                                                     
                   "Actual Startup Time": 91475.191,                                                     
                   "Actual Total Time": 244079.947,                                                      
                   "Actual Rows": 27,                                                                    
                   "Actual Loops": 1,                                                                    
                   "Inner Unique": false,                                                                
                   "Join Filter": "(pi.person_id = an.person_id)",                                       
                   "Rows Removed by Join Filter": 0,                                                     
                   "Shared Hit Blocks": 183291,                                                          
                   "Shared Read Blocks": 34283,                                                          
                   "Shared Dirtied Blocks": 0,                                                           
                   "Shared Written Blocks": 0,                                                           
                   "Local Hit Blocks": 0,                                                                
                   "Local Read Blocks": 0,                                                               
                   "Local Dirtied Blocks": 0,                                                            
                   "Local Written Blocks": 0,                                                            
                   "Temp Read Blocks": 0,                                                                
                   "Temp Written Blocks": 0,                                                             
                   "Plans": [                                                                            
                     {                                                                                   
                       "Node Type": "Nested Loop",                                                       
                       "Parent Relationship": "Outer",                                                   
                       "Parallel Aware": false,                                                          
                       "Join Type": "Inner",                                                             
                       "Startup Cost": 0.06,                                                             
                       "Total Cost": 6235.66,                                                            
                       "Plan Rows": 1,                                                                   
                       "Plan Width": 29,                                                                 
                       "Actual Startup Time": 51904.404,                                                 
                       "Actual Total Time": 243836.853,                                                  
                       "Actual Rows": 14,                                                                
                       "Actual Loops": 1,                                                                
                       "Inner Unique": false,                                                            
                       "Shared Hit Blocks": 183243,                                                      
                       "Shared Read Blocks": 34264,                                                      
                       "Shared Dirtied Blocks": 0,                                                       
                       "Shared Written Blocks": 0,                                                       
                       "Local Hit Blocks": 0,                                                            
                       "Local Read Blocks": 0,                                                           
                       "Local Dirtied Blocks": 0,                                                        
                       "Local Written Blocks": 0,                                                        
                       "Temp Read Blocks": 0,                                                            
                       "Temp Written Blocks": 0,                                                         
                       "Plans": [                                                                        
                         {                                                                               
                           "Node Type": "Nested Loop",                                                   
                           "Parent Relationship": "Outer",                                               
                           "Parallel Aware": false,                                                      
                           "Join Type": "Inner",                                                         
                           "Startup Cost": 0.04,                                                         
                           "Total Cost": 6192.08,                                                        
                           "Plan Rows": 2210,                                                            
                           "Plan Width": 21,                                                             
                           "Actual Startup Time": 377.441,                                               
                           "Actual Total Time": 125925.555,                                              
                           "Actual Rows": 33415,                                                         
                           "Actual Loops": 1,                                                            
                           "Inner Unique": false,                                                        
                           "Shared Hit Blocks": 60644,                                                   
                           "Shared Read Blocks": 18243,                                                  
                           "Shared Dirtied Blocks": 0,                                                   
                           "Shared Written Blocks": 0,                                                   
                           "Local Hit Blocks": 0,                                                        
                           "Local Read Blocks": 0,                                                       
                           "Local Dirtied Blocks": 0,                                                    
                           "Local Written Blocks": 0,                                                    
                           "Temp Read Blocks": 0,                                                        
                           "Temp Written Blocks": 0,                                                     
                           "Plans": [                                                                    
                             {                                                                           
                               "Node Type": "Nested Loop",                                               
                               "Parent Relationship": "Outer",                                           
                               "Parallel Aware": false,                                                  
                               "Join Type": "Inner",                                                     
                               "Startup Cost": 0.03,                                                     
                               "Total Cost": 5572.01,                                                    
                               "Plan Rows": 50,                                                          
                               "Plan Width": 25,                                                         
                               "Actual Startup Time": 338.813,                                           
                               "Actual Total Time": 20771.338,                                           
                               "Actual Rows": 435,                                                       
                               "Actual Loops": 1,                                                        
                               "Inner Unique": true,                                                     
                               "Shared Hit Blocks": 39459,                                               
                               "Shared Read Blocks": 5418,                                               
                               "Shared Dirtied Blocks": 0,                                               
                               "Shared Written Blocks": 0,                                               
                               "Local Hit Blocks": 0,                                                    
                               "Local Read Blocks": 0,                                                   
                               "Local Dirtied Blocks": 0,                                                
                               "Local Written Blocks": 0,                                                
                               "Temp Read Blocks": 0,                                                    
                               "Temp Written Blocks": 0,                                                 
                               "Plans": [                                                                
                                 {                                                                       
                                   "Node Type": "Nested Loop",                                           
                                   "Parent Relationship": "Outer",                                       
                                   "Parallel Aware": false,                                              
                                   "Join Type": "Inner",                                                 
                                   "Startup Cost": 0.01,                                                 
                                   "Total Cost": 771.49,                                                 
                                   "Plan Rows": 1666,                                                    
                                   "Plan Width": 4,                                                      
                                   "Actual Startup Time": 0.528,                                         
                                   "Actual Total Time": 160.262,                                         
                                   "Actual Rows": 5186,                                                  
                                   "Actual Loops": 1,                                                    
                                   "Inner Unique": true,                                                 
                                   "Join Filter": "(lt.id = ml.link_type_id)",                           
                                   "Rows Removed by Join Filter": 24811,                                 
                                   "Shared Hit Blocks": 23866,                                           
                                   "Shared Read Blocks": 242,                                            
                                   "Shared Dirtied Blocks": 0,                                           
                                   "Shared Written Blocks": 0,                                           
                                   "Local Hit Blocks": 0,                                                
                                   "Local Read Blocks": 0,                                               
                                   "Local Dirtied Blocks": 0,                                            
                                   "Local Written Blocks": 0,                                            
                                   "Temp Read Blocks": 0,                                                
                                   "Temp Written Blocks": 0,                                             
                                   "Plans": [                                                            
                                     {                                                                   
                                       "Node Type": "Index Scan",                                        
                                       "Parent Relationship": "Outer",                                   
                                       "Parallel Aware": false,                                          
                                       "Scan Direction": "Forward",                                      
                                       "Index Name": "linked_movie_id_movie_link",                       
                                       "Relation Name": "movie_link",                                    
                                       "Alias": "ml",                                                    
                                       "Startup Cost": 0.01,                                             
                                       "Total Cost": 758.64,                                             
                                       "Plan Rows": 29997,                                               
                                       "Plan Width": 8,                                                  
                                       "Actual Startup Time": 0.007,                                     
                                       "Actual Total Time": 107.121,                                     
                                       "Actual Rows": 29997,                                             
                                       "Actual Loops": 1,                                                
                                       "Shared Hit Blocks": 23865,                                       
                                       "Shared Read Blocks": 241,                                        
                                       "Shared Dirtied Blocks": 0,                                       
                                       "Shared Written Blocks": 0,                                       
                                       "Local Hit Blocks": 0,                                            
                                       "Local Read Blocks": 0,                                           
                                       "Local Dirtied Blocks": 0,                                        
                                       "Local Written Blocks": 0,                                        
                                       "Temp Read Blocks": 0,                                            
                                       "Temp Written Blocks": 0                                          
                                     },                                                                  
                                     {                                                                   
                                       "Node Type": "Materialize",                                       
                                       "Parent Relationship": "Inner",                                   
                                       "Parallel Aware": false,                                          
                                       "Startup Cost": 0.00,                                             
                                       "Total Cost": 6.13,                                               
                                       "Plan Rows": 1,                                                   
                                       "Plan Width": 4,                                                  
                                       "Actual Startup Time": 0.000,                                     
                                       "Actual Total Time": 0.000,                                       
                                       "Actual Rows": 1,                                                 
                                       "Actual Loops": 29997,                                            
                                       "Shared Hit Blocks": 1,                                           
                                       "Shared Read Blocks": 1,                                          
                                       "Shared Dirtied Blocks": 0,                                       
                                       "Shared Written Blocks": 0,                                       
                                       "Local Hit Blocks": 0,                                            
                                       "Local Read Blocks": 0,                                           
                                       "Local Dirtied Blocks": 0,                                        
                                       "Local Written Blocks": 0,                                        
                                       "Temp Read Blocks": 0,                                            
                                       "Temp Written Blocks": 0,                                         
                                       "Plans": [                                                        
                                         {                                                               
                                           "Node Type": "Index Scan",                                    
                                           "Parent Relationship": "Outer",                               
                                           "Parallel Aware": false,                                      
                                           "Scan Direction": "Forward",                                  
                                           "Index Name": "link_type_link_key",                           
                                           "Relation Name": "link_type",                                 
                                           "Alias": "lt",                                                
                                           "Startup Cost": 0.00,                                         
                                           "Total Cost": 6.13,                                           
                                           "Plan Rows": 1,                                               
                                           "Plan Width": 4,                                              
                                           "Actual Startup Time": 0.015,                                 
                                           "Actual Total Time": 0.015,                                   
                                           "Actual Rows": 1,                                             
                                           "Actual Loops": 1,                                            
                                           "Index Cond": "((link)::text = 'features'::text)",            
                                           "Rows Removed by Index Recheck": 0,                           
                                           "Shared Hit Blocks": 1,                                       
                                           "Shared Read Blocks": 1,                                      
                                           "Shared Dirtied Blocks": 0,                                   
                                           "Shared Written Blocks": 0,                                   
                                           "Local Hit Blocks": 0,                                        
                                           "Local Read Blocks": 0,                                       
                                           "Local Dirtied Blocks": 0,                                    
                                           "Local Written Blocks": 0,                                    
                                           "Temp Read Blocks": 0,                                        
                                           "Temp Written Blocks": 0                                      
                                         }                                                               
                                       ]                                                                 
                                     }                                                                   
                                   ]                                                                     
                                 },                                                                      
                                 {                                                                       
                                   "Node Type": "Index Scan",                                            
                                   "Parent Relationship": "Inner",                                       
                                   "Parallel Aware": false,                                              
                                   "Scan Direction": "Forward",                                          
                                   "Index Name": "title_idx_id",                                         
                                   "Relation Name": "title",                                             
                                   "Alias": "t",                                                         
                                   "Startup Cost": 0.01,                                                 
                                   "Total Cost": 2.88,                                                   
                                   "Plan Rows": 1,                                                       
                                   "Plan Width": 21,                                                     
                                   "Actual Startup Time": 3.971,                                         
                                   "Actual Total Time": 3.971,                                           
                                   "Actual Rows": 0,                                                     
                                   "Actual Loops": 5186,                                                 
                                   "Index Cond": "(id = ml.linked_movie_id)",                            
                                   "Rows Removed by Index Recheck": 0,                                   
                                   "Filter": "((production_year >= 1980) AND (production_year <= 1984))",
                                   "Rows Removed by Filter": 1,                                          
                                   "Shared Hit Blocks": 15593,                                           
                                   "Shared Read Blocks": 5176,                                           
                                   "Shared Dirtied Blocks": 0,                                           
                                   "Shared Written Blocks": 0,                                           
                                   "Local Hit Blocks": 0,                                                
                                   "Local Read Blocks": 0,                                               
                                   "Local Dirtied Blocks": 0,                                            
                                   "Local Written Blocks": 0,                                            
                                   "Temp Read Blocks": 0,                                                
                                   "Temp Written Blocks": 0                                              
                                 }                                                                       
                               ]                                                                         
                             },                                                                          
                             {                                                                           
                               "Node Type": "Index Scan",                                                
                               "Parent Relationship": "Inner",                                           
                               "Parallel Aware": false,                                                  
                               "Scan Direction": "Forward",                                              
                               "Index Name": "movie_id_cast_info",                                       
                               "Relation Name": "cast_info",                                             
                               "Alias": "ci",                                                            
                               "Startup Cost": 0.02,                                                     
                               "Total Cost": 12.40,                                                      
                               "Plan Rows": 23,                                                          
                               "Plan Width": 8,                                                          
                               "Actual Startup Time": 16.634,                                            
                               "Actual Total Time": 241.602,                                             
                               "Actual Rows": 77,                                                        
                               "Actual Loops": 435,                                                      
                               "Index Cond": "(movie_id = t.id)",                                        
                               "Rows Removed by Index Recheck": 0,                                       
                               "Shared Hit Blocks": 21185,                                               
                               "Shared Read Blocks": 12825,                                              
                               "Shared Dirtied Blocks": 0,                                               
                               "Shared Written Blocks": 0,                                               
                               "Local Hit Blocks": 0,                                                    
                               "Local Read Blocks": 0,                                                   
                               "Local Dirtied Blocks": 0,                                                
                               "Local Written Blocks": 0,                                                
                               "Temp Read Blocks": 0,                                                    
                               "Temp Written Blocks": 0                                                  
                             }                                                                           
                           ]                                                                             
                         },                                                                              
                         {                                                                               
                           "Node Type": "Index Scan",                                                    
                           "Parent Relationship": "Inner",                                               
                           "Parallel Aware": false,                                                      
                           "Scan Direction": "Forward",                                                  
                           "Index Name": "person_id_person_info",                                        
                           "Relation Name": "person_info",                                               
                           "Alias": "pi",                                                                
                           "Startup Cost": 0.01,                                                         
                           "Total Cost": 0.02,                                                           
                           "Plan Rows": 1,                                                               
                           "Plan Width": 8,                                                              
                           "Actual Startup Time": 3.525,                                                 
                           "Actual Total Time": 3.525,                                                   
                           "Actual Rows": 0,                                                             
                           "Actual Loops": 33415,                                                        
                           "Index Cond": "(person_id = ci.person_id)",                                   
                           "Rows Removed by Index Recheck": 0,                                           
                           "Filter": "(note = 'Volker Boehm'::text)",                                    
                           "Rows Removed by Filter": 15,                                                 
                           "Shared Hit Blocks": 122599,                                                  
                           "Shared Read Blocks": 16021,                                                  
                           "Shared Dirtied Blocks": 0,                                                   
                           "Shared Written Blocks": 0,                                                   
                           "Local Hit Blocks": 0,                                                        
                           "Local Read Blocks": 0,                                                       
                           "Local Dirtied Blocks": 0,                                                    
                           "Local Written Blocks": 0,                                                    
                           "Temp Read Blocks": 0,                                                        
                           "Temp Written Blocks": 0                                                      
                         }                                                                               
                       ]                                                                                 
                     },                                                                                  
                     {                                                                                   
                       "Node Type": "Index Scan",                                                        
                       "Parent Relationship": "Inner",                                                   
                       "Parallel Aware": false,                                                          
                       "Scan Direction": "Forward",                                                      
                       "Index Name": "person_id_aka_name",                                               
                       "Relation Name": "aka_name",                                                      
                       "Alias": "an",                                                                    
                       "Startup Cost": 0.01,                                                             
                       "Total Cost": 0.01,                                                               
                       "Plan Rows": 1,                                                                   
                       "Plan Width": 4,                                                                  
                       "Actual Startup Time": 13.824,                                                    
                       "Actual Total Time": 17.354,                                                      
                       "Actual Rows": 2,                                                                 
                       "Actual Loops": 14,                                                               
                       "Index Cond": "(person_id = ci.person_id)",                                       
                       "Rows Removed by Index Recheck": 0,                                               
                       "Filter": "(name ~~ '%a%'::text)",                                                
                       "Rows Removed by Filter": 1,                                                      
                       "Shared Hit Blocks": 48,                                                          
                       "Shared Read Blocks": 19,                                                         
                       "Shared Dirtied Blocks": 0,                                                       
                       "Shared Written Blocks": 0,                                                       
                       "Local Hit Blocks": 0,                                                            
                       "Local Read Blocks": 0,                                                           
                       "Local Dirtied Blocks": 0,                                                        
                       "Local Written Blocks": 0,                                                        
                       "Temp Read Blocks": 0,                                                            
                       "Temp Written Blocks": 0                                                          
                     }                                                                                   
                   ]                                                                                     
                 },                                                                                      
                 {                                                                                       
                   "Node Type": "Index Scan",                                                            
                   "Parent Relationship": "Inner",                                                       
                   "Parallel Aware": false,                                                              
                   "Scan Direction": "Forward",                                                          
                   "Index Name": "name_pkey",                                                            
                   "Relation Name": "name",                                                              
                   "Alias": "n",                                                                         
                   "Startup Cost": 0.01,                                                                 
                   "Total Cost": 0.02,                                                                   
                   "Plan Rows": 1,                                                                       
                   "Plan Width": 19,                                                                     
                   "Actual Startup Time": 2.821,                                                         
                   "Actual Total Time": 2.821,                                                           
                   "Actual Rows": 1,                                                                     
                   "Actual Loops": 27,                                                                   
                   "Index Cond": "(id = ci.person_id)",                                                  
                   "Rows Removed by Index Recheck": 0,                                                   
                   "Filter": "(((name_pcode_cf)::text ~~ 'D%'::text) AND ((gender)::text = 'm'::text))", 
                   "Rows Removed by Filter": 0,                                                          
                   "Shared Hit Blocks": 94,                                                              
                   "Shared Read Blocks": 14,                                                             
                   "Shared Dirtied Blocks": 0,                                                           
                   "Shared Written Blocks": 0,                                                           
                   "Local Hit Blocks": 0,                                                                
                   "Local Read Blocks": 0,                                                               
                   "Local Dirtied Blocks": 0,                                                            
                   "Local Written Blocks": 0,                                                            
                   "Temp Read Blocks": 0,                                                                
                   "Temp Written Blocks": 0                                                              
                 }                                                                                       
               ]                                                                                         
             },                                                                                          
             {                                                                                           
               "Node Type": "Index Scan",                                                                
               "Parent Relationship": "Inner",                                                           
               "Parallel Aware": false,                                                                  
               "Scan Direction": "Forward",                                                              
               "Index Name": "info_type_pkey",                                                           
               "Relation Name": "info_type",                                                             
               "Alias": "it",                                                                            
               "Startup Cost": 0.00,                                                                     
               "Total Cost": 0.15,                                                                       
               "Plan Rows": 1,                                                                           
               "Plan Width": 4,                                                                          
               "Actual Startup Time": 1.535,                                                             
               "Actual Total Time": 1.535,                                                               
               "Actual Rows": 1,                                                                         
               "Actual Loops": 16,                                                                       
               "Index Cond": "(id = pi.info_type_id)",                                                   
               "Rows Removed by Index Recheck": 0,                                                       
               "Filter": "((info)::text = 'mini biography'::text)",                                      
               "Rows Removed by Filter": 0,                                                              
               "Shared Hit Blocks": 30,                                                                  
               "Shared Read Blocks": 2,                                                                  
               "Shared Dirtied Blocks": 0,                                                               
               "Shared Written Blocks": 0,                                                               
               "Local Hit Blocks": 0,                                                                    
               "Local Read Blocks": 0,                                                                   
               "Local Dirtied Blocks": 0,                                                                
               "Local Written Blocks": 0,                                                                
               "Temp Read Blocks": 0,                                                                    
               "Temp Written Blocks": 0                                                                  
             }                                                                                           
           ]                                                                                             
         }                                                                                               
       ]                                                                                                 
     },                                                                                                  
     "Planning Time": 5611.730,                                                                          
     "Triggers": [                                                                                       
     ],                                                                                                  
     "Execution Time": 244181.489                                                                        
   }                                                                                                     
 ]
