 [                                                                                                                               
   {                                                                                                                             
     "Plan": {                                                                                                                   
       "Node Type": "Aggregate",                                                                                                 
       "Strategy": "Plain",                                                                                                      
       "Partial Mode": "Simple",                                                                                                 
       "Parallel Aware": false,                                                                                                  
       "Startup Cost": 10349.12,                                                                                                 
       "Total Cost": 10349.12,                                                                                                   
       "Plan Rows": 1,                                                                                                           
       "Plan Width": 96,                                                                                                         
       "Actual Startup Time": 2681.233,                                                                                          
       "Actual Total Time": 2681.234,                                                                                            
       "Actual Rows": 1,                                                                                                         
       "Actual Loops": 1,                                                                                                        
       "Shared Hit Blocks": 487559,                                                                                              
       "Shared Read Blocks": 9925,                                                                                               
       "Shared Dirtied Blocks": 0,                                                                                               
       "Shared Written Blocks": 0,                                                                                               
       "Local Hit Blocks": 0,                                                                                                    
       "Local Read Blocks": 0,                                                                                                   
       "Local Dirtied Blocks": 0,                                                                                                
       "Local Written Blocks": 0,                                                                                                
       "Temp Read Blocks": 0,                                                                                                    
       "Temp Written Blocks": 0,                                                                                                 
       "Plans": [                                                                                                                
         {                                                                                                                       
           "Node Type": "Merge Join",                                                                                            
           "Parent Relationship": "Outer",                                                                                       
           "Parallel Aware": false,                                                                                              
           "Join Type": "Inner",                                                                                                 
           "Startup Cost": 5711.62,                                                                                              
           "Total Cost": 10349.12,                                                                                               
           "Plan Rows": 1,                                                                                                       
           "Plan Width": 48,                                                                                                     
           "Actual Startup Time": 2569.363,                                                                                      
           "Actual Total Time": 2681.159,                                                                                        
           "Actual Rows": 14,                                                                                                    
           "Actual Loops": 1,                                                                                                    
           "Inner Unique": true,                                                                                                 
           "Merge Cond": "(mc.company_id = cn.id)",                                                                              
           "Shared Hit Blocks": 487559,                                                                                          
           "Shared Read Blocks": 9925,                                                                                           
           "Shared Dirtied Blocks": 0,                                                                                           
           "Shared Written Blocks": 0,                                                                                           
           "Local Hit Blocks": 0,                                                                                                
           "Local Read Blocks": 0,                                                                                               
           "Local Dirtied Blocks": 0,                                                                                            
           "Local Written Blocks": 0,                                                                                            
           "Temp Read Blocks": 0,                                                                                                
           "Temp Written Blocks": 0,                                                                                             
           "Plans": [                                                                                                            
             {                                                                                                                   
               "Node Type": "Sort",                                                                                              
               "Parent Relationship": "Outer",                                                                                   
               "Parallel Aware": false,                                                                                          
               "Startup Cost": 5711.61,                                                                                          
               "Total Cost": 5711.61,                                                                                            
               "Plan Rows": 1,                                                                                                   
               "Plan Width": 33,                                                                                                 
               "Actual Startup Time": 2248.288,                                                                                  
               "Actual Total Time": 2248.293,                                                                                    
               "Actual Rows": 21,                                                                                                
               "Actual Loops": 1,                                                                                                
               "Sort Key": ["mc.company_id"],                                                                                    
               "Sort Method": "quicksort",                                                                                       
               "Sort Space Used": 26,                                                                                            
               "Sort Space Type": "Memory",                                                                                      
               "Shared Hit Blocks": 415281,                                                                                      
               "Shared Read Blocks": 8384,                                                                                       
               "Shared Dirtied Blocks": 0,                                                                                       
               "Shared Written Blocks": 0,                                                                                       
               "Local Hit Blocks": 0,                                                                                            
               "Local Read Blocks": 0,                                                                                           
               "Local Dirtied Blocks": 0,                                                                                        
               "Local Written Blocks": 0,                                                                                        
               "Temp Read Blocks": 0,                                                                                            
               "Temp Written Blocks": 0,                                                                                         
               "Plans": [                                                                                                        
                 {                                                                                                               
                   "Node Type": "Merge Join",                                                                                    
                   "Parent Relationship": "Outer",                                                                               
                   "Parallel Aware": false,                                                                                      
                   "Join Type": "Inner",                                                                                         
                   "Startup Cost": 5711.61,                                                                                      
                   "Total Cost": 5711.61,                                                                                        
                   "Plan Rows": 1,                                                                                               
                   "Plan Width": 33,                                                                                             
                   "Actual Startup Time": 2248.174,                                                                              
                   "Actual Total Time": 2248.199,                                                                                
                   "Actual Rows": 21,                                                                                            
                   "Actual Loops": 1,                                                                                            
                   "Inner Unique": true,                                                                                         
                   "Merge Cond": "(mk.keyword_id = k.id)",                                                                       
                   "Shared Hit Blocks": 415277,                                                                                  
                   "Shared Read Blocks": 8384,                                                                                   
                   "Shared Dirtied Blocks": 0,                                                                                   
                   "Shared Written Blocks": 0,                                                                                   
                   "Local Hit Blocks": 0,                                                                                        
                   "Local Read Blocks": 0,                                                                                       
                   "Local Dirtied Blocks": 0,                                                                                    
                   "Local Written Blocks": 0,                                                                                    
                   "Temp Read Blocks": 0,                                                                                        
                   "Temp Written Blocks": 0,                                                                                     
                   "Plans": [                                                                                                    
                     {                                                                                                           
                       "Node Type": "Sort",                                                                                      
                       "Parent Relationship": "Outer",                                                                           
                       "Parallel Aware": false,                                                                                  
                       "Startup Cost": 5705.48,                                                                                  
                       "Total Cost": 5705.48,                                                                                    
                       "Plan Rows": 1,                                                                                           
                       "Plan Width": 37,                                                                                         
                       "Actual Startup Time": 2205.339,                                                                          
                       "Actual Total Time": 2205.348,                                                                            
                       "Actual Rows": 43,                                                                                        
                       "Actual Loops": 1,                                                                                        
                       "Sort Key": ["mk.keyword_id"],                                                                            
                       "Sort Method": "quicksort",                                                                               
                       "Sort Space Used": 31,                                                                                    
                       "Sort Space Type": "Memory",                                                                              
                       "Shared Hit Blocks": 415277,                                                                              
                       "Shared Read Blocks": 8380,                                                                               
                       "Shared Dirtied Blocks": 0,                                                                               
                       "Shared Written Blocks": 0,                                                                               
                       "Local Hit Blocks": 0,                                                                                    
                       "Local Read Blocks": 0,                                                                                   
                       "Local Dirtied Blocks": 0,                                                                                
                       "Local Written Blocks": 0,                                                                                
                       "Temp Read Blocks": 0,                                                                                    
                       "Temp Written Blocks": 0,                                                                                 
                       "Plans": [                                                                                                
                         {                                                                                                       
                           "Node Type": "Merge Join",                                                                            
                           "Parent Relationship": "Outer",                                                                       
                           "Parallel Aware": false,                                                                              
                           "Join Type": "Inner",                                                                                 
                           "Startup Cost": 4851.04,                                                                              
                           "Total Cost": 5705.48,                                                                                
                           "Plan Rows": 1,                                                                                       
                           "Plan Width": 37,                                                                                     
                           "Actual Startup Time": 2205.094,                                                                      
                           "Actual Total Time": 2205.238,                                                                        
                           "Actual Rows": 84,                                                                                    
                           "Actual Loops": 1,                                                                                    
                           "Inner Unique": false,                                                                                
                           "Merge Cond": "(ml.movie_id = mk.movie_id)",                                                          
                           "Shared Hit Blocks": 415277,                                                                          
                           "Shared Read Blocks": 8380,                                                                           
                           "Shared Dirtied Blocks": 0,                                                                           
                           "Shared Written Blocks": 0,                                                                           
                           "Local Hit Blocks": 0,                                                                                
                           "Local Read Blocks": 0,                                                                               
                           "Local Dirtied Blocks": 0,                                                                            
                           "Local Written Blocks": 0,                                                                            
                           "Temp Read Blocks": 0,                                                                                
                           "Temp Written Blocks": 0,                                                                             
                           "Plans": [                                                                                            
                             {                                                                                                   
                               "Node Type": "Sort",                                                                              
                               "Parent Relationship": "Outer",                                                                   
                               "Parallel Aware": false,                                                                          
                               "Startup Cost": 4851.03,                                                                          
                               "Total Cost": 4851.03,                                                                            
                               "Plan Rows": 1,                                                                                   
                               "Plan Width": 45,                                                                                 
                               "Actual Startup Time": 2042.454,                                                                  
                               "Actual Total Time": 2042.460,                                                                    
                               "Actual Rows": 21,                                                                                
                               "Actual Loops": 1,                                                                                
                               "Sort Key": ["mc.movie_id"],                                                                      
                               "Sort Method": "quicksort",                                                                       
                               "Sort Space Used": 26,                                                                            
                               "Sort Space Type": "Memory",                                                                      
                               "Shared Hit Blocks": 415016,                                                                      
                               "Shared Read Blocks": 7813,                                                                       
                               "Shared Dirtied Blocks": 0,                                                                       
                               "Shared Written Blocks": 0,                                                                       
                               "Local Hit Blocks": 0,                                                                            
                               "Local Read Blocks": 0,                                                                           
                               "Local Dirtied Blocks": 0,                                                                        
                               "Local Written Blocks": 0,                                                                        
                               "Temp Read Blocks": 0,                                                                            
                               "Temp Written Blocks": 0,                                                                         
                               "Plans": [                                                                                        
                                 {                                                                                               
                                   "Node Type": "Merge Join",                                                                    
                                   "Parent Relationship": "Outer",                                                               
                                   "Parallel Aware": false,                                                                      
                                   "Join Type": "Inner",                                                                         
                                   "Startup Cost": 4841.84,                                                                      
                                   "Total Cost": 4851.03,                                                                        
                                   "Plan Rows": 1,                                                                               
                                   "Plan Width": 45,                                                                             
                                   "Actual Startup Time": 2042.412,                                                              
                                   "Actual Total Time": 2042.425,                                                                
                                   "Actual Rows": 21,                                                                            
                                   "Actual Loops": 1,                                                                            
                                   "Inner Unique": true,                                                                         
                                   "Merge Cond": "(ml.link_type_id = lt.id)",                                                    
                                   "Shared Hit Blocks": 415016,                                                                  
                                   "Shared Read Blocks": 7813,                                                                   
                                   "Shared Dirtied Blocks": 0,                                                                   
                                   "Shared Written Blocks": 0,                                                                   
                                   "Local Hit Blocks": 0,                                                                        
                                   "Local Read Blocks": 0,                                                                       
                                   "Local Dirtied Blocks": 0,                                                                    
                                   "Local Written Blocks": 0,                                                                    
                                   "Temp Read Blocks": 0,                                                                        
                                   "Temp Written Blocks": 0,                                                                     
                                   "Plans": [                                                                                    
                                     {                                                                                           
                                       "Node Type": "Sort",                                                                      
                                       "Parent Relationship": "Outer",                                                           
                                       "Parallel Aware": false,                                                                  
                                       "Startup Cost": 4841.84,                                                                  
                                       "Total Cost": 4841.84,                                                                    
                                       "Plan Rows": 1,                                                                           
                                       "Plan Width": 37,                                                                         
                                       "Actual Startup Time": 2042.400,                                                          
                                       "Actual Total Time": 2042.402,                                                            
                                       "Actual Rows": 22,                                                                        
                                       "Actual Loops": 1,                                                                        
                                       "Sort Key": ["ml.link_type_id"],                                                          
                                       "Sort Method": "quicksort",                                                               
                                       "Sort Space Used": 29,                                                                    
                                       "Sort Space Type": "Memory",                                                              
                                       "Shared Hit Blocks": 415014,                                                              
                                       "Shared Read Blocks": 7813,                                                               
                                       "Shared Dirtied Blocks": 0,                                                               
                                       "Shared Written Blocks": 0,                                                               
                                       "Local Hit Blocks": 0,                                                                    
                                       "Local Read Blocks": 0,                                                                   
                                       "Local Dirtied Blocks": 0,                                                                
                                       "Local Written Blocks": 0,                                                                
                                       "Temp Read Blocks": 0,                                                                    
                                       "Temp Written Blocks": 0,                                                                 
                                       "Plans": [                                                                                
                                         {                                                                                       
                                           "Node Type": "Merge Join",                                                            
                                           "Parent Relationship": "Outer",                                                       
                                           "Parallel Aware": false,                                                              
                                           "Join Type": "Inner",                                                                 
                                           "Startup Cost": 4841.84,                                                              
                                           "Total Cost": 4841.84,                                                                
                                           "Plan Rows": 1,                                                                       
                                           "Plan Width": 37,                                                                     
                                           "Actual Startup Time": 2042.349,                                                      
                                           "Actual Total Time": 2042.369,                                                        
                                           "Actual Rows": 57,                                                                    
                                           "Actual Loops": 1,                                                                    
                                           "Inner Unique": true,                                                                 
                                           "Merge Cond": "(mc.company_type_id = ct.id)",                                         
                                           "Shared Hit Blocks": 415014,                                                          
                                           "Shared Read Blocks": 7813,                                                           
                                           "Shared Dirtied Blocks": 0,                                                           
                                           "Shared Written Blocks": 0,                                                           
                                           "Local Hit Blocks": 0,                                                                
                                           "Local Read Blocks": 0,                                                               
                                           "Local Dirtied Blocks": 0,                                                            
                                           "Local Written Blocks": 0,                                                            
                                           "Temp Read Blocks": 0,                                                                
                                           "Temp Written Blocks": 0,                                                             
                                           "Plans": [                                                                            
                                             {                                                                                   
                                               "Node Type": "Sort",                                                              
                                               "Parent Relationship": "Outer",                                                   
                                               "Parallel Aware": false,                                                          
                                               "Startup Cost": 4835.71,                                                          
                                               "Total Cost": 4835.71,                                                            
                                               "Plan Rows": 1,                                                                   
                                               "Plan Width": 41,                                                                 
                                               "Actual Startup Time": 2042.302,                                                  
                                               "Actual Total Time": 2042.305,                                                    
                                               "Actual Rows": 57,                                                                
                                               "Actual Loops": 1,                                                                
                                               "Sort Key": ["mc.company_type_id"],                                               
                                               "Sort Method": "quicksort",                                                       
                                               "Sort Space Used": 29,                                                            
                                               "Sort Space Type": "Memory",                                                      
                                               "Shared Hit Blocks": 415013,                                                      
                                               "Shared Read Blocks": 7812,                                                       
                                               "Shared Dirtied Blocks": 0,                                                       
                                               "Shared Written Blocks": 0,                                                       
                                               "Local Hit Blocks": 0,                                                            
                                               "Local Read Blocks": 0,                                                           
                                               "Local Dirtied Blocks": 0,                                                        
                                               "Local Written Blocks": 0,                                                        
                                               "Temp Read Blocks": 0,                                                            
                                               "Temp Written Blocks": 0,                                                         
                                               "Plans": [                                                                        
                                                 {                                                                               
                                                   "Node Type": "Merge Join",                                                    
                                                   "Parent Relationship": "Outer",                                               
                                                   "Parallel Aware": false,                                                      
                                                   "Join Type": "Inner",                                                         
                                                   "Startup Cost": 0.04,                                                         
                                                   "Total Cost": 4835.71,                                                        
                                                   "Plan Rows": 1,                                                               
                                                   "Plan Width": 41,                                                             
                                                   "Actual Startup Time": 1216.884,                                              
                                                   "Actual Total Time": 2042.209,                                                
                                                   "Actual Rows": 57,                                                            
                                                   "Actual Loops": 1,                                                            
                                                   "Inner Unique": false,                                                        
                                                   "Merge Cond": "(ml.movie_id = mc.movie_id)",                                  
                                                   "Shared Hit Blocks": 415013,                                                  
                                                   "Shared Read Blocks": 7812,                                                   
                                                   "Shared Dirtied Blocks": 0,                                                   
                                                   "Shared Written Blocks": 0,                                                   
                                                   "Local Hit Blocks": 0,                                                        
                                                   "Local Read Blocks": 0,                                                       
                                                   "Local Dirtied Blocks": 0,                                                    
                                                   "Local Written Blocks": 0,                                                    
                                                   "Temp Read Blocks": 0,                                                        
                                                   "Temp Written Blocks": 0,                                                     
                                                   "Plans": [                                                                    
                                                     {                                                                           
                                                       "Node Type": "Merge Join",                                                
                                                       "Parent Relationship": "Outer",                                           
                                                       "Parallel Aware": false,                                                  
                                                       "Join Type": "Inner",                                                     
                                                       "Startup Cost": 0.02,                                                     
                                                       "Total Cost": 2231.03,                                                    
                                                       "Plan Rows": 1,                                                           
                                                       "Plan Width": 29,                                                         
                                                       "Actual Startup Time": 908.260,                                           
                                                       "Actual Total Time": 1733.422,                                            
                                                       "Actual Rows": 19,                                                        
                                                       "Actual Loops": 1,                                                        
                                                       "Inner Unique": true,                                                     
                                                       "Merge Cond": "(ml.movie_id = t.id)",                                     
                                                       "Shared Hit Blocks": 384877,                                              
                                                       "Shared Read Blocks": 7138,                                               
                                                       "Shared Dirtied Blocks": 0,                                               
                                                       "Shared Written Blocks": 0,                                               
                                                       "Local Hit Blocks": 0,                                                    
                                                       "Local Read Blocks": 0,                                                   
                                                       "Local Dirtied Blocks": 0,                                                
                                                       "Local Written Blocks": 0,                                                
                                                       "Temp Read Blocks": 0,                                                    
                                                       "Temp Written Blocks": 0,                                                 
                                                       "Plans": [                                                                
                                                         {                                                                       
                                                           "Node Type": "Index Scan",                                            
                                                           "Parent Relationship": "Outer",                                       
                                                           "Parallel Aware": false,                                              
                                                           "Scan Direction": "Forward",                                          
                                                           "Index Name": "movie_id_movie_link",                                  
                                                           "Relation Name": "movie_link",                                        
                                                           "Alias": "ml",                                                        
                                                           "Startup Cost": 0.01,                                                 
                                                           "Total Cost": 275.80,                                                 
                                                           "Plan Rows": 29997,                                                   
                                                           "Plan Width": 8,                                                      
                                                           "Actual Startup Time": 0.029,                                         
                                                           "Actual Total Time": 71.891,                                          
                                                           "Actual Rows": 29997,                                                 
                                                           "Actual Loops": 1,                                                    
                                                           "Shared Hit Blocks": 81,                                              
                                                           "Shared Read Blocks": 241,                                            
                                                           "Shared Dirtied Blocks": 0,                                           
                                                           "Shared Written Blocks": 0,                                           
                                                           "Local Hit Blocks": 0,                                                
                                                           "Local Read Blocks": 0,                                               
                                                           "Local Dirtied Blocks": 0,                                            
                                                           "Local Written Blocks": 0,                                            
                                                           "Temp Read Blocks": 0,                                                
                                                           "Temp Written Blocks": 0                                              
                                                         },                                                                      
                                                         {                                                                       
                                                           "Node Type": "Index Scan",                                            
                                                           "Parent Relationship": "Inner",                                       
                                                           "Parallel Aware": false,                                              
                                                           "Scan Direction": "Forward",                                          
                                                           "Index Name": "title_idx_id",                                         
                                                           "Relation Name": "title",                                             
                                                           "Alias": "t",                                                         
                                                           "Startup Cost": 0.01,                                                 
                                                           "Total Cost": 23434.65,                                               
                                                           "Plan Rows": 24,                                                      
                                                           "Plan Width": 21,                                                     
                                                           "Actual Startup Time": 827.543,                                       
                                                           "Actual Total Time": 1651.092,                                        
                                                           "Actual Rows": 3,                                                     
                                                           "Actual Loops": 1,                                                    
                                                           "Filter": "((title ~~ '%Money%'::text) AND (production_year = 1998))",
                                                           "Rows Removed by Filter": 390794,                                     
                                                           "Shared Hit Blocks": 384796,                                          
                                                           "Shared Read Blocks": 6897,                                           
                                                           "Shared Dirtied Blocks": 0,                                           
                                                           "Shared Written Blocks": 0,                                           
                                                           "Local Hit Blocks": 0,                                                
                                                           "Local Read Blocks": 0,                                               
                                                           "Local Dirtied Blocks": 0,                                            
                                                           "Local Written Blocks": 0,                                            
                                                           "Temp Read Blocks": 0,                                                
                                                           "Temp Written Blocks": 0                                              
                                                         }                                                                       
                                                       ]                                                                         
                                                     },                                                                          
                                                     {                                                                           
                                                       "Node Type": "Index Scan",                                                
                                                       "Parent Relationship": "Inner",                                           
                                                       "Parallel Aware": false,                                                  
                                                       "Scan Direction": "Forward",                                              
                                                       "Index Name": "movie_id_movie_companies",                                 
                                                       "Relation Name": "movie_companies",                                       
                                                       "Alias": "mc",                                                            
                                                       "Startup Cost": 0.01,                                                     
                                                       "Total Cost": 67925.24,                                                   
                                                       "Plan Rows": 1271989,                                                     
                                                       "Plan Width": 12,                                                         
                                                       "Actual Startup Time": 23.718,                                            
                                                       "Actual Total Time": 299.327,                                             
                                                       "Actual Rows": 33546,                                                     
                                                       "Actual Loops": 1,                                                        
                                                       "Filter": "(note IS NULL)",                                               
                                                       "Rows Removed by Filter": 34729,                                          
                                                       "Shared Hit Blocks": 30136,                                               
                                                       "Shared Read Blocks": 674,                                                
                                                       "Shared Dirtied Blocks": 0,                                               
                                                       "Shared Written Blocks": 0,                                               
                                                       "Local Hit Blocks": 0,                                                    
                                                       "Local Read Blocks": 0,                                                   
                                                       "Local Dirtied Blocks": 0,                                                
                                                       "Local Written Blocks": 0,                                                
                                                       "Temp Read Blocks": 0,                                                    
                                                       "Temp Written Blocks": 0                                                  
                                                     }                                                                           
                                                   ]                                                                             
                                                 }                                                                               
                                               ]                                                                                 
                                             },                                                                                  
                                             {                                                                                   
                                               "Node Type": "Sort",                                                              
                                               "Parent Relationship": "Inner",                                                   
                                               "Parallel Aware": false,                                                          
                                               "Startup Cost": 6.13,                                                             
                                               "Total Cost": 6.13,                                                               
                                               "Plan Rows": 1,                                                                   
                                               "Plan Width": 4,                                                                  
                                               "Actual Startup Time": 0.042,                                                     
                                               "Actual Total Time": 0.042,                                                       
                                               "Actual Rows": 1,                                                                 
                                               "Actual Loops": 1,                                                                
                                               "Sort Key": ["ct.id"],                                                            
                                               "Sort Method": "quicksort",                                                       
                                               "Sort Space Used": 25,                                                            
                                               "Sort Space Type": "Memory",                                                      
                                               "Shared Hit Blocks": 1,                                                           
                                               "Shared Read Blocks": 1,                                                          
                                               "Shared Dirtied Blocks": 0,                                                       
                                               "Shared Written Blocks": 0,                                                       
                                               "Local Hit Blocks": 0,                                                            
                                               "Local Read Blocks": 0,                                                           
                                               "Local Dirtied Blocks": 0,                                                        
                                               "Local Written Blocks": 0,                                                        
                                               "Temp Read Blocks": 0,                                                            
                                               "Temp Written Blocks": 0,                                                         
                                               "Plans": [                                                                        
                                                 {                                                                               
                                                   "Node Type": "Index Scan",                                                    
                                                   "Parent Relationship": "Outer",                                               
                                                   "Parallel Aware": false,                                                      
                                                   "Scan Direction": "Forward",                                                  
                                                   "Index Name": "company_type_kind_key",                                        
                                                   "Relation Name": "company_type",                                              
                                                   "Alias": "ct",                                                                
                                                   "Startup Cost": 0.00,                                                         
                                                   "Total Cost": 6.12,                                                           
                                                   "Plan Rows": 1,                                                               
                                                   "Plan Width": 4,                                                              
                                                   "Actual Startup Time": 0.021,                                                 
                                                   "Actual Total Time": 0.021,                                                   
                                                   "Actual Rows": 1,                                                             
                                                   "Actual Loops": 1,                                                            
                                                   "Index Cond": "((kind)::text = 'production companies'::text)",                
                                                   "Rows Removed by Index Recheck": 0,                                           
                                                   "Shared Hit Blocks": 1,                                                       
                                                   "Shared Read Blocks": 1,                                                      
                                                   "Shared Dirtied Blocks": 0,                                                   
                                                   "Shared Written Blocks": 0,                                                   
                                                   "Local Hit Blocks": 0,                                                        
                                                   "Local Read Blocks": 0,                                                       
                                                   "Local Dirtied Blocks": 0,                                                    
                                                   "Local Written Blocks": 0,                                                    
                                                   "Temp Read Blocks": 0,                                                        
                                                   "Temp Written Blocks": 0                                                      
                                                 }                                                                               
                                               ]                                                                                 
                                             }                                                                                   
                                           ]                                                                                     
                                         }                                                                                       
                                       ]                                                                                         
                                     },                                                                                          
                                     {                                                                                           
                                       "Node Type": "Index Scan",                                                                
                                       "Parent Relationship": "Inner",                                                           
                                       "Parallel Aware": false,                                                                  
                                       "Scan Direction": "Forward",                                                              
                                       "Index Name": "link_type_pkey",                                                           
                                       "Relation Name": "link_type",                                                             
                                       "Alias": "lt",                                                                            
                                       "Startup Cost": 0.00,                                                                     
                                       "Total Cost": 9.19,                                                                       
                                       "Plan Rows": 1,                                                                           
                                       "Plan Width": 16,                                                                         
                                       "Actual Startup Time": 0.007,                                                             
                                       "Actual Total Time": 0.013,                                                               
                                       "Actual Rows": 1,                                                                         
                                       "Actual Loops": 1,                                                                        
                                       "Filter": "((link)::text ~~ '%follows%'::text)",                                          
                                       "Rows Removed by Filter": 17,                                                             
                                       "Shared Hit Blocks": 2,                                                                   
                                       "Shared Read Blocks": 0,                                                                  
                                       "Shared Dirtied Blocks": 0,                                                               
                                       "Shared Written Blocks": 0,                                                               
                                       "Local Hit Blocks": 0,                                                                    
                                       "Local Read Blocks": 0,                                                                   
                                       "Local Dirtied Blocks": 0,                                                                
                                       "Local Written Blocks": 0,                                                                
                                       "Temp Read Blocks": 0,                                                                    
                                       "Temp Written Blocks": 0                                                                  
                                     }                                                                                           
                                   ]                                                                                             
                                 }                                                                                               
                               ]                                                                                                 
                             },                                                                                                  
                             {                                                                                                   
                               "Node Type": "Index Scan",                                                                        
                               "Parent Relationship": "Inner",                                                                   
                               "Parallel Aware": false,                                                                          
                               "Scan Direction": "Forward",                                                                      
                               "Index Name": "movie_id_movie_keyword",                                                           
                               "Relation Name": "movie_keyword",                                                                 
                               "Alias": "mk",                                                                                    
                               "Startup Cost": 0.01,                                                                             
                               "Total Cost": 39285.80,                                                                           
                               "Plan Rows": 4523930,                                                                             
                               "Plan Width": 8,                                                                                  
                               "Actual Startup Time": 0.012,                                                                     
                               "Actual Total Time": 144.534,                                                                     
                               "Actual Rows": 69497,                                                                             
                               "Actual Loops": 1,                                                                                
                               "Shared Hit Blocks": 261,                                                                         
                               "Shared Read Blocks": 567,                                                                        
                               "Shared Dirtied Blocks": 0,                                                                       
                               "Shared Written Blocks": 0,                                                                       
                               "Local Hit Blocks": 0,                                                                            
                               "Local Read Blocks": 0,                                                                           
                               "Local Dirtied Blocks": 0,                                                                        
                               "Local Written Blocks": 0,                                                                        
                               "Temp Read Blocks": 0,                                                                            
                               "Temp Written Blocks": 0                                                                          
                             }                                                                                                   
                           ]                                                                                                     
                         }                                                                                                       
                       ]                                                                                                         
                     },                                                                                                          
                     {                                                                                                           
                       "Node Type": "Sort",                                                                                      
                       "Parent Relationship": "Inner",                                                                           
                       "Parallel Aware": false,                                                                                  
                       "Startup Cost": 6.13,                                                                                     
                       "Total Cost": 6.13,                                                                                       
                       "Plan Rows": 1,                                                                                           
                       "Plan Width": 4,                                                                                          
                       "Actual Startup Time": 42.809,                                                                            
                       "Actual Total Time": 42.809,                                                                              
                       "Actual Rows": 1,                                                                                         
                       "Actual Loops": 1,                                                                                        
                       "Sort Key": ["k.id"],                                                                                     
                       "Sort Method": "quicksort",                                                                               
                       "Sort Space Used": 25,                                                                                    
                       "Sort Space Type": "Memory",                                                                              
                       "Shared Hit Blocks": 0,                                                                                   
                       "Shared Read Blocks": 4,                                                                                  
                       "Shared Dirtied Blocks": 0,                                                                               
                       "Shared Written Blocks": 0,                                                                               
                       "Local Hit Blocks": 0,                                                                                    
                       "Local Read Blocks": 0,                                                                                   
                       "Local Dirtied Blocks": 0,                                                                                
                       "Local Written Blocks": 0,                                                                                
                       "Temp Read Blocks": 0,                                                                                    
                       "Temp Written Blocks": 0,                                                                                 
                       "Plans": [                                                                                                
                         {                                                                                                       
                           "Node Type": "Index Scan",                                                                            
                           "Parent Relationship": "Outer",                                                                       
                           "Parallel Aware": false,                                                                              
                           "Scan Direction": "Forward",                                                                          
                           "Index Name": "keyword_idx_keyword",                                                                  
                           "Relation Name": "keyword",                                                                           
                           "Alias": "k",                                                                                         
                           "Startup Cost": 0.01,                                                                                 
                           "Total Cost": 6.13,                                                                                   
                           "Plan Rows": 1,                                                                                       
                           "Plan Width": 4,                                                                                      
                           "Actual Startup Time": 42.774,                                                                        
                           "Actual Total Time": 42.778,                                                                          
                           "Actual Rows": 1,                                                                                     
                           "Actual Loops": 1,                                                                                    
                           "Index Cond": "(keyword = 'sequel'::text)",                                                           
                           "Rows Removed by Index Recheck": 0,                                                                   
                           "Shared Hit Blocks": 0,                                                                               
                           "Shared Read Blocks": 4,                                                                              
                           "Shared Dirtied Blocks": 0,                                                                           
                           "Shared Written Blocks": 0,                                                                           
                           "Local Hit Blocks": 0,                                                                                
                           "Local Read Blocks": 0,                                                                               
                           "Local Dirtied Blocks": 0,                                                                            
                           "Local Written Blocks": 0,                                                                            
                           "Temp Read Blocks": 0,                                                                                
                           "Temp Written Blocks": 0                                                                              
                         }                                                                                                       
                       ]                                                                                                         
                     }                                                                                                           
                   ]                                                                                                             
                 }                                                                                                               
               ]                                                                                                                 
             },                                                                                                                  
             {                                                                                                                   
               "Node Type": "Index Scan",                                                                                        
               "Parent Relationship": "Inner",                                                                                   
               "Parallel Aware": false,                                                                                          
               "Scan Direction": "Forward",                                                                                      
               "Index Name": "company_name_pkey",                                                                                
               "Relation Name": "company_name",                                                                                  
               "Alias": "cn",                                                                                                    
               "Startup Cost": 0.01,                                                                                             
               "Total Cost": 4633.69,                                                                                            
               "Plan Rows": 49161,                                                                                               
               "Plan Width": 23,                                                                                                 
               "Actual Startup Time": 44.163,                                                                                    
               "Actual Total Time": 431.301,                                                                                     
               "Actual Rows": 14125,                                                                                             
               "Actual Loops": 1,                                                                                                
               "Filter": "(((country_code)::text <> '[pl]'::text) AND ((name ~~ '%Film%'::text) OR (name ~~ '%Warner%'::text)))",
               "Rows Removed by Filter": 59500,                                                                                  
               "Shared Hit Blocks": 72278,                                                                                       
               "Shared Read Blocks": 1541,                                                                                       
               "Shared Dirtied Blocks": 0,                                                                                       
               "Shared Written Blocks": 0,                                                                                       
               "Local Hit Blocks": 0,                                                                                            
               "Local Read Blocks": 0,                                                                                           
               "Local Dirtied Blocks": 0,                                                                                        
               "Local Written Blocks": 0,                                                                                        
               "Temp Read Blocks": 0,                                                                                            
               "Temp Written Blocks": 0                                                                                          
             }                                                                                                                   
           ]                                                                                                                     
         }                                                                                                                       
       ]                                                                                                                         
     },                                                                                                                          
     "Planning Time": 3541.308,                                                                                                  
     "Triggers": [                                                                                                               
     ],                                                                                                                          
     "Execution Time": 2718.512                                                                                                  
   }                                                                                                                             
 ]
