 [                                                                                         
   {                                                                                       
     "Plan": {                                                                             
       "Node Type": "Aggregate",                                                           
       "Strategy": "Plain",                                                                
       "Partial Mode": "Simple",                                                           
       "Parallel Aware": false,                                                            
       "Startup Cost": 1045162.88,                                                         
       "Total Cost": 1045162.88,                                                           
       "Plan Rows": 1,                                                                     
       "Plan Width": 64,                                                                   
       "Actual Startup Time": 128976.588,                                                  
       "Actual Total Time": 128976.588,                                                    
       "Actual Rows": 1,                                                                   
       "Actual Loops": 1,                                                                  
       "Shared Hit Blocks": 10797548,                                                      
       "Shared Read Blocks": 543538,                                                       
       "Shared Dirtied Blocks": 0,                                                         
       "Shared Written Blocks": 0,                                                         
       "Local Hit Blocks": 0,                                                              
       "Local Read Blocks": 0,                                                             
       "Local Dirtied Blocks": 0,                                                          
       "Local Written Blocks": 0,                                                          
       "Temp Read Blocks": 0,                                                              
       "Temp Written Blocks": 0,                                                           
       "Plans": [                                                                          
         {                                                                                 
           "Node Type": "Merge Join",                                                      
           "Parent Relationship": "Outer",                                                 
           "Parallel Aware": false,                                                        
           "Join Type": "Inner",                                                           
           "Startup Cost": 1040123.51,                                                     
           "Total Cost": 1045162.87,                                                       
           "Plan Rows": 19,                                                                
           "Plan Width": 33,                                                               
           "Actual Startup Time": 124351.565,                                              
           "Actual Total Time": 128976.416,                                                
           "Actual Rows": 385,                                                             
           "Actual Loops": 1,                                                              
           "Inner Unique": false,                                                          
           "Merge Cond": "(t.id = ci.movie_id)",                                           
           "Shared Hit Blocks": 10797548,                                                  
           "Shared Read Blocks": 543538,                                                   
           "Shared Dirtied Blocks": 0,                                                     
           "Shared Written Blocks": 0,                                                     
           "Local Hit Blocks": 0,                                                          
           "Local Read Blocks": 0,                                                         
           "Local Dirtied Blocks": 0,                                                      
           "Local Written Blocks": 0,                                                      
           "Temp Read Blocks": 0,                                                          
           "Temp Written Blocks": 0,                                                       
           "Plans": [                                                                      
             {                                                                             
               "Node Type": "Merge Join",                                                  
               "Parent Relationship": "Outer",                                             
               "Parallel Aware": false,                                                    
               "Join Type": "Inner",                                                       
               "Startup Cost": 130934.98,                                                  
               "Total Cost": 131081.25,                                                    
               "Plan Rows": 2,                                                             
               "Plan Width": 29,                                                           
               "Actual Startup Time": 29276.739,                                           
               "Actual Total Time": 29349.829,                                             
               "Actual Rows": 25,                                                          
               "Actual Loops": 1,                                                          
               "Inner Unique": false,                                                      
               "Merge Cond": "(mc.movie_id = t.id)",                                       
               "Shared Hit Blocks": 4192383,                                               
               "Shared Read Blocks": 109441,                                               
               "Shared Dirtied Blocks": 0,                                                 
               "Shared Written Blocks": 0,                                                 
               "Local Hit Blocks": 0,                                                      
               "Local Read Blocks": 0,                                                     
               "Local Dirtied Blocks": 0,                                                  
               "Local Written Blocks": 0,                                                  
               "Temp Read Blocks": 0,                                                      
               "Temp Written Blocks": 0,                                                   
               "Plans": [                                                                  
                 {                                                                         
                   "Node Type": "Sort",                                                    
                   "Parent Relationship": "Outer",                                         
                   "Parallel Aware": false,                                                
                   "Startup Cost": 67525.70,                                               
                   "Total Cost": 67598.84,                                                 
                   "Plan Rows": 941996,                                                    
                   "Plan Width": 4,                                                        
                   "Actual Startup Time": 14495.399,                                       
                   "Actual Total Time": 14527.577,                                         
                   "Actual Rows": 476645,                                                  
                   "Actual Loops": 1,                                                      
                   "Sort Key": ["mc.movie_id"],                                            
                   "Sort Method": "quicksort",                                             
                   "Sort Space Used": 103237,                                              
                   "Sort Space Type": "Memory",                                            
                   "Shared Hit Blocks": 1681929,                                           
                   "Shared Read Blocks": 29747,                                            
                   "Shared Dirtied Blocks": 0,                                             
                   "Shared Written Blocks": 0,                                             
                   "Local Hit Blocks": 0,                                                  
                   "Local Read Blocks": 0,                                                 
                   "Local Dirtied Blocks": 0,                                              
                   "Local Written Blocks": 0,                                              
                   "Temp Read Blocks": 0,                                                  
                   "Temp Written Blocks": 0,                                               
                   "Plans": [                                                              
                     {                                                                     
                       "Node Type": "Merge Join",                                          
                       "Parent Relationship": "Outer",                                     
                       "Parallel Aware": false,                                            
                       "Join Type": "Inner",                                               
                       "Startup Cost": 0.03,                                               
                       "Total Cost": 64622.87,                                             
                       "Plan Rows": 941996,                                                
                       "Plan Width": 4,                                                    
                       "Actual Startup Time": 0.108,                                       
                       "Actual Total Time": 13929.831,                                     
                       "Actual Rows": 1153798,                                             
                       "Actual Loops": 1,                                                  
                       "Inner Unique": false,                                              
                       "Merge Cond": "(cn.id = mc.company_id)",                            
                       "Shared Hit Blocks": 1681925,                                       
                       "Shared Read Blocks": 29747,                                        
                       "Shared Dirtied Blocks": 0,                                         
                       "Shared Written Blocks": 0,                                         
                       "Local Hit Blocks": 0,                                              
                       "Local Read Blocks": 0,                                             
                       "Local Dirtied Blocks": 0,                                          
                       "Local Written Blocks": 0,                                          
                       "Temp Read Blocks": 0,                                              
                       "Temp Written Blocks": 0,                                           
                       "Plans": [                                                          
                         {                                                                 
                           "Node Type": "Index Scan",                                      
                           "Parent Relationship": "Outer",                                 
                           "Parallel Aware": false,                                        
                           "Scan Direction": "Forward",                                    
                           "Index Name": "company_name_pkey",                              
                           "Relation Name": "company_name",                                
                           "Alias": "cn",                                                  
                           "Startup Cost": 0.01,                                           
                           "Total Cost": 4597.20,                                          
                           "Plan Rows": 84843,                                             
                           "Plan Width": 4,                                                
                           "Actual Startup Time": 0.067,                                   
                           "Actual Total Time": 1433.981,                                  
                           "Actual Rows": 84843,                                           
                           "Actual Loops": 1,                                              
                           "Filter": "((country_code)::text = '[us]'::text)",              
                           "Rows Removed by Filter": 150154,                               
                           "Shared Hit Blocks": 231720,                                    
                           "Shared Read Blocks": 3834,                                     
                           "Shared Dirtied Blocks": 0,                                     
                           "Shared Written Blocks": 0,                                     
                           "Local Hit Blocks": 0,                                          
                           "Local Read Blocks": 0,                                         
                           "Local Dirtied Blocks": 0,                                      
                           "Local Written Blocks": 0,                                      
                           "Temp Read Blocks": 0,                                          
                           "Temp Written Blocks": 0                                        
                         },                                                                
                         {                                                                 
                           "Node Type": "Index Scan",                                      
                           "Parent Relationship": "Inner",                                 
                           "Parallel Aware": false,                                        
                           "Scan Direction": "Forward",                                    
                           "Index Name": "company_id_movie_companies",                     
                           "Relation Name": "movie_companies",                             
                           "Alias": "mc",                                                  
                           "Startup Cost": 0.01,                                           
                           "Total Cost": 59751.38,                                         
                           "Plan Rows": 2609129,                                           
                           "Plan Width": 8,                                                
                           "Actual Startup Time": 0.033,                                   
                           "Actual Total Time": 11842.391,                                 
                           "Actual Rows": 2609129,                                         
                           "Actual Loops": 1,                                              
                           "Shared Hit Blocks": 1450205,                                   
                           "Shared Read Blocks": 25913,                                    
                           "Shared Dirtied Blocks": 0,                                     
                           "Shared Written Blocks": 0,                                     
                           "Local Hit Blocks": 0,                                          
                           "Local Read Blocks": 0,                                         
                           "Local Dirtied Blocks": 0,                                      
                           "Local Written Blocks": 0,                                      
                           "Temp Read Blocks": 0,                                          
                           "Temp Written Blocks": 0                                        
                         }                                                                 
                       ]                                                                   
                     }                                                                     
                   ]                                                                       
                 },                                                                        
                 {                                                                         
                   "Node Type": "Sort",                                                    
                   "Parent Relationship": "Inner",                                         
                   "Parallel Aware": false,                                                
                   "Startup Cost": 63409.28,                                               
                   "Total Cost": 63409.28,                                                 
                   "Plan Rows": 1,                                                         
                   "Plan Width": 25,                                                       
                   "Actual Startup Time": 14767.862,                                       
                   "Actual Total Time": 14767.886,                                         
                   "Actual Rows": 154,                                                     
                   "Actual Loops": 1,                                                      
                   "Sort Key": ["mk.movie_id"],                                            
                   "Sort Method": "quicksort",                                             
                   "Sort Space Used": 38,                                                  
                   "Sort Space Type": "Memory",                                            
                   "Shared Hit Blocks": 2510454,                                           
                   "Shared Read Blocks": 79694,                                            
                   "Shared Dirtied Blocks": 0,                                             
                   "Shared Written Blocks": 0,                                             
                   "Local Hit Blocks": 0,                                                  
                   "Local Read Blocks": 0,                                                 
                   "Local Dirtied Blocks": 0,                                              
                   "Local Written Blocks": 0,                                              
                   "Temp Read Blocks": 0,                                                  
                   "Temp Written Blocks": 0,                                               
                   "Plans": [                                                              
                     {                                                                     
                       "Node Type": "Merge Join",                                          
                       "Parent Relationship": "Outer",                                     
                       "Parallel Aware": false,                                            
                       "Join Type": "Inner",                                               
                       "Startup Cost": 63390.32,                                           
                       "Total Cost": 63409.28,                                             
                       "Plan Rows": 1,                                                     
                       "Plan Width": 25,                                                   
                       "Actual Startup Time": 14767.539,                                   
                       "Actual Total Time": 14767.704,                                     
                       "Actual Rows": 146,                                                 
                       "Actual Loops": 1,                                                  
                       "Inner Unique": true,                                               
                       "Merge Cond": "(mk.keyword_id = k.id)",                             
                       "Shared Hit Blocks": 2510454,                                       
                       "Shared Read Blocks": 79694,                                        
                       "Shared Dirtied Blocks": 0,                                         
                       "Shared Written Blocks": 0,                                         
                       "Local Hit Blocks": 0,                                              
                       "Local Read Blocks": 0,                                             
                       "Local Dirtied Blocks": 0,                                          
                       "Local Written Blocks": 0,                                          
                       "Temp Read Blocks": 0,                                              
                       "Temp Written Blocks": 0,                                           
                       "Plans": [                                                          
                         {                                                                 
                           "Node Type": "Sort",                                            
                           "Parent Relationship": "Outer",                                 
                           "Parallel Aware": false,                                        
                           "Startup Cost": 63384.19,                                       
                           "Total Cost": 63393.67,                                         
                           "Plan Rows": 122111,                                            
                           "Plan Width": 29,                                               
                           "Actual Startup Time": 14713.335,                               
                           "Actual Total Time": 14713.487,                                 
                           "Actual Rows": 575,                                             
                           "Actual Loops": 1,                                              
                           "Sort Key": ["mk.keyword_id"],                                  
                           "Sort Method": "quicksort",                                     
                           "Sort Space Used": 1638,                                        
                           "Sort Space Type": "Memory",                                    
                           "Shared Hit Blocks": 2510454,                                   
                           "Shared Read Blocks": 79690,                                    
                           "Shared Dirtied Blocks": 0,                                     
                           "Shared Written Blocks": 0,                                     
                           "Local Hit Blocks": 0,                                          
                           "Local Read Blocks": 0,                                         
                           "Local Dirtied Blocks": 0,                                      
                           "Local Written Blocks": 0,                                      
                           "Temp Read Blocks": 0,                                          
                           "Temp Written Blocks": 0,                                       
                           "Plans": [                                                      
                             {                                                             
                               "Node Type": "Merge Join",                                  
                               "Parent Relationship": "Outer",                             
                               "Parallel Aware": false,                                    
                               "Join Type": "Inner",                                       
                               "Startup Cost": 0.37,                                       
                               "Total Cost": 63063.78,                                     
                               "Plan Rows": 122111,                                        
                               "Plan Width": 29,                                           
                               "Actual Startup Time": 757.654,                             
                               "Actual Total Time": 14702.803,                             
                               "Actual Rows": 15655,                                       
                               "Actual Loops": 1,                                          
                               "Inner Unique": true,                                       
                               "Merge Cond": "(mk.movie_id = t.id)",                       
                               "Shared Hit Blocks": 2510454,                               
                               "Shared Read Blocks": 79690,                                
                               "Shared Dirtied Blocks": 0,                                 
                               "Shared Written Blocks": 0,                                 
                               "Local Hit Blocks": 0,                                      
                               "Local Read Blocks": 0,                                     
                               "Local Dirtied Blocks": 0,                                  
                               "Local Written Blocks": 0,                                  
                               "Temp Read Blocks": 0,                                      
                               "Temp Written Blocks": 0,                                   
                               "Plans": [                                                  
                                 {                                                         
                                   "Node Type": "Index Scan",                              
                                   "Parent Relationship": "Outer",                         
                                   "Parallel Aware": false,                                
                                   "Scan Direction": "Forward",                            
                                   "Index Name": "movie_id_movie_keyword",                 
                                   "Relation Name": "movie_keyword",                       
                                   "Alias": "mk",                                          
                                   "Startup Cost": 0.01,                                   
                                   "Total Cost": 39285.80,                                 
                                   "Plan Rows": 4523930,                                   
                                   "Plan Width": 8,                                        
                                   "Actual Startup Time": 0.021,                           
                                   "Actual Total Time": 2545.172,                          
                                   "Actual Rows": 4523930,                                 
                                   "Actual Loops": 1,                                      
                                   "Shared Hit Blocks": 21643,                             
                                   "Shared Read Blocks": 36810,                            
                                   "Shared Dirtied Blocks": 0,                             
                                   "Shared Written Blocks": 0,                             
                                   "Local Hit Blocks": 0,                                  
                                   "Local Read Blocks": 0,                                 
                                   "Local Dirtied Blocks": 0,                              
                                   "Local Written Blocks": 0,                              
                                   "Temp Read Blocks": 0,                                  
                                   "Temp Written Blocks": 0                                
                                 },                                                        
                                 {                                                         
                                   "Node Type": "Index Scan",                              
                                   "Parent Relationship": "Inner",                         
                                   "Parallel Aware": false,                                
                                   "Scan Direction": "Forward",                            
                                   "Index Name": "title_idx_id",                           
                                   "Relation Name": "title",                               
                                   "Alias": "t",                                           
                                   "Startup Cost": 0.01,                                   
                                   "Total Cost": 23434.65,                                 
                                   "Plan Rows": 68245,                                     
                                   "Plan Width": 21,                                       
                                   "Actual Startup Time": 508.631,                         
                                   "Actual Total Time": 11403.400,                         
                                   "Actual Rows": 68188,                                   
                                   "Actual Loops": 1,                                      
                                   "Filter": "((episode_nr >= 50) AND (episode_nr < 100))",
                                   "Rows Removed by Filter": 2458638,                      
                                   "Shared Hit Blocks": 2488811,                           
                                   "Shared Read Blocks": 42880,                            
                                   "Shared Dirtied Blocks": 0,                             
                                   "Shared Written Blocks": 0,                             
                                   "Local Hit Blocks": 0,                                  
                                   "Local Read Blocks": 0,                                 
                                   "Local Dirtied Blocks": 0,                              
                                   "Local Written Blocks": 0,                              
                                   "Temp Read Blocks": 0,                                  
                                   "Temp Written Blocks": 0                                
                                 }                                                         
                               ]                                                           
                             }                                                             
                           ]                                                               
                         },                                                                
                         {                                                                 
                           "Node Type": "Sort",                                            
                           "Parent Relationship": "Inner",                                 
                           "Parallel Aware": false,                                        
                           "Startup Cost": 6.13,                                           
                           "Total Cost": 6.13,                                             
                           "Plan Rows": 1,                                                 
                           "Plan Width": 4,                                                
                           "Actual Startup Time": 53.905,                                  
                           "Actual Total Time": 53.905,                                    
                           "Actual Rows": 1,                                               
                           "Actual Loops": 1,                                              
                           "Sort Key": ["k.id"],                                           
                           "Sort Method": "quicksort",                                     
                           "Sort Space Used": 25,                                          
                           "Sort Space Type": "Memory",                                    
                           "Shared Hit Blocks": 0,                                         
                           "Shared Read Blocks": 4,                                        
                           "Shared Dirtied Blocks": 0,                                     
                           "Shared Written Blocks": 0,                                     
                           "Local Hit Blocks": 0,                                          
                           "Local Read Blocks": 0,                                         
                           "Local Dirtied Blocks": 0,                                      
                           "Local Written Blocks": 0,                                      
                           "Temp Read Blocks": 0,                                          
                           "Temp Written Blocks": 0,                                       
                           "Plans": [                                                      
                             {                                                             
                               "Node Type": "Index Scan",                                  
                               "Parent Relationship": "Outer",                             
                               "Parallel Aware": false,                                    
                               "Scan Direction": "Forward",                                
                               "Index Name": "keyword_idx_keyword",                        
                               "Relation Name": "keyword",                                 
                               "Alias": "k",                                               
                               "Startup Cost": 0.01,                                       
                               "Total Cost": 6.13,                                         
                               "Plan Rows": 1,                                             
                               "Plan Width": 4,                                            
                               "Actual Startup Time": 53.884,                              
                               "Actual Total Time": 53.887,                                
                               "Actual Rows": 1,                                           
                               "Actual Loops": 1,                                          
                               "Index Cond": "(keyword = 'character-name-in-title'::text)",
                               "Rows Removed by Index Recheck": 0,                         
                               "Shared Hit Blocks": 0,                                     
                               "Shared Read Blocks": 4,                                    
                               "Shared Dirtied Blocks": 0,                                 
                               "Shared Written Blocks": 0,                                 
                               "Local Hit Blocks": 0,                                      
                               "Local Read Blocks": 0,                                     
                               "Local Dirtied Blocks": 0,                                  
                               "Local Written Blocks": 0,                                  
                               "Temp Read Blocks": 0,                                      
                               "Temp Written Blocks": 0                                    
                             }                                                             
                           ]                                                               
                         }                                                                 
                       ]                                                                   
                     }                                                                     
                   ]                                                                       
                 }                                                                         
               ]                                                                           
             },                                                                            
             {                                                                             
               "Node Type": "Sort",                                                        
               "Parent Relationship": "Inner",                                             
               "Parallel Aware": false,                                                    
               "Startup Cost": 909188.53,                                                  
               "Total Cost": 911635.07,                                                    
               "Plan Rows": 31511509,                                                      
               "Plan Width": 20,                                                           
               "Actual Startup Time": 94770.746,                                           
               "Actual Total Time": 96792.284,                                             
               "Actual Rows": 20216708,                                                    
               "Actual Loops": 1,                                                          
               "Sort Key": ["ci.movie_id"],                                                
               "Sort Method": "quicksort",                                                 
               "Sort Space Used": 4206071,                                                 
               "Sort Space Type": "Memory",                                                
               "Shared Hit Blocks": 6605165,                                               
               "Shared Read Blocks": 434097,                                               
               "Shared Dirtied Blocks": 0,                                                 
               "Shared Written Blocks": 0,                                                 
               "Local Hit Blocks": 0,                                                      
               "Local Read Blocks": 0,                                                     
               "Local Dirtied Blocks": 0,                                                  
               "Local Written Blocks": 0,                                                  
               "Temp Read Blocks": 0,                                                      
               "Temp Written Blocks": 0,                                                   
               "Plans": [                                                                  
                 {                                                                         
                   "Node Type": "Merge Join",                                              
                   "Parent Relationship": "Outer",                                         
                   "Parallel Aware": false,                                                
                   "Join Type": "Inner",                                                   
                   "Startup Cost": 0.35,                                                   
                   "Total Cost": 787304.76,                                                
                   "Plan Rows": 31511509,                                                  
                   "Plan Width": 20,                                                       
                   "Actual Startup Time": 22.862,                                          
                   "Actual Total Time": 74038.534,                                         
                   "Actual Rows": 36417493,                                                
                   "Actual Loops": 1,                                                      
                   "Inner Unique": false,                                                  
                   "Merge Cond": "(an.person_id = ci.person_id)",                          
                   "Shared Hit Blocks": 6605165,                                           
                   "Shared Read Blocks": 434097,                                           
                   "Shared Dirtied Blocks": 0,                                             
                   "Shared Written Blocks": 0,                                             
                   "Local Hit Blocks": 0,                                                  
                   "Local Read Blocks": 0,                                                 
                   "Local Dirtied Blocks": 0,                                              
                   "Local Written Blocks": 0,                                              
                   "Temp Read Blocks": 0,                                                  
                   "Temp Written Blocks": 0,                                               
                   "Plans": [                                                              
                     {                                                                     
                       "Node Type": "Merge Join",                                          
                       "Parent Relationship": "Outer",                                     
                       "Parallel Aware": false,                                            
                       "Join Type": "Inner",                                               
                       "Startup Cost": 0.06,                                               
                       "Total Cost": 91435.96,                                             
                       "Plan Rows": 901343,                                                
                       "Plan Width": 24,                                                   
                       "Actual Startup Time": 22.814,                                      
                       "Actual Total Time": 11568.150,                                     
                       "Actual Rows": 772582,                                              
                       "Actual Loops": 1,                                                  
                       "Inner Unique": true,                                               
                       "Merge Cond": "(an.person_id = n.id)",                              
                       "Shared Hit Blocks": 4132118,                                       
                       "Shared Read Blocks": 82420,                                        
                       "Shared Dirtied Blocks": 0,                                         
                       "Shared Written Blocks": 0,                                         
                       "Local Hit Blocks": 0,                                              
                       "Local Read Blocks": 0,                                             
                       "Local Dirtied Blocks": 0,                                          
                       "Local Written Blocks": 0,                                          
                       "Temp Read Blocks": 0,                                              
                       "Temp Written Blocks": 0,                                           
                       "Plans": [                                                          
                         {                                                                 
                           "Node Type": "Index Scan",                                      
                           "Parent Relationship": "Outer",                                 
                           "Parallel Aware": false,                                        
                           "Scan Direction": "Forward",                                    
                           "Index Name": "person_id_aka_name",                             
                           "Relation Name": "aka_name",                                    
                           "Alias": "an",                                                  
                           "Startup Cost": 0.01,                                           
                           "Total Cost": 42491.32,                                         
                           "Plan Rows": 901343,                                            
                           "Plan Width": 20,                                               
                           "Actual Startup Time": 0.034,                                   
                           "Actual Total Time": 884.308,                                   
                           "Actual Rows": 772582,                                          
                           "Actual Loops": 1,                                              
                           "Shared Hit Blocks": 278770,                                    
                           "Shared Read Blocks": 13503,                                    
                           "Shared Dirtied Blocks": 0,                                     
                           "Shared Written Blocks": 0,                                     
                           "Local Hit Blocks": 0,                                          
                           "Local Read Blocks": 0,                                         
                           "Local Dirtied Blocks": 0,                                      
                           "Local Written Blocks": 0,                                      
                           "Temp Read Blocks": 0,                                          
                           "Temp Written Blocks": 0                                        
                         },                                                                
                         {                                                                 
                           "Node Type": "Index Scan",                                      
                           "Parent Relationship": "Inner",                                 
                           "Parallel Aware": false,                                        
                           "Scan Direction": "Forward",                                    
                           "Index Name": "name_pkey",                                      
                           "Relation Name": "name",                                        
                           "Alias": "n",                                                   
                           "Startup Cost": 0.01,                                           
                           "Total Cost": 48488.80,                                         
                           "Plan Rows": 4167491,                                           
                           "Plan Width": 4,                                                
                           "Actual Startup Time": 0.024,                                   
                           "Actual Total Time": 9307.763,                                  
                           "Actual Rows": 4061927,                                         
                           "Actual Loops": 1,                                              
                           "Shared Hit Blocks": 3853348,                                   
                           "Shared Read Blocks": 68917,                                    
                           "Shared Dirtied Blocks": 0,                                     
                           "Shared Written Blocks": 0,                                     
                           "Local Hit Blocks": 0,                                          
                           "Local Read Blocks": 0,                                         
                           "Local Dirtied Blocks": 0,                                      
                           "Local Written Blocks": 0,                                      
                           "Temp Read Blocks": 0,                                          
                           "Temp Written Blocks": 0                                        
                         }                                                                 
                       ]                                                                   
                     },                                                                    
                     {                                                                     
                       "Node Type": "Index Scan",                                          
                       "Parent Relationship": "Inner",                                     
                       "Parallel Aware": false,                                            
                       "Scan Direction": "Forward",                                        
                       "Index Name": "person_id_cast_info",                                
                       "Relation Name": "cast_info",                                       
                       "Alias": "ci",                                                      
                       "Startup Cost": 0.02,                                               
                       "Total Cost": 703876.26,                                            
                       "Plan Rows": 36244344,                                              
                       "Plan Width": 8,                                                    
                       "Actual Startup Time": 0.034,                                       
                       "Actual Total Time": 45138.393,                                     
                       "Actual Rows": 56379091,                                            
                       "Actual Loops": 1,                                                  
                       "Shared Hit Blocks": 2473047,                                       
                       "Shared Read Blocks": 351677,                                       
                       "Shared Dirtied Blocks": 0,                                         
                       "Shared Written Blocks": 0,                                         
                       "Local Hit Blocks": 0,                                              
                       "Local Read Blocks": 0,                                             
                       "Local Dirtied Blocks": 0,                                          
                       "Local Written Blocks": 0,                                          
                       "Temp Read Blocks": 0,                                              
                       "Temp Written Blocks": 0                                            
                     }                                                                     
                   ]                                                                       
                 }                                                                         
               ]                                                                           
             }                                                                             
           ]                                                                               
         }                                                                                 
       ]                                                                                   
     },                                                                                    
     "Planning Time": 7715.810,                                                            
     "Triggers": [                                                                         
     ],                                                                                    
     "Execution Time": 129118.934                                                          
   }                                                                                       
 ]
