 [                                                                                             
   {                                                                                           
     "Plan": {                                                                                 
       "Node Type": "Aggregate",                                                               
       "Strategy": "Plain",                                                                    
       "Partial Mode": "Simple",                                                               
       "Parallel Aware": false,                                                                
       "Startup Cost": 911370.83,                                                              
       "Total Cost": 911370.83,                                                                
       "Plan Rows": 1,                                                                         
       "Plan Width": 64,                                                                       
       "Actual Startup Time": 94470.777,                                                       
       "Actual Total Time": 94470.777,                                                         
       "Actual Rows": 1,                                                                       
       "Actual Loops": 1,                                                                      
       "Shared Hit Blocks": 9899878,                                                           
       "Shared Read Blocks": 530088,                                                           
       "Shared Dirtied Blocks": 0,                                                             
       "Shared Written Blocks": 0,                                                             
       "Local Hit Blocks": 0,                                                                  
       "Local Read Blocks": 0,                                                                 
       "Local Dirtied Blocks": 0,                                                              
       "Local Written Blocks": 0,                                                              
       "Temp Read Blocks": 0,                                                                  
       "Temp Written Blocks": 0,                                                               
       "Plans": [                                                                              
         {                                                                                     
           "Node Type": "Merge Join",                                                          
           "Parent Relationship": "Outer",                                                     
           "Parallel Aware": false,                                                            
           "Join Type": "Inner",                                                               
           "Startup Cost": 887543.35,                                                          
           "Total Cost": 911370.82,                                                            
           "Plan Rows": 65,                                                                    
           "Plan Width": 15,                                                                   
           "Actual Startup Time": 84284.261,                                                   
           "Actual Total Time": 94393.038,                                                     
           "Actual Rows": 258289,                                                              
           "Actual Loops": 1,                                                                  
           "Inner Unique": false,                                                              
           "Merge Cond": "(t.id = ci.movie_id)",                                               
           "Shared Hit Blocks": 9899878,                                                       
           "Shared Read Blocks": 530088,                                                       
           "Shared Dirtied Blocks": 0,                                                         
           "Shared Written Blocks": 0,                                                         
           "Local Hit Blocks": 0,                                                              
           "Local Read Blocks": 0,                                                             
           "Local Dirtied Blocks": 0,                                                          
           "Local Written Blocks": 0,                                                          
           "Temp Read Blocks": 0,                                                              
           "Temp Written Blocks": 0,                                                           
           "Plans": [                                                                          
             {                                                                                 
               "Node Type": "Merge Join",                                                      
               "Parent Relationship": "Outer",                                                 
               "Parallel Aware": false,                                                        
               "Join Type": "Inner",                                                           
               "Startup Cost": 123051.42,                                                      
               "Total Cost": 146414.34,                                                        
               "Plan Rows": 68,                                                                
               "Plan Width": 12,                                                               
               "Actual Startup Time": 19138.585,                                               
               "Actual Total Time": 28814.601,                                                 
               "Actual Rows": 68316,                                                           
               "Actual Loops": 1,                                                              
               "Inner Unique": false,                                                          
               "Merge Cond": "(t.id = mc.movie_id)",                                           
               "Shared Hit Blocks": 4191721,                                                   
               "Shared Read Blocks": 109422,                                                   
               "Shared Dirtied Blocks": 0,                                                     
               "Shared Written Blocks": 0,                                                     
               "Local Hit Blocks": 0,                                                          
               "Local Read Blocks": 0,                                                         
               "Local Dirtied Blocks": 0,                                                      
               "Local Written Blocks": 0,                                                      
               "Temp Read Blocks": 0,                                                          
               "Temp Written Blocks": 0,                                                       
               "Plans": [                                                                      
                 {                                                                             
                   "Node Type": "Merge Join",                                                  
                   "Parent Relationship": "Outer",                                             
                   "Parallel Aware": false,                                                    
                   "Join Type": "Inner",                                                       
                   "Startup Cost": 55525.72,                                                   
                   "Total Cost": 78742.36,                                                     
                   "Plan Rows": 34,                                                            
                   "Plan Width": 8,                                                            
                   "Actual Startup Time": 4241.755,                                            
                   "Actual Total Time": 14058.214,                                             
                   "Actual Rows": 41839,                                                       
                   "Actual Loops": 1,                                                          
                   "Inner Unique": true,                                                       
                   "Merge Cond": "(mk.movie_id = t.id)",                                       
                   "Shared Hit Blocks": 2509796,                                               
                   "Shared Read Blocks": 79675,                                                
                   "Shared Dirtied Blocks": 0,                                                 
                   "Shared Written Blocks": 0,                                                 
                   "Local Hit Blocks": 0,                                                      
                   "Local Read Blocks": 0,                                                     
                   "Local Dirtied Blocks": 0,                                                  
                   "Local Written Blocks": 0,                                                  
                   "Temp Read Blocks": 0,                                                      
                   "Temp Written Blocks": 0,                                                   
                   "Plans": [                                                                  
                     {                                                                         
                       "Node Type": "Sort",                                                    
                       "Parent Relationship": "Outer",                                         
                       "Parallel Aware": false,                                                
                       "Startup Cost": 55525.51,                                               
                       "Total Cost": 55525.52,                                                 
                       "Plan Rows": 34,                                                        
                       "Plan Width": 4,                                                        
                       "Actual Startup Time": 3865.288,                                        
                       "Actual Total Time": 3871.840,                                          
                       "Actual Rows": 41839,                                                   
                       "Actual Loops": 1,                                                      
                       "Sort Key": ["mk.movie_id"],                                            
                       "Sort Method": "quicksort",                                             
                       "Sort Space Used": 3498,                                                
                       "Sort Space Type": "Memory",                                            
                       "Shared Hit Blocks": 21647,                                             
                       "Shared Read Blocks": 36814,                                            
                       "Shared Dirtied Blocks": 0,                                             
                       "Shared Written Blocks": 0,                                             
                       "Local Hit Blocks": 0,                                                  
                       "Local Read Blocks": 0,                                                 
                       "Local Dirtied Blocks": 0,                                              
                       "Local Written Blocks": 0,                                              
                       "Temp Read Blocks": 0,                                                  
                       "Temp Written Blocks": 0,                                               
                       "Plans": [                                                              
                         {                                                                     
                           "Node Type": "Merge Join",                                          
                           "Parent Relationship": "Outer",                                     
                           "Parallel Aware": false,                                            
                           "Join Type": "Inner",                                               
                           "Startup Cost": 54823.01,                                           
                           "Total Cost": 55525.49,                                             
                           "Plan Rows": 34,                                                    
                           "Plan Width": 4,                                                    
                           "Actual Startup Time": 3821.803,                                    
                           "Actual Total Time": 3834.865,                                      
                           "Actual Rows": 41840,                                               
                           "Actual Loops": 1,                                                  
                           "Inner Unique": false,                                              
                           "Merge Cond": "(k.id = mk.keyword_id)",                             
                           "Shared Hit Blocks": 21643,                                         
                           "Shared Read Blocks": 36814,                                        
                           "Shared Dirtied Blocks": 0,                                         
                           "Shared Written Blocks": 0,                                         
                           "Local Hit Blocks": 0,                                              
                           "Local Read Blocks": 0,                                             
                           "Local Dirtied Blocks": 0,                                          
                           "Local Written Blocks": 0,                                          
                           "Temp Read Blocks": 0,                                              
                           "Temp Written Blocks": 0,                                           
                           "Plans": [                                                          
                             {                                                                 
                               "Node Type": "Sort",                                            
                               "Parent Relationship": "Outer",                                 
                               "Parallel Aware": false,                                        
                               "Startup Cost": 6.13,                                           
                               "Total Cost": 6.13,                                             
                               "Plan Rows": 1,                                                 
                               "Plan Width": 4,                                                
                               "Actual Startup Time": 30.359,                                  
                               "Actual Total Time": 30.360,                                    
                               "Actual Rows": 1,                                               
                               "Actual Loops": 1,                                              
                               "Sort Key": ["k.id"],                                           
                               "Sort Method": "quicksort",                                     
                               "Sort Space Used": 25,                                          
                               "Sort Space Type": "Memory",                                    
                               "Shared Hit Blocks": 0,                                         
                               "Shared Read Blocks": 4,                                        
                               "Shared Dirtied Blocks": 0,                                     
                               "Shared Written Blocks": 0,                                     
                               "Local Hit Blocks": 0,                                          
                               "Local Read Blocks": 0,                                         
                               "Local Dirtied Blocks": 0,                                      
                               "Local Written Blocks": 0,                                      
                               "Temp Read Blocks": 0,                                          
                               "Temp Written Blocks": 0,                                       
                               "Plans": [                                                      
                                 {                                                             
                                   "Node Type": "Index Scan",                                  
                                   "Parent Relationship": "Outer",                             
                                   "Parallel Aware": false,                                    
                                   "Scan Direction": "Forward",                                
                                   "Index Name": "keyword_idx_keyword",                        
                                   "Relation Name": "keyword",                                 
                                   "Alias": "k",                                               
                                   "Startup Cost": 0.01,                                       
                                   "Total Cost": 6.13,                                         
                                   "Plan Rows": 1,                                             
                                   "Plan Width": 4,                                            
                                   "Actual Startup Time": 30.332,                              
                                   "Actual Total Time": 30.335,                                
                                   "Actual Rows": 1,                                           
                                   "Actual Loops": 1,                                          
                                   "Index Cond": "(keyword = 'character-name-in-title'::text)",
                                   "Rows Removed by Index Recheck": 0,                         
                                   "Shared Hit Blocks": 0,                                     
                                   "Shared Read Blocks": 4,                                    
                                   "Shared Dirtied Blocks": 0,                                 
                                   "Shared Written Blocks": 0,                                 
                                   "Local Hit Blocks": 0,                                      
                                   "Local Read Blocks": 0,                                     
                                   "Local Dirtied Blocks": 0,                                  
                                   "Local Written Blocks": 0,                                  
                                   "Temp Read Blocks": 0,                                      
                                   "Temp Written Blocks": 0                                    
                                 }                                                             
                               ]                                                               
                             },                                                                
                             {                                                                 
                               "Node Type": "Sort",                                            
                               "Parent Relationship": "Inner",                                 
                               "Parallel Aware": false,                                        
                               "Startup Cost": 54816.88,                                       
                               "Total Cost": 55168.11,                                         
                               "Plan Rows": 4523930,                                           
                               "Plan Width": 8,                                                
                               "Actual Startup Time": 3757.402,                                
                               "Actual Total Time": 3782.402,                                  
                               "Actual Rows": 163762,                                          
                               "Actual Loops": 1,                                              
                               "Sort Key": ["mk.keyword_id"],                                  
                               "Sort Method": "quicksort",                                     
                               "Sort Space Used": 408668,                                      
                               "Sort Space Type": "Memory",                                    
                               "Shared Hit Blocks": 21643,                                     
                               "Shared Read Blocks": 36810,                                    
                               "Shared Dirtied Blocks": 0,                                     
                               "Shared Written Blocks": 0,                                     
                               "Local Hit Blocks": 0,                                          
                               "Local Read Blocks": 0,                                         
                               "Local Dirtied Blocks": 0,                                      
                               "Local Written Blocks": 0,                                      
                               "Temp Read Blocks": 0,                                          
                               "Temp Written Blocks": 0,                                       
                               "Plans": [                                                      
                                 {                                                             
                                   "Node Type": "Index Scan",                                  
                                   "Parent Relationship": "Outer",                             
                                   "Parallel Aware": false,                                    
                                   "Scan Direction": "Forward",                                
                                   "Index Name": "movie_id_movie_keyword",                     
                                   "Relation Name": "movie_keyword",                           
                                   "Alias": "mk",                                              
                                   "Startup Cost": 0.01,                                       
                                   "Total Cost": 39285.80,                                     
                                   "Plan Rows": 4523930,                                       
                                   "Plan Width": 8,                                            
                                   "Actual Startup Time": 0.038,                               
                                   "Actual Total Time": 2070.453,                              
                                   "Actual Rows": 4523930,                                     
                                   "Actual Loops": 1,                                          
                                   "Shared Hit Blocks": 21643,                                 
                                   "Shared Read Blocks": 36810,                                
                                   "Shared Dirtied Blocks": 0,                                 
                                   "Shared Written Blocks": 0,                                 
                                   "Local Hit Blocks": 0,                                      
                                   "Local Read Blocks": 0,                                     
                                   "Local Dirtied Blocks": 0,                                  
                                   "Local Written Blocks": 0,                                  
                                   "Temp Read Blocks": 0,                                      
                                   "Temp Written Blocks": 0                                    
                                 }                                                             
                               ]                                                               
                             }                                                                 
                           ]                                                                   
                         }                                                                     
                       ]                                                                       
                     },                                                                        
                     {                                                                         
                       "Node Type": "Index Scan",                                              
                       "Parent Relationship": "Inner",                                         
                       "Parallel Aware": false,                                                
                       "Scan Direction": "Forward",                                            
                       "Index Name": "title_idx_id",                                           
                       "Relation Name": "title",                                               
                       "Alias": "t",                                                           
                       "Startup Cost": 0.01,                                                   
                       "Total Cost": 23042.05,                                                 
                       "Plan Rows": 2528312,                                                   
                       "Plan Width": 4,                                                        
                       "Actual Startup Time": 0.022,                                           
                       "Actual Total Time": 9837.510,                                          
                       "Actual Rows": 2525756,                                                 
                       "Actual Loops": 1,                                                      
                       "Shared Hit Blocks": 2488149,                                           
                       "Shared Read Blocks": 42861,                                            
                       "Shared Dirtied Blocks": 0,                                             
                       "Shared Written Blocks": 0,                                             
                       "Local Hit Blocks": 0,                                                  
                       "Local Read Blocks": 0,                                                 
                       "Local Dirtied Blocks": 0,                                              
                       "Local Written Blocks": 0,                                              
                       "Temp Read Blocks": 0,                                                  
                       "Temp Written Blocks": 0                                                
                     }                                                                         
                   ]                                                                           
                 },                                                                            
                 {                                                                             
                   "Node Type": "Sort",                                                        
                   "Parent Relationship": "Inner",                                             
                   "Parallel Aware": false,                                                    
                   "Startup Cost": 67525.70,                                                   
                   "Total Cost": 67598.84,                                                     
                   "Plan Rows": 941996,                                                        
                   "Plan Width": 4,                                                            
                   "Actual Startup Time": 14459.035,                                           
                   "Actual Total Time": 14591.847,                                             
                   "Actual Rows": 1153839,                                                     
                   "Actual Loops": 1,                                                          
                   "Sort Key": ["mc.movie_id"],                                                
                   "Sort Method": "quicksort",                                                 
                   "Sort Space Used": 103237,                                                  
                   "Sort Space Type": "Memory",                                                
                   "Shared Hit Blocks": 1681925,                                               
                   "Shared Read Blocks": 29747,                                                
                   "Shared Dirtied Blocks": 0,                                                 
                   "Shared Written Blocks": 0,                                                 
                   "Local Hit Blocks": 0,                                                      
                   "Local Read Blocks": 0,                                                     
                   "Local Dirtied Blocks": 0,                                                  
                   "Local Written Blocks": 0,                                                  
                   "Temp Read Blocks": 0,                                                      
                   "Temp Written Blocks": 0,                                                   
                   "Plans": [                                                                  
                     {                                                                         
                       "Node Type": "Merge Join",                                              
                       "Parent Relationship": "Outer",                                         
                       "Parallel Aware": false,                                                
                       "Join Type": "Inner",                                                   
                       "Startup Cost": 0.03,                                                   
                       "Total Cost": 64622.87,                                                 
                       "Plan Rows": 941996,                                                    
                       "Plan Width": 4,                                                        
                       "Actual Startup Time": 0.061,                                           
                       "Actual Total Time": 13938.791,                                         
                       "Actual Rows": 1153798,                                                 
                       "Actual Loops": 1,                                                      
                       "Inner Unique": false,                                                  
                       "Merge Cond": "(cn.id = mc.company_id)",                                
                       "Shared Hit Blocks": 1681925,                                           
                       "Shared Read Blocks": 29747,                                            
                       "Shared Dirtied Blocks": 0,                                             
                       "Shared Written Blocks": 0,                                             
                       "Local Hit Blocks": 0,                                                  
                       "Local Read Blocks": 0,                                                 
                       "Local Dirtied Blocks": 0,                                              
                       "Local Written Blocks": 0,                                              
                       "Temp Read Blocks": 0,                                                  
                       "Temp Written Blocks": 0,                                               
                       "Plans": [                                                              
                         {                                                                     
                           "Node Type": "Index Scan",                                          
                           "Parent Relationship": "Outer",                                     
                           "Parallel Aware": false,                                            
                           "Scan Direction": "Forward",                                        
                           "Index Name": "company_name_pkey",                                  
                           "Relation Name": "company_name",                                    
                           "Alias": "cn",                                                      
                           "Startup Cost": 0.01,                                               
                           "Total Cost": 4597.20,                                              
                           "Plan Rows": 84843,                                                 
                           "Plan Width": 4,                                                    
                           "Actual Startup Time": 0.042,                                       
                           "Actual Total Time": 1504.556,                                      
                           "Actual Rows": 84843,                                               
                           "Actual Loops": 1,                                                  
                           "Filter": "((country_code)::text = '[us]'::text)",                  
                           "Rows Removed by Filter": 150154,                                   
                           "Shared Hit Blocks": 231720,                                        
                           "Shared Read Blocks": 3834,                                         
                           "Shared Dirtied Blocks": 0,                                         
                           "Shared Written Blocks": 0,                                         
                           "Local Hit Blocks": 0,                                              
                           "Local Read Blocks": 0,                                             
                           "Local Dirtied Blocks": 0,                                          
                           "Local Written Blocks": 0,                                          
                           "Temp Read Blocks": 0,                                              
                           "Temp Written Blocks": 0                                            
                         },                                                                    
                         {                                                                     
                           "Node Type": "Index Scan",                                          
                           "Parent Relationship": "Inner",                                     
                           "Parallel Aware": false,                                            
                           "Scan Direction": "Forward",                                        
                           "Index Name": "company_id_movie_companies",                         
                           "Relation Name": "movie_companies",                                 
                           "Alias": "mc",                                                      
                           "Startup Cost": 0.01,                                               
                           "Total Cost": 59751.38,                                             
                           "Plan Rows": 2609129,                                               
                           "Plan Width": 8,                                                    
                           "Actual Startup Time": 0.014,                                       
                           "Actual Total Time": 11836.679,                                     
                           "Actual Rows": 2609129,                                             
                           "Actual Loops": 1,                                                  
                           "Shared Hit Blocks": 1450205,                                       
                           "Shared Read Blocks": 25913,                                        
                           "Shared Dirtied Blocks": 0,                                         
                           "Shared Written Blocks": 0,                                         
                           "Local Hit Blocks": 0,                                              
                           "Local Read Blocks": 0,                                             
                           "Local Dirtied Blocks": 0,                                          
                           "Local Written Blocks": 0,                                          
                           "Temp Read Blocks": 0,                                              
                           "Temp Written Blocks": 0                                            
                         }                                                                     
                       ]                                                                       
                     }                                                                         
                   ]                                                                           
                 }                                                                             
               ]                                                                               
             },                                                                                
             {                                                                                 
               "Node Type": "Sort",                                                            
               "Parent Relationship": "Inner",                                                 
               "Parallel Aware": false,                                                        
               "Startup Cost": 764491.93,                                                      
               "Total Cost": 764724.20,                                                        
               "Plan Rows": 2991663,                                                           
               "Plan Width": 19,                                                               
               "Actual Startup Time": 64689.098,                                               
               "Actual Total Time": 65139.776,                                                 
               "Actual Rows": 3306983,                                                         
               "Actual Loops": 1,                                                              
               "Sort Key": ["ci.movie_id"],                                                    
               "Sort Method": "quicksort",                                                     
               "Sort Space Used": 328583,                                                      
               "Sort Space Type": "Memory",                                                    
               "Shared Hit Blocks": 5708157,                                                   
               "Shared Read Blocks": 420666,                                                   
               "Shared Dirtied Blocks": 0,                                                     
               "Shared Written Blocks": 0,                                                     
               "Local Hit Blocks": 0,                                                          
               "Local Read Blocks": 0,                                                         
               "Local Dirtied Blocks": 0,                                                      
               "Local Written Blocks": 0,                                                      
               "Temp Read Blocks": 0,                                                          
               "Temp Written Blocks": 0,                                                       
               "Plans": [                                                                      
                 {                                                                             
                   "Node Type": "Merge Join",                                                  
                   "Parent Relationship": "Outer",                                             
                   "Parallel Aware": false,                                                    
                   "Join Type": "Inner",                                                       
                   "Startup Cost": 0.03,                                                       
                   "Total Cost": 754498.42,                                                    
                   "Plan Rows": 2991663,                                                       
                   "Plan Width": 19,                                                           
                   "Actual Startup Time": 2053.659,                                            
                   "Actual Total Time": 62890.687,                                             
                   "Actual Rows": 3118033,                                                     
                   "Actual Loops": 1,                                                          
                   "Inner Unique": true,                                                       
                   "Merge Cond": "(ci.person_id = n.id)",                                      
                   "Shared Hit Blocks": 5708157,                                               
                   "Shared Read Blocks": 420666,                                               
                   "Shared Dirtied Blocks": 0,                                                 
                   "Shared Written Blocks": 0,                                                 
                   "Local Hit Blocks": 0,                                                      
                   "Local Read Blocks": 0,                                                     
                   "Local Dirtied Blocks": 0,                                                  
                   "Local Written Blocks": 0,                                                  
                   "Temp Read Blocks": 0,                                                      
                   "Temp Written Blocks": 0,                                                   
                   "Plans": [                                                                  
                     {                                                                         
                       "Node Type": "Index Scan",                                              
                       "Parent Relationship": "Outer",                                         
                       "Parallel Aware": false,                                                
                       "Scan Direction": "Forward",                                            
                       "Index Name": "person_id_cast_info",                                    
                       "Relation Name": "cast_info",                                           
                       "Alias": "ci",                                                          
                       "Startup Cost": 0.02,                                                   
                       "Total Cost": 703876.26,                                                
                       "Plan Rows": 36244344,                                                  
                       "Plan Width": 8,                                                        
                       "Actual Startup Time": 0.019,                                           
                       "Actual Total Time": 48439.929,                                         
                       "Actual Rows": 36244344,                                                
                       "Actual Loops": 1,                                                      
                       "Shared Hit Blocks": 1851766,                                           
                       "Shared Read Blocks": 351677,                                           
                       "Shared Dirtied Blocks": 0,                                             
                       "Shared Written Blocks": 0,                                             
                       "Local Hit Blocks": 0,                                                  
                       "Local Read Blocks": 0,                                                 
                       "Local Dirtied Blocks": 0,                                              
                       "Local Written Blocks": 0,                                              
                       "Temp Read Blocks": 0,                                                  
                       "Temp Written Blocks": 0                                                
                     },                                                                        
                     {                                                                         
                       "Node Type": "Index Scan",                                              
                       "Parent Relationship": "Inner",                                         
                       "Parallel Aware": false,                                                
                       "Scan Direction": "Forward",                                            
                       "Index Name": "name_pkey",                                              
                       "Relation Name": "name",                                                
                       "Alias": "n",                                                           
                       "Startup Cost": 0.01,                                                   
                       "Total Cost": 48812.37,                                                 
                       "Plan Rows": 343991,                                                    
                       "Plan Width": 19,                                                       
                       "Actual Startup Time": 125.244,                                         
                       "Actual Total Time": 4702.114,                                          
                       "Actual Rows": 334765,                                                  
                       "Actual Loops": 1,                                                      
                       "Filter": "(name ~~ 'B%'::text)",                                       
                       "Rows Removed by Filter": 3730356,                                      
                       "Shared Hit Blocks": 3856391,                                           
                       "Shared Read Blocks": 68989,                                            
                       "Shared Dirtied Blocks": 0,                                             
                       "Shared Written Blocks": 0,                                             
                       "Local Hit Blocks": 0,                                                  
                       "Local Read Blocks": 0,                                                 
                       "Local Dirtied Blocks": 0,                                              
                       "Local Written Blocks": 0,                                              
                       "Temp Read Blocks": 0,                                                  
                       "Temp Written Blocks": 0                                                
                     }                                                                         
                   ]                                                                           
                 }                                                                             
               ]                                                                               
             }                                                                                 
           ]                                                                                   
         }                                                                                     
       ]                                                                                       
     },                                                                                        
     "Planning Time": 5921.605,                                                                
     "Triggers": [                                                                             
     ],                                                                                        
     "Execution Time": 94544.193                                                               
   }                                                                                           
 ]
