 [                                                                                         
   {                                                                                       
     "Plan": {                                                                             
       "Node Type": "Aggregate",                                                           
       "Strategy": "Plain",                                                                
       "Partial Mode": "Simple",                                                           
       "Parallel Aware": false,                                                            
       "Startup Cost": 896330.16,                                                          
       "Total Cost": 896330.16,                                                            
       "Plan Rows": 1,                                                                     
       "Plan Width": 64,                                                                   
       "Actual Startup Time": 91919.264,                                                   
       "Actual Total Time": 91919.264,                                                     
       "Actual Rows": 1,                                                                   
       "Actual Loops": 1,                                                                  
       "Shared Hit Blocks": 9987350,                                                       
       "Shared Read Blocks": 531454,                                                       
       "Shared Dirtied Blocks": 0,                                                         
       "Shared Written Blocks": 0,                                                         
       "Local Hit Blocks": 0,                                                              
       "Local Read Blocks": 0,                                                             
       "Local Dirtied Blocks": 0,                                                          
       "Local Written Blocks": 0,                                                          
       "Temp Read Blocks": 0,                                                              
       "Temp Written Blocks": 0,                                                           
       "Plans": [                                                                          
         {                                                                                 
           "Node Type": "Merge Join",                                                      
           "Parent Relationship": "Outer",                                                 
           "Parallel Aware": false,                                                        
           "Join Type": "Inner",                                                           
           "Startup Cost": 872708.17,                                                      
           "Total Cost": 896330.15,                                                        
           "Plan Rows": 19,                                                                
           "Plan Width": 15,                                                               
           "Actual Startup Time": 81714.767,                                               
           "Actual Total Time": 91883.771,                                                 
           "Actual Rows": 52306,                                                           
           "Actual Loops": 1,                                                              
           "Inner Unique": false,                                                          
           "Merge Cond": "(ci.movie_id = mc.movie_id)",                                    
           "Shared Hit Blocks": 9987350,                                                   
           "Shared Read Blocks": 531454,                                                   
           "Shared Dirtied Blocks": 0,                                                     
           "Shared Written Blocks": 0,                                                     
           "Local Hit Blocks": 0,                                                          
           "Local Read Blocks": 0,                                                         
           "Local Dirtied Blocks": 0,                                                      
           "Local Written Blocks": 0,                                                      
           "Temp Read Blocks": 0,                                                          
           "Temp Written Blocks": 0,                                                       
           "Plans": [                                                                      
             {                                                                             
               "Node Type": "Merge Join",                                                  
               "Parent Relationship": "Outer",                                             
               "Parallel Aware": false,                                                    
               "Join Type": "Inner",                                                       
               "Startup Cost": 799340.92,                                                  
               "Total Cost": 822557.76,                                                    
               "Plan Rows": 10,                                                            
               "Plan Width": 27,                                                           
               "Actual Startup Time": 66337.775,                                           
               "Actual Total Time": 75842.995,                                             
               "Actual Rows": 6642,                                                        
               "Actual Loops": 1,                                                          
               "Inner Unique": true,                                                       
               "Merge Cond": "(ci.movie_id = t.id)",                                       
               "Shared Hit Blocks": 8305425,                                               
               "Shared Read Blocks": 501707,                                               
               "Shared Dirtied Blocks": 0,                                                 
               "Shared Written Blocks": 0,                                                 
               "Local Hit Blocks": 0,                                                      
               "Local Read Blocks": 0,                                                     
               "Local Dirtied Blocks": 0,                                                  
               "Local Written Blocks": 0,                                                  
               "Temp Read Blocks": 0,                                                      
               "Temp Written Blocks": 0,                                                   
               "Plans": [                                                                  
                 {                                                                         
                   "Node Type": "Sort",                                                    
                   "Parent Relationship": "Outer",                                         
                   "Parallel Aware": false,                                                
                   "Startup Cost": 799340.89,                                              
                   "Total Cost": 799340.89,                                                
                   "Plan Rows": 10,                                                        
                   "Plan Width": 23,                                                       
                   "Actual Startup Time": 65750.268,                                       
                   "Actual Total Time": 65751.572,                                         
                   "Actual Rows": 6642,                                                    
                   "Actual Loops": 1,                                                      
                   "Sort Key": ["ci.movie_id"],                                            
                   "Sort Method": "quicksort",                                             
                   "Sort Space Used": 710,                                                 
                   "Sort Space Type": "Memory",                                            
                   "Shared Hit Blocks": 5817450,                                           
                   "Shared Read Blocks": 458848,                                           
                   "Shared Dirtied Blocks": 0,                                             
                   "Shared Written Blocks": 0,                                             
                   "Local Hit Blocks": 0,                                                  
                   "Local Read Blocks": 0,                                                 
                   "Local Dirtied Blocks": 0,                                              
                   "Local Written Blocks": 0,                                              
                   "Temp Read Blocks": 0,                                                  
                   "Temp Written Blocks": 0,                                               
                   "Plans": [                                                              
                     {                                                                     
                       "Node Type": "Merge Join",                                          
                       "Parent Relationship": "Outer",                                     
                       "Parallel Aware": false,                                            
                       "Join Type": "Inner",                                               
                       "Startup Cost": 799135.67,                                          
                       "Total Cost": 799340.88,                                            
                       "Plan Rows": 10,                                                    
                       "Plan Width": 23,                                                   
                       "Actual Startup Time": 65725.100,                                   
                       "Actual Total Time": 65729.081,                                     
                       "Actual Rows": 6642,                                                
                       "Actual Loops": 1,                                                  
                       "Inner Unique": true,                                               
                       "Merge Cond": "(mk.keyword_id = k.id)",                             
                       "Shared Hit Blocks": 5817446,                                       
                       "Shared Read Blocks": 458848,                                       
                       "Shared Dirtied Blocks": 0,                                         
                       "Shared Written Blocks": 0,                                         
                       "Local Hit Blocks": 0,                                              
                       "Local Read Blocks": 0,                                             
                       "Local Dirtied Blocks": 0,                                          
                       "Local Written Blocks": 0,                                          
                       "Temp Read Blocks": 0,                                              
                       "Temp Written Blocks": 0,                                           
                       "Plans": [                                                          
                         {                                                                 
                           "Node Type": "Sort",                                            
                           "Parent Relationship": "Outer",                                 
                           "Parallel Aware": false,                                        
                           "Startup Cost": 799129.54,                                      
                           "Total Cost": 799232.14,                                        
                           "Plan Rows": 1321576,                                           
                           "Plan Width": 27,                                               
                           "Actual Startup Time": 65656.455,                               
                           "Actual Total Time": 65667.784,                                 
                           "Actual Rows": 42942,                                           
                           "Actual Loops": 1,                                              
                           "Sort Key": ["mk.keyword_id"],                                  
                           "Sort Method": "quicksort",                                     
                           "Sort Space Used": 170476,                                      
                           "Sort Space Type": "Memory",                                    
                           "Shared Hit Blocks": 5817446,                                   
                           "Shared Read Blocks": 458844,                                   
                           "Shared Dirtied Blocks": 0,                                     
                           "Shared Written Blocks": 0,                                     
                           "Local Hit Blocks": 0,                                          
                           "Local Read Blocks": 0,                                         
                           "Local Dirtied Blocks": 0,                                      
                           "Local Written Blocks": 0,                                      
                           "Temp Read Blocks": 0,                                          
                           "Temp Written Blocks": 0,                                       
                           "Plans": [                                                      
                             {                                                             
                               "Node Type": "Merge Join",                                  
                               "Parent Relationship": "Outer",                             
                               "Parallel Aware": false,                                    
                               "Join Type": "Inner",                                       
                               "Startup Cost": 755179.65,                                  
                               "Total Cost": 794956.76,                                    
                               "Plan Rows": 1321576,                                       
                               "Plan Width": 27,                                           
                               "Actual Startup Time": 62304.494,                           
                               "Actual Total Time": 65010.518,                             
                               "Actual Rows": 1553603,                                     
                               "Actual Loops": 1,                                          
                               "Inner Unique": false,                                      
                               "Merge Cond": "(ci.movie_id = mk.movie_id)",                
                               "Shared Hit Blocks": 5817446,                               
                               "Shared Read Blocks": 458844,                               
                               "Shared Dirtied Blocks": 0,                                 
                               "Shared Written Blocks": 0,                                 
                               "Local Hit Blocks": 0,                                      
                               "Local Read Blocks": 0,                                     
                               "Local Dirtied Blocks": 0,                                  
                               "Local Written Blocks": 0,                                  
                               "Temp Read Blocks": 0,                                      
                               "Temp Written Blocks": 0,                                   
                               "Plans": [                                                  
                                 {                                                         
                                   "Node Type": "Sort",                                    
                                   "Parent Relationship": "Outer",                         
                                   "Parallel Aware": false,                                
                                   "Startup Cost": 755179.64,                              
                                   "Total Cost": 755203.99,                                
                                   "Plan Rows": 313707,                                    
                                   "Plan Width": 19,                                       
                                   "Actual Startup Time": 62304.451,                       
                                   "Actual Total Time": 62340.926,                         
                                   "Actual Rows": 268710,                                  
                                   "Actual Loops": 1,                                      
                                   "Sort Key": ["ci.movie_id"],                            
                                   "Sort Method": "quicksort",                             
                                   "Sort Space Used": 32142,                               
                                   "Sort Space Type": "Memory",                            
                                   "Shared Hit Blocks": 5786545,                           
                                   "Shared Read Blocks": 422034,                           
                                   "Shared Dirtied Blocks": 0,                             
                                   "Shared Written Blocks": 0,                             
                                   "Local Hit Blocks": 0,                                  
                                   "Local Read Blocks": 0,                                 
                                   "Local Dirtied Blocks": 0,                              
                                   "Local Written Blocks": 0,                              
                                   "Temp Read Blocks": 0,                                  
                                   "Temp Written Blocks": 0,                               
                                   "Plans": [                                              
                                     {                                                     
                                       "Node Type": "Merge Join",                          
                                       "Parent Relationship": "Outer",                     
                                       "Parallel Aware": false,                            
                                       "Join Type": "Inner",                               
                                       "Startup Cost": 0.03,                               
                                       "Total Cost": 754290.20,                            
                                       "Plan Rows": 313707,                                
                                       "Plan Width": 19,                                   
                                       "Actual Startup Time": 42764.686,                   
                                       "Actual Total Time": 62154.560,                     
                                       "Actual Rows": 268710,                              
                                       "Actual Loops": 1,                                  
                                       "Inner Unique": true,                               
                                       "Merge Cond": "(ci.person_id = n.id)",              
                                       "Shared Hit Blocks": 5786545,                       
                                       "Shared Read Blocks": 422034,                       
                                       "Shared Dirtied Blocks": 0,                         
                                       "Shared Written Blocks": 0,                         
                                       "Local Hit Blocks": 0,                              
                                       "Local Read Blocks": 0,                             
                                       "Local Dirtied Blocks": 0,                          
                                       "Local Written Blocks": 0,                          
                                       "Temp Read Blocks": 0,                              
                                       "Temp Written Blocks": 0,                           
                                       "Plans": [                                          
                                         {                                                 
                                           "Node Type": "Index Scan",                      
                                           "Parent Relationship": "Outer",                 
                                           "Parallel Aware": false,                        
                                           "Scan Direction": "Forward",                    
                                           "Index Name": "person_id_cast_info",            
                                           "Relation Name": "cast_info",                   
                                           "Alias": "ci",                                  
                                           "Startup Cost": 0.02,                           
                                           "Total Cost": 703876.26,                        
                                           "Plan Rows": 36244344,                          
                                           "Plan Width": 8,                                
                                           "Actual Startup Time": 0.036,                   
                                           "Actual Total Time": 48630.995,                 
                                           "Actual Rows": 36244344,                        
                                           "Actual Loops": 1,                              
                                           "Shared Hit Blocks": 1851766,                   
                                           "Shared Read Blocks": 351677,                   
                                           "Shared Dirtied Blocks": 0,                     
                                           "Shared Written Blocks": 0,                     
                                           "Local Hit Blocks": 0,                          
                                           "Local Read Blocks": 0,                         
                                           "Local Dirtied Blocks": 0,                      
                                           "Local Written Blocks": 0,                      
                                           "Temp Read Blocks": 0,                          
                                           "Temp Written Blocks": 0                        
                                         },                                                
                                         {                                                 
                                           "Node Type": "Index Scan",                      
                                           "Parent Relationship": "Inner",                 
                                           "Parallel Aware": false,                        
                                           "Scan Direction": "Forward",                    
                                           "Index Name": "name_pkey",                      
                                           "Relation Name": "name",                        
                                           "Alias": "n",                                   
                                           "Startup Cost": 0.01,                           
                                           "Total Cost": 48812.37,                         
                                           "Plan Rows": 36071,                             
                                           "Plan Width": 19,                               
                                           "Actual Startup Time": 1981.637,                
                                           "Actual Total Time": 4617.769,                  
                                           "Actual Rows": 35320,                           
                                           "Actual Loops": 1,                              
                                           "Filter": "(name ~~ 'Z%'::text)",               
                                           "Rows Removed by Filter": 4111721,              
                                           "Shared Hit Blocks": 3934779,                   
                                           "Shared Read Blocks": 70357,                    
                                           "Shared Dirtied Blocks": 0,                     
                                           "Shared Written Blocks": 0,                     
                                           "Local Hit Blocks": 0,                          
                                           "Local Read Blocks": 0,                         
                                           "Local Dirtied Blocks": 0,                      
                                           "Local Written Blocks": 0,                      
                                           "Temp Read Blocks": 0,                          
                                           "Temp Written Blocks": 0                        
                                         }                                                 
                                       ]                                                   
                                     }                                                     
                                   ]                                                       
                                 },                                                        
                                 {                                                         
                                   "Node Type": "Index Scan",                              
                                   "Parent Relationship": "Inner",                         
                                   "Parallel Aware": false,                                
                                   "Scan Direction": "Forward",                            
                                   "Index Name": "movie_id_movie_keyword",                 
                                   "Relation Name": "movie_keyword",                       
                                   "Alias": "mk",                                          
                                   "Startup Cost": 0.01,                                   
                                   "Total Cost": 39285.80,                                 
                                   "Plan Rows": 4523930,                                   
                                   "Plan Width": 8,                                        
                                   "Actual Startup Time": 0.017,                           
                                   "Actual Total Time": 1725.419,                          
                                   "Actual Rows": 5108220,                                 
                                   "Actual Loops": 1,                                      
                                   "Shared Hit Blocks": 30901,                             
                                   "Shared Read Blocks": 36810,                            
                                   "Shared Dirtied Blocks": 0,                             
                                   "Shared Written Blocks": 0,                             
                                   "Local Hit Blocks": 0,                                  
                                   "Local Read Blocks": 0,                                 
                                   "Local Dirtied Blocks": 0,                              
                                   "Local Written Blocks": 0,                              
                                   "Temp Read Blocks": 0,                                  
                                   "Temp Written Blocks": 0                                
                                 }                                                         
                               ]                                                           
                             }                                                             
                           ]                                                               
                         },                                                                
                         {                                                                 
                           "Node Type": "Sort",                                            
                           "Parent Relationship": "Inner",                                 
                           "Parallel Aware": false,                                        
                           "Startup Cost": 6.13,                                           
                           "Total Cost": 6.13,                                             
                           "Plan Rows": 1,                                                 
                           "Plan Width": 4,                                                
                           "Actual Startup Time": 45.124,                                  
                           "Actual Total Time": 45.124,                                    
                           "Actual Rows": 1,                                               
                           "Actual Loops": 1,                                              
                           "Sort Key": ["k.id"],                                           
                           "Sort Method": "quicksort",                                     
                           "Sort Space Used": 25,                                          
                           "Sort Space Type": "Memory",                                    
                           "Shared Hit Blocks": 0,                                         
                           "Shared Read Blocks": 4,                                        
                           "Shared Dirtied Blocks": 0,                                     
                           "Shared Written Blocks": 0,                                     
                           "Local Hit Blocks": 0,                                          
                           "Local Read Blocks": 0,                                         
                           "Local Dirtied Blocks": 0,                                      
                           "Local Written Blocks": 0,                                      
                           "Temp Read Blocks": 0,                                          
                           "Temp Written Blocks": 0,                                       
                           "Plans": [                                                      
                             {                                                             
                               "Node Type": "Index Scan",                                  
                               "Parent Relationship": "Outer",                             
                               "Parallel Aware": false,                                    
                               "Scan Direction": "Forward",                                
                               "Index Name": "keyword_idx_keyword",                        
                               "Relation Name": "keyword",                                 
                               "Alias": "k",                                               
                               "Startup Cost": 0.01,                                       
                               "Total Cost": 6.13,                                         
                               "Plan Rows": 1,                                             
                               "Plan Width": 4,                                            
                               "Actual Startup Time": 45.106,                              
                               "Actual Total Time": 45.110,                                
                               "Actual Rows": 1,                                           
                               "Actual Loops": 1,                                          
                               "Index Cond": "(keyword = 'character-name-in-title'::text)",
                               "Rows Removed by Index Recheck": 0,                         
                               "Shared Hit Blocks": 0,                                     
                               "Shared Read Blocks": 4,                                    
                               "Shared Dirtied Blocks": 0,                                 
                               "Shared Written Blocks": 0,                                 
                               "Local Hit Blocks": 0,                                      
                               "Local Read Blocks": 0,                                     
                               "Local Dirtied Blocks": 0,                                  
                               "Local Written Blocks": 0,                                  
                               "Temp Read Blocks": 0,                                      
                               "Temp Written Blocks": 0                                    
                             }                                                             
                           ]                                                               
                         }                                                                 
                       ]                                                                   
                     }                                                                     
                   ]                                                                       
                 },                                                                        
                 {                                                                         
                   "Node Type": "Index Scan",                                              
                   "Parent Relationship": "Inner",                                         
                   "Parallel Aware": false,                                                
                   "Scan Direction": "Forward",                                            
                   "Index Name": "title_idx_id",                                           
                   "Relation Name": "title",                                               
                   "Alias": "t",                                                           
                   "Startup Cost": 0.01,                                                   
                   "Total Cost": 23042.05,                                                 
                   "Plan Rows": 2528312,                                                   
                   "Plan Width": 4,                                                        
                   "Actual Startup Time": 0.022,                                           
                   "Actual Total Time": 9741.722,                                          
                   "Actual Rows": 2525432,                                                 
                   "Actual Loops": 1,                                                      
                   "Shared Hit Blocks": 2487975,                                           
                   "Shared Read Blocks": 42859,                                            
                   "Shared Dirtied Blocks": 0,                                             
                   "Shared Written Blocks": 0,                                             
                   "Local Hit Blocks": 0,                                                  
                   "Local Read Blocks": 0,                                                 
                   "Local Dirtied Blocks": 0,                                              
                   "Local Written Blocks": 0,                                              
                   "Temp Read Blocks": 0,                                                  
                   "Temp Written Blocks": 0                                                
                 }                                                                         
               ]                                                                           
             },                                                                            
             {                                                                             
               "Node Type": "Sort",                                                        
               "Parent Relationship": "Inner",                                             
               "Parallel Aware": false,                                                    
               "Startup Cost": 73367.25,                                                   
               "Total Cost": 73569.82,                                                     
               "Plan Rows": 2609129,                                                       
               "Plan Width": 4,                                                            
               "Actual Startup Time": 15376.240,                                           
               "Actual Total Time": 15693.007,                                             
               "Actual Rows": 2627766,                                                     
               "Actual Loops": 1,                                                          
               "Sort Key": ["mc.movie_id"],                                                
               "Sort Method": "quicksort",                                                 
               "Sort Space Used": 220607,                                                  
               "Sort Space Type": "Memory",                                                
               "Shared Hit Blocks": 1681925,                                               
               "Shared Read Blocks": 29747,                                                
               "Shared Dirtied Blocks": 0,                                                 
               "Shared Written Blocks": 0,                                                 
               "Local Hit Blocks": 0,                                                      
               "Local Read Blocks": 0,                                                     
               "Local Dirtied Blocks": 0,                                                  
               "Local Written Blocks": 0,                                                  
               "Temp Read Blocks": 0,                                                      
               "Temp Written Blocks": 0,                                                   
               "Plans": [                                                                  
                 {                                                                         
                   "Node Type": "Merge Join",                                              
                   "Parent Relationship": "Outer",                                         
                   "Parallel Aware": false,                                                
                   "Join Type": "Inner",                                                   
                   "Startup Cost": 0.03,                                                   
                   "Total Cost": 64731.55,                                                 
                   "Plan Rows": 2609129,                                                   
                   "Plan Width": 4,                                                        
                   "Actual Startup Time": 0.032,                                           
                   "Actual Total Time": 14224.279,                                         
                   "Actual Rows": 2609129,                                                 
                   "Actual Loops": 1,                                                      
                   "Inner Unique": false,                                                  
                   "Merge Cond": "(cn.id = mc.company_id)",                                
                   "Shared Hit Blocks": 1681925,                                           
                   "Shared Read Blocks": 29747,                                            
                   "Shared Dirtied Blocks": 0,                                             
                   "Shared Written Blocks": 0,                                             
                   "Local Hit Blocks": 0,                                                  
                   "Local Read Blocks": 0,                                                 
                   "Local Dirtied Blocks": 0,                                              
                   "Local Written Blocks": 0,                                              
                   "Temp Read Blocks": 0,                                                  
                   "Temp Written Blocks": 0,                                               
                   "Plans": [                                                              
                     {                                                                     
                       "Node Type": "Index Scan",                                          
                       "Parent Relationship": "Outer",                                     
                       "Parallel Aware": false,                                            
                       "Scan Direction": "Forward",                                        
                       "Index Name": "company_name_pkey",                                  
                       "Relation Name": "company_name",                                    
                       "Alias": "cn",                                                      
                       "Startup Cost": 0.01,                                               
                       "Total Cost": 4578.95,                                              
                       "Plan Rows": 234997,                                                
                       "Plan Width": 4,                                                    
                       "Actual Startup Time": 0.017,                                       
                       "Actual Total Time": 1643.091,                                      
                       "Actual Rows": 234997,                                              
                       "Actual Loops": 1,                                                  
                       "Shared Hit Blocks": 231720,                                        
                       "Shared Read Blocks": 3834,                                         
                       "Shared Dirtied Blocks": 0,                                         
                       "Shared Written Blocks": 0,                                         
                       "Local Hit Blocks": 0,                                              
                       "Local Read Blocks": 0,                                             
                       "Local Dirtied Blocks": 0,                                          
                       "Local Written Blocks": 0,                                          
                       "Temp Read Blocks": 0,                                              
                       "Temp Written Blocks": 0                                            
                     },                                                                    
                     {                                                                     
                       "Node Type": "Index Scan",                                          
                       "Parent Relationship": "Inner",                                     
                       "Parallel Aware": false,                                            
                       "Scan Direction": "Forward",                                        
                       "Index Name": "company_id_movie_companies",                         
                       "Relation Name": "movie_companies",                                 
                       "Alias": "mc",                                                      
                       "Startup Cost": 0.01,                                               
                       "Total Cost": 59751.38,                                             
                       "Plan Rows": 2609129,                                               
                       "Plan Width": 8,                                                    
                       "Actual Startup Time": 0.011,                                       
                       "Actual Total Time": 11784.049,                                     
                       "Actual Rows": 2609129,                                             
                       "Actual Loops": 1,                                                  
                       "Shared Hit Blocks": 1450205,                                       
                       "Shared Read Blocks": 25913,                                        
                       "Shared Dirtied Blocks": 0,                                         
                       "Shared Written Blocks": 0,                                         
                       "Local Hit Blocks": 0,                                              
                       "Local Read Blocks": 0,                                             
                       "Local Dirtied Blocks": 0,                                          
                       "Local Written Blocks": 0,                                          
                       "Temp Read Blocks": 0,                                              
                       "Temp Written Blocks": 0                                            
                     }                                                                     
                   ]                                                                       
                 }                                                                         
               ]                                                                           
             }                                                                             
           ]                                                                               
         }                                                                                 
       ]                                                                                   
     },                                                                                    
     "Planning Time": 6072.384,                                                            
     "Triggers": [                                                                         
     ],                                                                                    
     "Execution Time": 91961.172                                                           
   }                                                                                       
 ]
