 [                                                                                                                                                      
   {                                                                                                                                                    
     "Plan": {                                                                                                                                          
       "Node Type": "Aggregate",                                                                                                                        
       "Strategy": "Plain",                                                                                                                             
       "Partial Mode": "Simple",                                                                                                                        
       "Parallel Aware": false,                                                                                                                         
       "Startup Cost": 23703.70,                                                                                                                        
       "Total Cost": 23703.70,                                                                                                                          
       "Plan Rows": 1,                                                                                                                                  
       "Plan Width": 96,                                                                                                                                
       "Actual Startup Time": 8951.337,                                                                                                                 
       "Actual Total Time": 8951.337,                                                                                                                   
       "Actual Rows": 1,                                                                                                                                
       "Actual Loops": 1,                                                                                                                               
       "Shared Hit Blocks": 536993,                                                                                                                     
       "Shared Read Blocks": 16167,                                                                                                                     
       "Shared Dirtied Blocks": 0,                                                                                                                      
       "Shared Written Blocks": 0,                                                                                                                      
       "Local Hit Blocks": 0,                                                                                                                           
       "Local Read Blocks": 0,                                                                                                                          
       "Local Dirtied Blocks": 0,                                                                                                                       
       "Local Written Blocks": 0,                                                                                                                       
       "Temp Read Blocks": 0,                                                                                                                           
       "Temp Written Blocks": 0,                                                                                                                        
       "Plans": [                                                                                                                                       
         {                                                                                                                                              
           "Node Type": "Merge Join",                                                                                                                   
           "Parent Relationship": "Outer",                                                                                                              
           "Parallel Aware": false,                                                                                                                     
           "Join Type": "Inner",                                                                                                                        
           "Startup Cost": 19066.21,                                                                                                                    
           "Total Cost": 23703.70,                                                                                                                      
           "Plan Rows": 1,                                                                                                                              
           "Plan Width": 48,                                                                                                                            
           "Actual Startup Time": 8526.239,                                                                                                             
           "Actual Total Time": 8927.169,                                                                                                               
           "Actual Rows": 1874,                                                                                                                         
           "Actual Loops": 1,                                                                                                                           
           "Inner Unique": true,                                                                                                                        
           "Merge Cond": "(mc.company_id = cn.id)",                                                                                                     
           "Shared Hit Blocks": 536993,                                                                                                                 
           "Shared Read Blocks": 16167,                                                                                                                 
           "Shared Dirtied Blocks": 0,                                                                                                                  
           "Shared Written Blocks": 0,                                                                                                                  
           "Local Hit Blocks": 0,                                                                                                                       
           "Local Read Blocks": 0,                                                                                                                      
           "Local Dirtied Blocks": 0,                                                                                                                   
           "Local Written Blocks": 0,                                                                                                                   
           "Temp Read Blocks": 0,                                                                                                                       
           "Temp Written Blocks": 0,                                                                                                                    
           "Plans": [                                                                                                                                   
             {                                                                                                                                          
               "Node Type": "Sort",                                                                                                                     
               "Parent Relationship": "Outer",                                                                                                          
               "Parallel Aware": false,                                                                                                                 
               "Startup Cost": 19066.20,                                                                                                                
               "Total Cost": 19066.20,                                                                                                                  
               "Plan Rows": 1,                                                                                                                          
               "Plan Width": 33,                                                                                                                        
               "Actual Startup Time": 8486.353,                                                                                                         
               "Actual Total Time": 8486.950,                                                                                                           
               "Actual Rows": 4395,                                                                                                                     
               "Actual Loops": 1,                                                                                                                       
               "Sort Key": ["mc.company_id"],                                                                                                           
               "Sort Method": "quicksort",                                                                                                              
               "Sort Space Used": 537,                                                                                                                  
               "Sort Space Type": "Memory",                                                                                                             
               "Shared Hit Blocks": 464713,                                                                                                             
               "Shared Read Blocks": 14626,                                                                                                             
               "Shared Dirtied Blocks": 0,                                                                                                              
               "Shared Written Blocks": 0,                                                                                                              
               "Local Hit Blocks": 0,                                                                                                                   
               "Local Read Blocks": 0,                                                                                                                  
               "Local Dirtied Blocks": 0,                                                                                                               
               "Local Written Blocks": 0,                                                                                                               
               "Temp Read Blocks": 0,                                                                                                                   
               "Temp Written Blocks": 0,                                                                                                                
               "Plans": [                                                                                                                               
                 {                                                                                                                                      
                   "Node Type": "Merge Join",                                                                                                           
                   "Parent Relationship": "Outer",                                                                                                      
                   "Parallel Aware": false,                                                                                                             
                   "Join Type": "Inner",                                                                                                                
                   "Startup Cost": 17329.72,                                                                                                            
                   "Total Cost": 19066.20,                                                                                                              
                   "Plan Rows": 1,                                                                                                                      
                   "Plan Width": 33,                                                                                                                    
                   "Actual Startup Time": 8184.025,                                                                                                     
                   "Actual Total Time": 8476.021,                                                                                                       
                   "Actual Rows": 4395,                                                                                                                 
                   "Actual Loops": 1,                                                                                                                   
                   "Inner Unique": true,                                                                                                                
                   "Merge Cond": "(ml.movie_id = t.id)",                                                                                                
                   "Shared Hit Blocks": 464709,                                                                                                         
                   "Shared Read Blocks": 14626,                                                                                                         
                   "Shared Dirtied Blocks": 0,                                                                                                          
                   "Shared Written Blocks": 0,                                                                                                          
                   "Local Hit Blocks": 0,                                                                                                               
                   "Local Read Blocks": 0,                                                                                                              
                   "Local Dirtied Blocks": 0,                                                                                                           
                   "Local Written Blocks": 0,                                                                                                           
                   "Temp Read Blocks": 0,                                                                                                               
                   "Temp Written Blocks": 0,                                                                                                            
                   "Plans": [                                                                                                                           
                     {                                                                                                                                  
                       "Node Type": "Sort",                                                                                                             
                       "Parent Relationship": "Outer",                                                                                                  
                       "Parallel Aware": false,                                                                                                         
                       "Startup Cost": 17329.69,                                                                                                        
                       "Total Cost": 17329.69,                                                                                                          
                       "Plan Rows": 1,                                                                                                                  
                       "Plan Width": 32,                                                                                                                
                       "Actual Startup Time": 7674.473,                                                                                                 
                       "Actual Total Time": 7674.738,                                                                                                   
                       "Actual Rows": 4395,                                                                                                             
                       "Actual Loops": 1,                                                                                                               
                       "Sort Key": ["mc.movie_id"],                                                                                                     
                       "Sort Method": "quicksort",                                                                                                      
                       "Sort Space Used": 536,                                                                                                          
                       "Sort Space Type": "Memory",                                                                                                     
                       "Shared Hit Blocks": 305339,                                                                                                     
                       "Shared Read Blocks": 11252,                                                                                                     
                       "Shared Dirtied Blocks": 0,                                                                                                      
                       "Shared Written Blocks": 0,                                                                                                      
                       "Local Hit Blocks": 0,                                                                                                           
                       "Local Read Blocks": 0,                                                                                                          
                       "Local Dirtied Blocks": 0,                                                                                                       
                       "Local Written Blocks": 0,                                                                                                       
                       "Temp Read Blocks": 0,                                                                                                           
                       "Temp Written Blocks": 0,                                                                                                        
                       "Plans": [                                                                                                                       
                         {                                                                                                                              
                           "Node Type": "Merge Join",                                                                                                   
                           "Parent Relationship": "Outer",                                                                                              
                           "Parallel Aware": false,                                                                                                     
                           "Join Type": "Inner",                                                                                                        
                           "Startup Cost": 17327.41,                                                                                                    
                           "Total Cost": 17329.69,                                                                                                      
                           "Plan Rows": 1,                                                                                                              
                           "Plan Width": 32,                                                                                                            
                           "Actual Startup Time": 7668.224,                                                                                             
                           "Actual Total Time": 7671.692,                                                                                               
                           "Actual Rows": 4395,                                                                                                         
                           "Actual Loops": 1,                                                                                                           
                           "Inner Unique": true,                                                                                                        
                           "Merge Cond": "(mk.keyword_id = k.id)",                                                                                      
                           "Shared Hit Blocks": 305339,                                                                                                 
                           "Shared Read Blocks": 11252,                                                                                                 
                           "Shared Dirtied Blocks": 0,                                                                                                  
                           "Shared Written Blocks": 0,                                                                                                  
                           "Local Hit Blocks": 0,                                                                                                       
                           "Local Read Blocks": 0,                                                                                                      
                           "Local Dirtied Blocks": 0,                                                                                                   
                           "Local Written Blocks": 0,                                                                                                   
                           "Temp Read Blocks": 0,                                                                                                       
                           "Temp Written Blocks": 0,                                                                                                    
                           "Plans": [                                                                                                                   
                             {                                                                                                                          
                               "Node Type": "Sort",                                                                                                     
                               "Parent Relationship": "Outer",                                                                                          
                               "Parallel Aware": false,                                                                                                 
                               "Startup Cost": 17321.28,                                                                                                
                               "Total Cost": 17322.42,                                                                                                  
                               "Plan Rows": 14670,                                                                                                      
                               "Plan Width": 36,                                                                                                        
                               "Actual Startup Time": 7614.771,                                                                                         
                               "Actual Total Time": 7619.093,                                                                                           
                               "Actual Rows": 23870,                                                                                                    
                               "Actual Loops": 1,                                                                                                       
                               "Sort Key": ["mk.keyword_id"],                                                                                           
                               "Sort Method": "quicksort",                                                                                              
                               "Sort Space Used": 10887,                                                                                                
                               "Sort Space Type": "Memory",                                                                                             
                               "Shared Hit Blocks": 305339,                                                                                             
                               "Shared Read Blocks": 11248,                                                                                             
                               "Shared Dirtied Blocks": 0,                                                                                              
                               "Shared Written Blocks": 0,                                                                                              
                               "Local Hit Blocks": 0,                                                                                                   
                               "Local Read Blocks": 0,                                                                                                  
                               "Local Dirtied Blocks": 0,                                                                                               
                               "Local Written Blocks": 0,                                                                                               
                               "Temp Read Blocks": 0,                                                                                                   
                               "Temp Written Blocks": 0,                                                                                                
                               "Plans": [                                                                                                               
                                 {                                                                                                                      
                                   "Node Type": "Merge Join",                                                                                           
                                   "Parent Relationship": "Outer",                                                                                      
                                   "Parallel Aware": false,                                                                                             
                                   "Join Type": "Inner",                                                                                                
                                   "Startup Cost": 2985.56,                                                                                             
                                   "Total Cost": 17289.75,                                                                                              
                                   "Plan Rows": 14670,                                                                                                  
                                   "Plan Width": 36,                                                                                                    
                                   "Actual Startup Time": 533.958,                                                                                      
                                   "Actual Total Time": 7552.020,                                                                                       
                                   "Actual Rows": 100027,                                                                                               
                                   "Actual Loops": 1,                                                                                                   
                                   "Inner Unique": false,                                                                                               
                                   "Merge Cond": "(mk.movie_id = ml.movie_id)",                                                                         
                                   "Shared Hit Blocks": 305339,                                                                                         
                                   "Shared Read Blocks": 11248,                                                                                         
                                   "Shared Dirtied Blocks": 0,                                                                                          
                                   "Shared Written Blocks": 0,                                                                                          
                                   "Local Hit Blocks": 0,                                                                                               
                                   "Local Read Blocks": 0,                                                                                              
                                   "Local Dirtied Blocks": 0,                                                                                           
                                   "Local Written Blocks": 0,                                                                                           
                                   "Temp Read Blocks": 0,                                                                                               
                                   "Temp Written Blocks": 0,                                                                                            
                                   "Plans": [                                                                                                           
                                     {                                                                                                                  
                                       "Node Type": "Merge Join",                                                                                       
                                       "Parent Relationship": "Outer",                                                                                  
                                       "Parallel Aware": false,                                                                                         
                                       "Join Type": "Inner",                                                                                            
                                       "Startup Cost": 3.34,                                                                                            
                                       "Total Cost": 662479.98,                                                                                         
                                       "Plan Rows": 11044249,                                                                                           
                                       "Plan Width": 12,                                                                                                
                                       "Actual Startup Time": 122.583,                                                                                  
                                       "Actual Total Time": 7161.806,                                                                                   
                                       "Actual Rows": 55032,                                                                                            
                                       "Actual Loops": 1,                                                                                               
                                       "Inner Unique": false,                                                                                           
                                       "Merge Cond": "(mi.movie_id = mk.movie_id)",                                                                     
                                       "Shared Hit Blocks": 259418,                                                                                     
                                       "Shared Read Blocks": 10023,                                                                                     
                                       "Shared Dirtied Blocks": 0,                                                                                      
                                       "Shared Written Blocks": 0,                                                                                      
                                       "Local Hit Blocks": 0,                                                                                           
                                       "Local Read Blocks": 0,                                                                                          
                                       "Local Dirtied Blocks": 0,                                                                                       
                                       "Local Written Blocks": 0,                                                                                       
                                       "Temp Read Blocks": 0,                                                                                           
                                       "Temp Written Blocks": 0,                                                                                        
                                       "Plans": [                                                                                                       
                                         {                                                                                                              
                                           "Node Type": "Index Scan",                                                                                   
                                           "Parent Relationship": "Outer",                                                                              
                                           "Parallel Aware": false,                                                                                     
                                           "Scan Direction": "Forward",                                                                                 
                                           "Index Name": "movie_id_movie_info",                                                                         
                                           "Relation Name": "movie_info",                                                                               
                                           "Alias": "mi",                                                                                               
                                           "Startup Cost": 0.01,                                                                                        
                                           "Total Cost": 620679.99,                                                                                     
                                           "Plan Rows": 936891,                                                                                         
                                           "Plan Width": 4,                                                                                             
                                           "Actual Startup Time": 122.528,                                                                              
                                           "Actual Total Time": 6962.527,                                                                               
                                           "Actual Rows": 28657,                                                                                        
                                           "Actual Loops": 1,                                                                                           
                                           "Filter": "(info = ANY ('{Sweden,Norway,Germany,Denmark,Swedish,Denish,Norwegian,German,English}'::text[]))",
                                           "Rows Removed by Filter": 414007,                                                                            
                                           "Shared Hit Blocks": 259127,                                                                                 
                                           "Shared Read Blocks": 9353,                                                                                  
                                           "Shared Dirtied Blocks": 0,                                                                                  
                                           "Shared Written Blocks": 0,                                                                                  
                                           "Local Hit Blocks": 0,                                                                                       
                                           "Local Read Blocks": 0,                                                                                      
                                           "Local Dirtied Blocks": 0,                                                                                   
                                           "Local Written Blocks": 0,                                                                                   
                                           "Temp Read Blocks": 0,                                                                                       
                                           "Temp Written Blocks": 0                                                                                     
                                         },                                                                                                             
                                         {                                                                                                              
                                           "Node Type": "Materialize",                                                                                  
                                           "Parent Relationship": "Inner",                                                                              
                                           "Parallel Aware": false,                                                                                     
                                           "Startup Cost": 0.01,                                                                                        
                                           "Total Cost": 39637.03,                                                                                      
                                           "Plan Rows": 4523930,                                                                                        
                                           "Plan Width": 8,                                                                                             
                                           "Actual Startup Time": 0.046,                                                                                
                                           "Actual Total Time": 134.030,                                                                                
                                           "Actual Rows": 85569,                                                                                        
                                           "Actual Loops": 1,                                                                                           
                                           "Shared Hit Blocks": 291,                                                                                    
                                           "Shared Read Blocks": 670,                                                                                   
                                           "Shared Dirtied Blocks": 0,                                                                                  
                                           "Shared Written Blocks": 0,                                                                                  
                                           "Local Hit Blocks": 0,                                                                                       
                                           "Local Read Blocks": 0,                                                                                      
                                           "Local Dirtied Blocks": 0,                                                                                   
                                           "Local Written Blocks": 0,                                                                                   
                                           "Temp Read Blocks": 0,                                                                                       
                                           "Temp Written Blocks": 0,                                                                                    
                                           "Plans": [                                                                                                   
                                             {                                                                                                          
                                               "Node Type": "Index Scan",                                                                               
                                               "Parent Relationship": "Outer",                                                                          
                                               "Parallel Aware": false,                                                                                 
                                               "Scan Direction": "Forward",                                                                             
                                               "Index Name": "movie_id_movie_keyword",                                                                  
                                               "Relation Name": "movie_keyword",                                                                        
                                               "Alias": "mk",                                                                                           
                                               "Startup Cost": 0.01,                                                                                    
                                               "Total Cost": 39285.80,                                                                                  
                                               "Plan Rows": 4523930,                                                                                    
                                               "Plan Width": 8,                                                                                         
                                               "Actual Startup Time": 0.035,                                                                            
                                               "Actual Total Time": 102.632,                                                                            
                                               "Actual Rows": 82171,                                                                                    
                                               "Actual Loops": 1,                                                                                       
                                               "Shared Hit Blocks": 291,                                                                                
                                               "Shared Read Blocks": 670,                                                                               
                                               "Shared Dirtied Blocks": 0,                                                                              
                                               "Shared Written Blocks": 0,                                                                              
                                               "Local Hit Blocks": 0,                                                                                   
                                               "Local Read Blocks": 0,                                                                                  
                                               "Local Dirtied Blocks": 0,                                                                               
                                               "Local Written Blocks": 0,                                                                               
                                               "Temp Read Blocks": 0,                                                                                   
                                               "Temp Written Blocks": 0                                                                                 
                                             }                                                                                                          
                                           ]                                                                                                            
                                         }                                                                                                              
                                       ]                                                                                                                
                                     },                                                                                                                 
                                     {                                                                                                                  
                                       "Node Type": "Sort",                                                                                             
                                       "Parent Relationship": "Inner",                                                                                  
                                       "Parallel Aware": false,                                                                                         
                                       "Startup Cost": 2982.22,                                                                                         
                                       "Total Cost": 2982.29,                                                                                           
                                       "Plan Rows": 917,                                                                                                
                                       "Plan Width": 24,                                                                                                
                                       "Actual Startup Time": 320.650,                                                                                  
                                       "Actual Total Time": 330.599,                                                                                    
                                       "Actual Rows": 101304,                                                                                           
                                       "Actual Loops": 1,                                                                                               
                                       "Sort Key": ["mc.movie_id"],                                                                                     
                                       "Sort Method": "quicksort",                                                                                      
                                       "Sort Space Used": 536,                                                                                          
                                       "Sort Space Type": "Memory",                                                                                     
                                       "Shared Hit Blocks": 45921,                                                                                      
                                       "Shared Read Blocks": 1225,                                                                                      
                                       "Shared Dirtied Blocks": 0,                                                                                      
                                       "Shared Written Blocks": 0,                                                                                      
                                       "Local Hit Blocks": 0,                                                                                           
                                       "Local Read Blocks": 0,                                                                                          
                                       "Local Dirtied Blocks": 0,                                                                                       
                                       "Local Written Blocks": 0,                                                                                       
                                       "Temp Read Blocks": 0,                                                                                           
                                       "Temp Written Blocks": 0,                                                                                        
                                       "Plans": [                                                                                                       
                                         {                                                                                                              
                                           "Node Type": "Merge Join",                                                                                   
                                           "Parent Relationship": "Outer",                                                                              
                                           "Parallel Aware": false,                                                                                     
                                           "Join Type": "Inner",                                                                                        
                                           "Startup Cost": 2980.18,                                                                                     
                                           "Total Cost": 2980.82,                                                                                       
                                           "Plan Rows": 917,                                                                                            
                                           "Plan Width": 24,                                                                                            
                                           "Actual Startup Time": 315.163,                                                                              
                                           "Actual Total Time": 317.892,                                                                                
                                           "Actual Rows": 4393,                                                                                         
                                           "Actual Loops": 1,                                                                                           
                                           "Inner Unique": true,                                                                                        
                                           "Merge Cond": "(mc.company_type_id = ct.id)",                                                                
                                           "Shared Hit Blocks": 45921,                                                                                  
                                           "Shared Read Blocks": 1225,                                                                                  
                                           "Shared Dirtied Blocks": 0,                                                                                  
                                           "Shared Written Blocks": 0,                                                                                  
                                           "Local Hit Blocks": 0,                                                                                       
                                           "Local Read Blocks": 0,                                                                                      
                                           "Local Dirtied Blocks": 0,                                                                                   
                                           "Local Written Blocks": 0,                                                                                   
                                           "Temp Read Blocks": 0,                                                                                       
                                           "Temp Written Blocks": 0,                                                                                    
                                           "Plans": [                                                                                                   
                                             {                                                                                                          
                                               "Node Type": "Sort",                                                                                     
                                               "Parent Relationship": "Outer",                                                                          
                                               "Parallel Aware": false,                                                                                 
                                               "Startup Cost": 2974.06,                                                                                 
                                               "Total Cost": 2974.34,                                                                                   
                                               "Plan Rows": 3669,                                                                                       
                                               "Plan Width": 28,                                                                                        
                                               "Actual Startup Time": 314.801,                                                                          
                                               "Actual Total Time": 315.355,                                                                            
                                               "Actual Rows": 5069,                                                                                     
                                               "Actual Loops": 1,                                                                                       
                                               "Sort Key": ["mc.company_type_id"],                                                                      
                                               "Sort Method": "quicksort",                                                                              
                                               "Sort Space Used": 589,                                                                                  
                                               "Sort Space Type": "Memory",                                                                             
                                               "Shared Hit Blocks": 45920,                                                                              
                                               "Shared Read Blocks": 1224,                                                                              
                                               "Shared Dirtied Blocks": 0,                                                                              
                                               "Shared Written Blocks": 0,                                                                              
                                               "Local Hit Blocks": 0,                                                                                   
                                               "Local Read Blocks": 0,                                                                                  
                                               "Local Dirtied Blocks": 0,                                                                               
                                               "Local Written Blocks": 0,                                                                               
                                               "Temp Read Blocks": 0,                                                                                   
                                               "Temp Written Blocks": 0,                                                                                
                                               "Plans": [                                                                                               
                                                 {                                                                                                      
                                                   "Node Type": "Merge Join",                                                                           
                                                   "Parent Relationship": "Outer",                                                                      
                                                   "Parallel Aware": false,                                                                             
                                                   "Join Type": "Inner",                                                                                
                                                   "Startup Cost": 361.82,                                                                              
                                                   "Total Cost": 2967.31,                                                                               
                                                   "Plan Rows": 3669,                                                                                   
                                                   "Plan Width": 28,                                                                                    
                                                   "Actual Startup Time": 87.597,                                                                       
                                                   "Actual Total Time": 312.181,                                                                        
                                                   "Actual Rows": 5069,                                                                                 
                                                   "Actual Loops": 1,                                                                                   
                                                   "Inner Unique": false,                                                                               
                                                   "Merge Cond": "(mc.movie_id = ml.movie_id)",                                                         
                                                   "Shared Hit Blocks": 45920,                                                                          
                                                   "Shared Read Blocks": 1224,                                                                          
                                                   "Shared Dirtied Blocks": 0,                                                                          
                                                   "Shared Written Blocks": 0,                                                                          
                                                   "Local Hit Blocks": 0,                                                                               
                                                   "Local Read Blocks": 0,                                                                              
                                                   "Local Dirtied Blocks": 0,                                                                           
                                                   "Local Written Blocks": 0,                                                                           
                                                   "Temp Read Blocks": 0,                                                                               
                                                   "Temp Written Blocks": 0,                                                                            
                                                   "Plans": [                                                                                           
                                                     {                                                                                                  
                                                       "Node Type": "Index Scan",                                                                       
                                                       "Parent Relationship": "Outer",                                                                  
                                                       "Parallel Aware": false,                                                                         
                                                       "Scan Direction": "Forward",                                                                     
                                                       "Index Name": "movie_id_movie_companies",                                                        
                                                       "Relation Name": "movie_companies",                                                              
                                                       "Alias": "mc",                                                                                   
                                                       "Startup Cost": 0.01,                                                                            
                                                       "Total Cost": 67925.24,                                                                          
                                                       "Plan Rows": 1271989,                                                                            
                                                       "Plan Width": 12,                                                                                
                                                       "Actual Startup Time": 8.811,                                                                    
                                                       "Actual Total Time": 219.963,                                                                    
                                                       "Actual Rows": 49142,                                                                            
                                                       "Actual Loops": 1,                                                                               
                                                       "Filter": "(note IS NULL)",                                                                      
                                                       "Rows Removed by Filter": 50735,                                                                 
                                                       "Shared Hit Blocks": 45837,                                                                      
                                                       "Shared Read Blocks": 983,                                                                       
                                                       "Shared Dirtied Blocks": 0,                                                                      
                                                       "Shared Written Blocks": 0,                                                                      
                                                       "Local Hit Blocks": 0,                                                                           
                                                       "Local Read Blocks": 0,                                                                          
                                                       "Local Dirtied Blocks": 0,                                                                       
                                                       "Local Written Blocks": 0,                                                                       
                                                       "Temp Read Blocks": 0,                                                                           
                                                       "Temp Written Blocks": 0                                                                         
                                                     },                                                                                                 
                                                     {                                                                                                  
                                                       "Node Type": "Sort",                                                                             
                                                       "Parent Relationship": "Inner",                                                                  
                                                       "Parallel Aware": false,                                                                         
                                                       "Startup Cost": 361.81,                                                                          
                                                       "Total Cost": 361.94,                                                                            
                                                       "Plan Rows": 1666,                                                                               
                                                       "Plan Width": 16,                                                                                
                                                       "Actual Startup Time": 78.507,                                                                   
                                                       "Actual Total Time": 79.072,                                                                     
                                                       "Actual Rows": 5369,                                                                             
                                                       "Actual Loops": 1,                                                                               
                                                       "Sort Key": ["ml.movie_id"],                                                                     
                                                       "Sort Method": "quicksort",                                                                      
                                                       "Sort Space Used": 205,                                                                          
                                                       "Sort Space Type": "Memory",                                                                     
                                                       "Shared Hit Blocks": 83,                                                                         
                                                       "Shared Read Blocks": 241,                                                                       
                                                       "Shared Dirtied Blocks": 0,                                                                      
                                                       "Shared Written Blocks": 0,                                                                      
                                                       "Local Hit Blocks": 0,                                                                           
                                                       "Local Read Blocks": 0,                                                                          
                                                       "Local Dirtied Blocks": 0,                                                                       
                                                       "Local Written Blocks": 0,                                                                       
                                                       "Temp Read Blocks": 0,                                                                           
                                                       "Temp Written Blocks": 0,                                                                        
                                                       "Plans": [                                                                                       
                                                         {                                                                                              
                                                           "Node Type": "Merge Join",                                                                   
                                                           "Parent Relationship": "Outer",                                                              
                                                           "Parallel Aware": false,                                                                     
                                                           "Join Type": "Inner",                                                                        
                                                           "Startup Cost": 345.08,                                                                      
                                                           "Total Cost": 359.04,                                                                        
                                                           "Plan Rows": 1666,                                                                           
                                                           "Plan Width": 16,                                                                            
                                                           "Actual Startup Time": 76.061,                                                               
                                                           "Actual Total Time": 77.214,                                                                 
                                                           "Actual Rows": 2315,                                                                         
                                                           "Actual Loops": 1,                                                                           
                                                           "Inner Unique": false,                                                                       
                                                           "Merge Cond": "(lt.id = ml.link_type_id)",                                                   
                                                           "Shared Hit Blocks": 83,                                                                     
                                                           "Shared Read Blocks": 241,                                                                   
                                                           "Shared Dirtied Blocks": 0,                                                                  
                                                           "Shared Written Blocks": 0,                                                                  
                                                           "Local Hit Blocks": 0,                                                                       
                                                           "Local Read Blocks": 0,                                                                      
                                                           "Local Dirtied Blocks": 0,                                                                   
                                                           "Local Written Blocks": 0,                                                                   
                                                           "Temp Read Blocks": 0,                                                                       
                                                           "Temp Written Blocks": 0,                                                                    
                                                           "Plans": [                                                                                   
                                                             {                                                                                          
                                                               "Node Type": "Index Scan",                                                               
                                                               "Parent Relationship": "Outer",                                                          
                                                               "Parallel Aware": false,                                                                 
                                                               "Scan Direction": "Forward",                                                             
                                                               "Index Name": "link_type_pkey",                                                          
                                                               "Relation Name": "link_type",                                                            
                                                               "Alias": "lt",                                                                           
                                                               "Startup Cost": 0.00,                                                                    
                                                               "Total Cost": 9.19,                                                                      
                                                               "Plan Rows": 1,                                                                          
                                                               "Plan Width": 16,                                                                        
                                                               "Actual Startup Time": 0.025,                                                            
                                                               "Actual Total Time": 0.042,                                                              
                                                               "Actual Rows": 2,                                                                        
                                                               "Actual Loops": 1,                                                                       
                                                               "Filter": "((link)::text ~~ '%follow%'::text)",                                          
                                                               "Rows Removed by Filter": 16,                                                            
                                                               "Shared Hit Blocks": 2,                                                                  
                                                               "Shared Read Blocks": 0,                                                                 
                                                               "Shared Dirtied Blocks": 0,                                                              
                                                               "Shared Written Blocks": 0,                                                              
                                                               "Local Hit Blocks": 0,                                                                   
                                                               "Local Read Blocks": 0,                                                                  
                                                               "Local Dirtied Blocks": 0,                                                               
                                                               "Local Written Blocks": 0,                                                               
                                                               "Temp Read Blocks": 0,                                                                   
                                                               "Temp Written Blocks": 0                                                                 
                                                             },                                                                                         
                                                             {                                                                                          
                                                               "Node Type": "Sort",                                                                     
                                                               "Parent Relationship": "Inner",                                                          
                                                               "Parallel Aware": false,                                                                 
                                                               "Startup Cost": 345.08,                                                                  
                                                               "Total Cost": 347.41,                                                                    
                                                               "Plan Rows": 29997,                                                                      
                                                               "Plan Width": 8,                                                                         
                                                               "Actual Startup Time": 76.028,                                                           
                                                               "Actual Total Time": 76.290,                                                             
                                                               "Actual Rows": 2316,                                                                     
                                                               "Actual Loops": 1,                                                                       
                                                               "Sort Key": ["ml.link_type_id"],                                                         
                                                               "Sort Method": "quicksort",                                                              
                                                               "Sort Space Used": 2175,                                                                 
                                                               "Sort Space Type": "Memory",                                                             
                                                               "Shared Hit Blocks": 81,                                                                 
                                                               "Shared Read Blocks": 241,                                                               
                                                               "Shared Dirtied Blocks": 0,                                                              
                                                               "Shared Written Blocks": 0,                                                              
                                                               "Local Hit Blocks": 0,                                                                   
                                                               "Local Read Blocks": 0,                                                                  
                                                               "Local Dirtied Blocks": 0,                                                               
                                                               "Local Written Blocks": 0,                                                               
                                                               "Temp Read Blocks": 0,                                                                   
                                                               "Temp Written Blocks": 0,                                                                
                                                               "Plans": [                                                                               
                                                                 {                                                                                      
                                                                   "Node Type": "Index Scan",                                                           
                                                                   "Parent Relationship": "Outer",                                                      
                                                                   "Parallel Aware": false,                                                             
                                                                   "Scan Direction": "Forward",                                                         
                                                                   "Index Name": "movie_id_movie_link",                                                 
                                                                   "Relation Name": "movie_link",                                                       
                                                                   "Alias": "ml",                                                                       
                                                                   "Startup Cost": 0.01,                                                                
                                                                   "Total Cost": 275.80,                                                                
                                                                   "Plan Rows": 29997,                                                                  
                                                                   "Plan Width": 8,                                                                     
                                                                   "Actual Startup Time": 0.030,                                                        
                                                                   "Actual Total Time": 58.533,                                                         
                                                                   "Actual Rows": 29997,                                                                
                                                                   "Actual Loops": 1,                                                                   
                                                                   "Shared Hit Blocks": 81,                                                             
                                                                   "Shared Read Blocks": 241,                                                           
                                                                   "Shared Dirtied Blocks": 0,                                                          
                                                                   "Shared Written Blocks": 0,                                                          
                                                                   "Local Hit Blocks": 0,                                                               
                                                                   "Local Read Blocks": 0,                                                              
                                                                   "Local Dirtied Blocks": 0,                                                           
                                                                   "Local Written Blocks": 0,                                                           
                                                                   "Temp Read Blocks": 0,                                                               
                                                                   "Temp Written Blocks": 0                                                             
                                                                 }                                                                                      
                                                               ]                                                                                        
                                                             }                                                                                          
                                                           ]                                                                                            
                                                         }                                                                                              
                                                       ]                                                                                                
                                                     }                                                                                                  
                                                   ]                                                                                                    
                                                 }                                                                                                      
                                               ]                                                                                                        
                                             },                                                                                                         
                                             {                                                                                                          
                                               "Node Type": "Sort",                                                                                     
                                               "Parent Relationship": "Inner",                                                                          
                                               "Parallel Aware": false,                                                                                 
                                               "Startup Cost": 6.13,                                                                                    
                                               "Total Cost": 6.13,                                                                                      
                                               "Plan Rows": 1,                                                                                          
                                               "Plan Width": 4,                                                                                         
                                               "Actual Startup Time": 0.051,                                                                            
                                               "Actual Total Time": 0.051,                                                                              
                                               "Actual Rows": 1,                                                                                        
                                               "Actual Loops": 1,                                                                                       
                                               "Sort Key": ["ct.id"],                                                                                   
                                               "Sort Method": "quicksort",                                                                              
                                               "Sort Space Used": 25,                                                                                   
                                               "Sort Space Type": "Memory",                                                                             
                                               "Shared Hit Blocks": 1,                                                                                  
                                               "Shared Read Blocks": 1,                                                                                 
                                               "Shared Dirtied Blocks": 0,                                                                              
                                               "Shared Written Blocks": 0,                                                                              
                                               "Local Hit Blocks": 0,                                                                                   
                                               "Local Read Blocks": 0,                                                                                  
                                               "Local Dirtied Blocks": 0,                                                                               
                                               "Local Written Blocks": 0,                                                                               
                                               "Temp Read Blocks": 0,                                                                                   
                                               "Temp Written Blocks": 0,                                                                                
                                               "Plans": [                                                                                               
                                                 {                                                                                                      
                                                   "Node Type": "Index Scan",                                                                           
                                                   "Parent Relationship": "Outer",                                                                      
                                                   "Parallel Aware": false,                                                                             
                                                   "Scan Direction": "Forward",                                                                         
                                                   "Index Name": "company_type_kind_key",                                                               
                                                   "Relation Name": "company_type",                                                                     
                                                   "Alias": "ct",                                                                                       
                                                   "Startup Cost": 0.00,                                                                                
                                                   "Total Cost": 6.12,                                                                                  
                                                   "Plan Rows": 1,                                                                                      
                                                   "Plan Width": 4,                                                                                     
                                                   "Actual Startup Time": 0.033,                                                                        
                                                   "Actual Total Time": 0.034,                                                                          
                                                   "Actual Rows": 1,                                                                                    
                                                   "Actual Loops": 1,                                                                                   
                                                   "Index Cond": "((kind)::text = 'production companies'::text)",                                       
                                                   "Rows Removed by Index Recheck": 0,                                                                  
                                                   "Shared Hit Blocks": 1,                                                                              
                                                   "Shared Read Blocks": 1,                                                                             
                                                   "Shared Dirtied Blocks": 0,                                                                          
                                                   "Shared Written Blocks": 0,                                                                          
                                                   "Local Hit Blocks": 0,                                                                               
                                                   "Local Read Blocks": 0,                                                                              
                                                   "Local Dirtied Blocks": 0,                                                                           
                                                   "Local Written Blocks": 0,                                                                           
                                                   "Temp Read Blocks": 0,                                                                               
                                                   "Temp Written Blocks": 0                                                                             
                                                 }                                                                                                      
                                               ]                                                                                                        
                                             }                                                                                                          
                                           ]                                                                                                            
                                         }                                                                                                              
                                       ]                                                                                                                
                                     }                                                                                                                  
                                   ]                                                                                                                    
                                 }                                                                                                                      
                               ]                                                                                                                        
                             },                                                                                                                         
                             {                                                                                                                          
                               "Node Type": "Sort",                                                                                                     
                               "Parent Relationship": "Inner",                                                                                          
                               "Parallel Aware": false,                                                                                                 
                               "Startup Cost": 6.13,                                                                                                    
                               "Total Cost": 6.13,                                                                                                      
                               "Plan Rows": 1,                                                                                                          
                               "Plan Width": 4,                                                                                                         
                               "Actual Startup Time": 40.777,                                                                                           
                               "Actual Total Time": 40.777,                                                                                             
                               "Actual Rows": 1,                                                                                                        
                               "Actual Loops": 1,                                                                                                       
                               "Sort Key": ["k.id"],                                                                                                    
                               "Sort Method": "quicksort",                                                                                              
                               "Sort Space Used": 25,                                                                                                   
                               "Sort Space Type": "Memory",                                                                                             
                               "Shared Hit Blocks": 0,                                                                                                  
                               "Shared Read Blocks": 4,                                                                                                 
                               "Shared Dirtied Blocks": 0,                                                                                              
                               "Shared Written Blocks": 0,                                                                                              
                               "Local Hit Blocks": 0,                                                                                                   
                               "Local Read Blocks": 0,                                                                                                  
                               "Local Dirtied Blocks": 0,                                                                                               
                               "Local Written Blocks": 0,                                                                                               
                               "Temp Read Blocks": 0,                                                                                                   
                               "Temp Written Blocks": 0,                                                                                                
                               "Plans": [                                                                                                               
                                 {                                                                                                                      
                                   "Node Type": "Index Scan",                                                                                           
                                   "Parent Relationship": "Outer",                                                                                      
                                   "Parallel Aware": false,                                                                                             
                                   "Scan Direction": "Forward",                                                                                         
                                   "Index Name": "keyword_idx_keyword",                                                                                 
                                   "Relation Name": "keyword",                                                                                          
                                   "Alias": "k",                                                                                                        
                                   "Startup Cost": 0.01,                                                                                                
                                   "Total Cost": 6.13,                                                                                                  
                                   "Plan Rows": 1,                                                                                                      
                                   "Plan Width": 4,                                                                                                     
                                   "Actual Startup Time": 40.755,                                                                                       
                                   "Actual Total Time": 40.759,                                                                                         
                                   "Actual Rows": 1,                                                                                                    
                                   "Actual Loops": 1,                                                                                                   
                                   "Index Cond": "(keyword = 'sequel'::text)",                                                                          
                                   "Rows Removed by Index Recheck": 0,                                                                                  
                                   "Shared Hit Blocks": 0,                                                                                              
                                   "Shared Read Blocks": 4,                                                                                             
                                   "Shared Dirtied Blocks": 0,                                                                                          
                                   "Shared Written Blocks": 0,                                                                                          
                                   "Local Hit Blocks": 0,                                                                                               
                                   "Local Read Blocks": 0,                                                                                              
                                   "Local Dirtied Blocks": 0,                                                                                           
                                   "Local Written Blocks": 0,                                                                                           
                                   "Temp Read Blocks": 0,                                                                                               
                                   "Temp Written Blocks": 0                                                                                             
                                 }                                                                                                                      
                               ]                                                                                                                        
                             }                                                                                                                          
                           ]                                                                                                                            
                         }                                                                                                                              
                       ]                                                                                                                                
                     },                                                                                                                                 
                     {                                                                                                                                  
                       "Node Type": "Index Scan",                                                                                                       
                       "Parent Relationship": "Inner",                                                                                                  
                       "Parallel Aware": false,                                                                                                         
                       "Scan Direction": "Forward",                                                                                                     
                       "Index Name": "title_idx_id",                                                                                                    
                       "Relation Name": "title",                                                                                                        
                       "Alias": "t",                                                                                                                    
                       "Startup Cost": 0.01,                                                                                                            
                       "Total Cost": 23434.65,                                                                                                          
                       "Plan Rows": 1900368,                                                                                                            
                       "Plan Width": 21,                                                                                                                
                       "Actual Startup Time": 0.034,                                                                                                    
                       "Actual Total Time": 785.657,                                                                                                    
                       "Actual Rows": 126603,                                                                                                           
                       "Actual Loops": 1,                                                                                                               
                       "Filter": "((production_year >= 1950) AND (production_year <= 2010))",                                                           
                       "Rows Removed by Filter": 35755,                                                                                                 
                       "Shared Hit Blocks": 159370,                                                                                                     
                       "Shared Read Blocks": 3374,                                                                                                      
                       "Shared Dirtied Blocks": 0,                                                                                                      
                       "Shared Written Blocks": 0,                                                                                                      
                       "Local Hit Blocks": 0,                                                                                                           
                       "Local Read Blocks": 0,                                                                                                          
                       "Local Dirtied Blocks": 0,                                                                                                       
                       "Local Written Blocks": 0,                                                                                                       
                       "Temp Read Blocks": 0,                                                                                                           
                       "Temp Written Blocks": 0                                                                                                         
                     }                                                                                                                                  
                   ]                                                                                                                                    
                 }                                                                                                                                      
               ]                                                                                                                                        
             },                                                                                                                                         
             {                                                                                                                                          
               "Node Type": "Index Scan",                                                                                                               
               "Parent Relationship": "Inner",                                                                                                          
               "Parallel Aware": false,                                                                                                                 
               "Scan Direction": "Forward",                                                                                                             
               "Index Name": "company_name_pkey",                                                                                                       
               "Relation Name": "company_name",                                                                                                         
               "Alias": "cn",                                                                                                                           
               "Startup Cost": 0.01,                                                                                                                    
               "Total Cost": 4633.69,                                                                                                                   
               "Plan Rows": 49161,                                                                                                                      
               "Plan Width": 23,                                                                                                                        
               "Actual Startup Time": 39.656,                                                                                                           
               "Actual Total Time": 437.250,                                                                                                            
               "Actual Rows": 14127,                                                                                                                    
               "Actual Loops": 1,                                                                                                                       
               "Filter": "(((country_code)::text <> '[pl]'::text) AND ((name ~~ '%Film%'::text) OR (name ~~ '%Warner%'::text)))",                       
               "Rows Removed by Filter": 59500,                                                                                                         
               "Shared Hit Blocks": 72280,                                                                                                              
               "Shared Read Blocks": 1541,                                                                                                              
               "Shared Dirtied Blocks": 0,                                                                                                              
               "Shared Written Blocks": 0,                                                                                                              
               "Local Hit Blocks": 0,                                                                                                                   
               "Local Read Blocks": 0,                                                                                                                  
               "Local Dirtied Blocks": 0,                                                                                                               
               "Local Written Blocks": 0,                                                                                                               
               "Temp Read Blocks": 0,                                                                                                                   
               "Temp Written Blocks": 0                                                                                                                 
             }                                                                                                                                          
           ]                                                                                                                                            
         }                                                                                                                                              
       ]                                                                                                                                                
     },                                                                                                                                                 
     "Planning Time": 5779.706,                                                                                                                         
     "Triggers": [                                                                                                                                      
     ],                                                                                                                                                 
     "Execution Time": 8975.450                                                                                                                         
   }                                                                                                                                                    
 ]
