 [                                                                                                                                                               
   {                                                                                                                                                             
     "Plan": {                                                                                                                                                   
       "Node Type": "Aggregate",                                                                                                                                 
       "Strategy": "Plain",                                                                                                                                      
       "Partial Mode": "Simple",                                                                                                                                 
       "Parallel Aware": false,                                                                                                                                  
       "Startup Cost": 733279.55,                                                                                                                                
       "Total Cost": 733279.55,                                                                                                                                  
       "Plan Rows": 1,                                                                                                                                           
       "Plan Width": 96,                                                                                                                                         
       "Actual Startup Time": 41573.593,                                                                                                                         
       "Actual Total Time": 41573.593,                                                                                                                           
       "Actual Rows": 1,                                                                                                                                         
       "Actual Loops": 1,                                                                                                                                        
       "Shared Hit Blocks": 2755328,                                                                                                                             
       "Shared Read Blocks": 267111,                                                                                                                             
       "Shared Dirtied Blocks": 0,                                                                                                                               
       "Shared Written Blocks": 0,                                                                                                                               
       "Local Hit Blocks": 0,                                                                                                                                    
       "Local Read Blocks": 0,                                                                                                                                   
       "Local Dirtied Blocks": 0,                                                                                                                                
       "Local Written Blocks": 0,                                                                                                                                
       "Temp Read Blocks": 0,                                                                                                                                    
       "Temp Written Blocks": 0,                                                                                                                                 
       "Plans": [                                                                                                                                                
         {                                                                                                                                                       
           "Node Type": "Merge Join",                                                                                                                            
           "Parent Relationship": "Outer",                                                                                                                       
           "Parallel Aware": false,                                                                                                                              
           "Join Type": "Inner",                                                                                                                                 
           "Startup Cost": 728672.56,                                                                                                                            
           "Total Cost": 733279.55,                                                                                                                              
           "Plan Rows": 1,                                                                                                                                       
           "Plan Width": 42,                                                                                                                                     
           "Actual Startup Time": 40770.601,                                                                                                                     
           "Actual Total Time": 41535.126,                                                                                                                       
           "Actual Rows": 46281,                                                                                                                                 
           "Actual Loops": 1,                                                                                                                                    
           "Inner Unique": true,                                                                                                                                 
           "Merge Cond": "(mc.company_id = cn.id)",                                                                                                              
           "Shared Hit Blocks": 2755328,                                                                                                                         
           "Shared Read Blocks": 267111,                                                                                                                         
           "Shared Dirtied Blocks": 0,                                                                                                                           
           "Shared Written Blocks": 0,                                                                                                                           
           "Local Hit Blocks": 0,                                                                                                                                
           "Local Read Blocks": 0,                                                                                                                               
           "Local Dirtied Blocks": 0,                                                                                                                            
           "Local Written Blocks": 0,                                                                                                                            
           "Temp Read Blocks": 0,                                                                                                                                
           "Temp Written Blocks": 0,                                                                                                                             
           "Plans": [                                                                                                                                            
             {                                                                                                                                                   
               "Node Type": "Sort",                                                                                                                              
               "Parent Relationship": "Outer",                                                                                                                   
               "Parallel Aware": false,                                                                                                                          
               "Startup Cost": 728672.54,                                                                                                                        
               "Total Cost": 728672.54,                                                                                                                          
               "Plan Rows": 1,                                                                                                                                   
               "Plan Width": 27,                                                                                                                                 
               "Actual Startup Time": 40733.191,                                                                                                                 
               "Actual Total Time": 40744.107,                                                                                                                   
               "Actual Rows": 64848,                                                                                                                             
               "Actual Loops": 1,                                                                                                                                
               "Sort Key": ["mc.company_id"],                                                                                                                    
               "Sort Method": "quicksort",                                                                                                                       
               "Sort Space Used": 6355,                                                                                                                          
               "Sort Space Type": "Memory",                                                                                                                      
               "Shared Hit Blocks": 2523948,                                                                                                                     
               "Shared Read Blocks": 263277,                                                                                                                     
               "Shared Dirtied Blocks": 0,                                                                                                                       
               "Shared Written Blocks": 0,                                                                                                                       
               "Local Hit Blocks": 0,                                                                                                                            
               "Local Read Blocks": 0,                                                                                                                           
               "Local Dirtied Blocks": 0,                                                                                                                        
               "Local Written Blocks": 0,                                                                                                                        
               "Temp Read Blocks": 0,                                                                                                                            
               "Temp Written Blocks": 0,                                                                                                                         
               "Plans": [                                                                                                                                        
                 {                                                                                                                                               
                   "Node Type": "Merge Join",                                                                                                                    
                   "Parent Relationship": "Outer",                                                                                                               
                   "Parallel Aware": false,                                                                                                                      
                   "Join Type": "Inner",                                                                                                                         
                   "Startup Cost": 728663.36,                                                                                                                    
                   "Total Cost": 728672.54,                                                                                                                      
                   "Plan Rows": 1,                                                                                                                               
                   "Plan Width": 27,                                                                                                                             
                   "Actual Startup Time": 40685.739,                                                                                                             
                   "Actual Total Time": 40703.534,                                                                                                               
                   "Actual Rows": 64848,                                                                                                                         
                   "Actual Loops": 1,                                                                                                                            
                   "Inner Unique": true,                                                                                                                         
                   "Merge Cond": "(mc.company_type_id = ct.id)",                                                                                                 
                   "Shared Hit Blocks": 2523944,                                                                                                                 
                   "Shared Read Blocks": 263277,                                                                                                                 
                   "Shared Dirtied Blocks": 0,                                                                                                                   
                   "Shared Written Blocks": 0,                                                                                                                   
                   "Local Hit Blocks": 0,                                                                                                                        
                   "Local Read Blocks": 0,                                                                                                                       
                   "Local Dirtied Blocks": 0,                                                                                                                    
                   "Local Written Blocks": 0,                                                                                                                    
                   "Temp Read Blocks": 0,                                                                                                                        
                   "Temp Written Blocks": 0,                                                                                                                     
                   "Plans": [                                                                                                                                    
                     {                                                                                                                                           
                       "Node Type": "Sort",                                                                                                                      
                       "Parent Relationship": "Outer",                                                                                                           
                       "Parallel Aware": false,                                                                                                                  
                       "Startup Cost": 728663.36,                                                                                                                
                       "Total Cost": 728663.36,                                                                                                                  
                       "Plan Rows": 1,                                                                                                                           
                       "Plan Width": 31,                                                                                                                         
                       "Actual Startup Time": 40685.724,                                                                                                         
                       "Actual Total Time": 40689.001,                                                                                                           
                       "Actual Rows": 64848,                                                                                                                     
                       "Actual Loops": 1,                                                                                                                        
                       "Sort Key": ["mc.company_type_id"],                                                                                                       
                       "Sort Method": "quicksort",                                                                                                               
                       "Sort Space Used": 6693,                                                                                                                  
                       "Sort Space Type": "Memory",                                                                                                              
                       "Shared Hit Blocks": 2523942,                                                                                                             
                       "Shared Read Blocks": 263277,                                                                                                             
                       "Shared Dirtied Blocks": 0,                                                                                                               
                       "Shared Written Blocks": 0,                                                                                                               
                       "Local Hit Blocks": 0,                                                                                                                    
                       "Local Read Blocks": 0,                                                                                                                   
                       "Local Dirtied Blocks": 0,                                                                                                                
                       "Local Written Blocks": 0,                                                                                                                
                       "Temp Read Blocks": 0,                                                                                                                    
                       "Temp Written Blocks": 0,                                                                                                                 
                       "Plans": [                                                                                                                                
                         {                                                                                                                                       
                           "Node Type": "Merge Join",                                                                                                            
                           "Parent Relationship": "Outer",                                                                                                       
                           "Parallel Aware": false,                                                                                                              
                           "Join Type": "Inner",                                                                                                                 
                           "Startup Cost": 728663.32,                                                                                                            
                           "Total Cost": 728663.36,                                                                                                              
                           "Plan Rows": 1,                                                                                                                       
                           "Plan Width": 31,                                                                                                                     
                           "Actual Startup Time": 40449.336,                                                                                                     
                           "Actual Total Time": 40670.559,                                                                                                       
                           "Actual Rows": 64848,                                                                                                                 
                           "Actual Loops": 1,                                                                                                                    
                           "Inner Unique": true,                                                                                                                 
                           "Merge Cond": "(mk.keyword_id = k.id)",                                                                                               
                           "Shared Hit Blocks": 2523942,                                                                                                         
                           "Shared Read Blocks": 263277,                                                                                                         
                           "Shared Dirtied Blocks": 0,                                                                                                           
                           "Shared Written Blocks": 0,                                                                                                           
                           "Local Hit Blocks": 0,                                                                                                                
                           "Local Read Blocks": 0,                                                                                                               
                           "Local Dirtied Blocks": 0,                                                                                                            
                           "Local Written Blocks": 0,                                                                                                            
                           "Temp Read Blocks": 0,                                                                                                                
                           "Temp Written Blocks": 0,                                                                                                             
                           "Plans": [                                                                                                                            
                             {                                                                                                                                   
                               "Node Type": "Sort",                                                                                                              
                               "Parent Relationship": "Outer",                                                                                                   
                               "Parallel Aware": false,                                                                                                          
                               "Startup Cost": 728638.79,                                                                                                        
                               "Total Cost": 728638.81,                                                                                                          
                               "Plan Rows": 232,                                                                                                                 
                               "Plan Width": 35,                                                                                                                 
                               "Actual Startup Time": 40324.428,                                                                                                 
                               "Actual Total Time": 40428.101,                                                                                                   
                               "Actual Rows": 1179890,                                                                                                           
                               "Actual Loops": 1,                                                                                                                
                               "Sort Key": ["mk.keyword_id"],                                                                                                    
                               "Sort Method": "quicksort",                                                                                                       
                               "Sort Space Used": 819863,                                                                                                        
                               "Sort Space Type": "Memory",                                                                                                      
                               "Shared Hit Blocks": 2523934,                                                                                                     
                               "Shared Read Blocks": 263267,                                                                                                     
                               "Shared Dirtied Blocks": 0,                                                                                                       
                               "Shared Written Blocks": 0,                                                                                                       
                               "Local Hit Blocks": 0,                                                                                                            
                               "Local Read Blocks": 0,                                                                                                           
                               "Local Dirtied Blocks": 0,                                                                                                        
                               "Local Written Blocks": 0,                                                                                                        
                               "Temp Read Blocks": 0,                                                                                                            
                               "Temp Written Blocks": 0,                                                                                                         
                               "Plans": [                                                                                                                        
                                 {                                                                                                                               
                                   "Node Type": "Merge Join",                                                                                                    
                                   "Parent Relationship": "Outer",                                                                                               
                                   "Parallel Aware": false,                                                                                                      
                                   "Join Type": "Inner",                                                                                                         
                                   "Startup Cost": 688661.46,                                                                                                    
                                   "Total Cost": 728638.51,                                                                                                      
                                   "Plan Rows": 232,                                                                                                             
                                   "Plan Width": 35,                                                                                                             
                                   "Actual Startup Time": 29472.859,                                                                                             
                                   "Actual Total Time": 37440.382,                                                                                               
                                   "Actual Rows": 7672942,                                                                                                       
                                   "Actual Loops": 1,                                                                                                            
                                   "Inner Unique": false,                                                                                                        
                                   "Merge Cond": "(t.id = mi.movie_id)",                                                                                         
                                   "Shared Hit Blocks": 2523934,                                                                                                 
                                   "Shared Read Blocks": 263267,                                                                                                 
                                   "Shared Dirtied Blocks": 0,                                                                                                   
                                   "Shared Written Blocks": 0,                                                                                                   
                                   "Local Hit Blocks": 0,                                                                                                        
                                   "Local Read Blocks": 0,                                                                                                       
                                   "Local Dirtied Blocks": 0,                                                                                                    
                                   "Local Written Blocks": 0,                                                                                                    
                                   "Temp Read Blocks": 0,                                                                                                        
                                   "Temp Written Blocks": 0,                                                                                                     
                                   "Plans": [                                                                                                                    
                                     {                                                                                                                           
                                       "Node Type": "Merge Join",                                                                                                
                                       "Parent Relationship": "Outer",                                                                                           
                                       "Parallel Aware": false,                                                                                                  
                                       "Join Type": "Inner",                                                                                                     
                                       "Startup Cost": 68689.12,                                                                                                 
                                       "Total Cost": 108692.32,                                                                                                  
                                       "Plan Rows": 32379,                                                                                                       
                                       "Plan Width": 51,                                                                                                         
                                       "Actual Startup Time": 16799.672,                                                                                         
                                       "Actual Total Time": 21834.721,                                                                                           
                                       "Actual Rows": 8937326,                                                                                                   
                                       "Actual Loops": 1,                                                                                                        
                                       "Inner Unique": false,                                                                                                    
                                       "Merge Cond": "(t.id = mc.movie_id)",                                                                                     
                                       "Shared Hit Blocks": 2523368,                                                                                             
                                       "Shared Read Blocks": 117810,                                                                                             
                                       "Shared Dirtied Blocks": 0,                                                                                               
                                       "Shared Written Blocks": 0,                                                                                               
                                       "Local Hit Blocks": 0,                                                                                                    
                                       "Local Read Blocks": 0,                                                                                                   
                                       "Local Dirtied Blocks": 0,                                                                                                
                                       "Local Written Blocks": 0,                                                                                                
                                       "Temp Read Blocks": 0,                                                                                                    
                                       "Temp Written Blocks": 0,                                                                                                 
                                       "Plans": [                                                                                                                
                                         {                                                                                                                       
                                           "Node Type": "Merge Join",                                                                                            
                                           "Parent Relationship": "Outer",                                                                                       
                                           "Parallel Aware": false,                                                                                              
                                           "Join Type": "Inner",                                                                                                 
                                           "Startup Cost": 37275.97,                                                                                             
                                           "Total Cost": 76913.37,                                                                                               
                                           "Plan Rows": 13422,                                                                                                   
                                           "Plan Width": 39,                                                                                                     
                                           "Actual Startup Time": 14316.312,                                                                                     
                                           "Actual Total Time": 16388.538,                                                                                       
                                           "Actual Rows": 684995,                                                                                                
                                           "Actual Loops": 1,                                                                                                    
                                           "Inner Unique": false,                                                                                                
                                           "Merge Cond": "(t.id = mk.movie_id)",                                                                                 
                                           "Shared Hit Blocks": 2523365,                                                                                         
                                           "Shared Read Blocks": 91893,                                                                                          
                                           "Shared Dirtied Blocks": 0,                                                                                           
                                           "Shared Written Blocks": 0,                                                                                           
                                           "Local Hit Blocks": 0,                                                                                                
                                           "Local Read Blocks": 0,                                                                                               
                                           "Local Dirtied Blocks": 0,                                                                                            
                                           "Local Written Blocks": 0,                                                                                            
                                           "Temp Read Blocks": 0,                                                                                                
                                           "Temp Written Blocks": 0,                                                                                             
                                           "Plans": [                                                                                                            
                                             {                                                                                                                   
                                               "Node Type": "Sort",                                                                                              
                                               "Parent Relationship": "Outer",                                                                                   
                                               "Parallel Aware": false,                                                                                          
                                               "Startup Cost": 37275.96,                                                                                         
                                               "Total Cost": 37276.07,                                                                                           
                                               "Plan Rows": 1361,                                                                                                
                                               "Plan Width": 31,                                                                                                 
                                               "Actual Startup Time": 14316.285,                                                                                 
                                               "Actual Total Time": 14329.769,                                                                                   
                                               "Actual Rows": 106971,                                                                                            
                                               "Actual Loops": 1,                                                                                                
                                               "Sort Key": ["mi_idx.movie_id"],                                                                                  
                                               "Sort Method": "quicksort",                                                                                       
                                               "Sort Space Used": 11729,                                                                                         
                                               "Sort Space Type": "Memory",                                                                                      
                                               "Shared Hit Blocks": 2501723,                                                                                     
                                               "Shared Read Blocks": 55083,                                                                                      
                                               "Shared Dirtied Blocks": 0,                                                                                       
                                               "Shared Written Blocks": 0,                                                                                       
                                               "Local Hit Blocks": 0,                                                                                            
                                               "Local Read Blocks": 0,                                                                                           
                                               "Local Dirtied Blocks": 0,                                                                                        
                                               "Local Written Blocks": 0,                                                                                        
                                               "Temp Read Blocks": 0,                                                                                            
                                               "Temp Written Blocks": 0,                                                                                         
                                               "Plans": [                                                                                                        
                                                 {                                                                                                               
                                                   "Node Type": "Merge Join",                                                                                    
                                                   "Parent Relationship": "Outer",                                                                               
                                                   "Parallel Aware": false,                                                                                      
                                                   "Join Type": "Inner",                                                                                         
                                                   "Startup Cost": 37263.74,                                                                                     
                                                   "Total Cost": 37273.76,                                                                                       
                                                   "Plan Rows": 1361,                                                                                            
                                                   "Plan Width": 31,                                                                                             
                                                   "Actual Startup Time": 14229.445,                                                                             
                                                   "Actual Total Time": 14270.701,                                                                               
                                                   "Actual Rows": 106971,                                                                                        
                                                   "Actual Loops": 1,                                                                                            
                                                   "Inner Unique": true,                                                                                         
                                                   "Merge Cond": "(t.kind_id = kt.id)",                                                                          
                                                   "Shared Hit Blocks": 2501723,                                                                                 
                                                   "Shared Read Blocks": 55083,                                                                                  
                                                   "Shared Dirtied Blocks": 0,                                                                                   
                                                   "Shared Written Blocks": 0,                                                                                   
                                                   "Local Hit Blocks": 0,                                                                                        
                                                   "Local Read Blocks": 0,                                                                                       
                                                   "Local Dirtied Blocks": 0,                                                                                    
                                                   "Local Written Blocks": 0,                                                                                    
                                                   "Temp Read Blocks": 0,                                                                                        
                                                   "Temp Written Blocks": 0,                                                                                     
                                                   "Plans": [                                                                                                    
                                                     {                                                                                                           
                                                       "Node Type": "Sort",                                                                                      
                                                       "Parent Relationship": "Outer",                                                                           
                                                       "Parallel Aware": false,                                                                                  
                                                       "Startup Cost": 37263.74,                                                                                 
                                                       "Total Cost": 37264.11,                                                                                   
                                                       "Plan Rows": 4764,                                                                                        
                                                       "Plan Width": 35,                                                                                         
                                                       "Actual Startup Time": 14229.422,                                                                         
                                                       "Actual Total Time": 14239.509,                                                                           
                                                       "Actual Rows": 140455,                                                                                    
                                                       "Actual Loops": 1,                                                                                        
                                                       "Sort Key": ["t.kind_id"],                                                                                
                                                       "Sort Method": "quicksort",                                                                               
                                                       "Sort Space Used": 17978,                                                                                 
                                                       "Sort Space Type": "Memory",                                                                              
                                                       "Shared Hit Blocks": 2501721,                                                                             
                                                       "Shared Read Blocks": 55083,                                                                              
                                                       "Shared Dirtied Blocks": 0,                                                                               
                                                       "Shared Written Blocks": 0,                                                                               
                                                       "Local Hit Blocks": 0,                                                                                    
                                                       "Local Read Blocks": 0,                                                                                   
                                                       "Local Dirtied Blocks": 0,                                                                                
                                                       "Local Written Blocks": 0,                                                                                
                                                       "Temp Read Blocks": 0,                                                                                    
                                                       "Temp Written Blocks": 0,                                                                                 
                                                       "Plans": [                                                                                                
                                                         {                                                                                                       
                                                           "Node Type": "Merge Join",                                                                            
                                                           "Parent Relationship": "Outer",                                                                       
                                                           "Parallel Aware": false,                                                                              
                                                           "Join Type": "Inner",                                                                                 
                                                           "Startup Cost": 37170.79,                                                                             
                                                           "Total Cost": 37254.70,                                                                               
                                                           "Plan Rows": 4764,                                                                                    
                                                           "Plan Width": 35,                                                                                     
                                                           "Actual Startup Time": 14139.370,                                                                     
                                                           "Actual Total Time": 14187.704,                                                                       
                                                           "Actual Rows": 140455,                                                                                
                                                           "Actual Loops": 1,                                                                                    
                                                           "Inner Unique": true,                                                                                 
                                                           "Merge Cond": "(mi_idx.info_type_id = it.id)",                                                       
                                                           "Shared Hit Blocks": 2501721,                                                                         
                                                           "Shared Read Blocks": 55083,                                                                          
                                                           "Shared Dirtied Blocks": 0,                                                                           
                                                           "Shared Written Blocks": 0,                                                                           
                                                           "Local Hit Blocks": 0,                                                                                
                                                           "Local Read Blocks": 0,                                                                               
                                                           "Local Dirtied Blocks": 0,                                                                            
                                                           "Local Written Blocks": 0,                                                                            
                                                           "Temp Read Blocks": 0,                                                                                
                                                           "Temp Written Blocks": 0,                                                                             
                                                           "Plans": [                                                                                            
                                                             {                                                                                                   
                                                               "Node Type": "Sort",                                                                              
                                                               "Parent Relationship": "Outer",                                                                   
                                                               "Parallel Aware": false,                                                                          
                                                               "Startup Cost": 37164.66,                                                                         
                                                               "Total Cost": 37206.46,                                                                           
                                                               "Plan Rows": 538268,                                                                              
                                                               "Plan Width": 39,                                                                                 
                                                               "Actual Startup Time": 14076.541,                                                                 
                                                               "Actual Total Time": 14116.701,                                                                   
                                                               "Actual Rows": 417545,                                                                            
                                                               "Actual Loops": 1,                                                                                
                                                               "Sort Key": ["mi_idx.info_type_id"],                                                              
                                                               "Sort Method": "quicksort",                                                                       
                                                               "Sort Space Used": 50234,                                                                         
                                                               "Sort Space Type": "Memory",                                                                      
                                                               "Shared Hit Blocks": 2501720,                                                                     
                                                               "Shared Read Blocks": 55082,                                                                      
                                                               "Shared Dirtied Blocks": 0,                                                                       
                                                               "Shared Written Blocks": 0,                                                                       
                                                               "Local Hit Blocks": 0,                                                                            
                                                               "Local Read Blocks": 0,                                                                           
                                                               "Local Dirtied Blocks": 0,                                                                        
                                                               "Local Written Blocks": 0,                                                                        
                                                               "Temp Read Blocks": 0,                                                                            
                                                               "Temp Written Blocks": 0,                                                                         
                                                               "Plans": [                                                                                        
                                                                 {                                                                                               
                                                                   "Node Type": "Merge Join",                                                                    
                                                                   "Parent Relationship": "Outer",                                                               
                                                                   "Parallel Aware": false,                                                                      
                                                                   "Join Type": "Inner",                                                                         
                                                                   "Startup Cost": 0.03,                                                                         
                                                                   "Total Cost": 35573.43,                                                                       
                                                                   "Plan Rows": 538268,                                                                          
                                                                   "Plan Width": 39,                                                                             
                                                                   "Actual Startup Time": 26.099,                                                                
                                                                   "Actual Total Time": 13842.095,                                                               
                                                                   "Actual Rows": 417590,                                                                        
                                                                   "Actual Loops": 1,                                                                            
                                                                   "Inner Unique": true,                                                                         
                                                                   "Merge Cond": "(mi_idx.movie_id = t.id)",                                                     
                                                                   "Shared Hit Blocks": 2501720,                                                                 
                                                                   "Shared Read Blocks": 55082,                                                                  
                                                                   "Shared Dirtied Blocks": 0,                                                                   
                                                                   "Shared Written Blocks": 0,                                                                   
                                                                   "Local Hit Blocks": 0,                                                                        
                                                                   "Local Read Blocks": 0,                                                                       
                                                                   "Local Dirtied Blocks": 0,                                                                    
                                                                   "Local Written Blocks": 0,                                                                    
                                                                   "Temp Read Blocks": 0,                                                                        
                                                                   "Temp Written Blocks": 0,                                                                     
                                                                   "Plans": [                                                                                    
                                                                     {                                                                                           
                                                                       "Node Type": "Index Scan",                                                                
                                                                       "Parent Relationship": "Outer",                                                           
                                                                       "Parallel Aware": false,                                                                  
                                                                       "Scan Direction": "Forward",                                                              
                                                                       "Index Name": "movie_id_movie_info_idx",                                                  
                                                                       "Relation Name": "movie_info_idx",                                                        
                                                                       "Alias": "mi_idx",                                                                        
                                                                       "Startup Cost": 0.01,                                                                     
                                                                       "Total Cost": 12138.14,                                                                   
                                                                       "Plan Rows": 1343551,                                                                     
                                                                       "Plan Width": 14,                                                                         
                                                                       "Actual Startup Time": 0.041,                                                             
                                                                       "Actual Total Time": 1672.450,                                                            
                                                                       "Actual Rows": 1343555,                                                                   
                                                                       "Actual Loops": 1,                                                                        
                                                                       "Filter": "(info < '8.5'::text)",                                                         
                                                                       "Rows Removed by Filter": 36480,                                                          
                                                                       "Shared Hit Blocks": 13571,                                                               
                                                                       "Shared Read Blocks": 12220,                                                              
                                                                       "Shared Dirtied Blocks": 0,                                                               
                                                                       "Shared Written Blocks": 0,                                                               
                                                                       "Local Hit Blocks": 0,                                                                    
                                                                       "Local Read Blocks": 0,                                                                   
                                                                       "Local Dirtied Blocks": 0,                                                                
                                                                       "Local Written Blocks": 0,                                                                
                                                                       "Temp Read Blocks": 0,                                                                    
                                                                       "Temp Written Blocks": 0                                                                  
                                                                     },                                                                                          
                                                                     {                                                                                           
                                                                       "Node Type": "Index Scan",                                                                
                                                                       "Parent Relationship": "Inner",                                                           
                                                                       "Parallel Aware": false,                                                                  
                                                                       "Scan Direction": "Forward",                                                              
                                                                       "Index Name": "title_idx_id",                                                             
                                                                       "Relation Name": "title",                                                                 
                                                                       "Alias": "t",                                                                             
                                                                       "Startup Cost": 0.01,                                                                     
                                                                       "Total Cost": 23238.35,                                                                   
                                                                       "Plan Rows": 1012920,                                                                     
                                                                       "Plan Width": 25,                                                                         
                                                                       "Actual Startup Time": 26.048,                                                            
                                                                       "Actual Total Time": 11663.184,                                                           
                                                                       "Actual Rows": 1012657,                                                                   
                                                                       "Actual Loops": 1,                                                                        
                                                                       "Filter": "(production_year > 2005)",                                                     
                                                                       "Rows Removed by Filter": 1513136,                                                        
                                                                       "Shared Hit Blocks": 2488149,                                                             
                                                                       "Shared Read Blocks": 42862,                                                              
                                                                       "Shared Dirtied Blocks": 0,                                                               
                                                                       "Shared Written Blocks": 0,                                                               
                                                                       "Local Hit Blocks": 0,                                                                    
                                                                       "Local Read Blocks": 0,                                                                   
                                                                       "Local Dirtied Blocks": 0,                                                                
                                                                       "Local Written Blocks": 0,                                                                
                                                                       "Temp Read Blocks": 0,                                                                    
                                                                       "Temp Written Blocks": 0                                                                  
                                                                     }                                                                                           
                                                                   ]                                                                                             
                                                                 }                                                                                               
                                                               ]                                                                                                 
                                                             },                                                                                                  
                                                             {                                                                                                   
                                                               "Node Type": "Sort",                                                                              
                                                               "Parent Relationship": "Inner",                                                                   
                                                               "Parallel Aware": false,                                                                          
                                                               "Startup Cost": 6.13,                                                                             
                                                               "Total Cost": 6.13,                                                                               
                                                               "Plan Rows": 1,                                                                                   
                                                               "Plan Width": 4,                                                                                  
                                                               "Actual Startup Time": 0.047,                                                                     
                                                               "Actual Total Time": 0.048,                                                                       
                                                               "Actual Rows": 1,                                                                                 
                                                               "Actual Loops": 1,                                                                                
                                                               "Sort Key": ["it.id"],                                                                           
                                                               "Sort Method": "quicksort",                                                                       
                                                               "Sort Space Used": 25,                                                                            
                                                               "Sort Space Type": "Memory",                                                                      
                                                               "Shared Hit Blocks": 1,                                                                           
                                                               "Shared Read Blocks": 1,                                                                          
                                                               "Shared Dirtied Blocks": 0,                                                                       
                                                               "Shared Written Blocks": 0,                                                                       
                                                               "Local Hit Blocks": 0,                                                                            
                                                               "Local Read Blocks": 0,                                                                           
                                                               "Local Dirtied Blocks": 0,                                                                        
                                                               "Local Written Blocks": 0,                                                                        
                                                               "Temp Read Blocks": 0,                                                                            
                                                               "Temp Written Blocks": 0,                                                                         
                                                               "Plans": [                                                                                        
                                                                 {                                                                                               
                                                                   "Node Type": "Index Scan",                                                                    
                                                                   "Parent Relationship": "Outer",                                                               
                                                                   "Parallel Aware": false,                                                                      
                                                                   "Scan Direction": "Forward",                                                                  
                                                                   "Index Name": "info_type_info_key",                                                           
                                                                   "Relation Name": "info_type",                                                                 
                                                                   "Alias": "it",                                                                               
                                                                   "Startup Cost": 0.00,                                                                         
                                                                   "Total Cost": 6.13,                                                                           
                                                                   "Plan Rows": 1,                                                                               
                                                                   "Plan Width": 4,                                                                              
                                                                   "Actual Startup Time": 0.036,                                                                 
                                                                   "Actual Total Time": 0.037,                                                                   
                                                                   "Actual Rows": 1,                                                                             
                                                                   "Actual Loops": 1,                                                                            
                                                                   "Index Cond": "((info)::text = 'rating'::text)",                                              
                                                                   "Rows Removed by Index Recheck": 0,                                                           
                                                                   "Shared Hit Blocks": 1,                                                                       
                                                                   "Shared Read Blocks": 1,                                                                      
                                                                   "Shared Dirtied Blocks": 0,                                                                   
                                                                   "Shared Written Blocks": 0,                                                                   
                                                                   "Local Hit Blocks": 0,                                                                        
                                                                   "Local Read Blocks": 0,                                                                       
                                                                   "Local Dirtied Blocks": 0,                                                                    
                                                                   "Local Written Blocks": 0,                                                                    
                                                                   "Temp Read Blocks": 0,                                                                        
                                                                   "Temp Written Blocks": 0                                                                      
                                                                 }                                                                                               
                                                               ]                                                                                                 
                                                             }                                                                                                   
                                                           ]                                                                                                     
                                                         }                                                                                                       
                                                       ]                                                                                                         
                                                     },                                                                                                          
                                                     {                                                                                                           
                                                       "Node Type": "Index Scan",                                                                                
                                                       "Parent Relationship": "Inner",                                                                           
                                                       "Parallel Aware": false,                                                                                  
                                                       "Scan Direction": "Forward",                                                                              
                                                       "Index Name": "kind_type_pkey",                                                                           
                                                       "Relation Name": "kind_type",                                                                             
                                                       "Alias": "kt",                                                                                            
                                                       "Startup Cost": 0.00,                                                                                     
                                                       "Total Cost": 9.19,                                                                                       
                                                       "Plan Rows": 2,                                                                                           
                                                       "Plan Width": 4,                                                                                          
                                                       "Actual Startup Time": 0.019,                                                                             
                                                       "Actual Total Time": 0.025,                                                                               
                                                       "Actual Rows": 2,                                                                                         
                                                       "Actual Loops": 1,                                                                                        
                                                       "Filter": "((kind)::text = ANY ('{movie,episode}'::text[]))",                                             
                                                       "Rows Removed by Filter": 5,                                                                              
                                                       "Shared Hit Blocks": 2,                                                                                   
                                                       "Shared Read Blocks": 0,                                                                                  
                                                       "Shared Dirtied Blocks": 0,                                                                               
                                                       "Shared Written Blocks": 0,                                                                               
                                                       "Local Hit Blocks": 0,                                                                                    
                                                       "Local Read Blocks": 0,                                                                                   
                                                       "Local Dirtied Blocks": 0,                                                                                
                                                       "Local Written Blocks": 0,                                                                                
                                                       "Temp Read Blocks": 0,                                                                                    
                                                       "Temp Written Blocks": 0                                                                                  
                                                     }                                                                                                           
                                                   ]                                                                                                             
                                                 }                                                                                                               
                                               ]                                                                                                                 
                                             },                                                                                                                  
                                             {                                                                                                                   
                                               "Node Type": "Index Scan",                                                                                        
                                               "Parent Relationship": "Inner",                                                                                   
                                               "Parallel Aware": false,                                                                                          
                                               "Scan Direction": "Forward",                                                                                      
                                               "Index Name": "movie_id_movie_keyword",                                                                           
                                               "Relation Name": "movie_keyword",                                                                                 
                                               "Alias": "mk",                                                                                                    
                                               "Startup Cost": 0.01,                                                                                             
                                               "Total Cost": 39285.80,                                                                                           
                                               "Plan Rows": 4523930,                                                                                             
                                               "Plan Width": 8,                                                                                                  
                                               "Actual Startup Time": 0.020,                                                                                     
                                               "Actual Total Time": 1402.855,                                                                                    
                                               "Actual Rows": 4523925,                                                                                           
                                               "Actual Loops": 1,                                                                                                
                                               "Shared Hit Blocks": 21642,                                                                                       
                                               "Shared Read Blocks": 36810,                                                                                      
                                               "Shared Dirtied Blocks": 0,                                                                                       
                                               "Shared Written Blocks": 0,                                                                                       
                                               "Local Hit Blocks": 0,                                                                                            
                                               "Local Read Blocks": 0,                                                                                           
                                               "Local Dirtied Blocks": 0,                                                                                        
                                               "Local Written Blocks": 0,                                                                                        
                                               "Temp Read Blocks": 0,                                                                                            
                                               "Temp Written Blocks": 0                                                                                          
                                             }                                                                                                                   
                                           ]                                                                                                                     
                                         },                                                                                                                      
                                         {                                                                                                                       
                                           "Node Type": "Sort",                                                                                                  
                                           "Parent Relationship": "Inner",                                                                                       
                                           "Parallel Aware": false,                                                                                              
                                           "Startup Cost": 31413.15,                                                                                             
                                           "Total Cost": 31615.72,                                                                                               
                                           "Plan Rows": 2609129,                                                                                                 
                                           "Plan Width": 12,                                                                                                     
                                           "Actual Startup Time": 2483.346,                                                                                      
                                           "Actual Total Time": 3052.556,                                                                                        
                                           "Actual Rows": 11344511,                                                                                              
                                           "Actual Loops": 1,                                                                                                    
                                           "Sort Key": ["mc.movie_id"],                                                                                          
                                           "Sort Method": "quicksort",                                                                                           
                                           "Sort Space Used": 220607,                                                                                            
                                           "Sort Space Type": "Memory",                                                                                          
                                           "Shared Hit Blocks": 3,                                                                                               
                                           "Shared Read Blocks": 25917,                                                                                          
                                           "Shared Dirtied Blocks": 0,                                                                                           
                                           "Shared Written Blocks": 0,                                                                                           
                                           "Local Hit Blocks": 0,                                                                                                
                                           "Local Read Blocks": 0,                                                                                               
                                           "Local Dirtied Blocks": 0,                                                                                            
                                           "Local Written Blocks": 0,                                                                                            
                                           "Temp Read Blocks": 0,                                                                                                
                                           "Temp Written Blocks": 0,                                                                                             
                                           "Plans": [                                                                                                            
                                             {                                                                                                                   
                                               "Node Type": "Index Scan",                                                                                        
                                               "Parent Relationship": "Outer",                                                                                   
                                               "Parallel Aware": false,                                                                                          
                                               "Scan Direction": "Forward",                                                                                      
                                               "Index Name": "company_type_id_movie_companies",                                                                  
                                               "Relation Name": "movie_companies",                                                                               
                                               "Alias": "mc",                                                                                                    
                                               "Startup Cost": 0.01,                                                                                             
                                               "Total Cost": 22777.45,                                                                                           
                                               "Plan Rows": 2609129,                                                                                             
                                               "Plan Width": 12,                                                                                                 
                                               "Actual Startup Time": 21.068,                                                                                    
                                               "Actual Total Time": 1344.278,                                                                                    
                                               "Actual Rows": 2609129,                                                                                           
                                               "Actual Loops": 1,                                                                                                
                                               "Shared Hit Blocks": 3,                                                                                           
                                               "Shared Read Blocks": 25917,                                                                                      
                                               "Shared Dirtied Blocks": 0,                                                                                       
                                               "Shared Written Blocks": 0,                                                                                       
                                               "Local Hit Blocks": 0,                                                                                            
                                               "Local Read Blocks": 0,                                                                                           
                                               "Local Dirtied Blocks": 0,                                                                                        
                                               "Local Written Blocks": 0,                                                                                        
                                               "Temp Read Blocks": 0,                                                                                            
                                               "Temp Written Blocks": 0                                                                                          
                                             }                                                                                                                   
                                           ]                                                                                                                     
                                         }                                                                                                                       
                                       ]                                                                                                                         
                                     },                                                                                                                          
                                     {                                                                                                                           
                                       "Node Type": "Sort",                                                                                                      
                                       "Parent Relationship": "Inner",                                                                                           
                                       "Parallel Aware": false,                                                                                                  
                                       "Startup Cost": 619972.34,                                                                                                
                                       "Total Cost": 619972.83,                                                                                                  
                                       "Plan Rows": 6329,                                                                                                        
                                       "Plan Width": 4,                                                                                                          
                                       "Actual Startup Time": 12673.176,                                                                                         
                                       "Actual Total Time": 13085.137,                                                                                           
                                       "Actual Rows": 8267448,                                                                                                   
                                       "Actual Loops": 1,                                                                                                        
                                       "Sort Key": ["mi.movie_id"],                                                                                              
                                       "Sort Method": "quicksort",                                                                                               
                                       "Sort Space Used": 53370,                                                                                                 
                                       "Sort Space Type": "Memory",                                                                                              
                                       "Shared Hit Blocks": 566,                                                                                                 
                                       "Shared Read Blocks": 145457,                                                                                             
                                       "Shared Dirtied Blocks": 0,                                                                                               
                                       "Shared Written Blocks": 0,                                                                                               
                                       "Local Hit Blocks": 0,                                                                                                    
                                       "Local Read Blocks": 0,                                                                                                   
                                       "Local Dirtied Blocks": 0,                                                                                                
                                       "Local Written Blocks": 0,                                                                                                
                                       "Temp Read Blocks": 0,                                                                                                    
                                       "Temp Written Blocks": 0,                                                                                                 
                                       "Plans": [                                                                                                                
                                         {                                                                                                                       
                                           "Node Type": "Merge Join",                                                                                            
                                           "Parent Relationship": "Outer",                                                                                       
                                           "Parallel Aware": false,                                                                                              
                                           "Join Type": "Inner",                                                                                                 
                                           "Startup Cost": 0.02,                                                                                                 
                                           "Total Cost": 619959.93,                                                                                              
                                           "Plan Rows": 6329,                                                                                                    
                                           "Plan Width": 4,                                                                                                      
                                           "Actual Startup Time": 5939.597,                                                                                      
                                           "Actual Total Time": 12451.487,                                                                                       
                                           "Actual Rows": 614251,                                                                                                
                                           "Actual Loops": 1,                                                                                                    
                                           "Inner Unique": false,                                                                                                
                                           "Merge Cond": "(it.id = mi.info_type_id)",                                                                           
                                           "Shared Hit Blocks": 566,                                                                                             
                                           "Shared Read Blocks": 145457,                                                                                         
                                           "Shared Dirtied Blocks": 0,                                                                                           
                                           "Shared Written Blocks": 0,                                                                                           
                                           "Local Hit Blocks": 0,                                                                                                
                                           "Local Read Blocks": 0,                                                                                               
                                           "Local Dirtied Blocks": 0,                                                                                            
                                           "Local Written Blocks": 0,                                                                                            
                                           "Temp Read Blocks": 0,                                                                                                
                                           "Temp Written Blocks": 0,                                                                                             
                                           "Plans": [                                                                                                            
                                             {                                                                                                                   
                                               "Node Type": "Index Scan",                                                                                        
                                               "Parent Relationship": "Outer",                                                                                   
                                               "Parallel Aware": false,                                                                                          
                                               "Scan Direction": "Forward",                                                                                      
                                               "Index Name": "info_type_pkey",                                                                                   
                                               "Relation Name": "info_type",                                                                                     
                                               "Alias": "it",                                                                                                   
                                               "Startup Cost": 0.00,                                                                                             
                                               "Total Cost": 9.21,                                                                                               
                                               "Plan Rows": 1,                                                                                                   
                                               "Plan Width": 4,                                                                                                  
                                               "Actual Startup Time": 0.019,                                                                                     
                                               "Actual Total Time": 0.042,                                                                                       
                                               "Actual Rows": 1,                                                                                                 
                                               "Actual Loops": 1,                                                                                                
                                               "Filter": "((info)::text = 'countries'::text)",                                                                   
                                               "Rows Removed by Filter": 112,                                                                                    
                                               "Shared Hit Blocks": 2,                                                                                           
                                               "Shared Read Blocks": 0,                                                                                          
                                               "Shared Dirtied Blocks": 0,                                                                                       
                                               "Shared Written Blocks": 0,                                                                                       
                                               "Local Hit Blocks": 0,                                                                                            
                                               "Local Read Blocks": 0,                                                                                           
                                               "Local Dirtied Blocks": 0,                                                                                        
                                               "Local Written Blocks": 0,                                                                                        
                                               "Temp Read Blocks": 0,                                                                                            
                                               "Temp Written Blocks": 0                                                                                          
                                             },                                                                                                                  
                                             {                                                                                                                   
                                               "Node Type": "Index Scan",                                                                                        
                                               "Parent Relationship": "Inner",                                                                                   
                                               "Parallel Aware": false,                                                                                          
                                               "Scan Direction": "Forward",                                                                                      
                                               "Index Name": "info_type_id_movie_info",                                                                          
                                               "Relation Name": "movie_info",                                                                                    
                                               "Alias": "mi",                                                                                                    
                                               "Startup Cost": 0.01,                                                                                             
                                               "Total Cost": 619894.76,                                                                                          
                                               "Plan Rows": 715132,                                                                                              
                                               "Plan Width": 8,                                                                                                  
                                               "Actual Startup Time": 3107.626,                                                                                  
                                               "Actual Total Time": 12325.818,                                                                                   
                                               "Actual Rows": 700234,                                                                                            
                                               "Actual Loops": 1,                                                                                                
                                               "Filter": "(info = ANY ('{Sweden,Norway,Germany,Denmark,Swedish,Danish,Norwegian,German,USA,American}'::text[]))",
                                               "Rows Removed by Filter": 11752209,                                                                               
                                               "Shared Hit Blocks": 564,                                                                                         
                                               "Shared Read Blocks": 145457,                                                                                     
                                               "Shared Dirtied Blocks": 0,                                                                                       
                                               "Shared Written Blocks": 0,                                                                                       
                                               "Local Hit Blocks": 0,                                                                                            
                                               "Local Read Blocks": 0,                                                                                           
                                               "Local Dirtied Blocks": 0,                                                                                        
                                               "Local Written Blocks": 0,                                                                                        
                                               "Temp Read Blocks": 0,                                                                                            
                                               "Temp Written Blocks": 0                                                                                          
                                             }                                                                                                                   
                                           ]                                                                                                                     
                                         }                                                                                                                       
                                       ]                                                                                                                         
                                     }                                                                                                                           
                                   ]                                                                                                                             
                                 }                                                                                                                               
                               ]                                                                                                                                 
                             },                                                                                                                                  
                             {                                                                                                                                   
                               "Node Type": "Sort",                                                                                                              
                               "Parent Relationship": "Inner",                                                                                                   
                               "Parallel Aware": false,                                                                                                          
                               "Startup Cost": 24.53,                                                                                                            
                               "Total Cost": 24.53,                                                                                                              
                               "Plan Rows": 4,                                                                                                                   
                               "Plan Width": 4,                                                                                                                  
                               "Actual Startup Time": 69.574,                                                                                                    
                               "Actual Total Time": 69.575,                                                                                                      
                               "Actual Rows": 3,                                                                                                                 
                               "Actual Loops": 1,                                                                                                                
                               "Sort Key": ["k.id"],                                                                                                             
                               "Sort Method": "quicksort",                                                                                                       
                               "Sort Space Used": 25,                                                                                                            
                               "Sort Space Type": "Memory",                                                                                                      
                               "Shared Hit Blocks": 8,                                                                                                           
                               "Shared Read Blocks": 10,                                                                                                         
                               "Shared Dirtied Blocks": 0,                                                                                                       
                               "Shared Written Blocks": 0,                                                                                                       
                               "Local Hit Blocks": 0,                                                                                                            
                               "Local Read Blocks": 0,                                                                                                           
                               "Local Dirtied Blocks": 0,                                                                                                        
                               "Local Written Blocks": 0,                                                                                                        
                               "Temp Read Blocks": 0,                                                                                                            
                               "Temp Written Blocks": 0,                                                                                                         
                               "Plans": [                                                                                                                        
                                 {                                                                                                                               
                                   "Node Type": "Index Scan",                                                                                                    
                                   "Parent Relationship": "Outer",                                                                                               
                                   "Parallel Aware": false,                                                                                                      
                                   "Scan Direction": "Forward",                                                                                                  
                                   "Index Name": "keyword_idx_keyword",                                                                                          
                                   "Relation Name": "keyword",                                                                                                   
                                   "Alias": "k",                                                                                                                 
                                   "Startup Cost": 0.01,                                                                                                         
                                   "Total Cost": 24.53,                                                                                                          
                                   "Plan Rows": 4,                                                                                                               
                                   "Plan Width": 4,                                                                                                              
                                   "Actual Startup Time": 28.813,                                                                                                
                                   "Actual Total Time": 69.550,                                                                                                  
                                   "Actual Rows": 3,                                                                                                             
                                   "Actual Loops": 1,                                                                                                            
                                   "Index Cond": "(keyword = ANY ('{murder,murder-in-title,blood,violence}'::text[]))",                                          
                                   "Rows Removed by Index Recheck": 0,                                                                                           
                                   "Shared Hit Blocks": 8,                                                                                                       
                                   "Shared Read Blocks": 10,                                                                                                     
                                   "Shared Dirtied Blocks": 0,                                                                                                   
                                   "Shared Written Blocks": 0,                                                                                                   
                                   "Local Hit Blocks": 0,                                                                                                        
                                   "Local Read Blocks": 0,                                                                                                       
                                   "Local Dirtied Blocks": 0,                                                                                                    
                                   "Local Written Blocks": 0,                                                                                                    
                                   "Temp Read Blocks": 0,                                                                                                        
                                   "Temp Written Blocks": 0                                                                                                      
                                 }                                                                                                                               
                               ]                                                                                                                                 
                             }                                                                                                                                   
                           ]                                                                                                                                     
                         }                                                                                                                                       
                       ]                                                                                                                                         
                     },                                                                                                                                          
                     {                                                                                                                                           
                       "Node Type": "Index Scan",                                                                                                                
                       "Parent Relationship": "Inner",                                                                                                           
                       "Parallel Aware": false,                                                                                                                  
                       "Scan Direction": "Forward",                                                                                                              
                       "Index Name": "company_type_pkey",                                                                                                        
                       "Relation Name": "company_type",                                                                                                          
                       "Alias": "ct",                                                                                                                            
                       "Startup Cost": 0.00,                                                                                                                     
                       "Total Cost": 9.19,                                                                                                                       
                       "Plan Rows": 4,                                                                                                                           
                       "Plan Width": 4,                                                                                                                          
                       "Actual Startup Time": 0.010,                                                                                                             
                       "Actual Total Time": 0.012,                                                                                                               
                       "Actual Rows": 2,                                                                                                                         
                       "Actual Loops": 1,                                                                                                                        
                       "Shared Hit Blocks": 2,                                                                                                                   
                       "Shared Read Blocks": 0,                                                                                                                  
                       "Shared Dirtied Blocks": 0,                                                                                                               
                       "Shared Written Blocks": 0,                                                                                                               
                       "Local Hit Blocks": 0,                                                                                                                    
                       "Local Read Blocks": 0,                                                                                                                   
                       "Local Dirtied Blocks": 0,                                                                                                                
                       "Local Written Blocks": 0,                                                                                                                
                       "Temp Read Blocks": 0,                                                                                                                    
                       "Temp Written Blocks": 0                                                                                                                  
                     }                                                                                                                                           
                   ]                                                                                                                                             
                 }                                                                                                                                               
               ]                                                                                                                                                 
             },                                                                                                                                                  
             {                                                                                                                                                   
               "Node Type": "Index Scan",                                                                                                                        
               "Parent Relationship": "Inner",                                                                                                                   
               "Parallel Aware": false,                                                                                                                          
               "Scan Direction": "Forward",                                                                                                                      
               "Index Name": "company_name_pkey",                                                                                                                
               "Relation Name": "company_name",                                                                                                                  
               "Alias": "cn",                                                                                                                                    
               "Startup Cost": 0.01,                                                                                                                             
               "Total Cost": 4597.20,                                                                                                                            
               "Plan Rows": 126230,                                                                                                                              
               "Plan Width": 23,                                                                                                                                 
               "Actual Startup Time": 35.446,                                                                                                                    
               "Actual Total Time": 758.732,                                                                                                                     
               "Actual Rows": 125938,                                                                                                                            
               "Actual Loops": 1,                                                                                                                                
               "Filter": "((country_code)::text <> '[us]'::text)",                                                                                               
               "Rows Removed by Filter": 108720,                                                                                                                 
               "Shared Hit Blocks": 231380,                                                                                                                      
               "Shared Read Blocks": 3834,                                                                                                                       
               "Shared Dirtied Blocks": 0,                                                                                                                       
               "Shared Written Blocks": 0,                                                                                                                       
               "Local Hit Blocks": 0,                                                                                                                            
               "Local Read Blocks": 0,                                                                                                                           
               "Local Dirtied Blocks": 0,                                                                                                                        
               "Local Written Blocks": 0,                                                                                                                        
               "Temp Read Blocks": 0,                                                                                                                            
               "Temp Written Blocks": 0                                                                                                                          
             }                                                                                                                                                   
           ]                                                                                                                                                     
         }                                                                                                                                                       
       ]                                                                                                                                                         
     },                                                                                                                                                          
     "Planning Time": 9609.549,                                                                                                                                  
     "Triggers": [                                                                                                                                               
     ],                                                                                                                                                          
     "Execution Time": 41641.247                                                                                                                                 
   }                                                                                                                                                             
 ]
