 [                                                                                       
   {                                                                                     
     "Plan": {                                                                           
       "Node Type": "Aggregate",                                                         
       "Strategy": "Plain",                                                              
       "Partial Mode": "Simple",                                                         
       "Parallel Aware": false,                                                          
       "Startup Cost": 131212.86,                                                        
       "Total Cost": 131212.86,                                                          
       "Plan Rows": 1,                                                                   
       "Plan Width": 32,                                                                 
       "Actual Startup Time": 27630.300,                                                 
       "Actual Total Time": 27630.300,                                                   
       "Actual Rows": 1,                                                                 
       "Actual Loops": 1,                                                                
       "Shared Hit Blocks": 4206773,                                                     
       "Shared Read Blocks": 109420,                                                     
       "Shared Dirtied Blocks": 0,                                                       
       "Shared Written Blocks": 0,                                                       
       "Local Hit Blocks": 0,                                                            
       "Local Read Blocks": 0,                                                           
       "Local Dirtied Blocks": 0,                                                        
       "Local Written Blocks": 0,                                                        
       "Temp Read Blocks": 0,                                                            
       "Temp Written Blocks": 0,                                                         
       "Plans": [                                                                        
         {                                                                               
           "Node Type": "Merge Join",                                                    
           "Parent Relationship": "Outer",                                               
           "Parallel Aware": false,                                                      
           "Join Type": "Inner",                                                         
           "Startup Cost": 107998.12,                                                    
           "Total Cost": 131212.86,                                                      
           "Plan Rows": 8,                                                               
           "Plan Width": 17,                                                             
           "Actual Startup Time": 18169.746,                                             
           "Actual Total Time": 27600.587,                                               
           "Actual Rows": 7834,                                                          
           "Actual Loops": 1,                                                            
           "Inner Unique": true,                                                         
           "Merge Cond": "(mc.movie_id = t.id)",                                         
           "Shared Hit Blocks": 4206773,                                                 
           "Shared Read Blocks": 109420,                                                 
           "Shared Dirtied Blocks": 0,                                                   
           "Shared Written Blocks": 0,                                                   
           "Local Hit Blocks": 0,                                                        
           "Local Read Blocks": 0,                                                       
           "Local Dirtied Blocks": 0,                                                    
           "Local Written Blocks": 0,                                                    
           "Temp Read Blocks": 0,                                                        
           "Temp Written Blocks": 0,                                                     
           "Plans": [                                                                    
             {                                                                           
               "Node Type": "Sort",                                                      
               "Parent Relationship": "Outer",                                           
               "Parallel Aware": false,                                                  
               "Startup Cost": 107998.10,                                                
               "Total Cost": 107998.10,                                                  
               "Plan Rows": 8,                                                           
               "Plan Width": 8,                                                          
               "Actual Startup Time": 17557.073,                                         
               "Actual Total Time": 17558.715,                                           
               "Actual Rows": 7834,                                                      
               "Actual Loops": 1,                                                        
               "Sort Key": ["mc.movie_id"],                                              
               "Sort Method": "quicksort",                                               
               "Sort Space Used": 560,                                                   
               "Sort Space Type": "Memory",                                              
               "Shared Hit Blocks": 1718798,                                             
               "Shared Read Blocks": 66561,                                              
               "Shared Dirtied Blocks": 0,                                               
               "Shared Written Blocks": 0,                                               
               "Local Hit Blocks": 0,                                                    
               "Local Read Blocks": 0,                                                   
               "Local Dirtied Blocks": 0,                                                
               "Local Written Blocks": 0,                                                
               "Temp Read Blocks": 0,                                                    
               "Temp Written Blocks": 0,                                                 
               "Plans": [                                                                
                 {                                                                       
                   "Node Type": "Merge Join",                                            
                   "Parent Relationship": "Outer",                                       
                   "Parallel Aware": false,                                              
                   "Join Type": "Inner",                                                 
                   "Startup Cost": 107834.99,                                            
                   "Total Cost": 107998.09,                                              
                   "Plan Rows": 8,                                                       
                   "Plan Width": 8,                                                      
                   "Actual Startup Time": 17531.926,                                     
                   "Actual Total Time": 17536.013,                                       
                   "Actual Rows": 7834,                                                  
                   "Actual Loops": 1,                                                    
                   "Inner Unique": true,                                                 
                   "Merge Cond": "(mk.keyword_id = k.id)",                               
                   "Shared Hit Blocks": 1718794,                                         
                   "Shared Read Blocks": 66561,                                          
                   "Shared Dirtied Blocks": 0,                                           
                   "Shared Written Blocks": 0,                                           
                   "Local Hit Blocks": 0,                                                
                   "Local Read Blocks": 0,                                               
                   "Local Dirtied Blocks": 0,                                            
                   "Local Written Blocks": 0,                                            
                   "Temp Read Blocks": 0,                                                
                   "Temp Written Blocks": 0,                                             
                   "Plans": [                                                            
                     {                                                                   
                       "Node Type": "Sort",                                              
                       "Parent Relationship": "Outer",                                   
                       "Parallel Aware": false,                                          
                       "Startup Cost": 107828.86,                                        
                       "Total Cost": 107910.41,                                          
                       "Plan Rows": 1050392,                                             
                       "Plan Width": 12,                                                 
                       "Actual Startup Time": 17469.542,                                 
                       "Actual Total Time": 17482.543,                                   
                       "Actual Rows": 52227,                                             
                       "Actual Loops": 1,                                                
                       "Sort Key": ["mk.keyword_id"],                                    
                       "Sort Method": "quicksort",                                       
                       "Sort Space Used": 197136,                                        
                       "Sort Space Type": "Memory",                                      
                       "Shared Hit Blocks": 1718794,                                     
                       "Shared Read Blocks": 66557,                                      
                       "Shared Dirtied Blocks": 0,                                       
                       "Shared Written Blocks": 0,                                       
                       "Local Hit Blocks": 0,                                            
                       "Local Read Blocks": 0,                                           
                       "Local Dirtied Blocks": 0,                                        
                       "Local Written Blocks": 0,                                        
                       "Temp Read Blocks": 0,                                            
                       "Temp Written Blocks": 0,                                         
                       "Plans": [                                                        
                         {                                                               
                           "Node Type": "Merge Join",                                    
                           "Parent Relationship": "Outer",                               
                           "Parallel Aware": false,                                      
                           "Join Type": "Inner",                                         
                           "Startup Cost": 64841.33,                                     
                           "Total Cost": 104566.36,                                      
                           "Plan Rows": 1050392,                                         
                           "Plan Width": 12,                                             
                           "Actual Startup Time": 13814.711,                             
                           "Actual Total Time": 16654.148,                               
                           "Actual Rows": 2108405,                                       
                           "Actual Loops": 1,                                            
                           "Inner Unique": false,                                        
                           "Merge Cond": "(mc.movie_id = mk.movie_id)",                  
                           "Shared Hit Blocks": 1718794,                                 
                           "Shared Read Blocks": 66557,                                  
                           "Shared Dirtied Blocks": 0,                                   
                           "Shared Written Blocks": 0,                                   
                           "Local Hit Blocks": 0,                                        
                           "Local Read Blocks": 0,                                       
                           "Local Dirtied Blocks": 0,                                    
                           "Local Written Blocks": 0,                                    
                           "Temp Read Blocks": 0,                                        
                           "Temp Written Blocks": 0,                                     
                           "Plans": [                                                    
                             {                                                           
                               "Node Type": "Sort",                                      
                               "Parent Relationship": "Outer",                           
                               "Parallel Aware": false,                                  
                               "Startup Cost": 64841.32,                                 
                               "Total Cost": 64849.74,                                   
                               "Plan Rows": 108530,                                      
                               "Plan Width": 4,                                          
                               "Actual Startup Time": 13814.665,                         
                               "Actual Total Time": 13834.406,                           
                               "Actual Rows": 148132,                                    
                               "Actual Loops": 1,                                        
                               "Sort Key": ["mc.movie_id"],                              
                               "Sort Method": "quicksort",                               
                               "Sort Space Used": 13088,                                 
                               "Sort Space Type": "Memory",                              
                               "Shared Hit Blocks": 1681925,                             
                               "Shared Read Blocks": 29747,                              
                               "Shared Dirtied Blocks": 0,                               
                               "Shared Written Blocks": 0,                               
                               "Local Hit Blocks": 0,                                    
                               "Local Read Blocks": 0,                                   
                               "Local Dirtied Blocks": 0,                                
                               "Local Written Blocks": 0,                                
                               "Temp Read Blocks": 0,                                    
                               "Temp Written Blocks": 0,                                 
                               "Plans": [                                                
                                 {                                                       
                                   "Node Type": "Merge Join",                            
                                   "Parent Relationship": "Outer",                       
                                   "Parallel Aware": false,                              
                                   "Join Type": "Inner",                                 
                                   "Startup Cost": 0.03,                                 
                                   "Total Cost": 64559.41,                               
                                   "Plan Rows": 108530,                                  
                                   "Plan Width": 4,                                      
                                   "Actual Startup Time": 8505.757,                      
                                   "Actual Total Time": 13750.548,                       
                                   "Actual Rows": 148132,                                
                                   "Actual Loops": 1,                                    
                                   "Inner Unique": false,                                
                                   "Merge Cond": "(cn.id = mc.company_id)",              
                                   "Shared Hit Blocks": 1681925,                         
                                   "Shared Read Blocks": 29747,                          
                                   "Shared Dirtied Blocks": 0,                           
                                   "Shared Written Blocks": 0,                           
                                   "Local Hit Blocks": 0,                                
                                   "Local Read Blocks": 0,                               
                                   "Local Dirtied Blocks": 0,                            
                                   "Local Written Blocks": 0,                            
                                   "Temp Read Blocks": 0,                                
                                   "Temp Written Blocks": 0,                             
                                   "Plans": [                                            
                                     {                                                   
                                       "Node Type": "Index Scan",                        
                                       "Parent Relationship": "Outer",                   
                                       "Parallel Aware": false,                          
                                       "Scan Direction": "Forward",                      
                                       "Index Name": "company_name_pkey",                
                                       "Relation Name": "company_name",                  
                                       "Alias": "cn",                                    
                                       "Startup Cost": 0.01,                             
                                       "Total Cost": 4597.20,                            
                                       "Plan Rows": 9775,                                
                                       "Plan Width": 4,                                  
                                       "Actual Startup Time": 84.952,                    
                                       "Actual Total Time": 1512.671,                    
                                       "Actual Rows": 9775,                              
                                       "Actual Loops": 1,                                
                                       "Filter": "((country_code)::text = '[de]'::text)",
                                       "Rows Removed by Filter": 225222,                 
                                       "Shared Hit Blocks": 231720,                      
                                       "Shared Read Blocks": 3834,                       
                                       "Shared Dirtied Blocks": 0,                       
                                       "Shared Written Blocks": 0,                       
                                       "Local Hit Blocks": 0,                            
                                       "Local Read Blocks": 0,                           
                                       "Local Dirtied Blocks": 0,                        
                                       "Local Written Blocks": 0,                        
                                       "Temp Read Blocks": 0,                            
                                       "Temp Written Blocks": 0                          
                                     },                                                  
                                     {                                                   
                                       "Node Type": "Index Scan",                        
                                       "Parent Relationship": "Inner",                   
                                       "Parallel Aware": false,                          
                                       "Scan Direction": "Forward",                      
                                       "Index Name": "company_id_movie_companies",       
                                       "Relation Name": "movie_companies",               
                                       "Alias": "mc",                                    
                                       "Startup Cost": 0.01,                             
                                       "Total Cost": 59751.38,                           
                                       "Plan Rows": 2609129,                             
                                       "Plan Width": 8,                                  
                                       "Actual Startup Time": 0.037,                     
                                       "Actual Total Time": 11757.350,                   
                                       "Actual Rows": 2609123,                           
                                       "Actual Loops": 1,                                
                                       "Shared Hit Blocks": 1450205,                     
                                       "Shared Read Blocks": 25913,                      
                                       "Shared Dirtied Blocks": 0,                       
                                       "Shared Written Blocks": 0,                       
                                       "Local Hit Blocks": 0,                            
                                       "Local Read Blocks": 0,                           
                                       "Local Dirtied Blocks": 0,                        
                                       "Local Written Blocks": 0,                        
                                       "Temp Read Blocks": 0,                            
                                       "Temp Written Blocks": 0                          
                                     }                                                   
                                   ]                                                     
                                 }                                                       
                               ]                                                         
                             },                                                          
                             {                                                           
                               "Node Type": "Index Scan",                                
                               "Parent Relationship": "Inner",                           
                               "Parallel Aware": false,                                  
                               "Scan Direction": "Forward",                              
                               "Index Name": "movie_id_movie_keyword",                   
                               "Relation Name": "movie_keyword",                         
                               "Alias": "mk",                                            
                               "Startup Cost": 0.01,                                     
                               "Total Cost": 39285.80,                                   
                               "Plan Rows": 4523930,                                     
                               "Plan Width": 8,                                          
                               "Actual Startup Time": 0.014,                             
                               "Actual Total Time": 1811.593,                            
                               "Actual Rows": 5468340,                                   
                               "Actual Loops": 1,                                        
                               "Shared Hit Blocks": 36869,                               
                               "Shared Read Blocks": 36810,                              
                               "Shared Dirtied Blocks": 0,                               
                               "Shared Written Blocks": 0,                               
                               "Local Hit Blocks": 0,                                    
                               "Local Read Blocks": 0,                                   
                               "Local Dirtied Blocks": 0,                                
                               "Local Written Blocks": 0,                                
                               "Temp Read Blocks": 0,                                    
                               "Temp Written Blocks": 0                                  
                             }                                                           
                           ]                                                             
                         }                                                               
                       ]                                                                 
                     },                                                                  
                     {                                                                   
                       "Node Type": "Sort",                                              
                       "Parent Relationship": "Inner",                                   
                       "Parallel Aware": false,                                          
                       "Startup Cost": 6.13,                                             
                       "Total Cost": 6.13,                                               
                       "Plan Rows": 1,                                                   
                       "Plan Width": 4,                                                  
                       "Actual Startup Time": 34.822,                                    
                       "Actual Total Time": 34.823,                                      
                       "Actual Rows": 1,                                                 
                       "Actual Loops": 1,                                                
                       "Sort Key": ["k.id"],                                             
                       "Sort Method": "quicksort",                                       
                       "Sort Space Used": 25,                                            
                       "Sort Space Type": "Memory",                                      
                       "Shared Hit Blocks": 0,                                           
                       "Shared Read Blocks": 4,                                          
                       "Shared Dirtied Blocks": 0,                                       
                       "Shared Written Blocks": 0,                                       
                       "Local Hit Blocks": 0,                                            
                       "Local Read Blocks": 0,                                           
                       "Local Dirtied Blocks": 0,                                        
                       "Local Written Blocks": 0,                                        
                       "Temp Read Blocks": 0,                                            
                       "Temp Written Blocks": 0,                                         
                       "Plans": [                                                        
                         {                                                               
                           "Node Type": "Index Scan",                                    
                           "Parent Relationship": "Outer",                               
                           "Parallel Aware": false,                                      
                           "Scan Direction": "Forward",                                  
                           "Index Name": "keyword_idx_keyword",                          
                           "Relation Name": "keyword",                                   
                           "Alias": "k",                                                 
                           "Startup Cost": 0.01,                                         
                           "Total Cost": 6.13,                                           
                           "Plan Rows": 1,                                               
                           "Plan Width": 4,                                              
                           "Actual Startup Time": 34.805,                                
                           "Actual Total Time": 34.808,                                  
                           "Actual Rows": 1,                                             
                           "Actual Loops": 1,                                            
                           "Index Cond": "(keyword = 'character-name-in-title'::text)",  
                           "Rows Removed by Index Recheck": 0,                           
                           "Shared Hit Blocks": 0,                                       
                           "Shared Read Blocks": 4,                                      
                           "Shared Dirtied Blocks": 0,                                   
                           "Shared Written Blocks": 0,                                   
                           "Local Hit Blocks": 0,                                        
                           "Local Read Blocks": 0,                                       
                           "Local Dirtied Blocks": 0,                                    
                           "Local Written Blocks": 0,                                    
                           "Temp Read Blocks": 0,                                        
                           "Temp Written Blocks": 0                                      
                         }                                                               
                       ]                                                                 
                     }                                                                   
                   ]                                                                     
                 }                                                                       
               ]                                                                         
             },                                                                          
             {                                                                           
               "Node Type": "Index Scan",                                                
               "Parent Relationship": "Inner",                                           
               "Parallel Aware": false,                                                  
               "Scan Direction": "Forward",                                              
               "Index Name": "title_idx_id",                                             
               "Relation Name": "title",                                                 
               "Alias": "t",                                                             
               "Startup Cost": 0.01,                                                     
               "Total Cost": 23042.05,                                                   
               "Plan Rows": 2528312,                                                     
               "Plan Width": 21,                                                         
               "Actual Startup Time": 0.020,                                             
               "Actual Total Time": 9704.279,                                            
               "Actual Rows": 2525432,                                                   
               "Actual Loops": 1,                                                        
               "Shared Hit Blocks": 2487975,                                             
               "Shared Read Blocks": 42859,                                              
               "Shared Dirtied Blocks": 0,                                               
               "Shared Written Blocks": 0,                                               
               "Local Hit Blocks": 0,                                                    
               "Local Read Blocks": 0,                                                   
               "Local Dirtied Blocks": 0,                                                
               "Local Written Blocks": 0,                                                
               "Temp Read Blocks": 0,                                                    
               "Temp Written Blocks": 0                                                  
             }                                                                           
           ]                                                                             
         }                                                                               
       ]                                                                                 
     },                                                                                  
     "Planning Time": 2356.938,                                                          
     "Triggers": [                                                                       
     ],                                                                                  
     "Execution Time": 27682.932                                                         
   }                                                                                     
 ]
