 [                                                                                                                                                    
   {                                                                                                                                                  
     "Plan": {                                                                                                                                        
       "Node Type": "Aggregate",                                                                                                                      
       "Strategy": "Plain",                                                                                                                           
       "Partial Mode": "Simple",                                                                                                                      
       "Parallel Aware": false,                                                                                                                       
       "Startup Cost": 117992.59,                                                                                                                     
       "Total Cost": 117992.59,                                                                                                                       
       "Plan Rows": 1,                                                                                                                                
       "Plan Width": 192,                                                                                                                             
       "Actual Startup Time": 14627.526,                                                                                                              
       "Actual Total Time": 14627.526,                                                                                                                
       "Actual Rows": 1,                                                                                                                              
       "Actual Loops": 1,                                                                                                                             
       "Shared Hit Blocks": 2822790,                                                                                                                  
       "Shared Read Blocks": 57615,                                                                                                                   
       "Shared Dirtied Blocks": 0,                                                                                                                    
       "Shared Written Blocks": 0,                                                                                                                    
       "Local Hit Blocks": 0,                                                                                                                         
       "Local Read Blocks": 0,                                                                                                                        
       "Local Dirtied Blocks": 0,                                                                                                                     
       "Local Written Blocks": 0,                                                                                                                     
       "Temp Read Blocks": 0,                                                                                                                         
       "Temp Written Blocks": 0,                                                                                                                      
       "Plans": [                                                                                                                                     
         {                                                                                                                                            
           "Node Type": "Merge Join",                                                                                                                 
           "Parent Relationship": "Outer",                                                                                                            
           "Parallel Aware": false,                                                                                                                   
           "Join Type": "Inner",                                                                                                                      
           "Startup Cost": 117992.59,                                                                                                                 
           "Total Cost": 117992.59,                                                                                                                   
           "Plan Rows": 1,                                                                                                                            
           "Plan Width": 84,                                                                                                                          
           "Actual Startup Time": 14627.502,                                                                                                          
           "Actual Total Time": 14627.503,                                                                                                            
           "Actual Rows": 4,                                                                                                                          
           "Actual Loops": 1,                                                                                                                         
           "Inner Unique": true,                                                                                                                      
           "Merge Cond": "(mi_idx.info_type_id = it.id)",                                                                                           
           "Shared Hit Blocks": 2822790,                                                                                                              
           "Shared Read Blocks": 57615,                                                                                                               
           "Shared Dirtied Blocks": 0,                                                                                                                
           "Shared Written Blocks": 0,                                                                                                                
           "Local Hit Blocks": 0,                                                                                                                     
           "Local Read Blocks": 0,                                                                                                                    
           "Local Dirtied Blocks": 0,                                                                                                                 
           "Local Written Blocks": 0,                                                                                                                 
           "Temp Read Blocks": 0,                                                                                                                     
           "Temp Written Blocks": 0,                                                                                                                  
           "Plans": [                                                                                                                                 
             {                                                                                                                                        
               "Node Type": "Sort",                                                                                                                   
               "Parent Relationship": "Outer",                                                                                                        
               "Parallel Aware": false,                                                                                                               
               "Startup Cost": 117986.46,                                                                                                             
               "Total Cost": 117986.46,                                                                                                               
               "Plan Rows": 1,                                                                                                                        
               "Plan Width": 88,                                                                                                                      
               "Actual Startup Time": 14627.483,                                                                                                      
               "Actual Total Time": 14627.484,                                                                                                        
               "Actual Rows": 12,                                                                                                                     
               "Actual Loops": 1,                                                                                                                     
               "Sort Key": ["mi_idx.info_type_id"],                                                                                                  
               "Sort Method": "quicksort",                                                                                                            
               "Sort Space Used": 27,                                                                                                                 
               "Sort Space Type": "Memory",                                                                                                           
               "Shared Hit Blocks": 2822788,                                                                                                          
               "Shared Read Blocks": 57615,                                                                                                           
               "Shared Dirtied Blocks": 0,                                                                                                            
               "Shared Written Blocks": 0,                                                                                                            
               "Local Hit Blocks": 0,                                                                                                                 
               "Local Read Blocks": 0,                                                                                                                
               "Local Dirtied Blocks": 0,                                                                                                             
               "Local Written Blocks": 0,                                                                                                             
               "Temp Read Blocks": 0,                                                                                                                 
               "Temp Written Blocks": 0,                                                                                                              
               "Plans": [                                                                                                                             
                 {                                                                                                                                    
                   "Node Type": "Merge Join",                                                                                                         
                   "Parent Relationship": "Outer",                                                                                                    
                   "Parallel Aware": false,                                                                                                           
                   "Join Type": "Inner",                                                                                                              
                   "Startup Cost": 117986.46,                                                                                                         
                   "Total Cost": 117986.46,                                                                                                           
                   "Plan Rows": 1,                                                                                                                    
                   "Plan Width": 88,                                                                                                                  
                   "Actual Startup Time": 14610.501,                                                                                                  
                   "Actual Total Time": 14610.505,                                                                                                    
                   "Actual Rows": 12,                                                                                                                 
                   "Actual Loops": 1,                                                                                                                 
                   "Inner Unique": true,                                                                                                              
                   "Merge Cond": "(t.kind_id = kt.id)",                                                                                             
                   "Shared Hit Blocks": 2822784,                                                                                                      
                   "Shared Read Blocks": 57615,                                                                                                       
                   "Shared Dirtied Blocks": 0,                                                                                                        
                   "Shared Written Blocks": 0,                                                                                                        
                   "Local Hit Blocks": 0,                                                                                                             
                   "Local Read Blocks": 0,                                                                                                            
                   "Local Dirtied Blocks": 0,                                                                                                         
                   "Local Written Blocks": 0,                                                                                                         
                   "Temp Read Blocks": 0,                                                                                                             
                   "Temp Written Blocks": 0,                                                                                                          
                   "Plans": [                                                                                                                         
                     {                                                                                                                                
                       "Node Type": "Sort",                                                                                                           
                       "Parent Relationship": "Outer",                                                                                                
                       "Parallel Aware": false,                                                                                                       
                       "Startup Cost": 117980.34,                                                                                                     
                       "Total Cost": 117980.34,                                                                                                       
                       "Plan Rows": 1,                                                                                                                
                       "Plan Width": 92,                                                                                                              
                       "Actual Startup Time": 14610.477,                                                                                              
                       "Actual Total Time": 14610.478,                                                                                                
                       "Actual Rows": 12,                                                                                                             
                       "Actual Loops": 1,                                                                                                             
                       "Sort Key": ["t.kind_id"],                                                                                                    
                       "Sort Method": "quicksort",                                                                                                    
                       "Sort Space Used": 27,                                                                                                         
                       "Sort Space Type": "Memory",                                                                                                   
                       "Shared Hit Blocks": 2822782,                                                                                                  
                       "Shared Read Blocks": 57615,                                                                                                   
                       "Shared Dirtied Blocks": 0,                                                                                                    
                       "Shared Written Blocks": 0,                                                                                                    
                       "Local Hit Blocks": 0,                                                                                                         
                       "Local Read Blocks": 0,                                                                                                        
                       "Local Dirtied Blocks": 0,                                                                                                     
                       "Local Written Blocks": 0,                                                                                                     
                       "Temp Read Blocks": 0,                                                                                                         
                       "Temp Written Blocks": 0,                                                                                                      
                       "Plans": [                                                                                                                     
                         {                                                                                                                            
                           "Node Type": "Merge Join",                                                                                                 
                           "Parent Relationship": "Outer",                                                                                            
                           "Parallel Aware": false,                                                                                                   
                           "Join Type": "Inner",                                                                                                      
                           "Startup Cost": 113383.15,                                                                                                 
                           "Total Cost": 117980.34,                                                                                                   
                           "Plan Rows": 1,                                                                                                            
                           "Plan Width": 92,                                                                                                          
                           "Actual Startup Time": 14562.185,                                                                                          
                           "Actual Total Time": 14610.454,                                                                                            
                           "Actual Rows": 12,                                                                                                         
                           "Actual Loops": 1,                                                                                                         
                           "Inner Unique": false,                                                                                                     
                           "Merge Cond": "(cn.id = mc.company_id)",                                                                                 
                           "Shared Hit Blocks": 2822782,                                                                                              
                           "Shared Read Blocks": 57615,                                                                                               
                           "Shared Dirtied Blocks": 0,                                                                                                
                           "Shared Written Blocks": 0,                                                                                                
                           "Local Hit Blocks": 0,                                                                                                     
                           "Local Read Blocks": 0,                                                                                                    
                           "Local Dirtied Blocks": 0,                                                                                                 
                           "Local Written Blocks": 0,                                                                                                 
                           "Temp Read Blocks": 0,                                                                                                     
                           "Temp Written Blocks": 0,                                                                                                  
                           "Plans": [                                                                                                                 
                             {                                                                                                                        
                               "Node Type": "Index Scan",                                                                                             
                               "Parent Relationship": "Outer",                                                                                        
                               "Parallel Aware": false,                                                                                               
                               "Scan Direction": "Forward",                                                                                           
                               "Index Name": "company_name_pkey",                                                                                     
                               "Relation Name": "company_name",                                                                                       
                               "Alias": "cn",                                                                                                        
                               "Startup Cost": 0.01,                                                                                                  
                               "Total Cost": 4578.95,                                                                                                 
                               "Plan Rows": 234997,                                                                                                   
                               "Plan Width": 23,                                                                                                      
                               "Actual Startup Time": 0.044,                                                                                          
                               "Actual Total Time": 40.260,                                                                                           
                               "Actual Rows": 71404,                                                                                                  
                               "Actual Loops": 1,                                                                                                     
                               "Shared Hit Blocks": 71593,                                                                                            
                               "Shared Read Blocks": 0,                                                                                               
                               "Shared Dirtied Blocks": 0,                                                                                            
                               "Shared Written Blocks": 0,                                                                                            
                               "Local Hit Blocks": 0,                                                                                                 
                               "Local Read Blocks": 0,                                                                                                
                               "Local Dirtied Blocks": 0,                                                                                             
                               "Local Written Blocks": 0,                                                                                             
                               "Temp Read Blocks": 0,                                                                                                 
                               "Temp Written Blocks": 0                                                                                               
                             },                                                                                                                       
                             {                                                                                                                        
                               "Node Type": "Sort",                                                                                                   
                               "Parent Relationship": "Inner",                                                                                        
                               "Parallel Aware": false,                                                                                               
                               "Startup Cost": 113383.14,                                                                                             
                               "Total Cost": 113383.14,                                                                                               
                               "Plan Rows": 1,                                                                                                        
                               "Plan Width": 77,                                                                                                      
                               "Actual Startup Time": 14562.114,                                                                                      
                               "Actual Total Time": 14562.115,                                                                                        
                               "Actual Rows": 12,                                                                                                     
                               "Actual Loops": 1,                                                                                                     
                               "Sort Key": ["mc.company_id"],                                                                                        
                               "Sort Method": "quicksort",                                                                                            
                               "Sort Space Used": 26,                                                                                                 
                               "Sort Space Type": "Memory",                                                                                           
                               "Shared Hit Blocks": 2751189,                                                                                          
                               "Shared Read Blocks": 57615,                                                                                           
                               "Shared Dirtied Blocks": 0,                                                                                            
                               "Shared Written Blocks": 0,                                                                                            
                               "Local Hit Blocks": 0,                                                                                                 
                               "Local Read Blocks": 0,                                                                                                
                               "Local Dirtied Blocks": 0,                                                                                             
                               "Local Written Blocks": 0,                                                                                             
                               "Temp Read Blocks": 0,                                                                                                 
                               "Temp Written Blocks": 0,                                                                                              
                               "Plans": [                                                                                                             
                                 {                                                                                                                    
                                   "Node Type": "Merge Join",                                                                                         
                                   "Parent Relationship": "Outer",                                                                                    
                                   "Parallel Aware": false,                                                                                           
                                   "Join Type": "Inner",                                                                                              
                                   "Startup Cost": 45255.34,                                                                                          
                                   "Total Cost": 113383.14,                                                                                           
                                   "Plan Rows": 1,                                                                                                    
                                   "Plan Width": 77,                                                                                                  
                                   "Actual Startup Time": 14562.088,                                                                                  
                                   "Actual Total Time": 14562.096,                                                                                    
                                   "Actual Rows": 12,                                                                                                 
                                   "Actual Loops": 1,                                                                                                 
                                   "Inner Unique": false,                                                                                             
                                   "Merge Cond": "(mc.movie_id = t.id)",                                                                            
                                   "Shared Hit Blocks": 2751189,                                                                                      
                                   "Shared Read Blocks": 57615,                                                                                       
                                   "Shared Dirtied Blocks": 0,                                                                                        
                                   "Shared Written Blocks": 0,                                                                                        
                                   "Local Hit Blocks": 0,                                                                                             
                                   "Local Read Blocks": 0,                                                                                            
                                   "Local Dirtied Blocks": 0,                                                                                         
                                   "Local Written Blocks": 0,                                                                                         
                                   "Temp Read Blocks": 0,                                                                                             
                                   "Temp Written Blocks": 0,                                                                                          
                                   "Plans": [                                                                                                         
                                     {                                                                                                                
                                       "Node Type": "Index Scan",                                                                                     
                                       "Parent Relationship": "Outer",                                                                                
                                       "Parallel Aware": false,                                                                                       
                                       "Scan Direction": "Forward",                                                                                   
                                       "Index Name": "movie_id_movie_companies",                                                                      
                                       "Relation Name": "movie_companies",                                                                            
                                       "Alias": "mc",                                                                                                
                                       "Startup Cost": 0.01,                                                                                          
                                       "Total Cost": 67925.24,                                                                                        
                                       "Plan Rows": 2609129,                                                                                          
                                       "Plan Width": 8,                                                                                               
                                       "Actual Startup Time": 0.028,                                                                                  
                                       "Actual Total Time": 4.637,                                                                                    
                                       "Actual Rows": 15063,                                                                                          
                                       "Actual Loops": 1,                                                                                             
                                       "Shared Hit Blocks": 6680,                                                                                     
                                       "Shared Read Blocks": 0,                                                                                       
                                       "Shared Dirtied Blocks": 0,                                                                                    
                                       "Shared Written Blocks": 0,                                                                                    
                                       "Local Hit Blocks": 0,                                                                                         
                                       "Local Read Blocks": 0,                                                                                        
                                       "Local Dirtied Blocks": 0,                                                                                     
                                       "Local Written Blocks": 0,                                                                                     
                                       "Temp Read Blocks": 0,                                                                                         
                                       "Temp Written Blocks": 0                                                                                       
                                     },                                                                                                               
                                     {                                                                                                                
                                       "Node Type": "Sort",                                                                                           
                                       "Parent Relationship": "Inner",                                                                                
                                       "Parallel Aware": false,                                                                                       
                                       "Startup Cost": 45255.32,                                                                                      
                                       "Total Cost": 45255.32,                                                                                        
                                       "Plan Rows": 1,                                                                                                
                                       "Plan Width": 85,                                                                                              
                                       "Actual Startup Time": 14555.638,                                                                              
                                       "Actual Total Time": 14555.639,                                                                                
                                       "Actual Rows": 9,                                                                                              
                                       "Actual Loops": 1,                                                                                             
                                       "Sort Key": ["ml.linked_movie_id"],                                                                            
                                       "Sort Method": "quicksort",                                                                                    
                                       "Sort Space Used": 25,                                                                                         
                                       "Sort Space Type": "Memory",                                                                                   
                                       "Shared Hit Blocks": 2744509,                                                                                  
                                       "Shared Read Blocks": 57615,                                                                                   
                                       "Shared Dirtied Blocks": 0,                                                                                    
                                       "Shared Written Blocks": 0,                                                                                    
                                       "Local Hit Blocks": 0,                                                                                         
                                       "Local Read Blocks": 0,                                                                                        
                                       "Local Dirtied Blocks": 0,                                                                                     
                                       "Local Written Blocks": 0,                                                                                     
                                       "Temp Read Blocks": 0,                                                                                         
                                       "Temp Written Blocks": 0,                                                                                      
                                       "Plans": [                                                                                                     
                                         {                                                                                                            
                                           "Node Type": "Merge Join",                                                                                 
                                           "Parent Relationship": "Outer",                                                                            
                                           "Parallel Aware": false,                                                                                   
                                           "Join Type": "Inner",                                                                                      
                                           "Startup Cost": 45255.32,                                                                                  
                                           "Total Cost": 45255.32,                                                                                    
                                           "Plan Rows": 1,                                                                                            
                                           "Plan Width": 85,                                                                                          
                                           "Actual Startup Time": 14555.623,                                                                          
                                           "Actual Total Time": 14555.624,                                                                            
                                           "Actual Rows": 3,                                                                                          
                                           "Actual Loops": 1,                                                                                         
                                           "Inner Unique": true,                                                                                      
                                           "Merge Cond": "(mi_idx.info_type_id = it.id)",                                                           
                                           "Shared Hit Blocks": 2744509,                                                                              
                                           "Shared Read Blocks": 57615,                                                                               
                                           "Shared Dirtied Blocks": 0,                                                                                
                                           "Shared Written Blocks": 0,                                                                                
                                           "Local Hit Blocks": 0,                                                                                     
                                           "Local Read Blocks": 0,                                                                                    
                                           "Local Dirtied Blocks": 0,                                                                                 
                                           "Local Written Blocks": 0,                                                                                 
                                           "Temp Read Blocks": 0,                                                                                     
                                           "Temp Written Blocks": 0,                                                                                  
                                           "Plans": [                                                                                                 
                                             {                                                                                                        
                                               "Node Type": "Sort",                                                                                   
                                               "Parent Relationship": "Outer",                                                                        
                                               "Parallel Aware": false,                                                                               
                                               "Startup Cost": 45249.20,                                                                              
                                               "Total Cost": 45249.20,                                                                                
                                               "Plan Rows": 2,                                                                                        
                                               "Plan Width": 89,                                                                                      
                                               "Actual Startup Time": 14555.581,                                                                      
                                               "Actual Total Time": 14555.583,                                                                        
                                               "Actual Rows": 36,                                                                                     
                                               "Actual Loops": 1,                                                                                     
                                               "Sort Key": ["mi_idx.info_type_id"],                                                                  
                                               "Sort Method": "quicksort",                                                                            
                                               "Sort Space Used": 31,                                                                                 
                                               "Sort Space Type": "Memory",                                                                           
                                               "Shared Hit Blocks": 2744508,                                                                          
                                               "Shared Read Blocks": 57614,                                                                           
                                               "Shared Dirtied Blocks": 0,                                                                            
                                               "Shared Written Blocks": 0,                                                                            
                                               "Local Hit Blocks": 0,                                                                                 
                                               "Local Read Blocks": 0,                                                                                
                                               "Local Dirtied Blocks": 0,                                                                             
                                               "Local Written Blocks": 0,                                                                             
                                               "Temp Read Blocks": 0,                                                                                 
                                               "Temp Written Blocks": 0,                                                                              
                                               "Plans": [                                                                                             
                                                 {                                                                                                    
                                                   "Node Type": "Merge Join",                                                                         
                                                   "Parent Relationship": "Outer",                                                                    
                                                   "Parallel Aware": false,                                                                           
                                                   "Join Type": "Inner",                                                                              
                                                   "Startup Cost": 45249.19,                                                                          
                                                   "Total Cost": 45249.20,                                                                            
                                                   "Plan Rows": 2,                                                                                    
                                                   "Plan Width": 89,                                                                                  
                                                   "Actual Startup Time": 14555.535,                                                                  
                                                   "Actual Total Time": 14555.547,                                                                    
                                                   "Actual Rows": 36,                                                                                 
                                                   "Actual Loops": 1,                                                                                 
                                                   "Inner Unique": false,                                                                             
                                                   "Merge Cond": "(kt.id = t.kind_id)",                                                             
                                                   "Shared Hit Blocks": 2744508,                                                                      
                                                   "Shared Read Blocks": 57614,                                                                       
                                                   "Shared Dirtied Blocks": 0,                                                                        
                                                   "Shared Written Blocks": 0,                                                                        
                                                   "Local Hit Blocks": 0,                                                                             
                                                   "Local Read Blocks": 0,                                                                            
                                                   "Local Dirtied Blocks": 0,                                                                         
                                                   "Local Written Blocks": 0,                                                                         
                                                   "Temp Read Blocks": 0,                                                                             
                                                   "Temp Written Blocks": 0,                                                                          
                                                   "Plans": [                                                                                         
                                                     {                                                                                                
                                                       "Node Type": "Sort",                                                                           
                                                       "Parent Relationship": "Outer",                                                                
                                                       "Parallel Aware": false,                                                                       
                                                       "Startup Cost": 6.13,                                                                          
                                                       "Total Cost": 6.13,                                                                            
                                                       "Plan Rows": 1,                                                                                
                                                       "Plan Width": 4,                                                                               
                                                       "Actual Startup Time": 0.078,                                                                  
                                                       "Actual Total Time": 0.078,                                                                    
                                                       "Actual Rows": 1,                                                                              
                                                       "Actual Loops": 1,                                                                             
                                                       "Sort Key": ["kt.id"],                                                                        
                                                       "Sort Method": "quicksort",                                                                    
                                                       "Sort Space Used": 25,                                                                         
                                                       "Sort Space Type": "Memory",                                                                   
                                                       "Shared Hit Blocks": 1,                                                                        
                                                       "Shared Read Blocks": 1,                                                                       
                                                       "Shared Dirtied Blocks": 0,                                                                    
                                                       "Shared Written Blocks": 0,                                                                    
                                                       "Local Hit Blocks": 0,                                                                         
                                                       "Local Read Blocks": 0,                                                                        
                                                       "Local Dirtied Blocks": 0,                                                                     
                                                       "Local Written Blocks": 0,                                                                     
                                                       "Temp Read Blocks": 0,                                                                         
                                                       "Temp Written Blocks": 0,                                                                      
                                                       "Plans": [                                                                                     
                                                         {                                                                                            
                                                           "Node Type": "Index Scan",                                                                 
                                                           "Parent Relationship": "Outer",                                                            
                                                           "Parallel Aware": false,                                                                   
                                                           "Scan Direction": "Forward",                                                               
                                                           "Index Name": "kind_type_kind_key",                                                        
                                                           "Relation Name": "kind_type",                                                              
                                                           "Alias": "kt",                                                                            
                                                           "Startup Cost": 0.00,                                                                      
                                                           "Total Cost": 6.12,                                                                        
                                                           "Plan Rows": 1,                                                                            
                                                           "Plan Width": 4,                                                                           
                                                           "Actual Startup Time": 0.057,                                                              
                                                           "Actual Total Time": 0.059,                                                                
                                                           "Actual Rows": 1,                                                                          
                                                           "Actual Loops": 1,                                                                         
                                                           "Index Cond": "((kind)::text = 'tv series'::text)",                                        
                                                           "Rows Removed by Index Recheck": 0,                                                        
                                                           "Shared Hit Blocks": 1,                                                                    
                                                           "Shared Read Blocks": 1,                                                                   
                                                           "Shared Dirtied Blocks": 0,                                                                
                                                           "Shared Written Blocks": 0,                                                                
                                                           "Local Hit Blocks": 0,                                                                     
                                                           "Local Read Blocks": 0,                                                                    
                                                           "Local Dirtied Blocks": 0,                                                                 
                                                           "Local Written Blocks": 0,                                                                 
                                                           "Temp Read Blocks": 0,                                                                     
                                                           "Temp Written Blocks": 0                                                                   
                                                         }                                                                                            
                                                       ]                                                                                              
                                                     },                                                                                               
                                                     {                                                                                                
                                                       "Node Type": "Sort",                                                                           
                                                       "Parent Relationship": "Inner",                                                                
                                                       "Parallel Aware": false,                                                                       
                                                       "Startup Cost": 45243.07,                                                                      
                                                       "Total Cost": 45243.07,                                                                        
                                                       "Plan Rows": 15,                                                                               
                                                       "Plan Width": 93,                                                                              
                                                       "Actual Startup Time": 14555.451,                                                              
                                                       "Actual Total Time": 14555.454,                                                                
                                                       "Actual Rows": 36,                                                                             
                                                       "Actual Loops": 1,                                                                             
                                                       "Sort Key": ["t.kind_id"],                                                                    
                                                       "Sort Method": "quicksort",                                                                    
                                                       "Sort Space Used": 31,                                                                         
                                                       "Sort Space Type": "Memory",                                                                   
                                                       "Shared Hit Blocks": 2744507,                                                                  
                                                       "Shared Read Blocks": 57613,                                                                   
                                                       "Shared Dirtied Blocks": 0,                                                                    
                                                       "Shared Written Blocks": 0,                                                                    
                                                       "Local Hit Blocks": 0,                                                                         
                                                       "Local Read Blocks": 0,                                                                        
                                                       "Local Dirtied Blocks": 0,                                                                     
                                                       "Local Written Blocks": 0,                                                                     
                                                       "Temp Read Blocks": 0,                                                                         
                                                       "Temp Written Blocks": 0,                                                                      
                                                       "Plans": [                                                                                     
                                                         {                                                                                            
                                                           "Node Type": "Merge Join",                                                                 
                                                           "Parent Relationship": "Outer",                                                            
                                                           "Parallel Aware": false,                                                                   
                                                           "Join Type": "Inner",                                                                      
                                                           "Startup Cost": 42969.91,                                                                  
                                                           "Total Cost": 45243.06,                                                                    
                                                           "Plan Rows": 15,                                                                           
                                                           "Plan Width": 93,                                                                          
                                                           "Actual Startup Time": 14430.793,                                                          
                                                           "Actual Total Time": 14555.408,                                                            
                                                           "Actual Rows": 36,                                                                         
                                                           "Actual Loops": 1,                                                                         
                                                           "Inner Unique": true,                                                                      
                                                           "Merge Cond": "(ml.movie_id = t.id)",                                                     
                                                           "Shared Hit Blocks": 2744507,                                                              
                                                           "Shared Read Blocks": 57613,                                                               
                                                           "Shared Dirtied Blocks": 0,                                                                
                                                           "Shared Written Blocks": 0,                                                                
                                                           "Local Hit Blocks": 0,                                                                     
                                                           "Local Read Blocks": 0,                                                                    
                                                           "Local Dirtied Blocks": 0,                                                                 
                                                           "Local Written Blocks": 0,                                                                 
                                                           "Temp Read Blocks": 0,                                                                     
                                                           "Temp Written Blocks": 0,                                                                  
                                                           "Plans": [                                                                                 
                                                             {                                                                                        
                                                               "Node Type": "Merge Join",                                                             
                                                               "Parent Relationship": "Outer",                                                        
                                                               "Parallel Aware": false,                                                               
                                                               "Join Type": "Inner",                                                                  
                                                               "Startup Cost": 42969.89,                                                              
                                                               "Total Cost": 43531.86,                                                                
                                                               "Plan Rows": 15,                                                                       
                                                               "Plan Width": 84,                                                                      
                                                               "Actual Startup Time": 14430.409,                                                      
                                                               "Actual Total Time": 14443.437,                                                        
                                                               "Actual Rows": 36,                                                                     
                                                               "Actual Loops": 1,                                                                     
                                                               "Inner Unique": false,                                                                 
                                                               "Merge Cond": "(ml.movie_id = mi_idx.movie_id)",                                      
                                                               "Shared Hit Blocks": 2601173,                                                          
                                                               "Shared Read Blocks": 57613,                                                           
                                                               "Shared Dirtied Blocks": 0,                                                            
                                                               "Shared Written Blocks": 0,                                                            
                                                               "Local Hit Blocks": 0,                                                                 
                                                               "Local Read Blocks": 0,                                                                
                                                               "Local Dirtied Blocks": 0,                                                             
                                                               "Local Written Blocks": 0,                                                             
                                                               "Temp Read Blocks": 0,                                                                 
                                                               "Temp Written Blocks": 0,                                                              
                                                               "Plans": [                                                                             
                                                                 {                                                                                    
                                                                   "Node Type": "Sort",                                                               
                                                                   "Parent Relationship": "Outer",                                                    
                                                                   "Parallel Aware": false,                                                           
                                                                   "Startup Cost": 42969.88,                                                          
                                                                   "Total Cost": 42969.88,                                                            
                                                                   "Plan Rows": 5,                                                                    
                                                                   "Plan Width": 70,                                                                  
                                                                   "Actual Startup Time": 14430.355,                                                  
                                                                   "Actual Total Time": 14430.357,                                                    
                                                                   "Actual Rows": 12,                                                                 
                                                                   "Actual Loops": 1,                                                                 
                                                                   "Sort Key": ["ml.movie_id"],                                                       
                                                                   "Sort Method": "quicksort",                                                        
                                                                   "Sort Space Used": 26,                                                             
                                                                   "Sort Space Type": "Memory",                                                       
                                                                   "Shared Hit Blocks": 2600549,                                                      
                                                                   "Shared Read Blocks": 57613,                                                       
                                                                   "Shared Dirtied Blocks": 0,                                                        
                                                                   "Shared Written Blocks": 0,                                                        
                                                                   "Local Hit Blocks": 0,                                                             
                                                                   "Local Read Blocks": 0,                                                            
                                                                   "Local Dirtied Blocks": 0,                                                         
                                                                   "Local Written Blocks": 0,                                                         
                                                                   "Temp Read Blocks": 0,                                                             
                                                                   "Temp Written Blocks": 0,                                                          
                                                                   "Plans": [                                                                         
                                                                     {                                                                                
                                                                       "Node Type": "Merge Join",                                                     
                                                                       "Parent Relationship": "Outer",                                                
                                                                       "Parallel Aware": false,                                                       
                                                                       "Join Type": "Inner",                                                          
                                                                       "Startup Cost": 38372.42,                                                      
                                                                       "Total Cost": 42969.87,                                                        
                                                                       "Plan Rows": 5,                                                                
                                                                       "Plan Width": 70,                                                              
                                                                       "Actual Startup Time": 14119.582,                                              
                                                                       "Actual Total Time": 14430.308,                                                
                                                                       "Actual Rows": 12,                                                             
                                                                       "Actual Loops": 1,                                                             
                                                                       "Inner Unique": false,                                                         
                                                                       "Merge Cond": "(cn.id = mc.company_id)",                                     
                                                                       "Shared Hit Blocks": 2600549,                                                  
                                                                       "Shared Read Blocks": 57613,                                                   
                                                                       "Shared Dirtied Blocks": 0,                                                    
                                                                       "Shared Written Blocks": 0,                                                    
                                                                       "Local Hit Blocks": 0,                                                         
                                                                       "Local Read Blocks": 0,                                                        
                                                                       "Local Dirtied Blocks": 0,                                                     
                                                                       "Local Written Blocks": 0,                                                     
                                                                       "Temp Read Blocks": 0,                                                         
                                                                       "Temp Written Blocks": 0,                                                      
                                                                       "Plans": [                                                                     
                                                                         {                                                                            
                                                                           "Node Type": "Index Scan",                                                 
                                                                           "Parent Relationship": "Outer",                                            
                                                                           "Parallel Aware": false,                                                   
                                                                           "Scan Direction": "Forward",                                               
                                                                           "Index Name": "company_name_pkey",                                         
                                                                           "Relation Name": "company_name",                                           
                                                                           "Alias": "cn",                                                            
                                                                           "Startup Cost": 0.01,                                                      
                                                                           "Total Cost": 4597.20,                                                     
                                                                           "Plan Rows": 2340,                                                         
                                                                           "Plan Width": 23,                                                          
                                                                           "Actual Startup Time": 41.963,                                             
                                                                           "Actual Total Time": 447.764,                                              
                                                                           "Actual Rows": 1213,                                                       
                                                                           "Actual Loops": 1,                                                         
                                                                           "Filter": "((country_code)::text = '[nl]'::text)",                         
                                                                           "Rows Removed by Filter": 72266,                                           
                                                                           "Shared Hit Blocks": 72132,                                                
                                                                           "Shared Read Blocks": 1540,                                                
                                                                           "Shared Dirtied Blocks": 0,                                                
                                                                           "Shared Written Blocks": 0,                                                
                                                                           "Local Hit Blocks": 0,                                                     
                                                                           "Local Read Blocks": 0,                                                    
                                                                           "Local Dirtied Blocks": 0,                                                 
                                                                           "Local Written Blocks": 0,                                                 
                                                                           "Temp Read Blocks": 0,                                                     
                                                                           "Temp Written Blocks": 0                                                   
                                                                         },                                                                           
                                                                         {                                                                            
                                                                           "Node Type": "Sort",                                                       
                                                                           "Parent Relationship": "Inner",                                            
                                                                           "Parallel Aware": false,                                                   
                                                                           "Startup Cost": 38372.41,                                                  
                                                                           "Total Cost": 38372.45,                                                    
                                                                           "Plan Rows": 519,                                                          
                                                                           "Plan Width": 55,                                                          
                                                                           "Actual Startup Time": 13982.121,                                          
                                                                           "Actual Total Time": 13982.184,                                            
                                                                           "Actual Rows": 284,                                                        
                                                                           "Actual Loops": 1,                                                         
                                                                           "Sort Key": ["mc.company_id"],                                            
                                                                           "Sort Method": "quicksort",                                                
                                                                           "Sort Space Used": 64,                                                     
                                                                           "Sort Space Type": "Memory",                                               
                                                                           "Shared Hit Blocks": 2528417,                                              
                                                                           "Shared Read Blocks": 56073,                                               
                                                                           "Shared Dirtied Blocks": 0,                                                
                                                                           "Shared Written Blocks": 0,                                                
                                                                           "Local Hit Blocks": 0,                                                     
                                                                           "Local Read Blocks": 0,                                                    
                                                                           "Local Dirtied Blocks": 0,                                                 
                                                                           "Local Written Blocks": 0,                                                 
                                                                           "Temp Read Blocks": 0,                                                     
                                                                           "Temp Written Blocks": 0,                                                  
                                                                           "Plans": [                                                                 
                                                                             {                                                                        
                                                                               "Node Type": "Merge Join",                                             
                                                                               "Parent Relationship": "Outer",                                        
                                                                               "Parallel Aware": false,                                               
                                                                               "Join Type": "Inner",                                                  
                                                                               "Startup Cost": 35762.94,                                              
                                                                               "Total Cost": 38371.68,                                                
                                                                               "Plan Rows": 519,                                                      
                                                                               "Plan Width": 55,                                                      
                                                                               "Actual Startup Time": 13663.938,                                      
                                                                               "Actual Total Time": 13981.743,                                        
                                                                               "Actual Rows": 284,                                                    
                                                                               "Actual Loops": 1,                                                     
                                                                               "Inner Unique": false,                                                 
                                                                               "Merge Cond": "(mc.movie_id = ml.movie_id)",                          
                                                                               "Shared Hit Blocks": 2528417,                                          
                                                                               "Shared Read Blocks": 56073,                                           
                                                                               "Shared Dirtied Blocks": 0,                                            
                                                                               "Shared Written Blocks": 0,                                            
                                                                               "Local Hit Blocks": 0,                                                 
                                                                               "Local Read Blocks": 0,                                                
                                                                               "Local Dirtied Blocks": 0,                                             
                                                                               "Local Written Blocks": 0,                                             
                                                                               "Temp Read Blocks": 0,                                                 
                                                                               "Temp Written Blocks": 0,                                              
                                                                               "Plans": [                                                             
                                                                                 {                                                                    
                                                                                   "Node Type": "Index Scan",                                         
                                                                                   "Parent Relationship": "Outer",                                    
                                                                                   "Parallel Aware": false,                                           
                                                                                   "Scan Direction": "Forward",                                       
                                                                                   "Index Name": "movie_id_movie_companies",                          
                                                                                   "Relation Name": "movie_companies",                                
                                                                                   "Alias": "mc",                                                    
                                                                                   "Startup Cost": 0.01,                                              
                                                                                   "Total Cost": 67925.24,                                            
                                                                                   "Plan Rows": 2609129,                                              
                                                                                   "Plan Width": 8,                                                   
                                                                                   "Actual Startup Time": 0.034,                                      
                                                                                   "Actual Total Time": 334.920,                                      
                                                                                   "Actual Rows": 99877,                                              
                                                                                   "Actual Loops": 1,                                                 
                                                                                   "Shared Hit Blocks": 45837,                                        
                                                                                   "Shared Read Blocks": 983,                                         
                                                                                   "Shared Dirtied Blocks": 0,                                        
                                                                                   "Shared Written Blocks": 0,                                        
                                                                                   "Local Hit Blocks": 0,                                             
                                                                                   "Local Read Blocks": 0,                                            
                                                                                   "Local Dirtied Blocks": 0,                                         
                                                                                   "Local Written Blocks": 0,                                         
                                                                                   "Temp Read Blocks": 0,                                             
                                                                                   "Temp Written Blocks": 0                                           
                                                                                 },                                                                   
                                                                                 {                                                                    
                                                                                   "Node Type": "Sort",                                               
                                                                                   "Parent Relationship": "Inner",                                    
                                                                                   "Parallel Aware": false,                                           
                                                                                   "Startup Cost": 35762.93,                                          
                                                                                   "Total Cost": 35762.94,                                            
                                                                                   "Plan Rows": 115,                                                  
                                                                                   "Plan Width": 47,                                                  
                                                                                   "Actual Startup Time": 13622.822,                                  
                                                                                   "Actual Total Time": 13622.869,                                    
                                                                                   "Actual Rows": 285,                                                
                                                                                   "Actual Loops": 1,                                                 
                                                                                   "Sort Key": ["ml.movie_id"],                                       
                                                                                   "Sort Method": "quicksort",                                        
                                                                                   "Sort Space Used": 31,                                             
                                                                                   "Sort Space Type": "Memory",                                       
                                                                                   "Shared Hit Blocks": 2482580,                                      
                                                                                   "Shared Read Blocks": 55090,                                       
                                                                                   "Shared Dirtied Blocks": 0,                                        
                                                                                   "Shared Written Blocks": 0,                                        
                                                                                   "Local Hit Blocks": 0,                                             
                                                                                   "Local Read Blocks": 0,                                            
                                                                                   "Local Dirtied Blocks": 0,                                         
                                                                                   "Local Written Blocks": 0,                                         
                                                                                   "Temp Read Blocks": 0,                                             
                                                                                   "Temp Written Blocks": 0,                                          
                                                                                   "Plans": [                                                         
                                                                                     {                                                                
                                                                                       "Node Type": "Merge Join",                                     
                                                                                       "Parent Relationship": "Outer",                                
                                                                                       "Parallel Aware": false,                                       
                                                                                       "Join Type": "Inner",                                          
                                                                                       "Startup Cost": 365.23,                                        
                                                                                       "Total Cost": 35762.81,                                        
                                                                                       "Plan Rows": 115,                                              
                                                                                       "Plan Width": 47,                                              
                                                                                       "Actual Startup Time": 790.716,                                
                                                                                       "Actual Total Time": 13622.697,                                
                                                                                       "Actual Rows": 50,                                             
                                                                                       "Actual Loops": 1,                                             
                                                                                       "Inner Unique": true,                                          
                                                                                       "Merge Cond": "(ml.linked_movie_id = t.id)",                  
                                                                                       "Shared Hit Blocks": 2482580,                                  
                                                                                       "Shared Read Blocks": 55090,                                   
                                                                                       "Shared Dirtied Blocks": 0,                                    
                                                                                       "Shared Written Blocks": 0,                                    
                                                                                       "Local Hit Blocks": 0,                                         
                                                                                       "Local Read Blocks": 0,                                        
                                                                                       "Local Dirtied Blocks": 0,                                     
                                                                                       "Local Written Blocks": 0,                                     
                                                                                       "Temp Read Blocks": 0,                                         
                                                                                       "Temp Written Blocks": 0,                                      
                                                                                       "Plans": [                                                     
                                                                                         {                                                            
                                                                                           "Node Type": "Merge Join",                                 
                                                                                           "Parent Relationship": "Outer",                            
                                                                                           "Parallel Aware": false,                                   
                                                                                           "Join Type": "Inner",                                      
                                                                                           "Startup Cost": 362.69,                                    
                                                                                           "Total Cost": 12545.51,                                    
                                                                                           "Plan Rows": 2430,                                         
                                                                                           "Plan Width": 22,                                          
                                                                                           "Actual Startup Time": 87.512,                             
                                                                                           "Actual Total Time": 2226.521,                             
                                                                                           "Actual Rows": 2944,                                       
                                                                                           "Actual Loops": 1,                                         
                                                                                           "Inner Unique": false,                                     
                                                                                           "Merge Cond": "(ml.linked_movie_id = mi_idx.movie_id)",   
                                                                                           "Shared Hit Blocks": 13438,                                
                                                                                           "Shared Read Blocks": 12283,                               
                                                                                           "Shared Dirtied Blocks": 0,                                
                                                                                           "Shared Written Blocks": 0,                                
                                                                                           "Local Hit Blocks": 0,                                     
                                                                                           "Local Read Blocks": 0,                                    
                                                                                           "Local Dirtied Blocks": 0,                                 
                                                                                           "Local Written Blocks": 0,                                 
                                                                                           "Temp Read Blocks": 0,                                     
                                                                                           "Temp Written Blocks": 0,                                  
                                                                                           "Plans": [                                                 
                                                                                             {                                                        
                                                                                               "Node Type": "Sort",                                   
                                                                                               "Parent Relationship": "Outer",                        
                                                                                               "Parallel Aware": false,                               
                                                                                               "Startup Cost": 361.81,                                
                                                                                               "Total Cost": 361.94,                                  
                                                                                               "Plan Rows": 1666,                                     
                                                                                               "Plan Width": 8,                                       
                                                                                               "Actual Startup Time": 86.800,                         
                                                                                               "Actual Total Time": 87.526,                           
                                                                                               "Actual Rows": 2315,                                   
                                                                                               "Actual Loops": 1,                                     
                                                                                               "Sort Key": ["ml.linked_movie_id"],                    
                                                                                               "Sort Method": "quicksort",                            
                                                                                               "Sort Space Used": 205,                                
                                                                                               "Sort Space Type": "Memory",                           
                                                                                               "Shared Hit Blocks": 85,                               
                                                                                               "Shared Read Blocks": 239,                             
                                                                                               "Shared Dirtied Blocks": 0,                            
                                                                                               "Shared Written Blocks": 0,                            
                                                                                               "Local Hit Blocks": 0,                                 
                                                                                               "Local Read Blocks": 0,                                
                                                                                               "Local Dirtied Blocks": 0,                             
                                                                                               "Local Written Blocks": 0,                             
                                                                                               "Temp Read Blocks": 0,                                 
                                                                                               "Temp Written Blocks": 0,                              
                                                                                               "Plans": [                                             
                                                                                                 {                                                    
                                                                                                   "Node Type": "Merge Join",                         
                                                                                                   "Parent Relationship": "Outer",                    
                                                                                                   "Parallel Aware": false,                           
                                                                                                   "Join Type": "Inner",                              
                                                                                                   "Startup Cost": 345.08,                            
                                                                                                   "Total Cost": 359.04,                              
                                                                                                   "Plan Rows": 1666,                                 
                                                                                                   "Plan Width": 8,                                   
                                                                                                   "Actual Startup Time": 83.834,                     
                                                                                                   "Actual Total Time": 85.335,                       
                                                                                                   "Actual Rows": 2315,                               
                                                                                                   "Actual Loops": 1,                                 
                                                                                                   "Inner Unique": true,                              
                                                                                                   "Merge Cond": "(ml.link_type_id = lt.id)",         
                                                                                                   "Shared Hit Blocks": 85,                           
                                                                                                   "Shared Read Blocks": 239,                         
                                                                                                   "Shared Dirtied Blocks": 0,                        
                                                                                                   "Shared Written Blocks": 0,                        
                                                                                                   "Local Hit Blocks": 0,                             
                                                                                                   "Local Read Blocks": 0,                            
                                                                                                   "Local Dirtied Blocks": 0,                         
                                                                                                   "Local Written Blocks": 0,                         
                                                                                                   "Temp Read Blocks": 0,                             
                                                                                                   "Temp Written Blocks": 0,                          
                                                                                                   "Plans": [                                         
                                                                                                     {                                                
                                                                                                       "Node Type": "Sort",                           
                                                                                                       "Parent Relationship": "Outer",                
                                                                                                       "Parallel Aware": false,                       
                                                                                                       "Startup Cost": 345.08,                        
                                                                                                       "Total Cost": 347.41,                          
                                                                                                       "Plan Rows": 29997,                            
                                                                                                       "Plan Width": 12,                              
                                                                                                       "Actual Startup Time": 83.812,                 
                                                                                                       "Actual Total Time": 84.129,                   
                                                                                                       "Actual Rows": 2316,                           
                                                                                                       "Actual Loops": 1,                             
                                                                                                       "Sort Key": ["ml.link_type_id"],               
                                                                                                       "Sort Method": "quicksort",                    
                                                                                                       "Sort Space Used": 2175,                       
                                                                                                       "Sort Space Type": "Memory",                   
                                                                                                       "Shared Hit Blocks": 83,                       
                                                                                                       "Shared Read Blocks": 239,                     
                                                                                                       "Shared Dirtied Blocks": 0,                    
                                                                                                       "Shared Written Blocks": 0,                    
                                                                                                       "Local Hit Blocks": 0,                         
                                                                                                       "Local Read Blocks": 0,                        
                                                                                                       "Local Dirtied Blocks": 0,                     
                                                                                                       "Local Written Blocks": 0,                     
                                                                                                       "Temp Read Blocks": 0,                         
                                                                                                       "Temp Written Blocks": 0,                      
                                                                                                       "Plans": [                                     
                                                                                                         {                                            
                                                                                                           "Node Type": "Index Scan",                 
                                                                                                           "Parent Relationship": "Outer",            
                                                                                                           "Parallel Aware": false,                   
                                                                                                           "Scan Direction": "Forward",               
                                                                                                           "Index Name": "movie_id_movie_link",       
                                                                                                           "Relation Name": "movie_link",             
                                                                                                           "Alias": "ml",                             
                                                                                                           "Startup Cost": 0.01,                      
                                                                                                           "Total Cost": 275.80,                      
                                                                                                           "Plan Rows": 29997,                        
                                                                                                           "Plan Width": 12,                          
                                                                                                           "Actual Startup Time": 0.043,              
                                                                                                           "Actual Total Time": 62.829,               
                                                                                                           "Actual Rows": 29997,                      
                                                                                                           "Actual Loops": 1,                         
                                                                                                           "Shared Hit Blocks": 83,                   
                                                                                                           "Shared Read Blocks": 239,                 
                                                                                                           "Shared Dirtied Blocks": 0,                
                                                                                                           "Shared Written Blocks": 0,                
                                                                                                           "Local Hit Blocks": 0,                     
                                                                                                           "Local Read Blocks": 0,                    
                                                                                                           "Local Dirtied Blocks": 0,                 
                                                                                                           "Local Written Blocks": 0,                 
                                                                                                           "Temp Read Blocks": 0,                     
                                                                                                           "Temp Written Blocks": 0                   
                                                                                                         }                                            
                                                                                                       ]                                              
                                                                                                     },                                               
                                                                                                     {                                                
                                                                                                       "Node Type": "Index Scan",                     
                                                                                                       "Parent Relationship": "Inner",                
                                                                                                       "Parallel Aware": false,                       
                                                                                                       "Scan Direction": "Forward",                   
                                                                                                       "Index Name": "link_type_pkey",                
                                                                                                       "Relation Name": "link_type",                  
                                                                                                       "Alias": "lt",                                 
                                                                                                       "Startup Cost": 0.00,                          
                                                                                                       "Total Cost": 9.19,                            
                                                                                                       "Plan Rows": 1,                                
                                                                                                       "Plan Width": 4,                               
                                                                                                       "Actual Startup Time": 0.015,                  
                                                                                                       "Actual Total Time": 0.029,                    
                                                                                                       "Actual Rows": 2,                              
                                                                                                       "Actual Loops": 1,                             
                                                                                                       "Filter": "((link)::text ~~ '%follow%'::text)",
                                                                                                       "Rows Removed by Filter": 16,                  
                                                                                                       "Shared Hit Blocks": 2,                        
                                                                                                       "Shared Read Blocks": 0,                       
                                                                                                       "Shared Dirtied Blocks": 0,                    
                                                                                                       "Shared Written Blocks": 0,                    
                                                                                                       "Local Hit Blocks": 0,                         
                                                                                                       "Local Read Blocks": 0,                        
                                                                                                       "Local Dirtied Blocks": 0,                     
                                                                                                       "Local Written Blocks": 0,                     
                                                                                                       "Temp Read Blocks": 0,                         
                                                                                                       "Temp Written Blocks": 0                       
                                                                                                     }                                                
                                                                                                   ]                                                  
                                                                                                 }                                                    
                                                                                               ]                                                      
                                                                                             },                                                       
                                                                                             {                                                        
                                                                                               "Node Type": "Index Scan",                             
                                                                                               "Parent Relationship": "Inner",                        
                                                                                               "Parallel Aware": false,                               
                                                                                               "Scan Direction": "Forward",                           
                                                                                               "Index Name": "movie_id_movie_info_idx",               
                                                                                               "Relation Name": "movie_info_idx",                     
                                                                                               "Alias": "mi_idx",                                    
                                                                                               "Startup Cost": 0.01,                                  
                                                                                               "Total Cost": 12138.14,                                
                                                                                               "Plan Rows": 658313,                                   
                                                                                               "Plan Width": 14,                                      
                                                                                               "Actual Startup Time": 0.021,                          
                                                                                               "Actual Total Time": 2019.732,                         
                                                                                               "Actual Rows": 650201,                                 
                                                                                               "Actual Loops": 1,                                     
                                                                                               "Filter": "(info < '3.0'::text)",                      
                                                                                               "Rows Removed by Filter": 713230,                      
                                                                                               "Shared Hit Blocks": 13353,                            
                                                                                               "Shared Read Blocks": 12044,                           
                                                                                               "Shared Dirtied Blocks": 0,                            
                                                                                               "Shared Written Blocks": 0,                            
                                                                                               "Local Hit Blocks": 0,                                 
                                                                                               "Local Read Blocks": 0,                                
                                                                                               "Local Dirtied Blocks": 0,                             
                                                                                               "Local Written Blocks": 0,                             
                                                                                               "Temp Read Blocks": 0,                                 
                                                                                               "Temp Written Blocks": 0                               
                                                                                             }                                                        
                                                                                           ]                                                          
                                                                                         },                                                           
                                                                                         {                                                            
                                                                                           "Node Type": "Index Scan",                                 
                                                                                           "Parent Relationship": "Inner",                            
                                                                                           "Parallel Aware": false,                                   
                                                                                           "Scan Direction": "Forward",                               
                                                                                           "Index Name": "title_idx_id",                              
                                                                                           "Relation Name": "title",                                  
                                                                                           "Alias": "t",                                             
                                                                                           "Startup Cost": 0.01,                                      
                                                                                           "Total Cost": 23238.35,                                    
                                                                                           "Plan Rows": 119565,                                       
                                                                                           "Plan Width": 25,                                          
                                                                                           "Actual Startup Time": 388.887,                            
                                                                                           "Actual Total Time": 11372.461,                            
                                                                                           "Actual Rows": 118939,                                     
                                                                                           "Actual Loops": 1,                                         
                                                                                           "Filter": "(production_year = 2007)",                      
                                                                                           "Rows Removed by Filter": 2387611,                         
                                                                                           "Shared Hit Blocks": 2469142,                              
                                                                                           "Shared Read Blocks": 42807,                               
                                                                                           "Shared Dirtied Blocks": 0,                                
                                                                                           "Shared Written Blocks": 0,                                
                                                                                           "Local Hit Blocks": 0,                                     
                                                                                           "Local Read Blocks": 0,                                    
                                                                                           "Local Dirtied Blocks": 0,                                 
                                                                                           "Local Written Blocks": 0,                                 
                                                                                           "Temp Read Blocks": 0,                                     
                                                                                           "Temp Written Blocks": 0                                   
                                                                                         }                                                            
                                                                                       ]                                                              
                                                                                     }                                                                
                                                                                   ]                                                                  
                                                                                 }                                                                    
                                                                               ]                                                                      
                                                                             }                                                                        
                                                                           ]                                                                          
                                                                         }                                                                            
                                                                       ]                                                                              
                                                                     }                                                                                
                                                                   ]                                                                                  
                                                                 },                                                                                   
                                                                 {                                                                                    
                                                                   "Node Type": "Index Scan",                                                         
                                                                   "Parent Relationship": "Inner",                                                    
                                                                   "Parallel Aware": false,                                                           
                                                                   "Scan Direction": "Forward",                                                       
                                                                   "Index Name": "movie_id_movie_info_idx",                                           
                                                                   "Relation Name": "movie_info_idx",                                                 
                                                                   "Alias": "mi_idx",                                                                
                                                                   "Startup Cost": 0.01,                                                              
                                                                   "Total Cost": 12031.00,                                                            
                                                                   "Plan Rows": 1380035,                                                              
                                                                   "Plan Width": 14,                                                                  
                                                                   "Actual Startup Time": 0.016,                                                      
                                                                   "Actual Total Time": 8.219,                                                        
                                                                   "Actual Rows": 46162,                                                              
                                                                   "Actual Loops": 1,                                                                 
                                                                   "Shared Hit Blocks": 624,                                                          
                                                                   "Shared Read Blocks": 0,                                                           
                                                                   "Shared Dirtied Blocks": 0,                                                        
                                                                   "Shared Written Blocks": 0,                                                        
                                                                   "Local Hit Blocks": 0,                                                             
                                                                   "Local Read Blocks": 0,                                                            
                                                                   "Local Dirtied Blocks": 0,                                                         
                                                                   "Local Written Blocks": 0,                                                         
                                                                   "Temp Read Blocks": 0,                                                             
                                                                   "Temp Written Blocks": 0                                                           
                                                                 }                                                                                    
                                                               ]                                                                                      
                                                             },                                                                                       
                                                             {                                                                                        
                                                               "Node Type": "Index Scan",                                                             
                                                               "Parent Relationship": "Inner",                                                        
                                                               "Parallel Aware": false,                                                               
                                                               "Scan Direction": "Forward",                                                           
                                                               "Index Name": "title_idx_id",                                                          
                                                               "Relation Name": "title",                                                              
                                                               "Alias": "t",                                                                         
                                                               "Startup Cost": 0.01,                                                                  
                                                               "Total Cost": 23042.05,                                                                
                                                               "Plan Rows": 2528312,                                                                  
                                                               "Plan Width": 25,                                                                      
                                                               "Actual Startup Time": 0.011,                                                          
                                                               "Actual Total Time": 95.586,                                                           
                                                               "Actual Rows": 142987,                                                                 
                                                               "Actual Loops": 1,                                                                     
                                                               "Shared Hit Blocks": 143334,                                                           
                                                               "Shared Read Blocks": 0,                                                               
                                                               "Shared Dirtied Blocks": 0,                                                            
                                                               "Shared Written Blocks": 0,                                                            
                                                               "Local Hit Blocks": 0,                                                                 
                                                               "Local Read Blocks": 0,                                                                
                                                               "Local Dirtied Blocks": 0,                                                             
                                                               "Local Written Blocks": 0,                                                             
                                                               "Temp Read Blocks": 0,                                                                 
                                                               "Temp Written Blocks": 0                                                               
                                                             }                                                                                        
                                                           ]                                                                                          
                                                         }                                                                                            
                                                       ]                                                                                              
                                                     }                                                                                                
                                                   ]                                                                                                  
                                                 }                                                                                                    
                                               ]                                                                                                      
                                             },                                                                                                       
                                             {                                                                                                        
                                               "Node Type": "Sort",                                                                                   
                                               "Parent Relationship": "Inner",                                                                        
                                               "Parallel Aware": false,                                                                               
                                               "Startup Cost": 6.13,                                                                                  
                                               "Total Cost": 6.13,                                                                                    
                                               "Plan Rows": 1,                                                                                        
                                               "Plan Width": 4,                                                                                       
                                               "Actual Startup Time": 0.033,                                                                          
                                               "Actual Total Time": 0.033,                                                                            
                                               "Actual Rows": 1,                                                                                      
                                               "Actual Loops": 1,                                                                                     
                                               "Sort Key": ["it.id"],                                                                                
                                               "Sort Method": "quicksort",                                                                            
                                               "Sort Space Used": 25,                                                                                 
                                               "Sort Space Type": "Memory",                                                                           
                                               "Shared Hit Blocks": 1,                                                                                
                                               "Shared Read Blocks": 1,                                                                               
                                               "Shared Dirtied Blocks": 0,                                                                            
                                               "Shared Written Blocks": 0,                                                                            
                                               "Local Hit Blocks": 0,                                                                                 
                                               "Local Read Blocks": 0,                                                                                
                                               "Local Dirtied Blocks": 0,                                                                             
                                               "Local Written Blocks": 0,                                                                             
                                               "Temp Read Blocks": 0,                                                                                 
                                               "Temp Written Blocks": 0,                                                                              
                                               "Plans": [                                                                                             
                                                 {                                                                                                    
                                                   "Node Type": "Index Scan",                                                                         
                                                   "Parent Relationship": "Outer",                                                                    
                                                   "Parallel Aware": false,                                                                           
                                                   "Scan Direction": "Forward",                                                                       
                                                   "Index Name": "info_type_info_key",                                                                
                                                   "Relation Name": "info_type",                                                                      
                                                   "Alias": "it",                                                                                    
                                                   "Startup Cost": 0.00,                                                                              
                                                   "Total Cost": 6.13,                                                                                
                                                   "Plan Rows": 1,                                                                                    
                                                   "Plan Width": 4,                                                                                   
                                                   "Actual Startup Time": 0.025,                                                                      
                                                   "Actual Total Time": 0.025,                                                                        
                                                   "Actual Rows": 1,                                                                                  
                                                   "Actual Loops": 1,                                                                                 
                                                   "Index Cond": "((info)::text = 'rating'::text)",                                                   
                                                   "Rows Removed by Index Recheck": 0,                                                                
                                                   "Shared Hit Blocks": 1,                                                                            
                                                   "Shared Read Blocks": 1,                                                                           
                                                   "Shared Dirtied Blocks": 0,                                                                        
                                                   "Shared Written Blocks": 0,                                                                        
                                                   "Local Hit Blocks": 0,                                                                             
                                                   "Local Read Blocks": 0,                                                                            
                                                   "Local Dirtied Blocks": 0,                                                                         
                                                   "Local Written Blocks": 0,                                                                         
                                                   "Temp Read Blocks": 0,                                                                             
                                                   "Temp Written Blocks": 0                                                                           
                                                 }                                                                                                    
                                               ]                                                                                                      
                                             }                                                                                                        
                                           ]                                                                                                          
                                         }                                                                                                            
                                       ]                                                                                                              
                                     }                                                                                                                
                                   ]                                                                                                                  
                                 }                                                                                                                    
                               ]                                                                                                                      
                             }                                                                                                                        
                           ]                                                                                                                          
                         }                                                                                                                            
                       ]                                                                                                                              
                     },                                                                                                                               
                     {                                                                                                                                
                       "Node Type": "Sort",                                                                                                           
                       "Parent Relationship": "Inner",                                                                                                
                       "Parallel Aware": false,                                                                                                       
                       "Startup Cost": 6.13,                                                                                                          
                       "Total Cost": 6.13,                                                                                                            
                       "Plan Rows": 1,                                                                                                                
                       "Plan Width": 4,                                                                                                               
                       "Actual Startup Time": 0.019,                                                                                                  
                       "Actual Total Time": 0.019,                                                                                                    
                       "Actual Rows": 1,                                                                                                              
                       "Actual Loops": 1,                                                                                                             
                       "Sort Key": ["kt.id"],                                                                                                        
                       "Sort Method": "quicksort",                                                                                                    
                       "Sort Space Used": 25,                                                                                                         
                       "Sort Space Type": "Memory",                                                                                                   
                       "Shared Hit Blocks": 2,                                                                                                        
                       "Shared Read Blocks": 0,                                                                                                       
                       "Shared Dirtied Blocks": 0,                                                                                                    
                       "Shared Written Blocks": 0,                                                                                                    
                       "Local Hit Blocks": 0,                                                                                                         
                       "Local Read Blocks": 0,                                                                                                        
                       "Local Dirtied Blocks": 0,                                                                                                     
                       "Local Written Blocks": 0,                                                                                                     
                       "Temp Read Blocks": 0,                                                                                                         
                       "Temp Written Blocks": 0,                                                                                                      
                       "Plans": [                                                                                                                     
                         {                                                                                                                            
                           "Node Type": "Index Scan",                                                                                                 
                           "Parent Relationship": "Outer",                                                                                            
                           "Parallel Aware": false,                                                                                                   
                           "Scan Direction": "Forward",                                                                                               
                           "Index Name": "kind_type_kind_key",                                                                                        
                           "Relation Name": "kind_type",                                                                                              
                           "Alias": "kt",                                                                                                            
                           "Startup Cost": 0.00,                                                                                                      
                           "Total Cost": 6.12,                                                                                                        
                           "Plan Rows": 1,                                                                                                            
                           "Plan Width": 4,                                                                                                           
                           "Actual Startup Time": 0.011,                                                                                              
                           "Actual Total Time": 0.011,                                                                                                
                           "Actual Rows": 1,                                                                                                          
                           "Actual Loops": 1,                                                                                                         
                           "Index Cond": "((kind)::text = 'tv series'::text)",                                                                        
                           "Rows Removed by Index Recheck": 0,                                                                                        
                           "Shared Hit Blocks": 2,                                                                                                    
                           "Shared Read Blocks": 0,                                                                                                   
                           "Shared Dirtied Blocks": 0,                                                                                                
                           "Shared Written Blocks": 0,                                                                                                
                           "Local Hit Blocks": 0,                                                                                                     
                           "Local Read Blocks": 0,                                                                                                    
                           "Local Dirtied Blocks": 0,                                                                                                 
                           "Local Written Blocks": 0,                                                                                                 
                           "Temp Read Blocks": 0,                                                                                                     
                           "Temp Written Blocks": 0                                                                                                   
                         }                                                                                                                            
                       ]                                                                                                                              
                     }                                                                                                                                
                   ]                                                                                                                                  
                 }                                                                                                                                    
               ]                                                                                                                                      
             },                                                                                                                                       
             {                                                                                                                                        
               "Node Type": "Sort",                                                                                                                   
               "Parent Relationship": "Inner",                                                                                                        
               "Parallel Aware": false,                                                                                                               
               "Startup Cost": 6.13,                                                                                                                  
               "Total Cost": 6.13,                                                                                                                    
               "Plan Rows": 1,                                                                                                                        
               "Plan Width": 4,                                                                                                                       
               "Actual Startup Time": 0.014,                                                                                                          
               "Actual Total Time": 0.014,                                                                                                            
               "Actual Rows": 1,                                                                                                                      
               "Actual Loops": 1,                                                                                                                     
               "Sort Key": ["it.id"],                                                                                                                
               "Sort Method": "quicksort",                                                                                                            
               "Sort Space Used": 25,                                                                                                                 
               "Sort Space Type": "Memory",                                                                                                           
               "Shared Hit Blocks": 2,                                                                                                                
               "Shared Read Blocks": 0,                                                                                                               
               "Shared Dirtied Blocks": 0,                                                                                                            
               "Shared Written Blocks": 0,                                                                                                            
               "Local Hit Blocks": 0,                                                                                                                 
               "Local Read Blocks": 0,                                                                                                                
               "Local Dirtied Blocks": 0,                                                                                                             
               "Local Written Blocks": 0,                                                                                                             
               "Temp Read Blocks": 0,                                                                                                                 
               "Temp Written Blocks": 0,                                                                                                              
               "Plans": [                                                                                                                             
                 {                                                                                                                                    
                   "Node Type": "Index Scan",                                                                                                         
                   "Parent Relationship": "Outer",                                                                                                    
                   "Parallel Aware": false,                                                                                                           
                   "Scan Direction": "Forward",                                                                                                       
                   "Index Name": "info_type_info_key",                                                                                                
                   "Relation Name": "info_type",                                                                                                      
                   "Alias": "it",                                                                                                                    
                   "Startup Cost": 0.00,                                                                                                              
                   "Total Cost": 6.13,                                                                                                                
                   "Plan Rows": 1,                                                                                                                    
                   "Plan Width": 4,                                                                                                                   
                   "Actual Startup Time": 0.006,                                                                                                      
                   "Actual Total Time": 0.007,                                                                                                        
                   "Actual Rows": 1,                                                                                                                  
                   "Actual Loops": 1,                                                                                                                 
                   "Index Cond": "((info)::text = 'rating'::text)",                                                                                   
                   "Rows Removed by Index Recheck": 0,                                                                                                
                   "Shared Hit Blocks": 2,                                                                                                            
                   "Shared Read Blocks": 0,                                                                                                           
                   "Shared Dirtied Blocks": 0,                                                                                                        
                   "Shared Written Blocks": 0,                                                                                                        
                   "Local Hit Blocks": 0,                                                                                                             
                   "Local Read Blocks": 0,                                                                                                            
                   "Local Dirtied Blocks": 0,                                                                                                         
                   "Local Written Blocks": 0,                                                                                                         
                   "Temp Read Blocks": 0,                                                                                                             
                   "Temp Written Blocks": 0                                                                                                           
                 }                                                                                                                                    
               ]                                                                                                                                      
             }                                                                                                                                        
           ]                                                                                                                                          
         }                                                                                                                                            
       ]                                                                                                                                              
     },                                                                                                                                               
     "Planning Time": 6294.617,                                                                                                                       
     "Triggers": [                                                                                                                                    
     ],                                                                                                                                               
     "Execution Time": 14628.481                                                                                                                      
   }                                                                                                                                                  
 ]
