 [                                                                                                                                                                         
   {                                                                                                                                                                       
     "Plan": {                                                                                                                                                             
       "Node Type": "Aggregate",                                                                                                                                           
       "Strategy": "Plain",                                                                                                                                                
       "Partial Mode": "Simple",                                                                                                                                           
       "Parallel Aware": false,                                                                                                                                            
       "Startup Cost": 486422.19,                                                                                                                                          
       "Total Cost": 486422.19,                                                                                                                                            
       "Plan Rows": 1,                                                                                                                                                     
       "Plan Width": 64,                                                                                                                                                   
       "Actual Startup Time": 52358.937,                                                                                                                                   
       "Actual Total Time": 52358.937,                                                                                                                                     
       "Actual Rows": 1,                                                                                                                                                   
       "Actual Loops": 1,                                                                                                                                                  
       "Shared Hit Blocks": 6787417,                                                                                                                                       
       "Shared Read Blocks": 480350,                                                                                                                                       
       "Shared Dirtied Blocks": 0,                                                                                                                                         
       "Shared Written Blocks": 0,                                                                                                                                         
       "Local Hit Blocks": 0,                                                                                                                                              
       "Local Read Blocks": 0,                                                                                                                                             
       "Local Dirtied Blocks": 0,                                                                                                                                          
       "Local Written Blocks": 0,                                                                                                                                          
       "Temp Read Blocks": 0,                                                                                                                                              
       "Temp Written Blocks": 0,                                                                                                                                           
       "Plans": [                                                                                                                                                          
         {                                                                                                                                                                 
           "Node Type": "Merge Join",                                                                                                                                      
           "Parent Relationship": "Outer",                                                                                                                                 
           "Parallel Aware": false,                                                                                                                                        
           "Join Type": "Inner",                                                                                                                                           
           "Startup Cost": 407825.35,                                                                                                                                      
           "Total Cost": 486422.19,                                                                                                                                        
           "Plan Rows": 1,                                                                                                                                                 
           "Plan Width": 33,                                                                                                                                               
           "Actual Startup Time": 52358.451,                                                                                                                               
           "Actual Total Time": 52358.899,                                                                                                                                 
           "Actual Rows": 6,                                                                                                                                               
           "Actual Loops": 1,                                                                                                                                              
           "Inner Unique": false,                                                                                                                                          
           "Merge Cond": "(an.person_id = ci.person_id)",                                                                                                                  
           "Shared Hit Blocks": 6787417,                                                                                                                                   
           "Shared Read Blocks": 480350,                                                                                                                                   
           "Shared Dirtied Blocks": 0,                                                                                                                                     
           "Shared Written Blocks": 0,                                                                                                                                     
           "Local Hit Blocks": 0,                                                                                                                                          
           "Local Read Blocks": 0,                                                                                                                                         
           "Local Dirtied Blocks": 0,                                                                                                                                      
           "Local Written Blocks": 0,                                                                                                                                      
           "Temp Read Blocks": 0,                                                                                                                                          
           "Temp Written Blocks": 0,                                                                                                                                       
           "Plans": [                                                                                                                                                      
             {                                                                                                                                                             
               "Node Type": "Merge Join",                                                                                                                                  
               "Parent Relationship": "Outer",                                                                                                                             
               "Parallel Aware": false,                                                                                                                                    
               "Join Type": "Inner",                                                                                                                                       
               "Startup Cost": 0.03,                                                                                                                                       
               "Total Cost": 91699.23,                                                                                                                                     
               "Plan Rows": 4689,                                                                                                                                          
               "Plan Width": 24,                                                                                                                                           
               "Actual Startup Time": 25.439,                                                                                                                              
               "Actual Total Time": 4914.073,                                                                                                                              
               "Actual Rows": 2105,                                                                                                                                        
               "Actual Loops": 1,                                                                                                                                          
               "Inner Unique": true,                                                                                                                                       
               "Merge Cond": "(an.person_id = n.id)",                                                                                                                      
               "Shared Hit Blocks": 2777730,                                                                                                                               
               "Shared Read Blocks": 58694,                                                                                                                                
               "Shared Dirtied Blocks": 0,                                                                                                                                 
               "Shared Written Blocks": 0,                                                                                                                                 
               "Local Hit Blocks": 0,                                                                                                                                      
               "Local Read Blocks": 0,                                                                                                                                     
               "Local Dirtied Blocks": 0,                                                                                                                                  
               "Local Written Blocks": 0,                                                                                                                                  
               "Temp Read Blocks": 0,                                                                                                                                      
               "Temp Written Blocks": 0,                                                                                                                                   
               "Plans": [                                                                                                                                                  
                 {                                                                                                                                                         
                   "Node Type": "Index Scan",                                                                                                                              
                   "Parent Relationship": "Outer",                                                                                                                         
                   "Parallel Aware": false,                                                                                                                                
                   "Scan Direction": "Forward",                                                                                                                            
                   "Index Name": "person_id_aka_name",                                                                                                                     
                   "Relation Name": "aka_name",                                                                                                                            
                   "Alias": "an",                                                                                                                                          
                   "Startup Cost": 0.01,                                                                                                                                   
                   "Total Cost": 42491.32,                                                                                                                                 
                   "Plan Rows": 901343,                                                                                                                                    
                   "Plan Width": 20,                                                                                                                                       
                   "Actual Startup Time": 0.025,                                                                                                                           
                   "Actual Total Time": 494.496,                                                                                                                           
                   "Actual Rows": 576728,                                                                                                                                  
                   "Actual Loops": 1,                                                                                                                                      
                   "Shared Hit Blocks": 201918,                                                                                                                            
                   "Shared Read Blocks": 12968,                                                                                                                            
                   "Shared Dirtied Blocks": 0,                                                                                                                             
                   "Shared Written Blocks": 0,                                                                                                                             
                   "Local Hit Blocks": 0,                                                                                                                                  
                   "Local Read Blocks": 0,                                                                                                                                 
                   "Local Dirtied Blocks": 0,                                                                                                                              
                   "Local Written Blocks": 0,                                                                                                                              
                   "Temp Read Blocks": 0,                                                                                                                                  
                   "Temp Written Blocks": 0                                                                                                                                
                 },                                                                                                                                                        
                 {                                                                                                                                                         
                   "Node Type": "Index Scan",                                                                                                                              
                   "Parent Relationship": "Inner",                                                                                                                         
                   "Parallel Aware": false,                                                                                                                                
                   "Scan Direction": "Forward",                                                                                                                            
                   "Index Name": "name_pkey",                                                                                                                              
                   "Relation Name": "name",                                                                                                                                
                   "Alias": "n",                                                                                                                                           
                   "Startup Cost": 0.01,                                                                                                                                   
                   "Total Cost": 49135.93,                                                                                                                                 
                   "Plan Rows": 21680,                                                                                                                                     
                   "Plan Width": 4,                                                                                                                                        
                   "Actual Startup Time": 16.276,                                                                                                                          
                   "Actual Total Time": 4326.479,                                                                                                                          
                   "Actual Rows": 11663,                                                                                                                                   
                   "Actual Loops": 1,                                                                                                                                      
                   "Filter": "((name ~~ '%Yo%'::text) AND (name !~~ '%Yu%'::text))",                                                                                       
                   "Rows Removed by Filter": 2678222,                                                                                                                      
                   "Shared Hit Blocks": 2575812,                                                                                                                           
                   "Shared Read Blocks": 45726,                                                                                                                            
                   "Shared Dirtied Blocks": 0,                                                                                                                             
                   "Shared Written Blocks": 0,                                                                                                                             
                   "Local Hit Blocks": 0,                                                                                                                                  
                   "Local Read Blocks": 0,                                                                                                                                 
                   "Local Dirtied Blocks": 0,                                                                                                                              
                   "Local Written Blocks": 0,                                                                                                                              
                   "Temp Read Blocks": 0,                                                                                                                                  
                   "Temp Written Blocks": 0                                                                                                                                
                 }                                                                                                                                                         
               ]                                                                                                                                                           
             },                                                                                                                                                            
             {                                                                                                                                                             
               "Node Type": "Sort",                                                                                                                                        
               "Parent Relationship": "Inner",                                                                                                                             
               "Parallel Aware": false,                                                                                                                                    
               "Startup Cost": 407825.33,                                                                                                                                  
               "Total Cost": 407825.33,                                                                                                                                    
               "Plan Rows": 1,                                                                                                                                             
               "Plan Width": 21,                                                                                                                                           
               "Actual Startup Time": 47444.397,                                                                                                                           
               "Actual Total Time": 47444.418,                                                                                                                             
               "Actual Rows": 26,                                                                                                                                          
               "Actual Loops": 1,                                                                                                                                          
               "Sort Key": ["ci.person_id"],                                                                                                                               
               "Sort Method": "quicksort",                                                                                                                                 
               "Sort Space Used": 27,                                                                                                                                      
               "Sort Space Type": "Memory",                                                                                                                                
               "Shared Hit Blocks": 4009687,                                                                                                                               
               "Shared Read Blocks": 421656,                                                                                                                               
               "Shared Dirtied Blocks": 0,                                                                                                                                 
               "Shared Written Blocks": 0,                                                                                                                                 
               "Local Hit Blocks": 0,                                                                                                                                      
               "Local Read Blocks": 0,                                                                                                                                     
               "Local Dirtied Blocks": 0,                                                                                                                                  
               "Local Written Blocks": 0,                                                                                                                                  
               "Temp Read Blocks": 0,                                                                                                                                      
               "Temp Written Blocks": 0,                                                                                                                                   
               "Plans": [                                                                                                                                                  
                 {                                                                                                                                                         
                   "Node Type": "Merge Join",                                                                                                                              
                   "Parent Relationship": "Outer",                                                                                                                         
                   "Parallel Aware": false,                                                                                                                                
                   "Join Type": "Inner",                                                                                                                                   
                   "Startup Cost": 383996.89,                                                                                                                              
                   "Total Cost": 407825.33,                                                                                                                                
                   "Plan Rows": 1,                                                                                                                                         
                   "Plan Width": 21,                                                                                                                                       
                   "Actual Startup Time": 45084.969,                                                                                                                       
                   "Actual Total Time": 47414.595,                                                                                                                         
                   "Actual Rows": 25,                                                                                                                                      
                   "Actual Loops": 1,                                                                                                                                      
                   "Inner Unique": true,                                                                                                                                   
                   "Merge Cond": "(ci.movie_id = t.id)",                                                                                                                   
                   "Shared Hit Blocks": 4009683,                                                                                                                           
                   "Shared Read Blocks": 421656,                                                                                                                           
                   "Shared Dirtied Blocks": 0,                                                                                                                             
                   "Shared Written Blocks": 0,                                                                                                                             
                   "Local Hit Blocks": 0,                                                                                                                                  
                   "Local Read Blocks": 0,                                                                                                                                 
                   "Local Dirtied Blocks": 0,                                                                                                                              
                   "Local Written Blocks": 0,                                                                                                                              
                   "Temp Read Blocks": 0,                                                                                                                                  
                   "Temp Written Blocks": 0,                                                                                                                               
                   "Plans": [                                                                                                                                              
                     {                                                                                                                                                     
                       "Node Type": "Merge Join",                                                                                                                          
                       "Parent Relationship": "Outer",                                                                                                                     
                       "Parallel Aware": false,                                                                                                                            
                       "Join Type": "Inner",                                                                                                                               
                       "Startup Cost": 383996.87,                                                                                                                          
                       "Total Cost": 383998.08,                                                                                                                            
                       "Plan Rows": 1,                                                                                                                                     
                       "Plan Width": 12,                                                                                                                                   
                       "Actual Startup Time": 37949.738,                                                                                                                   
                       "Actual Total Time": 37965.000,                                                                                                                     
                       "Actual Rows": 925,                                                                                                                                 
                       "Actual Loops": 1,                                                                                                                                  
                       "Inner Unique": false,                                                                                                                              
                       "Merge Cond": "(ci.movie_id = mc.movie_id)",                                                                                                        
                       "Shared Hit Blocks": 1519809,                                                                                                                       
                       "Shared Read Blocks": 378752,                                                                                                                       
                       "Shared Dirtied Blocks": 0,                                                                                                                         
                       "Shared Written Blocks": 0,                                                                                                                         
                       "Local Hit Blocks": 0,                                                                                                                              
                       "Local Read Blocks": 0,                                                                                                                             
                       "Local Dirtied Blocks": 0,                                                                                                                          
                       "Local Written Blocks": 0,                                                                                                                          
                       "Temp Read Blocks": 0,                                                                                                                              
                       "Temp Written Blocks": 0,                                                                                                                           
                       "Plans": [                                                                                                                                          
                         {                                                                                                                                                 
                           "Node Type": "Sort",                                                                                                                            
                           "Parent Relationship": "Outer",                                                                                                                 
                           "Parallel Aware": false,                                                                                                                        
                           "Startup Cost": 318837.41,                                                                                                                      
                           "Total Cost": 318838.02,                                                                                                                        
                           "Plan Rows": 7772,                                                                                                                              
                           "Plan Width": 8,                                                                                                                                
                           "Actual Startup Time": 24672.303,                                                                                                               
                           "Actual Total Time": 24676.531,                                                                                                                 
                           "Actual Rows": 32758,                                                                                                                           
                           "Actual Loops": 1,                                                                                                                              
                           "Sort Key": ["ci.movie_id"],                                                                                                                    
                           "Sort Method": "quicksort",                                                                                                                     
                           "Sort Space Used": 3170,                                                                                                                        
                           "Sort Space Type": "Memory",                                                                                                                    
                           "Shared Hit Blocks": 8,                                                                                                                         
                           "Shared Read Blocks": 351682,                                                                                                                   
                           "Shared Dirtied Blocks": 0,                                                                                                                     
                           "Shared Written Blocks": 0,                                                                                                                     
                           "Local Hit Blocks": 0,                                                                                                                          
                           "Local Read Blocks": 0,                                                                                                                         
                           "Local Dirtied Blocks": 0,                                                                                                                      
                           "Local Written Blocks": 0,                                                                                                                      
                           "Temp Read Blocks": 0,                                                                                                                          
                           "Temp Written Blocks": 0,                                                                                                                       
                           "Plans": [                                                                                                                                      
                             {                                                                                                                                             
                               "Node Type": "Merge Join",                                                                                                                  
                               "Parent Relationship": "Outer",                                                                                                             
                               "Parallel Aware": false,                                                                                                                    
                               "Join Type": "Inner",                                                                                                                       
                               "Startup Cost": 0.02,                                                                                                                       
                               "Total Cost": 318821.82,                                                                                                                    
                               "Plan Rows": 7772,                                                                                                                          
                               "Plan Width": 8,                                                                                                                            
                               "Actual Startup Time": 8716.025,                                                                                                            
                               "Actual Total Time": 24648.985,                                                                                                             
                               "Actual Rows": 34848,                                                                                                                       
                               "Actual Loops": 1,                                                                                                                          
                               "Inner Unique": true,                                                                                                                       
                               "Merge Cond": "(ci.role_id = rt.id)",                                                                                                       
                               "Shared Hit Blocks": 8,                                                                                                                     
                               "Shared Read Blocks": 351682,                                                                                                               
                               "Shared Dirtied Blocks": 0,                                                                                                                 
                               "Shared Written Blocks": 0,                                                                                                                 
                               "Local Hit Blocks": 0,                                                                                                                      
                               "Local Read Blocks": 0,                                                                                                                     
                               "Local Dirtied Blocks": 0,                                                                                                                  
                               "Local Written Blocks": 0,                                                                                                                  
                               "Temp Read Blocks": 0,                                                                                                                      
                               "Temp Written Blocks": 0,                                                                                                                   
                               "Plans": [                                                                                                                                  
                                 {                                                                                                                                         
                                   "Node Type": "Index Scan",                                                                                                              
                                   "Parent Relationship": "Outer",                                                                                                         
                                   "Parallel Aware": false,                                                                                                                
                                   "Scan Direction": "Forward",                                                                                                            
                                   "Index Name": "role_id_cast_info",                                                                                                      
                                   "Relation Name": "cast_info",                                                                                                           
                                   "Alias": "ci",                                                                                                                          
                                   "Startup Cost": 0.02,                                                                                                                   
                                   "Total Cost": 318804.85,                                                                                                                
                                   "Plan Rows": 93269,                                                                                                                     
                                   "Plan Width": 12,                                                                                                                       
                                   "Actual Startup Time": 47.438,                                                                                                          
                                   "Actual Total Time": 24619.420,                                                                                                         
                                   "Actual Rows": 93095,                                                                                                                   
                                   "Actual Loops": 1,                                                                                                                      
                                   "Filter": "(note = '(voice: English version)'::text)",                                                                                  
                                   "Rows Removed by Filter": 36151249,                                                                                                     
                                   "Shared Hit Blocks": 6,                                                                                                                 
                                   "Shared Read Blocks": 351682,                                                                                                           
                                   "Shared Dirtied Blocks": 0,                                                                                                             
                                   "Shared Written Blocks": 0,                                                                                                             
                                   "Local Hit Blocks": 0,                                                                                                                  
                                   "Local Read Blocks": 0,                                                                                                                 
                                   "Local Dirtied Blocks": 0,                                                                                                              
                                   "Local Written Blocks": 0,                                                                                                              
                                   "Temp Read Blocks": 0,                                                                                                                  
                                   "Temp Written Blocks": 0                                                                                                                
                                 },                                                                                                                                        
                                 {                                                                                                                                         
                                   "Node Type": "Index Scan",                                                                                                              
                                   "Parent Relationship": "Inner",                                                                                                         
                                   "Parallel Aware": false,                                                                                                                
                                   "Scan Direction": "Forward",                                                                                                            
                                   "Index Name": "role_type_pkey",                                                                                                         
                                   "Relation Name": "role_type",                                                                                                           
                                   "Alias": "rt",                                                                                                                          
                                   "Startup Cost": 0.00,                                                                                                                   
                                   "Total Cost": 9.19,                                                                                                                     
                                   "Plan Rows": 1,                                                                                                                         
                                   "Plan Width": 4,                                                                                                                        
                                   "Actual Startup Time": 0.024,                                                                                                           
                                   "Actual Total Time": 0.024,                                                                                                             
                                   "Actual Rows": 1,                                                                                                                       
                                   "Actual Loops": 1,                                                                                                                      
                                   "Filter": "((role)::text = 'actress'::text)",                                                                                           
                                   "Rows Removed by Filter": 1,                                                                                                            
                                   "Shared Hit Blocks": 2,                                                                                                                 
                                   "Shared Read Blocks": 0,                                                                                                                
                                   "Shared Dirtied Blocks": 0,                                                                                                             
                                   "Shared Written Blocks": 0,                                                                                                             
                                   "Local Hit Blocks": 0,                                                                                                                  
                                   "Local Read Blocks": 0,                                                                                                                 
                                   "Local Dirtied Blocks": 0,                                                                                                              
                                   "Local Written Blocks": 0,                                                                                                              
                                   "Temp Read Blocks": 0,                                                                                                                  
                                   "Temp Written Blocks": 0                                                                                                                
                                 }                                                                                                                                         
                               ]                                                                                                                                           
                             }                                                                                                                                             
                           ]                                                                                                                                               
                         },                                                                                                                                                
                         {                                                                                                                                                 
                           "Node Type": "Sort",                                                                                                                            
                           "Parent Relationship": "Inner",                                                                                                                 
                           "Parallel Aware": false,                                                                                                                        
                           "Startup Cost": 65159.46,                                                                                                                       
                           "Total Cost": 65159.46,                                                                                                                         
                           "Plan Rows": 21,                                                                                                                                
                           "Plan Width": 4,                                                                                                                                
                           "Actual Startup Time": 13277.423,                                                                                                               
                           "Actual Total Time": 13278.392,                                                                                                                 
                           "Actual Rows": 7988,                                                                                                                            
                           "Actual Loops": 1,                                                                                                                              
                           "Sort Key": ["mc.movie_id"],                                                                                                                    
                           "Sort Method": "quicksort",                                                                                                                     
                           "Sort Space Used": 783,                                                                                                                         
                           "Sort Space Type": "Memory",                                                                                                                    
                           "Shared Hit Blocks": 1519801,                                                                                                                   
                           "Shared Read Blocks": 27070,                                                                                                                    
                           "Shared Dirtied Blocks": 0,                                                                                                                     
                           "Shared Written Blocks": 0,                                                                                                                     
                           "Local Hit Blocks": 0,                                                                                                                          
                           "Local Read Blocks": 0,                                                                                                                         
                           "Local Dirtied Blocks": 0,                                                                                                                      
                           "Local Written Blocks": 0,                                                                                                                      
                           "Temp Read Blocks": 0,                                                                                                                          
                           "Temp Written Blocks": 0,                                                                                                                       
                           "Plans": [                                                                                                                                      
                             {                                                                                                                                             
                               "Node Type": "Merge Join",                                                                                                                  
                               "Parent Relationship": "Outer",                                                                                                             
                               "Parallel Aware": false,                                                                                                                    
                               "Join Type": "Inner",                                                                                                                       
                               "Startup Cost": 0.03,                                                                                                                       
                               "Total Cost": 65159.45,                                                                                                                     
                               "Plan Rows": 21,                                                                                                                            
                               "Plan Width": 4,                                                                                                                            
                               "Actual Startup Time": 10473.638,                                                                                                           
                               "Actual Total Time": 13273.347,                                                                                                             
                               "Actual Rows": 8495,                                                                                                                        
                               "Actual Loops": 1,                                                                                                                          
                               "Inner Unique": false,                                                                                                                      
                               "Merge Cond": "(cn.id = mc.company_id)",                                                                                                    
                               "Shared Hit Blocks": 1519801,                                                                                                               
                               "Shared Read Blocks": 27070,                                                                                                                
                               "Shared Dirtied Blocks": 0,                                                                                                                 
                               "Shared Written Blocks": 0,                                                                                                                 
                               "Local Hit Blocks": 0,                                                                                                                      
                               "Local Read Blocks": 0,                                                                                                                     
                               "Local Dirtied Blocks": 0,                                                                                                                  
                               "Local Written Blocks": 0,                                                                                                                  
                               "Temp Read Blocks": 0,                                                                                                                      
                               "Temp Written Blocks": 0,                                                                                                                   
                               "Plans": [                                                                                                                                  
                                 {                                                                                                                                         
                                   "Node Type": "Index Scan",                                                                                                              
                                   "Parent Relationship": "Outer",                                                                                                         
                                   "Parallel Aware": false,                                                                                                                
                                   "Scan Direction": "Forward",                                                                                                            
                                   "Index Name": "company_name_pkey",                                                                                                      
                                   "Relation Name": "company_name",                                                                                                        
                                   "Alias": "cn",                                                                                                                          
                                   "Startup Cost": 0.01,                                                                                                                   
                                   "Total Cost": 4597.20,                                                                                                                  
                                   "Plan Rows": 6752,                                                                                                                      
                                   "Plan Width": 4,                                                                                                                        
                                   "Actual Startup Time": 138.447,                                                                                                         
                                   "Actual Total Time": 791.342,                                                                                                           
                                   "Actual Rows": 2408,                                                                                                                    
                                   "Actual Loops": 1,                                                                                                                      
                                   "Filter": "((country_code)::text = '[jp]'::text)",                                                                                      
                                   "Rows Removed by Filter": 68157,                                                                                                        
                                   "Shared Hit Blocks": 69596,                                                                                                             
                                   "Shared Read Blocks": 1157,                                                                                                             
                                   "Shared Dirtied Blocks": 0,                                                                                                             
                                   "Shared Written Blocks": 0,                                                                                                             
                                   "Local Hit Blocks": 0,                                                                                                                  
                                   "Local Read Blocks": 0,                                                                                                                 
                                   "Local Dirtied Blocks": 0,                                                                                                              
                                   "Local Written Blocks": 0,                                                                                                              
                                   "Temp Read Blocks": 0,                                                                                                                  
                                   "Temp Written Blocks": 0                                                                                                                
                                 },                                                                                                                                        
                                 {                                                                                                                                         
                                   "Node Type": "Index Scan",                                                                                                              
                                   "Parent Relationship": "Inner",                                                                                                         
                                   "Parallel Aware": false,                                                                                                                
                                   "Scan Direction": "Forward",                                                                                                            
                                   "Index Name": "company_id_movie_companies",                                                                                             
                                   "Relation Name": "movie_companies",                                                                                                     
                                   "Alias": "mc",                                                                                                                          
                                   "Startup Cost": 0.01,                                                                                                                   
                                   "Total Cost": 60561.66,                                                                                                                 
                                   "Plan Rows": 720,                                                                                                                       
                                   "Plan Width": 8,                                                                                                                        
                                   "Actual Startup Time": 6538.000,                                                                                                        
                                   "Actual Total Time": 12478.412,                                                                                                         
                                   "Actual Rows": 8569,                                                                                                                    
                                   "Actual Loops": 1,                                                                                                                      
                                   "Filter": "((note ~~ '%(Japan)%'::text) AND (note !~~ '%(USA)%'::text) AND ((note ~~ '%(2006)%'::text) OR (note ~~ '%(2007)%'::text)))",
                                   "Rows Removed by Filter": 2600560,                                                                                                      
                                   "Shared Hit Blocks": 1450205,                                                                                                           
                                   "Shared Read Blocks": 25913,                                                                                                            
                                   "Shared Dirtied Blocks": 0,                                                                                                             
                                   "Shared Written Blocks": 0,                                                                                                             
                                   "Local Hit Blocks": 0,                                                                                                                  
                                   "Local Read Blocks": 0,                                                                                                                 
                                   "Local Dirtied Blocks": 0,                                                                                                              
                                   "Local Written Blocks": 0,                                                                                                              
                                   "Temp Read Blocks": 0,                                                                                                                  
                                   "Temp Written Blocks": 0                                                                                                                
                                 }                                                                                                                                         
                               ]                                                                                                                                           
                             }                                                                                                                                             
                           ]                                                                                                                                               
                         }                                                                                                                                                 
                       ]                                                                                                                                                   
                     },                                                                                                                                                    
                     {                                                                                                                                                     
                       "Node Type": "Index Scan",                                                                                                                          
                       "Parent Relationship": "Inner",                                                                                                                     
                       "Parallel Aware": false,                                                                                                                            
                       "Scan Direction": "Forward",                                                                                                                        
                       "Index Name": "title_idx_id",                                                                                                                       
                       "Relation Name": "title",                                                                                                                           
                       "Alias": "t",                                                                                                                                       
                       "Startup Cost": 0.01,                                                                                                                               
                       "Total Cost": 23827.24,                                                                                                                             
                       "Plan Rows": 34,                                                                                                                                    
                       "Plan Width": 21,                                                                                                                                   
                       "Actual Startup Time": 7120.921,                                                                                                                    
                       "Actual Total Time": 9449.420,                                                                                                                      
                       "Actual Rows": 7,                                                                                                                                   
                       "Actual Loops": 1,                                                                                                                                  
                       "Filter": "((production_year >= 2006) AND (production_year <= 2007) AND ((title ~~ 'One Piece%'::text) OR (title ~~ 'Dragon Ball Z%'::text)))",     
                       "Rows Removed by Filter": 2528305,                                                                                                                  
                       "Shared Hit Blocks": 2489874,                                                                                                                       
                       "Shared Read Blocks": 42904,                                                                                                                        
                       "Shared Dirtied Blocks": 0,                                                                                                                         
                       "Shared Written Blocks": 0,                                                                                                                         
                       "Local Hit Blocks": 0,                                                                                                                              
                       "Local Read Blocks": 0,                                                                                                                             
                       "Local Dirtied Blocks": 0,                                                                                                                          
                       "Local Written Blocks": 0,                                                                                                                          
                       "Temp Read Blocks": 0,                                                                                                                              
                       "Temp Written Blocks": 0                                                                                                                            
                     }                                                                                                                                                     
                   ]                                                                                                                                                       
                 }                                                                                                                                                         
               ]                                                                                                                                                           
             }                                                                                                                                                             
           ]                                                                                                                                                               
         }                                                                                                                                                                 
       ]                                                                                                                                                                   
     },                                                                                                                                                                    
     "Planning Time": 4639.909,                                                                                                                                            
     "Triggers": [                                                                                                                                                         
     ],                                                                                                                                                                    
     "Execution Time": 52359.790                                                                                                                                           
   }                                                                                                                                                                       
 ]
