 [                                                                                                                                                         
   {                                                                                                                                                       
     "Plan": {                                                                                                                                             
       "Node Type": "Aggregate",                                                                                                                           
       "Strategy": "Plain",                                                                                                                                
       "Partial Mode": "Simple",                                                                                                                           
       "Parallel Aware": false,                                                                                                                            
       "Startup Cost": 528129.25,                                                                                                                          
       "Total Cost": 528129.25,                                                                                                                            
       "Plan Rows": 1,                                                                                                                                     
       "Plan Width": 128,                                                                                                                                  
       "Actual Startup Time": 57234.715,                                                                                                                   
       "Actual Total Time": 57234.715,                                                                                                                     
       "Actual Rows": 1,                                                                                                                                   
       "Actual Loops": 1,                                                                                                                                  
       "Shared Hit Blocks": 11274472,                                                                                                                      
       "Shared Read Blocks": 477510,                                                                                                                       
       "Shared Dirtied Blocks": 0,                                                                                                                         
       "Shared Written Blocks": 0,                                                                                                                         
       "Local Hit Blocks": 0,                                                                                                                              
       "Local Read Blocks": 0,                                                                                                                             
       "Local Dirtied Blocks": 0,                                                                                                                          
       "Local Written Blocks": 0,                                                                                                                          
       "Temp Read Blocks": 0,                                                                                                                              
       "Temp Written Blocks": 0,                                                                                                                           
       "Plans": [                                                                                                                                          
         {                                                                                                                                                 
           "Node Type": "Merge Join",                                                                                                                      
           "Parent Relationship": "Outer",                                                                                                                 
           "Parallel Aware": false,                                                                                                                        
           "Join Type": "Inner",                                                                                                                           
           "Startup Cost": 443756.32,                                                                                                                      
           "Total Cost": 528129.25,                                                                                                                        
           "Plan Rows": 1,                                                                                                                                 
           "Plan Width": 64,                                                                                                                               
           "Actual Startup Time": 54632.258,                                                                                                               
           "Actual Total Time": 57234.641,                                                                                                                 
           "Actual Rows": 40,                                                                                                                              
           "Actual Loops": 1,                                                                                                                              
           "Inner Unique": true,                                                                                                                           
           "Merge Cond": "(ci.person_id = n.id)",                                                                                                          
           "Shared Hit Blocks": 11274472,                                                                                                                  
           "Shared Read Blocks": 477510,                                                                                                                   
           "Shared Dirtied Blocks": 0,                                                                                                                     
           "Shared Written Blocks": 0,                                                                                                                     
           "Local Hit Blocks": 0,                                                                                                                          
           "Local Read Blocks": 0,                                                                                                                         
           "Local Dirtied Blocks": 0,                                                                                                                      
           "Local Written Blocks": 0,                                                                                                                      
           "Temp Read Blocks": 0,                                                                                                                          
           "Temp Written Blocks": 0,                                                                                                                       
           "Plans": [                                                                                                                                      
             {                                                                                                                                             
               "Node Type": "Merge Join",                                                                                                                  
               "Parent Relationship": "Outer",                                                                                                             
               "Parallel Aware": false,                                                                                                                    
               "Join Type": "Inner",                                                                                                                       
               "Startup Cost": 443756.31,                                                                                                                  
               "Total Cost": 480238.39,                                                                                                                    
               "Plan Rows": 130,                                                                                                                           
               "Plan Width": 57,                                                                                                                           
               "Actual Startup Time": 51473.777,                                                                                                           
               "Actual Total Time": 52739.175,                                                                                                             
               "Actual Rows": 19501,                                                                                                                       
               "Actual Loops": 1,                                                                                                                          
               "Inner Unique": false,                                                                                                                      
               "Merge Cond": "(ci.person_id = an.person_id)",                                                                                              
               "Shared Hit Blocks": 7335868,                                                                                                               
               "Shared Read Blocks": 406830,                                                                                                               
               "Shared Dirtied Blocks": 0,                                                                                                                 
               "Shared Written Blocks": 0,                                                                                                                 
               "Local Hit Blocks": 0,                                                                                                                      
               "Local Read Blocks": 0,                                                                                                                     
               "Local Dirtied Blocks": 0,                                                                                                                  
               "Local Written Blocks": 0,                                                                                                                  
               "Temp Read Blocks": 0,                                                                                                                      
               "Temp Written Blocks": 0,                                                                                                                   
               "Plans": [                                                                                                                                  
                 {                                                                                                                                         
                   "Node Type": "Sort",                                                                                                                    
                   "Parent Relationship": "Outer",                                                                                                         
                   "Parallel Aware": false,                                                                                                                
                   "Startup Cost": 443756.29,                                                                                                              
                   "Total Cost": 443756.30,                                                                                                                
                   "Plan Rows": 150,                                                                                                                       
                   "Plan Width": 37,                                                                                                                       
                   "Actual Startup Time": 51132.015,                                                                                                       
                   "Actual Total Time": 51133.146,                                                                                                         
                   "Actual Rows": 6878,                                                                                                                    
                   "Actual Loops": 1,                                                                                                                      
                   "Sort Key": ["ci.person_id"],                                                                                                           
                   "Sort Method": "quicksort",                                                                                                             
                   "Sort Space Used": 825,                                                                                                                 
                   "Sort Space Type": "Memory",                                                                                                            
                   "Shared Hit Blocks": 7130050,                                                                                                           
                   "Shared Read Blocks": 393857,                                                                                                           
                   "Shared Dirtied Blocks": 0,                                                                                                             
                   "Shared Written Blocks": 0,                                                                                                             
                   "Local Hit Blocks": 0,                                                                                                                  
                   "Local Read Blocks": 0,                                                                                                                 
                   "Local Dirtied Blocks": 0,                                                                                                              
                   "Local Written Blocks": 0,                                                                                                              
                   "Temp Read Blocks": 0,                                                                                                                  
                   "Temp Written Blocks": 0,                                                                                                               
                   "Plans": [                                                                                                                              
                     {                                                                                                                                     
                       "Node Type": "Merge Join",                                                                                                          
                       "Parent Relationship": "Outer",                                                                                                     
                       "Parallel Aware": false,                                                                                                            
                       "Join Type": "Inner",                                                                                                               
                       "Startup Cost": 407517.38,                                                                                                          
                       "Total Cost": 443756.12,                                                                                                            
                       "Plan Rows": 150,                                                                                                                   
                       "Plan Width": 37,                                                                                                                   
                       "Actual Startup Time": 42057.441,                                                                                                   
                       "Actual Total Time": 51099.436,                                                                                                     
                       "Actual Rows": 6893,                                                                                                                
                       "Actual Loops": 1,                                                                                                                  
                       "Inner Unique": true,                                                                                                               
                       "Merge Cond": "(ci.person_role_id = chn.id)",                                                                                       
                       "Shared Hit Blocks": 7130046,                                                                                                       
                       "Shared Read Blocks": 393857,                                                                                                       
                       "Shared Dirtied Blocks": 0,                                                                                                         
                       "Shared Written Blocks": 0,                                                                                                         
                       "Local Hit Blocks": 0,                                                                                                              
                       "Local Read Blocks": 0,                                                                                                             
                       "Local Dirtied Blocks": 0,                                                                                                          
                       "Local Written Blocks": 0,                                                                                                          
                       "Temp Read Blocks": 0,                                                                                                              
                       "Temp Written Blocks": 0,                                                                                                           
                       "Plans": [                                                                                                                          
                         {                                                                                                                                 
                           "Node Type": "Sort",                                                                                                            
                           "Parent Relationship": "Outer",                                                                                                 
                           "Parallel Aware": false,                                                                                                        
                           "Startup Cost": 407517.36,                                                                                                      
                           "Total Cost": 407517.39,                                                                                                        
                           "Plan Rows": 309,                                                                                                               
                           "Plan Width": 25,                                                                                                               
                           "Actual Startup Time": 41978.594,                                                                                               
                           "Actual Total Time": 41980.025,                                                                                                 
                           "Actual Rows": 6894,                                                                                                            
                           "Actual Loops": 1,                                                                                                              
                           "Sort Key": ["ci.person_role_id"],                                                                                              
                           "Sort Method": "quicksort",                                                                                                     
                           "Sort Space Used": 796,                                                                                                         
                           "Sort Space Type": "Memory",                                                                                                    
                           "Shared Hit Blocks": 4030335,                                                                                                   
                           "Shared Read Blocks": 346246,                                                                                                   
                           "Shared Dirtied Blocks": 0,                                                                                                     
                           "Shared Written Blocks": 0,                                                                                                     
                           "Local Hit Blocks": 0,                                                                                                          
                           "Local Read Blocks": 0,                                                                                                         
                           "Local Dirtied Blocks": 0,                                                                                                      
                           "Local Written Blocks": 0,                                                                                                      
                           "Temp Read Blocks": 0,                                                                                                          
                           "Temp Written Blocks": 0,                                                                                                       
                           "Plans": [                                                                                                                      
                             {                                                                                                                             
                               "Node Type": "Merge Join",                                                                                                  
                               "Parent Relationship": "Outer",                                                                                             
                               "Parallel Aware": false,                                                                                                    
                               "Join Type": "Inner",                                                                                                       
                               "Startup Cost": 384073.95,                                                                                                  
                               "Total Cost": 407516.97,                                                                                                    
                               "Plan Rows": 309,                                                                                                           
                               "Plan Width": 25,                                                                                                           
                               "Actual Startup Time": 32638.808,                                                                                           
                               "Actual Total Time": 41975.071,                                                                                             
                               "Actual Rows": 7565,                                                                                                        
                               "Actual Loops": 1,                                                                                                          
                               "Inner Unique": false,                                                                                                      
                               "Merge Cond": "(t.id = ci.movie_id)",                                                                                       
                               "Shared Hit Blocks": 4030335,                                                                                               
                               "Shared Read Blocks": 346246,                                                                                               
                               "Shared Dirtied Blocks": 0,                                                                                                 
                               "Shared Written Blocks": 0,                                                                                                 
                               "Local Hit Blocks": 0,                                                                                                      
                               "Local Read Blocks": 0,                                                                                                     
                               "Local Dirtied Blocks": 0,                                                                                                  
                               "Local Written Blocks": 0,                                                                                                  
                               "Temp Read Blocks": 0,                                                                                                      
                               "Temp Written Blocks": 0,                                                                                                   
                               "Plans": [                                                                                                                  
                                 {                                                                                                                         
                                   "Node Type": "Merge Join",                                                                                              
                                   "Parent Relationship": "Outer",                                                                                         
                                   "Parallel Aware": false,                                                                                                
                                   "Join Type": "Inner",                                                                                                   
                                   "Startup Cost": 65054.36,                                                                                               
                                   "Total Cost": 88510.85,                                                                                                 
                                   "Plan Rows": 7062,                                                                                                      
                                   "Plan Width": 25,                                                                                                       
                                   "Actual Startup Time": 13425.221,                                                                                       
                                   "Actual Total Time": 23252.029,                                                                                         
                                   "Actual Rows": 47009,                                                                                                   
                                   "Actual Loops": 1,                                                                                                      
                                   "Inner Unique": true,                                                                                                   
                                   "Merge Cond": "(mc.movie_id = t.id)",                                                                                   
                                   "Shared Hit Blocks": 4030330,                                                                                           
                                   "Shared Read Blocks": 70382,                                                                                            
                                   "Shared Dirtied Blocks": 0,                                                                                             
                                   "Shared Written Blocks": 0,                                                                                             
                                   "Local Hit Blocks": 0,                                                                                                  
                                   "Local Read Blocks": 0,                                                                                                 
                                   "Local Dirtied Blocks": 0,                                                                                              
                                   "Local Written Blocks": 0,                                                                                              
                                   "Temp Read Blocks": 0,                                                                                                  
                                   "Temp Written Blocks": 0,                                                                                               
                                   "Plans": [                                                                                                              
                                     {                                                                                                                     
                                       "Node Type": "Sort",                                                                                                
                                       "Parent Relationship": "Outer",                                                                                     
                                       "Parallel Aware": false,                                                                                            
                                       "Startup Cost": 65054.34,                                                                                           
                                       "Total Cost": 65057.05,                                                                                             
                                       "Plan Rows": 34817,                                                                                                 
                                       "Plan Width": 4,                                                                                                    
                                       "Actual Startup Time": 13146.241,                                                                                   
                                       "Actual Total Time": 13172.545,                                                                                     
                                       "Actual Rows": 177065,                                                                                              
                                       "Actual Loops": 1,                                                                                                  
                                       "Sort Key": ["mc.movie_id"],                                                                                        
                                       "Sort Method": "quicksort",                                                                                         
                                       "Sort Space Used": 14444,                                                                                           
                                       "Sort Space Type": "Memory",                                                                                        
                                       "Shared Hit Blocks": 1542183,                                                                                       
                                       "Shared Read Blocks": 27522,                                                                                        
                                       "Shared Dirtied Blocks": 0,                                                                                         
                                       "Shared Written Blocks": 0,                                                                                         
                                       "Local Hit Blocks": 0,                                                                                              
                                       "Local Read Blocks": 0,                                                                                             
                                       "Local Dirtied Blocks": 0,                                                                                          
                                       "Local Written Blocks": 0,                                                                                          
                                       "Temp Read Blocks": 0,                                                                                              
                                       "Temp Written Blocks": 0,                                                                                           
                                       "Plans": [                                                                                                          
                                         {                                                                                                                 
                                           "Node Type": "Merge Join",                                                                                      
                                           "Parent Relationship": "Outer",                                                                                 
                                           "Parallel Aware": false,                                                                                        
                                           "Join Type": "Inner",                                                                                           
                                           "Startup Cost": 0.03,                                                                                           
                                           "Total Cost": 64972.77,                                                                                         
                                           "Plan Rows": 34817,                                                                                             
                                           "Plan Width": 4,                                                                                                
                                           "Actual Startup Time": 0.117,                                                                                   
                                           "Actual Total Time": 13064.278,                                                                                 
                                           "Actual Rows": 177065,                                                                                          
                                           "Actual Loops": 1,                                                                                              
                                           "Inner Unique": false,                                                                                          
                                           "Merge Cond": "(cn.id = mc.company_id)",                                                                        
                                           "Shared Hit Blocks": 1542183,                                                                                   
                                           "Shared Read Blocks": 27522,                                                                                    
                                           "Shared Dirtied Blocks": 0,                                                                                     
                                           "Shared Written Blocks": 0,                                                                                     
                                           "Local Hit Blocks": 0,                                                                                          
                                           "Local Read Blocks": 0,                                                                                         
                                           "Local Dirtied Blocks": 0,                                                                                      
                                           "Local Written Blocks": 0,                                                                                      
                                           "Temp Read Blocks": 0,                                                                                          
                                           "Temp Written Blocks": 0,                                                                                       
                                           "Plans": [                                                                                                      
                                             {                                                                                                             
                                               "Node Type": "Index Scan",                                                                                  
                                               "Parent Relationship": "Outer",                                                                             
                                               "Parallel Aware": false,                                                                                    
                                               "Scan Direction": "Forward",                                                                                
                                               "Index Name": "company_name_pkey",                                                                          
                                               "Relation Name": "company_name",                                                                            
                                               "Alias": "cn",                                                                                              
                                               "Startup Cost": 0.01,                                                                                       
                                               "Total Cost": 4597.20,                                                                                      
                                               "Plan Rows": 84843,                                                                                         
                                               "Plan Width": 4,                                                                                            
                                               "Actual Startup Time": 0.074,                                                                               
                                               "Actual Total Time": 869.731,                                                                               
                                               "Actual Rows": 34630,                                                                                       
                                               "Actual Loops": 1,                                                                                          
                                               "Filter": "((country_code)::text = '[us]'::text)",                                                          
                                               "Rows Removed by Filter": 58745,                                                                            
                                               "Shared Hit Blocks": 91978,                                                                                 
                                               "Shared Read Blocks": 1609,                                                                                 
                                               "Shared Dirtied Blocks": 0,                                                                                 
                                               "Shared Written Blocks": 0,                                                                                 
                                               "Local Hit Blocks": 0,                                                                                      
                                               "Local Read Blocks": 0,                                                                                     
                                               "Local Dirtied Blocks": 0,                                                                                  
                                               "Local Written Blocks": 0,                                                                                  
                                               "Temp Read Blocks": 0,                                                                                      
                                               "Temp Written Blocks": 0                                                                                    
                                             },                                                                                                            
                                             {                                                                                                             
                                               "Node Type": "Index Scan",                                                                                  
                                               "Parent Relationship": "Inner",                                                                             
                                               "Parallel Aware": false,                                                                                    
                                               "Scan Direction": "Forward",                                                                                
                                               "Index Name": "company_id_movie_companies",                                                                 
                                               "Relation Name": "movie_companies",                                                                         
                                               "Alias": "mc",                                                                                              
                                               "Startup Cost": 0.01,                                                                                       
                                               "Total Cost": 60359.09,                                                                                     
                                               "Plan Rows": 96436,                                                                                         
                                               "Plan Width": 8,                                                                                            
                                               "Actual Startup Time": 0.037,                                                                               
                                               "Actual Total Time": 12140.159,                                                                             
                                               "Actual Rows": 198519,                                                                                      
                                               "Actual Loops": 1,                                                                                          
                                               "Filter": "((note ~~ '%(200%)%'::text) AND ((note ~~ '%(USA)%'::text) OR (note ~~ '%(worldwide)%'::text)))",
                                               "Rows Removed by Filter": 2410610,                                                                          
                                               "Shared Hit Blocks": 1450205,                                                                               
                                               "Shared Read Blocks": 25913,                                                                                
                                               "Shared Dirtied Blocks": 0,                                                                                 
                                               "Shared Written Blocks": 0,                                                                                 
                                               "Local Hit Blocks": 0,                                                                                      
                                               "Local Read Blocks": 0,                                                                                     
                                               "Local Dirtied Blocks": 0,                                                                                  
                                               "Local Written Blocks": 0,                                                                                  
                                               "Temp Read Blocks": 0,                                                                                      
                                               "Temp Written Blocks": 0                                                                                    
                                             }                                                                                                             
                                           ]                                                                                                               
                                         }                                                                                                                 
                                       ]                                                                                                                   
                                     },                                                                                                                    
                                     {                                                                                                                     
                                       "Node Type": "Index Scan",                                                                                          
                                       "Parent Relationship": "Inner",                                                                                     
                                       "Parallel Aware": false,                                                                                            
                                       "Scan Direction": "Forward",                                                                                        
                                       "Index Name": "title_idx_id",                                                                                       
                                       "Relation Name": "title",                                                                                           
                                       "Alias": "t",                                                                                                       
                                       "Startup Cost": 0.01,                                                                                               
                                       "Total Cost": 23434.65,                                                                                             
                                       "Plan Rows": 512825,                                                                                                
                                       "Plan Width": 21,                                                                                                   
                                       "Actual Startup Time": 166.617,                                                                                     
                                       "Actual Total Time": 9972.445,                                                                                      
                                       "Actual Rows": 512717,                                                                                              
                                       "Actual Loops": 1,                                                                                                  
                                       "Filter": "((production_year >= 2007) AND (production_year <= 2010))",                                              
                                       "Rows Removed by Filter": 2012994,                                                                                  
                                       "Shared Hit Blocks": 2488147,                                                                                       
                                       "Shared Read Blocks": 42860,                                                                                        
                                       "Shared Dirtied Blocks": 0,                                                                                         
                                       "Shared Written Blocks": 0,                                                                                         
                                       "Local Hit Blocks": 0,                                                                                              
                                       "Local Read Blocks": 0,                                                                                             
                                       "Local Dirtied Blocks": 0,                                                                                          
                                       "Local Written Blocks": 0,                                                                                          
                                       "Temp Read Blocks": 0,                                                                                              
                                       "Temp Written Blocks": 0                                                                                            
                                     }                                                                                                                     
                                   ]                                                                                                                       
                                 },                                                                                                                        
                                 {                                                                                                                         
                                   "Node Type": "Sort",                                                                                                    
                                   "Parent Relationship": "Inner",                                                                                         
                                   "Parallel Aware": false,                                                                                                
                                   "Startup Cost": 319019.59,                                                                                              
                                   "Total Cost": 319024.20,                                                                                                
                                   "Plan Rows": 59356,                                                                                                     
                                   "Plan Width": 12,                                                                                                       
                                   "Actual Startup Time": 18658.424,                                                                                       
                                   "Actual Total Time": 18685.287,                                                                                         
                                   "Actual Rows": 224962,                                                                                                  
                                   "Actual Loops": 1,                                                                                                      
                                   "Sort Key": ["ci.movie_id"],                                                                                            
                                   "Sort Method": "quicksort",                                                                                             
                                   "Sort Space Used": 16583,                                                                                               
                                   "Sort Space Type": "Memory",                                                                                            
                                   "Shared Hit Blocks": 5,                                                                                                 
                                   "Shared Read Blocks": 275864,                                                                                           
                                   "Shared Dirtied Blocks": 0,                                                                                             
                                   "Shared Written Blocks": 0,                                                                                             
                                   "Local Hit Blocks": 0,                                                                                                  
                                   "Local Read Blocks": 0,                                                                                                 
                                   "Local Dirtied Blocks": 0,                                                                                              
                                   "Local Written Blocks": 0,                                                                                              
                                   "Temp Read Blocks": 0,                                                                                                  
                                   "Temp Written Blocks": 0,                                                                                               
                                   "Plans": [                                                                                                              
                                     {                                                                                                                     
                                       "Node Type": "Merge Join",                                                                                          
                                       "Parent Relationship": "Outer",                                                                                     
                                       "Parallel Aware": false,                                                                                            
                                       "Join Type": "Inner",                                                                                               
                                       "Startup Cost": 0.02,                                                                                               
                                       "Total Cost": 318873.44,                                                                                            
                                       "Plan Rows": 59356,                                                                                                 
                                       "Plan Width": 12,                                                                                                   
                                       "Actual Startup Time": 7908.648,                                                                                    
                                       "Actual Total Time": 18537.975,                                                                                     
                                       "Actual Rows": 222686,                                                                                              
                                       "Actual Loops": 1,                                                                                                  
                                       "Inner Unique": true,                                                                                               
                                       "Merge Cond": "(ci.role_id = rt.id)",                                                                               
                                       "Shared Hit Blocks": 5,                                                                                             
                                       "Shared Read Blocks": 275864,                                                                                       
                                       "Shared Dirtied Blocks": 0,                                                                                         
                                       "Shared Written Blocks": 0,                                                                                         
                                       "Local Hit Blocks": 0,                                                                                              
                                       "Local Read Blocks": 0,                                                                                             
                                       "Local Dirtied Blocks": 0,                                                                                          
                                       "Local Written Blocks": 0,                                                                                          
                                       "Temp Read Blocks": 0,                                                                                              
                                       "Temp Written Blocks": 0,                                                                                           
                                       "Plans": [                                                                                                          
                                         {                                                                                                                 
                                           "Node Type": "Index Scan",                                                                                      
                                           "Parent Relationship": "Outer",                                                                                 
                                           "Parallel Aware": false,                                                                                        
                                           "Scan Direction": "Forward",                                                                                    
                                           "Index Name": "role_id_cast_info",                                                                              
                                           "Relation Name": "cast_info",                                                                                   
                                           "Alias": "ci",                                                                                                  
                                           "Startup Cost": 0.02,                                                                                           
                                           "Total Cost": 318804.85,                                                                                        
                                           "Plan Rows": 712274,                                                                                            
                                           "Plan Width": 16,                                                                                               
                                           "Actual Startup Time": 26.473,                                                                                  
                                           "Actual Total Time": 18338.340,                                                                                 
                                           "Actual Rows": 713570,                                                                                          
                                           "Actual Loops": 1,                                                                                              
                                           "Filter": "(note = '(voice)'::text)",                                                                           
                                           "Rows Removed by Filter": 28108701,                                                                             
                                           "Shared Hit Blocks": 3,                                                                                         
                                           "Shared Read Blocks": 275864,                                                                                   
                                           "Shared Dirtied Blocks": 0,                                                                                     
                                           "Shared Written Blocks": 0,                                                                                     
                                           "Local Hit Blocks": 0,                                                                                          
                                           "Local Read Blocks": 0,                                                                                         
                                           "Local Dirtied Blocks": 0,                                                                                      
                                           "Local Written Blocks": 0,                                                                                      
                                           "Temp Read Blocks": 0,                                                                                          
                                           "Temp Written Blocks": 0                                                                                        
                                         },                                                                                                                
                                         {                                                                                                                 
                                           "Node Type": "Index Scan",                                                                                      
                                           "Parent Relationship": "Inner",                                                                                 
                                           "Parallel Aware": false,                                                                                        
                                           "Scan Direction": "Forward",                                                                                    
                                           "Index Name": "role_type_pkey",                                                                                 
                                           "Relation Name": "role_type",                                                                                   
                                           "Alias": "rt",                                                                                                  
                                           "Startup Cost": 0.00,                                                                                           
                                           "Total Cost": 9.19,                                                                                             
                                           "Plan Rows": 1,                                                                                                 
                                           "Plan Width": 4,                                                                                                
                                           "Actual Startup Time": 0.010,                                                                                   
                                           "Actual Total Time": 0.015,                                                                                     
                                           "Actual Rows": 1,                                                                                               
                                           "Actual Loops": 1,                                                                                              
                                           "Filter": "((role)::text = 'actress'::text)",                                                                   
                                           "Rows Removed by Filter": 11,                                                                                   
                                           "Shared Hit Blocks": 2,                                                                                         
                                           "Shared Read Blocks": 0,                                                                                        
                                           "Shared Dirtied Blocks": 0,                                                                                     
                                           "Shared Written Blocks": 0,                                                                                     
                                           "Local Hit Blocks": 0,                                                                                          
                                           "Local Read Blocks": 0,                                                                                         
                                           "Local Dirtied Blocks": 0,                                                                                      
                                           "Local Written Blocks": 0,                                                                                      
                                           "Temp Read Blocks": 0,                                                                                          
                                           "Temp Written Blocks": 0                                                                                        
                                         }                                                                                                                 
                                       ]                                                                                                                   
                                     }                                                                                                                     
                                   ]                                                                                                                       
                                 }                                                                                                                         
                               ]                                                                                                                           
                             }                                                                                                                             
                           ]                                                                                                                               
                         },                                                                                                                                
                         {                                                                                                                                 
                           "Node Type": "Index Scan",                                                                                                      
                           "Parent Relationship": "Inner",                                                                                                 
                           "Parallel Aware": false,                                                                                                        
                           "Scan Direction": "Forward",                                                                                                    
                           "Index Name": "char_name_pkey",                                                                                                 
                           "Relation Name": "char_name",                                                                                                   
                           "Alias": "chn",                                                                                                                 
                           "Startup Cost": 0.01,                                                                                                           
                           "Total Cost": 35994.91,                                                                                                         
                           "Plan Rows": 3140339,                                                                                                           
                           "Plan Width": 20,                                                                                                               
                           "Actual Startup Time": 0.015,                                                                                                   
                           "Actual Total Time": 8741.123,                                                                                                  
                           "Actual Rows": 3139780,                                                                                                         
                           "Actual Loops": 1,                                                                                                              
                           "Shared Hit Blocks": 3099711,                                                                                                   
                           "Shared Read Blocks": 47611,                                                                                                    
                           "Shared Dirtied Blocks": 0,                                                                                                     
                           "Shared Written Blocks": 0,                                                                                                     
                           "Local Hit Blocks": 0,                                                                                                          
                           "Local Read Blocks": 0,                                                                                                         
                           "Local Dirtied Blocks": 0,                                                                                                      
                           "Local Written Blocks": 0,                                                                                                      
                           "Temp Read Blocks": 0,                                                                                                          
                           "Temp Written Blocks": 0                                                                                                        
                         }                                                                                                                                 
                       ]                                                                                                                                   
                     }                                                                                                                                     
                   ]                                                                                                                                       
                 },                                                                                                                                        
                 {                                                                                                                                         
                   "Node Type": "Index Scan",                                                                                                              
                   "Parent Relationship": "Inner",                                                                                                         
                   "Parallel Aware": false,                                                                                                                
                   "Scan Direction": "Forward",                                                                                                            
                   "Index Name": "person_id_aka_name",                                                                                                     
                   "Relation Name": "aka_name",                                                                                                            
                   "Alias": "an",                                                                                                                          
                   "Startup Cost": 0.01,                                                                                                                   
                   "Total Cost": 42491.32,                                                                                                                 
                   "Plan Rows": 901343,                                                                                                                    
                   "Plan Width": 20,                                                                                                                       
                   "Actual Startup Time": 0.012,                                                                                                           
                   "Actual Total Time": 1448.273,                                                                                                          
                   "Actual Rows": 595980,                                                                                                                  
                   "Actual Loops": 1,                                                                                                                      
                   "Shared Hit Blocks": 205818,                                                                                                            
                   "Shared Read Blocks": 12973,                                                                                                            
                   "Shared Dirtied Blocks": 0,                                                                                                             
                   "Shared Written Blocks": 0,                                                                                                             
                   "Local Hit Blocks": 0,                                                                                                                  
                   "Local Read Blocks": 0,                                                                                                                 
                   "Local Dirtied Blocks": 0,                                                                                                              
                   "Local Written Blocks": 0,                                                                                                              
                   "Temp Read Blocks": 0,                                                                                                                  
                   "Temp Written Blocks": 0                                                                                                                
                 }                                                                                                                                         
               ]                                                                                                                                           
             },                                                                                                                                            
             {                                                                                                                                             
               "Node Type": "Index Scan",                                                                                                                  
               "Parent Relationship": "Inner",                                                                                                             
               "Parallel Aware": false,                                                                                                                    
               "Scan Direction": "Forward",                                                                                                                
               "Index Name": "name_pkey",                                                                                                                  
               "Relation Name": "name",                                                                                                                    
               "Alias": "n",                                                                                                                               
               "Startup Cost": 0.01,                                                                                                                       
               "Total Cost": 49135.93,                                                                                                                     
               "Plan Rows": 2762,                                                                                                                          
               "Plan Width": 19,                                                                                                                           
               "Actual Startup Time": 1921.951,                                                                                                            
               "Actual Total Time": 4492.416,                                                                                                              
               "Actual Rows": 5409,                                                                                                                        
               "Actual Loops": 1,                                                                                                                          
               "Filter": "((name ~~ '%Angel%'::text) AND ((gender)::text = 'f'::text))",                                                                   
               "Rows Removed by Filter": 4162082,                                                                                                          
               "Shared Hit Blocks": 3938604,                                                                                                               
               "Shared Read Blocks": 70680,                                                                                                                
               "Shared Dirtied Blocks": 0,                                                                                                                 
               "Shared Written Blocks": 0,                                                                                                                 
               "Local Hit Blocks": 0,                                                                                                                      
               "Local Read Blocks": 0,                                                                                                                     
               "Local Dirtied Blocks": 0,                                                                                                                  
               "Local Written Blocks": 0,                                                                                                                  
               "Temp Read Blocks": 0,                                                                                                                      
               "Temp Written Blocks": 0                                                                                                                    
             }                                                                                                                                             
           ]                                                                                                                                               
         }                                                                                                                                                 
       ]                                                                                                                                                   
     },                                                                                                                                                    
     "Planning Time": 4666.128,                                                                                                                            
     "Triggers": [                                                                                                                                         
     ],                                                                                                                                                    
     "Execution Time": 57238.131                                                                                                                           
   }                                                                                                                                                       
 ]
