     "Plan": {                                                              
       "Node Type": "Aggregate",                                            
       "Strategy": "Plain",                                                 
       "Partial Mode": "Simple",                                            
       "Parallel Aware": false,                                             
       "Startup Cost": 352148.36,                                           
       "Total Cost": 352148.36,                                             
       "Plan Rows": 1,                                                      
       "Plan Width": 64,                                                    
       "Actual Startup Time": 71555.121,                                    
       "Actual Total Time": 71555.121,                                      
       "Actual Rows": 1,                                                    
       "Actual Loops": 1,                                                   
       "Shared Hit Blocks": 18,                                             
       "Shared Read Blocks": 346870,                                        
       "Shared Dirtied Blocks": 0,                                          
       "Shared Written Blocks": 0,                                          
       "Local Hit Blocks": 0,                                               
       "Local Read Blocks": 0,                                              
       "Local Dirtied Blocks": 0,                                           
       "Local Written Blocks": 0,                                           
       "Temp Read Blocks": 0,                                               
       "Temp Written Blocks": 0,                                            
       "Plans": [                                                           
         {                                                                  
           "Node Type": "Merge Join",                                       
           "Parent Relationship": "Outer",                                  
           "Parallel Aware": false,                                         
           "Join Type": "Inner",                                            
           "Startup Cost": 341654.05,                                       
           "Total Cost": 346902.91,                                         
           "Plan Rows": 33780716,                                           
           "Plan Width": 33,                                                
           "Actual Startup Time": 49593.829,                                
           "Actual Total Time": 63389.284,                                  
           "Actual Rows": 36607784,                                         
           "Actual Loops": 1,                                               
           "Inner Unique": false,                                           
           "Merge Cond": "(t.id = ci.movie_id)",                            
           "Shared Hit Blocks": 18,                                         
           "Shared Read Blocks": 346870,                                    
           "Shared Dirtied Blocks": 0,                                      
           "Shared Written Blocks": 0,                                      
           "Local Hit Blocks": 0,                                           
           "Local Read Blocks": 0,                                          
           "Local Dirtied Blocks": 0,                                       
           "Local Written Blocks": 0,                                       
           "Temp Read Blocks": 0,                                           
           "Temp Written Blocks": 0,                                        
           "Plans": [                                                       
             {                                                              
               "Node Type": "Merge Join",                                   
               "Parent Relationship": "Outer",                              
               "Parallel Aware": false,                                     
               "Join Type": "Inner",                                        
               "Startup Cost": 38300.05,                                    
               "Total Cost": 39277.79,                                      
               "Plan Rows": 2609129,                                        
               "Plan Width": 25,                                            
               "Actual Startup Time": 7037.728,                             
               "Actual Total Time": 8918.923,                               
               "Actual Rows": 2609129,                                      
               "Actual Loops": 1,                                           
               "Inner Unique": true,                                        
               "Merge Cond": "(mc.movie_id = t.id)",                        
               "Shared Hit Blocks": 11,                                     
               "Shared Read Blocks": 57775,                                 
               "Shared Dirtied Blocks": 0,                                  
               "Shared Written Blocks": 0,                                  
               "Local Hit Blocks": 0,                                       
               "Local Read Blocks": 0,                                      
               "Local Dirtied Blocks": 0,                                   
               "Local Written Blocks": 0,                                   
               "Temp Read Blocks": 0,                                       
               "Temp Written Blocks": 0,                                    
               "Plans": [                                                   
                 {                                                          
                   "Node Type": "Sort",                                     
                   "Parent Relationship": "Outer",                          
                   "Parallel Aware": false,                                 
                   "Startup Cost": 28645.69,                                
                   "Total Cost": 28848.27,                                  
                   "Plan Rows": 2609129,                                    
                   "Plan Width": 4,                                         
                   "Actual Startup Time": 4736.482,                         
                   "Actual Total Time": 5115.656,                           
                   "Actual Rows": 2609129,                                  
                   "Actual Loops": 1,                                       
                   "Sort Key": ["mc.movie_id"],                             
                   "Sort Method": "quicksort",                              
                   "Sort Space Used": 220607,                               
                   "Sort Space Type": "Memory",                             
                   "Shared Hit Blocks": 10,                                 
                   "Shared Read Blocks": 21778,                             
                   "Shared Dirtied Blocks": 0,                              
                   "Shared Written Blocks": 0,                              
                   "Local Hit Blocks": 0,                                   
                   "Local Read Blocks": 0,                                  
                   "Local Dirtied Blocks": 0,                               
                   "Local Written Blocks": 0,                               
                   "Temp Read Blocks": 0,                                   
                   "Temp Written Blocks": 0,                                
                   "Plans": [                                               
                     {                                                      
                       "Node Type": "Merge Join",                           
                       "Parent Relationship": "Outer",                      
                       "Parallel Aware": false,                             
                       "Join Type": "Inner",                                
                       "Startup Cost": 19387.96,                            
                       "Total Cost": 20009.99,                              
                       "Plan Rows": 2609129,                                
                       "Plan Width": 4,                                     
                       "Actual Startup Time": 2793.112,                     
                       "Actual Total Time": 3740.427,                       
                       "Actual Rows": 2609129,                              
                       "Actual Loops": 1,                                   
                       "Inner Unique": true,                                
                       "Merge Cond": "(mc.company_id = cn.id)",             
                       "Shared Hit Blocks": 6,                              
                       "Shared Read Blocks": 21778,                         
                       "Shared Dirtied Blocks": 0,                          
                       "Shared Written Blocks": 0,                          
                       "Local Hit Blocks": 0,                               
                       "Local Read Blocks": 0,                              
                       "Local Dirtied Blocks": 0,                           
                       "Local Written Blocks": 0,                           
                       "Temp Read Blocks": 0,                               
                       "Temp Written Blocks": 0,                            
                       "Plans": [                                           
                         {                                                  
                           "Node Type": "Sort",                             
                           "Parent Relationship": "Outer",                  
                           "Parallel Aware": false,                         
                           "Startup Cost": 18626.73,                        
                           "Total Cost": 18829.30,                          
                           "Plan Rows": 2609129,                            
                           "Plan Width": 8,                                 
                           "Actual Startup Time": 2593.871,                 
                           "Actual Total Time": 2926.850,                   
                           "Actual Rows": 2609129,                          
                           "Actual Loops": 1,                               
                           "Sort Key": ["mc.company_id"],                   
                           "Sort Method": "quicksort",                      
                           "Sort Space Used": 220607,                       
                           "Sort Space Type": "Memory",                     
                           "Shared Hit Blocks": 4,                          
                           "Shared Read Blocks": 18786,                     
                           "Shared Dirtied Blocks": 0,                      
                           "Shared Written Blocks": 0,                      
                           "Local Hit Blocks": 0,                           
                           "Local Read Blocks": 0,                          
                           "Local Dirtied Blocks": 0,                       
                           "Local Written Blocks": 0,                       
                           "Temp Read Blocks": 0,                           
                           "Temp Written Blocks": 0,                        
                           "Plans": [                                       
                             {                                              
                               "Node Type": "Merge Join",                   
                               "Parent Relationship": "Outer",              
                               "Parallel Aware": false,                     
                               "Join Type": "Inner",                        
                               "Startup Cost": 9405.49,                     
                               "Total Cost": 9991.03,                       
                               "Plan Rows": 2609129,                        
                               "Plan Width": 8,                             
                               "Actual Startup Time": 1182.777,             
                               "Actual Total Time": 1769.287,               
                               "Actual Rows": 2609129,                      
                               "Actual Loops": 1,                           
                               "Inner Unique": false,                       
                               "Merge Cond": "(ct.id = mc.company_type_id)",
                               "Shared Hit Blocks": 4,                      
                               "Shared Read Blocks": 18786,                 
                               "Shared Dirtied Blocks": 0,                  
                               "Shared Written Blocks": 0,                  
                               "Local Hit Blocks": 0,                       
                               "Local Read Blocks": 0,                      
                               "Local Dirtied Blocks": 0,                   
                               "Local Written Blocks": 0,                   
                               "Temp Read Blocks": 0,                       
                               "Temp Written Blocks": 0,                    
                               "Plans": [                                   
                                 {                                          
                                   "Node Type": "Sort",                     
                                   "Parent Relationship": "Outer",          
                                   "Parallel Aware": false,                 
                                   "Startup Cost": 0.03,                    
                                   "Total Cost": 0.03,                      
                                   "Plan Rows": 4,                          
                                   "Plan Width": 4,                         
                                   "Actual Startup Time": 0.192,            
                                   "Actual Total Time": 0.193,              
                                   "Actual Rows": 3,                        
                                   "Actual Loops": 1,                       
                                   "Sort Key": ["ct.id"],                   
                                   "Sort Method": "quicksort",              
                                   "Sort Space Used": 25,                   
                                   "Sort Space Type": "Memory",             
                                   "Shared Hit Blocks": 1,                  
                                   "Shared Read Blocks": 0,                 
                                   "Shared Dirtied Blocks": 0,              
                                   "Shared Written Blocks": 0,              
                                   "Local Hit Blocks": 0,                   
                                   "Local Read Blocks": 0,                  
                                   "Local Dirtied Blocks": 0,               
                                   "Local Written Blocks": 0,               
                                   "Temp Read Blocks": 0,                   
                                   "Temp Written Blocks": 0,                
                                   "Plans": [                               
                                     {                                      
                                       "Node Type": "Seq Scan",             
                                       "Parent Relationship": "Outer",      
                                       "Parallel Aware": false,             
                                       "Relation Name": "company_type",     
                                       "Alias": "ct",                       
                                       "Startup Cost": 0.00,                
                                       "Total Cost": 0.03,                  
                                       "Plan Rows": 4,                      
                                       "Plan Width": 4,                     
                                       "Actual Startup Time": 0.009,        
                                       "Actual Total Time": 0.012,          
                                       "Actual Rows": 4,                    
                                       "Actual Loops": 1,                   
                                       "Shared Hit Blocks": 1,              
                                       "Shared Read Blocks": 0,             
                                       "Shared Dirtied Blocks": 0,          
                                       "Shared Written Blocks": 0,          
                                       "Local Hit Blocks": 0,               
                                       "Local Read Blocks": 0,              
                                       "Local Dirtied Blocks": 0,           
                                       "Local Written Blocks": 0,           
                                       "Temp Read Blocks": 0,               
                                       "Temp Written Blocks": 0             
                                     }                                      
                                   ]                                        
                                 },                                         
                                 {                                          
                                   "Node Type": "Sort",                     
                                   "Parent Relationship": "Inner",          
                                   "Parallel Aware": false,                 
                                   "Startup Cost": 9405.45,                 
                                   "Total Cost": 9608.03,                   
                                   "Plan Rows": 2609129,                    
                                   "Plan Width": 12,                        
                                   "Actual Startup Time": 1182.578,         
                                   "Actual Total Time": 1304.040,           
                                   "Actual Rows": 2609129,                  
                                   "Actual Loops": 1,                       
                                   "Sort Key": ["mc.company_type_id"],      
                                   "Sort Method": "quicksort",              
                                   "Sort Space Used": 220607,               
                                   "Sort Space Type": "Memory",             
                                   "Shared Hit Blocks": 3,                  
                                   "Shared Read Blocks": 18786,             
                                   "Shared Dirtied Blocks": 0,              
                                   "Shared Written Blocks": 0,              
                                   "Local Hit Blocks": 0,                   
                                   "Local Read Blocks": 0,                  
                                   "Local Dirtied Blocks": 0,               
                                   "Local Written Blocks": 0,               
                                   "Temp Read Blocks": 0,                   
                                   "Temp Written Blocks": 0,                
                                   "Plans": [                               
                                     {                                      
                                       "Node Type": "Seq Scan",             
                                       "Parent Relationship": "Outer",      
                                       "Parallel Aware": false,             
                                       "Relation Name": "movie_companies",  
                                       "Alias": "mc",                       
                                       "Startup Cost": 0.00,                
                                       "Total Cost": 769.75,                
                                       "Plan Rows": 2609129,                
                                       "Plan Width": 12,                    
                                       "Actual Startup Time": 0.011,        
                                       "Actual Total Time": 657.072,        
                                       "Actual Rows": 2609129,              
                                       "Actual Loops": 1,                   
                                       "Shared Hit Blocks": 3,              
                                       "Shared Read Blocks": 18786,         
                                       "Shared Dirtied Blocks": 0,          
                                       "Shared Written Blocks": 0,          
                                       "Local Hit Blocks": 0,               
                                       "Local Read Blocks": 0,              
                                       "Local Dirtied Blocks": 0,           
                                       "Local Written Blocks": 0,           
                                       "Temp Read Blocks": 0,               
                                       "Temp Written Blocks": 0             
                                     }                                      
                                   ]                                        
                                 }                                          
                               ]                                            
                             }                                              
                           ]                                                
                         },                                                 
                         {                                                  
                           "Node Type": "Sort",                             
                           "Parent Relationship": "Inner",                  
                           "Parallel Aware": false,                         
                           "Startup Cost": 761.23,                          
                           "Total Cost": 779.47,                            
                           "Plan Rows": 234997,                             
                           "Plan Width": 4,                                 
                           "Actual Startup Time": 199.233,                  
                           "Actual Total Time": 233.072,                    
                           "Actual Rows": 234997,                           
                           "Actual Loops": 1,                               
                           "Sort Key": ["cn.id"],                           
                           "Sort Method": "quicksort",                      
                           "Sort Space Used": 17160,                        
                           "Sort Space Type": "Memory",                     
                           "Shared Hit Blocks": 2,                          
                           "Shared Read Blocks": 2992,                      
                           "Shared Dirtied Blocks": 0,                      
                           "Shared Written Blocks": 0,                      
                           "Local Hit Blocks": 0,                           
                           "Local Read Blocks": 0,                          
                           "Local Dirtied Blocks": 0,                       
                           "Local Written Blocks": 0,                       
                           "Temp Read Blocks": 0,                           
                           "Temp Written Blocks": 0,                        
                           "Plans": [                                       
                             {                                              
                               "Node Type": "Seq Scan",                     
                               "Parent Relationship": "Outer",              
                               "Parallel Aware": false,                     
                               "Relation Name": "company_name",             
                               "Alias": "cn",                               
                               "Startup Cost": 0.00,                        
                               "Total Cost": 110.16,                        
                               "Plan Rows": 234997,                         
                               "Plan Width": 4,                             
                               "Actual Startup Time": 15.163,               
                               "Actual Total Time": 92.449,                 
                               "Actual Rows": 234997,                       
                               "Actual Loops": 1,                           
                               "Shared Hit Blocks": 2,                      
                               "Shared Read Blocks": 2992,                  
                               "Shared Dirtied Blocks": 0,                  
                               "Shared Written Blocks": 0,                  
                               "Local Hit Blocks": 0,                       
                               "Local Read Blocks": 0,                      
                               "Local Dirtied Blocks": 0,                   
                               "Local Written Blocks": 0,                   
                               "Temp Read Blocks": 0,                       
                               "Temp Written Blocks": 0                     
                             }                                              
                           ]                                                
                         }                                                  
                       ]                                                    
                     }                                                      
                   ]                                                        
                 },                                                         
                 {                                                          
                   "Node Type": "Sort",                                     
                   "Parent Relationship": "Inner",                          
                   "Parallel Aware": false,                                 
                   "Startup Cost": 9654.35,                                 
                   "Total Cost": 9850.65,                                   
                   "Plan Rows": 2528312,                                    
                   "Plan Width": 21,                                        
                   "Actual Startup Time": 2301.236,                         
                   "Actual Total Time": 2672.203,                           
                   "Actual Rows": 2525745,                                  
                   "Actual Loops": 1,                                       
                   "Sort Key": ["t.id"],                                    
                   "Sort Method": "quicksort",                              
                   "Sort Space Used": 275055,                               
                   "Sort Space Type": "Memory",                             
                   "Shared Hit Blocks": 1,                                  
                   "Shared Read Blocks": 35997,                             
                   "Shared Dirtied Blocks": 0,                              
                   "Shared Written Blocks": 0,                              
                   "Local Hit Blocks": 0,                                   
                   "Local Read Blocks": 0,                                  
                   "Local Dirtied Blocks": 0,                               
                   "Local Written Blocks": 0,                               
                   "Temp Read Blocks": 0,                                   
                   "Temp Written Blocks": 0,                                
                   "Plans": [                                               
                     {                                                      
                       "Node Type": "Seq Scan",                             
                       "Parent Relationship": "Outer",                      
                       "Parallel Aware": false,                             
                       "Relation Name": "title",                            
                       "Alias": "t",                                        
                       "Startup Cost": 0.00,                                
                       "Total Cost": 1303.96,                               
                       "Plan Rows": 2528312,                                
                       "Plan Width": 21,                                    
                       "Actual Startup Time": 6.121,                        
                       "Actual Total Time": 1005.592,                       
                       "Actual Rows": 2528312,                              
                       "Actual Loops": 1,                                   
                       "Shared Hit Blocks": 1,                              
                       "Shared Read Blocks": 35997,                         
                       "Shared Dirtied Blocks": 0,                          
                       "Shared Written Blocks": 0,                          
                       "Local Hit Blocks": 0,                               
                       "Local Read Blocks": 0,                              
                       "Local Dirtied Blocks": 0,                           
                       "Local Written Blocks": 0,                           
                       "Temp Read Blocks": 0,                               
                       "Temp Written Blocks": 0                             
                     }                                                      
                   ]                                                        
                 }                                                          
               ]                                                            
             },                                                             
             {                                                              
               "Node Type": "Sort",                                         
               "Parent Relationship": "Inner",                              
               "Parallel Aware": false,                                     
               "Startup Cost": 303354.01,                                   
               "Total Cost": 304718.31,                                     
               "Plan Rows": 17572212,                                       
               "Plan Width": 20,                                            
               "Actual Startup Time": 42556.070,                            
               "Actual Total Time": 46162.050,                              
               "Actual Rows": 45090493,                                     
               "Actual Loops": 1,                                           
               "Sort Key": ["ci.movie_id"],                                 
               "Sort Method": "quicksort",                                  
               "Sort Space Used": 1876633,                                  
               "Sort Space Type": "Memory",                                 
               "Shared Hit Blocks": 7,                                      
               "Shared Read Blocks": 289095,                                
               "Shared Dirtied Blocks": 0,                                  
               "Shared Written Blocks": 0,                                  
               "Local Hit Blocks": 0,                                       
               "Local Read Blocks": 0,                                      
               "Local Dirtied Blocks": 0,                                   
               "Local Written Blocks": 0,                                   
               "Temp Read Blocks": 0,                                       
               "Temp Written Blocks": 0,                                    
               "Plans": [                                                   
                 {                                                          
                   "Node Type": "Merge Join",                               
                   "Parent Relationship": "Outer",                          
                   "Parallel Aware": false,                                 
                   "Join Type": "Inner",                                    
                   "Startup Cost": 233741.72,                               
                   "Total Cost": 237685.30,                                 
                   "Plan Rows": 17572212,                                   
                   "Plan Width": 20,                                        
                   "Actual Startup Time": 30992.774,                        
                   "Actual Total Time": 35327.235,                          
                   "Actual Rows": 17571519,                                 
                   "Actual Loops": 1,                                       
                   "Inner Unique": true,                                    
                   "Merge Cond": "(ci.role_id = rt.id)",                    
                   "Shared Hit Blocks": 7,                                  
                   "Shared Read Blocks": 289095,                            
                   "Shared Dirtied Blocks": 0,                              
                   "Shared Written Blocks": 0,                              
                   "Local Hit Blocks": 0,                                   
                   "Local Read Blocks": 0,                                  
                   "Local Dirtied Blocks": 0,                               
                   "Local Written Blocks": 0,                               
                   "Temp Read Blocks": 0,                                   
                   "Temp Written Blocks": 0,                                
                   "Plans": [                                               
                     {                                                      
                       "Node Type": "Sort",                                 
                       "Parent Relationship": "Outer",                      
                       "Parallel Aware": false,                             
                       "Startup Cost": 233741.68,                           
                       "Total Cost": 235105.98,                             
                       "Plan Rows": 17572212,                               
                       "Plan Width": 24,                                    
                       "Actual Startup Time": 30992.743,                    
                       "Actual Total Time": 31824.662,                      
                       "Actual Rows": 17571519,                             
                       "Actual Loops": 1,                                   
                       "Sort Key": ["ci.role_id"],                          
                       "Sort Method": "quicksort",                          
                       "Sort Space Used": 1976551,                          
                       "Sort Space Type": "Memory",                         
                       "Shared Hit Blocks": 6,                              
                       "Shared Read Blocks": 289095,                        
                       "Shared Dirtied Blocks": 0,                          
                       "Shared Written Blocks": 0,                          
                       "Local Hit Blocks": 0,                               
                       "Local Read Blocks": 0,                              
                       "Local Dirtied Blocks": 0,                           
                       "Local Written Blocks": 0,                           
                       "Temp Read Blocks": 0,                               
                       "Temp Written Blocks": 0,                            
                       "Plans": [                                           
                         {                                                  
                           "Node Type": "Merge Join",                       
                           "Parent Relationship": "Outer",                  
                           "Parallel Aware": false,                         
                           "Join Type": "Inner",                            
                           "Startup Cost": 163641.76,                       
                           "Total Cost": 168072.97,                         
                           "Plan Rows": 17572212,                           
                           "Plan Width": 24,                                
                           "Actual Startup Time": 20000.506,                
                           "Actual Total Time": 27067.121,                  
                           "Actual Rows": 17571519,                         
                           "Actual Loops": 1,                               
                           "Inner Unique": false,                           
                           "Merge Cond": "(chn.id = ci.person_role_id)",    
                           "Shared Hit Blocks": 6,                          
                           "Shared Read Blocks": 289095,                    
                           "Shared Dirtied Blocks": 0,                      
                           "Shared Written Blocks": 0,                      
                           "Local Hit Blocks": 0,                           
                           "Local Read Blocks": 0,                          
                           "Local Dirtied Blocks": 0,                       
                           "Local Written Blocks": 0,                       
                           "Temp Read Blocks": 0,                           
                           "Temp Written Blocks": 0,                        
                           "Plans": [                                       
                             {                                              
                               "Node Type": "Sort",                         
                               "Parent Relationship": "Outer",              
                               "Parallel Aware": false,                     
                               "Startup Cost": 11884.63,                    
                               "Total Cost": 12128.45,                      
                               "Plan Rows": 3140339,                        
                               "Plan Width": 20,                            
                               "Actual Startup Time": 2460.754,             
                               "Actual Total Time": 2931.343,               
                               "Actual Rows": 3140339,                      
                               "Actual Loops": 1,                           
                               "Sort Key": ["chn.id"],                      
                               "Sort Method": "quicksort",                  
                               "Sort Space Used": 318833,                   
                               "Sort Space Type": "Memory",                 
                               "Shared Hit Blocks": 2,                      
                               "Shared Read Blocks": 36445,                 
                               "Shared Dirtied Blocks": 0,                  
                               "Shared Written Blocks": 0,                  
                               "Local Hit Blocks": 0,                       
                               "Local Read Blocks": 0,                      
                               "Local Dirtied Blocks": 0,                   
                               "Local Written Blocks": 0,                   
                               "Temp Read Blocks": 0,                       
                               "Temp Written Blocks": 0,                    
                               "Plans": [                                   
                                 {                                          
                                   "Node Type": "Seq Scan",                 
                                   "Parent Relationship": "Outer",          
                                   "Parallel Aware": false,                 
                                   "Relation Name": "char_name",            
                                   "Alias": "chn",                          
                                   "Startup Cost": 0.00,                    
                                   "Total Cost": 1360.36,                   
                                   "Plan Rows": 3140339,                    
                                   "Plan Width": 20,                        
                                   "Actual Startup Time": 8.247,            
                                   "Actual Total Time": 950.253,            
                                   "Actual Rows": 3140339,                  
                                   "Actual Loops": 1,                       
                                   "Shared Hit Blocks": 2,                  
                                   "Shared Read Blocks": 36445,             
                                   "Shared Dirtied Blocks": 0,              
                                   "Shared Written Blocks": 0,              
                                   "Local Hit Blocks": 0,                   
                                   "Local Read Blocks": 0,                  
                                   "Local Dirtied Blocks": 0,               
                                   "Local Written Blocks": 0,               
                                   "Temp Read Blocks": 0,                   
                                   "Temp Written Blocks": 0                 
                                 }                                          
                               ]                                            
                             },                                             
                             {                                              
                               "Node Type": "Sort",                         
                               "Parent Relationship": "Inner",              
                               "Parallel Aware": false,                     
                               "Startup Cost": 151757.13,                   
                               "Total Cost": 154571.13,                     
                               "Plan Rows": 36244344,                       
                               "Plan Width": 12,                            
                               "Actual Startup Time": 17539.742,            
                               "Actual Total Time": 19381.195,              
                               "Actual Rows": 17571520,                     
                               "Actual Loops": 1,                           
                               "Sort Key": ["ci.person_role_id"],           
                               "Sort Method": "quicksort",                  
                               "Sort Space Used": 3271818,                  
                               "Sort Space Type": "Memory",                 
                               "Shared Hit Blocks": 4,                      
                               "Shared Read Blocks": 252650,                
                               "Shared Dirtied Blocks": 0,                  
                               "Shared Written Blocks": 0,                  
                               "Local Hit Blocks": 0,                       
                               "Local Read Blocks": 0,                      
                               "Local Dirtied Blocks": 0,                   
                               "Local Written Blocks": 0,                   
                               "Temp Read Blocks": 0,                       
                               "Temp Written Blocks": 0,                    
                               "Plans": [                                   
                                 {                                          
                                   "Node Type": "Seq Scan",                 
                                   "Parent Relationship": "Outer",          
                                   "Parallel Aware": false,                 
                                   "Relation Name": "cast_info",            
                                   "Alias": "ci",                           
                                   "Startup Cost": 0.00,                    
                                   "Total Cost": 10431.00,                  
                                   "Plan Rows": 36244344,                   
                                   "Plan Width": 12,                        
                                   "Actual Startup Time": 0.023,            
                                   "Actual Total Time": 7684.041,           
                                   "Actual Rows": 36244344,                 
                                   "Actual Loops": 1,                       
                                   "Shared Hit Blocks": 4,                  
                                   "Shared Read Blocks": 252650,            
                                   "Shared Dirtied Blocks": 0,              
                                   "Shared Written Blocks": 0,              
                                   "Local Hit Blocks": 0,                   
                                   "Local Read Blocks": 0,                  
                                   "Local Dirtied Blocks": 0,               
                                   "Local Written Blocks": 0,               
                                   "Temp Read Blocks": 0,                   
                                   "Temp Written Blocks": 0                 
                                 }                                          
                               ]                                            
                             }                                              
                           ]                                                
                         }                                                  
                       ]                                                    
                     },                                                     
                     {                                                      
                       "Node Type": "Sort",                                 
                       "Parent Relationship": "Inner",                      
                       "Parallel Aware": false,                             
                       "Startup Cost": 0.04,                                
                       "Total Cost": 0.04,                                  
                       "Plan Rows": 12,                                     
                       "Plan Width": 4,                                     
                       "Actual Startup Time": 0.026,                        
                       "Actual Total Time": 0.027,                          
                       "Actual Rows": 2,                                    
                       "Actual Loops": 1,                                   
                       "Sort Key": ["rt.id"],                               
                       "Sort Method": "quicksort",                          
                       "Sort Space Used": 25,                               
                       "Sort Space Type": "Memory",                         
                       "Shared Hit Blocks": 1,                              
                       "Shared Read Blocks": 0,                             
                       "Shared Dirtied Blocks": 0,                          
                       "Shared Written Blocks": 0,                          
                       "Local Hit Blocks": 0,                               
                       "Local Read Blocks": 0,                              
                       "Local Dirtied Blocks": 0,                           
                       "Local Written Blocks": 0,                           
                       "Temp Read Blocks": 0,                               
                       "Temp Written Blocks": 0,                            
                       "Plans": [                                           
                         {                                                  
                           "Node Type": "Seq Scan",                         
                           "Parent Relationship": "Outer",                  
                           "Parallel Aware": false,                         
                           "Relation Name": "role_type",                    
                           "Alias": "rt",                                   
                           "Startup Cost": 0.00,                            
                           "Total Cost": 0.03,                              
                           "Plan Rows": 12,                                 
                           "Plan Width": 4,                                 
                           "Actual Startup Time": 0.013,                    
                           "Actual Total Time": 0.015,                      
                           "Actual Rows": 12,                               
                           "Actual Loops": 1,                               
                           "Shared Hit Blocks": 1,                          
                           "Shared Read Blocks": 0,                         
                           "Shared Dirtied Blocks": 0,                      
                           "Shared Written Blocks": 0,                      
                           "Local Hit Blocks": 0,                           
                           "Local Read Blocks": 0,                          
                           "Local Dirtied Blocks": 0,                       
                           "Local Written Blocks": 0,                       
                           "Temp Read Blocks": 0,                           
                           "Temp Written Blocks": 0                         
                         }                                                  
                       ]                                                    
                     }                                                      
                   ]                                                        
                 }                                                          
               ]                                                            
             }                                                              
           ]                                                                
         }                                                                  
       ]                                                                    
     },                                                                     
     "Planning Time": 3048.031,                                             
     "Triggers": [                                                          
     ],                                                                     
     "Execution Time": 71753.891                                            
