     "Plan": {                                                                                   
       "Node Type": "Aggregate",                                                                 
       "Strategy": "Plain",                                                                      
       "Partial Mode": "Simple",                                                                 
       "Parallel Aware": false,                                                                  
       "Startup Cost": 45106.93,                                                                 
       "Total Cost": 45106.93,                                                                   
       "Plan Rows": 1,                                                                           
       "Plan Width": 96,                                                                         
       "Actual Startup Time": 12842.328,                                                         
       "Actual Total Time": 12842.329,                                                           
       "Actual Rows": 1,                                                                         
       "Actual Loops": 1,                                                                        
       "Shared Hit Blocks": 19,                                                                  
       "Shared Read Blocks": 83334,                                                              
       "Shared Dirtied Blocks": 0,                                                               
       "Shared Written Blocks": 0,                                                               
       "Local Hit Blocks": 0,                                                                    
       "Local Read Blocks": 0,                                                                   
       "Local Dirtied Blocks": 0,                                                                
       "Local Written Blocks": 0,                                                                
       "Temp Read Blocks": 0,                                                                    
       "Temp Written Blocks": 0,                                                                 
       "Plans": [                                                                                
         {                                                                                       
           "Node Type": "Merge Join",                                                            
           "Parent Relationship": "Outer",                                                       
           "Parallel Aware": false,                                                              
           "Join Type": "Inner",                                                                 
           "Startup Cost": 44250.94,                                                             
           "Total Cost": 44681.59,                                                               
           "Plan Rows": 1826101,                                                                 
           "Plan Width": 60,                                                                     
           "Actual Startup Time": 9544.548,                                                      
           "Actual Total Time": 11453.353,                                                       
           "Actual Rows": 4139776,                                                               
           "Actual Loops": 1,                                                                    
           "Inner Unique": true,                                                                 
           "Merge Cond": "(mk.keyword_id = k.id)",                                               
           "Shared Hit Blocks": 19,                                                              
           "Shared Read Blocks": 83334,                                                          
           "Shared Dirtied Blocks": 0,                                                           
           "Shared Written Blocks": 0,                                                           
           "Local Hit Blocks": 0,                                                                
           "Local Read Blocks": 0,                                                               
           "Local Dirtied Blocks": 0,                                                            
           "Local Written Blocks": 0,                                                            
           "Temp Read Blocks": 0,                                                                
           "Temp Written Blocks": 0,                                                             
           "Plans": [                                                                            
             {                                                                                   
               "Node Type": "Sort",                                                              
               "Parent Relationship": "Outer",                                                   
               "Parallel Aware": false,                                                          
               "Startup Cost": 43857.02,                                                         
               "Total Cost": 43998.80,                                                           
               "Plan Rows": 1826101,                                                             
               "Plan Width": 64,                                                                 
               "Actual Startup Time": 9430.732,                                                  
               "Actual Total Time": 10037.145,                                                   
               "Actual Rows": 4139776,                                                           
               "Actual Loops": 1,                                                                
               "Sort Key": ["mk.keyword_id"],                                                    
               "Sort Method": "quicksort",                                                       
               "Sort Space Used": 636685,                                                        
               "Sort Space Type": "Memory",                                                      
               "Shared Hit Blocks": 17,                                                          
               "Shared Read Blocks": 82387,                                                      
               "Shared Dirtied Blocks": 0,                                                       
               "Shared Written Blocks": 0,                                                       
               "Local Hit Blocks": 0,                                                            
               "Local Read Blocks": 0,                                                           
               "Local Dirtied Blocks": 0,                                                        
               "Local Written Blocks": 0,                                                        
               "Temp Read Blocks": 0,                                                            
               "Temp Written Blocks": 0,                                                         
               "Plans": [                                                                        
                 {                                                                               
                   "Node Type": "Merge Join",                                                    
                   "Parent Relationship": "Outer",                                               
                   "Parallel Aware": false,                                                      
                   "Join Type": "Inner",                                                         
                   "Startup Cost": 37820.70,                                                     
                   "Total Cost": 37958.96,                                                       
                   "Plan Rows": 1826101,                                                         
                   "Plan Width": 64,                                                             
                   "Actual Startup Time": 6976.397,                                              
                   "Actual Total Time": 8011.496,                                                
                   "Actual Rows": 4139776,                                                       
                   "Actual Loops": 1,                                                            
                   "Inner Unique": false,                                                        
                   "Merge Cond": "(ml.movie_id = mk.movie_id)",                                  
                   "Shared Hit Blocks": 13,                                                      
                   "Shared Read Blocks": 82387,                                                  
                   "Shared Dirtied Blocks": 0,                                                   
                   "Shared Written Blocks": 0,                                                   
                   "Local Hit Blocks": 0,                                                        
                   "Local Read Blocks": 0,                                                       
                   "Local Dirtied Blocks": 0,                                                    
                   "Local Written Blocks": 0,                                                    
                   "Temp Read Blocks": 0,                                                        
                   "Temp Written Blocks": 0,                                                     
                   "Plans": [                                                                    
                     {                                                                           
                       "Node Type": "Sort",                                                      
                       "Parent Relationship": "Outer",                                           
                       "Parallel Aware": false,                                                  
                       "Startup Cost": 21209.77,                                                 
                       "Total Cost": 21220.29,                                                   
                       "Plan Rows": 135494,                                                      
                       "Plan Width": 72,                                                         
                       "Actual Startup Time": 4883.566,                                          
                       "Actual Total Time": 4895.978,                                            
                       "Actual Rows": 148115,                                                    
                       "Actual Loops": 1,                                                        
                       "Sort Key": ["mc.movie_id"],                                              
                       "Sort Method": "quicksort",                                               
                       "Sort Space Used": 26298,                                                 
                       "Sort Space Type": "Memory",                                              
                       "Shared Hit Blocks": 10,                                                  
                       "Shared Read Blocks": 57936,                                              
                       "Shared Dirtied Blocks": 0,                                               
                       "Shared Written Blocks": 0,                                               
                       "Local Hit Blocks": 0,                                                    
                       "Local Read Blocks": 0,                                                   
                       "Local Dirtied Blocks": 0,                                                
                       "Local Written Blocks": 0,                                                
                       "Temp Read Blocks": 0,                                                    
                       "Temp Written Blocks": 0,                                                 
                       "Plans": [                                                                
                         {                                                                       
                           "Node Type": "Merge Join",                                            
                           "Parent Relationship": "Outer",                                       
                           "Parallel Aware": false,                                              
                           "Join Type": "Inner",                                                 
                           "Startup Cost": 20784.20,                                             
                           "Total Cost": 20851.10,                                               
                           "Plan Rows": 135494,                                                  
                           "Plan Width": 72,                                                     
                           "Actual Startup Time": 4748.077,                                      
                           "Actual Total Time": 4831.513,                                        
                           "Actual Rows": 148115,                                                
                           "Actual Loops": 1,                                                    
                           "Inner Unique": true,                                                 
                           "Merge Cond": "(mc.company_id = cn.id)",                              
                           "Shared Hit Blocks": 10,                                              
                           "Shared Read Blocks": 57936,                                          
                           "Shared Dirtied Blocks": 0,                                           
                           "Shared Written Blocks": 0,                                           
                           "Local Hit Blocks": 0,                                                
                           "Local Read Blocks": 0,                                               
                           "Local Dirtied Blocks": 0,                                            
                           "Local Written Blocks": 0,                                            
                           "Temp Read Blocks": 0,                                                
                           "Temp Written Blocks": 0,                                             
                           "Plans": [                                                            
                             {                                                                   
                               "Node Type": "Sort",                                              
                               "Parent Relationship": "Outer",                                   
                               "Parallel Aware": false,                                          
                               "Startup Cost": 20022.97,                                         
                               "Total Cost": 20033.49,                                           
                               "Plan Rows": 135494,                                              
                               "Plan Width": 57,                                                 
                               "Actual Startup Time": 4548.308,                                  
                               "Actual Total Time": 4565.876,                                    
                               "Actual Rows": 148115,                                            
                               "Actual Loops": 1,                                                
                               "Sort Key": ["mc.company_id"],                                    
                               "Sort Method": "quicksort",                                       
                               "Sort Space Used": 23661,                                         
                               "Sort Space Type": "Memory",                                      
                               "Shared Hit Blocks": 8,                                           
                               "Shared Read Blocks": 54944,                                      
                               "Shared Dirtied Blocks": 0,                                       
                               "Shared Written Blocks": 0,                                       
                               "Local Hit Blocks": 0,                                            
                               "Local Read Blocks": 0,                                           
                               "Local Dirtied Blocks": 0,                                        
                               "Local Written Blocks": 0,                                        
                               "Temp Read Blocks": 0,                                            
                               "Temp Written Blocks": 0,                                         
                               "Plans": [                                                        
                                 {                                                               
                                   "Node Type": "Merge Join",                                    
                                   "Parent Relationship": "Outer",                               
                                   "Parallel Aware": false,                                      
                                   "Join Type": "Inner",                                         
                                   "Startup Cost": 19633.88,                                     
                                   "Total Cost": 19664.29,                                       
                                   "Plan Rows": 135494,                                          
                                   "Plan Width": 57,                                             
                                   "Actual Startup Time": 4447.747,                              
                                   "Actual Total Time": 4494.660,                                
                                   "Actual Rows": 148115,                                        
                                   "Actual Loops": 1,                                            
                                   "Inner Unique": true,                                         
                                   "Merge Cond": "(mc.company_type_id = ct.id)",                 
                                   "Shared Hit Blocks": 8,                                       
                                   "Shared Read Blocks": 54944,                                  
                                   "Shared Dirtied Blocks": 0,                                   
                                   "Shared Written Blocks": 0,                                   
                                   "Local Hit Blocks": 0,                                        
                                   "Local Read Blocks": 0,                                       
                                   "Local Dirtied Blocks": 0,                                    
                                   "Local Written Blocks": 0,                                    
                                   "Temp Read Blocks": 0,                                        
                                   "Temp Written Blocks": 0,                                     
                                   "Plans": [                                                    
                                     {                                                           
                                       "Node Type": "Sort",                                      
                                       "Parent Relationship": "Outer",                           
                                       "Parallel Aware": false,                                  
                                       "Startup Cost": 19633.85,                                 
                                       "Total Cost": 19644.37,                                   
                                       "Plan Rows": 135494,                                      
                                       "Plan Width": 61,                                         
                                       "Actual Startup Time": 4447.719,                          
                                       "Actual Total Time": 4455.896,                            
                                       "Actual Rows": 148115,                                    
                                       "Actual Loops": 1,                                        
                                       "Sort Key": ["mc.company_type_id"],                       
                                       "Sort Method": "quicksort",                               
                                       "Sort Space Used": 24215,                                 
                                       "Sort Space Type": "Memory",                              
                                       "Shared Hit Blocks": 7,                                   
                                       "Shared Read Blocks": 54944,                              
                                       "Shared Dirtied Blocks": 0,                               
                                       "Shared Written Blocks": 0,                               
                                       "Local Hit Blocks": 0,                                    
                                       "Local Read Blocks": 0,                                   
                                       "Local Dirtied Blocks": 0,                                
                                       "Local Written Blocks": 0,                                
                                       "Temp Read Blocks": 0,                                    
                                       "Temp Written Blocks": 0,                                 
                                       "Plans": [                                                
                                         {                                                       
                                           "Node Type": "Merge Join",                            
                                           "Parent Relationship": "Outer",                       
                                           "Parallel Aware": false,                              
                                           "Join Type": "Inner",                                 
                                           "Startup Cost": 19212.32,                             
                                           "Total Cost": 19275.17,                               
                                           "Plan Rows": 135494,                                  
                                           "Plan Width": 61,                                     
                                           "Actual Startup Time": 4282.167,                      
                                           "Actual Total Time": 4401.961,                        
                                           "Actual Rows": 148115,                                
                                           "Actual Loops": 1,                                    
                                           "Inner Unique": false,                                
                                           "Merge Cond": "(ml.movie_id = mc.movie_id)",          
                                           "Shared Hit Blocks": 7,                               
                                           "Shared Read Blocks": 54944,                          
                                           "Shared Dirtied Blocks": 0,                           
                                           "Shared Written Blocks": 0,                           
                                           "Local Hit Blocks": 0,                                
                                           "Local Read Blocks": 0,                               
                                           "Local Dirtied Blocks": 0,                            
                                           "Local Written Blocks": 0,                            
                                           "Temp Read Blocks": 0,                                
                                           "Temp Written Blocks": 0,                             
                                           "Plans": [                                            
                                             {                                                   
                                               "Node Type": "Merge Join",                        
                                               "Parent Relationship": "Outer",                   
                                               "Parallel Aware": false,                          
                                               "Join Type": "Inner",                             
                                               "Startup Cost": 9806.87,                          
                                               "Total Cost": 9842.51,                            
                                               "Plan Rows": 29997,                               
                                               "Plan Width": 25,                                 
                                               "Actual Startup Time": 2662.323,                  
                                               "Actual Total Time": 2724.234,                    
                                               "Actual Rows": 29997,                             
                                               "Actual Loops": 1,                                
                                               "Inner Unique": true,                             
                                               "Merge Cond": "(ml.movie_id = t.id)",             
                                               "Shared Hit Blocks": 4,                           
                                               "Shared Read Blocks": 36158,                      
                                               "Shared Dirtied Blocks": 0,                       
                                               "Shared Written Blocks": 0,                       
                                               "Local Hit Blocks": 0,                            
                                               "Local Read Blocks": 0,                           
                                               "Local Dirtied Blocks": 0,                        
                                               "Local Written Blocks": 0,                        
                                               "Temp Read Blocks": 0,                            
                                               "Temp Written Blocks": 0,                         
                                               "Plans": [                                        
                                                 {                                               
                                                   "Node Type": "Sort",                          
                                                   "Parent Relationship": "Outer",               
                                                   "Parallel Aware": false,                      
                                                   "Startup Cost": 152.52,                       
                                                   "Total Cost": 154.84,                         
                                                   "Plan Rows": 29997,                           
                                                   "Plan Width": 4,                              
                                                   "Actual Startup Time": 52.435,                
                                                   "Actual Total Time": 55.137,                  
                                                   "Actual Rows": 29997,                         
                                                   "Actual Loops": 1,                            
                                                   "Sort Key": ["ml.movie_id"],                  
                                                   "Sort Method": "quicksort",                   
                                                   "Sort Space Used": 2175,                      
                                                   "Sort Space Type": "Memory",                  
                                                   "Shared Hit Blocks": 3,                       
                                                   "Shared Read Blocks": 161,                    
                                                   "Shared Dirtied Blocks": 0,                   
                                                   "Shared Written Blocks": 0,                   
                                                   "Local Hit Blocks": 0,                        
                                                   "Local Read Blocks": 0,                       
                                                   "Local Dirtied Blocks": 0,                    
                                                   "Local Written Blocks": 0,                    
                                                   "Temp Read Blocks": 0,                        
                                                   "Temp Written Blocks": 0,                     
                                                   "Plans": [                                    
                                                     {                                           
                                                       "Node Type": "Merge Join",                
                                                       "Parent Relationship": "Outer",           
                                                       "Parallel Aware": false,                  
                                                       "Join Type": "Inner",                     
                                                       "Startup Cost": 76.51,                    
                                                       "Total Cost": 83.24,                      
                                                       "Plan Rows": 29997,                       
                                                       "Plan Width": 4,                          
                                                       "Actual Startup Time": 33.495,            
                                                       "Actual Total Time": 42.902,              
                                                       "Actual Rows": 29997,                     
                                                       "Actual Loops": 1,                        
                                                       "Inner Unique": false,                    
                                                       "Merge Cond": "(lt.id = ml.link_type_id)",
                                                       "Shared Hit Blocks": 3,                   
                                                       "Shared Read Blocks": 161,                
                                                       "Shared Dirtied Blocks": 0,               
                                                       "Shared Written Blocks": 0,               
                                                       "Local Hit Blocks": 0,                    
                                                       "Local Read Blocks": 0,                   
                                                       "Local Dirtied Blocks": 0,                
                                                       "Local Written Blocks": 0,                
                                                       "Temp Read Blocks": 0,                    
                                                       "Temp Written Blocks": 0,                 
                                                       "Plans": [                                
                                                         {                                       
                                                           "Node Type": "Sort",                  
                                                           "Parent Relationship": "Outer",       
                                                           "Parallel Aware": false,              
                                                           "Startup Cost": 0.04,                 
                                                           "Total Cost": 0.05,                   
                                                           "Plan Rows": 18,                      
                                                           "Plan Width": 4,                      
                                                           "Actual Startup Time": 0.047,         
                                                           "Actual Total Time": 0.050,           
                                                           "Actual Rows": 18,                    
                                                           "Actual Loops": 1,                    
                                                           "Sort Key": ["lt.id"],                
                                                           "Sort Method": "quicksort",           
                                                           "Sort Space Used": 25,                
                                                           "Sort Space Type": "Memory",          
                                                           "Shared Hit Blocks": 1,               
                                                           "Shared Read Blocks": 0,              
                                                           "Shared Dirtied Blocks": 0,           
                                                           "Shared Written Blocks": 0,           
                                                           "Local Hit Blocks": 0,                
                                                           "Local Read Blocks": 0,               
                                                           "Local Dirtied Blocks": 0,            
                                                           "Local Written Blocks": 0,            
                                                           "Temp Read Blocks": 0,                
                                                           "Temp Written Blocks": 0,             
                                                           "Plans": [                            
                                                             {                                   
                                                               "Node Type": "Seq Scan",          
                                                               "Parent Relationship": "Outer",   
                                                               "Parallel Aware": false,          
                                                               "Relation Name": "link_type",     
                                                               "Alias": "lt",                    
                                                               "Startup Cost": 0.00,             
                                                               "Total Cost": 0.03,               
                                                               "Plan Rows": 18,                  
                                                               "Plan Width": 4,                  
                                                               "Actual Startup Time": 0.011,     
                                                               "Actual Total Time": 0.021,       
                                                               "Actual Rows": 18,                
                                                               "Actual Loops": 1,                
                                                               "Shared Hit Blocks": 1,           
                                                               "Shared Read Blocks": 0,          
                                                               "Shared Dirtied Blocks": 0,       
                                                               "Shared Written Blocks": 0,       
                                                               "Local Hit Blocks": 0,            
                                                               "Local Read Blocks": 0,           
                                                               "Local Dirtied Blocks": 0,        
                                                               "Local Written Blocks": 0,        
                                                               "Temp Read Blocks": 0,            
                                                               "Temp Written Blocks": 0          
                                                             }                                   
                                                           ]                                     
                                                         },                                      
                                                         {                                       
                                                           "Node Type": "Sort",                  
                                                           "Parent Relationship": "Inner",       
                                                           "Parallel Aware": false,              
                                                           "Startup Cost": 76.46,                
                                                           "Total Cost": 78.79,                  
                                                           "Plan Rows": 29997,                   
                                                           "Plan Width": 8,                      
                                                           "Actual Startup Time": 33.441,        
                                                           "Actual Total Time": 35.582,          
                                                           "Actual Rows": 29997,                 
                                                           "Actual Loops": 1,                    
                                                           "Sort Key": ["ml.link_type_id"],      
                                                           "Sort Method": "quicksort",           
                                                           "Sort Space Used": 2175,              
                                                           "Sort Space Type": "Memory",          
                                                           "Shared Hit Blocks": 2,               
                                                           "Shared Read Blocks": 161,            
                                                           "Shared Dirtied Blocks": 0,           
                                                           "Shared Written Blocks": 0,           
                                                           "Local Hit Blocks": 0,                
                                                           "Local Read Blocks": 0,               
                                                           "Local Dirtied Blocks": 0,            
                                                           "Local Written Blocks": 0,            
                                                           "Temp Read Blocks": 0,                
                                                           "Temp Written Blocks": 0,             
                                                           "Plans": [                            
                                                             {                                   
                                                               "Node Type": "Seq Scan",          
                                                               "Parent Relationship": "Outer",   
                                                               "Parallel Aware": false,          
                                                               "Relation Name": "movie_link",    
                                                               "Alias": "ml",                    
                                                               "Startup Cost": 0.00,             
                                                               "Total Cost": 7.19,               
                                                               "Plan Rows": 29997,               
                                                               "Plan Width": 8,                  
                                                               "Actual Startup Time": 0.013,     
                                                               "Actual Total Time": 21.897,      
                                                               "Actual Rows": 29997,             
                                                               "Actual Loops": 1,                
                                                               "Shared Hit Blocks": 2,           
                                                               "Shared Read Blocks": 161,        
                                                               "Shared Dirtied Blocks": 0,       
                                                               "Shared Written Blocks": 0,       
                                                               "Local Hit Blocks": 0,            
                                                               "Local Read Blocks": 0,           
                                                               "Local Dirtied Blocks": 0,        
                                                               "Local Written Blocks": 0,        
                                                               "Temp Read Blocks": 0,            
                                                               "Temp Written Blocks": 0          
                                                             }                                   
                                                           ]                                     
                                                         }                                       
                                                       ]                                         
                                                     }                                           
                                                   ]                                             
                                                 },                                              
                                                 {                                               
                                                   "Node Type": "Sort",                          
                                                   "Parent Relationship": "Inner",               
                                                   "Parallel Aware": false,                      
                                                   "Startup Cost": 9654.35,                      
                                                   "Total Cost": 9850.65,                        
                                                   "Plan Rows": 2528312,                         
                                                   "Plan Width": 21,                             
                                                   "Actual Startup Time": 2609.879,              
                                                   "Actual Total Time": 2635.232,                
                                                   "Actual Rows": 186175,                        
                                                   "Actual Loops": 1,                            
                                                   "Sort Key": ["t.id"],                         
                                                   "Sort Method": "quicksort",                   
                                                   "Sort Space Used": 275055,                    
                                                   "Sort Space Type": "Memory",                  
                                                   "Shared Hit Blocks": 1,                       
                                                   "Shared Read Blocks": 35997,                  
                                                   "Shared Dirtied Blocks": 0,                   
                                                   "Shared Written Blocks": 0,                   
                                                   "Local Hit Blocks": 0,                        
                                                   "Local Read Blocks": 0,                       
                                                   "Local Dirtied Blocks": 0,                    
                                                   "Local Written Blocks": 0,                    
                                                   "Temp Read Blocks": 0,                        
                                                   "Temp Written Blocks": 0,                     
                                                   "Plans": [                                    
                                                     {                                           
                                                       "Node Type": "Seq Scan",                  
                                                       "Parent Relationship": "Outer",           
                                                       "Parallel Aware": false,                  
                                                       "Relation Name": "title",                 
                                                       "Alias": "t",                             
                                                       "Startup Cost": 0.00,                     
                                                       "Total Cost": 1303.96,                    
                                                       "Plan Rows": 2528312,                     
                                                       "Plan Width": 21,                         
                                                       "Actual Startup Time": 21.485,            
                                                       "Actual Total Time": 1291.252,            
                                                       "Actual Rows": 2528312,                   
                                                       "Actual Loops": 1,                        
                                                       "Shared Hit Blocks": 1,                   
                                                       "Shared Read Blocks": 35997,              
                                                       "Shared Dirtied Blocks": 0,               
                                                       "Shared Written Blocks": 0,               
                                                       "Local Hit Blocks": 0,                    
                                                       "Local Read Blocks": 0,                   
                                                       "Local Dirtied Blocks": 0,                
                                                       "Local Written Blocks": 0,                
                                                       "Temp Read Blocks": 0,                    
                                                       "Temp Written Blocks": 0                  
                                                     }                                           
                                                   ]                                             
                                                 }                                               
                                               ]                                                 
                                             },                                                  
                                             {                                                   
                                               "Node Type": "Sort",                              
                                               "Parent Relationship": "Inner",                   
                                               "Parallel Aware": false,                          
                                               "Startup Cost": 9405.45,                          
                                               "Total Cost": 9608.03,                            
                                               "Plan Rows": 2609129,                             
                                               "Plan Width": 36,                                 
                                               "Actual Startup Time": 1619.834,                  
                                               "Actual Total Time": 1631.649,                    
                                               "Actual Rows": 234027,                            
                                               "Actual Loops": 1,                                
                                               "Sort Key": ["mc.movie_id"],                      
                                               "Sort Method": "quicksort",                       
                                               "Sort Space Used": 267111,                        
                                               "Sort Space Type": "Memory",                      
                                               "Shared Hit Blocks": 3,                           
                                               "Shared Read Blocks": 18786,                      
                                               "Shared Dirtied Blocks": 0,                       
                                               "Shared Written Blocks": 0,                       
                                               "Local Hit Blocks": 0,                            
                                               "Local Read Blocks": 0,                           
                                               "Local Dirtied Blocks": 0,                        
                                               "Local Written Blocks": 0,                        
                                               "Temp Read Blocks": 0,                            
                                               "Temp Written Blocks": 0,                         
                                               "Plans": [                                        
                                                 {                                               
                                                   "Node Type": "Seq Scan",                      
                                                   "Parent Relationship": "Outer",               
                                                   "Parallel Aware": false,                      
                                                   "Relation Name": "movie_companies",           
                                                   "Alias": "mc",                                
                                                   "Startup Cost": 0.00,                         
                                                   "Total Cost": 769.75,                         
                                                   "Plan Rows": 2609129,                         
                                                   "Plan Width": 36,                             
                                                   "Actual Startup Time": 0.014,                 
                                                   "Actual Total Time": 569.698,                 
                                                   "Actual Rows": 2609129,                       
                                                   "Actual Loops": 1,                            
                                                   "Shared Hit Blocks": 3,                       
                                                   "Shared Read Blocks": 18786,                  
                                                   "Shared Dirtied Blocks": 0,                   
                                                   "Shared Written Blocks": 0,                   
                                                   "Local Hit Blocks": 0,                        
                                                   "Local Read Blocks": 0,                       
                                                   "Local Dirtied Blocks": 0,                    
                                                   "Local Written Blocks": 0,                    
                                                   "Temp Read Blocks": 0,                        
                                                   "Temp Written Blocks": 0                      
                                                 }                                               
                                               ]                                                 
                                             }                                                   
                                           ]                                                     
                                         }                                                       
                                       ]                                                         
                                     },                                                          
                                     {                                                           
                                       "Node Type": "Sort",                                      
                                       "Parent Relationship": "Inner",                           
                                       "Parallel Aware": false,                                  
                                       "Startup Cost": 0.03,                                     
                                       "Total Cost": 0.03,                                       
                                       "Plan Rows": 4,                                           
                                       "Plan Width": 4,                                          
                                       "Actual Startup Time": 0.022,                             
                                       "Actual Total Time": 0.023,                               
                                       "Actual Rows": 2,                                         
                                       "Actual Loops": 1,                                        
                                       "Sort Key": ["ct.id"],                                    
                                       "Sort Method": "quicksort",                               
                                       "Sort Space Used": 25,                                    
                                       "Sort Space Type": "Memory",                              
                                       "Shared Hit Blocks": 1,                                   
                                       "Shared Read Blocks": 0,                                  
                                       "Shared Dirtied Blocks": 0,                               
                                       "Shared Written Blocks": 0,                               
                                       "Local Hit Blocks": 0,                                    
                                       "Local Read Blocks": 0,                                   
                                       "Local Dirtied Blocks": 0,                                
                                       "Local Written Blocks": 0,                                
                                       "Temp Read Blocks": 0,                                    
                                       "Temp Written Blocks": 0,                                 
                                       "Plans": [                                                
                                         {                                                       
                                           "Node Type": "Seq Scan",                              
                                           "Parent Relationship": "Outer",                       
                                           "Parallel Aware": false,                              
                                           "Relation Name": "company_type",                      
                                           "Alias": "ct",                                        
                                           "Startup Cost": 0.00,                                 
                                           "Total Cost": 0.03,                                   
                                           "Plan Rows": 4,                                       
                                           "Plan Width": 4,                                      
                                           "Actual Startup Time": 0.013,                         
                                           "Actual Total Time": 0.014,                           
                                           "Actual Rows": 4,                                     
                                           "Actual Loops": 1,                                    
                                           "Shared Hit Blocks": 1,                               
                                           "Shared Read Blocks": 0,                              
                                           "Shared Dirtied Blocks": 0,                           
                                           "Shared Written Blocks": 0,                           
                                           "Local Hit Blocks": 0,                                
                                           "Local Read Blocks": 0,                               
                                           "Local Dirtied Blocks": 0,                            
                                           "Local Written Blocks": 0,                            
                                           "Temp Read Blocks": 0,                                
                                           "Temp Written Blocks": 0                              
                                         }                                                       
                                       ]                                                         
                                     }                                                           
                                   ]                                                             
                                 }                                                               
                               ]                                                                 
                             },                                                                  
                             {                                                                   
                               "Node Type": "Sort",                                              
                               "Parent Relationship": "Inner",                                   
                               "Parallel Aware": false,                                          
                               "Startup Cost": 761.23,                                           
                               "Total Cost": 779.47,                                             
                               "Plan Rows": 234997,                                              
                               "Plan Width": 23,                                                 
                               "Actual Startup Time": 199.761,                                   
                               "Actual Total Time": 208.785,                                     
                               "Actual Rows": 74154,                                             
                               "Actual Loops": 1,                                                
                               "Sort Key": ["cn.id"],                                            
                               "Sort Method": "quicksort",                                       
                               "Sort Space Used": 23201,                                         
                               "Sort Space Type": "Memory",                                      
                               "Shared Hit Blocks": 2,                                           
                               "Shared Read Blocks": 2992,                                       
                               "Shared Dirtied Blocks": 0,                                       
                               "Shared Written Blocks": 0,                                       
                               "Local Hit Blocks": 0,                                            
                               "Local Read Blocks": 0,                                           
                               "Local Dirtied Blocks": 0,                                        
                               "Local Written Blocks": 0,                                        
                               "Temp Read Blocks": 0,                                            
                               "Temp Written Blocks": 0,                                         
                               "Plans": [                                                        
                                 {                                                               
                                   "Node Type": "Seq Scan",                                      
                                   "Parent Relationship": "Outer",                               
                                   "Parallel Aware": false,                                      
                                   "Relation Name": "company_name",                              
                                   "Alias": "cn",                                                
                                   "Startup Cost": 0.00,                                         
                                   "Total Cost": 110.16,                                         
                                   "Plan Rows": 234997,                                          
                                   "Plan Width": 23,                                             
                                   "Actual Startup Time": 8.435,                                 
                                   "Actual Total Time": 83.966,                                  
                                   "Actual Rows": 234997,                                        
                                   "Actual Loops": 1,                                            
                                   "Shared Hit Blocks": 2,                                       
                                   "Shared Read Blocks": 2992,                                   
                                   "Shared Dirtied Blocks": 0,                                   
                                   "Shared Written Blocks": 0,                                   
                                   "Local Hit Blocks": 0,                                        
                                   "Local Read Blocks": 0,                                       
                                   "Local Dirtied Blocks": 0,                                    
                                   "Local Written Blocks": 0,                                    
                                   "Temp Read Blocks": 0,                                        
                                   "Temp Written Blocks": 0                                      
                                 }                                                               
                               ]                                                                 
                             }                                                                   
                           ]                                                                     
                         }                                                                       
                       ]                                                                         
                     },                                                                          
                     {                                                                           
                       "Node Type": "Sort",                                                      
                       "Parent Relationship": "Inner",                                           
                       "Parallel Aware": false,                                                  
                       "Startup Cost": 16610.92,                                                 
                       "Total Cost": 16962.16,                                                   
                       "Plan Rows": 4523930,                                                     
                       "Plan Width": 8,                                                          
                       "Actual Startup Time": 2092.822,                                          
                       "Actual Total Time": 2287.467,                                            
                       "Actual Rows": 4216305,                                                   
                       "Actual Loops": 1,                                                        
                       "Sort Key": ["mk.movie_id"],                                              
                       "Sort Method": "quicksort",                                               
                       "Sort Space Used": 408668,                                                
                       "Sort Space Type": "Memory",                                              
                       "Shared Hit Blocks": 3,                                                   
                       "Shared Read Blocks": 24451,                                              
                       "Shared Dirtied Blocks": 0,                                               
                       "Shared Written Blocks": 0,                                               
                       "Local Hit Blocks": 0,                                                    
                       "Local Read Blocks": 0,                                                   
                       "Local Dirtied Blocks": 0,                                                
                       "Local Written Blocks": 0,                                                
                       "Temp Read Blocks": 0,                                                    
                       "Temp Written Blocks": 0,                                                 
                       "Plans": [                                                                
                         {                                                                       
                           "Node Type": "Seq Scan",                                              
                           "Parent Relationship": "Outer",                                       
                           "Parallel Aware": false,                                              
                           "Relation Name": "movie_keyword",                                     
                           "Alias": "mk",                                                        
                           "Startup Cost": 0.00,                                                 
                           "Total Cost": 1079.84,                                                
                           "Plan Rows": 4523930,                                                 
                           "Plan Width": 8,                                                      
                           "Actual Startup Time": 0.015,                                         
                           "Actual Total Time": 745.460,                                         
                           "Actual Rows": 4523930,                                               
                           "Actual Loops": 1,                                                    
                           "Shared Hit Blocks": 3,                                               
                           "Shared Read Blocks": 24451,                                          
                           "Shared Dirtied Blocks": 0,                                           
                           "Shared Written Blocks": 0,                                           
                           "Local Hit Blocks": 0,                                                
                           "Local Read Blocks": 0,                                               
                           "Local Dirtied Blocks": 0,                                            
                           "Local Written Blocks": 0,                                            
                           "Temp Read Blocks": 0,                                                
                           "Temp Written Blocks": 0                                              
                         }                                                                       
                       ]                                                                         
                     }                                                                           
                   ]                                                                             
                 }                                                                               
               ]                                                                                 
             },                                                                                  
             {                                                                                   
               "Node Type": "Sort",                                                              
               "Parent Relationship": "Inner",                                                   
               "Parallel Aware": false,                                                          
               "Startup Cost": 393.92,                                                           
               "Total Cost": 404.34,                                                             
               "Plan Rows": 134170,                                                              
               "Plan Width": 4,                                                                  
               "Actual Startup Time": 113.807,                                                   
               "Actual Total Time": 117.018,                                                     
               "Actual Rows": 21360,                                                             
               "Actual Loops": 1,                                                                
               "Sort Key": ["k.id"],                                                             
               "Sort Method": "quicksort",                                                       
               "Sort Space Used": 12434,                                                         
               "Sort Space Type": "Memory",                                                      
               "Shared Hit Blocks": 2,                                                           
               "Shared Read Blocks": 947,                                                        
               "Shared Dirtied Blocks": 0,                                                       
               "Shared Written Blocks": 0,                                                       
               "Local Hit Blocks": 0,                                                            
               "Local Read Blocks": 0,                                                           
               "Local Dirtied Blocks": 0,                                                        
               "Local Written Blocks": 0,                                                        
               "Temp Read Blocks": 0,                                                            
               "Temp Written Blocks": 0,                                                         
               "Plans": [                                                                        
                 {                                                                               
                   "Node Type": "Seq Scan",                                                      
                   "Parent Relationship": "Outer",                                               
                   "Parallel Aware": false,                                                      
                   "Relation Name": "keyword",                                                   
                   "Alias": "k",                                                                 
                   "Startup Cost": 0.00,                                                         
                   "Total Cost": 39.04,                                                          
                   "Plan Rows": 134170,                                                          
                   "Plan Width": 4,                                                              
                   "Actual Startup Time": 24.058,                                                
                   "Actual Total Time": 57.336,                                                  
                   "Actual Rows": 134170,                                                        
                   "Actual Loops": 1,                                                            
                   "Shared Hit Blocks": 2,                                                       
                   "Shared Read Blocks": 947,                                                    
                   "Shared Dirtied Blocks": 0,                                                   
                   "Shared Written Blocks": 0,                                                   
                   "Local Hit Blocks": 0,                                                        
                   "Local Read Blocks": 0,                                                       
                   "Local Dirtied Blocks": 0,                                                    
                   "Local Written Blocks": 0,                                                    
                   "Temp Read Blocks": 0,                                                        
                   "Temp Written Blocks": 0                                                      
                 }                                                                               
               ]                                                                                 
             }                                                                                   
           ]                                                                                     
         }                                                                                       
       ]                                                                                         
     },                                                                                          
     "Planning Time": 3455.476,                                                                  
     "Triggers": [                                                                               
     ],                                                                                          
     "Execution Time": 12934.101                                                                 
