     "Plan": {                                                                                   
       "Node Type": "Aggregate",                                                                 
       "Strategy": "Plain",                                                                      
       "Partial Mode": "Simple",                                                                 
       "Parallel Aware": false,                                                                  
       "Startup Cost": 35564.23,                                                                 
       "Total Cost": 35564.23,                                                                   
       "Plan Rows": 1,                                                                           
       "Plan Width": 96,                                                                         
       "Actual Startup Time": 11275.262,                                                         
       "Actual Total Time": 11275.262,                                                           
       "Actual Rows": 1,                                                                         
       "Actual Loops": 1,                                                                        
       "Shared Hit Blocks": 19,                                                                  
       "Shared Read Blocks": 83334,                                                              
       "Shared Dirtied Blocks": 0,                                                               
       "Shared Written Blocks": 0,                                                               
       "Local Hit Blocks": 0,                                                                    
       "Local Read Blocks": 0,                                                                   
       "Local Dirtied Blocks": 0,                                                                
       "Local Written Blocks": 0,                                                                
       "Temp Read Blocks": 0,                                                                    
       "Temp Written Blocks": 0,                                                                 
       "Plans": [                                                                                
         {                                                                                       
           "Node Type": "Merge Join",                                                            
           "Parent Relationship": "Outer",                                                       
           "Parallel Aware": false,                                                              
           "Join Type": "Inner",                                                                 
           "Startup Cost": 35156.20,                                                             
           "Total Cost": 35367.04,                                                               
           "Plan Rows": 846629,                                                                  
           "Plan Width": 60,                                                                     
           "Actual Startup Time": 8503.536,                                                      
           "Actual Total Time": 10072.601,                                                       
           "Actual Rows": 3405648,                                                               
           "Actual Loops": 1,                                                                    
           "Inner Unique": true,                                                                 
           "Merge Cond": "(mk.keyword_id = k.id)",                                               
           "Shared Hit Blocks": 19,                                                              
           "Shared Read Blocks": 83334,                                                          
           "Shared Dirtied Blocks": 0,                                                           
           "Shared Written Blocks": 0,                                                           
           "Local Hit Blocks": 0,                                                                
           "Local Read Blocks": 0,                                                               
           "Local Dirtied Blocks": 0,                                                            
           "Local Written Blocks": 0,                                                            
           "Temp Read Blocks": 0,                                                                
           "Temp Written Blocks": 0,                                                             
           "Plans": [                                                                            
             {                                                                                   
               "Node Type": "Sort",                                                              
               "Parent Relationship": "Outer",                                                   
               "Parallel Aware": false,                                                          
               "Startup Cost": 34762.28,                                                         
               "Total Cost": 34828.01,                                                           
               "Plan Rows": 846629,                                                              
               "Plan Width": 64,                                                                 
               "Actual Startup Time": 8383.191,                                                  
               "Actual Total Time": 8894.556,                                                    
               "Actual Rows": 3405648,                                                           
               "Actual Loops": 1,                                                                
               "Sort Key": ["mk.keyword_id"],                                                    
               "Sort Method": "quicksort",                                                       
               "Sort Space Used": 563384,                                                        
               "Sort Space Type": "Memory",                                                      
               "Shared Hit Blocks": 17,                                                          
               "Shared Read Blocks": 82387,                                                      
               "Shared Dirtied Blocks": 0,                                                       
               "Shared Written Blocks": 0,                                                       
               "Local Hit Blocks": 0,                                                            
               "Local Read Blocks": 0,                                                           
               "Local Dirtied Blocks": 0,                                                        
               "Local Written Blocks": 0,                                                        
               "Temp Read Blocks": 0,                                                            
               "Temp Written Blocks": 0,                                                         
               "Plans": [                                                                        
                 {                                                                               
                   "Node Type": "Merge Join",                                                    
                   "Parent Relationship": "Outer",                                               
                   "Parallel Aware": false,                                                      
                   "Join Type": "Inner",                                                         
                   "Startup Cost": 32101.30,                                                     
                   "Total Cost": 32173.57,                                                       
                   "Plan Rows": 846629,                                                          
                   "Plan Width": 64,                                                             
                   "Actual Startup Time": 6346.960,                                              
                   "Actual Total Time": 7194.624,                                                
                   "Actual Rows": 3405648,                                                       
                   "Actual Loops": 1,                                                            
                   "Inner Unique": false,                                                        
                   "Merge Cond": "(ml.movie_id = mk.movie_id)",                                  
                   "Shared Hit Blocks": 13,                                                      
                   "Shared Read Blocks": 82387,                                                  
                   "Shared Dirtied Blocks": 0,                                                   
                   "Shared Written Blocks": 0,                                                   
                   "Local Hit Blocks": 0,                                                        
                   "Local Read Blocks": 0,                                                       
                   "Local Dirtied Blocks": 0,                                                    
                   "Local Written Blocks": 0,                                                    
                   "Temp Read Blocks": 0,                                                        
                   "Temp Written Blocks": 0,                                                     
                   "Plans": [                                                                    
                     {                                                                           
                       "Node Type": "Sort",                                                      
                       "Parent Relationship": "Outer",                                           
                       "Parallel Aware": false,                                                  
                       "Startup Cost": 15490.38,                                                 
                       "Total Cost": 15495.25,                                                   
                       "Plan Rows": 62819,                                                       
                       "Plan Width": 72,                                                         
                       "Actual Startup Time": 4222.528,                                          
                       "Actual Total Time": 4231.547,                                            
                       "Actual Rows": 104935,                                                    
                       "Actual Loops": 1,                                                        
                       "Sort Key": ["mc.movie_id"],                                              
                       "Sort Method": "quicksort",                                               
                       "Sort Space Used": 18152,                                                 
                       "Sort Space Type": "Memory",                                              
                       "Shared Hit Blocks": 10,                                                  
                       "Shared Read Blocks": 57936,                                              
                       "Shared Dirtied Blocks": 0,                                               
                       "Shared Written Blocks": 0,                                               
                       "Local Hit Blocks": 0,                                                    
                       "Local Read Blocks": 0,                                                   
                       "Local Dirtied Blocks": 0,                                                
                       "Local Written Blocks": 0,                                                
                       "Temp Read Blocks": 0,                                                    
                       "Temp Written Blocks": 0,                                                 
                       "Plans": [                                                                
                         {                                                                       
                           "Node Type": "Merge Join",                                            
                           "Parent Relationship": "Outer",                                       
                           "Parallel Aware": false,                                              
                           "Join Type": "Inner",                                                 
                           "Startup Cost": 15284.31,                                             
                           "Total Cost": 15334.90,                                               
                           "Plan Rows": 62819,                                                   
                           "Plan Width": 72,                                                     
                           "Actual Startup Time": 4119.789,                                      
                           "Actual Total Time": 4185.894,                                        
                           "Actual Rows": 104935,                                                
                           "Actual Loops": 1,                                                    
                           "Inner Unique": true,                                                 
                           "Merge Cond": "(mc.company_id = cn.id)",                              
                           "Shared Hit Blocks": 10,                                              
                           "Shared Read Blocks": 57936,                                          
                           "Shared Dirtied Blocks": 0,                                           
                           "Shared Written Blocks": 0,                                           
                           "Local Hit Blocks": 0,                                                
                           "Local Read Blocks": 0,                                               
                           "Local Dirtied Blocks": 0,                                            
                           "Local Written Blocks": 0,                                            
                           "Temp Read Blocks": 0,                                                
                           "Temp Written Blocks": 0,                                             
                           "Plans": [                                                            
                             {                                                                   
                               "Node Type": "Sort",                                              
                               "Parent Relationship": "Outer",                                   
                               "Parallel Aware": false,                                          
                               "Startup Cost": 14523.08,                                         
                               "Total Cost": 14527.96,                                           
                               "Plan Rows": 62819,                                               
                               "Plan Width": 57,                                                 
                               "Actual Startup Time": 3921.891,                                  
                               "Actual Total Time": 3934.789,                                    
                               "Actual Rows": 104935,                                            
                               "Actual Loops": 1,                                                
                               "Sort Key": ["mc.company_id"],                                    
                               "Sort Method": "quicksort",                                       
                               "Sort Space Used": 16896,                                         
                               "Sort Space Type": "Memory",                                      
                               "Shared Hit Blocks": 8,                                           
                               "Shared Read Blocks": 54944,                                      
                               "Shared Dirtied Blocks": 0,                                       
                               "Shared Written Blocks": 0,                                       
                               "Local Hit Blocks": 0,                                            
                               "Local Read Blocks": 0,                                           
                               "Local Dirtied Blocks": 0,                                        
                               "Local Written Blocks": 0,                                        
                               "Temp Read Blocks": 0,                                            
                               "Temp Written Blocks": 0,                                         
                               "Plans": [                                                        
                                 {                                                               
                                   "Node Type": "Merge Join",                                    
                                   "Parent Relationship": "Outer",                               
                                   "Parallel Aware": false,                                      
                                   "Join Type": "Inner",                                         
                                   "Startup Cost": 14353.51,                                     
                                   "Total Cost": 14367.61,                                       
                                   "Plan Rows": 62819,                                           
                                   "Plan Width": 57,                                             
                                   "Actual Startup Time": 3851.730,                              
                                   "Actual Total Time": 3884.049,                                
                                   "Actual Rows": 104935,                                        
                                   "Actual Loops": 1,                                            
                                   "Inner Unique": true,                                         
                                   "Merge Cond": "(mc.company_type_id = ct.id)",                 
                                   "Shared Hit Blocks": 8,                                       
                                   "Shared Read Blocks": 54944,                                  
                                   "Shared Dirtied Blocks": 0,                                   
                                   "Shared Written Blocks": 0,                                   
                                   "Local Hit Blocks": 0,                                        
                                   "Local Read Blocks": 0,                                       
                                   "Local Dirtied Blocks": 0,                                    
                                   "Local Written Blocks": 0,                                    
                                   "Temp Read Blocks": 0,                                        
                                   "Temp Written Blocks": 0,                                     
                                   "Plans": [                                                    
                                     {                                                           
                                       "Node Type": "Sort",                                      
                                       "Parent Relationship": "Outer",                           
                                       "Parallel Aware": false,                                  
                                       "Startup Cost": 14353.48,                                 
                                       "Total Cost": 14358.35,                                   
                                       "Plan Rows": 62819,                                       
                                       "Plan Width": 61,                                         
                                       "Actual Startup Time": 3851.701,                          
                                       "Actual Total Time": 3857.045,                            
                                       "Actual Rows": 104935,                                    
                                       "Actual Loops": 1,                                        
                                       "Sort Key": ["mc.company_type_id"],                       
                                       "Sort Method": "quicksort",                               
                                       "Sort Space Used": 17333,                                 
                                       "Sort Space Type": "Memory",                              
                                       "Shared Hit Blocks": 7,                                   
                                       "Shared Read Blocks": 54944,                              
                                       "Shared Dirtied Blocks": 0,                               
                                       "Shared Written Blocks": 0,                               
                                       "Local Hit Blocks": 0,                                    
                                       "Local Read Blocks": 0,                                   
                                       "Local Dirtied Blocks": 0,                                
                                       "Local Written Blocks": 0,                                
                                       "Temp Read Blocks": 0,                                    
                                       "Temp Written Blocks": 0,                                 
                                       "Plans": [                                                
                                         {                                                       
                                           "Node Type": "Merge Join",                            
                                           "Parent Relationship": "Outer",                       
                                           "Parallel Aware": false,                              
                                           "Join Type": "Inner",                                 
                                           "Startup Cost": 14150.91,                             
                                           "Total Cost": 14198.00,                               
                                           "Plan Rows": 62819,                                   
                                           "Plan Width": 61,                                     
                                           "Actual Startup Time": 3718.492,                      
                                           "Actual Total Time": 3818.234,                        
                                           "Actual Rows": 104935,                                
                                           "Actual Loops": 1,                                    
                                           "Inner Unique": false,                                
                                           "Merge Cond": "(ml.movie_id = mc.movie_id)",          
                                           "Shared Hit Blocks": 7,                               
                                           "Shared Read Blocks": 54944,                          
                                           "Shared Dirtied Blocks": 0,                           
                                           "Shared Written Blocks": 0,                           
                                           "Local Hit Blocks": 0,                                
                                           "Local Read Blocks": 0,                               
                                           "Local Dirtied Blocks": 0,                            
                                           "Local Written Blocks": 0,                            
                                           "Temp Read Blocks": 0,                                
                                           "Temp Written Blocks": 0,                             
                                           "Plans": [                                            
                                             {                                                   
                                               "Node Type": "Merge Join",                        
                                               "Parent Relationship": "Outer",                   
                                               "Parallel Aware": false,                          
                                               "Join Type": "Inner",                             
                                               "Startup Cost": 9155.73,                          
                                               "Total Cost": 9188.42,                            
                                               "Plan Rows": 27137,                               
                                               "Plan Width": 25,                                 
                                               "Actual Startup Time": 2556.703,                  
                                               "Actual Total Time": 2616.965,                    
                                               "Actual Rows": 29726,                             
                                               "Actual Loops": 1,                                
                                               "Inner Unique": true,                             
                                               "Merge Cond": "(ml.movie_id = t.id)",             
                                               "Shared Hit Blocks": 4,                           
                                               "Shared Read Blocks": 36158,                      
                                               "Shared Dirtied Blocks": 0,                       
                                               "Shared Written Blocks": 0,                       
                                               "Local Hit Blocks": 0,                            
                                               "Local Read Blocks": 0,                           
                                               "Local Dirtied Blocks": 0,                        
                                               "Local Written Blocks": 0,                        
                                               "Temp Read Blocks": 0,                            
                                               "Temp Written Blocks": 0,                         
                                               "Plans": [                                        
                                                 {                                               
                                                   "Node Type": "Sort",                          
                                                   "Parent Relationship": "Outer",               
                                                   "Parallel Aware": false,                      
                                                   "Startup Cost": 152.52,                       
                                                   "Total Cost": 154.84,                         
                                                   "Plan Rows": 29997,                           
                                                   "Plan Width": 4,                              
                                                   "Actual Startup Time": 53.198,                
                                                   "Actual Total Time": 55.976,                  
                                                   "Actual Rows": 29997,                         
                                                   "Actual Loops": 1,                            
                                                   "Sort Key": ["ml.movie_id"],                  
                                                   "Sort Method": "quicksort",                   
                                                   "Sort Space Used": 2175,                      
                                                   "Sort Space Type": "Memory",                  
                                                   "Shared Hit Blocks": 3,                       
                                                   "Shared Read Blocks": 161,                    
                                                   "Shared Dirtied Blocks": 0,                   
                                                   "Shared Written Blocks": 0,                   
                                                   "Local Hit Blocks": 0,                        
                                                   "Local Read Blocks": 0,                       
                                                   "Local Dirtied Blocks": 0,                    
                                                   "Local Written Blocks": 0,                    
                                                   "Temp Read Blocks": 0,                        
                                                   "Temp Written Blocks": 0,                     
                                                   "Plans": [                                    
                                                     {                                           
                                                       "Node Type": "Merge Join",                
                                                       "Parent Relationship": "Outer",           
                                                       "Parallel Aware": false,                  
                                                       "Join Type": "Inner",                     
                                                       "Startup Cost": 76.51,                    
                                                       "Total Cost": 83.24,                      
                                                       "Plan Rows": 29997,                       
                                                       "Plan Width": 4,                          
                                                       "Actual Startup Time": 36.386,            
                                                       "Actual Total Time": 44.515,              
                                                       "Actual Rows": 29997,                     
                                                       "Actual Loops": 1,                        
                                                       "Inner Unique": false,                    
                                                       "Merge Cond": "(lt.id = ml.link_type_id)",
                                                       "Shared Hit Blocks": 3,                   
                                                       "Shared Read Blocks": 161,                
                                                       "Shared Dirtied Blocks": 0,               
                                                       "Shared Written Blocks": 0,               
                                                       "Local Hit Blocks": 0,                    
                                                       "Local Read Blocks": 0,                   
                                                       "Local Dirtied Blocks": 0,                
                                                       "Local Written Blocks": 0,                
                                                       "Temp Read Blocks": 0,                    
                                                       "Temp Written Blocks": 0,                 
                                                       "Plans": [                                
                                                         {                                       
                                                           "Node Type": "Sort",                  
                                                           "Parent Relationship": "Outer",       
                                                           "Parallel Aware": false,              
                                                           "Startup Cost": 0.04,                 
                                                           "Total Cost": 0.05,                   
                                                           "Plan Rows": 18,                      
                                                           "Plan Width": 4,                      
                                                           "Actual Startup Time": 0.046,         
                                                           "Actual Total Time": 0.048,           
                                                           "Actual Rows": 18,                    
                                                           "Actual Loops": 1,                    
                                                           "Sort Key": ["lt.id"],                
                                                           "Sort Method": "quicksort",           
                                                           "Sort Space Used": 25,                
                                                           "Sort Space Type": "Memory",          
                                                           "Shared Hit Blocks": 1,               
                                                           "Shared Read Blocks": 0,              
                                                           "Shared Dirtied Blocks": 0,           
                                                           "Shared Written Blocks": 0,           
                                                           "Local Hit Blocks": 0,                
                                                           "Local Read Blocks": 0,               
                                                           "Local Dirtied Blocks": 0,            
                                                           "Local Written Blocks": 0,            
                                                           "Temp Read Blocks": 0,                
                                                           "Temp Written Blocks": 0,             
                                                           "Plans": [                            
                                                             {                                   
                                                               "Node Type": "Seq Scan",          
                                                               "Parent Relationship": "Outer",   
                                                               "Parallel Aware": false,          
                                                               "Relation Name": "link_type",     
                                                               "Alias": "lt",                    
                                                               "Startup Cost": 0.00,             
                                                               "Total Cost": 0.03,               
                                                               "Plan Rows": 18,                  
                                                               "Plan Width": 4,                  
                                                               "Actual Startup Time": 0.011,     
                                                               "Actual Total Time": 0.021,       
                                                               "Actual Rows": 18,                
                                                               "Actual Loops": 1,                
                                                               "Shared Hit Blocks": 1,           
                                                               "Shared Read Blocks": 0,          
                                                               "Shared Dirtied Blocks": 0,       
                                                               "Shared Written Blocks": 0,       
                                                               "Local Hit Blocks": 0,            
                                                               "Local Read Blocks": 0,           
                                                               "Local Dirtied Blocks": 0,        
                                                               "Local Written Blocks": 0,        
                                                               "Temp Read Blocks": 0,            
                                                               "Temp Written Blocks": 0          
                                                             }                                   
                                                           ]                                     
                                                         },                                      
                                                         {                                       
                                                           "Node Type": "Sort",                  
                                                           "Parent Relationship": "Inner",       
                                                           "Parallel Aware": false,              
                                                           "Startup Cost": 76.46,                
                                                           "Total Cost": 78.79,                  
                                                           "Plan Rows": 29997,                   
                                                           "Plan Width": 8,                      
                                                           "Actual Startup Time": 36.334,        
                                                           "Actual Total Time": 38.189,          
                                                           "Actual Rows": 29997,                 
                                                           "Actual Loops": 1,                    
                                                           "Sort Key": ["ml.link_type_id"],      
                                                           "Sort Method": "quicksort",           
                                                           "Sort Space Used": 2175,              
                                                           "Sort Space Type": "Memory",          
                                                           "Shared Hit Blocks": 2,               
                                                           "Shared Read Blocks": 161,            
                                                           "Shared Dirtied Blocks": 0,           
                                                           "Shared Written Blocks": 0,           
                                                           "Local Hit Blocks": 0,                
                                                           "Local Read Blocks": 0,               
                                                           "Local Dirtied Blocks": 0,            
                                                           "Local Written Blocks": 0,            
                                                           "Temp Read Blocks": 0,                
                                                           "Temp Written Blocks": 0,             
                                                           "Plans": [                            
                                                             {                                   
                                                               "Node Type": "Seq Scan",          
                                                               "Parent Relationship": "Outer",   
                                                               "Parallel Aware": false,          
                                                               "Relation Name": "movie_link",    
                                                               "Alias": "ml",                    
                                                               "Startup Cost": 0.00,             
                                                               "Total Cost": 7.19,               
                                                               "Plan Rows": 29997,               
                                                               "Plan Width": 8,                  
                                                               "Actual Startup Time": 0.013,     
                                                               "Actual Total Time": 22.951,      
                                                               "Actual Rows": 29997,             
                                                               "Actual Loops": 1,                
                                                               "Shared Hit Blocks": 2,           
                                                               "Shared Read Blocks": 161,        
                                                               "Shared Dirtied Blocks": 0,       
                                                               "Shared Written Blocks": 0,       
                                                               "Local Hit Blocks": 0,            
                                                               "Local Read Blocks": 0,           
                                                               "Local Dirtied Blocks": 0,        
                                                               "Local Written Blocks": 0,        
                                                               "Temp Read Blocks": 0,            
                                                               "Temp Written Blocks": 0          
                                                             }                                   
                                                           ]                                     
                                                         }                                       
                                                       ]                                         
                                                     }                                           
                                                   ]                                             
                                                 },                                              
                                                 {                                               
                                                   "Node Type": "Sort",                          
                                                   "Parent Relationship": "Inner",               
                                                   "Parallel Aware": false,                      
                                                   "Startup Cost": 9003.22,                      
                                                   "Total Cost": 9180.80,                        
                                                   "Plan Rows": 2287272,                         
                                                   "Plan Width": 21,                             
                                                   "Actual Startup Time": 2503.496,              
                                                   "Actual Total Time": 2527.778,                
                                                   "Actual Rows": 177924,                        
                                                   "Actual Loops": 1,                            
                                                   "Sort Key": ["t.id"],                         
                                                   "Sort Method": "quicksort",                   
                                                   "Sort Space Used": 257830,                    
                                                   "Sort Space Type": "Memory",                  
                                                   "Shared Hit Blocks": 1,                       
                                                   "Shared Read Blocks": 35997,                  
                                                   "Shared Dirtied Blocks": 0,                   
                                                   "Shared Written Blocks": 0,                   
                                                   "Local Hit Blocks": 0,                        
                                                   "Local Read Blocks": 0,                       
                                                   "Local Dirtied Blocks": 0,                    
                                                   "Local Written Blocks": 0,                    
                                                   "Temp Read Blocks": 0,                        
                                                   "Temp Written Blocks": 0,                     
                                                   "Plans": [                                    
                                                     {                                           
                                                       "Node Type": "Seq Scan",                  
                                                       "Parent Relationship": "Outer",           
                                                       "Parallel Aware": false,                  
                                                       "Relation Name": "title",                 
                                                       "Alias": "t",                             
                                                       "Startup Cost": 0.00,                     
                                                       "Total Cost": 1500.26,                    
                                                       "Plan Rows": 2287272,                     
                                                       "Plan Width": 21,                         
                                                       "Actual Startup Time": 20.732,            
                                                       "Actual Total Time": 1331.140,            
                                                       "Actual Rows": 2287271,                   
                                                       "Actual Loops": 1,                        
                                                       "Filter": "(production_year > 1950)",     
                                                       "Rows Removed by Filter": 241041,         
                                                       "Shared Hit Blocks": 1,                   
                                                       "Shared Read Blocks": 35997,              
                                                       "Shared Dirtied Blocks": 0,               
                                                       "Shared Written Blocks": 0,               
                                                       "Local Hit Blocks": 0,                    
                                                       "Local Read Blocks": 0,                   
                                                       "Local Dirtied Blocks": 0,                
                                                       "Local Written Blocks": 0,                
                                                       "Temp Read Blocks": 0,                    
                                                       "Temp Written Blocks": 0                  
                                                     }                                           
                                                   ]                                             
                                                 }                                               
                                               ]                                                 
                                             },                                                  
                                             {                                                   
                                               "Node Type": "Sort",                              
                                               "Parent Relationship": "Inner",                   
                                               "Parallel Aware": false,                          
                                               "Startup Cost": 4995.18,                          
                                               "Total Cost": 5099.00,                            
                                               "Plan Rows": 1337140,                             
                                               "Plan Width": 36,                                 
                                               "Actual Startup Time": 1161.780,                  
                                               "Actual Total Time": 1169.246,                    
                                               "Actual Rows": 147968,                            
                                               "Actual Loops": 1,                                
                                               "Sort Key": ["mc.movie_id"],                      
                                               "Sort Method": "quicksort",                       
                                               "Sort Space Used": 158335,                        
                                               "Sort Space Type": "Memory",                      
                                               "Shared Hit Blocks": 3,                           
                                               "Shared Read Blocks": 18786,                      
                                               "Shared Dirtied Blocks": 0,                       
                                               "Shared Written Blocks": 0,                       
                                               "Local Hit Blocks": 0,                            
                                               "Local Read Blocks": 0,                           
                                               "Local Dirtied Blocks": 0,                        
                                               "Local Written Blocks": 0,                        
                                               "Temp Read Blocks": 0,                            
                                               "Temp Written Blocks": 0,                         
                                               "Plans": [                                        
                                                 {                                               
                                                   "Node Type": "Seq Scan",                      
                                                   "Parent Relationship": "Outer",               
                                                   "Parallel Aware": false,                      
                                                   "Relation Name": "movie_companies",           
                                                   "Alias": "mc",                                
                                                   "Startup Cost": 0.00,                         
                                                   "Total Cost": 769.75,                         
                                                   "Plan Rows": 1337140,                         
                                                   "Plan Width": 36,                             
                                                   "Actual Startup Time": 0.025,                 
                                                   "Actual Total Time": 603.020,                 
                                                   "Actual Rows": 1337140,                       
                                                   "Actual Loops": 1,                            
                                                   "Filter": "(note IS NOT NULL)",               
                                                   "Rows Removed by Filter": 1271989,            
                                                   "Shared Hit Blocks": 3,                       
                                                   "Shared Read Blocks": 18786,                  
                                                   "Shared Dirtied Blocks": 0,                   
                                                   "Shared Written Blocks": 0,                   
                                                   "Local Hit Blocks": 0,                        
                                                   "Local Read Blocks": 0,                       
                                                   "Local Dirtied Blocks": 0,                    
                                                   "Local Written Blocks": 0,                    
                                                   "Temp Read Blocks": 0,                        
                                                   "Temp Written Blocks": 0                      
                                                 }                                               
                                               ]                                                 
                                             }                                                   
                                           ]                                                     
                                         }                                                       
                                       ]                                                         
                                     },                                                          
                                     {                                                           
                                       "Node Type": "Sort",                                      
                                       "Parent Relationship": "Inner",                           
                                       "Parallel Aware": false,                                  
                                       "Startup Cost": 0.03,                                     
                                       "Total Cost": 0.03,                                       
                                       "Plan Rows": 4,                                           
                                       "Plan Width": 4,                                          
                                       "Actual Startup Time": 0.026,                             
                                       "Actual Total Time": 0.026,                               
                                       "Actual Rows": 2,                                         
                                       "Actual Loops": 1,                                        
                                       "Sort Key": ["ct.id"],                                    
                                       "Sort Method": "quicksort",                               
                                       "Sort Space Used": 25,                                    
                                       "Sort Space Type": "Memory",                              
                                       "Shared Hit Blocks": 1,                                   
                                       "Shared Read Blocks": 0,                                  
                                       "Shared Dirtied Blocks": 0,                               
                                       "Shared Written Blocks": 0,                               
                                       "Local Hit Blocks": 0,                                    
                                       "Local Read Blocks": 0,                                   
                                       "Local Dirtied Blocks": 0,                                
                                       "Local Written Blocks": 0,                                
                                       "Temp Read Blocks": 0,                                    
                                       "Temp Written Blocks": 0,                                 
                                       "Plans": [                                                
                                         {                                                       
                                           "Node Type": "Seq Scan",                              
                                           "Parent Relationship": "Outer",                       
                                           "Parallel Aware": false,                              
                                           "Relation Name": "company_type",                      
                                           "Alias": "ct",                                        
                                           "Startup Cost": 0.00,                                 
                                           "Total Cost": 0.03,                                   
                                           "Plan Rows": 4,                                       
                                           "Plan Width": 4,                                      
                                           "Actual Startup Time": 0.016,                         
                                           "Actual Total Time": 0.017,                           
                                           "Actual Rows": 4,                                     
                                           "Actual Loops": 1,                                    
                                           "Filter": "(kind IS NOT NULL)",                       
                                           "Rows Removed by Filter": 0,                          
                                           "Shared Hit Blocks": 1,                               
                                           "Shared Read Blocks": 0,                              
                                           "Shared Dirtied Blocks": 0,                           
                                           "Shared Written Blocks": 0,                           
                                           "Local Hit Blocks": 0,                                
                                           "Local Read Blocks": 0,                               
                                           "Local Dirtied Blocks": 0,                            
                                           "Local Written Blocks": 0,                            
                                           "Temp Read Blocks": 0,                                
                                           "Temp Written Blocks": 0                              
                                         }                                                       
                                       ]                                                         
                                     }                                                           
                                   ]                                                             
                                 }                                                               
                               ]                                                                 
                             },                                                                  
                             {                                                                   
                               "Node Type": "Sort",                                              
                               "Parent Relationship": "Inner",                                   
                               "Parallel Aware": false,                                          
                               "Startup Cost": 761.23,                                           
                               "Total Cost": 779.47,                                             
                               "Plan Rows": 234997,                                              
                               "Plan Width": 23,                                                 
                               "Actual Startup Time": 197.890,                                   
                               "Actual Total Time": 207.220,                                     
                               "Actual Rows": 74146,                                             
                               "Actual Loops": 1,                                                
                               "Sort Key": ["cn.id"],                                            
                               "Sort Method": "quicksort",                                       
                               "Sort Space Used": 23201,                                         
                               "Sort Space Type": "Memory",                                      
                               "Shared Hit Blocks": 2,                                           
                               "Shared Read Blocks": 2992,                                       
                               "Shared Dirtied Blocks": 0,                                       
                               "Shared Written Blocks": 0,                                       
                               "Local Hit Blocks": 0,                                            
                               "Local Read Blocks": 0,                                           
                               "Local Dirtied Blocks": 0,                                        
                               "Local Written Blocks": 0,                                        
                               "Temp Read Blocks": 0,                                            
                               "Temp Written Blocks": 0,                                         
                               "Plans": [                                                        
                                 {                                                               
                                   "Node Type": "Seq Scan",                                      
                                   "Parent Relationship": "Outer",                               
                                   "Parallel Aware": false,                                      
                                   "Relation Name": "company_name",                              
                                   "Alias": "cn",                                                
                                   "Startup Cost": 0.00,                                         
                                   "Total Cost": 110.16,                                         
                                   "Plan Rows": 234997,                                          
                                   "Plan Width": 23,                                             
                                   "Actual Startup Time": 9.894,                                 
                                   "Actual Total Time": 81.025,                                  
                                   "Actual Rows": 234997,                                        
                                   "Actual Loops": 1,                                            
                                   "Shared Hit Blocks": 2,                                       
                                   "Shared Read Blocks": 2992,                                   
                                   "Shared Dirtied Blocks": 0,                                   
                                   "Shared Written Blocks": 0,                                   
                                   "Local Hit Blocks": 0,                                        
                                   "Local Read Blocks": 0,                                       
                                   "Local Dirtied Blocks": 0,                                    
                                   "Local Written Blocks": 0,                                    
                                   "Temp Read Blocks": 0,                                        
                                   "Temp Written Blocks": 0                                      
                                 }                                                               
                               ]                                                                 
                             }                                                                   
                           ]                                                                     
                         }                                                                       
                       ]                                                                         
                     },                                                                          
                     {                                                                           
                       "Node Type": "Sort",                                                      
                       "Parent Relationship": "Inner",                                           
                       "Parallel Aware": false,                                                  
                       "Startup Cost": 16610.92,                                                 
                       "Total Cost": 16962.16,                                                   
                       "Plan Rows": 4523930,                                                     
                       "Plan Width": 8,                                                          
                       "Actual Startup Time": 2124.422,                                          
                       "Actual Total Time": 2285.078,                                            
                       "Actual Rows": 3485041,                                                   
                       "Actual Loops": 1,                                                        
                       "Sort Key": ["mk.movie_id"],                                              
                       "Sort Method": "quicksort",                                               
                       "Sort Space Used": 408668,                                                
                       "Sort Space Type": "Memory",                                              
                       "Shared Hit Blocks": 3,                                                   
                       "Shared Read Blocks": 24451,                                              
                       "Shared Dirtied Blocks": 0,                                               
                       "Shared Written Blocks": 0,                                               
                       "Local Hit Blocks": 0,                                                    
                       "Local Read Blocks": 0,                                                   
                       "Local Dirtied Blocks": 0,                                                
                       "Local Written Blocks": 0,                                                
                       "Temp Read Blocks": 0,                                                    
                       "Temp Written Blocks": 0,                                                 
                       "Plans": [                                                                
                         {                                                                       
                           "Node Type": "Seq Scan",                                              
                           "Parent Relationship": "Outer",                                       
                           "Parallel Aware": false,                                              
                           "Relation Name": "movie_keyword",                                     
                           "Alias": "mk",                                                        
                           "Startup Cost": 0.00,                                                 
                           "Total Cost": 1079.84,                                                
                           "Plan Rows": 4523930,                                                 
                           "Plan Width": 8,                                                      
                           "Actual Startup Time": 0.019,                                         
                           "Actual Total Time": 757.103,                                         
                           "Actual Rows": 4523930,                                               
                           "Actual Loops": 1,                                                    
                           "Shared Hit Blocks": 3,                                               
                           "Shared Read Blocks": 24451,                                          
                           "Shared Dirtied Blocks": 0,                                           
                           "Shared Written Blocks": 0,                                           
                           "Local Hit Blocks": 0,                                                
                           "Local Read Blocks": 0,                                               
                           "Local Dirtied Blocks": 0,                                            
                           "Local Written Blocks": 0,                                            
                           "Temp Read Blocks": 0,                                                
                           "Temp Written Blocks": 0                                              
                         }                                                                       
                       ]                                                                         
                     }                                                                           
                   ]                                                                             
                 }                                                                               
               ]                                                                                 
             },                                                                                  
             {                                                                                   
               "Node Type": "Sort",                                                              
               "Parent Relationship": "Inner",                                                   
               "Parallel Aware": false,                                                          
               "Startup Cost": 393.92,                                                           
               "Total Cost": 404.34,                                                             
               "Plan Rows": 134170,                                                              
               "Plan Width": 4,                                                                  
               "Actual Startup Time": 120.334,                                                   
               "Actual Total Time": 123.543,                                                     
               "Actual Rows": 21360,                                                             
               "Actual Loops": 1,                                                                
               "Sort Key": ["k.id"],                                                             
               "Sort Method": "quicksort",                                                       
               "Sort Space Used": 12434,                                                         
               "Sort Space Type": "Memory",                                                      
               "Shared Hit Blocks": 2,                                                           
               "Shared Read Blocks": 947,                                                        
               "Shared Dirtied Blocks": 0,                                                       
               "Shared Written Blocks": 0,                                                       
               "Local Hit Blocks": 0,                                                            
               "Local Read Blocks": 0,                                                           
               "Local Dirtied Blocks": 0,                                                        
               "Local Written Blocks": 0,                                                        
               "Temp Read Blocks": 0,                                                            
               "Temp Written Blocks": 0,                                                         
               "Plans": [                                                                        
                 {                                                                               
                   "Node Type": "Seq Scan",                                                      
                   "Parent Relationship": "Outer",                                               
                   "Parallel Aware": false,                                                      
                   "Relation Name": "keyword",                                                   
                   "Alias": "k",                                                                 
                   "Startup Cost": 0.00,                                                         
                   "Total Cost": 39.04,                                                          
                   "Plan Rows": 134170,                                                          
                   "Plan Width": 4,                                                              
                   "Actual Startup Time": 21.675,                                                
                   "Actual Total Time": 54.674,                                                  
                   "Actual Rows": 134170,                                                        
                   "Actual Loops": 1,                                                            
                   "Shared Hit Blocks": 2,                                                       
                   "Shared Read Blocks": 947,                                                    
                   "Shared Dirtied Blocks": 0,                                                   
                   "Shared Written Blocks": 0,                                                   
                   "Local Hit Blocks": 0,                                                        
                   "Local Read Blocks": 0,                                                       
                   "Local Dirtied Blocks": 0,                                                    
                   "Local Written Blocks": 0,                                                    
                   "Temp Read Blocks": 0,                                                        
                   "Temp Written Blocks": 0                                                      
                 }                                                                               
               ]                                                                                 
             }                                                                                   
           ]                                                                                     
         }                                                                                       
       ]                                                                                         
     },                                                                                          
     "Planning Time": 3470.032,                                                                  
     "Triggers": [                                                                               
     ],                                                                                          
     "Execution Time": 11364.125                                                                 
