     "Plan": {                                                              
       "Node Type": "Aggregate",                                            
       "Strategy": "Plain",                                                 
       "Partial Mode": "Simple",                                            
       "Parallel Aware": false,                                             
       "Startup Cost": 183797.79,                                           
       "Total Cost": 183797.79,                                             
       "Plan Rows": 1,                                                      
       "Plan Width": 96,                                                    
       "Actual Startup Time": 128619.788,                                   
       "Actual Total Time": 128619.788,                                     
       "Actual Rows": 1,                                                    
       "Actual Loops": 1,                                                   
       "Shared Hit Blocks": 17,                                             
       "Shared Read Blocks": 228116,                                        
       "Shared Dirtied Blocks": 0,                                          
       "Shared Written Blocks": 0,                                          
       "Local Hit Blocks": 0,                                               
       "Local Read Blocks": 0,                                              
       "Local Dirtied Blocks": 0,                                           
       "Local Written Blocks": 0,                                           
       "Temp Read Blocks": 0,                                               
       "Temp Written Blocks": 0,                                            
       "Plans": [                                                           
         {                                                                  
           "Node Type": "Merge Join",                                       
           "Parent Relationship": "Outer",                                  
           "Parallel Aware": false,                                         
           "Join Type": "Inner",                                            
           "Startup Cost": 166904.68,                                       
           "Total Cost": 172857.92,                                         
           "Plan Rows": 46968578,                                           
           "Plan Width": 42,                                                
           "Actual Startup Time": 25630.239,                                
           "Actual Total Time": 68756.885,                                  
           "Actual Rows": 177388547,                                        
           "Actual Loops": 1,                                               
           "Inner Unique": false,                                           
           "Merge Cond": "(t.id = mi.movie_id)",                            
           "Shared Hit Blocks": 17,                                         
           "Shared Read Blocks": 228116,                                    
           "Shared Dirtied Blocks": 0,                                      
           "Shared Written Blocks": 0,                                      
           "Local Hit Blocks": 0,                                           
           "Local Read Blocks": 0,                                          
           "Local Dirtied Blocks": 0,                                       
           "Local Written Blocks": 0,                                       
           "Temp Read Blocks": 0,                                           
           "Temp Written Blocks": 0,                                        
           "Plans": [                                                       
             {                                                              
               "Node Type": "Merge Join",                                   
               "Parent Relationship": "Outer",                              
               "Parallel Aware": false,                                     
               "Join Type": "Inner",                                        
               "Startup Cost": 47711.97,                                    
               "Total Cost": 49023.82,                                      
               "Plan Rows": 3329177,                                        
               "Plan Width": 54,                                            
               "Actual Startup Time": 8567.026,                             
               "Actual Total Time": 11736.023,                              
               "Actual Rows": 4073078,                                      
               "Actual Loops": 1,                                           
               "Inner Unique": false,                                       
               "Merge Cond": "(t.id = mc.movie_id)",                        
               "Shared Hit Blocks": 14,                                     
               "Shared Read Blocks": 66226,                                 
               "Shared Dirtied Blocks": 0,                                  
               "Shared Written Blocks": 0,                                  
               "Local Hit Blocks": 0,                                       
               "Local Read Blocks": 0,                                      
               "Local Dirtied Blocks": 0,                                   
               "Local Written Blocks": 0,                                   
               "Temp Read Blocks": 0,                                       
               "Temp Written Blocks": 0,                                    
               "Plans": [                                                   
                 {                                                          
                   "Node Type": "Merge Join",                               
                   "Parent Relationship": "Outer",                          
                   "Parallel Aware": false,                                 
                   "Join Type": "Inner",                                    
                   "Startup Cost": 19066.28,                                
                   "Total Cost": 19768.19,                                  
                   "Plan Rows": 1380035,                                    
                   "Plan Width": 31,                                        
                   "Actual Startup Time": 3797.570,                         
                   "Actual Total Time": 5114.740,                           
                   "Actual Rows": 1380012,                                  
                   "Actual Loops": 1,                                       
                   "Inner Unique": true,                                    
                   "Merge Cond": "(mi_idx.movie_id = t.id)",                
                   "Shared Hit Blocks": 8,                                  
                   "Shared Read Blocks": 44448,                             
                   "Shared Dirtied Blocks": 0,                              
                   "Shared Written Blocks": 0,                              
                   "Local Hit Blocks": 0,                                   
                   "Local Read Blocks": 0,                                  
                   "Local Dirtied Blocks": 0,                               
                   "Local Written Blocks": 0,                               
                   "Temp Read Blocks": 0,                                   
                   "Temp Written Blocks": 0,                                
                   "Plans": [                                               
                     {                                                      
                       "Node Type": "Sort",                                 
                       "Parent Relationship": "Outer",                      
                       "Parallel Aware": false,                             
                       "Startup Cost": 9411.92,                             
                       "Total Cost": 9519.07,                               
                       "Plan Rows": 1380035,                                
                       "Plan Width": 10,                                    
                       "Actual Startup Time": 1482.154,                     
                       "Actual Total Time": 1643.834,                       
                       "Actual Rows": 1380012,                              
                       "Actual Loops": 1,                                   
                       "Sort Key": ["mi_idx.movie_id"],                     
                       "Sort Method": "quicksort",                          
                       "Sort Space Used": 113842,                           
                       "Sort Space Type": "Memory",                         
                       "Shared Hit Blocks": 7,                              
                       "Shared Read Blocks": 8451,                          
                       "Shared Dirtied Blocks": 0,                          
                       "Shared Written Blocks": 0,                          
                       "Local Hit Blocks": 0,                               
                       "Local Read Blocks": 0,                              
                       "Local Dirtied Blocks": 0,                           
                       "Local Written Blocks": 0,                           
                       "Temp Read Blocks": 0,                               
                       "Temp Written Blocks": 0,                            
                       "Plans": [                                           
                         {                                                  
                           "Node Type": "Merge Join",                       
                           "Parent Relationship": "Outer",                  
                           "Parallel Aware": false,                         
                           "Join Type": "Inner",                            
                           "Startup Cost": 4731.48,                         
                           "Total Cost": 5041.19,                           
                           "Plan Rows": 1380035,                            
                           "Plan Width": 10,                                
                           "Actual Startup Time": 634.563,                  
                           "Actual Total Time": 962.584,                    
                           "Actual Rows": 1380035,                          
                           "Actual Loops": 1,                               
                           "Inner Unique": false,                           
                           "Merge Cond": "(it2.id = mi_idx.info_type_id)",  
                           "Shared Hit Blocks": 3,                          
                           "Shared Read Blocks": 8451,                      
                           "Shared Dirtied Blocks": 0,                      
                           "Shared Written Blocks": 0,                      
                           "Local Hit Blocks": 0,                           
                           "Local Read Blocks": 0,                          
                           "Local Dirtied Blocks": 0,                       
                           "Local Written Blocks": 0,                       
                           "Temp Read Blocks": 0,                           
                           "Temp Written Blocks": 0,                        
                           "Plans": [                                       
                             {                                              
                               "Node Type": "Sort",                         
                               "Parent Relationship": "Outer",              
                               "Parallel Aware": false,                     
                               "Startup Cost": 0.16,                        
                               "Total Cost": 0.17,                          
                               "Plan Rows": 113,                            
                               "Plan Width": 4,                             
                               "Actual Startup Time": 0.137,                
                               "Actual Total Time": 0.147,                  
                               "Actual Rows": 113,                          
                               "Actual Loops": 1,                           
                               "Sort Key": ["it2.id"],                      
                               "Sort Method": "quicksort",                  
                               "Sort Space Used": 30,                       
                               "Sort Space Type": "Memory",                 
                               "Shared Hit Blocks": 1,                      
                               "Shared Read Blocks": 0,                     
                               "Shared Dirtied Blocks": 0,                  
                               "Shared Written Blocks": 0,                  
                               "Local Hit Blocks": 0,                       
                               "Local Read Blocks": 0,                      
                               "Local Dirtied Blocks": 0,                   
                               "Local Written Blocks": 0,                   
                               "Temp Read Blocks": 0,                       
                               "Temp Written Blocks": 0,                    
                               "Plans": [                                   
                                 {                                          
                                   "Node Type": "Seq Scan",                 
                                   "Parent Relationship": "Outer",          
                                   "Parallel Aware": false,                 
                                   "Relation Name": "info_type",            
                                   "Alias": "it2",                          
                                   "Startup Cost": 0.00,                    
                                   "Total Cost": 0.04,                      
                                   "Plan Rows": 113,                        
                                   "Plan Width": 4,                         
                                   "Actual Startup Time": 0.014,            
                                   "Actual Total Time": 0.059,              
                                   "Actual Rows": 113,                      
                                   "Actual Loops": 1,                       
                                   "Shared Hit Blocks": 1,                  
                                   "Shared Read Blocks": 0,                 
                                   "Shared Dirtied Blocks": 0,              
                                   "Shared Written Blocks": 0,              
                                   "Local Hit Blocks": 0,                   
                                   "Local Read Blocks": 0,                  
                                   "Local Dirtied Blocks": 0,               
                                   "Local Written Blocks": 0,               
                                   "Temp Read Blocks": 0,                   
                                   "Temp Written Blocks": 0                 
                                 }                                          
                               ]                                            
                             },                                             
                             {                                              
                               "Node Type": "Sort",                         
                               "Parent Relationship": "Inner",              
                               "Parallel Aware": false,                     
                               "Startup Cost": 4731.30,                     
                               "Total Cost": 4838.45,                       
                               "Plan Rows": 1380035,                        
                               "Plan Width": 14,                            
                               "Actual Startup Time": 634.399,              
                               "Actual Total Time": 711.965,                
                               "Actual Rows": 1380035,                      
                               "Actual Loops": 1,                           
                               "Sort Key": ["mi_idx.info_type_id"],         
                               "Sort Method": "quicksort",                  
                               "Sort Space Used": 128214,                   
                               "Sort Space Type": "Memory",                 
                               "Shared Hit Blocks": 2,                      
                               "Shared Read Blocks": 8451,                  
                               "Shared Dirtied Blocks": 0,                  
                               "Shared Written Blocks": 0,                  
                               "Local Hit Blocks": 0,                       
                               "Local Read Blocks": 0,                      
                               "Local Dirtied Blocks": 0,                   
                               "Local Written Blocks": 0,                   
                               "Temp Read Blocks": 0,                       
                               "Temp Written Blocks": 0,                    
                               "Plans": [                                   
                                 {                                          
                                   "Node Type": "Seq Scan",                 
                                   "Parent Relationship": "Outer",          
                                   "Parallel Aware": false,                 
                                   "Relation Name": "movie_info_idx",       
                                   "Alias": "mi_idx",                       
                                   "Startup Cost": 0.00,                    
                                   "Total Cost": 360.56,                    
                                   "Plan Rows": 1380035,                    
                                   "Plan Width": 14,                        
                                   "Actual Startup Time": 0.012,            
                                   "Actual Total Time": 300.015,            
                                   "Actual Rows": 1380035,                  
                                   "Actual Loops": 1,                       
                                   "Shared Hit Blocks": 2,                  
                                   "Shared Read Blocks": 8451,              
                                   "Shared Dirtied Blocks": 0,              
                                   "Shared Written Blocks": 0,              
                                   "Local Hit Blocks": 0,                   
                                   "Local Read Blocks": 0,                  
                                   "Local Dirtied Blocks": 0,               
                                   "Local Written Blocks": 0,               
                                   "Temp Read Blocks": 0,                   
                                   "Temp Written Blocks": 0                 
                                 }                                          
                               ]                                            
                             }                                              
                           ]                                                
                         }                                                  
                       ]                                                    
                     },                                                     
                     {                                                      
                       "Node Type": "Sort",                                 
                       "Parent Relationship": "Inner",                      
                       "Parallel Aware": false,                             
                       "Startup Cost": 9654.35,                             
                       "Total Cost": 9850.65,                               
                       "Plan Rows": 2528312,                                
                       "Plan Width": 21,                                    
                       "Actual Startup Time": 2315.405,                     
                       "Actual Total Time": 2671.862,                       
                       "Actual Rows": 2525757,                              
                       "Actual Loops": 1,                                   
                       "Sort Key": ["t.id"],                                
                       "Sort Method": "quicksort",                          
                       "Sort Space Used": 275055,                           
                       "Sort Space Type": "Memory",                         
                       "Shared Hit Blocks": 1,                              
                       "Shared Read Blocks": 35997,                         
                       "Shared Dirtied Blocks": 0,                          
                       "Shared Written Blocks": 0,                          
                       "Local Hit Blocks": 0,                               
                       "Local Read Blocks": 0,                              
                       "Local Dirtied Blocks": 0,                           
                       "Local Written Blocks": 0,                           
                       "Temp Read Blocks": 0,                               
                       "Temp Written Blocks": 0,                            
                       "Plans": [                                           
                         {                                                  
                           "Node Type": "Seq Scan",                         
                           "Parent Relationship": "Outer",                  
                           "Parallel Aware": false,                         
                           "Relation Name": "title",                        
                           "Alias": "t",                                    
                           "Startup Cost": 0.00,                            
                           "Total Cost": 1303.96,                           
                           "Plan Rows": 2528312,                            
                           "Plan Width": 21,                                
                           "Actual Startup Time": 16.771,                   
                           "Actual Total Time": 1004.213,                   
                           "Actual Rows": 2528312,                          
                           "Actual Loops": 1,                               
                           "Shared Hit Blocks": 1,                          
                           "Shared Read Blocks": 35997,                     
                           "Shared Dirtied Blocks": 0,                      
                           "Shared Written Blocks": 0,                      
                           "Local Hit Blocks": 0,                           
                           "Local Read Blocks": 0,                          
                           "Local Dirtied Blocks": 0,                       
                           "Local Written Blocks": 0,                       
                           "Temp Read Blocks": 0,                           
                           "Temp Written Blocks": 0                         
                         }                                                  
                       ]                                                    
                     }                                                      
                   ]                                                        
                 },                                                         
                 {                                                          
                   "Node Type": "Sort",                                     
                   "Parent Relationship": "Inner",                          
                   "Parallel Aware": false,                                 
                   "Startup Cost": 28645.69,                                
                   "Total Cost": 28848.27,                                  
                   "Plan Rows": 2609129,                                    
                   "Plan Width": 23,                                        
                   "Actual Startup Time": 4769.449,                         
                   "Actual Total Time": 5266.673,                           
                   "Actual Rows": 5327324,                                  
                   "Actual Loops": 1,                                       
                   "Sort Key": ["mc.movie_id"],                             
                   "Sort Method": "quicksort",                              
                   "Sort Space Used": 288417,                               
                   "Sort Space Type": "Memory",                             
                   "Shared Hit Blocks": 6,                                  
                   "Shared Read Blocks": 21778,                             
                   "Shared Dirtied Blocks": 0,                              
                   "Shared Written Blocks": 0,                              
                   "Local Hit Blocks": 0,                                   
                   "Local Read Blocks": 0,                                  
                   "Local Dirtied Blocks": 0,                               
                   "Local Written Blocks": 0,                               
                   "Temp Read Blocks": 0,                                   
                   "Temp Written Blocks": 0,                                
                   "Plans": [                                               
                     {                                                      
                       "Node Type": "Merge Join",                           
                       "Parent Relationship": "Outer",                      
                       "Parallel Aware": false,                             
                       "Join Type": "Inner",                                
                       "Startup Cost": 19387.96,                            
                       "Total Cost": 20009.99,                              
                       "Plan Rows": 2609129,                                
                       "Plan Width": 23,                                    
                       "Actual Startup Time": 2685.181,                     
                       "Actual Total Time": 3665.320,                       
                       "Actual Rows": 2609129,                              
                       "Actual Loops": 1,                                   
                       "Inner Unique": true,                                
                       "Merge Cond": "(mc.company_id = cn.id)",             
                       "Shared Hit Blocks": 6,                              
                       "Shared Read Blocks": 21778,                         
                       "Shared Dirtied Blocks": 0,                          
                       "Shared Written Blocks": 0,                          
                       "Local Hit Blocks": 0,                               
                       "Local Read Blocks": 0,                              
                       "Local Dirtied Blocks": 0,                           
                       "Local Written Blocks": 0,                           
                       "Temp Read Blocks": 0,                               
                       "Temp Written Blocks": 0,                            
                       "Plans": [                                           
                         {                                                  
                           "Node Type": "Sort",                             
                           "Parent Relationship": "Outer",                  
                           "Parallel Aware": false,                         
                           "Startup Cost": 18626.73,                        
                           "Total Cost": 18829.30,                          
                           "Plan Rows": 2609129,                            
                           "Plan Width": 8,                                 
                           "Actual Startup Time": 2489.005,                 
                           "Actual Total Time": 2817.111,                   
                           "Actual Rows": 2609129,                          
                           "Actual Loops": 1,                               
                           "Sort Key": ["mc.company_id"],                   
                           "Sort Method": "quicksort",                      
                           "Sort Space Used": 220607,                       
                           "Sort Space Type": "Memory",                     
                           "Shared Hit Blocks": 4,                          
                           "Shared Read Blocks": 18786,                     
                           "Shared Dirtied Blocks": 0,                      
                           "Shared Written Blocks": 0,                      
                           "Local Hit Blocks": 0,                           
                           "Local Read Blocks": 0,                          
                           "Local Dirtied Blocks": 0,                       
                           "Local Written Blocks": 0,                       
                           "Temp Read Blocks": 0,                           
                           "Temp Written Blocks": 0,                        
                           "Plans": [                                       
                             {                                              
                               "Node Type": "Merge Join",                   
                               "Parent Relationship": "Outer",              
                               "Parallel Aware": false,                     
                               "Join Type": "Inner",                        
                               "Startup Cost": 9405.49,                     
                               "Total Cost": 9991.03,                       
                               "Plan Rows": 2609129,                        
                               "Plan Width": 8,                             
                               "Actual Startup Time": 1047.406,             
                               "Actual Total Time": 1666.916,               
                               "Actual Rows": 2609129,                      
                               "Actual Loops": 1,                           
                               "Inner Unique": false,                       
                               "Merge Cond": "(ct.id = mc.company_type_id)",
                               "Shared Hit Blocks": 4,                      
                               "Shared Read Blocks": 18786,                 
                               "Shared Dirtied Blocks": 0,                  
                               "Shared Written Blocks": 0,                  
                               "Local Hit Blocks": 0,                       
                               "Local Read Blocks": 0,                      
                               "Local Dirtied Blocks": 0,                   
                               "Local Written Blocks": 0,                   
                               "Temp Read Blocks": 0,                       
                               "Temp Written Blocks": 0,                    
                               "Plans": [                                   
                                 {                                          
                                   "Node Type": "Sort",                     
                                   "Parent Relationship": "Outer",          
                                   "Parallel Aware": false,                 
                                   "Startup Cost": 0.03,                    
                                   "Total Cost": 0.03,                      
                                   "Plan Rows": 4,                          
                                   "Plan Width": 4,                         
                                   "Actual Startup Time": 0.016,            
                                   "Actual Total Time": 0.017,              
                                   "Actual Rows": 3,                        
                                   "Actual Loops": 1,                       
                                   "Sort Key": ["ct.id"],                   
                                   "Sort Method": "quicksort",              
                                   "Sort Space Used": 25,                   
                                   "Sort Space Type": "Memory",             
                                   "Shared Hit Blocks": 1,                  
                                   "Shared Read Blocks": 0,                 
                                   "Shared Dirtied Blocks": 0,              
                                   "Shared Written Blocks": 0,              
                                   "Local Hit Blocks": 0,                   
                                   "Local Read Blocks": 0,                  
                                   "Local Dirtied Blocks": 0,               
                                   "Local Written Blocks": 0,               
                                   "Temp Read Blocks": 0,                   
                                   "Temp Written Blocks": 0,                
                                   "Plans": [                               
                                     {                                      
                                       "Node Type": "Seq Scan",             
                                       "Parent Relationship": "Outer",      
                                       "Parallel Aware": false,             
                                       "Relation Name": "company_type",     
                                       "Alias": "ct",                       
                                       "Startup Cost": 0.00,                
                                       "Total Cost": 0.03,                  
                                       "Plan Rows": 4,                      
                                       "Plan Width": 4,                     
                                       "Actual Startup Time": 0.011,        
                                       "Actual Total Time": 0.012,          
                                       "Actual Rows": 4,                    
                                       "Actual Loops": 1,                   
                                       "Shared Hit Blocks": 1,              
                                       "Shared Read Blocks": 0,             
                                       "Shared Dirtied Blocks": 0,          
                                       "Shared Written Blocks": 0,          
                                       "Local Hit Blocks": 0,               
                                       "Local Read Blocks": 0,              
                                       "Local Dirtied Blocks": 0,           
                                       "Local Written Blocks": 0,           
                                       "Temp Read Blocks": 0,               
                                       "Temp Written Blocks": 0             
                                     }                                      
                                   ]                                        
                                 },                                         
                                 {                                          
                                   "Node Type": "Sort",                     
                                   "Parent Relationship": "Inner",          
                                   "Parallel Aware": false,                 
                                   "Startup Cost": 9405.45,                 
                                   "Total Cost": 9608.03,                   
                                   "Plan Rows": 2609129,                    
                                   "Plan Width": 12,                        
                                   "Actual Startup Time": 1047.385,         
                                   "Actual Total Time": 1168.017,           
                                   "Actual Rows": 2609129,                  
                                   "Actual Loops": 1,                       
                                   "Sort Key": ["mc.company_type_id"],      
                                   "Sort Method": "quicksort",              
                                   "Sort Space Used": 220607,               
                                   "Sort Space Type": "Memory",             
                                   "Shared Hit Blocks": 3,                  
                                   "Shared Read Blocks": 18786,             
                                   "Shared Dirtied Blocks": 0,              
                                   "Shared Written Blocks": 0,              
                                   "Local Hit Blocks": 0,                   
                                   "Local Read Blocks": 0,                  
                                   "Local Dirtied Blocks": 0,               
                                   "Local Written Blocks": 0,               
                                   "Temp Read Blocks": 0,                   
                                   "Temp Written Blocks": 0,                
                                   "Plans": [                               
                                     {                                      
                                       "Node Type": "Seq Scan",             
                                       "Parent Relationship": "Outer",      
                                       "Parallel Aware": false,             
                                       "Relation Name": "movie_companies",  
                                       "Alias": "mc",                       
                                       "Startup Cost": 0.00,                
                                       "Total Cost": 769.75,                
                                       "Plan Rows": 2609129,                
                                       "Plan Width": 12,                    
                                       "Actual Startup Time": 0.011,        
                                       "Actual Total Time": 541.425,        
                                       "Actual Rows": 2609129,              
                                       "Actual Loops": 1,                   
                                       "Shared Hit Blocks": 3,              
                                       "Shared Read Blocks": 18786,         
                                       "Shared Dirtied Blocks": 0,          
                                       "Shared Written Blocks": 0,          
                                       "Local Hit Blocks": 0,               
                                       "Local Read Blocks": 0,              
                                       "Local Dirtied Blocks": 0,           
                                       "Local Written Blocks": 0,           
                                       "Temp Read Blocks": 0,               
                                       "Temp Written Blocks": 0             
                                     }                                      
                                   ]                                        
                                 }                                          
                               ]                                            
                             }                                              
                           ]                                                
                         },                                                 
                         {                                                  
                           "Node Type": "Sort",                             
                           "Parent Relationship": "Inner",                  
                           "Parallel Aware": false,                         
                           "Startup Cost": 761.23,                          
                           "Total Cost": 779.47,                            
                           "Plan Rows": 234997,                             
                           "Plan Width": 23,                                
                           "Actual Startup Time": 196.166,                  
                           "Actual Total Time": 231.396,                    
                           "Actual Rows": 234997,                           
                           "Actual Loops": 1,                               
                           "Sort Key": ["cn.id"],                           
                           "Sort Method": "quicksort",                      
                           "Sort Space Used": 23201,                        
                           "Sort Space Type": "Memory",                     
                           "Shared Hit Blocks": 2,                          
                           "Shared Read Blocks": 2992,                      
                           "Shared Dirtied Blocks": 0,                      
                           "Shared Written Blocks": 0,                      
                           "Local Hit Blocks": 0,                           
                           "Local Read Blocks": 0,                          
                           "Local Dirtied Blocks": 0,                       
                           "Local Written Blocks": 0,                       
                           "Temp Read Blocks": 0,                           
                           "Temp Written Blocks": 0,                        
                           "Plans": [                                       
                             {                                              
                               "Node Type": "Seq Scan",                     
                               "Parent Relationship": "Outer",              
                               "Parallel Aware": false,                     
                               "Relation Name": "company_name",             
                               "Alias": "cn",                               
                               "Startup Cost": 0.00,                        
                               "Total Cost": 110.16,                        
                               "Plan Rows": 234997,                         
                               "Plan Width": 23,                            
                               "Actual Startup Time": 11.761,               
                               "Actual Total Time": 84.537,                 
                               "Actual Rows": 234997,                       
                               "Actual Loops": 1,                           
                               "Shared Hit Blocks": 2,                      
                               "Shared Read Blocks": 2992,                  
                               "Shared Dirtied Blocks": 0,                  
                               "Shared Written Blocks": 0,                  
                               "Local Hit Blocks": 0,                       
                               "Local Read Blocks": 0,                      
                               "Local Dirtied Blocks": 0,                   
                               "Local Written Blocks": 0,                   
                               "Temp Read Blocks": 0,                       
                               "Temp Written Blocks": 0                     
                             }                                              
                           ]                                                
                         }                                                  
                       ]                                                    
                     }                                                      
                   ]                                                        
                 }                                                          
               ]                                                            
             },                                                             
             {                                                              
               "Node Type": "Sort",                                         
               "Parent Relationship": "Inner",                              
               "Parallel Aware": false,                                     
               "Startup Cost": 119192.71,                                   
               "Total Cost": 120344.55,                                     
               "Plan Rows": 14835720,                                       
               "Plan Width": 4,                                             
               "Actual Startup Time": 17063.201,                            
               "Actual Total Time": 25979.751,                              
               "Actual Rows": 185777409,                                    
               "Actual Loops": 1,                                           
               "Sort Key": ["mi.movie_id"],                                 
               "Sort Method": "quicksort",                                  
               "Sort Space Used": 1088641,                                  
               "Sort Space Type": "Memory",                                 
               "Shared Hit Blocks": 3,                                      
               "Shared Read Blocks": 161890,                                
               "Shared Dirtied Blocks": 0,                                  
               "Shared Written Blocks": 0,                                  
               "Local Hit Blocks": 0,                                       
               "Local Read Blocks": 0,                                      
               "Local Dirtied Blocks": 0,                                   
               "Local Written Blocks": 0,                                   
               "Temp Read Blocks": 0,                                       
               "Temp Written Blocks": 0,                                    
               "Plans": [                                                   
                 {                                                          
                   "Node Type": "Merge Join",                               
                   "Parent Relationship": "Outer",                          
                   "Parallel Aware": false,                                 
                   "Join Type": "Inner",                                    
                   "Startup Cost": 60983.62,                                
                   "Total Cost": 64313.09,                                  
                   "Plan Rows": 14835720,                                   
                   "Plan Width": 4,                                         
                   "Actual Startup Time": 9013.786,                         
                   "Actual Total Time": 12146.120,                          
                   "Actual Rows": 14835720,                                 
                   "Actual Loops": 1,                                       
                   "Inner Unique": false,                                   
                   "Merge Cond": "(it1.id = mi.info_type_id)",              
                   "Shared Hit Blocks": 3,                                  
                   "Shared Read Blocks": 161890,                            
                   "Shared Dirtied Blocks": 0,                              
                   "Shared Written Blocks": 0,                              
                   "Local Hit Blocks": 0,                                   
                   "Local Read Blocks": 0,                                  
                   "Local Dirtied Blocks": 0,                               
                   "Local Written Blocks": 0,                               
                   "Temp Read Blocks": 0,                                   
                   "Temp Written Blocks": 0,                                
                   "Plans": [                                               
                     {                                                      
                       "Node Type": "Sort",                                 
                       "Parent Relationship": "Outer",                      
                       "Parallel Aware": false,                             
                       "Startup Cost": 0.16,                                
                       "Total Cost": 0.17,                                  
                       "Plan Rows": 113,                                    
                       "Plan Width": 4,                                     
                       "Actual Startup Time": 0.047,                        
                       "Actual Total Time": 0.071,                          
                       "Actual Rows": 111,                                  
                       "Actual Loops": 1,                                   
                       "Sort Key": ["it1.id"],                              
                       "Sort Method": "quicksort",                          
                       "Sort Space Used": 30,                               
                       "Sort Space Type": "Memory",                         
                       "Shared Hit Blocks": 1,                              
                       "Shared Read Blocks": 0,                             
                       "Shared Dirtied Blocks": 0,                          
                       "Shared Written Blocks": 0,                          
                       "Local Hit Blocks": 0,                               
                       "Local Read Blocks": 0,                              
                       "Local Dirtied Blocks": 0,                           
                       "Local Written Blocks": 0,                           
                       "Temp Read Blocks": 0,                               
                       "Temp Written Blocks": 0,                            
                       "Plans": [                                           
                         {                                                  
                           "Node Type": "Seq Scan",                         
                           "Parent Relationship": "Outer",                  
                           "Parallel Aware": false,                         
                           "Relation Name": "info_type",                    
                           "Alias": "it1",                                  
                           "Startup Cost": 0.00,                            
                           "Total Cost": 0.04,                              
                           "Plan Rows": 113,                                
                           "Plan Width": 4,                                 
                           "Actual Startup Time": 0.015,                    
                           "Actual Total Time": 0.028,                      
                           "Actual Rows": 113,                              
                           "Actual Loops": 1,                               
                           "Shared Hit Blocks": 1,                          
                           "Shared Read Blocks": 0,                         
                           "Shared Dirtied Blocks": 0,                      
                           "Shared Written Blocks": 0,                      
                           "Local Hit Blocks": 0,                           
                           "Local Read Blocks": 0,                          
                           "Local Dirtied Blocks": 0,                       
                           "Local Written Blocks": 0,                       
                           "Temp Read Blocks": 0,                           
                           "Temp Written Blocks": 0                         
                         }                                                  
                       ]                                                    
                     },                                                     
                     {                                                      
                       "Node Type": "Sort",                                 
                       "Parent Relationship": "Inner",                      
                       "Parallel Aware": false,                             
                       "Startup Cost": 60983.46,                            
                       "Total Cost": 62135.30,                              
                       "Plan Rows": 14835720,                               
                       "Plan Width": 8,                                     
                       "Actual Startup Time": 9013.732,                     
                       "Actual Total Time": 9742.034,                       
                       "Actual Rows": 14835720,                             
                       "Actual Loops": 1,                                   
                       "Sort Key": ["mi.info_type_id"],                     
                       "Sort Method": "quicksort",                          
                       "Sort Space Used": 1088641,                          
                       "Sort Space Type": "Memory",                         
                       "Shared Hit Blocks": 2,                              
                       "Shared Read Blocks": 161890,                        
                       "Shared Dirtied Blocks": 0,                          
                       "Shared Written Blocks": 0,                          
                       "Local Hit Blocks": 0,                               
                       "Local Read Blocks": 0,                              
                       "Local Dirtied Blocks": 0,                           
                       "Local Written Blocks": 0,                           
                       "Temp Read Blocks": 0,                               
                       "Temp Written Blocks": 0,                            
                       "Plans": [                                           
                         {                                                  
                           "Node Type": "Seq Scan",                         
                           "Parent Relationship": "Outer",                  
                           "Parallel Aware": false,                         
                           "Relation Name": "movie_info",                   
                           "Alias": "mi",                                   
                           "Startup Cost": 0.00,                            
                           "Total Cost": 6103.84,                           
                           "Plan Rows": 14835720,                           
                           "Plan Width": 8,                                 
                           "Actual Startup Time": 26.468,                   
                           "Actual Total Time": 5513.633,                   
                           "Actual Rows": 14835720,                         
                           "Actual Loops": 1,                               
                           "Shared Hit Blocks": 2,                          
                           "Shared Read Blocks": 161890,                    
                           "Shared Dirtied Blocks": 0,                      
                           "Shared Written Blocks": 0,                      
                           "Local Hit Blocks": 0,                           
                           "Local Read Blocks": 0,                          
                           "Local Dirtied Blocks": 0,                       
                           "Local Written Blocks": 0,                       
                           "Temp Read Blocks": 0,                           
                           "Temp Written Blocks": 0                         
                         }                                                  
                       ]                                                    
                     }                                                      
                   ]                                                        
                 }                                                          
               ]                                                            
             }                                                              
           ]                                                                
         }                                                                  
       ]                                                                    
     },                                                                     
     "Planning Time": 5081.424,                                             
     "Triggers": [                                                          
     ],                                                                     
     "Execution Time": 128756.552                                           
