     "Plan": {                                                              
       "Node Type": "Aggregate",                                            
       "Strategy": "Plain",                                                 
       "Partial Mode": "Simple",                                            
       "Parallel Aware": false,                                             
       "Startup Cost": 192715.63,                                           
       "Total Cost": 192715.63,                                             
       "Plan Rows": 1,                                                      
       "Plan Width": 96,                                                    
       "Actual Startup Time": 135063.842,                                   
       "Actual Total Time": 135063.843,                                     
       "Actual Rows": 1,                                                    
       "Actual Loops": 1,                                                   
       "Shared Hit Blocks": 77084,                                          
       "Shared Read Blocks": 228481,                                        
       "Shared Dirtied Blocks": 0,                                          
       "Shared Written Blocks": 0,                                          
       "Local Hit Blocks": 0,                                               
       "Local Read Blocks": 0,                                              
       "Local Dirtied Blocks": 0,                                           
       "Local Written Blocks": 0,                                           
       "Temp Read Blocks": 0,                                               
       "Temp Written Blocks": 0,                                            
       "Plans": [                                                           
         {                                                                  
           "Node Type": "Merge Join",                                       
           "Parent Relationship": "Outer",                                  
           "Parallel Aware": false,                                         
           "Join Type": "Inner",                                            
           "Startup Cost": 175822.51,                                       
           "Total Cost": 181775.75,                                         
           "Plan Rows": 46968578,                                           
           "Plan Width": 65,                                                
           "Actual Startup Time": 28372.780,                                
           "Actual Total Time": 74015.155,                                  
           "Actual Rows": 177388547,                                        
           "Actual Loops": 1,                                               
           "Inner Unique": false,                                           
           "Merge Cond": "(t.id = mi.movie_id)",                            
           "Shared Hit Blocks": 18,                                         
           "Shared Read Blocks": 228116,                                    
           "Shared Dirtied Blocks": 0,                                      
           "Shared Written Blocks": 0,                                      
           "Local Hit Blocks": 0,                                           
           "Local Read Blocks": 0,                                          
           "Local Dirtied Blocks": 0,                                       
           "Local Written Blocks": 0,                                       
           "Temp Read Blocks": 0,                                           
           "Temp Written Blocks": 0,                                        
           "Plans": [                                                       
             {                                                              
               "Node Type": "Merge Join",                                   
               "Parent Relationship": "Outer",                              
               "Parallel Aware": false,                                     
               "Join Type": "Inner",                                        
               "Startup Cost": 56629.80,                                    
               "Total Cost": 57941.65,                                      
               "Plan Rows": 3329177,                                        
               "Plan Width": 35,                                            
               "Actual Startup Time": 9621.062,                             
               "Actual Total Time": 12893.859,                              
               "Actual Rows": 4073078,                                      
               "Actual Loops": 1,                                           
               "Inner Unique": false,                                       
               "Merge Cond": "(t.id = mc.movie_id)",                        
               "Shared Hit Blocks": 15,                                     
               "Shared Read Blocks": 66226,                                 
               "Shared Dirtied Blocks": 0,                                  
               "Shared Written Blocks": 0,                                  
               "Local Hit Blocks": 0,                                       
               "Local Read Blocks": 0,                                      
               "Local Dirtied Blocks": 0,                                   
               "Local Written Blocks": 0,                                   
               "Temp Read Blocks": 0,                                       
               "Temp Written Blocks": 0,                                    
               "Plans": [                                                   
                 {                                                          
                   "Node Type": "Merge Join",                               
                   "Parent Relationship": "Outer",                          
                   "Parallel Aware": false,                                 
                   "Join Type": "Inner",                                    
                   "Startup Cost": 27984.11,                                
                   "Total Cost": 28686.02,                                  
                   "Plan Rows": 1380035,                                    
                   "Plan Width": 31,                                        
                   "Actual Startup Time": 5002.842,                         
                   "Actual Total Time": 6529.207,                           
                   "Actual Rows": 1380012,                                  
                   "Actual Loops": 1,                                       
                   "Inner Unique": false,                                   
                   "Merge Cond": "(miidx.movie_id = t.id)",                 
                   "Shared Hit Blocks": 9,                                  
                   "Shared Read Blocks": 44448,                             
                   "Shared Dirtied Blocks": 0,                              
                   "Shared Written Blocks": 0,                              
                   "Local Hit Blocks": 0,                                   
                   "Local Read Blocks": 0,                                  
                   "Local Dirtied Blocks": 0,                               
                   "Local Written Blocks": 0,                               
                   "Temp Read Blocks": 0,                                   
                   "Temp Written Blocks": 0,                                
                   "Plans": [                                               
                     {                                                      
                       "Node Type": "Sort",                                 
                       "Parent Relationship": "Outer",                      
                       "Parallel Aware": false,                             
                       "Startup Cost": 9411.92,                             
                       "Total Cost": 9519.07,                               
                       "Plan Rows": 1380035,                                
                       "Plan Width": 10,                                    
                       "Actual Startup Time": 1499.196,                     
                       "Actual Total Time": 1666.301,                       
                       "Actual Rows": 1380012,                              
                       "Actual Loops": 1,                                   
                       "Sort Key": ["miidx.movie_id"],                      
                       "Sort Method": "quicksort",                          
                       "Sort Space Used": 113842,                           
                       "Sort Space Type": "Memory",                         
                       "Shared Hit Blocks": 7,                              
                       "Shared Read Blocks": 8451,                          
                       "Shared Dirtied Blocks": 0,                          
                       "Shared Written Blocks": 0,                          
                       "Local Hit Blocks": 0,                               
                       "Local Read Blocks": 0,                              
                       "Local Dirtied Blocks": 0,                           
                       "Local Written Blocks": 0,                           
                       "Temp Read Blocks": 0,                               
                       "Temp Written Blocks": 0,                            
                       "Plans": [                                           
                         {                                                  
                           "Node Type": "Merge Join",                       
                           "Parent Relationship": "Outer",                  
                           "Parallel Aware": false,                         
                           "Join Type": "Inner",                            
                           "Startup Cost": 4731.48,                         
                           "Total Cost": 5041.19,                           
                           "Plan Rows": 1380035,                            
                           "Plan Width": 10,                                
                           "Actual Startup Time": 652.997,                  
                           "Actual Total Time": 979.645,                    
                           "Actual Rows": 1380035,                          
                           "Actual Loops": 1,                               
                           "Inner Unique": false,                           
                           "Merge Cond": "(it.id = miidx.info_type_id)",    
                           "Shared Hit Blocks": 3,                          
                           "Shared Read Blocks": 8451,                      
                           "Shared Dirtied Blocks": 0,                      
                           "Shared Written Blocks": 0,                      
                           "Local Hit Blocks": 0,                           
                           "Local Read Blocks": 0,                          
                           "Local Dirtied Blocks": 0,                       
                           "Local Written Blocks": 0,                       
                           "Temp Read Blocks": 0,                           
                           "Temp Written Blocks": 0,                        
                           "Plans": [                                       
                             {                                              
                               "Node Type": "Sort",                         
                               "Parent Relationship": "Outer",              
                               "Parallel Aware": false,                     
                               "Startup Cost": 0.16,                        
                               "Total Cost": 0.17,                          
                               "Plan Rows": 113,                            
                               "Plan Width": 4,                             
                               "Actual Startup Time": 0.041,                
                               "Actual Total Time": 0.050,                  
                               "Actual Rows": 113,                          
                               "Actual Loops": 1,                           
                               "Sort Key": ["it.id"],                       
                               "Sort Method": "quicksort",                  
                               "Sort Space Used": 30,                       
                               "Sort Space Type": "Memory",                 
                               "Shared Hit Blocks": 1,                      
                               "Shared Read Blocks": 0,                     
                               "Shared Dirtied Blocks": 0,                  
                               "Shared Written Blocks": 0,                  
                               "Local Hit Blocks": 0,                       
                               "Local Read Blocks": 0,                      
                               "Local Dirtied Blocks": 0,                   
                               "Local Written Blocks": 0,                   
                               "Temp Read Blocks": 0,                       
                               "Temp Written Blocks": 0,                    
                               "Plans": [                                   
                                 {                                          
                                   "Node Type": "Seq Scan",                 
                                   "Parent Relationship": "Outer",          
                                   "Parallel Aware": false,                 
                                   "Relation Name": "info_type",            
                                   "Alias": "it",                           
                                   "Startup Cost": 0.00,                    
                                   "Total Cost": 0.04,                      
                                   "Plan Rows": 113,                        
                                   "Plan Width": 4,                         
                                   "Actual Startup Time": 0.006,            
                                   "Actual Total Time": 0.020,              
                                   "Actual Rows": 113,                      
                                   "Actual Loops": 1,                       
                                   "Shared Hit Blocks": 1,                  
                                   "Shared Read Blocks": 0,                 
                                   "Shared Dirtied Blocks": 0,              
                                   "Shared Written Blocks": 0,              
                                   "Local Hit Blocks": 0,                   
                                   "Local Read Blocks": 0,                  
                                   "Local Dirtied Blocks": 0,               
                                   "Local Written Blocks": 0,               
                                   "Temp Read Blocks": 0,                   
                                   "Temp Written Blocks": 0                 
                                 }                                          
                               ]                                            
                             },                                             
                             {                                              
                               "Node Type": "Sort",                         
                               "Parent Relationship": "Inner",              
                               "Parallel Aware": false,                     
                               "Startup Cost": 4731.30,                     
                               "Total Cost": 4838.45,                       
                               "Plan Rows": 1380035,                        
                               "Plan Width": 14,                            
                               "Actual Startup Time": 652.931,              
                               "Actual Total Time": 730.741,                
                               "Actual Rows": 1380035,                      
                               "Actual Loops": 1,                           
                               "Sort Key": ["miidx.info_type_id"],          
                               "Sort Method": "quicksort",                  
                               "Sort Space Used": 128214,                   
                               "Sort Space Type": "Memory",                 
                               "Shared Hit Blocks": 2,                      
                               "Shared Read Blocks": 8451,                  
                               "Shared Dirtied Blocks": 0,                  
                               "Shared Written Blocks": 0,                  
                               "Local Hit Blocks": 0,                       
                               "Local Read Blocks": 0,                      
                               "Local Dirtied Blocks": 0,                   
                               "Local Written Blocks": 0,                   
                               "Temp Read Blocks": 0,                       
                               "Temp Written Blocks": 0,                    
                               "Plans": [                                   
                                 {                                          
                                   "Node Type": "Seq Scan",                 
                                   "Parent Relationship": "Outer",          
                                   "Parallel Aware": false,                 
                                   "Relation Name": "movie_info_idx",       
                                   "Alias": "miidx",                        
                                   "Startup Cost": 0.00,                    
                                   "Total Cost": 360.56,                    
                                   "Plan Rows": 1380035,                    
                                   "Plan Width": 14,                        
                                   "Actual Startup Time": 0.005,            
                                   "Actual Total Time": 310.003,            
                                   "Actual Rows": 1380035,                  
                                   "Actual Loops": 1,                       
                                   "Shared Hit Blocks": 2,                  
                                   "Shared Read Blocks": 8451,              
                                   "Shared Dirtied Blocks": 0,              
                                   "Shared Written Blocks": 0,              
                                   "Local Hit Blocks": 0,                   
                                   "Local Read Blocks": 0,                  
                                   "Local Dirtied Blocks": 0,               
                                   "Local Written Blocks": 0,               
                                   "Temp Read Blocks": 0,                   
                                   "Temp Written Blocks": 0                 
                                 }                                          
                               ]                                            
                             }                                              
                           ]                                                
                         }                                                  
                       ]                                                    
                     },                                                     
                     {                                                      
                       "Node Type": "Sort",                                 
                       "Parent Relationship": "Inner",                      
                       "Parallel Aware": false,                             
                       "Startup Cost": 18572.18,                            
                       "Total Cost": 18768.48,                              
                       "Plan Rows": 2528312,                                
                       "Plan Width": 21,                                    
                       "Actual Startup Time": 3503.636,                     
                       "Actual Total Time": 3921.042,                       
                       "Actual Rows": 3445851,                              
                       "Actual Loops": 1,                                   
                       "Sort Key": ["t.id"],                                
                       "Sort Method": "quicksort",                          
                       "Sort Space Used": 275055,                           
                       "Sort Space Type": "Memory",                         
                       "Shared Hit Blocks": 2,                              
                       "Shared Read Blocks": 35997,                         
                       "Shared Dirtied Blocks": 0,                          
                       "Shared Written Blocks": 0,                          
                       "Local Hit Blocks": 0,                               
                       "Local Read Blocks": 0,                              
                       "Local Dirtied Blocks": 0,                           
                       "Local Written Blocks": 0,                           
                       "Temp Read Blocks": 0,                               
                       "Temp Written Blocks": 0,                            
                       "Plans": [                                           
                         {                                                  
                           "Node Type": "Merge Join",                       
                           "Parent Relationship": "Outer",                  
                           "Parallel Aware": false,                         
                           "Join Type": "Inner",                            
                           "Startup Cost": 9654.39,                         
                           "Total Cost": 10221.79,                          
                           "Plan Rows": 2528312,                            
                           "Plan Width": 21,                                
                           "Actual Startup Time": 1783.368,                 
                           "Actual Total Time": 2395.932,                   
                           "Actual Rows": 2528312,                          
                           "Actual Loops": 1,                               
                           "Inner Unique": false,                           
                           "Merge Cond": "(kt.id = t.kind_id)",             
                           "Shared Hit Blocks": 2,                          
                           "Shared Read Blocks": 35997,                     
                           "Shared Dirtied Blocks": 0,                      
                           "Shared Written Blocks": 0,                      
                           "Local Hit Blocks": 0,                           
                           "Local Read Blocks": 0,                          
                           "Local Dirtied Blocks": 0,                       
                           "Local Written Blocks": 0,                       
                           "Temp Read Blocks": 0,                           
                           "Temp Written Blocks": 0,                        
                           "Plans": [                                       
                             {                                              
                               "Node Type": "Sort",                         
                               "Parent Relationship": "Outer",              
                               "Parallel Aware": false,                     
                               "Startup Cost": 0.03,                        
                               "Total Cost": 0.04,                          
                               "Plan Rows": 7,                              
                               "Plan Width": 4,                             
                               "Actual Startup Time": 0.020,                
                               "Actual Total Time": 0.024,                  
                               "Actual Rows": 7,                            
                               "Actual Loops": 1,                           
                               "Sort Key": ["kt.id"],                       
                               "Sort Method": "quicksort",                  
                               "Sort Space Used": 25,                       
                               "Sort Space Type": "Memory",                 
                               "Shared Hit Blocks": 1,                      
                               "Shared Read Blocks": 0,                     
                               "Shared Dirtied Blocks": 0,                  
                               "Shared Written Blocks": 0,                  
                               "Local Hit Blocks": 0,                       
                               "Local Read Blocks": 0,                      
                               "Local Dirtied Blocks": 0,                   
                               "Local Written Blocks": 0,                   
                               "Temp Read Blocks": 0,                       
                               "Temp Written Blocks": 0,                    
                               "Plans": [                                   
                                 {                                          
                                   "Node Type": "Seq Scan",                 
                                   "Parent Relationship": "Outer",          
                                   "Parallel Aware": false,                 
                                   "Relation Name": "kind_type",            
                                   "Alias": "kt",                           
                                   "Startup Cost": 0.00,                    
                                   "Total Cost": 0.03,                      
                                   "Plan Rows": 7,                          
                                   "Plan Width": 4,                         
                                   "Actual Startup Time": 0.013,            
                                   "Actual Total Time": 0.015,              
                                   "Actual Rows": 7,                        
                                   "Actual Loops": 1,                       
                                   "Shared Hit Blocks": 1,                  
                                   "Shared Read Blocks": 0,                 
                                   "Shared Dirtied Blocks": 0,              
                                   "Shared Written Blocks": 0,              
                                   "Local Hit Blocks": 0,                   
                                   "Local Read Blocks": 0,                  
                                   "Local Dirtied Blocks": 0,               
                                   "Local Written Blocks": 0,               
                                   "Temp Read Blocks": 0,                   
                                   "Temp Written Blocks": 0                 
                                 }                                          
                               ]                                            
                             },                                             
                             {                                              
                               "Node Type": "Sort",                         
                               "Parent Relationship": "Inner",              
                               "Parallel Aware": false,                     
                               "Startup Cost": 9654.35,                     
                               "Total Cost": 9850.65,                       
                               "Plan Rows": 2528312,                        
                               "Plan Width": 25,                            
                               "Actual Startup Time": 1783.341,             
                               "Actual Total Time": 1930.271,               
                               "Actual Rows": 2528312,                      
                               "Actual Loops": 1,                           
                               "Sort Key": ["t.kind_id"],                   
                               "Sort Method": "quicksort",                  
                               "Sort Space Used": 290000,                   
                               "Sort Space Type": "Memory",                 
                               "Shared Hit Blocks": 1,                      
                               "Shared Read Blocks": 35997,                 
                               "Shared Dirtied Blocks": 0,                  
                               "Shared Written Blocks": 0,                  
                               "Local Hit Blocks": 0,                       
                               "Local Read Blocks": 0,                      
                               "Local Dirtied Blocks": 0,                   
                               "Local Written Blocks": 0,                   
                               "Temp Read Blocks": 0,                       
                               "Temp Written Blocks": 0,                    
                               "Plans": [                                   
                                 {                                          
                                   "Node Type": "Seq Scan",                 
                                   "Parent Relationship": "Outer",          
                                   "Parallel Aware": false,                 
                                   "Relation Name": "title",                
                                   "Alias": "t",                            
                                   "Startup Cost": 0.00,                    
                                   "Total Cost": 1303.96,                   
                                   "Plan Rows": 2528312,                    
                                   "Plan Width": 25,                        
                                   "Actual Startup Time": 17.305,           
                                   "Actual Total Time": 980.329,            
                                   "Actual Rows": 2528312,                  
                                   "Actual Loops": 1,                       
                                   "Shared Hit Blocks": 1,                  
                                   "Shared Read Blocks": 35997,             
                                   "Shared Dirtied Blocks": 0,              
                                   "Shared Written Blocks": 0,              
                                   "Local Hit Blocks": 0,                   
                                   "Local Read Blocks": 0,                  
                                   "Local Dirtied Blocks": 0,               
                                   "Local Written Blocks": 0,               
                                   "Temp Read Blocks": 0,                   
                                   "Temp Written Blocks": 0                 
                                 }                                          
                               ]                                            
                             }                                              
                           ]                                                
                         }                                                  
                       ]                                                    
                     }                                                      
                   ]                                                        
                 },                                                         
                 {                                                          
                   "Node Type": "Sort",                                     
                   "Parent Relationship": "Inner",                          
                   "Parallel Aware": false,                                 
                   "Startup Cost": 28645.69,                                
                   "Total Cost": 28848.27,                                  
                   "Plan Rows": 2609129,                                    
                   "Plan Width": 4,                                         
                   "Actual Startup Time": 4618.212,                         
                   "Actual Total Time": 5129.057,                           
                   "Actual Rows": 5327324,                                  
                   "Actual Loops": 1,                                       
                   "Sort Key": ["mc.movie_id"],                             
                   "Sort Method": "quicksort",                              
                   "Sort Space Used": 220607,                               
                   "Sort Space Type": "Memory",                             
                   "Shared Hit Blocks": 6,                                  
                   "Shared Read Blocks": 21778,                             
                   "Shared Dirtied Blocks": 0,                              
                   "Shared Written Blocks": 0,                              
                   "Local Hit Blocks": 0,                                   
                   "Local Read Blocks": 0,                                  
                   "Local Dirtied Blocks": 0,                               
                   "Local Written Blocks": 0,                               
                   "Temp Read Blocks": 0,                                   
                   "Temp Written Blocks": 0,                                
                   "Plans": [                                               
                     {                                                      
                       "Node Type": "Merge Join",                           
                       "Parent Relationship": "Outer",                      
                       "Parallel Aware": false,                             
                       "Join Type": "Inner",                                
                       "Startup Cost": 19387.96,                            
                       "Total Cost": 20009.99,                              
                       "Plan Rows": 2609129,                                
                       "Plan Width": 4,                                     
                       "Actual Startup Time": 2679.683,                     
                       "Actual Total Time": 3617.418,                       
                       "Actual Rows": 2609129,                              
                       "Actual Loops": 1,                                   
                       "Inner Unique": true,                                
                       "Merge Cond": "(mc.company_id = cn.id)",             
                       "Shared Hit Blocks": 6,                              
                       "Shared Read Blocks": 21778,                         
                       "Shared Dirtied Blocks": 0,                          
                       "Shared Written Blocks": 0,                          
                       "Local Hit Blocks": 0,                               
                       "Local Read Blocks": 0,                              
                       "Local Dirtied Blocks": 0,                           
                       "Local Written Blocks": 0,                           
                       "Temp Read Blocks": 0,                               
                       "Temp Written Blocks": 0,                            
                       "Plans": [                                           
                         {                                                  
                           "Node Type": "Sort",                             
                           "Parent Relationship": "Outer",                  
                           "Parallel Aware": false,                         
                           "Startup Cost": 18626.73,                        
                           "Total Cost": 18829.30,                          
                           "Plan Rows": 2609129,                            
                           "Plan Width": 8,                                 
                           "Actual Startup Time": 2487.146,                 
                           "Actual Total Time": 2813.506,                   
                           "Actual Rows": 2609129,                          
                           "Actual Loops": 1,                               
                           "Sort Key": ["mc.company_id"],                   
                           "Sort Method": "quicksort",                      
                           "Sort Space Used": 220607,                       
                           "Sort Space Type": "Memory",                     
                           "Shared Hit Blocks": 4,                          
                           "Shared Read Blocks": 18786,                     
                           "Shared Dirtied Blocks": 0,                      
                           "Shared Written Blocks": 0,                      
                           "Local Hit Blocks": 0,                           
                           "Local Read Blocks": 0,                          
                           "Local Dirtied Blocks": 0,                       
                           "Local Written Blocks": 0,                       
                           "Temp Read Blocks": 0,                           
                           "Temp Written Blocks": 0,                        
                           "Plans": [                                       
                             {                                              
                               "Node Type": "Merge Join",                   
                               "Parent Relationship": "Outer",              
                               "Parallel Aware": false,                     
                               "Join Type": "Inner",                        
                               "Startup Cost": 9405.49,                     
                               "Total Cost": 9991.03,                       
                               "Plan Rows": 2609129,                        
                               "Plan Width": 8,                             
                               "Actual Startup Time": 1079.091,             
                               "Actual Total Time": 1665.908,               
                               "Actual Rows": 2609129,                      
                               "Actual Loops": 1,                           
                               "Inner Unique": false,                       
                               "Merge Cond": "(ct.id = mc.company_type_id)",
                               "Shared Hit Blocks": 4,                      
                               "Shared Read Blocks": 18786,                 
                               "Shared Dirtied Blocks": 0,                  
                               "Shared Written Blocks": 0,                  
                               "Local Hit Blocks": 0,                       
                               "Local Read Blocks": 0,                      
                               "Local Dirtied Blocks": 0,                   
                               "Local Written Blocks": 0,                   
                               "Temp Read Blocks": 0,                       
                               "Temp Written Blocks": 0,                    
                               "Plans": [                                   
                                 {                                          
                                   "Node Type": "Sort",                     
                                   "Parent Relationship": "Outer",          
                                   "Parallel Aware": false,                 
                                   "Startup Cost": 0.03,                    
                                   "Total Cost": 0.03,                      
                                   "Plan Rows": 4,                          
                                   "Plan Width": 4,                         
                                   "Actual Startup Time": 0.019,            
                                   "Actual Total Time": 0.021,              
                                   "Actual Rows": 3,                        
                                   "Actual Loops": 1,                       
                                   "Sort Key": ["ct.id"],                   
                                   "Sort Method": "quicksort",              
                                   "Sort Space Used": 25,                   
                                   "Sort Space Type": "Memory",             
                                   "Shared Hit Blocks": 1,                  
                                   "Shared Read Blocks": 0,                 
                                   "Shared Dirtied Blocks": 0,              
                                   "Shared Written Blocks": 0,              
                                   "Local Hit Blocks": 0,                   
                                   "Local Read Blocks": 0,                  
                                   "Local Dirtied Blocks": 0,               
                                   "Local Written Blocks": 0,               
                                   "Temp Read Blocks": 0,                   
                                   "Temp Written Blocks": 0,                
                                   "Plans": [                               
                                     {                                      
                                       "Node Type": "Seq Scan",             
                                       "Parent Relationship": "Outer",      
                                       "Parallel Aware": false,             
                                       "Relation Name": "company_type",     
                                       "Alias": "ct",                       
                                       "Startup Cost": 0.00,                
                                       "Total Cost": 0.03,                  
                                       "Plan Rows": 4,                      
                                       "Plan Width": 4,                     
                                       "Actual Startup Time": 0.013,        
                                       "Actual Total Time": 0.015,          
                                       "Actual Rows": 4,                    
                                       "Actual Loops": 1,                   
                                       "Shared Hit Blocks": 1,              
                                       "Shared Read Blocks": 0,             
                                       "Shared Dirtied Blocks": 0,          
                                       "Shared Written Blocks": 0,          
                                       "Local Hit Blocks": 0,               
                                       "Local Read Blocks": 0,              
                                       "Local Dirtied Blocks": 0,           
                                       "Local Written Blocks": 0,           
                                       "Temp Read Blocks": 0,               
                                       "Temp Written Blocks": 0             
                                     }                                      
                                   ]                                        
                                 },                                         
                                 {                                          
                                   "Node Type": "Sort",                     
                                   "Parent Relationship": "Inner",          
                                   "Parallel Aware": false,                 
                                   "Startup Cost": 9405.45,                 
                                   "Total Cost": 9608.03,                   
                                   "Plan Rows": 2609129,                    
                                   "Plan Width": 12,                        
                                   "Actual Startup Time": 1079.064,         
                                   "Actual Total Time": 1204.339,           
                                   "Actual Rows": 2609129,                  
                                   "Actual Loops": 1,                       
                                   "Sort Key": ["mc.company_type_id"],      
                                   "Sort Method": "quicksort",              
                                   "Sort Space Used": 220607,               
                                   "Sort Space Type": "Memory",             
                                   "Shared Hit Blocks": 3,                  
                                   "Shared Read Blocks": 18786,             
                                   "Shared Dirtied Blocks": 0,              
                                   "Shared Written Blocks": 0,              
                                   "Local Hit Blocks": 0,                   
                                   "Local Read Blocks": 0,                  
                                   "Local Dirtied Blocks": 0,               
                                   "Local Written Blocks": 0,               
                                   "Temp Read Blocks": 0,                   
                                   "Temp Written Blocks": 0,                
                                   "Plans": [                               
                                     {                                      
                                       "Node Type": "Seq Scan",             
                                       "Parent Relationship": "Outer",      
                                       "Parallel Aware": false,             
                                       "Relation Name": "movie_companies",  
                                       "Alias": "mc",                       
                                       "Startup Cost": 0.00,                
                                       "Total Cost": 769.75,                
                                       "Plan Rows": 2609129,                
                                       "Plan Width": 12,                    
                                       "Actual Startup Time": 0.005,        
                                       "Actual Total Time": 545.305,        
                                       "Actual Rows": 2609129,              
                                       "Actual Loops": 1,                   
                                       "Shared Hit Blocks": 3,              
                                       "Shared Read Blocks": 18786,         
                                       "Shared Dirtied Blocks": 0,          
                                       "Shared Written Blocks": 0,          
                                       "Local Hit Blocks": 0,               
                                       "Local Read Blocks": 0,              
                                       "Local Dirtied Blocks": 0,           
                                       "Local Written Blocks": 0,           
                                       "Temp Read Blocks": 0,               
                                       "Temp Written Blocks": 0             
                                     }                                      
                                   ]                                        
                                 }                                          
                               ]                                            
                             }                                              
                           ]                                                
                         },                                                 
                         {                                                  
                           "Node Type": "Sort",                             
                           "Parent Relationship": "Inner",                  
                           "Parallel Aware": false,                         
                           "Startup Cost": 761.23,                          
                           "Total Cost": 779.47,                            
                           "Plan Rows": 234997,                             
                           "Plan Width": 4,                                 
                           "Actual Startup Time": 192.529,                  
                           "Actual Total Time": 226.577,                    
                           "Actual Rows": 234997,                           
                           "Actual Loops": 1,                               
                           "Sort Key": ["cn.id"],                           
                           "Sort Method": "quicksort",                      
                           "Sort Space Used": 17160,                        
                           "Sort Space Type": "Memory",                     
                           "Shared Hit Blocks": 2,                          
                           "Shared Read Blocks": 2992,                      
                           "Shared Dirtied Blocks": 0,                      
                           "Shared Written Blocks": 0,                      
                           "Local Hit Blocks": 0,                           
                           "Local Read Blocks": 0,                          
                           "Local Dirtied Blocks": 0,                       
                           "Local Written Blocks": 0,                       
                           "Temp Read Blocks": 0,                           
                           "Temp Written Blocks": 0,                        
                           "Plans": [                                       
                             {                                              
                               "Node Type": "Seq Scan",                     
                               "Parent Relationship": "Outer",              
                               "Parallel Aware": false,                     
                               "Relation Name": "company_name",             
                               "Alias": "cn",                               
                               "Startup Cost": 0.00,                        
                               "Total Cost": 110.16,                        
                               "Plan Rows": 234997,                         
                               "Plan Width": 4,                             
                               "Actual Startup Time": 9.211,                
                               "Actual Total Time": 92.872,                 
                               "Actual Rows": 234997,                       
                               "Actual Loops": 1,                           
                               "Shared Hit Blocks": 2,                      
                               "Shared Read Blocks": 2992,                  
                               "Shared Dirtied Blocks": 0,                  
                               "Shared Written Blocks": 0,                  
                               "Local Hit Blocks": 0,                       
                               "Local Read Blocks": 0,                      
                               "Local Dirtied Blocks": 0,                   
                               "Local Written Blocks": 0,                   
                               "Temp Read Blocks": 0,                       
                               "Temp Written Blocks": 0                     
                             }                                              
                           ]                                                
                         }                                                  
                       ]                                                    
                     }                                                      
                   ]                                                        
                 }                                                          
               ]                                                            
             },                                                             
             {                                                              
               "Node Type": "Sort",                                         
               "Parent Relationship": "Inner",                              
               "Parallel Aware": false,                                     
               "Startup Cost": 119192.71,                                   
               "Total Cost": 120344.55,                                     
               "Plan Rows": 14835720,                                       
               "Plan Width": 46,                                            
               "Actual Startup Time": 18751.706,                            
               "Actual Total Time": 27686.058,                              
               "Actual Rows": 185777409,                                    
               "Actual Loops": 1,                                           
               "Sort Key": ["mi.movie_id"],                                 
               "Sort Method": "quicksort",                                  
               "Sort Space Used": 1912587,                                  
               "Sort Space Type": "Memory",                                 
               "Shared Hit Blocks": 3,                                      
               "Shared Read Blocks": 161890,                                
               "Shared Dirtied Blocks": 0,                                  
               "Shared Written Blocks": 0,                                  
               "Local Hit Blocks": 0,                                       
               "Local Read Blocks": 0,                                      
               "Local Dirtied Blocks": 0,                                   
               "Local Written Blocks": 0,                                   
               "Temp Read Blocks": 0,                                       
               "Temp Written Blocks": 0,                                    
               "Plans": [                                                   
                 {                                                          
                   "Node Type": "Merge Join",                               
                   "Parent Relationship": "Outer",                          
                   "Parallel Aware": false,                                 
                   "Join Type": "Inner",                                    
                   "Startup Cost": 60983.62,                                
                   "Total Cost": 64313.09,                                  
                   "Plan Rows": 14835720,                                   
                   "Plan Width": 46,                                        
                   "Actual Startup Time": 9390.563,                         
                   "Actual Total Time": 12928.389,                          
                   "Actual Rows": 14835720,                                 
                   "Actual Loops": 1,                                       
                   "Inner Unique": false,                                   
                   "Merge Cond": "(it2.id = mi.info_type_id)",              
                   "Shared Hit Blocks": 3,                                  
                   "Shared Read Blocks": 161890,                            
                   "Shared Dirtied Blocks": 0,                              
                   "Shared Written Blocks": 0,                              
                   "Local Hit Blocks": 0,                                   
                   "Local Read Blocks": 0,                                  
                   "Local Dirtied Blocks": 0,                               
                   "Local Written Blocks": 0,                               
                   "Temp Read Blocks": 0,                                   
                   "Temp Written Blocks": 0,                                
                   "Plans": [                                               
                     {                                                      
                       "Node Type": "Sort",                                 
                       "Parent Relationship": "Outer",                      
                       "Parallel Aware": false,                             
                       "Startup Cost": 0.16,                                
                       "Total Cost": 0.17,                                  
                       "Plan Rows": 113,                                    
                       "Plan Width": 4,                                     
                       "Actual Startup Time": 0.046,                        
                       "Actual Total Time": 0.077,                          
                       "Actual Rows": 111,                                  
                       "Actual Loops": 1,                                   
                       "Sort Key": ["it2.id"],                              
                       "Sort Method": "quicksort",                          
                       "Sort Space Used": 30,                               
                       "Sort Space Type": "Memory",                         
                       "Shared Hit Blocks": 1,                              
                       "Shared Read Blocks": 0,                             
                       "Shared Dirtied Blocks": 0,                          
                       "Shared Written Blocks": 0,                          
                       "Local Hit Blocks": 0,                               
                       "Local Read Blocks": 0,                              
                       "Local Dirtied Blocks": 0,                           
                       "Local Written Blocks": 0,                           
                       "Temp Read Blocks": 0,                               
                       "Temp Written Blocks": 0,                            
                       "Plans": [                                           
                         {                                                  
                           "Node Type": "Seq Scan",                         
                           "Parent Relationship": "Outer",                  
                           "Parallel Aware": false,                         
                           "Relation Name": "info_type",                    
                           "Alias": "it2",                                  
                           "Startup Cost": 0.00,                            
                           "Total Cost": 0.04,                              
                           "Plan Rows": 113,                                
                           "Plan Width": 4,                                 
                           "Actual Startup Time": 0.014,                    
                           "Actual Total Time": 0.027,                      
                           "Actual Rows": 113,                              
                           "Actual Loops": 1,                               
                           "Shared Hit Blocks": 1,                          
                           "Shared Read Blocks": 0,                         
                           "Shared Dirtied Blocks": 0,                      
                           "Shared Written Blocks": 0,                      
                           "Local Hit Blocks": 0,                           
                           "Local Read Blocks": 0,                          
                           "Local Dirtied Blocks": 0,                       
                           "Local Written Blocks": 0,                       
                           "Temp Read Blocks": 0,                           
                           "Temp Written Blocks": 0                         
                         }                                                  
                       ]                                                    
                     },                                                     
                     {                                                      
                       "Node Type": "Sort",                                 
                       "Parent Relationship": "Inner",                      
                       "Parallel Aware": false,                             
                       "Startup Cost": 60983.46,                            
                       "Total Cost": 62135.30,                              
                       "Plan Rows": 14835720,                               
                       "Plan Width": 50,                                    
                       "Actual Startup Time": 9390.508,                     
                       "Actual Total Time": 10186.181,                      
                       "Actual Rows": 14835720,                             
                       "Actual Loops": 1,                                   
                       "Sort Key": ["mi.info_type_id"],                     
                       "Sort Method": "quicksort",                          
                       "Sort Space Used": 1986756,                          
                       "Sort Space Type": "Memory",                         
                       "Shared Hit Blocks": 2,                              
                       "Shared Read Blocks": 161890,                        
                       "Shared Dirtied Blocks": 0,                          
                       "Shared Written Blocks": 0,                          
                       "Local Hit Blocks": 0,                               
                       "Local Read Blocks": 0,                              
                       "Local Dirtied Blocks": 0,                           
                       "Local Written Blocks": 0,                           
                       "Temp Read Blocks": 0,                               
                       "Temp Written Blocks": 0,                            
                       "Plans": [                                           
                         {                                                  
                           "Node Type": "Seq Scan",                         
                           "Parent Relationship": "Outer",                  
                           "Parallel Aware": false,                         
                           "Relation Name": "movie_info",                   
                           "Alias": "mi",                                   
                           "Startup Cost": 0.00,                            
                           "Total Cost": 6103.84,                           
                           "Plan Rows": 14835720,                           
                           "Plan Width": 50,                                
                           "Actual Startup Time": 14.956,                   
                           "Actual Total Time": 4867.901,                   
                           "Actual Rows": 14835720,                         
                           "Actual Loops": 1,                               
                           "Shared Hit Blocks": 2,                          
                           "Shared Read Blocks": 161890,                    
                           "Shared Dirtied Blocks": 0,                      
                           "Shared Written Blocks": 0,                      
                           "Local Hit Blocks": 0,                           
                           "Local Read Blocks": 0,                          
                           "Local Dirtied Blocks": 0,                       
                           "Local Written Blocks": 0,                       
                           "Temp Read Blocks": 0,                           
                           "Temp Written Blocks": 0                         
                         }                                                  
                       ]                                                    
                     }                                                      
                   ]                                                        
                 }                                                          
               ]                                                            
             }                                                              
           ]                                                                
         }                                                                  
       ]                                                                    
     },                                                                     
     "Planning Time": 5141.131,                                             
     "Triggers": [                                                          
     ],                                                                     
     "Execution Time": 135216.209                                           
