     "Plan": {                                                              
       "Node Type": "Aggregate",                                            
       "Strategy": "Plain",                                                 
       "Partial Mode": "Simple",                                            
       "Parallel Aware": false,                                             
       "Startup Cost": 192715.63,                                           
       "Total Cost": 192715.63,                                             
       "Plan Rows": 1,                                                      
       "Plan Width": 96,                                                    
       "Actual Startup Time": 130887.380,                                   
       "Actual Total Time": 130887.380,                                     
       "Actual Rows": 1,                                                    
       "Actual Loops": 1,                                                   
       "Shared Hit Blocks": 18,                                             
       "Shared Read Blocks": 228116,                                        
       "Shared Dirtied Blocks": 0,                                          
       "Shared Written Blocks": 0,                                          
       "Local Hit Blocks": 0,                                               
       "Local Read Blocks": 0,                                              
       "Local Dirtied Blocks": 0,                                           
       "Local Written Blocks": 0,                                           
       "Temp Read Blocks": 0,                                               
       "Temp Written Blocks": 0,                                            
       "Plans": [                                                           
         {                                                                  
           "Node Type": "Merge Join",                                       
           "Parent Relationship": "Outer",                                  
           "Parallel Aware": false,                                         
           "Join Type": "Inner",                                            
           "Startup Cost": 175822.51,                                       
           "Total Cost": 181775.75,                                         
           "Plan Rows": 46968578,                                           
           "Plan Width": 42,                                                
           "Actual Startup Time": 27007.724,                                
           "Actual Total Time": 71089.980,                                  
           "Actual Rows": 177388547,                                        
           "Actual Loops": 1,                                               
           "Inner Unique": false,                                           
           "Merge Cond": "(t.id = mi.movie_id)",                            
           "Shared Hit Blocks": 18,                                         
           "Shared Read Blocks": 228116,                                    
           "Shared Dirtied Blocks": 0,                                      
           "Shared Written Blocks": 0,                                      
           "Local Hit Blocks": 0,                                           
           "Local Read Blocks": 0,                                          
           "Local Dirtied Blocks": 0,                                       
           "Local Written Blocks": 0,                                       
           "Temp Read Blocks": 0,                                           
           "Temp Written Blocks": 0,                                        
           "Plans": [                                                       
             {                                                              
               "Node Type": "Merge Join",                                   
               "Parent Relationship": "Outer",                              
               "Parallel Aware": false,                                     
               "Join Type": "Inner",                                        
               "Startup Cost": 56629.80,                                    
               "Total Cost": 57941.65,                                      
               "Plan Rows": 3329177,                                        
               "Plan Width": 54,                                            
               "Actual Startup Time": 9724.805,                             
               "Actual Total Time": 13089.319,                              
               "Actual Rows": 4073078,                                      
               "Actual Loops": 1,                                           
               "Inner Unique": false,                                       
               "Merge Cond": "(t.id = mc.movie_id)",                        
               "Shared Hit Blocks": 15,                                     
               "Shared Read Blocks": 66226,                                 
               "Shared Dirtied Blocks": 0,                                  
               "Shared Written Blocks": 0,                                  
               "Local Hit Blocks": 0,                                       
               "Local Read Blocks": 0,                                      
               "Local Dirtied Blocks": 0,                                   
               "Local Written Blocks": 0,                                   
               "Temp Read Blocks": 0,                                       
               "Temp Written Blocks": 0,                                    
               "Plans": [                                                   
                 {                                                          
                   "Node Type": "Merge Join",                               
                   "Parent Relationship": "Outer",                          
                   "Parallel Aware": false,                                 
                   "Join Type": "Inner",                                    
                   "Startup Cost": 27984.11,                                
                   "Total Cost": 28686.02,                                  
                   "Plan Rows": 1380035,                                    
                   "Plan Width": 31,                                        
                   "Actual Startup Time": 4986.755,                         
                   "Actual Total Time": 6501.439,                           
                   "Actual Rows": 1380012,                                  
                   "Actual Loops": 1,                                       
                   "Inner Unique": false,                                   
                   "Merge Cond": "(miidx.movie_id = t.id)",                 
                   "Shared Hit Blocks": 9,                                  
                   "Shared Read Blocks": 44448,                             
                   "Shared Dirtied Blocks": 0,                              
                   "Shared Written Blocks": 0,                              
                   "Local Hit Blocks": 0,                                   
                   "Local Read Blocks": 0,                                  
                   "Local Dirtied Blocks": 0,                               
                   "Local Written Blocks": 0,                               
                   "Temp Read Blocks": 0,                                   
                   "Temp Written Blocks": 0,                                
                   "Plans": [                                               
                     {                                                      
                       "Node Type": "Sort",                                 
                       "Parent Relationship": "Outer",                      
                       "Parallel Aware": false,                             
                       "Startup Cost": 9411.92,                             
                       "Total Cost": 9519.07,                               
                       "Plan Rows": 1380035,                                
                       "Plan Width": 10,                                    
                       "Actual Startup Time": 1480.222,                     
                       "Actual Total Time": 1647.088,                       
                       "Actual Rows": 1380012,                              
                       "Actual Loops": 1,                                   
                       "Sort Key": ["miidx.movie_id"],                      
                       "Sort Method": "quicksort",                          
                       "Sort Space Used": 113842,                           
                       "Sort Space Type": "Memory",                         
                       "Shared Hit Blocks": 7,                              
                       "Shared Read Blocks": 8451,                          
                       "Shared Dirtied Blocks": 0,                          
                       "Shared Written Blocks": 0,                          
                       "Local Hit Blocks": 0,                               
                       "Local Read Blocks": 0,                              
                       "Local Dirtied Blocks": 0,                           
                       "Local Written Blocks": 0,                           
                       "Temp Read Blocks": 0,                               
                       "Temp Written Blocks": 0,                            
                       "Plans": [                                           
                         {                                                  
                           "Node Type": "Merge Join",                       
                           "Parent Relationship": "Outer",                  
                           "Parallel Aware": false,                         
                           "Join Type": "Inner",                            
                           "Startup Cost": 4731.48,                         
                           "Total Cost": 5041.19,                           
                           "Plan Rows": 1380035,                            
                           "Plan Width": 10,                                
                           "Actual Startup Time": 639.224,                  
                           "Actual Total Time": 962.734,                    
                           "Actual Rows": 1380035,                          
                           "Actual Loops": 1,                               
                           "Inner Unique": false,                           
                           "Merge Cond": "(it.id = miidx.info_type_id)",    
                           "Shared Hit Blocks": 3,                          
                           "Shared Read Blocks": 8451,                      
                           "Shared Dirtied Blocks": 0,                      
                           "Shared Written Blocks": 0,                      
                           "Local Hit Blocks": 0,                           
                           "Local Read Blocks": 0,                          
                           "Local Dirtied Blocks": 0,                       
                           "Local Written Blocks": 0,                       
                           "Temp Read Blocks": 0,                           
                           "Temp Written Blocks": 0,                        
                           "Plans": [                                       
                             {                                              
                               "Node Type": "Sort",                         
                               "Parent Relationship": "Outer",              
                               "Parallel Aware": false,                     
                               "Startup Cost": 0.16,                        
                               "Total Cost": 0.17,                          
                               "Plan Rows": 113,                            
                               "Plan Width": 4,                             
                               "Actual Startup Time": 0.044,                
                               "Actual Total Time": 0.051,                  
                               "Actual Rows": 113,                          
                               "Actual Loops": 1,                           
                               "Sort Key": ["it.id"],                       
                               "Sort Method": "quicksort",                  
                               "Sort Space Used": 30,                       
                               "Sort Space Type": "Memory",                 
                               "Shared Hit Blocks": 1,                      
                               "Shared Read Blocks": 0,                     
                               "Shared Dirtied Blocks": 0,                  
                               "Shared Written Blocks": 0,                  
                               "Local Hit Blocks": 0,                       
                               "Local Read Blocks": 0,                      
                               "Local Dirtied Blocks": 0,                   
                               "Local Written Blocks": 0,                   
                               "Temp Read Blocks": 0,                       
                               "Temp Written Blocks": 0,                    
                               "Plans": [                                   
                                 {                                          
                                   "Node Type": "Seq Scan",                 
                                   "Parent Relationship": "Outer",          
                                   "Parallel Aware": false,                 
                                   "Relation Name": "info_type",            
                                   "Alias": "it",                           
                                   "Startup Cost": 0.00,                    
                                   "Total Cost": 0.04,                      
                                   "Plan Rows": 113,                        
                                   "Plan Width": 4,                         
                                   "Actual Startup Time": 0.006,            
                                   "Actual Total Time": 0.019,              
                                   "Actual Rows": 113,                      
                                   "Actual Loops": 1,                       
                                   "Shared Hit Blocks": 1,                  
                                   "Shared Read Blocks": 0,                 
                                   "Shared Dirtied Blocks": 0,              
                                   "Shared Written Blocks": 0,              
                                   "Local Hit Blocks": 0,                   
                                   "Local Read Blocks": 0,                  
                                   "Local Dirtied Blocks": 0,               
                                   "Local Written Blocks": 0,               
                                   "Temp Read Blocks": 0,                   
                                   "Temp Written Blocks": 0                 
                                 }                                          
                               ]                                            
                             },                                             
                             {                                              
                               "Node Type": "Sort",                         
                               "Parent Relationship": "Inner",              
                               "Parallel Aware": false,                     
                               "Startup Cost": 4731.30,                     
                               "Total Cost": 4838.45,                       
                               "Plan Rows": 1380035,                        
                               "Plan Width": 14,                            
                               "Actual Startup Time": 639.157,              
                               "Actual Total Time": 716.586,                
                               "Actual Rows": 1380035,                      
                               "Actual Loops": 1,                           
                               "Sort Key": ["miidx.info_type_id"],          
                               "Sort Method": "quicksort",                  
                               "Sort Space Used": 128214,                   
                               "Sort Space Type": "Memory",                 
                               "Shared Hit Blocks": 2,                      
                               "Shared Read Blocks": 8451,                  
                               "Shared Dirtied Blocks": 0,                  
                               "Shared Written Blocks": 0,                  
                               "Local Hit Blocks": 0,                       
                               "Local Read Blocks": 0,                      
                               "Local Dirtied Blocks": 0,                   
                               "Local Written Blocks": 0,                   
                               "Temp Read Blocks": 0,                       
                               "Temp Written Blocks": 0,                    
                               "Plans": [                                   
                                 {                                          
                                   "Node Type": "Seq Scan",                 
                                   "Parent Relationship": "Outer",          
                                   "Parallel Aware": false,                 
                                   "Relation Name": "movie_info_idx",       
                                   "Alias": "miidx",                        
                                   "Startup Cost": 0.00,                    
                                   "Total Cost": 360.56,                    
                                   "Plan Rows": 1380035,                    
                                   "Plan Width": 14,                        
                                   "Actual Startup Time": 0.005,            
                                   "Actual Total Time": 304.237,            
                                   "Actual Rows": 1380035,                  
                                   "Actual Loops": 1,                       
                                   "Shared Hit Blocks": 2,                  
                                   "Shared Read Blocks": 8451,              
                                   "Shared Dirtied Blocks": 0,              
                                   "Shared Written Blocks": 0,              
                                   "Local Hit Blocks": 0,                   
                                   "Local Read Blocks": 0,                  
                                   "Local Dirtied Blocks": 0,               
                                   "Local Written Blocks": 0,               
                                   "Temp Read Blocks": 0,                   
                                   "Temp Written Blocks": 0                 
                                 }                                          
                               ]                                            
                             }                                              
                           ]                                                
                         }                                                  
                       ]                                                    
                     },                                                     
                     {                                                      
                       "Node Type": "Sort",                                 
                       "Parent Relationship": "Inner",                      
                       "Parallel Aware": false,                             
                       "Startup Cost": 18572.18,                            
                       "Total Cost": 18768.48,                              
                       "Plan Rows": 2528312,                                
                       "Plan Width": 21,                                    
                       "Actual Startup Time": 3506.521,                     
                       "Actual Total Time": 3913.574,                       
                       "Actual Rows": 3445851,                              
                       "Actual Loops": 1,                                   
                       "Sort Key": ["t.id"],                                
                       "Sort Method": "quicksort",                          
                       "Sort Space Used": 275055,                           
                       "Sort Space Type": "Memory",                         
                       "Shared Hit Blocks": 2,                              
                       "Shared Read Blocks": 35997,                         
                       "Shared Dirtied Blocks": 0,                          
                       "Shared Written Blocks": 0,                          
                       "Local Hit Blocks": 0,                               
                       "Local Read Blocks": 0,                              
                       "Local Dirtied Blocks": 0,                           
                       "Local Written Blocks": 0,                           
                       "Temp Read Blocks": 0,                               
                       "Temp Written Blocks": 0,                            
                       "Plans": [                                           
                         {                                                  
                           "Node Type": "Merge Join",                       
                           "Parent Relationship": "Outer",                  
                           "Parallel Aware": false,                         
                           "Join Type": "Inner",                            
                           "Startup Cost": 9654.39,                         
                           "Total Cost": 10221.79,                          
                           "Plan Rows": 2528312,                            
                           "Plan Width": 21,                                
                           "Actual Startup Time": 1789.284,                 
                           "Actual Total Time": 2401.427,                   
                           "Actual Rows": 2528312,                          
                           "Actual Loops": 1,                               
                           "Inner Unique": false,                           
                           "Merge Cond": "(kt.id = t.kind_id)",             
                           "Shared Hit Blocks": 2,                          
                           "Shared Read Blocks": 35997,                     
                           "Shared Dirtied Blocks": 0,                      
                           "Shared Written Blocks": 0,                      
                           "Local Hit Blocks": 0,                           
                           "Local Read Blocks": 0,                          
                           "Local Dirtied Blocks": 0,                       
                           "Local Written Blocks": 0,                       
                           "Temp Read Blocks": 0,                           
                           "Temp Written Blocks": 0,                        
                           "Plans": [                                       
                             {                                              
                               "Node Type": "Sort",                         
                               "Parent Relationship": "Outer",              
                               "Parallel Aware": false,                     
                               "Startup Cost": 0.03,                        
                               "Total Cost": 0.04,                          
                               "Plan Rows": 7,                              
                               "Plan Width": 4,                             
                               "Actual Startup Time": 0.020,                
                               "Actual Total Time": 0.023,                  
                               "Actual Rows": 7,                            
                               "Actual Loops": 1,                           
                               "Sort Key": ["kt.id"],                       
                               "Sort Method": "quicksort",                  
                               "Sort Space Used": 25,                       
                               "Sort Space Type": "Memory",                 
                               "Shared Hit Blocks": 1,                      
                               "Shared Read Blocks": 0,                     
                               "Shared Dirtied Blocks": 0,                  
                               "Shared Written Blocks": 0,                  
                               "Local Hit Blocks": 0,                       
                               "Local Read Blocks": 0,                      
                               "Local Dirtied Blocks": 0,                   
                               "Local Written Blocks": 0,                   
                               "Temp Read Blocks": 0,                       
                               "Temp Written Blocks": 0,                    
                               "Plans": [                                   
                                 {                                          
                                   "Node Type": "Seq Scan",                 
                                   "Parent Relationship": "Outer",          
                                   "Parallel Aware": false,                 
                                   "Relation Name": "kind_type",            
                                   "Alias": "kt",                           
                                   "Startup Cost": 0.00,                    
                                   "Total Cost": 0.03,                      
                                   "Plan Rows": 7,                          
                                   "Plan Width": 4,                         
                                   "Actual Startup Time": 0.013,            
                                   "Actual Total Time": 0.014,              
                                   "Actual Rows": 7,                        
                                   "Actual Loops": 1,                       
                                   "Shared Hit Blocks": 1,                  
                                   "Shared Read Blocks": 0,                 
                                   "Shared Dirtied Blocks": 0,              
                                   "Shared Written Blocks": 0,              
                                   "Local Hit Blocks": 0,                   
                                   "Local Read Blocks": 0,                  
                                   "Local Dirtied Blocks": 0,               
                                   "Local Written Blocks": 0,               
                                   "Temp Read Blocks": 0,                   
                                   "Temp Written Blocks": 0                 
                                 }                                          
                               ]                                            
                             },                                             
                             {                                              
                               "Node Type": "Sort",                         
                               "Parent Relationship": "Inner",              
                               "Parallel Aware": false,                     
                               "Startup Cost": 9654.35,                     
                               "Total Cost": 9850.65,                       
                               "Plan Rows": 2528312,                        
                               "Plan Width": 25,                            
                               "Actual Startup Time": 1789.256,             
                               "Actual Total Time": 1935.423,               
                               "Actual Rows": 2528312,                      
                               "Actual Loops": 1,                           
                               "Sort Key": ["t.kind_id"],                   
                               "Sort Method": "quicksort",                  
                               "Sort Space Used": 290000,                   
                               "Sort Space Type": "Memory",                 
                               "Shared Hit Blocks": 1,                      
                               "Shared Read Blocks": 35997,                 
                               "Shared Dirtied Blocks": 0,                  
                               "Shared Written Blocks": 0,                  
                               "Local Hit Blocks": 0,                       
                               "Local Read Blocks": 0,                      
                               "Local Dirtied Blocks": 0,                   
                               "Local Written Blocks": 0,                   
                               "Temp Read Blocks": 0,                       
                               "Temp Written Blocks": 0,                    
                               "Plans": [                                   
                                 {                                          
                                   "Node Type": "Seq Scan",                 
                                   "Parent Relationship": "Outer",          
                                   "Parallel Aware": false,                 
                                   "Relation Name": "title",                
                                   "Alias": "t",                            
                                   "Startup Cost": 0.00,                    
                                   "Total Cost": 1303.96,                   
                                   "Plan Rows": 2528312,                    
                                   "Plan Width": 25,                        
                                   "Actual Startup Time": 22.726,           
                                   "Actual Total Time": 979.574,            
                                   "Actual Rows": 2528312,                  
                                   "Actual Loops": 1,                       
                                   "Shared Hit Blocks": 1,                  
                                   "Shared Read Blocks": 35997,             
                                   "Shared Dirtied Blocks": 0,              
                                   "Shared Written Blocks": 0,              
                                   "Local Hit Blocks": 0,                   
                                   "Local Read Blocks": 0,                  
                                   "Local Dirtied Blocks": 0,               
                                   "Local Written Blocks": 0,               
                                   "Temp Read Blocks": 0,                   
                                   "Temp Written Blocks": 0                 
                                 }                                          
                               ]                                            
                             }                                              
                           ]                                                
                         }                                                  
                       ]                                                    
                     }                                                      
                   ]                                                        
                 },                                                         
                 {                                                          
                   "Node Type": "Sort",                                     
                   "Parent Relationship": "Inner",                          
                   "Parallel Aware": false,                                 
                   "Startup Cost": 28645.69,                                
                   "Total Cost": 28848.27,                                  
                   "Plan Rows": 2609129,                                    
                   "Plan Width": 23,                                        
                   "Actual Startup Time": 4738.042,                         
                   "Actual Total Time": 5229.017,                           
                   "Actual Rows": 5327324,                                  
                   "Actual Loops": 1,                                       
                   "Sort Key": ["mc.movie_id"],                             
                   "Sort Method": "quicksort",                              
                   "Sort Space Used": 288417,                               
                   "Sort Space Type": "Memory",                             
                   "Shared Hit Blocks": 6,                                  
                   "Shared Read Blocks": 21778,                             
                   "Shared Dirtied Blocks": 0,                              
                   "Shared Written Blocks": 0,                              
                   "Local Hit Blocks": 0,                                   
                   "Local Read Blocks": 0,                                  
                   "Local Dirtied Blocks": 0,                               
                   "Local Written Blocks": 0,                               
                   "Temp Read Blocks": 0,                                   
                   "Temp Written Blocks": 0,                                
                   "Plans": [                                               
                     {                                                      
                       "Node Type": "Merge Join",                           
                       "Parent Relationship": "Outer",                      
                       "Parallel Aware": false,                             
                       "Join Type": "Inner",                                
                       "Startup Cost": 19387.96,                            
                       "Total Cost": 20009.99,                              
                       "Plan Rows": 2609129,                                
                       "Plan Width": 23,                                    
                       "Actual Startup Time": 2654.523,                     
                       "Actual Total Time": 3631.912,                       
                       "Actual Rows": 2609129,                              
                       "Actual Loops": 1,                                   
                       "Inner Unique": true,                                
                       "Merge Cond": "(mc.company_id = cn.id)",             
                       "Shared Hit Blocks": 6,                              
                       "Shared Read Blocks": 21778,                         
                       "Shared Dirtied Blocks": 0,                          
                       "Shared Written Blocks": 0,                          
                       "Local Hit Blocks": 0,                               
                       "Local Read Blocks": 0,                              
                       "Local Dirtied Blocks": 0,                           
                       "Local Written Blocks": 0,                           
                       "Temp Read Blocks": 0,                               
                       "Temp Written Blocks": 0,                            
                       "Plans": [                                           
                         {                                                  
                           "Node Type": "Sort",                             
                           "Parent Relationship": "Outer",                  
                           "Parallel Aware": false,                         
                           "Startup Cost": 18626.73,                        
                           "Total Cost": 18829.30,                          
                           "Plan Rows": 2609129,                            
                           "Plan Width": 8,                                 
                           "Actual Startup Time": 2461.805,                 
                           "Actual Total Time": 2786.212,                   
                           "Actual Rows": 2609129,                          
                           "Actual Loops": 1,                               
                           "Sort Key": ["mc.company_id"],                   
                           "Sort Method": "quicksort",                      
                           "Sort Space Used": 220607,                       
                           "Sort Space Type": "Memory",                     
                           "Shared Hit Blocks": 4,                          
                           "Shared Read Blocks": 18786,                     
                           "Shared Dirtied Blocks": 0,                      
                           "Shared Written Blocks": 0,                      
                           "Local Hit Blocks": 0,                           
                           "Local Read Blocks": 0,                          
                           "Local Dirtied Blocks": 0,                       
                           "Local Written Blocks": 0,                       
                           "Temp Read Blocks": 0,                           
                           "Temp Written Blocks": 0,                        
                           "Plans": [                                       
                             {                                              
                               "Node Type": "Merge Join",                   
                               "Parent Relationship": "Outer",              
                               "Parallel Aware": false,                     
                               "Join Type": "Inner",                        
                               "Startup Cost": 9405.49,                     
                               "Total Cost": 9991.03,                       
                               "Plan Rows": 2609129,                        
                               "Plan Width": 8,                             
                               "Actual Startup Time": 1052.586,             
                               "Actual Total Time": 1641.560,               
                               "Actual Rows": 2609129,                      
                               "Actual Loops": 1,                           
                               "Inner Unique": false,                       
                               "Merge Cond": "(ct.id = mc.company_type_id)",
                               "Shared Hit Blocks": 4,                      
                               "Shared Read Blocks": 18786,                 
                               "Shared Dirtied Blocks": 0,                  
                               "Shared Written Blocks": 0,                  
                               "Local Hit Blocks": 0,                       
                               "Local Read Blocks": 0,                      
                               "Local Dirtied Blocks": 0,                   
                               "Local Written Blocks": 0,                   
                               "Temp Read Blocks": 0,                       
                               "Temp Written Blocks": 0,                    
                               "Plans": [                                   
                                 {                                          
                                   "Node Type": "Sort",                     
                                   "Parent Relationship": "Outer",          
                                   "Parallel Aware": false,                 
                                   "Startup Cost": 0.03,                    
                                   "Total Cost": 0.03,                      
                                   "Plan Rows": 4,                          
                                   "Plan Width": 4,                         
                                   "Actual Startup Time": 0.018,            
                                   "Actual Total Time": 0.019,              
                                   "Actual Rows": 3,                        
                                   "Actual Loops": 1,                       
                                   "Sort Key": ["ct.id"],                   
                                   "Sort Method": "quicksort",              
                                   "Sort Space Used": 25,                   
                                   "Sort Space Type": "Memory",             
                                   "Shared Hit Blocks": 1,                  
                                   "Shared Read Blocks": 0,                 
                                   "Shared Dirtied Blocks": 0,              
                                   "Shared Written Blocks": 0,              
                                   "Local Hit Blocks": 0,                   
                                   "Local Read Blocks": 0,                  
                                   "Local Dirtied Blocks": 0,               
                                   "Local Written Blocks": 0,               
                                   "Temp Read Blocks": 0,                   
                                   "Temp Written Blocks": 0,                
                                   "Plans": [                               
                                     {                                      
                                       "Node Type": "Seq Scan",             
                                       "Parent Relationship": "Outer",      
                                       "Parallel Aware": false,             
                                       "Relation Name": "company_type",     
                                       "Alias": "ct",                       
                                       "Startup Cost": 0.00,                
                                       "Total Cost": 0.03,                  
                                       "Plan Rows": 4,                      
                                       "Plan Width": 4,                     
                                       "Actual Startup Time": 0.013,        
                                       "Actual Total Time": 0.014,          
                                       "Actual Rows": 4,                    
                                       "Actual Loops": 1,                   
                                       "Shared Hit Blocks": 1,              
                                       "Shared Read Blocks": 0,             
                                       "Shared Dirtied Blocks": 0,          
                                       "Shared Written Blocks": 0,          
                                       "Local Hit Blocks": 0,               
                                       "Local Read Blocks": 0,              
                                       "Local Dirtied Blocks": 0,           
                                       "Local Written Blocks": 0,           
                                       "Temp Read Blocks": 0,               
                                       "Temp Written Blocks": 0             
                                     }                                      
                                   ]                                        
                                 },                                         
                                 {                                          
                                   "Node Type": "Sort",                     
                                   "Parent Relationship": "Inner",          
                                   "Parallel Aware": false,                 
                                   "Startup Cost": 9405.45,                 
                                   "Total Cost": 9608.03,                   
                                   "Plan Rows": 2609129,                    
                                   "Plan Width": 12,                        
                                   "Actual Startup Time": 1052.562,         
                                   "Actual Total Time": 1173.118,           
                                   "Actual Rows": 2609129,                  
                                   "Actual Loops": 1,                       
                                   "Sort Key": ["mc.company_type_id"],      
                                   "Sort Method": "quicksort",              
                                   "Sort Space Used": 220607,               
                                   "Sort Space Type": "Memory",             
                                   "Shared Hit Blocks": 3,                  
                                   "Shared Read Blocks": 18786,             
                                   "Shared Dirtied Blocks": 0,              
                                   "Shared Written Blocks": 0,              
                                   "Local Hit Blocks": 0,                   
                                   "Local Read Blocks": 0,                  
                                   "Local Dirtied Blocks": 0,               
                                   "Local Written Blocks": 0,               
                                   "Temp Read Blocks": 0,                   
                                   "Temp Written Blocks": 0,                
                                   "Plans": [                               
                                     {                                      
                                       "Node Type": "Seq Scan",             
                                       "Parent Relationship": "Outer",      
                                       "Parallel Aware": false,             
                                       "Relation Name": "movie_companies",  
                                       "Alias": "mc",                       
                                       "Startup Cost": 0.00,                
                                       "Total Cost": 769.75,                
                                       "Plan Rows": 2609129,                
                                       "Plan Width": 12,                    
                                       "Actual Startup Time": 0.013,        
                                       "Actual Total Time": 543.350,        
                                       "Actual Rows": 2609129,              
                                       "Actual Loops": 1,                   
                                       "Shared Hit Blocks": 3,              
                                       "Shared Read Blocks": 18786,         
                                       "Shared Dirtied Blocks": 0,          
                                       "Shared Written Blocks": 0,          
                                       "Local Hit Blocks": 0,               
                                       "Local Read Blocks": 0,              
                                       "Local Dirtied Blocks": 0,           
                                       "Local Written Blocks": 0,           
                                       "Temp Read Blocks": 0,               
                                       "Temp Written Blocks": 0             
                                     }                                      
                                   ]                                        
                                 }                                          
                               ]                                            
                             }                                              
                           ]                                                
                         },                                                 
                         {                                                  
                           "Node Type": "Sort",                             
                           "Parent Relationship": "Inner",                  
                           "Parallel Aware": false,                         
                           "Startup Cost": 761.23,                          
                           "Total Cost": 779.47,                            
                           "Plan Rows": 234997,                             
                           "Plan Width": 23,                                
                           "Actual Startup Time": 192.709,                  
                           "Actual Total Time": 227.952,                    
                           "Actual Rows": 234997,                           
                           "Actual Loops": 1,                               
                           "Sort Key": ["cn.id"],                           
                           "Sort Method": "quicksort",                      
                           "Sort Space Used": 23201,                        
                           "Sort Space Type": "Memory",                     
                           "Shared Hit Blocks": 2,                          
                           "Shared Read Blocks": 2992,                      
                           "Shared Dirtied Blocks": 0,                      
                           "Shared Written Blocks": 0,                      
                           "Local Hit Blocks": 0,                           
                           "Local Read Blocks": 0,                          
                           "Local Dirtied Blocks": 0,                       
                           "Local Written Blocks": 0,                       
                           "Temp Read Blocks": 0,                           
                           "Temp Written Blocks": 0,                        
                           "Plans": [                                       
                             {                                              
                               "Node Type": "Seq Scan",                     
                               "Parent Relationship": "Outer",              
                               "Parallel Aware": false,                     
                               "Relation Name": "company_name",             
                               "Alias": "cn",                               
                               "Startup Cost": 0.00,                        
                               "Total Cost": 110.16,                        
                               "Plan Rows": 234997,                         
                               "Plan Width": 23,                            
                               "Actual Startup Time": 3.766,                
                               "Actual Total Time": 80.000,                 
                               "Actual Rows": 234997,                       
                               "Actual Loops": 1,                           
                               "Shared Hit Blocks": 2,                      
                               "Shared Read Blocks": 2992,                  
                               "Shared Dirtied Blocks": 0,                  
                               "Shared Written Blocks": 0,                  
                               "Local Hit Blocks": 0,                       
                               "Local Read Blocks": 0,                      
                               "Local Dirtied Blocks": 0,                   
                               "Local Written Blocks": 0,                   
                               "Temp Read Blocks": 0,                       
                               "Temp Written Blocks": 0                     
                             }                                              
                           ]                                                
                         }                                                  
                       ]                                                    
                     }                                                      
                   ]                                                        
                 }                                                          
               ]                                                            
             },                                                             
             {                                                              
               "Node Type": "Sort",                                         
               "Parent Relationship": "Inner",                              
               "Parallel Aware": false,                                     
               "Startup Cost": 119192.71,                                   
               "Total Cost": 120344.55,                                     
               "Plan Rows": 14835720,                                       
               "Plan Width": 4,                                             
               "Actual Startup Time": 17282.907,                            
               "Actual Total Time": 26306.680,                              
               "Actual Rows": 185777409,                                    
               "Actual Loops": 1,                                           
               "Sort Key": ["mi.movie_id"],                                 
               "Sort Method": "quicksort",                                  
               "Sort Space Used": 1088641,                                  
               "Sort Space Type": "Memory",                                 
               "Shared Hit Blocks": 3,                                      
               "Shared Read Blocks": 161890,                                
               "Shared Dirtied Blocks": 0,                                  
               "Shared Written Blocks": 0,                                  
               "Local Hit Blocks": 0,                                       
               "Local Read Blocks": 0,                                      
               "Local Dirtied Blocks": 0,                                   
               "Local Written Blocks": 0,                                   
               "Temp Read Blocks": 0,                                       
               "Temp Written Blocks": 0,                                    
               "Plans": [                                                   
                 {                                                          
                   "Node Type": "Merge Join",                               
                   "Parent Relationship": "Outer",                          
                   "Parallel Aware": false,                                 
                   "Join Type": "Inner",                                    
                   "Startup Cost": 60983.62,                                
                   "Total Cost": 64313.09,                                  
                   "Plan Rows": 14835720,                                   
                   "Plan Width": 4,                                         
                   "Actual Startup Time": 9217.558,                         
                   "Actual Total Time": 12348.281,                          
                   "Actual Rows": 14835720,                                 
                   "Actual Loops": 1,                                       
                   "Inner Unique": false,                                   
                   "Merge Cond": "(it2.id = mi.info_type_id)",              
                   "Shared Hit Blocks": 3,                                  
                   "Shared Read Blocks": 161890,                            
                   "Shared Dirtied Blocks": 0,                              
                   "Shared Written Blocks": 0,                              
                   "Local Hit Blocks": 0,                                   
                   "Local Read Blocks": 0,                                  
                   "Local Dirtied Blocks": 0,                               
                   "Local Written Blocks": 0,                               
                   "Temp Read Blocks": 0,                                   
                   "Temp Written Blocks": 0,                                
                   "Plans": [                                               
                     {                                                      
                       "Node Type": "Sort",                                 
                       "Parent Relationship": "Outer",                      
                       "Parallel Aware": false,                             
                       "Startup Cost": 0.16,                                
                       "Total Cost": 0.17,                                  
                       "Plan Rows": 113,                                    
                       "Plan Width": 4,                                     
                       "Actual Startup Time": 0.046,                        
                       "Actual Total Time": 0.069,                          
                       "Actual Rows": 111,                                  
                       "Actual Loops": 1,                                   
                       "Sort Key": ["it2.id"],                              
                       "Sort Method": "quicksort",                          
                       "Sort Space Used": 30,                               
                       "Sort Space Type": "Memory",                         
                       "Shared Hit Blocks": 1,                              
                       "Shared Read Blocks": 0,                             
                       "Shared Dirtied Blocks": 0,                          
                       "Shared Written Blocks": 0,                          
                       "Local Hit Blocks": 0,                               
                       "Local Read Blocks": 0,                              
                       "Local Dirtied Blocks": 0,                           
                       "Local Written Blocks": 0,                           
                       "Temp Read Blocks": 0,                               
                       "Temp Written Blocks": 0,                            
                       "Plans": [                                           
                         {                                                  
                           "Node Type": "Seq Scan",                         
                           "Parent Relationship": "Outer",                  
                           "Parallel Aware": false,                         
                           "Relation Name": "info_type",                    
                           "Alias": "it2",                                  
                           "Startup Cost": 0.00,                            
                           "Total Cost": 0.04,                              
                           "Plan Rows": 113,                                
                           "Plan Width": 4,                                 
                           "Actual Startup Time": 0.015,                    
                           "Actual Total Time": 0.028,                      
                           "Actual Rows": 113,                              
                           "Actual Loops": 1,                               
                           "Shared Hit Blocks": 1,                          
                           "Shared Read Blocks": 0,                         
                           "Shared Dirtied Blocks": 0,                      
                           "Shared Written Blocks": 0,                      
                           "Local Hit Blocks": 0,                           
                           "Local Read Blocks": 0,                          
                           "Local Dirtied Blocks": 0,                       
                           "Local Written Blocks": 0,                       
                           "Temp Read Blocks": 0,                           
                           "Temp Written Blocks": 0                         
                         }                                                  
                       ]                                                    
                     },                                                     
                     {                                                      
                       "Node Type": "Sort",                                 
                       "Parent Relationship": "Inner",                      
                       "Parallel Aware": false,                             
                       "Startup Cost": 60983.46,                            
                       "Total Cost": 62135.30,                              
                       "Plan Rows": 14835720,                               
                       "Plan Width": 8,                                     
                       "Actual Startup Time": 9217.506,                     
                       "Actual Total Time": 9943.300,                       
                       "Actual Rows": 14835720,                             
                       "Actual Loops": 1,                                   
                       "Sort Key": ["mi.info_type_id"],                     
                       "Sort Method": "quicksort",                          
                       "Sort Space Used": 1088641,                          
                       "Sort Space Type": "Memory",                         
                       "Shared Hit Blocks": 2,                              
                       "Shared Read Blocks": 161890,                        
                       "Shared Dirtied Blocks": 0,                          
                       "Shared Written Blocks": 0,                          
                       "Local Hit Blocks": 0,                               
                       "Local Read Blocks": 0,                              
                       "Local Dirtied Blocks": 0,                           
                       "Local Written Blocks": 0,                           
                       "Temp Read Blocks": 0,                               
                       "Temp Written Blocks": 0,                            
                       "Plans": [                                           
                         {                                                  
                           "Node Type": "Seq Scan",                         
                           "Parent Relationship": "Outer",                  
                           "Parallel Aware": false,                         
                           "Relation Name": "movie_info",                   
                           "Alias": "mi",                                   
                           "Startup Cost": 0.00,                            
                           "Total Cost": 6103.84,                           
                           "Plan Rows": 14835720,                           
                           "Plan Width": 8,                                 
                           "Actual Startup Time": 14.347,                   
                           "Actual Total Time": 5648.579,                   
                           "Actual Rows": 14835720,                         
                           "Actual Loops": 1,                               
                           "Shared Hit Blocks": 2,                          
                           "Shared Read Blocks": 161890,                    
                           "Shared Dirtied Blocks": 0,                      
                           "Shared Written Blocks": 0,                      
                           "Local Hit Blocks": 0,                           
                           "Local Read Blocks": 0,                          
                           "Local Dirtied Blocks": 0,                       
                           "Local Written Blocks": 0,                       
                           "Temp Read Blocks": 0,                           
                           "Temp Written Blocks": 0                         
                         }                                                  
                       ]                                                    
                     }                                                      
                   ]                                                        
                 }                                                          
               ]                                                            
             }                                                              
           ]                                                                
         }                                                                  
       ]                                                                    
     },                                                                     
     "Planning Time": 5046.246,                                             
     "Triggers": [                                                          
     ],                                                                     
     "Execution Time": 131004.359                                           
