     "Plan": {                                                                  
       "Node Type": "Aggregate",                                                
       "Strategy": "Plain",                                                     
       "Partial Mode": "Simple",                                                
       "Parallel Aware": false,                                                 
       "Startup Cost": 228599.96,                                               
       "Total Cost": 228599.96,                                                 
       "Plan Rows": 1,                                                          
       "Plan Width": 64,                                                        
       "Actual Startup Time": 9128384.750,                                      
       "Actual Total Time": 9128384.750,                                        
       "Actual Rows": 1,                                                        
       "Actual Loops": 1,                                                       
       "Shared Hit Blocks": 10947075,                                           
       "Shared Read Blocks": 251515,                                            
       "Shared Dirtied Blocks": 0,                                              
       "Shared Written Blocks": 0,                                              
       "Local Hit Blocks": 0,                                                   
       "Local Read Blocks": 0,                                                  
       "Local Dirtied Blocks": 0,                                               
       "Local Written Blocks": 0,                                               
       "Temp Read Blocks": 0,                                                   
       "Temp Written Blocks": 0,                                                
       "Plans": [                                                               
         {                                                                      
           "Node Type": "Merge Join",                                           
           "Parent Relationship": "Outer",                                      
           "Parallel Aware": false,                                             
           "Join Type": "Inner",                                                
           "Startup Cost": 179460.86,                                           
           "Total Cost": 189370.25,                                             
           "Plan Rows": 252639479,                                              
           "Plan Width": 59,                                                    
           "Actual Startup Time": 44585.671,                                    
           "Actual Total Time": 4968600.877,                                    
           "Actual Rows": 17017908467,                                          
           "Actual Loops": 1,                                                   
           "Inner Unique": false,                                               
           "Merge Cond": "(mk.movie_id = t.id)",                                
           "Shared Hit Blocks": 21,                                             
           "Shared Read Blocks": 251253,                                        
           "Shared Dirtied Blocks": 0,                                          
           "Shared Written Blocks": 0,                                          
           "Local Hit Blocks": 0,                                               
           "Local Read Blocks": 0,                                              
           "Local Dirtied Blocks": 0,                                           
           "Local Written Blocks": 0,                                           
           "Temp Read Blocks": 0,                                               
           "Temp Written Blocks": 0,                                            
           "Plans": [                                                           
             {                                                                  
               "Node Type": "Sort",                                             
               "Parent Relationship": "Outer",                                  
               "Parallel Aware": false,                                         
               "Startup Cost": 33572.02,                                        
               "Total Cost": 33923.26,                                          
               "Plan Rows": 4523930,                                            
               "Plan Width": 4,                                                 
               "Actual Startup Time": 5461.110,                                 
               "Actual Total Time": 6556.280,                                   
               "Actual Rows": 4523870,                                          
               "Actual Loops": 1,                                               
               "Sort Key": ["mk.movie_id"],                                     
               "Sort Method": "quicksort",                                      
               "Sort Space Used": 408668,                                       
               "Sort Space Type": "Memory",                                     
               "Shared Hit Blocks": 9,                                          
               "Shared Read Blocks": 25398,                                     
               "Shared Dirtied Blocks": 0,                                      
               "Shared Written Blocks": 0,                                      
               "Local Hit Blocks": 0,                                           
               "Local Read Blocks": 0,                                          
               "Local Dirtied Blocks": 0,                                       
               "Local Written Blocks": 0,                                       
               "Temp Read Blocks": 0,                                           
               "Temp Written Blocks": 0,                                        
               "Plans": [                                                       
                 {                                                              
                   "Node Type": "Merge Join",                                   
                   "Parent Relationship": "Outer",                              
                   "Parallel Aware": false,                                     
                   "Join Type": "Inner",                                        
                   "Startup Cost": 17004.84,                                    
                   "Total Cost": 18040.94,                                      
                   "Plan Rows": 4523930,                                        
                   "Plan Width": 4,                                             
                   "Actual Startup Time": 2303.701,                             
                   "Actual Total Time": 3871.483,                               
                   "Actual Rows": 4523930,                                      
                   "Actual Loops": 1,                                           
                   "Inner Unique": false,                                       
                   "Merge Cond": "(k.id = mk.keyword_id)",                      
                   "Shared Hit Blocks": 5,                                      
                   "Shared Read Blocks": 25398,                                 
                   "Shared Dirtied Blocks": 0,                                  
                   "Shared Written Blocks": 0,                                  
                   "Local Hit Blocks": 0,                                       
                   "Local Read Blocks": 0,                                      
                   "Local Dirtied Blocks": 0,                                   
                   "Local Written Blocks": 0,                                   
                   "Temp Read Blocks": 0,                                       
                   "Temp Written Blocks": 0,                                    
                   "Plans": [                                                   
                     {                                                          
                       "Node Type": "Sort",                                     
                       "Parent Relationship": "Outer",                          
                       "Parallel Aware": false,                                 
                       "Startup Cost": 393.92,                                  
                       "Total Cost": 404.34,                                    
                       "Plan Rows": 134170,                                     
                       "Plan Width": 4,                                         
                       "Actual Startup Time": 93.267,                           
                       "Actual Total Time": 112.887,                            
                       "Actual Rows": 134170,                                   
                       "Actual Loops": 1,                                       
                       "Sort Key": ["k.id"],                                    
                       "Sort Method": "quicksort",                              
                       "Sort Space Used": 12434,                                
                       "Sort Space Type": "Memory",                             
                       "Shared Hit Blocks": 2,                                  
                       "Shared Read Blocks": 947,                               
                       "Shared Dirtied Blocks": 0,                              
                       "Shared Written Blocks": 0,                              
                       "Local Hit Blocks": 0,                                   
                       "Local Read Blocks": 0,                                  
                       "Local Dirtied Blocks": 0,                               
                       "Local Written Blocks": 0,                               
                       "Temp Read Blocks": 0,                                   
                       "Temp Written Blocks": 0,                                
                       "Plans": [                                               
                         {                                                      
                           "Node Type": "Seq Scan",                             
                           "Parent Relationship": "Outer",                      
                           "Parallel Aware": false,                             
                           "Relation Name": "keyword",                          
                           "Alias": "k",                                        
                           "Startup Cost": 0.00,                                
                           "Total Cost": 39.04,                                 
                           "Plan Rows": 134170,                                 
                           "Plan Width": 4,                                     
                           "Actual Startup Time": 0.130,                        
                           "Actual Total Time": 36.241,                         
                           "Actual Rows": 134170,                               
                           "Actual Loops": 1,                                   
                           "Shared Hit Blocks": 2,                              
                           "Shared Read Blocks": 947,                           
                           "Shared Dirtied Blocks": 0,                          
                           "Shared Written Blocks": 0,                          
                           "Local Hit Blocks": 0,                               
                           "Local Read Blocks": 0,                              
                           "Local Dirtied Blocks": 0,                           
                           "Local Written Blocks": 0,                           
                           "Temp Read Blocks": 0,                               
                           "Temp Written Blocks": 0                             
                         }                                                      
                       ]                                                        
                     },                                                         
                     {                                                          
                       "Node Type": "Sort",                                     
                       "Parent Relationship": "Inner",                          
                       "Parallel Aware": false,                                 
                       "Startup Cost": 16610.92,                                
                       "Total Cost": 16962.16,                                  
                       "Plan Rows": 4523930,                                    
                       "Plan Width": 8,                                         
                       "Actual Startup Time": 2210.425,                         
                       "Actual Total Time": 2895.540,                           
                       "Actual Rows": 4523930,                                  
                       "Actual Loops": 1,                                       
                       "Sort Key": ["mk.keyword_id"],                           
                       "Sort Method": "quicksort",                              
                       "Sort Space Used": 408668,                               
                       "Sort Space Type": "Memory",                             
                       "Shared Hit Blocks": 3,                                  
                       "Shared Read Blocks": 24451,                             
                       "Shared Dirtied Blocks": 0,                              
                       "Shared Written Blocks": 0,                              
                       "Local Hit Blocks": 0,                                   
                       "Local Read Blocks": 0,                                  
                       "Local Dirtied Blocks": 0,                               
                       "Local Written Blocks": 0,                               
                       "Temp Read Blocks": 0,                                   
                       "Temp Written Blocks": 0,                                
                       "Plans": [                                               
                         {                                                      
                           "Node Type": "Seq Scan",                             
                           "Parent Relationship": "Outer",                      
                           "Parallel Aware": false,                             
                           "Relation Name": "movie_keyword",                    
                           "Alias": "mk",                                       
                           "Startup Cost": 0.00,                                
                           "Total Cost": 1079.84,                               
                           "Plan Rows": 4523930,                                
                           "Plan Width": 8,                                     
                           "Actual Startup Time": 0.008,                        
                           "Actual Total Time": 780.646,                        
                           "Actual Rows": 4523930,                              
                           "Actual Loops": 1,                                   
                           "Shared Hit Blocks": 3,                              
                           "Shared Read Blocks": 24451,                         
                           "Shared Dirtied Blocks": 0,                          
                           "Shared Written Blocks": 0,                          
                           "Local Hit Blocks": 0,                               
                           "Local Read Blocks": 0,                              
                           "Local Dirtied Blocks": 0,                           
                           "Local Written Blocks": 0,                           
                           "Temp Read Blocks": 0,                               
                           "Temp Written Blocks": 0                             
                         }                                                      
                       ]                                                        
                     }                                                          
                   ]                                                            
                 }                                                              
               ]                                                                
             },                                                                 
             {                                                                  
               "Node Type": "Materialize",                                      
               "Parent Relationship": "Inner",                                  
               "Parallel Aware": false,                                         
               "Startup Cost": 145888.83,                                       
               "Total Cost": 149094.69,                                         
               "Plan Rows": 18539713,                                           
               "Plan Width": 75,                                                
               "Actual Startup Time": 39124.551,                                
               "Actual Total Time": 1274949.042,                                
               "Actual Rows": 17021470215,                                      
               "Actual Loops": 1,                                               
               "Shared Hit Blocks": 12,                                         
               "Shared Read Blocks": 225855,                                    
               "Shared Dirtied Blocks": 0,                                      
               "Shared Written Blocks": 0,                                      
               "Local Hit Blocks": 0,                                           
               "Local Read Blocks": 0,                                          
               "Local Dirtied Blocks": 0,                                       
               "Local Written Blocks": 0,                                       
               "Temp Read Blocks": 0,                                           
               "Temp Written Blocks": 0,                                        
               "Plans": [                                                       
                 {                                                              
                   "Node Type": "Merge Join",                                   
                   "Parent Relationship": "Outer",                              
                   "Parallel Aware": false,                                     
                   "Join Type": "Inner",                                        
                   "Startup Cost": 145888.83,                                   
                   "Total Cost": 147655.27,                                     
                   "Plan Rows": 18539713,                                       
                   "Plan Width": 75,                                            
                   "Actual Startup Time": 39124.545,                            
                   "Actual Total Time": 87878.790,                              
                   "Actual Rows": 166417455,                                    
                   "Actual Loops": 1,                                           
                   "Inner Unique": false,                                       
                   "Merge Cond": "(mc.movie_id = t.id)",                        
                   "Shared Hit Blocks": 12,                                     
                   "Shared Read Blocks": 225855,                                
                   "Shared Dirtied Blocks": 0,                                  
                   "Shared Written Blocks": 0,                                  
                   "Local Hit Blocks": 0,                                       
                   "Local Read Blocks": 0,                                      
                   "Local Dirtied Blocks": 0,                                   
                   "Local Written Blocks": 0,                                   
                   "Temp Read Blocks": 0,                                       
                   "Temp Written Blocks": 0,                                    
                   "Plans": [                                                   
                     {                                                          
                       "Node Type": "Sort",                                     
                       "Parent Relationship": "Outer",                          
                       "Parallel Aware": false,                                 
                       "Startup Cost": 28645.69,                                
                       "Total Cost": 28848.27,                                  
                       "Plan Rows": 2609129,                                    
                       "Plan Width": 4,                                         
                       "Actual Startup Time": 4600.373,                         
                       "Actual Total Time": 5046.599,                           
                       "Actual Rows": 2608959,                                  
                       "Actual Loops": 1,                                       
                       "Sort Key": ["mc.movie_id"],                             
                       "Sort Method": "quicksort",                              
                       "Sort Space Used": 220607,                               
                       "Sort Space Type": "Memory",                             
                       "Shared Hit Blocks": 6,                                  
                       "Shared Read Blocks": 21778,                             
                       "Shared Dirtied Blocks": 0,                              
                       "Shared Written Blocks": 0,                              
                       "Local Hit Blocks": 0,                                   
                       "Local Read Blocks": 0,                                  
                       "Local Dirtied Blocks": 0,                               
                       "Local Written Blocks": 0,                               
                       "Temp Read Blocks": 0,                                   
                       "Temp Written Blocks": 0,                                
                       "Plans": [                                               
                         {                                                      
                           "Node Type": "Merge Join",                           
                           "Parent Relationship": "Outer",                      
                           "Parallel Aware": false,                             
                           "Join Type": "Inner",                                
                           "Startup Cost": 19387.96,                            
                           "Total Cost": 20009.99,                              
                           "Plan Rows": 2609129,                                
                           "Plan Width": 4,                                     
                           "Actual Startup Time": 2662.710,                     
                           "Actual Total Time": 3606.601,                       
                           "Actual Rows": 2609129,                              
                           "Actual Loops": 1,                                   
                           "Inner Unique": true,                                
                           "Merge Cond": "(mc.company_id = cn.id)",             
                           "Shared Hit Blocks": 6,                              
                           "Shared Read Blocks": 21778,                         
                           "Shared Dirtied Blocks": 0,                          
                           "Shared Written Blocks": 0,                          
                           "Local Hit Blocks": 0,                               
                           "Local Read Blocks": 0,                              
                           "Local Dirtied Blocks": 0,                           
                           "Local Written Blocks": 0,                           
                           "Temp Read Blocks": 0,                               
                           "Temp Written Blocks": 0,                            
                           "Plans": [                                           
                             {                                                  
                               "Node Type": "Sort",                             
                               "Parent Relationship": "Outer",                  
                               "Parallel Aware": false,                         
                               "Startup Cost": 18626.73,                        
                               "Total Cost": 18829.30,                          
                               "Plan Rows": 2609129,                            
                               "Plan Width": 8,                                 
                               "Actual Startup Time": 2465.892,                 
                               "Actual Total Time": 2791.864,                   
                               "Actual Rows": 2609129,                          
                               "Actual Loops": 1,                               
                               "Sort Key": ["mc.company_id"],                   
                               "Sort Method": "quicksort",                      
                               "Sort Space Used": 220607,                       
                               "Sort Space Type": "Memory",                     
                               "Shared Hit Blocks": 4,                          
                               "Shared Read Blocks": 18786,                     
                               "Shared Dirtied Blocks": 0,                      
                               "Shared Written Blocks": 0,                      
                               "Local Hit Blocks": 0,                           
                               "Local Read Blocks": 0,                          
                               "Local Dirtied Blocks": 0,                       
                               "Local Written Blocks": 0,                       
                               "Temp Read Blocks": 0,                           
                               "Temp Written Blocks": 0,                        
                               "Plans": [                                       
                                 {                                              
                                   "Node Type": "Merge Join",                   
                                   "Parent Relationship": "Outer",              
                                   "Parallel Aware": false,                     
                                   "Join Type": "Inner",                        
                                   "Startup Cost": 9405.49,                     
                                   "Total Cost": 9991.03,                       
                                   "Plan Rows": 2609129,                        
                                   "Plan Width": 8,                             
                                   "Actual Startup Time": 1066.870,             
                                   "Actual Total Time": 1644.943,               
                                   "Actual Rows": 2609129,                      
                                   "Actual Loops": 1,                           
                                   "Inner Unique": false,                       
                                   "Merge Cond": "(ct.id = mc.company_type_id)",
                                   "Shared Hit Blocks": 4,                      
                                   "Shared Read Blocks": 18786,                 
                                   "Shared Dirtied Blocks": 0,                  
                                   "Shared Written Blocks": 0,                  
                                   "Local Hit Blocks": 0,                       
                                   "Local Read Blocks": 0,                      
                                   "Local Dirtied Blocks": 0,                   
                                   "Local Written Blocks": 0,                   
                                   "Temp Read Blocks": 0,                       
                                   "Temp Written Blocks": 0,                    
                                   "Plans": [                                   
                                     {                                          
                                       "Node Type": "Sort",                     
                                       "Parent Relationship": "Outer",          
                                       "Parallel Aware": false,                 
                                       "Startup Cost": 0.03,                    
                                       "Total Cost": 0.03,                      
                                       "Plan Rows": 4,                          
                                       "Plan Width": 4,                         
                                       "Actual Startup Time": 0.019,            
                                       "Actual Total Time": 0.020,              
                                       "Actual Rows": 3,                        
                                       "Actual Loops": 1,                       
                                       "Sort Key": ["ct.id"],                   
                                       "Sort Method": "quicksort",              
                                       "Sort Space Used": 25,                   
                                       "Sort Space Type": "Memory",             
                                       "Shared Hit Blocks": 1,                  
                                       "Shared Read Blocks": 0,                 
                                       "Shared Dirtied Blocks": 0,              
                                       "Shared Written Blocks": 0,              
                                       "Local Hit Blocks": 0,                   
                                       "Local Read Blocks": 0,                  
                                       "Local Dirtied Blocks": 0,               
                                       "Local Written Blocks": 0,               
                                       "Temp Read Blocks": 0,                   
                                       "Temp Written Blocks": 0,                
                                       "Plans": [                               
                                         {                                      
                                           "Node Type": "Seq Scan",             
                                           "Parent Relationship": "Outer",      
                                           "Parallel Aware": false,             
                                           "Relation Name": "company_type",     
                                           "Alias": "ct",                       
                                           "Startup Cost": 0.00,                
                                           "Total Cost": 0.03,                  
                                           "Plan Rows": 4,                      
                                           "Plan Width": 4,                     
                                           "Actual Startup Time": 0.014,        
                                           "Actual Total Time": 0.015,          
                                           "Actual Rows": 4,                    
                                           "Actual Loops": 1,                   
                                           "Shared Hit Blocks": 1,              
                                           "Shared Read Blocks": 0,             
                                           "Shared Dirtied Blocks": 0,          
                                           "Shared Written Blocks": 0,          
                                           "Local Hit Blocks": 0,               
                                           "Local Read Blocks": 0,              
                                           "Local Dirtied Blocks": 0,           
                                           "Local Written Blocks": 0,           
                                           "Temp Read Blocks": 0,               
                                           "Temp Written Blocks": 0             
                                         }                                      
                                       ]                                        
                                     },                                         
                                     {                                          
                                       "Node Type": "Sort",                     
                                       "Parent Relationship": "Inner",          
                                       "Parallel Aware": false,                 
                                       "Startup Cost": 9405.45,                 
                                       "Total Cost": 9608.03,                   
                                       "Plan Rows": 2609129,                    
                                       "Plan Width": 12,                        
                                       "Actual Startup Time": 1066.846,         
                                       "Actual Total Time": 1186.554,           
                                       "Actual Rows": 2609129,                  
                                       "Actual Loops": 1,                       
                                       "Sort Key": ["mc.company_type_id"],      
                                       "Sort Method": "quicksort",              
                                       "Sort Space Used": 220607,               
                                       "Sort Space Type": "Memory",             
                                       "Shared Hit Blocks": 3,                  
                                       "Shared Read Blocks": 18786,             
                                       "Shared Dirtied Blocks": 0,              
                                       "Shared Written Blocks": 0,              
                                       "Local Hit Blocks": 0,                   
                                       "Local Read Blocks": 0,                  
                                       "Local Dirtied Blocks": 0,               
                                       "Local Written Blocks": 0,               
                                       "Temp Read Blocks": 0,                   
                                       "Temp Written Blocks": 0,                
                                       "Plans": [                               
                                         {                                      
                                           "Node Type": "Seq Scan",             
                                           "Parent Relationship": "Outer",      
                                           "Parallel Aware": false,             
                                           "Relation Name": "movie_companies",  
                                           "Alias": "mc",                       
                                           "Startup Cost": 0.00,                
                                           "Total Cost": 769.75,                
                                           "Plan Rows": 2609129,                
                                           "Plan Width": 12,                    
                                           "Actual Startup Time": 0.014,        
                                           "Actual Total Time": 551.337,        
                                           "Actual Rows": 2609129,              
                                           "Actual Loops": 1,                   
                                           "Shared Hit Blocks": 3,              
                                           "Shared Read Blocks": 18786,         
                                           "Shared Dirtied Blocks": 0,          
                                           "Shared Written Blocks": 0,          
                                           "Local Hit Blocks": 0,               
                                           "Local Read Blocks": 0,              
                                           "Local Dirtied Blocks": 0,           
                                           "Local Written Blocks": 0,           
                                           "Temp Read Blocks": 0,               
                                           "Temp Written Blocks": 0             
                                         }                                      
                                       ]                                        
                                     }                                          
                                   ]                                            
                                 }                                              
                               ]                                                
                             },                                                 
                             {                                                  
                               "Node Type": "Sort",                             
                               "Parent Relationship": "Inner",                  
                               "Parallel Aware": false,                         
                               "Startup Cost": 761.23,                          
                               "Total Cost": 779.47,                            
                               "Plan Rows": 234997,                             
                               "Plan Width": 4,                                 
                               "Actual Startup Time": 196.811,                  
                               "Actual Total Time": 230.466,                    
                               "Actual Rows": 234997,                           
                               "Actual Loops": 1,                               
                               "Sort Key": ["cn.id"],                           
                               "Sort Method": "quicksort",                      
                               "Sort Space Used": 17160,                        
                               "Sort Space Type": "Memory",                     
                               "Shared Hit Blocks": 2,                          
                               "Shared Read Blocks": 2992,                      
                               "Shared Dirtied Blocks": 0,                      
                               "Shared Written Blocks": 0,                      
                               "Local Hit Blocks": 0,                           
                               "Local Read Blocks": 0,                          
                               "Local Dirtied Blocks": 0,                       
                               "Local Written Blocks": 0,                       
                               "Temp Read Blocks": 0,                           
                               "Temp Written Blocks": 0,                        
                               "Plans": [                                       
                                 {                                              
                                   "Node Type": "Seq Scan",                     
                                   "Parent Relationship": "Outer",              
                                   "Parallel Aware": false,                     
                                   "Relation Name": "company_name",             
                                   "Alias": "cn",                               
                                   "Startup Cost": 0.00,                        
                                   "Total Cost": 110.16,                        
                                   "Plan Rows": 234997,                         
                                   "Plan Width": 4,                             
                                   "Actual Startup Time": 2.140,                
                                   "Actual Total Time": 87.569,                 
                                   "Actual Rows": 234997,                       
                                   "Actual Loops": 1,                           
                                   "Shared Hit Blocks": 2,                      
                                   "Shared Read Blocks": 2992,                  
                                   "Shared Dirtied Blocks": 0,                  
                                   "Shared Written Blocks": 0,                  
                                   "Local Hit Blocks": 0,                       
                                   "Local Read Blocks": 0,                      
                                   "Local Dirtied Blocks": 0,                   
                                   "Local Written Blocks": 0,                   
                                   "Temp Read Blocks": 0,                       
                                   "Temp Written Blocks": 0                     
                                 }                                              
                               ]                                                
                             }                                                  
                           ]                                                    
                         }                                                      
                       ]                                                        
                     },                                                         
                     {                                                          
                       "Node Type": "Sort",                                     
                       "Parent Relationship": "Inner",                          
                       "Parallel Aware": false,                                 
                       "Startup Cost": 117243.14,                               
                       "Total Cost": 117699.81,                                 
                       "Plan Rows": 5881929,                                    
                       "Plan Width": 71,                                        
                       "Actual Startup Time": 34524.156,                        
                       "Actual Total Time": 45459.639,                          
                       "Actual Rows": 166597181,                                
                       "Actual Loops": 1,                                       
                       "Sort Key": ["at.movie_id"],                             
                       "Sort Method": "quicksort",                              
                       "Sort Space Used": 2472187,                              
                       "Sort Space Type": "Memory",                             
                       "Shared Hit Blocks": 6,                                  
                       "Shared Read Blocks": 204077,                            
                       "Shared Dirtied Blocks": 0,                              
                       "Shared Written Blocks": 0,                              
                       "Local Hit Blocks": 0,                                   
                       "Local Read Blocks": 0,                                  
                       "Local Dirtied Blocks": 0,                               
                       "Local Written Blocks": 0,                               
                       "Temp Read Blocks": 0,                                   
                       "Temp Written Blocks": 0,                                
                       "Plans": [                                               
                         {                                                      
                           "Node Type": "Merge Join",                           
                           "Parent Relationship": "Outer",                      
                           "Parallel Aware": false,                             
                           "Join Type": "Inner",                                
                           "Startup Cost": 95383.98,                            
                           "Total Cost": 96704.02,                              
                           "Plan Rows": 5881929,                                
                           "Plan Width": 71,                                    
                           "Actual Startup Time": 24639.480,                    
                           "Actual Total Time": 29459.581,                      
                           "Actual Rows": 11383840,                             
                           "Actual Loops": 1,                                   
                           "Inner Unique": true,                                
                           "Merge Cond": "(mi.info_type_id = it.id)",          
                           "Shared Hit Blocks": 6,                              
                           "Shared Read Blocks": 204077,                        
                           "Shared Dirtied Blocks": 0,                          
                           "Shared Written Blocks": 0,                          
                           "Local Hit Blocks": 0,                               
                           "Local Read Blocks": 0,                              
                           "Local Dirtied Blocks": 0,                           
                           "Local Written Blocks": 0,                           
                           "Temp Read Blocks": 0,                               
                           "Temp Written Blocks": 0,                            
                           "Plans": [                                           
                             {                                                  
                               "Node Type": "Sort",                             
                               "Parent Relationship": "Outer",                  
                               "Parallel Aware": false,                         
                               "Startup Cost": 95383.82,                        
                               "Total Cost": 95840.49,                          
                               "Plan Rows": 5881929,                            
                               "Plan Width": 75,                                
                               "Actual Startup Time": 24639.413,                
                               "Actual Total Time": 26058.908,                  
                               "Actual Rows": 11383840,                         
                               "Actual Loops": 1,                               
                               "Sort Key": ["mi.info_type_id"],                 
                               "Sort Method": "quicksort",                      
                               "Sort Space Used": 2549053,                      
                               "Sort Space Type": "Memory",                     
                               "Shared Hit Blocks": 5,                          
                               "Shared Read Blocks": 204077,                    
                               "Shared Dirtied Blocks": 0,                      
                               "Shared Written Blocks": 0,                      
                               "Local Hit Blocks": 0,                           
                               "Local Read Blocks": 0,                          
                               "Local Dirtied Blocks": 0,                       
                               "Local Written Blocks": 0,                       
                               "Temp Read Blocks": 0,                           
                               "Temp Written Blocks": 0,                        
                               "Plans": [                                       
                                 {                                              
                                   "Node Type": "Merge Join",                   
                                   "Parent Relationship": "Outer",              
                                   "Parallel Aware": false,                     
                                   "Join Type": "Inner",                        
                                   "Startup Cost": 71893.38,                    
                                   "Total Cost": 74844.70,                      
                                   "Plan Rows": 5881929,                        
                                   "Plan Width": 75,                            
                                   "Actual Startup Time": 14361.373,            
                                   "Actual Total Time": 20527.214,              
                                   "Actual Rows": 11383840,                     
                                   "Actual Loops": 1,                           
                                   "Inner Unique": false,                       
                                   "Merge Cond": "(t.id = mi.movie_id)",        
                                   "Shared Hit Blocks": 5,                      
                                   "Shared Read Blocks": 204077,                
                                   "Shared Dirtied Blocks": 0,                  
                                   "Shared Written Blocks": 0,                  
                                   "Local Hit Blocks": 0,                       
                                   "Local Read Blocks": 0,                      
                                   "Local Dirtied Blocks": 0,                   
                                   "Local Written Blocks": 0,                   
                                   "Temp Read Blocks": 0,                       
                                   "Temp Written Blocks": 0,                    
                                   "Plans": [                                   
                                     {                                          
                                       "Node Type": "Merge Join",               
                                       "Parent Relationship": "Outer",          
                                       "Parallel Aware": false,                 
                                       "Join Type": "Inner",                    
                                       "Startup Cost": 10909.93,                
                                       "Total Cost": 11383.22,                  
                                       "Plan Rows": 361472,                     
                                       "Plan Width": 25,                        
                                       "Actual Startup Time": 3034.152,         
                                       "Actual Total Time": 3937.563,           
                                       "Actual Rows": 361379,                   
                                       "Actual Loops": 1,                       
                                       "Inner Unique": true,                    
                                       "Merge Cond": "(at.movie_id = t.id)",    
                                       "Shared Hit Blocks": 3,                  
                                       "Shared Read Blocks": 42187,             
                                       "Shared Dirtied Blocks": 0,              
                                       "Shared Written Blocks": 0,              
                                       "Local Hit Blocks": 0,                   
                                       "Local Read Blocks": 0,                  
                                       "Local Dirtied Blocks": 0,               
                                       "Local Written Blocks": 0,               
                                       "Temp Read Blocks": 0,                   
                                       "Temp Written Blocks": 0,                
                                       "Plans": [                               
                                         {                                      
                                           "Node Type": "Sort",                 
                                           "Parent Relationship": "Outer",      
                                           "Parallel Aware": false,             
                                           "Startup Cost": 1255.56,             
                                           "Total Cost": 1283.62,               
                                           "Plan Rows": 361472,                 
                                           "Plan Width": 4,                     
                                           "Actual Startup Time": 398.066,      
                                           "Actual Total Time": 456.650,        
                                           "Actual Rows": 361472,               
                                           "Actual Loops": 1,                   
                                           "Sort Key": ["at.movie_id"],         
                                           "Sort Method": "quicksort",          
                                           "Sort Space Used": 29233,            
                                           "Sort Space Type": "Memory",         
                                           "Shared Hit Blocks": 2,              
                                           "Shared Read Blocks": 6190,          
                                           "Shared Dirtied Blocks": 0,          
                                           "Shared Written Blocks": 0,          
                                           "Local Hit Blocks": 0,               
                                           "Local Read Blocks": 0,              
                                           "Local Dirtied Blocks": 0,           
                                           "Local Written Blocks": 0,           
                                           "Temp Read Blocks": 0,               
                                           "Temp Written Blocks": 0,            
                                           "Plans": [                           
                                             {                                  
                                               "Node Type": "Seq Scan",         
                                               "Parent Relationship": "Outer",  
                                               "Parallel Aware": false,         
                                               "Relation Name": "aka_title",    
                                               "Alias": "at",                   
                                               "Startup Cost": 0.00,            
                                               "Total Cost": 219.22,            
                                               "Plan Rows": 361472,             
                                               "Plan Width": 4,                 
                                               "Actual Startup Time": 16.475,   
                                               "Actual Total Time": 206.122,    
                                               "Actual Rows": 361472,           
                                               "Actual Loops": 1,               
                                               "Shared Hit Blocks": 2,          
                                               "Shared Read Blocks": 6190,      
                                               "Shared Dirtied Blocks": 0,      
                                               "Shared Written Blocks": 0,      
                                               "Local Hit Blocks": 0,           
                                               "Local Read Blocks": 0,          
                                               "Local Dirtied Blocks": 0,       
                                               "Local Written Blocks": 0,       
                                               "Temp Read Blocks": 0,           
                                               "Temp Written Blocks": 0         
                                             }                                  
                                           ]                                    
                                         },                                     
                                         {                                      
                                           "Node Type": "Sort",                 
                                           "Parent Relationship": "Inner",      
                                           "Parallel Aware": false,             
                                           "Startup Cost": 9654.35,             
                                           "Total Cost": 9850.65,               
                                           "Plan Rows": 2528312,                
                                           "Plan Width": 21,                    
                                           "Actual Startup Time": 2636.023,     
                                           "Actual Total Time": 2992.504,       
                                           "Actual Rows": 2525672,              
                                           "Actual Loops": 1,                   
                                           "Sort Key": ["t.id"],                
                                           "Sort Method": "quicksort",          
                                           "Sort Space Used": 275055,           
                                           "Sort Space Type": "Memory",         
                                           "Shared Hit Blocks": 1,              
                                           "Shared Read Blocks": 35997,         
                                           "Shared Dirtied Blocks": 0,          
                                           "Shared Written Blocks": 0,          
                                           "Local Hit Blocks": 0,               
                                           "Local Read Blocks": 0,              
                                           "Local Dirtied Blocks": 0,           
                                           "Local Written Blocks": 0,           
                                           "Temp Read Blocks": 0,               
                                           "Temp Written Blocks": 0,            
                                           "Plans": [                           
                                             {                                  
                                               "Node Type": "Seq Scan",         
                                               "Parent Relationship": "Outer",  
                                               "Parallel Aware": false,         
                                               "Relation Name": "title",        
                                               "Alias": "t",                    
                                               "Startup Cost": 0.00,            
                                               "Total Cost": 1303.96,           
                                               "Plan Rows": 2528312,            
                                               "Plan Width": 21,                
                                               "Actual Startup Time": 11.424,   
                                               "Actual Total Time": 1327.830,   
                                               "Actual Rows": 2528312,          
                                               "Actual Loops": 1,               
                                               "Shared Hit Blocks": 1,          
                                               "Shared Read Blocks": 35997,     
                                               "Shared Dirtied Blocks": 0,      
                                               "Shared Written Blocks": 0,      
                                               "Local Hit Blocks": 0,           
                                               "Local Read Blocks": 0,          
                                               "Local Dirtied Blocks": 0,       
                                               "Local Written Blocks": 0,       
                                               "Temp Read Blocks": 0,           
                                               "Temp Written Blocks": 0         
                                             }                                  
                                           ]                                    
                                         }                                      
                                       ]                                        
                                     },                                         
                                     {                                          
                                       "Node Type": "Sort",                     
                                       "Parent Relationship": "Inner",          
                                       "Parallel Aware": false,                 
                                       "Startup Cost": 60983.46,                
                                       "Total Cost": 62135.30,                  
                                       "Plan Rows": 14835720,                   
                                       "Plan Width": 50,                        
                                       "Actual Startup Time": 11327.191,        
                                       "Actual Total Time": 12714.494,          
                                       "Actual Rows": 21956962,                 
                                       "Actual Loops": 1,                       
                                       "Sort Key": ["mi.movie_id"],             
                                       "Sort Method": "quicksort",              
                                       "Sort Space Used": 1986756,              
                                       "Sort Space Type": "Memory",             
                                       "Shared Hit Blocks": 2,                  
                                       "Shared Read Blocks": 161890,            
                                       "Shared Dirtied Blocks": 0,              
                                       "Shared Written Blocks": 0,              
                                       "Local Hit Blocks": 0,                   
                                       "Local Read Blocks": 0,                  
                                       "Local Dirtied Blocks": 0,               
                                       "Local Written Blocks": 0,               
                                       "Temp Read Blocks": 0,                   
                                       "Temp Written Blocks": 0,                
                                       "Plans": [                               
                                         {                                      
                                           "Node Type": "Seq Scan",             
                                           "Parent Relationship": "Outer",      
                                           "Parallel Aware": false,             
                                           "Relation Name": "movie_info",       
                                           "Alias": "mi",                       
                                           "Startup Cost": 0.00,                
                                           "Total Cost": 6103.84,               
                                           "Plan Rows": 14835720,               
                                           "Plan Width": 50,                    
                                           "Actual Startup Time": 20.197,       
                                           "Actual Total Time": 4695.384,       
                                           "Actual Rows": 14835720,             
                                           "Actual Loops": 1,                   
                                           "Shared Hit Blocks": 2,              
                                           "Shared Read Blocks": 161890,        
                                           "Shared Dirtied Blocks": 0,          
                                           "Shared Written Blocks": 0,          
                                           "Local Hit Blocks": 0,               
                                           "Local Read Blocks": 0,              
                                           "Local Dirtied Blocks": 0,           
                                           "Local Written Blocks": 0,           
                                           "Temp Read Blocks": 0,               
                                           "Temp Written Blocks": 0             
                                         }                                      
                                       ]                                        
                                     }                                          
                                   ]                                            
                                 }                                              
                               ]                                                
                             },                                                 
                             {                                                  
                               "Node Type": "Sort",                             
                               "Parent Relationship": "Inner",                  
                               "Parallel Aware": false,                         
                               "Startup Cost": 0.16,                            
                               "Total Cost": 0.17,                              
                               "Plan Rows": 113,                                
                               "Plan Width": 4,                                 
                               "Actual Startup Time": 0.060,                    
                               "Actual Total Time": 0.096,                      
                               "Actual Rows": 110,                              
                               "Actual Loops": 1,                               
                               "Sort Key": ["it.id"],                          
                               "Sort Method": "quicksort",                      
                               "Sort Space Used": 30,                           
                               "Sort Space Type": "Memory",                     
                               "Shared Hit Blocks": 1,                          
                               "Shared Read Blocks": 0,                         
                               "Shared Dirtied Blocks": 0,                      
                               "Shared Written Blocks": 0,                      
                               "Local Hit Blocks": 0,                           
                               "Local Read Blocks": 0,                          
                               "Local Dirtied Blocks": 0,                       
                               "Local Written Blocks": 0,                       
                               "Temp Read Blocks": 0,                           
                               "Temp Written Blocks": 0,                        
                               "Plans": [                                       
                                 {                                              
                                   "Node Type": "Seq Scan",                     
                                   "Parent Relationship": "Outer",              
                                   "Parallel Aware": false,                     
                                   "Relation Name": "info_type",                
                                   "Alias": "it",                              
                                   "Startup Cost": 0.00,                        
                                   "Total Cost": 0.04,                          
                                   "Plan Rows": 113,                            
                                   "Plan Width": 4,                             
                                   "Actual Startup Time": 0.016,                
                                   "Actual Total Time": 0.031,                  
                                   "Actual Rows": 113,                          
                                   "Actual Loops": 1,                           
                                   "Shared Hit Blocks": 1,                      
                                   "Shared Read Blocks": 0,                     
                                   "Shared Dirtied Blocks": 0,                  
                                   "Shared Written Blocks": 0,                  
                                   "Local Hit Blocks": 0,                       
                                   "Local Read Blocks": 0,                      
                                   "Local Dirtied Blocks": 0,                   
                                   "Local Written Blocks": 0,                   
                                   "Temp Read Blocks": 0,                       
                                   "Temp Written Blocks": 0                     
                                 }                                              
                               ]                                                
                             }                                                  
                           ]                                                    
                         }                                                      
                       ]                                                        
                     }                                                          
                   ]                                                            
                 }                                                              
               ]                                                                
             }                                                                  
           ]                                                                    
         }                                                                      
       ]                                                                        
     },                                                                         
     "Planning Time": 9195.931,                                                 
     "Triggers": [                                                              
     ],                                                                         
     "Execution Time": 9128634.851                                              
