     "Plan": {                                                           
       "Node Type": "Aggregate",                                         
       "Strategy": "Plain",                                              
       "Partial Mode": "Simple",                                         
       "Parallel Aware": false,                                          
       "Startup Cost": 443060.57,                                        
       "Total Cost": 443060.57,                                          
       "Plan Rows": 1,                                                   
       "Plan Width": 64,                                                 
       "Actual Startup Time": 1555503.421,                               
       "Actual Total Time": 1555503.421,                                 
       "Actual Rows": 1,                                                 
       "Actual Loops": 1,                                                
       "Shared Hit Blocks": 23,                                          
       "Shared Read Blocks": 402827,                                     
       "Shared Dirtied Blocks": 0,                                       
       "Shared Written Blocks": 0,                                       
       "Local Hit Blocks": 0,                                            
       "Local Read Blocks": 0,                                           
       "Local Dirtied Blocks": 0,                                        
       "Local Written Blocks": 0,                                        
       "Temp Read Blocks": 0,                                            
       "Temp Written Blocks": 0,                                         
       "Plans": [                                                        
         {                                                               
           "Node Type": "Merge Join",                                    
           "Parent Relationship": "Outer",                               
           "Parallel Aware": false,                                      
           "Join Type": "Inner",                                         
           "Startup Cost": 363875.30,                                    
           "Total Cost": 403823.67,                                      
           "Plan Rows": 252685818,                                       
           "Plan Width": 33,                                             
           "Actual Startup Time": 62019.929,                             
           "Actual Total Time": 815801.404,                              
           "Actual Rows": 3185061897,                                    
           "Actual Loops": 1,                                            
           "Inner Unique": false,                                        
           "Merge Cond": "(t.id = ci.movie_id)",                         
           "Shared Hit Blocks": 23,                                      
           "Shared Read Blocks": 402827,                                 
           "Shared Dirtied Blocks": 0,                                   
           "Shared Written Blocks": 0,                                   
           "Local Hit Blocks": 0,                                        
           "Local Read Blocks": 0,                                       
           "Local Dirtied Blocks": 0,                                    
           "Local Written Blocks": 0,                                    
           "Temp Read Blocks": 0,                                        
           "Temp Written Blocks": 0,                                     
           "Plans": [                                                    
             {                                                           
               "Node Type": "Merge Join",                                
               "Parent Relationship": "Outer",                           
               "Parallel Aware": false,                                  
               "Join Type": "Inner",                                     
               "Startup Cost": 43226.38,                                 
               "Total Cost": 44633.87,                                   
               "Plan Rows": 4523930,                                     
               "Plan Width": 25,                                         
               "Actual Startup Time": 8052.610,                          
               "Actual Total Time": 10902.345,                           
               "Actual Rows": 4523914,                                   
               "Actual Loops": 1,                                        
               "Inner Unique": true,                                     
               "Merge Cond": "(mk.movie_id = t.id)",                     
               "Shared Hit Blocks": 10,                                  
               "Shared Read Blocks": 61395,                              
               "Shared Dirtied Blocks": 0,                               
               "Shared Written Blocks": 0,                               
               "Local Hit Blocks": 0,                                    
               "Local Read Blocks": 0,                                   
               "Local Dirtied Blocks": 0,                                
               "Local Written Blocks": 0,                                
               "Temp Read Blocks": 0,                                    
               "Temp Written Blocks": 0,                                 
               "Plans": [                                                
                 {                                                       
                   "Node Type": "Sort",                                  
                   "Parent Relationship": "Outer",                       
                   "Parallel Aware": false,                              
                   "Startup Cost": 33572.02,                             
                   "Total Cost": 33923.26,                               
                   "Plan Rows": 4523930,                                 
                   "Plan Width": 4,                                      
                   "Actual Startup Time": 5488.437,                      
                   "Actual Total Time": 6398.274,                        
                   "Actual Rows": 4523914,                               
                   "Actual Loops": 1,                                    
                   "Sort Key": ["mk.movie_id"],                          
                   "Sort Method": "quicksort",                           
                   "Sort Space Used": 408668,                            
                   "Sort Space Type": "Memory",                          
                   "Shared Hit Blocks": 9,                               
                   "Shared Read Blocks": 25398,                          
                   "Shared Dirtied Blocks": 0,                           
                   "Shared Written Blocks": 0,                           
                   "Local Hit Blocks": 0,                                
                   "Local Read Blocks": 0,                               
                   "Local Dirtied Blocks": 0,                            
                   "Local Written Blocks": 0,                            
                   "Temp Read Blocks": 0,                                
                   "Temp Written Blocks": 0,                             
                   "Plans": [                                            
                     {                                                   
                       "Node Type": "Merge Join",                        
                       "Parent Relationship": "Outer",                   
                       "Parallel Aware": false,                          
                       "Join Type": "Inner",                             
                       "Startup Cost": 17004.84,                         
                       "Total Cost": 18040.94,                           
                       "Plan Rows": 4523930,                             
                       "Plan Width": 4,                                  
                       "Actual Startup Time": 2322.809,                  
                       "Actual Total Time": 3899.856,                    
                       "Actual Rows": 4523930,                           
                       "Actual Loops": 1,                                
                       "Inner Unique": false,                            
                       "Merge Cond": "(k.id = mk.keyword_id)",           
                       "Shared Hit Blocks": 5,                           
                       "Shared Read Blocks": 25398,                      
                       "Shared Dirtied Blocks": 0,                       
                       "Shared Written Blocks": 0,                       
                       "Local Hit Blocks": 0,                            
                       "Local Read Blocks": 0,                           
                       "Local Dirtied Blocks": 0,                        
                       "Local Written Blocks": 0,                        
                       "Temp Read Blocks": 0,                            
                       "Temp Written Blocks": 0,                         
                       "Plans": [                                        
                         {                                               
                           "Node Type": "Sort",                          
                           "Parent Relationship": "Outer",               
                           "Parallel Aware": false,                      
                           "Startup Cost": 393.92,                       
                           "Total Cost": 404.34,                         
                           "Plan Rows": 134170,                          
                           "Plan Width": 4,                              
                           "Actual Startup Time": 101.987,               
                           "Actual Total Time": 120.757,                 
                           "Actual Rows": 134170,                        
                           "Actual Loops": 1,                            
                           "Sort Key": ["k.id"],                         
                           "Sort Method": "quicksort",                   
                           "Sort Space Used": 12434,                     
                           "Sort Space Type": "Memory",                  
                           "Shared Hit Blocks": 2,                       
                           "Shared Read Blocks": 947,                    
                           "Shared Dirtied Blocks": 0,                   
                           "Shared Written Blocks": 0,                   
                           "Local Hit Blocks": 0,                        
                           "Local Read Blocks": 0,                       
                           "Local Dirtied Blocks": 0,                    
                           "Local Written Blocks": 0,                    
                           "Temp Read Blocks": 0,                        
                           "Temp Written Blocks": 0,                     
                           "Plans": [                                    
                             {                                           
                               "Node Type": "Seq Scan",                  
                               "Parent Relationship": "Outer",           
                               "Parallel Aware": false,                  
                               "Relation Name": "keyword",               
                               "Alias": "k",                             
                               "Startup Cost": 0.00,                     
                               "Total Cost": 39.04,                      
                               "Plan Rows": 134170,                      
                               "Plan Width": 4,                          
                               "Actual Startup Time": 2.691,             
                               "Actual Total Time": 37.268,              
                               "Actual Rows": 134170,                    
                               "Actual Loops": 1,                        
                               "Shared Hit Blocks": 2,                   
                               "Shared Read Blocks": 947,                
                               "Shared Dirtied Blocks": 0,               
                               "Shared Written Blocks": 0,               
                               "Local Hit Blocks": 0,                    
                               "Local Read Blocks": 0,                   
                               "Local Dirtied Blocks": 0,                
                               "Local Written Blocks": 0,                
                               "Temp Read Blocks": 0,                    
                               "Temp Written Blocks": 0                  
                             }                                           
                           ]                                             
                         },                                              
                         {                                               
                           "Node Type": "Sort",                          
                           "Parent Relationship": "Inner",               
                           "Parallel Aware": false,                      
                           "Startup Cost": 16610.92,                     
                           "Total Cost": 16962.16,                       
                           "Plan Rows": 4523930,                         
                           "Plan Width": 8,                              
                           "Actual Startup Time": 2220.815,              
                           "Actual Total Time": 2919.018,                
                           "Actual Rows": 4523930,                       
                           "Actual Loops": 1,                            
                           "Sort Key": ["mk.keyword_id"],                
                           "Sort Method": "quicksort",                   
                           "Sort Space Used": 408668,                    
                           "Sort Space Type": "Memory",                  
                           "Shared Hit Blocks": 3,                       
                           "Shared Read Blocks": 24451,                  
                           "Shared Dirtied Blocks": 0,                   
                           "Shared Written Blocks": 0,                   
                           "Local Hit Blocks": 0,                        
                           "Local Read Blocks": 0,                       
                           "Local Dirtied Blocks": 0,                    
                           "Local Written Blocks": 0,                    
                           "Temp Read Blocks": 0,                        
                           "Temp Written Blocks": 0,                     
                           "Plans": [                                    
                             {                                           
                               "Node Type": "Seq Scan",                  
                               "Parent Relationship": "Outer",           
                               "Parallel Aware": false,                  
                               "Relation Name": "movie_keyword",         
                               "Alias": "mk",                            
                               "Startup Cost": 0.00,                     
                               "Total Cost": 1079.84,                    
                               "Plan Rows": 4523930,                     
                               "Plan Width": 8,                          
                               "Actual Startup Time": 0.011,             
                               "Actual Total Time": 785.811,             
                               "Actual Rows": 4523930,                   
                               "Actual Loops": 1,                        
                               "Shared Hit Blocks": 3,                   
                               "Shared Read Blocks": 24451,              
                               "Shared Dirtied Blocks": 0,               
                               "Shared Written Blocks": 0,               
                               "Local Hit Blocks": 0,                    
                               "Local Read Blocks": 0,                   
                               "Local Dirtied Blocks": 0,                
                               "Local Written Blocks": 0,                
                               "Temp Read Blocks": 0,                    
                               "Temp Written Blocks": 0                  
                             }                                           
                           ]                                             
                         }                                               
                       ]                                                 
                     }                                                   
                   ]                                                     
                 },                                                      
                 {                                                       
                   "Node Type": "Sort",                                  
                   "Parent Relationship": "Inner",                       
                   "Parallel Aware": false,                              
                   "Startup Cost": 9654.35,                              
                   "Total Cost": 9850.65,                                
                   "Plan Rows": 2528312,                                 
                   "Plan Width": 21,                                     
                   "Actual Startup Time": 2564.162,                      
                   "Actual Total Time": 2958.160,                        
                   "Actual Rows": 2525756,                               
                   "Actual Loops": 1,                                    
                   "Sort Key": ["t.id"],                                 
                   "Sort Method": "quicksort",                           
                   "Sort Space Used": 275055,                            
                   "Sort Space Type": "Memory",                          
                   "Shared Hit Blocks": 1,                               
                   "Shared Read Blocks": 35997,                          
                   "Shared Dirtied Blocks": 0,                           
                   "Shared Written Blocks": 0,                           
                   "Local Hit Blocks": 0,                                
                   "Local Read Blocks": 0,                               
                   "Local Dirtied Blocks": 0,                            
                   "Local Written Blocks": 0,                            
                   "Temp Read Blocks": 0,                                
                   "Temp Written Blocks": 0,                             
                   "Plans": [                                            
                     {                                                   
                       "Node Type": "Seq Scan",                          
                       "Parent Relationship": "Outer",                   
                       "Parallel Aware": false,                          
                       "Relation Name": "title",                         
                       "Alias": "t",                                     
                       "Startup Cost": 0.00,                             
                       "Total Cost": 1303.96,                            
                       "Plan Rows": 2528312,                             
                       "Plan Width": 21,                                 
                       "Actual Startup Time": 7.865,                     
                       "Actual Total Time": 1234.239,                    
                       "Actual Rows": 2528312,                           
                       "Actual Loops": 1,                                
                       "Shared Hit Blocks": 1,                           
                       "Shared Read Blocks": 35997,                      
                       "Shared Dirtied Blocks": 0,                       
                       "Shared Written Blocks": 0,                       
                       "Local Hit Blocks": 0,                            
                       "Local Read Blocks": 0,                           
                       "Local Dirtied Blocks": 0,                        
                       "Local Written Blocks": 0,                        
                       "Temp Read Blocks": 0,                            
                       "Temp Written Blocks": 0                          
                     }                                                   
                   ]                                                     
                 }                                                       
               ]                                                         
             },                                                          
             {                                                           
               "Node Type": "Materialize",                               
               "Parent Relationship": "Inner",                           
               "Parallel Aware": false,                                  
               "Startup Cost": 320648.93,                                
               "Total Cost": 339287.25,                                  
               "Plan Rows": 60363635,                                    
               "Plan Width": 24,                                         
               "Actual Startup Time": 53967.314,                         
               "Actual Total Time": 248954.362,                          
               "Actual Rows": 3209748759,                                
               "Actual Loops": 1,                                        
               "Shared Hit Blocks": 13,                                  
               "Shared Read Blocks": 341432,                             
               "Shared Dirtied Blocks": 0,                               
               "Shared Written Blocks": 0,                               
               "Local Hit Blocks": 0,                                    
               "Local Read Blocks": 0,                                   
               "Local Dirtied Blocks": 0,                                
               "Local Written Blocks": 0,                                
               "Temp Read Blocks": 0,                                    
               "Temp Written Blocks": 0,                                 
               "Plans": [                                                
                 {                                                       
                   "Node Type": "Merge Join",                            
                   "Parent Relationship": "Outer",                       
                   "Parallel Aware": false,                              
                   "Join Type": "Inner",                                 
                   "Startup Cost": 320648.93,                            
                   "Total Cost": 334600.64,                              
                   "Plan Rows": 60363635,                                
                   "Plan Width": 24,                                     
                   "Actual Startup Time": 53967.308,                     
                   "Actual Total Time": 82478.668,                       
                   "Actual Rows": 87239860,                              
                   "Actual Loops": 1,                                    
                   "Inner Unique": false,                                
                   "Merge Cond": "(mc.movie_id = ci.movie_id)",          
                   "Shared Hit Blocks": 13,                              
                   "Shared Read Blocks": 341432,                         
                   "Shared Dirtied Blocks": 0,                           
                   "Shared Written Blocks": 0,                           
                   "Local Hit Blocks": 0,                                
                   "Local Read Blocks": 0,                               
                   "Local Dirtied Blocks": 0,                            
                   "Local Written Blocks": 0,                            
                   "Temp Read Blocks": 0,                                
                   "Temp Written Blocks": 0,                             
                   "Plans": [                                            
                     {                                                   
                       "Node Type": "Sort",                              
                       "Parent Relationship": "Outer",                   
                       "Parallel Aware": false,                          
                       "Startup Cost": 19424.42,                         
                       "Total Cost": 19626.99,                           
                       "Plan Rows": 2609129,                             
                       "Plan Width": 4,                                  
                       "Actual Startup Time": 3425.139,                  
                       "Actual Total Time": 3889.662,                    
                       "Actual Rows": 2609129,                           
                       "Actual Loops": 1,                                
                       "Sort Key": ["mc.movie_id"],                      
                       "Sort Method": "quicksort",                       
                       "Sort Space Used": 220607,                        
                       "Sort Space Type": "Memory",                      
                       "Shared Hit Blocks": 5,                           
                       "Shared Read Blocks": 21778,                      
                       "Shared Dirtied Blocks": 0,                       
                       "Shared Written Blocks": 0,                       
                       "Local Hit Blocks": 0,                            
                       "Local Read Blocks": 0,                           
                       "Local Dirtied Blocks": 0,                        
                       "Local Written Blocks": 0,                        
                       "Temp Read Blocks": 0,                            
                       "Temp Written Blocks": 0,                         
                       "Plans": [                                        
                         {                                               
                           "Node Type": "Merge Join",                    
                           "Parent Relationship": "Outer",               
                           "Parallel Aware": false,                      
                           "Join Type": "Inner",                         
                           "Startup Cost": 10166.68,                     
                           "Total Cost": 10788.72,                       
                           "Plan Rows": 2609129,                         
                           "Plan Width": 4,                              
                           "Actual Startup Time": 1533.716,              
                           "Actual Total Time": 2431.865,                
                           "Actual Rows": 2609129,                       
                           "Actual Loops": 1,                            
                           "Inner Unique": false,                        
                           "Merge Cond": "(cn.id = mc.company_id)",      
                           "Shared Hit Blocks": 5,                       
                           "Shared Read Blocks": 21778,                  
                           "Shared Dirtied Blocks": 0,                   
                           "Shared Written Blocks": 0,                   
                           "Local Hit Blocks": 0,                        
                           "Local Read Blocks": 0,                       
                           "Local Dirtied Blocks": 0,                    
                           "Local Written Blocks": 0,                    
                           "Temp Read Blocks": 0,                        
                           "Temp Written Blocks": 0,                     
                           "Plans": [                                    
                             {                                           
                               "Node Type": "Sort",                      
                               "Parent Relationship": "Outer",           
                               "Parallel Aware": false,                  
                               "Startup Cost": 761.23,                   
                               "Total Cost": 779.47,                     
                               "Plan Rows": 234997,                      
                               "Plan Width": 4,                          
                               "Actual Startup Time": 202.085,           
                               "Actual Total Time": 237.320,             
                               "Actual Rows": 234997,                    
                               "Actual Loops": 1,                        
                               "Sort Key": ["cn.id"],                    
                               "Sort Method": "quicksort",               
                               "Sort Space Used": 17160,                 
                               "Sort Space Type": "Memory",              
                               "Shared Hit Blocks": 2,                   
                               "Shared Read Blocks": 2992,               
                               "Shared Dirtied Blocks": 0,               
                               "Shared Written Blocks": 0,               
                               "Local Hit Blocks": 0,                    
                               "Local Read Blocks": 0,                   
                               "Local Dirtied Blocks": 0,                
                               "Local Written Blocks": 0,                
                               "Temp Read Blocks": 0,                    
                               "Temp Written Blocks": 0,                 
                               "Plans": [                                
                                 {                                       
                                   "Node Type": "Seq Scan",              
                                   "Parent Relationship": "Outer",       
                                   "Parallel Aware": false,              
                                   "Relation Name": "company_name",      
                                   "Alias": "cn",                        
                                   "Startup Cost": 0.00,                 
                                   "Total Cost": 110.16,                 
                                   "Plan Rows": 234997,                  
                                   "Plan Width": 4,                      
                                   "Actual Startup Time": 9.895,         
                                   "Actual Total Time": 87.466,          
                                   "Actual Rows": 234997,                
                                   "Actual Loops": 1,                    
                                   "Shared Hit Blocks": 2,               
                                   "Shared Read Blocks": 2992,           
                                   "Shared Dirtied Blocks": 0,           
                                   "Shared Written Blocks": 0,           
                                   "Local Hit Blocks": 0,                
                                   "Local Read Blocks": 0,               
                                   "Local Dirtied Blocks": 0,            
                                   "Local Written Blocks": 0,            
                                   "Temp Read Blocks": 0,                
                                   "Temp Written Blocks": 0              
                                 }                                       
                               ]                                         
                             },                                          
                             {                                           
                               "Node Type": "Sort",                      
                               "Parent Relationship": "Inner",           
                               "Parallel Aware": false,                  
                               "Startup Cost": 9405.45,                  
                               "Total Cost": 9608.03,                    
                               "Plan Rows": 2609129,                     
                               "Plan Width": 8,                          
                               "Actual Startup Time": 1331.623,          
                               "Actual Total Time": 1661.315,            
                               "Actual Rows": 2609129,                   
                               "Actual Loops": 1,                        
                               "Sort Key": ["mc.company_id"],            
                               "Sort Method": "quicksort",               
                               "Sort Space Used": 220607,                
                               "Sort Space Type": "Memory",              
                               "Shared Hit Blocks": 3,                   
                               "Shared Read Blocks": 18786,              
                               "Shared Dirtied Blocks": 0,               
                               "Shared Written Blocks": 0,               
                               "Local Hit Blocks": 0,                    
                               "Local Read Blocks": 0,                   
                               "Local Dirtied Blocks": 0,                
                               "Local Written Blocks": 0,                
                               "Temp Read Blocks": 0,                    
                               "Temp Written Blocks": 0,                 
                               "Plans": [                                
                                 {                                       
                                   "Node Type": "Seq Scan",              
                                   "Parent Relationship": "Outer",       
                                   "Parallel Aware": false,              
                                   "Relation Name": "movie_companies",   
                                   "Alias": "mc",                        
                                   "Startup Cost": 0.00,                 
                                   "Total Cost": 769.75,                 
                                   "Plan Rows": 2609129,                 
                                   "Plan Width": 8,                      
                                   "Actual Startup Time": 0.014,         
                                   "Actual Total Time": 492.375,         
                                   "Actual Rows": 2609129,               
                                   "Actual Loops": 1,                    
                                   "Shared Hit Blocks": 3,               
                                   "Shared Read Blocks": 18786,          
                                   "Shared Dirtied Blocks": 0,           
                                   "Shared Written Blocks": 0,           
                                   "Local Hit Blocks": 0,                
                                   "Local Read Blocks": 0,               
                                   "Local Dirtied Blocks": 0,            
                                   "Local Written Blocks": 0,            
                                   "Temp Read Blocks": 0,                
                                   "Temp Written Blocks": 0              
                                 }                                       
                               ]                                         
                             }                                           
                           ]                                             
                         }                                               
                       ]                                                 
                     },                                                  
                     {                                                   
                       "Node Type": "Sort",                              
                       "Parent Relationship": "Inner",                   
                       "Parallel Aware": false,                          
                       "Startup Cost": 301224.51,                        
                       "Total Cost": 303662.41,                          
                       "Plan Rows": 31400240,                            
                       "Plan Width": 20,                                 
                       "Actual Startup Time": 50542.158,                 
                       "Actual Total Time": 59463.147,                   
                       "Actual Rows": 100612762,                         
                       "Actual Loops": 1,                                
                       "Sort Key": ["ci.movie_id"],                      
                       "Sort Method": "quicksort",                       
                       "Sort Space Used": 4206071,                       
                       "Sort Space Type": "Memory",                      
                       "Shared Hit Blocks": 8,                           
                       "Shared Read Blocks": 319654,                     
                       "Shared Dirtied Blocks": 0,                       
                       "Shared Written Blocks": 0,                       
                       "Local Hit Blocks": 0,                            
                       "Local Read Blocks": 0,                           
                       "Local Dirtied Blocks": 0,                        
                       "Local Written Blocks": 0,                        
                       "Temp Read Blocks": 0,                            
                       "Temp Written Blocks": 0,                         
                       "Plans": [                                        
                         {                                               
                           "Node Type": "Merge Join",                    
                           "Parent Relationship": "Outer",               
                           "Parallel Aware": false,                      
                           "Join Type": "Inner",                         
                           "Startup Cost": 171208.86,                    
                           "Total Cost": 179796.00,                      
                           "Plan Rows": 31400240,                        
                           "Plan Width": 20,                             
                           "Actual Startup Time": 23207.567,             
                           "Actual Total Time": 36101.422,               
                           "Actual Rows": 36417493,                      
                           "Actual Loops": 1,                            
                           "Inner Unique": false,                        
                           "Merge Cond": "(an.person_id = ci.person_id)",
                           "Shared Hit Blocks": 8,                       
                           "Shared Read Blocks": 319654,                 
                           "Shared Dirtied Blocks": 0,                   
                           "Shared Written Blocks": 0,                   
                           "Local Hit Blocks": 0,                        
                           "Local Read Blocks": 0,                       
                           "Local Dirtied Blocks": 0,                    
                           "Local Written Blocks": 0,                    
                           "Temp Read Blocks": 0,                        
                           "Temp Written Blocks": 0,                     
                           "Plans": [                                    
                             {                                           
                               "Node Type": "Merge Join",                
                               "Parent Relationship": "Outer",           
                               "Parallel Aware": false,                  
                               "Join Type": "Inner",                     
                               "Startup Cost": 19451.73,                 
                               "Total Cost": 20301.14,                   
                               "Plan Rows": 901343,                      
                               "Plan Width": 24,                         
                               "Actual Startup Time": 4338.718,          
                               "Actual Total Time": 5489.450,            
                               "Actual Rows": 772582,                    
                               "Actual Loops": 1,                        
                               "Inner Unique": true,                     
                               "Merge Cond": "(an.person_id = n.id)",    
                               "Shared Hit Blocks": 4,                   
                               "Shared Read Blocks": 67004,              
                               "Shared Dirtied Blocks": 0,               
                               "Shared Written Blocks": 0,               
                               "Local Hit Blocks": 0,                    
                               "Local Read Blocks": 0,                   
                               "Local Dirtied Blocks": 0,                
                               "Local Written Blocks": 0,                
                               "Temp Read Blocks": 0,                    
                               "Temp Written Blocks": 0,                 
                               "Plans": [                                
                                 {                                       
                                   "Node Type": "Sort",                  
                                   "Parent Relationship": "Outer",       
                                   "Parallel Aware": false,              
                                   "Startup Cost": 3188.40,              
                                   "Total Cost": 3258.38,                
                                   "Plan Rows": 901343,                  
                                   "Plan Width": 20,                     
                                   "Actual Startup Time": 749.107,       
                                   "Actual Total Time": 826.646,         
                                   "Actual Rows": 772582,                
                                   "Actual Loops": 1,                    
                                   "Sort Key": ["an.person_id"],         
                                   "Sort Method": "quicksort",           
                                   "Sort Space Used": 89763,             
                                   "Sort Space Type": "Memory",          
                                   "Shared Hit Blocks": 2,               
                                   "Shared Read Blocks": 11393,          
                                   "Shared Dirtied Blocks": 0,           
                                   "Shared Written Blocks": 0,           
                                   "Local Hit Blocks": 0,                
                                   "Local Read Blocks": 0,               
                                   "Local Dirtied Blocks": 0,            
                                   "Local Written Blocks": 0,            
                                   "Temp Read Blocks": 0,                
                                   "Temp Written Blocks": 0,             
                                   "Plans": [                            
                                     {                                   
                                       "Node Type": "Seq Scan",          
                                       "Parent Relationship": "Outer",   
                                       "Parallel Aware": false,          
                                       "Relation Name": "aka_name",      
                                       "Alias": "an",                    
                                       "Startup Cost": 0.00,             
                                       "Total Cost": 419.75,             
                                       "Plan Rows": 901343,              
                                       "Plan Width": 20,                 
                                       "Actual Startup Time": 0.018,     
                                       "Actual Total Time": 311.966,     
                                       "Actual Rows": 901343,            
                                       "Actual Loops": 1,                
                                       "Shared Hit Blocks": 2,           
                                       "Shared Read Blocks": 11393,      
                                       "Shared Dirtied Blocks": 0,       
                                       "Shared Written Blocks": 0,       
                                       "Local Hit Blocks": 0,            
                                       "Local Read Blocks": 0,           
                                       "Local Dirtied Blocks": 0,        
                                       "Local Written Blocks": 0,        
                                       "Temp Read Blocks": 0,            
                                       "Temp Written Blocks": 0          
                                     }                                   
                                   ]                                     
                                 },                                      
                                 {                                       
                                   "Node Type": "Sort",                  
                                   "Parent Relationship": "Inner",       
                                   "Parallel Aware": false,              
                                   "Startup Cost": 16263.33,             
                                   "Total Cost": 16586.90,               
                                   "Plan Rows": 4167491,                 
                                   "Plan Width": 4,                      
                                   "Actual Startup Time": 3589.599,      
                                   "Actual Total Time": 3986.157,        
                                   "Actual Rows": 4061927,               
                                   "Actual Loops": 1,                    
                                   "Sort Key": ["n.id"],                 
                                   "Sort Method": "quicksort",           
                                   "Sort Space Used": 293656,            
                                   "Sort Space Type": "Memory",          
                                   "Shared Hit Blocks": 2,               
                                   "Shared Read Blocks": 55611,          
                                   "Shared Dirtied Blocks": 0,           
                                   "Shared Written Blocks": 0,           
                                   "Local Hit Blocks": 0,                
                                   "Local Read Blocks": 0,               
                                   "Local Dirtied Blocks": 0,            
                                   "Local Written Blocks": 0,            
                                   "Temp Read Blocks": 0,                
                                   "Temp Written Blocks": 0,             
                                   "Plans": [                            
                                     {                                   
                                       "Node Type": "Seq Scan",          
                                       "Parent Relationship": "Outer",   
                                       "Parallel Aware": false,          
                                       "Relation Name": "name",          
                                       "Alias": "n",                     
                                       "Startup Cost": 0.00,             
                                       "Total Cost": 2032.56,            
                                       "Plan Rows": 4167491,             
                                       "Plan Width": 4,                  
                                       "Actual Startup Time": 4.232,     
                                       "Actual Total Time": 1735.961,    
                                       "Actual Rows": 4167491,           
                                       "Actual Loops": 1,                
                                       "Shared Hit Blocks": 2,           
                                       "Shared Read Blocks": 55611,      
                                       "Shared Dirtied Blocks": 0,       
                                       "Shared Written Blocks": 0,       
                                       "Local Hit Blocks": 0,            
                                       "Local Read Blocks": 0,           
                                       "Local Dirtied Blocks": 0,        
                                       "Local Written Blocks": 0,        
                                       "Temp Read Blocks": 0,            
                                       "Temp Written Blocks": 0          
                                     }                                   
                                   ]                                     
                                 }                                       
                               ]                                         
                             },                                          
                             {                                           
                               "Node Type": "Sort",                      
                               "Parent Relationship": "Inner",           
                               "Parallel Aware": false,                  
                               "Startup Cost": 151757.13,                
                               "Total Cost": 154571.13,                  
                               "Plan Rows": 36244344,                    
                               "Plan Width": 8,                          
                               "Actual Startup Time": 18868.830,         
                               "Actual Total Time": 21844.925,           
                               "Actual Rows": 56379091,                  
                               "Actual Loops": 1,                        
                               "Sort Key": ["ci.person_id"],             
                               "Sort Method": "quicksort",               
                               "Sort Space Used": 3271818,               
                               "Sort Space Type": "Memory",              
                               "Shared Hit Blocks": 4,                   
                               "Shared Read Blocks": 252650,             
                               "Shared Dirtied Blocks": 0,               
                               "Shared Written Blocks": 0,               
                               "Local Hit Blocks": 0,                    
                               "Local Read Blocks": 0,                   
                               "Local Dirtied Blocks": 0,                
                               "Local Written Blocks": 0,                
                               "Temp Read Blocks": 0,                    
                               "Temp Written Blocks": 0,                 
                               "Plans": [                                
                                 {                                       
                                   "Node Type": "Seq Scan",              
                                   "Parent Relationship": "Outer",       
                                   "Parallel Aware": false,              
                                   "Relation Name": "cast_info",         
                                   "Alias": "ci",                        
                                   "Startup Cost": 0.00,                 
                                   "Total Cost": 10431.00,               
                                   "Plan Rows": 36244344,                
                                   "Plan Width": 8,                      
                                   "Actual Startup Time": 0.013,         
                                   "Actual Total Time": 6793.085,        
                                   "Actual Rows": 36244344,              
                                   "Actual Loops": 1,                    
                                   "Shared Hit Blocks": 4,               
                                   "Shared Read Blocks": 252650,         
                                   "Shared Dirtied Blocks": 0,           
                                   "Shared Written Blocks": 0,           
                                   "Local Hit Blocks": 0,                
                                   "Local Read Blocks": 0,               
                                   "Local Dirtied Blocks": 0,            
                                   "Local Written Blocks": 0,            
                                   "Temp Read Blocks": 0,                
                                   "Temp Written Blocks": 0              
                                 }                                       
                               ]                                         
                             }                                           
                           ]                                             
                         }                                               
                       ]                                                 
                     }                                                   
                   ]                                                     
                 }                                                       
               ]                                                         
             }                                                           
           ]                                                             
         }                                                               
       ]                                                                 
     },                                                                  
     "Planning Time": 7510.645,                                          
     "Triggers": [                                                       
     ],                                                                  
     "Execution Time": 1555740.247                                       
