     "Plan": {                                                               
       "Node Type": "Aggregate",                                             
       "Strategy": "Plain",                                                  
       "Partial Mode": "Simple",                                             
       "Parallel Aware": false,                                              
       "Startup Cost": 373994.82,                                            
       "Total Cost": 373994.82,                                              
       "Plan Rows": 1,                                                       
       "Plan Width": 64,                                                     
       "Actual Startup Time": 127017.151,                                    
       "Actual Total Time": 127017.151,                                      
       "Actual Rows": 1,                                                     
       "Actual Loops": 1,                                                    
       "Shared Hit Blocks": 24,                                              
       "Shared Read Blocks": 402826,                                         
       "Shared Dirtied Blocks": 0,                                           
       "Shared Written Blocks": 0,                                           
       "Local Hit Blocks": 0,                                                
       "Local Read Blocks": 0,                                               
       "Local Dirtied Blocks": 0,                                            
       "Local Written Blocks": 0,                                            
       "Temp Read Blocks": 0,                                                
       "Temp Written Blocks": 0,                                             
       "Plans": [                                                            
         {                                                                   
           "Node Type": "Merge Join",                                        
           "Parent Relationship": "Outer",                                   
           "Parallel Aware": false,                                          
           "Join Type": "Inner",                                             
           "Startup Cost": 331880.33,                                        
           "Total Cost": 359299.77,                                          
           "Plan Rows": 94636151,                                            
           "Plan Width": 33,                                                 
           "Actual Startup Time": 70056.928,                                 
           "Actual Total Time": 108686.417,                                  
           "Actual Rows": 84629801,                                          
           "Actual Loops": 1,                                                
           "Inner Unique": false,                                            
           "Merge Cond": "(mk.movie_id = ci.movie_id)",                      
           "Shared Hit Blocks": 24,                                          
           "Shared Read Blocks": 402826,                                     
           "Shared Dirtied Blocks": 0,                                       
           "Shared Written Blocks": 0,                                       
           "Local Hit Blocks": 0,                                            
           "Local Read Blocks": 0,                                           
           "Local Dirtied Blocks": 0,                                        
           "Local Written Blocks": 0,                                        
           "Temp Read Blocks": 0,                                            
           "Temp Written Blocks": 0,                                         
           "Plans": [                                                        
             {                                                               
               "Node Type": "Sort",                                          
               "Parent Relationship": "Outer",                               
               "Parallel Aware": false,                                      
               "Startup Cost": 33572.02,                                     
               "Total Cost": 33923.26,                                       
               "Plan Rows": 4523930,                                         
               "Plan Width": 4,                                              
               "Actual Startup Time": 5498.067,                              
               "Actual Total Time": 6198.892,                                
               "Actual Rows": 4523876,                                       
               "Actual Loops": 1,                                            
               "Sort Key": ["mk.movie_id"],                                  
               "Sort Method": "quicksort",                                   
               "Sort Space Used": 408668,                                    
               "Sort Space Type": "Memory",                                  
               "Shared Hit Blocks": 9,                                       
               "Shared Read Blocks": 25398,                                  
               "Shared Dirtied Blocks": 0,                                   
               "Shared Written Blocks": 0,                                   
               "Local Hit Blocks": 0,                                        
               "Local Read Blocks": 0,                                       
               "Local Dirtied Blocks": 0,                                    
               "Local Written Blocks": 0,                                    
               "Temp Read Blocks": 0,                                        
               "Temp Written Blocks": 0,                                     
               "Plans": [                                                    
                 {                                                           
                   "Node Type": "Merge Join",                                
                   "Parent Relationship": "Outer",                           
                   "Parallel Aware": false,                                  
                   "Join Type": "Inner",                                     
                   "Startup Cost": 17004.84,                                 
                   "Total Cost": 18040.94,                                   
                   "Plan Rows": 4523930,                                     
                   "Plan Width": 4,                                          
                   "Actual Startup Time": 2315.743,                          
                   "Actual Total Time": 3894.930,                            
                   "Actual Rows": 4523930,                                   
                   "Actual Loops": 1,                                        
                   "Inner Unique": false,                                    
                   "Merge Cond": "(k.id = mk.keyword_id)",                   
                   "Shared Hit Blocks": 5,                                   
                   "Shared Read Blocks": 25398,                              
                   "Shared Dirtied Blocks": 0,                               
                   "Shared Written Blocks": 0,                               
                   "Local Hit Blocks": 0,                                    
                   "Local Read Blocks": 0,                                   
                   "Local Dirtied Blocks": 0,                                
                   "Local Written Blocks": 0,                                
                   "Temp Read Blocks": 0,                                    
                   "Temp Written Blocks": 0,                                 
                   "Plans": [                                                
                     {                                                       
                       "Node Type": "Sort",                                  
                       "Parent Relationship": "Outer",                       
                       "Parallel Aware": false,                              
                       "Startup Cost": 393.92,                               
                       "Total Cost": 404.34,                                 
                       "Plan Rows": 134170,                                  
                       "Plan Width": 4,                                      
                       "Actual Startup Time": 93.119,                        
                       "Actual Total Time": 112.053,                         
                       "Actual Rows": 134170,                                
                       "Actual Loops": 1,                                    
                       "Sort Key": ["k.id"],                                 
                       "Sort Method": "quicksort",                           
                       "Sort Space Used": 12434,                             
                       "Sort Space Type": "Memory",                          
                       "Shared Hit Blocks": 2,                               
                       "Shared Read Blocks": 947,                            
                       "Shared Dirtied Blocks": 0,                           
                       "Shared Written Blocks": 0,                           
                       "Local Hit Blocks": 0,                                
                       "Local Read Blocks": 0,                               
                       "Local Dirtied Blocks": 0,                            
                       "Local Written Blocks": 0,                            
                       "Temp Read Blocks": 0,                                
                       "Temp Written Blocks": 0,                             
                       "Plans": [                                            
                         {                                                   
                           "Node Type": "Seq Scan",                          
                           "Parent Relationship": "Outer",                   
                           "Parallel Aware": false,                          
                           "Relation Name": "keyword",                       
                           "Alias": "k",                                     
                           "Startup Cost": 0.00,                             
                           "Total Cost": 39.04,                              
                           "Plan Rows": 134170,                              
                           "Plan Width": 4,                                  
                           "Actual Startup Time": 2.800,                     
                           "Actual Total Time": 36.523,                      
                           "Actual Rows": 134170,                            
                           "Actual Loops": 1,                                
                           "Shared Hit Blocks": 2,                           
                           "Shared Read Blocks": 947,                        
                           "Shared Dirtied Blocks": 0,                       
                           "Shared Written Blocks": 0,                       
                           "Local Hit Blocks": 0,                            
                           "Local Read Blocks": 0,                           
                           "Local Dirtied Blocks": 0,                        
                           "Local Written Blocks": 0,                        
                           "Temp Read Blocks": 0,                            
                           "Temp Written Blocks": 0                          
                         }                                                   
                       ]                                                     
                     },                                                      
                     {                                                       
                       "Node Type": "Sort",                                  
                       "Parent Relationship": "Inner",                       
                       "Parallel Aware": false,                              
                       "Startup Cost": 16610.92,                             
                       "Total Cost": 16962.16,                               
                       "Plan Rows": 4523930,                                 
                       "Plan Width": 8,                                      
                       "Actual Startup Time": 2222.615,                      
                       "Actual Total Time": 2907.796,                        
                       "Actual Rows": 4523930,                               
                       "Actual Loops": 1,                                    
                       "Sort Key": ["mk.keyword_id"],                        
                       "Sort Method": "quicksort",                           
                       "Sort Space Used": 408668,                            
                       "Sort Space Type": "Memory",                          
                       "Shared Hit Blocks": 3,                               
                       "Shared Read Blocks": 24451,                          
                       "Shared Dirtied Blocks": 0,                           
                       "Shared Written Blocks": 0,                           
                       "Local Hit Blocks": 0,                                
                       "Local Read Blocks": 0,                               
                       "Local Dirtied Blocks": 0,                            
                       "Local Written Blocks": 0,                            
                       "Temp Read Blocks": 0,                                
                       "Temp Written Blocks": 0,                             
                       "Plans": [                                            
                         {                                                   
                           "Node Type": "Seq Scan",                          
                           "Parent Relationship": "Outer",                   
                           "Parallel Aware": false,                          
                           "Relation Name": "movie_keyword",                 
                           "Alias": "mk",                                    
                           "Startup Cost": 0.00,                             
                           "Total Cost": 1079.84,                            
                           "Plan Rows": 4523930,                             
                           "Plan Width": 8,                                  
                           "Actual Startup Time": 0.012,                     
                           "Actual Total Time": 784.870,                     
                           "Actual Rows": 4523930,                           
                           "Actual Loops": 1,                                
                           "Shared Hit Blocks": 3,                           
                           "Shared Read Blocks": 24451,                      
                           "Shared Dirtied Blocks": 0,                       
                           "Shared Written Blocks": 0,                       
                           "Local Hit Blocks": 0,                            
                           "Local Read Blocks": 0,                           
                           "Local Dirtied Blocks": 0,                        
                           "Local Written Blocks": 0,                        
                           "Temp Read Blocks": 0,                            
                           "Temp Written Blocks": 0                          
                         }                                                   
                       ]                                                     
                     }                                                       
                   ]                                                         
                 }                                                           
               ]                                                             
             },                                                              
             {                                                               
               "Node Type": "Materialize",                                   
               "Parent Relationship": "Inner",                               
               "Parallel Aware": false,                                      
               "Startup Cost": 298308.31,                                    
               "Total Cost": 305542.16,                                      
               "Plan Rows": 22607450,                                        
               "Plan Width": 45,                                             
               "Actual Startup Time": 64558.839,                             
               "Actual Total Time": 83882.334,                               
               "Actual Rows": 98794718,                                      
               "Actual Loops": 1,                                            
               "Shared Hit Blocks": 15,                                      
               "Shared Read Blocks": 377428,                                 
               "Shared Dirtied Blocks": 0,                                   
               "Shared Written Blocks": 0,                                   
               "Local Hit Blocks": 0,                                        
               "Local Read Blocks": 0,                                       
               "Local Dirtied Blocks": 0,                                    
               "Local Written Blocks": 0,                                    
               "Temp Read Blocks": 0,                                        
               "Temp Written Blocks": 0,                                     
               "Plans": [                                                    
                 {                                                           
                   "Node Type": "Merge Join",                                
                   "Parent Relationship": "Outer",                           
                   "Parallel Aware": false,                                  
                   "Join Type": "Inner",                                     
                   "Startup Cost": 298308.31,                                
                   "Total Cost": 303786.92,                                  
                   "Plan Rows": 22607450,                                    
                   "Plan Width": 45,                                         
                   "Actual Startup Time": 64558.834,                         
                   "Actual Total Time": 74863.442,                           
                   "Actual Rows": 23069703,                                  
                   "Actual Loops": 1,                                        
                   "Inner Unique": false,                                    
                   "Merge Cond": "(mc.movie_id = ci.movie_id)",              
                   "Shared Hit Blocks": 15,                                  
                   "Shared Read Blocks": 377428,                             
                   "Shared Dirtied Blocks": 0,                               
                   "Shared Written Blocks": 0,                               
                   "Local Hit Blocks": 0,                                    
                   "Local Read Blocks": 0,                                   
                   "Local Dirtied Blocks": 0,                                
                   "Local Written Blocks": 0,                                
                   "Temp Read Blocks": 0,                                    
                   "Temp Written Blocks": 0,                                 
                   "Plans": [                                                
                     {                                                       
                       "Node Type": "Sort",                                  
                       "Parent Relationship": "Outer",                       
                       "Parallel Aware": false,                              
                       "Startup Cost": 19424.42,                             
                       "Total Cost": 19626.99,                               
                       "Plan Rows": 2609129,                                 
                       "Plan Width": 4,                                      
                       "Actual Startup Time": 3551.547,                      
                       "Actual Total Time": 3906.182,                        
                       "Actual Rows": 2609129,                               
                       "Actual Loops": 1,                                    
                       "Sort Key": ["mc.movie_id"],                          
                       "Sort Method": "quicksort",                           
                       "Sort Space Used": 220607,                            
                       "Sort Space Type": "Memory",                          
                       "Shared Hit Blocks": 5,                               
                       "Shared Read Blocks": 21778,                          
                       "Shared Dirtied Blocks": 0,                           
                       "Shared Written Blocks": 0,                           
                       "Local Hit Blocks": 0,                                
                       "Local Read Blocks": 0,                               
                       "Local Dirtied Blocks": 0,                            
                       "Local Written Blocks": 0,                            
                       "Temp Read Blocks": 0,                                
                       "Temp Written Blocks": 0,                             
                       "Plans": [                                            
                         {                                                   
                           "Node Type": "Merge Join",                        
                           "Parent Relationship": "Outer",                   
                           "Parallel Aware": false,                          
                           "Join Type": "Inner",                             
                           "Startup Cost": 10166.68,                         
                           "Total Cost": 10788.72,                           
                           "Plan Rows": 2609129,                             
                           "Plan Width": 4,                                  
                           "Actual Startup Time": 1642.104,                  
                           "Actual Total Time": 2554.051,                    
                           "Actual Rows": 2609129,                           
                           "Actual Loops": 1,                                
                           "Inner Unique": false,                            
                           "Merge Cond": "(cn.id = mc.company_id)",          
                           "Shared Hit Blocks": 5,                           
                           "Shared Read Blocks": 21778,                      
                           "Shared Dirtied Blocks": 0,                       
                           "Shared Written Blocks": 0,                       
                           "Local Hit Blocks": 0,                            
                           "Local Read Blocks": 0,                           
                           "Local Dirtied Blocks": 0,                        
                           "Local Written Blocks": 0,                        
                           "Temp Read Blocks": 0,                            
                           "Temp Written Blocks": 0,                         
                           "Plans": [                                        
                             {                                               
                               "Node Type": "Sort",                          
                               "Parent Relationship": "Outer",               
                               "Parallel Aware": false,                      
                               "Startup Cost": 761.23,                       
                               "Total Cost": 779.47,                         
                               "Plan Rows": 234997,                          
                               "Plan Width": 4,                              
                               "Actual Startup Time": 203.293,               
                               "Actual Total Time": 238.464,                 
                               "Actual Rows": 234997,                        
                               "Actual Loops": 1,                            
                               "Sort Key": ["cn.id"],                        
                               "Sort Method": "quicksort",                   
                               "Sort Space Used": 17160,                     
                               "Sort Space Type": "Memory",                  
                               "Shared Hit Blocks": 2,                       
                               "Shared Read Blocks": 2992,                   
                               "Shared Dirtied Blocks": 0,                   
                               "Shared Written Blocks": 0,                   
                               "Local Hit Blocks": 0,                        
                               "Local Read Blocks": 0,                       
                               "Local Dirtied Blocks": 0,                    
                               "Local Written Blocks": 0,                    
                               "Temp Read Blocks": 0,                        
                               "Temp Written Blocks": 0,                     
                               "Plans": [                                    
                                 {                                           
                                   "Node Type": "Seq Scan",                  
                                   "Parent Relationship": "Outer",           
                                   "Parallel Aware": false,                  
                                   "Relation Name": "company_name",          
                                   "Alias": "cn",                            
                                   "Startup Cost": 0.00,                     
                                   "Total Cost": 110.16,                     
                                   "Plan Rows": 234997,                      
                                   "Plan Width": 4,                          
                                   "Actual Startup Time": 14.560,            
                                   "Actual Total Time": 93.557,              
                                   "Actual Rows": 234997,                    
                                   "Actual Loops": 1,                        
                                   "Shared Hit Blocks": 2,                   
                                   "Shared Read Blocks": 2992,               
                                   "Shared Dirtied Blocks": 0,               
                                   "Shared Written Blocks": 0,               
                                   "Local Hit Blocks": 0,                    
                                   "Local Read Blocks": 0,                   
                                   "Local Dirtied Blocks": 0,                
                                   "Local Written Blocks": 0,                
                                   "Temp Read Blocks": 0,                    
                                   "Temp Written Blocks": 0                  
                                 }                                           
                               ]                                             
                             },                                              
                             {                                               
                               "Node Type": "Sort",                          
                               "Parent Relationship": "Inner",               
                               "Parallel Aware": false,                      
                               "Startup Cost": 9405.45,                      
                               "Total Cost": 9608.03,                        
                               "Plan Rows": 2609129,                         
                               "Plan Width": 8,                              
                               "Actual Startup Time": 1438.802,              
                               "Actual Total Time": 1770.995,                
                               "Actual Rows": 2609129,                       
                               "Actual Loops": 1,                            
                               "Sort Key": ["mc.company_id"],                
                               "Sort Method": "quicksort",                   
                               "Sort Space Used": 220607,                    
                               "Sort Space Type": "Memory",                  
                               "Shared Hit Blocks": 3,                       
                               "Shared Read Blocks": 18786,                  
                               "Shared Dirtied Blocks": 0,                   
                               "Shared Written Blocks": 0,                   
                               "Local Hit Blocks": 0,                        
                               "Local Read Blocks": 0,                       
                               "Local Dirtied Blocks": 0,                    
                               "Local Written Blocks": 0,                    
                               "Temp Read Blocks": 0,                        
                               "Temp Written Blocks": 0,                     
                               "Plans": [                                    
                                 {                                           
                                   "Node Type": "Seq Scan",                  
                                   "Parent Relationship": "Outer",           
                                   "Parallel Aware": false,                  
                                   "Relation Name": "movie_companies",       
                                   "Alias": "mc",                            
                                   "Startup Cost": 0.00,                     
                                   "Total Cost": 769.75,                     
                                   "Plan Rows": 2609129,                     
                                   "Plan Width": 8,                          
                                   "Actual Startup Time": 0.011,             
                                   "Actual Total Time": 577.611,             
                                   "Actual Rows": 2609129,                   
                                   "Actual Loops": 1,                        
                                   "Shared Hit Blocks": 3,                   
                                   "Shared Read Blocks": 18786,              
                                   "Shared Dirtied Blocks": 0,               
                                   "Shared Written Blocks": 0,               
                                   "Local Hit Blocks": 0,                    
                                   "Local Read Blocks": 0,                   
                                   "Local Dirtied Blocks": 0,                
                                   "Local Written Blocks": 0,                
                                   "Temp Read Blocks": 0,                    
                                   "Temp Written Blocks": 0                  
                                 }                                           
                               ]                                             
                             }                                               
                           ]                                                 
                         }                                                   
                       ]                                                     
                     },                                                      
                     {                                                       
                       "Node Type": "Sort",                                  
                       "Parent Relationship": "Inner",                       
                       "Parallel Aware": false,                              
                       "Startup Cost": 278883.89,                            
                       "Total Cost": 279796.93,                              
                       "Plan Rows": 11760050,                                
                       "Plan Width": 41,                                     
                       "Actual Startup Time": 61007.144,                     
                       "Actual Total Time": 63983.931,                       
                       "Actual Rows": 30659775,                              
                       "Actual Loops": 1,                                    
                       "Sort Key": ["ci.movie_id"],                          
                       "Sort Method": "quicksort",                           
                       "Sort Space Used": 1938427,                           
                       "Sort Space Type": "Memory",                          
                       "Shared Hit Blocks": 10,                              
                       "Shared Read Blocks": 355650,                         
                       "Shared Dirtied Blocks": 0,                           
                       "Shared Written Blocks": 0,                           
                       "Local Hit Blocks": 0,                                
                       "Local Read Blocks": 0,                               
                       "Local Dirtied Blocks": 0,                            
                       "Local Written Blocks": 0,                            
                       "Temp Read Blocks": 0,                                
                       "Temp Written Blocks": 0,                             
                       "Plans": [                                            
                         {                                                   
                           "Node Type": "Merge Join",                        
                           "Parent Relationship": "Outer",                   
                           "Parallel Aware": false,                          
                           "Join Type": "Inner",                             
                           "Startup Cost": 232284.73,                        
                           "Total Cost": 235993.72,                          
                           "Plan Rows": 11760050,                            
                           "Plan Width": 41,                                 
                           "Actual Startup Time": 45138.229,                 
                           "Actual Total Time": 54060.148,                   
                           "Actual Rows": 15540714,                          
                           "Actual Loops": 1,                                
                           "Inner Unique": false,                            
                           "Merge Cond": "(an.person_id = ci.person_id)",    
                           "Shared Hit Blocks": 10,                          
                           "Shared Read Blocks": 355650,                     
                           "Shared Dirtied Blocks": 0,                       
                           "Shared Written Blocks": 0,                       
                           "Local Hit Blocks": 0,                            
                           "Local Read Blocks": 0,                           
                           "Local Dirtied Blocks": 0,                        
                           "Local Written Blocks": 0,                        
                           "Temp Read Blocks": 0,                            
                           "Temp Written Blocks": 0,                         
                           "Plans": [                                        
                             {                                               
                               "Node Type": "Merge Join",                    
                               "Parent Relationship": "Outer",               
                               "Parallel Aware": false,                      
                               "Join Type": "Inner",                         
                               "Startup Cost": 19451.73,                     
                               "Total Cost": 20301.14,                       
                               "Plan Rows": 901343,                          
                               "Plan Width": 24,                             
                               "Actual Startup Time": 4347.856,              
                               "Actual Total Time": 5633.147,                
                               "Actual Rows": 772582,                        
                               "Actual Loops": 1,                            
                               "Inner Unique": true,                         
                               "Merge Cond": "(an.person_id = n.id)",        
                               "Shared Hit Blocks": 4,                       
                               "Shared Read Blocks": 67004,                  
                               "Shared Dirtied Blocks": 0,                   
                               "Shared Written Blocks": 0,                   
                               "Local Hit Blocks": 0,                        
                               "Local Read Blocks": 0,                       
                               "Local Dirtied Blocks": 0,                    
                               "Local Written Blocks": 0,                    
                               "Temp Read Blocks": 0,                        
                               "Temp Written Blocks": 0,                     
                               "Plans": [                                    
                                 {                                           
                                   "Node Type": "Sort",                      
                                   "Parent Relationship": "Outer",           
                                   "Parallel Aware": false,                  
                                   "Startup Cost": 3188.40,                  
                                   "Total Cost": 3258.38,                    
                                   "Plan Rows": 901343,                      
                                   "Plan Width": 20,                         
                                   "Actual Startup Time": 752.653,           
                                   "Actual Total Time": 852.495,             
                                   "Actual Rows": 772582,                    
                                   "Actual Loops": 1,                        
                                   "Sort Key": ["an.person_id"],             
                                   "Sort Method": "quicksort",               
                                   "Sort Space Used": 89763,                 
                                   "Sort Space Type": "Memory",              
                                   "Shared Hit Blocks": 2,                   
                                   "Shared Read Blocks": 11393,              
                                   "Shared Dirtied Blocks": 0,               
                                   "Shared Written Blocks": 0,               
                                   "Local Hit Blocks": 0,                    
                                   "Local Read Blocks": 0,                   
                                   "Local Dirtied Blocks": 0,                
                                   "Local Written Blocks": 0,                
                                   "Temp Read Blocks": 0,                    
                                   "Temp Written Blocks": 0,                 
                                   "Plans": [                                
                                     {                                       
                                       "Node Type": "Seq Scan",              
                                       "Parent Relationship": "Outer",       
                                       "Parallel Aware": false,              
                                       "Relation Name": "aka_name",          
                                       "Alias": "an",                        
                                       "Startup Cost": 0.00,                 
                                       "Total Cost": 419.75,                 
                                       "Plan Rows": 901343,                  
                                       "Plan Width": 20,                     
                                       "Actual Startup Time": 0.018,         
                                       "Actual Total Time": 325.165,         
                                       "Actual Rows": 901343,                
                                       "Actual Loops": 1,                    
                                       "Shared Hit Blocks": 2,               
                                       "Shared Read Blocks": 11393,          
                                       "Shared Dirtied Blocks": 0,           
                                       "Shared Written Blocks": 0,           
                                       "Local Hit Blocks": 0,                
                                       "Local Read Blocks": 0,               
                                       "Local Dirtied Blocks": 0,            
                                       "Local Written Blocks": 0,            
                                       "Temp Read Blocks": 0,                
                                       "Temp Written Blocks": 0              
                                     }                                       
                                   ]                                         
                                 },                                          
                                 {                                           
                                   "Node Type": "Sort",                      
                                   "Parent Relationship": "Inner",           
                                   "Parallel Aware": false,                  
                                   "Startup Cost": 16263.33,                 
                                   "Total Cost": 16586.90,                   
                                   "Plan Rows": 4167491,                     
                                   "Plan Width": 4,                          
                                   "Actual Startup Time": 3595.190,          
                                   "Actual Total Time": 4067.616,            
                                   "Actual Rows": 4061927,                   
                                   "Actual Loops": 1,                        
                                   "Sort Key": ["n.id"],                     
                                   "Sort Method": "quicksort",               
                                   "Sort Space Used": 293656,                
                                   "Sort Space Type": "Memory",              
                                   "Shared Hit Blocks": 2,                   
                                   "Shared Read Blocks": 55611,              
                                   "Shared Dirtied Blocks": 0,               
                                   "Shared Written Blocks": 0,               
                                   "Local Hit Blocks": 0,                    
                                   "Local Read Blocks": 0,                   
                                   "Local Dirtied Blocks": 0,                
                                   "Local Written Blocks": 0,                
                                   "Temp Read Blocks": 0,                    
                                   "Temp Written Blocks": 0,                 
                                   "Plans": [                                
                                     {                                       
                                       "Node Type": "Seq Scan",              
                                       "Parent Relationship": "Outer",       
                                       "Parallel Aware": false,              
                                       "Relation Name": "name",              
                                       "Alias": "n",                         
                                       "Startup Cost": 0.00,                 
                                       "Total Cost": 2032.56,                
                                       "Plan Rows": 4167491,                 
                                       "Plan Width": 4,                      
                                       "Actual Startup Time": 3.958,         
                                       "Actual Total Time": 1776.907,        
                                       "Actual Rows": 4167491,               
                                       "Actual Loops": 1,                    
                                       "Shared Hit Blocks": 2,               
                                       "Shared Read Blocks": 55611,          
                                       "Shared Dirtied Blocks": 0,           
                                       "Shared Written Blocks": 0,           
                                       "Local Hit Blocks": 0,                
                                       "Local Read Blocks": 0,               
                                       "Local Dirtied Blocks": 0,            
                                       "Local Written Blocks": 0,            
                                       "Temp Read Blocks": 0,                
                                       "Temp Written Blocks": 0              
                                     }                                       
                                   ]                                         
                                 }                                           
                               ]                                             
                             },                                              
                             {                                               
                               "Node Type": "Sort",                          
                               "Parent Relationship": "Inner",               
                               "Parallel Aware": false,                      
                               "Startup Cost": 212833.00,                    
                               "Total Cost": 213886.90,                      
                               "Plan Rows": 13574269,                        
                               "Plan Width": 29,                             
                               "Actual Startup Time": 40790.363,             
                               "Actual Total Time": 43701.580,               
                               "Actual Rows": 24183072,                      
                               "Actual Loops": 1,                            
                               "Sort Key": ["ci.person_id"],                 
                               "Sort Method": "quicksort",                   
                               "Sort Space Used": 1719019,                   
                               "Sort Space Type": "Memory",                  
                               "Shared Hit Blocks": 6,                       
                               "Shared Read Blocks": 288646,                 
                               "Shared Dirtied Blocks": 0,                   
                               "Shared Written Blocks": 0,                   
                               "Local Hit Blocks": 0,                        
                               "Local Read Blocks": 0,                       
                               "Local Dirtied Blocks": 0,                    
                               "Local Written Blocks": 0,                    
                               "Temp Read Blocks": 0,                        
                               "Temp Written Blocks": 0,                     
                               "Plans": [                                    
                                 {                                           
                                   "Node Type": "Merge Join",                
                                   "Parent Relationship": "Outer",           
                                   "Parallel Aware": false,                  
                                   "Join Type": "Inner",                     
                                   "Startup Cost": 156176.45,                
                                   "Total Cost": 162889.90,                  
                                   "Plan Rows": 13574269,                    
                                   "Plan Width": 29,                         
                                   "Actual Startup Time": 23061.832,         
                                   "Actual Total Time": 34147.573,           
                                   "Actual Rows": 16171237,                  
                                   "Actual Loops": 1,                        
                                   "Inner Unique": true,                     
                                   "Merge Cond": "(ci.movie_id = t.id)",     
                                   "Shared Hit Blocks": 6,                   
                                   "Shared Read Blocks": 288646,             
                                   "Shared Dirtied Blocks": 0,               
                                   "Shared Written Blocks": 0,               
                                   "Local Hit Blocks": 0,                    
                                   "Local Read Blocks": 0,                   
                                   "Local Dirtied Blocks": 0,                
                                   "Local Written Blocks": 0,                
                                   "Temp Read Blocks": 0,                    
                                   "Temp Written Blocks": 0,                 
                                   "Plans": [                                
                                     {                                       
                                       "Node Type": "Sort",                  
                                       "Parent Relationship": "Outer",       
                                       "Parallel Aware": false,              
                                       "Startup Cost": 151757.13,            
                                       "Total Cost": 154571.13,              
                                       "Plan Rows": 36244344,                
                                       "Plan Width": 8,                      
                                       "Actual Startup Time": 21071.503,     
                                       "Actual Total Time": 25680.425,       
                                       "Actual Rows": 36244344,              
                                       "Actual Loops": 1,                    
                                       "Sort Key": ["ci.movie_id"],          
                                       "Sort Method": "quicksort",           
                                       "Sort Space Used": 3271818,           
                                       "Sort Space Type": "Memory",          
                                       "Shared Hit Blocks": 4,               
                                       "Shared Read Blocks": 252650,         
                                       "Shared Dirtied Blocks": 0,           
                                       "Shared Written Blocks": 0,           
                                       "Local Hit Blocks": 0,                
                                       "Local Read Blocks": 0,               
                                       "Local Dirtied Blocks": 0,            
                                       "Local Written Blocks": 0,            
                                       "Temp Read Blocks": 0,                
                                       "Temp Written Blocks": 0,             
                                       "Plans": [                            
                                         {                                   
                                           "Node Type": "Seq Scan",          
                                           "Parent Relationship": "Outer",   
                                           "Parallel Aware": false,          
                                           "Relation Name": "cast_info",     
                                           "Alias": "ci",                    
                                           "Startup Cost": 0.00,             
                                           "Total Cost": 10431.00,           
                                           "Plan Rows": 36244344,            
                                           "Plan Width": 8,                  
                                           "Actual Startup Time": 0.016,     
                                           "Actual Total Time": 6941.887,    
                                           "Actual Rows": 36244344,          
                                           "Actual Loops": 1,                
                                           "Shared Hit Blocks": 4,           
                                           "Shared Read Blocks": 252650,     
                                           "Shared Dirtied Blocks": 0,       
                                           "Shared Written Blocks": 0,       
                                           "Local Hit Blocks": 0,            
                                           "Local Read Blocks": 0,           
                                           "Local Dirtied Blocks": 0,        
                                           "Local Written Blocks": 0,        
                                           "Temp Read Blocks": 0,            
                                           "Temp Written Blocks": 0          
                                         }                                   
                                       ]                                     
                                     },                                      
                                     {                                       
                                       "Node Type": "Sort",                  
                                       "Parent Relationship": "Inner",       
                                       "Parallel Aware": false,              
                                       "Startup Cost": 4419.32,              
                                       "Total Cost": 4492.84,                
                                       "Plan Rows": 946906,                  
                                       "Plan Width": 21,                     
                                       "Actual Startup Time": 1990.312,      
                                       "Actual Total Time": 2144.250,        
                                       "Actual Rows": 946153,                
                                       "Actual Loops": 1,                    
                                       "Sort Key": ["t.id"],                 
                                       "Sort Method": "quicksort",           
                                       "Sort Space Used": 87357,             
                                       "Sort Space Type": "Memory",          
                                       "Shared Hit Blocks": 2,               
                                       "Shared Read Blocks": 35996,          
                                       "Shared Dirtied Blocks": 0,           
                                       "Shared Written Blocks": 0,           
                                       "Local Hit Blocks": 0,                
                                       "Local Read Blocks": 0,               
                                       "Local Dirtied Blocks": 0,            
                                       "Local Written Blocks": 0,            
                                       "Temp Read Blocks": 0,                
                                       "Temp Written Blocks": 0,             
                                       "Plans": [                            
                                         {                                   
                                           "Node Type": "Seq Scan",          
                                           "Parent Relationship": "Outer",   
                                           "Parallel Aware": false,          
                                           "Relation Name": "title",         
                                           "Alias": "t",                     
                                           "Startup Cost": 0.00,             
                                           "Total Cost": 1500.26,            
                                           "Plan Rows": 946906,              
                                           "Plan Width": 21,                 
                                           "Actual Startup Time": 0.054,     
                                           "Actual Total Time": 1477.744,    
                                           "Actual Rows": 946906,            
                                           "Actual Loops": 1,                
                                           "Filter": "(episode_nr < 100)",   
                                           "Rows Removed by Filter": 1581406,
                                           "Shared Hit Blocks": 2,           
                                           "Shared Read Blocks": 35996,      
                                           "Shared Dirtied Blocks": 0,       
                                           "Shared Written Blocks": 0,       
                                           "Local Hit Blocks": 0,            
                                           "Local Read Blocks": 0,           
                                           "Local Dirtied Blocks": 0,        
                                           "Local Written Blocks": 0,        
                                           "Temp Read Blocks": 0,            
                                           "Temp Written Blocks": 0          
                                         }                                   
                                       ]                                     
                                     }                                       
                                   ]                                         
                                 }                                           
                               ]                                             
                             }                                               
                           ]                                                 
                         }                                                   
                       ]                                                     
                     }                                                       
                   ]                                                         
                 }                                                           
               ]                                                             
             }                                                               
           ]                                                                 
         }                                                                   
       ]                                                                     
     },                                                                      
     "Planning Time": 7778.110,                                              
     "Triggers": [                                                           
     ],                                                                      
     "Execution Time": 127281.687                                            
