     "Plan": {                                                                                    
       "Node Type": "Aggregate",                                                                  
       "Strategy": "Plain",                                                                       
       "Partial Mode": "Simple",                                                                  
       "Parallel Aware": false,                                                                   
       "Startup Cost": 335032.85,                                                                 
       "Total Cost": 335032.85,                                                                   
       "Plan Rows": 1,                                                                            
       "Plan Width": 64,                                                                          
       "Actual Startup Time": 103892.608,                                                         
       "Actual Total Time": 103892.608,                                                           
       "Actual Rows": 1,                                                                          
       "Actual Loops": 1,                                                                         
       "Shared Hit Blocks": 24,                                                                   
       "Shared Read Blocks": 402826,                                                              
       "Shared Dirtied Blocks": 0,                                                                
       "Shared Written Blocks": 0,                                                                
       "Local Hit Blocks": 0,                                                                     
       "Local Read Blocks": 0,                                                                    
       "Local Dirtied Blocks": 0,                                                                 
       "Local Written Blocks": 0,                                                                 
       "Temp Read Blocks": 0,                                                                     
       "Temp Written Blocks": 0,                                                                  
       "Plans": [                                                                                 
         {                                                                                        
           "Node Type": "Merge Join",                                                             
           "Parent Relationship": "Outer",                                                        
           "Parallel Aware": false,                                                               
           "Join Type": "Inner",                                                                  
           "Startup Cost": 303933.29,                                                             
           "Total Cost": 324285.07,                                                               
           "Plan Rows": 69215777,                                                                 
           "Plan Width": 33,                                                                      
           "Actual Startup Time": 63677.609,                                                      
           "Actual Total Time": 91814.112,                                                        
           "Actual Rows": 56545964,                                                               
           "Actual Loops": 1,                                                                     
           "Inner Unique": false,                                                                 
           "Merge Cond": "(mk.movie_id = ci.movie_id)",                                           
           "Shared Hit Blocks": 24,                                                               
           "Shared Read Blocks": 402826,                                                          
           "Shared Dirtied Blocks": 0,                                                            
           "Shared Written Blocks": 0,                                                            
           "Local Hit Blocks": 0,                                                                 
           "Local Read Blocks": 0,                                                                
           "Local Dirtied Blocks": 0,                                                             
           "Local Written Blocks": 0,                                                             
           "Temp Read Blocks": 0,                                                                 
           "Temp Written Blocks": 0,                                                              
           "Plans": [                                                                             
             {                                                                                    
               "Node Type": "Sort",                                                               
               "Parent Relationship": "Outer",                                                    
               "Parallel Aware": false,                                                           
               "Startup Cost": 33572.02,                                                          
               "Total Cost": 33923.26,                                                            
               "Plan Rows": 4523930,                                                              
               "Plan Width": 4,                                                                   
               "Actual Startup Time": 5523.250,                                                   
               "Actual Total Time": 6228.074,                                                     
               "Actual Rows": 4523876,                                                            
               "Actual Loops": 1,                                                                 
               "Sort Key": ["mk.movie_id"],                                                       
               "Sort Method": "quicksort",                                                        
               "Sort Space Used": 408668,                                                         
               "Sort Space Type": "Memory",                                                       
               "Shared Hit Blocks": 9,                                                            
               "Shared Read Blocks": 25398,                                                       
               "Shared Dirtied Blocks": 0,                                                        
               "Shared Written Blocks": 0,                                                        
               "Local Hit Blocks": 0,                                                             
               "Local Read Blocks": 0,                                                            
               "Local Dirtied Blocks": 0,                                                         
               "Local Written Blocks": 0,                                                         
               "Temp Read Blocks": 0,                                                             
               "Temp Written Blocks": 0,                                                          
               "Plans": [                                                                         
                 {                                                                                
                   "Node Type": "Merge Join",                                                     
                   "Parent Relationship": "Outer",                                                
                   "Parallel Aware": false,                                                       
                   "Join Type": "Inner",                                                          
                   "Startup Cost": 17004.84,                                                      
                   "Total Cost": 18040.94,                                                        
                   "Plan Rows": 4523930,                                                          
                   "Plan Width": 4,                                                               
                   "Actual Startup Time": 2334.744,                                               
                   "Actual Total Time": 3906.360,                                                 
                   "Actual Rows": 4523930,                                                        
                   "Actual Loops": 1,                                                             
                   "Inner Unique": false,                                                         
                   "Merge Cond": "(k.id = mk.keyword_id)",                                        
                   "Shared Hit Blocks": 5,                                                        
                   "Shared Read Blocks": 25398,                                                   
                   "Shared Dirtied Blocks": 0,                                                    
                   "Shared Written Blocks": 0,                                                    
                   "Local Hit Blocks": 0,                                                         
                   "Local Read Blocks": 0,                                                        
                   "Local Dirtied Blocks": 0,                                                     
                   "Local Written Blocks": 0,                                                     
                   "Temp Read Blocks": 0,                                                         
                   "Temp Written Blocks": 0,                                                      
                   "Plans": [                                                                     
                     {                                                                            
                       "Node Type": "Sort",                                                       
                       "Parent Relationship": "Outer",                                            
                       "Parallel Aware": false,                                                   
                       "Startup Cost": 393.92,                                                    
                       "Total Cost": 404.34,                                                      
                       "Plan Rows": 134170,                                                       
                       "Plan Width": 4,                                                           
                       "Actual Startup Time": 108.942,                                            
                       "Actual Total Time": 127.643,                                              
                       "Actual Rows": 134170,                                                     
                       "Actual Loops": 1,                                                         
                       "Sort Key": ["k.id"],                                                      
                       "Sort Method": "quicksort",                                                
                       "Sort Space Used": 12434,                                                  
                       "Sort Space Type": "Memory",                                               
                       "Shared Hit Blocks": 2,                                                    
                       "Shared Read Blocks": 947,                                                 
                       "Shared Dirtied Blocks": 0,                                                
                       "Shared Written Blocks": 0,                                                
                       "Local Hit Blocks": 0,                                                     
                       "Local Read Blocks": 0,                                                    
                       "Local Dirtied Blocks": 0,                                                 
                       "Local Written Blocks": 0,                                                 
                       "Temp Read Blocks": 0,                                                     
                       "Temp Written Blocks": 0,                                                  
                       "Plans": [                                                                 
                         {                                                                        
                           "Node Type": "Seq Scan",                                               
                           "Parent Relationship": "Outer",                                        
                           "Parallel Aware": false,                                               
                           "Relation Name": "keyword",                                            
                           "Alias": "k",                                                          
                           "Startup Cost": 0.00,                                                  
                           "Total Cost": 39.04,                                                   
                           "Plan Rows": 134170,                                                   
                           "Plan Width": 4,                                                       
                           "Actual Startup Time": 18.924,                                         
                           "Actual Total Time": 52.425,                                           
                           "Actual Rows": 134170,                                                 
                           "Actual Loops": 1,                                                     
                           "Shared Hit Blocks": 2,                                                
                           "Shared Read Blocks": 947,                                             
                           "Shared Dirtied Blocks": 0,                                            
                           "Shared Written Blocks": 0,                                            
                           "Local Hit Blocks": 0,                                                 
                           "Local Read Blocks": 0,                                                
                           "Local Dirtied Blocks": 0,                                             
                           "Local Written Blocks": 0,                                             
                           "Temp Read Blocks": 0,                                                 
                           "Temp Written Blocks": 0                                               
                         }                                                                        
                       ]                                                                          
                     },                                                                           
                     {                                                                            
                       "Node Type": "Sort",                                                       
                       "Parent Relationship": "Inner",                                            
                       "Parallel Aware": false,                                                   
                       "Startup Cost": 16610.92,                                                  
                       "Total Cost": 16962.16,                                                    
                       "Plan Rows": 4523930,                                                      
                       "Plan Width": 8,                                                           
                       "Actual Startup Time": 2225.793,                                           
                       "Actual Total Time": 2911.111,                                             
                       "Actual Rows": 4523930,                                                    
                       "Actual Loops": 1,                                                         
                       "Sort Key": ["mk.keyword_id"],                                             
                       "Sort Method": "quicksort",                                                
                       "Sort Space Used": 408668,                                                 
                       "Sort Space Type": "Memory",                                               
                       "Shared Hit Blocks": 3,                                                    
                       "Shared Read Blocks": 24451,                                               
                       "Shared Dirtied Blocks": 0,                                                
                       "Shared Written Blocks": 0,                                                
                       "Local Hit Blocks": 0,                                                     
                       "Local Read Blocks": 0,                                                    
                       "Local Dirtied Blocks": 0,                                                 
                       "Local Written Blocks": 0,                                                 
                       "Temp Read Blocks": 0,                                                     
                       "Temp Written Blocks": 0,                                                  
                       "Plans": [                                                                 
                         {                                                                        
                           "Node Type": "Seq Scan",                                               
                           "Parent Relationship": "Outer",                                        
                           "Parallel Aware": false,                                               
                           "Relation Name": "movie_keyword",                                      
                           "Alias": "mk",                                                         
                           "Startup Cost": 0.00,                                                  
                           "Total Cost": 1079.84,                                                 
                           "Plan Rows": 4523930,                                                  
                           "Plan Width": 8,                                                       
                           "Actual Startup Time": 0.008,                                          
                           "Actual Total Time": 793.513,                                          
                           "Actual Rows": 4523930,                                                
                           "Actual Loops": 1,                                                     
                           "Shared Hit Blocks": 3,                                                
                           "Shared Read Blocks": 24451,                                           
                           "Shared Dirtied Blocks": 0,                                            
                           "Shared Written Blocks": 0,                                            
                           "Local Hit Blocks": 0,                                                 
                           "Local Read Blocks": 0,                                                
                           "Local Dirtied Blocks": 0,                                             
                           "Local Written Blocks": 0,                                             
                           "Temp Read Blocks": 0,                                                 
                           "Temp Written Blocks": 0                                               
                         }                                                                        
                       ]                                                                          
                     }                                                                            
                   ]                                                                              
                 }                                                                                
               ]                                                                                  
             },                                                                                   
             {                                                                                    
               "Node Type": "Materialize",                                                        
               "Parent Relationship": "Inner",                                                    
               "Parallel Aware": false,                                                           
               "Startup Cost": 270361.26,                                                         
               "Total Cost": 275760.85,                                                           
               "Plan Rows": 16534825,                                                             
               "Plan Width": 45,                                                                  
               "Actual Startup Time": 58150.258,                                                  
               "Actual Total Time": 72626.620,                                                    
               "Actual Rows": 67622141,                                                           
               "Actual Loops": 1,                                                                 
               "Shared Hit Blocks": 15,                                                           
               "Shared Read Blocks": 377428,                                                      
               "Shared Dirtied Blocks": 0,                                                        
               "Shared Written Blocks": 0,                                                        
               "Local Hit Blocks": 0,                                                             
               "Local Read Blocks": 0,                                                            
               "Local Dirtied Blocks": 0,                                                         
               "Local Written Blocks": 0,                                                         
               "Temp Read Blocks": 0,                                                             
               "Temp Written Blocks": 0,                                                          
               "Plans": [                                                                         
                 {                                                                                
                   "Node Type": "Merge Join",                                                     
                   "Parent Relationship": "Outer",                                                
                   "Parallel Aware": false,                                                       
                   "Join Type": "Inner",                                                          
                   "Startup Cost": 270361.26,                                                     
                   "Total Cost": 274477.09,                                                       
                   "Plan Rows": 16534825,                                                         
                   "Plan Width": 45,                                                              
                   "Actual Startup Time": 58150.252,                                              
                   "Actual Total Time": 66011.625,                                                
                   "Actual Rows": 17646988,                                                       
                   "Actual Loops": 1,                                                             
                   "Inner Unique": false,                                                         
                   "Merge Cond": "(mc.movie_id = ci.movie_id)",                                   
                   "Shared Hit Blocks": 15,                                                       
                   "Shared Read Blocks": 377428,                                                  
                   "Shared Dirtied Blocks": 0,                                                    
                   "Shared Written Blocks": 0,                                                    
                   "Local Hit Blocks": 0,                                                         
                   "Local Read Blocks": 0,                                                        
                   "Local Dirtied Blocks": 0,                                                     
                   "Local Written Blocks": 0,                                                     
                   "Temp Read Blocks": 0,                                                         
                   "Temp Written Blocks": 0,                                                      
                   "Plans": [                                                                     
                     {                                                                            
                       "Node Type": "Sort",                                                       
                       "Parent Relationship": "Outer",                                            
                       "Parallel Aware": false,                                                   
                       "Startup Cost": 19424.42,                                                  
                       "Total Cost": 19626.99,                                                    
                       "Plan Rows": 2609129,                                                      
                       "Plan Width": 4,                                                           
                       "Actual Startup Time": 3498.058,                                           
                       "Actual Total Time": 3851.478,                                             
                       "Actual Rows": 2609129,                                                    
                       "Actual Loops": 1,                                                         
                       "Sort Key": ["mc.movie_id"],                                               
                       "Sort Method": "quicksort",                                                
                       "Sort Space Used": 220607,                                                 
                       "Sort Space Type": "Memory",                                               
                       "Shared Hit Blocks": 5,                                                    
                       "Shared Read Blocks": 21778,                                               
                       "Shared Dirtied Blocks": 0,                                                
                       "Shared Written Blocks": 0,                                                
                       "Local Hit Blocks": 0,                                                     
                       "Local Read Blocks": 0,                                                    
                       "Local Dirtied Blocks": 0,                                                 
                       "Local Written Blocks": 0,                                                 
                       "Temp Read Blocks": 0,                                                     
                       "Temp Written Blocks": 0,                                                  
                       "Plans": [                                                                 
                         {                                                                        
                           "Node Type": "Merge Join",                                             
                           "Parent Relationship": "Outer",                                        
                           "Parallel Aware": false,                                               
                           "Join Type": "Inner",                                                  
                           "Startup Cost": 10166.68,                                              
                           "Total Cost": 10788.72,                                                
                           "Plan Rows": 2609129,                                                  
                           "Plan Width": 4,                                                       
                           "Actual Startup Time": 1598.157,                                       
                           "Actual Total Time": 2500.926,                                         
                           "Actual Rows": 2609129,                                                
                           "Actual Loops": 1,                                                     
                           "Inner Unique": false,                                                 
                           "Merge Cond": "(cn.id = mc.company_id)",                               
                           "Shared Hit Blocks": 5,                                                
                           "Shared Read Blocks": 21778,                                           
                           "Shared Dirtied Blocks": 0,                                            
                           "Shared Written Blocks": 0,                                            
                           "Local Hit Blocks": 0,                                                 
                           "Local Read Blocks": 0,                                                
                           "Local Dirtied Blocks": 0,                                             
                           "Local Written Blocks": 0,                                             
                           "Temp Read Blocks": 0,                                                 
                           "Temp Written Blocks": 0,                                              
                           "Plans": [                                                             
                             {                                                                    
                               "Node Type": "Sort",                                               
                               "Parent Relationship": "Outer",                                    
                               "Parallel Aware": false,                                           
                               "Startup Cost": 761.23,                                            
                               "Total Cost": 779.47,                                              
                               "Plan Rows": 234997,                                               
                               "Plan Width": 4,                                                   
                               "Actual Startup Time": 216.410,                                    
                               "Actual Total Time": 251.396,                                      
                               "Actual Rows": 234997,                                             
                               "Actual Loops": 1,                                                 
                               "Sort Key": ["cn.id"],                                             
                               "Sort Method": "quicksort",                                        
                               "Sort Space Used": 17160,                                          
                               "Sort Space Type": "Memory",                                       
                               "Shared Hit Blocks": 2,                                            
                               "Shared Read Blocks": 2992,                                        
                               "Shared Dirtied Blocks": 0,                                        
                               "Shared Written Blocks": 0,                                        
                               "Local Hit Blocks": 0,                                             
                               "Local Read Blocks": 0,                                            
                               "Local Dirtied Blocks": 0,                                         
                               "Local Written Blocks": 0,                                         
                               "Temp Read Blocks": 0,                                             
                               "Temp Written Blocks": 0,                                          
                               "Plans": [                                                         
                                 {                                                                
                                   "Node Type": "Seq Scan",                                       
                                   "Parent Relationship": "Outer",                                
                                   "Parallel Aware": false,                                       
                                   "Relation Name": "company_name",                               
                                   "Alias": "cn",                                                 
                                   "Startup Cost": 0.00,                                          
                                   "Total Cost": 110.16,                                          
                                   "Plan Rows": 234997,                                           
                                   "Plan Width": 4,                                               
                                   "Actual Startup Time": 19.710,                                 
                                   "Actual Total Time": 104.748,                                  
                                   "Actual Rows": 234997,                                         
                                   "Actual Loops": 1,                                             
                                   "Shared Hit Blocks": 2,                                        
                                   "Shared Read Blocks": 2992,                                    
                                   "Shared Dirtied Blocks": 0,                                    
                                   "Shared Written Blocks": 0,                                    
                                   "Local Hit Blocks": 0,                                         
                                   "Local Read Blocks": 0,                                        
                                   "Local Dirtied Blocks": 0,                                     
                                   "Local Written Blocks": 0,                                     
                                   "Temp Read Blocks": 0,                                         
                                   "Temp Written Blocks": 0                                       
                                 }                                                                
                               ]                                                                  
                             },                                                                   
                             {                                                                    
                               "Node Type": "Sort",                                               
                               "Parent Relationship": "Inner",                                    
                               "Parallel Aware": false,                                           
                               "Startup Cost": 9405.45,                                           
                               "Total Cost": 9608.03,                                             
                               "Plan Rows": 2609129,                                              
                               "Plan Width": 8,                                                   
                               "Actual Startup Time": 1381.739,                                   
                               "Actual Total Time": 1706.573,                                     
                               "Actual Rows": 2609129,                                            
                               "Actual Loops": 1,                                                 
                               "Sort Key": ["mc.company_id"],                                     
                               "Sort Method": "quicksort",                                        
                               "Sort Space Used": 220607,                                         
                               "Sort Space Type": "Memory",                                       
                               "Shared Hit Blocks": 3,                                            
                               "Shared Read Blocks": 18786,                                       
                               "Shared Dirtied Blocks": 0,                                        
                               "Shared Written Blocks": 0,                                        
                               "Local Hit Blocks": 0,                                             
                               "Local Read Blocks": 0,                                            
                               "Local Dirtied Blocks": 0,                                         
                               "Local Written Blocks": 0,                                         
                               "Temp Read Blocks": 0,                                             
                               "Temp Written Blocks": 0,                                          
                               "Plans": [                                                         
                                 {                                                                
                                   "Node Type": "Seq Scan",                                       
                                   "Parent Relationship": "Outer",                                
                                   "Parallel Aware": false,                                       
                                   "Relation Name": "movie_companies",                            
                                   "Alias": "mc",                                                 
                                   "Startup Cost": 0.00,                                          
                                   "Total Cost": 769.75,                                          
                                   "Plan Rows": 2609129,                                          
                                   "Plan Width": 8,                                               
                                   "Actual Startup Time": 0.010,                                  
                                   "Actual Total Time": 525.313,                                  
                                   "Actual Rows": 2609129,                                        
                                   "Actual Loops": 1,                                             
                                   "Shared Hit Blocks": 3,                                        
                                   "Shared Read Blocks": 18786,                                   
                                   "Shared Dirtied Blocks": 0,                                    
                                   "Shared Written Blocks": 0,                                    
                                   "Local Hit Blocks": 0,                                         
                                   "Local Read Blocks": 0,                                        
                                   "Local Dirtied Blocks": 0,                                     
                                   "Local Written Blocks": 0,                                     
                                   "Temp Read Blocks": 0,                                         
                                   "Temp Written Blocks": 0                                       
                                 }                                                                
                               ]                                                                  
                             }                                                                    
                           ]                                                                      
                         }                                                                        
                       ]                                                                          
                     },                                                                           
                     {                                                                            
                       "Node Type": "Sort",                                                       
                       "Parent Relationship": "Inner",                                            
                       "Parallel Aware": false,                                                   
                       "Startup Cost": 250936.85,                                                 
                       "Total Cost": 251604.64,                                                   
                       "Plan Rows": 8601163,                                                      
                       "Plan Width": 41,                                                          
                       "Actual Startup Time": 54652.110,                                          
                       "Actual Total Time": 56881.142,                                            
                       "Actual Rows": 23231633,                                                   
                       "Actual Loops": 1,                                                         
                       "Sort Key": ["ci.movie_id"],                                               
                       "Sort Method": "quicksort",                                                
                       "Sort Space Used": 1570132,                                                
                       "Sort Space Type": "Memory",                                               
                       "Shared Hit Blocks": 10,                                                   
                       "Shared Read Blocks": 355650,                                              
                       "Shared Dirtied Blocks": 0,                                                
                       "Shared Written Blocks": 0,                                                
                       "Local Hit Blocks": 0,                                                     
                       "Local Read Blocks": 0,                                                    
                       "Local Dirtied Blocks": 0,                                                 
                       "Local Written Blocks": 0,                                                 
                       "Temp Read Blocks": 0,                                                     
                       "Temp Written Blocks": 0,                                                  
                       "Plans": [                                                                 
                         {                                                                        
                           "Node Type": "Merge Join",                                             
                           "Parent Relationship": "Outer",                                        
                           "Parallel Aware": false,                                               
                           "Join Type": "Inner",                                                  
                           "Startup Cost": 217245.82,                                             
                           "Total Cost": 220170.21,                                               
                           "Plan Rows": 8601163,                                                  
                           "Plan Width": 41,                                                      
                           "Actual Startup Time": 42512.772,                                      
                           "Actual Total Time": 49469.790,                                        
                           "Actual Rows": 11756903,                                               
                           "Actual Loops": 1,                                                     
                           "Inner Unique": false,                                                 
                           "Merge Cond": "(an.person_id = ci.person_id)",                         
                           "Shared Hit Blocks": 10,                                               
                           "Shared Read Blocks": 355650,                                          
                           "Shared Dirtied Blocks": 0,                                            
                           "Shared Written Blocks": 0,                                            
                           "Local Hit Blocks": 0,                                                 
                           "Local Read Blocks": 0,                                                
                           "Local Dirtied Blocks": 0,                                             
                           "Local Written Blocks": 0,                                             
                           "Temp Read Blocks": 0,                                                 
                           "Temp Written Blocks": 0,                                              
                           "Plans": [                                                             
                             {                                                                    
                               "Node Type": "Merge Join",                                         
                               "Parent Relationship": "Outer",                                    
                               "Parallel Aware": false,                                           
                               "Join Type": "Inner",                                              
                               "Startup Cost": 19451.73,                                          
                               "Total Cost": 20301.14,                                            
                               "Plan Rows": 901343,                                               
                               "Plan Width": 24,                                                  
                               "Actual Startup Time": 4256.306,                                   
                               "Actual Total Time": 5518.714,                                     
                               "Actual Rows": 772582,                                             
                               "Actual Loops": 1,                                                 
                               "Inner Unique": true,                                              
                               "Merge Cond": "(an.person_id = n.id)",                             
                               "Shared Hit Blocks": 4,                                            
                               "Shared Read Blocks": 67004,                                       
                               "Shared Dirtied Blocks": 0,                                        
                               "Shared Written Blocks": 0,                                        
                               "Local Hit Blocks": 0,                                             
                               "Local Read Blocks": 0,                                            
                               "Local Dirtied Blocks": 0,                                         
                               "Local Written Blocks": 0,                                         
                               "Temp Read Blocks": 0,                                             
                               "Temp Written Blocks": 0,                                          
                               "Plans": [                                                         
                                 {                                                                
                                   "Node Type": "Sort",                                           
                                   "Parent Relationship": "Outer",                                
                                   "Parallel Aware": false,                                       
                                   "Startup Cost": 3188.40,                                       
                                   "Total Cost": 3258.38,                                         
                                   "Plan Rows": 901343,                                           
                                   "Plan Width": 20,                                              
                                   "Actual Startup Time": 772.894,                                
                                   "Actual Total Time": 873.123,                                  
                                   "Actual Rows": 772582,                                         
                                   "Actual Loops": 1,                                             
                                   "Sort Key": ["an.person_id"],                                  
                                   "Sort Method": "quicksort",                                    
                                   "Sort Space Used": 89763,                                      
                                   "Sort Space Type": "Memory",                                   
                                   "Shared Hit Blocks": 2,                                        
                                   "Shared Read Blocks": 11393,                                   
                                   "Shared Dirtied Blocks": 0,                                    
                                   "Shared Written Blocks": 0,                                    
                                   "Local Hit Blocks": 0,                                         
                                   "Local Read Blocks": 0,                                        
                                   "Local Dirtied Blocks": 0,                                     
                                   "Local Written Blocks": 0,                                     
                                   "Temp Read Blocks": 0,                                         
                                   "Temp Written Blocks": 0,                                      
                                   "Plans": [                                                     
                                     {                                                            
                                       "Node Type": "Seq Scan",                                   
                                       "Parent Relationship": "Outer",                            
                                       "Parallel Aware": false,                                   
                                       "Relation Name": "aka_name",                               
                                       "Alias": "an",                                             
                                       "Startup Cost": 0.00,                                      
                                       "Total Cost": 419.75,                                      
                                       "Plan Rows": 901343,                                       
                                       "Plan Width": 20,                                          
                                       "Actual Startup Time": 0.015,                              
                                       "Actual Total Time": 316.111,                              
                                       "Actual Rows": 901343,                                     
                                       "Actual Loops": 1,                                         
                                       "Shared Hit Blocks": 2,                                    
                                       "Shared Read Blocks": 11393,                               
                                       "Shared Dirtied Blocks": 0,                                
                                       "Shared Written Blocks": 0,                                
                                       "Local Hit Blocks": 0,                                     
                                       "Local Read Blocks": 0,                                    
                                       "Local Dirtied Blocks": 0,                                 
                                       "Local Written Blocks": 0,                                 
                                       "Temp Read Blocks": 0,                                     
                                       "Temp Written Blocks": 0                                   
                                     }                                                            
                                   ]                                                              
                                 },                                                               
                                 {                                                                
                                   "Node Type": "Sort",                                           
                                   "Parent Relationship": "Inner",                                
                                   "Parallel Aware": false,                                       
                                   "Startup Cost": 16263.33,                                      
                                   "Total Cost": 16586.90,                                        
                                   "Plan Rows": 4167491,                                          
                                   "Plan Width": 4,                                               
                                   "Actual Startup Time": 3483.401,                               
                                   "Actual Total Time": 3943.641,                                 
                                   "Actual Rows": 4061927,                                        
                                   "Actual Loops": 1,                                             
                                   "Sort Key": ["n.id"],                                          
                                   "Sort Method": "quicksort",                                    
                                   "Sort Space Used": 293656,                                     
                                   "Sort Space Type": "Memory",                                   
                                   "Shared Hit Blocks": 2,                                        
                                   "Shared Read Blocks": 55611,                                   
                                   "Shared Dirtied Blocks": 0,                                    
                                   "Shared Written Blocks": 0,                                    
                                   "Local Hit Blocks": 0,                                         
                                   "Local Read Blocks": 0,                                        
                                   "Local Dirtied Blocks": 0,                                     
                                   "Local Written Blocks": 0,                                     
                                   "Temp Read Blocks": 0,                                         
                                   "Temp Written Blocks": 0,                                      
                                   "Plans": [                                                     
                                     {                                                            
                                       "Node Type": "Seq Scan",                                   
                                       "Parent Relationship": "Outer",                            
                                       "Parallel Aware": false,                                   
                                       "Relation Name": "name",                                   
                                       "Alias": "n",                                              
                                       "Startup Cost": 0.00,                                      
                                       "Total Cost": 2032.56,                                     
                                       "Plan Rows": 4167491,                                      
                                       "Plan Width": 4,                                           
                                       "Actual Startup Time": 9.003,                              
                                       "Actual Total Time": 1645.430,                             
                                       "Actual Rows": 4167491,                                    
                                       "Actual Loops": 1,                                         
                                       "Shared Hit Blocks": 2,                                    
                                       "Shared Read Blocks": 55611,                               
                                       "Shared Dirtied Blocks": 0,                                
                                       "Shared Written Blocks": 0,                                
                                       "Local Hit Blocks": 0,                                     
                                       "Local Read Blocks": 0,                                    
                                       "Local Dirtied Blocks": 0,                                 
                                       "Local Written Blocks": 0,                                 
                                       "Temp Read Blocks": 0,                                     
                                       "Temp Written Blocks": 0                                   
                                     }                                                            
                                   ]                                                              
                                 }                                                                
                               ]                                                                  
                             },                                                                   
                             {                                                                    
                               "Node Type": "Sort",                                               
                               "Parent Relationship": "Inner",                                    
                               "Parallel Aware": false,                                           
                               "Startup Cost": 197794.09,                                         
                               "Total Cost": 198564.90,                                           
                               "Plan Rows": 9928062,                                              
                               "Plan Width": 29,                                                  
                               "Actual Startup Time": 38256.456,                                  
                               "Actual Total Time": 40398.715,                                    
                               "Actual Rows": 17937736,                                           
                               "Actual Loops": 1,                                                 
                               "Sort Key": ["ci.person_id"],                                      
                               "Sort Method": "quicksort",                                        
                               "Sort Space Used": 1366925,                                        
                               "Sort Space Type": "Memory",                                       
                               "Shared Hit Blocks": 6,                                            
                               "Shared Read Blocks": 288646,                                      
                               "Shared Dirtied Blocks": 0,                                        
                               "Shared Written Blocks": 0,                                        
                               "Local Hit Blocks": 0,                                             
                               "Local Read Blocks": 0,                                            
                               "Local Dirtied Blocks": 0,                                         
                               "Local Written Blocks": 0,                                         
                               "Temp Read Blocks": 0,                                             
                               "Temp Written Blocks": 0,                                          
                               "Plans": [                                                         
                                 {                                                                
                                   "Node Type": "Merge Join",                                     
                                   "Parent Relationship": "Outer",                                
                                   "Parallel Aware": false,                                       
                                   "Join Type": "Inner",                                          
                                   "Startup Cost": 155540.12,                                     
                                   "Total Cost": 161962.01,                                       
                                   "Plan Rows": 9928062,                                          
                                   "Plan Width": 29,                                              
                                   "Actual Startup Time": 22904.022,                              
                                   "Actual Total Time": 33410.260,                                
                                   "Actual Rows": 11826137,                                       
                                   "Actual Loops": 1,                                             
                                   "Inner Unique": true,                                          
                                   "Merge Cond": "(ci.movie_id = t.id)",                          
                                   "Shared Hit Blocks": 6,                                        
                                   "Shared Read Blocks": 288646,                                  
                                   "Shared Dirtied Blocks": 0,                                    
                                   "Shared Written Blocks": 0,                                    
                                   "Local Hit Blocks": 0,                                         
                                   "Local Read Blocks": 0,                                        
                                   "Local Dirtied Blocks": 0,                                     
                                   "Local Written Blocks": 0,                                     
                                   "Temp Read Blocks": 0,                                         
                                   "Temp Written Blocks": 0,                                      
                                   "Plans": [                                                     
                                     {                                                            
                                       "Node Type": "Sort",                                       
                                       "Parent Relationship": "Outer",                            
                                       "Parallel Aware": false,                                   
                                       "Startup Cost": 151757.13,                                 
                                       "Total Cost": 154571.13,                                   
                                       "Plan Rows": 36244344,                                     
                                       "Plan Width": 8,                                           
                                       "Actual Startup Time": 20981.311,                          
                                       "Actual Total Time": 25548.734,                            
                                       "Actual Rows": 36244344,                                   
                                       "Actual Loops": 1,                                         
                                       "Sort Key": ["ci.movie_id"],                               
                                       "Sort Method": "quicksort",                                
                                       "Sort Space Used": 3271818,                                
                                       "Sort Space Type": "Memory",                               
                                       "Shared Hit Blocks": 4,                                    
                                       "Shared Read Blocks": 252650,                              
                                       "Shared Dirtied Blocks": 0,                                
                                       "Shared Written Blocks": 0,                                
                                       "Local Hit Blocks": 0,                                     
                                       "Local Read Blocks": 0,                                    
                                       "Local Dirtied Blocks": 0,                                 
                                       "Local Written Blocks": 0,                                 
                                       "Temp Read Blocks": 0,                                     
                                       "Temp Written Blocks": 0,                                  
                                       "Plans": [                                                 
                                         {                                                        
                                           "Node Type": "Seq Scan",                               
                                           "Parent Relationship": "Outer",                        
                                           "Parallel Aware": false,                               
                                           "Relation Name": "cast_info",                          
                                           "Alias": "ci",                                         
                                           "Startup Cost": 0.00,                                  
                                           "Total Cost": 10431.00,                                
                                           "Plan Rows": 36244344,                                 
                                           "Plan Width": 8,                                       
                                           "Actual Startup Time": 0.014,                          
                                           "Actual Total Time": 6861.606,                         
                                           "Actual Rows": 36244344,                               
                                           "Actual Loops": 1,                                     
                                           "Shared Hit Blocks": 4,                                
                                           "Shared Read Blocks": 252650,                          
                                           "Shared Dirtied Blocks": 0,                            
                                           "Shared Written Blocks": 0,                            
                                           "Local Hit Blocks": 0,                                 
                                           "Local Read Blocks": 0,                                
                                           "Local Dirtied Blocks": 0,                             
                                           "Local Written Blocks": 0,                             
                                           "Temp Read Blocks": 0,                                 
                                           "Temp Written Blocks": 0                               
                                         }                                                        
                                       ]                                                          
                                     },                                                           
                                     {                                                            
                                       "Node Type": "Sort",                                       
                                       "Parent Relationship": "Inner",                            
                                       "Parallel Aware": false,                                   
                                       "Startup Cost": 3783.00,                                   
                                       "Total Cost": 3836.77,                                     
                                       "Plan Rows": 692556,                                       
                                       "Plan Width": 21,                                          
                                       "Actual Startup Time": 1922.673,                           
                                       "Actual Total Time": 2032.806,                             
                                       "Actual Rows": 692043,                                     
                                       "Actual Loops": 1,                                         
                                       "Sort Key": ["t.id"],                                      
                                       "Sort Method": "quicksort",                                
                                       "Sort Space Used": 70620,                                  
                                       "Sort Space Type": "Memory",                               
                                       "Shared Hit Blocks": 2,                                    
                                       "Shared Read Blocks": 35996,                               
                                       "Shared Dirtied Blocks": 0,                                
                                       "Shared Written Blocks": 0,                                
                                       "Local Hit Blocks": 0,                                     
                                       "Local Read Blocks": 0,                                    
                                       "Local Dirtied Blocks": 0,                                 
                                       "Local Written Blocks": 0,                                 
                                       "Temp Read Blocks": 0,                                     
                                       "Temp Written Blocks": 0,                                  
                                       "Plans": [                                                 
                                         {                                                        
                                           "Node Type": "Seq Scan",                               
                                           "Parent Relationship": "Outer",                        
                                           "Parallel Aware": false,                               
                                           "Relation Name": "title",                              
                                           "Alias": "t",                                          
                                           "Startup Cost": 0.00,                                  
                                           "Total Cost": 1696.56,                                 
                                           "Plan Rows": 692556,                                   
                                           "Plan Width": 21,                                      
                                           "Actual Startup Time": 0.057,                          
                                           "Actual Total Time": 1525.990,                         
                                           "Actual Rows": 692556,                                 
                                           "Actual Loops": 1,                                     
                                           "Filter": "((episode_nr >= 5) AND (episode_nr < 100))",
                                           "Rows Removed by Filter": 1835756,                     
                                           "Shared Hit Blocks": 2,                                
                                           "Shared Read Blocks": 35996,                           
                                           "Shared Dirtied Blocks": 0,                            
                                           "Shared Written Blocks": 0,                            
                                           "Local Hit Blocks": 0,                                 
                                           "Local Read Blocks": 0,                                
                                           "Local Dirtied Blocks": 0,                             
                                           "Local Written Blocks": 0,                             
                                           "Temp Read Blocks": 0,                                 
                                           "Temp Written Blocks": 0                               
                                         }                                                        
                                       ]                                                          
                                     }                                                            
                                   ]                                                              
                                 }                                                                
                               ]                                                                  
                             }                                                                    
                           ]                                                                      
                         }                                                                        
                       ]                                                                          
                     }                                                                            
                   ]                                                                              
                 }                                                                                
               ]                                                                                  
             }                                                                                    
           ]                                                                                      
         }                                                                                        
       ]                                                                                          
     },                                                                                           
     "Planning Time": 7650.106,                                                                   
     "Triggers": [                                                                                
     ],                                                                                           
     "Execution Time": 104091.168                                                                 
