     "Plan": {                                                        
       "Node Type": "Aggregate",                                      
       "Strategy": "Plain",                                           
       "Partial Mode": "Simple",                                      
       "Parallel Aware": false,                                       
       "Startup Cost": 449184.72,                                     
       "Total Cost": 449184.72,                                       
       "Plan Rows": 1,                                                
       "Plan Width": 32,                                              
       "Actual Startup Time": 1205023.831,                            
       "Actual Total Time": 1205023.831,                              
       "Actual Rows": 1,                                              
       "Actual Loops": 1,                                             
       "Shared Hit Blocks": 20,                                       
       "Shared Read Blocks": 391435,                                  
       "Shared Dirtied Blocks": 0,                                    
       "Shared Written Blocks": 0,                                    
       "Local Hit Blocks": 0,                                         
       "Local Read Blocks": 0,                                        
       "Local Dirtied Blocks": 0,                                     
       "Local Written Blocks": 0,                                     
       "Temp Read Blocks": 0,                                         
       "Temp Written Blocks": 0,                                      
       "Plans": [                                                     
         {                                                            
           "Node Type": "Merge Join",                                 
           "Parent Relationship": "Outer",                            
           "Parallel Aware": false,                                   
           "Join Type": "Inner",                                      
           "Startup Cost": 380762.12,                                 
           "Total Cost": 426539.74,                                   
           "Plan Rows": 291667572,                                    
           "Plan Width": 15,                                          
           "Actual Startup Time": 59399.525,                          
           "Actual Total Time": 799503.090,                           
           "Actual Rows": 3101350543,                                 
           "Actual Loops": 1,                                         
           "Inner Unique": false,                                     
           "Merge Cond": "(t.id = ci.movie_id)",                      
           "Shared Hit Blocks": 20,                                   
           "Shared Read Blocks": 391435,                              
           "Shared Dirtied Blocks": 0,                                
           "Shared Written Blocks": 0,                                
           "Local Hit Blocks": 0,                                     
           "Local Read Blocks": 0,                                    
           "Local Dirtied Blocks": 0,                                 
           "Local Written Blocks": 0,                                 
           "Temp Read Blocks": 0,                                     
           "Temp Written Blocks": 0,                                  
           "Plans": [                                                 
             {                                                        
               "Node Type": "Merge Join",                             
               "Parent Relationship": "Outer",                        
               "Parallel Aware": false,                               
               "Join Type": "Inner",                                  
               "Startup Cost": 43226.38,                              
               "Total Cost": 44633.87,                                
               "Plan Rows": 4523930,                                  
               "Plan Width": 8,                                       
               "Actual Startup Time": 7829.971,                       
               "Actual Total Time": 10544.318,                        
               "Actual Rows": 4523914,                                
               "Actual Loops": 1,                                     
               "Inner Unique": true,                                  
               "Merge Cond": "(mk.movie_id = t.id)",                  
               "Shared Hit Blocks": 10,                               
               "Shared Read Blocks": 61395,                           
               "Shared Dirtied Blocks": 0,                            
               "Shared Written Blocks": 0,                            
               "Local Hit Blocks": 0,                                 
               "Local Read Blocks": 0,                                
               "Local Dirtied Blocks": 0,                             
               "Local Written Blocks": 0,                             
               "Temp Read Blocks": 0,                                 
               "Temp Written Blocks": 0,                              
               "Plans": [                                             
                 {                                                    
                   "Node Type": "Sort",                               
                   "Parent Relationship": "Outer",                    
                   "Parallel Aware": false,                           
                   "Startup Cost": 33572.02,                          
                   "Total Cost": 33923.26,                            
                   "Plan Rows": 4523930,                              
                   "Plan Width": 4,                                   
                   "Actual Startup Time": 5510.177,                   
                   "Actual Total Time": 6411.437,                     
                   "Actual Rows": 4523914,                            
                   "Actual Loops": 1,                                 
                   "Sort Key": ["mk.movie_id"],                       
                   "Sort Method": "quicksort",                        
                   "Sort Space Used": 408668,                         
                   "Sort Space Type": "Memory",                       
                   "Shared Hit Blocks": 9,                            
                   "Shared Read Blocks": 25398,                       
                   "Shared Dirtied Blocks": 0,                        
                   "Shared Written Blocks": 0,                        
                   "Local Hit Blocks": 0,                             
                   "Local Read Blocks": 0,                            
                   "Local Dirtied Blocks": 0,                         
                   "Local Written Blocks": 0,                         
                   "Temp Read Blocks": 0,                             
                   "Temp Written Blocks": 0,                          
                   "Plans": [                                         
                     {                                                
                       "Node Type": "Merge Join",                     
                       "Parent Relationship": "Outer",                
                       "Parallel Aware": false,                       
                       "Join Type": "Inner",                          
                       "Startup Cost": 17004.84,                      
                       "Total Cost": 18040.94,                        
                       "Plan Rows": 4523930,                          
                       "Plan Width": 4,                               
                       "Actual Startup Time": 2333.163,               
                       "Actual Total Time": 3920.147,                 
                       "Actual Rows": 4523930,                        
                       "Actual Loops": 1,                             
                       "Inner Unique": false,                         
                       "Merge Cond": "(k.id = mk.keyword_id)",        
                       "Shared Hit Blocks": 5,                        
                       "Shared Read Blocks": 25398,                   
                       "Shared Dirtied Blocks": 0,                    
                       "Shared Written Blocks": 0,                    
                       "Local Hit Blocks": 0,                         
                       "Local Read Blocks": 0,                        
                       "Local Dirtied Blocks": 0,                     
                       "Local Written Blocks": 0,                     
                       "Temp Read Blocks": 0,                         
                       "Temp Written Blocks": 0,                      
                       "Plans": [                                     
                         {                                            
                           "Node Type": "Sort",                       
                           "Parent Relationship": "Outer",            
                           "Parallel Aware": false,                   
                           "Startup Cost": 393.92,                    
                           "Total Cost": 404.34,                      
                           "Plan Rows": 134170,                       
                           "Plan Width": 4,                           
                           "Actual Startup Time": 108.097,            
                           "Actual Total Time": 126.867,              
                           "Actual Rows": 134170,                     
                           "Actual Loops": 1,                         
                           "Sort Key": ["k.id"],                      
                           "Sort Method": "quicksort",                
                           "Sort Space Used": 12434,                  
                           "Sort Space Type": "Memory",               
                           "Shared Hit Blocks": 2,                    
                           "Shared Read Blocks": 947,                 
                           "Shared Dirtied Blocks": 0,                
                           "Shared Written Blocks": 0,                
                           "Local Hit Blocks": 0,                     
                           "Local Read Blocks": 0,                    
                           "Local Dirtied Blocks": 0,                 
                           "Local Written Blocks": 0,                 
                           "Temp Read Blocks": 0,                     
                           "Temp Written Blocks": 0,                  
                           "Plans": [                                 
                             {                                        
                               "Node Type": "Seq Scan",               
                               "Parent Relationship": "Outer",        
                               "Parallel Aware": false,               
                               "Relation Name": "keyword",            
                               "Alias": "k",                          
                               "Startup Cost": 0.00,                  
                               "Total Cost": 39.04,                   
                               "Plan Rows": 134170,                   
                               "Plan Width": 4,                       
                               "Actual Startup Time": 17.584,         
                               "Actual Total Time": 51.327,           
                               "Actual Rows": 134170,                 
                               "Actual Loops": 1,                     
                               "Shared Hit Blocks": 2,                
                               "Shared Read Blocks": 947,             
                               "Shared Dirtied Blocks": 0,            
                               "Shared Written Blocks": 0,            
                               "Local Hit Blocks": 0,                 
                               "Local Read Blocks": 0,                
                               "Local Dirtied Blocks": 0,             
                               "Local Written Blocks": 0,             
                               "Temp Read Blocks": 0,                 
                               "Temp Written Blocks": 0               
                             }                                        
                           ]                                          
                         },                                           
                         {                                            
                           "Node Type": "Sort",                       
                           "Parent Relationship": "Inner",            
                           "Parallel Aware": false,                   
                           "Startup Cost": 16610.92,                  
                           "Total Cost": 16962.16,                    
                           "Plan Rows": 4523930,                      
                           "Plan Width": 8,                           
                           "Actual Startup Time": 2225.058,           
                           "Actual Total Time": 2921.536,             
                           "Actual Rows": 4523930,                    
                           "Actual Loops": 1,                         
                           "Sort Key": ["mk.keyword_id"],             
                           "Sort Method": "quicksort",                
                           "Sort Space Used": 408668,                 
                           "Sort Space Type": "Memory",               
                           "Shared Hit Blocks": 3,                    
                           "Shared Read Blocks": 24451,               
                           "Shared Dirtied Blocks": 0,                
                           "Shared Written Blocks": 0,                
                           "Local Hit Blocks": 0,                     
                           "Local Read Blocks": 0,                    
                           "Local Dirtied Blocks": 0,                 
                           "Local Written Blocks": 0,                 
                           "Temp Read Blocks": 0,                     
                           "Temp Written Blocks": 0,                  
                           "Plans": [                                 
                             {                                        
                               "Node Type": "Seq Scan",               
                               "Parent Relationship": "Outer",        
                               "Parallel Aware": false,               
                               "Relation Name": "movie_keyword",      
                               "Alias": "mk",                         
                               "Startup Cost": 0.00,                  
                               "Total Cost": 1079.84,                 
                               "Plan Rows": 4523930,                  
                               "Plan Width": 8,                       
                               "Actual Startup Time": 0.008,          
                               "Actual Total Time": 787.321,          
                               "Actual Rows": 4523930,                
                               "Actual Loops": 1,                     
                               "Shared Hit Blocks": 3,                
                               "Shared Read Blocks": 24451,           
                               "Shared Dirtied Blocks": 0,            
                               "Shared Written Blocks": 0,            
                               "Local Hit Blocks": 0,                 
                               "Local Read Blocks": 0,                
                               "Local Dirtied Blocks": 0,             
                               "Local Written Blocks": 0,             
                               "Temp Read Blocks": 0,                 
                               "Temp Written Blocks": 0               
                             }                                        
                           ]                                          
                         }                                            
                       ]                                              
                     }                                                
                   ]                                                  
                 },                                                   
                 {                                                    
                   "Node Type": "Sort",                               
                   "Parent Relationship": "Inner",                    
                   "Parallel Aware": false,                           
                   "Startup Cost": 9654.35,                           
                   "Total Cost": 9850.65,                             
                   "Plan Rows": 2528312,                              
                   "Plan Width": 4,                                   
                   "Actual Startup Time": 2319.784,                   
                   "Actual Total Time": 2692.771,                     
                   "Actual Rows": 2525756,                            
                   "Actual Loops": 1,                                 
                   "Sort Key": ["t.id"],                              
                   "Sort Method": "quicksort",                        
                   "Sort Space Used": 216819,                         
                   "Sort Space Type": "Memory",                       
                   "Shared Hit Blocks": 1,                            
                   "Shared Read Blocks": 35997,                       
                   "Shared Dirtied Blocks": 0,                        
                   "Shared Written Blocks": 0,                        
                   "Local Hit Blocks": 0,                             
                   "Local Read Blocks": 0,                            
                   "Local Dirtied Blocks": 0,                         
                   "Local Written Blocks": 0,                         
                   "Temp Read Blocks": 0,                             
                   "Temp Written Blocks": 0,                          
                   "Plans": [                                         
                     {                                                
                       "Node Type": "Seq Scan",                       
                       "Parent Relationship": "Outer",                
                       "Parallel Aware": false,                       
                       "Relation Name": "title",                      
                       "Alias": "t",                                  
                       "Startup Cost": 0.00,                          
                       "Total Cost": 1303.96,                         
                       "Plan Rows": 2528312,                          
                       "Plan Width": 4,                               
                       "Actual Startup Time": 9.251,                  
                       "Actual Total Time": 1101.575,                 
                       "Actual Rows": 2528312,                        
                       "Actual Loops": 1,                             
                       "Shared Hit Blocks": 1,                        
                       "Shared Read Blocks": 35997,                   
                       "Shared Dirtied Blocks": 0,                    
                       "Shared Written Blocks": 0,                    
                       "Local Hit Blocks": 0,                         
                       "Local Read Blocks": 0,                        
                       "Local Dirtied Blocks": 0,                     
                       "Local Written Blocks": 0,                     
                       "Temp Read Blocks": 0,                         
                       "Temp Written Blocks": 0                       
                     }                                                
                   ]                                                  
                 }                                                    
               ]                                                      
             },                                                       
             {                                                        
               "Node Type": "Materialize",                            
               "Parent Relationship": "Inner",                        
               "Parallel Aware": false,                               
               "Startup Cost": 337535.74,                             
               "Total Cost": 358986.90,                               
               "Plan Rows": 69675912,                                 
               "Plan Width": 23,                                      
               "Actual Startup Time": 51569.551,                      
               "Actual Total Time": 238171.981,                       
               "Actual Rows": 3126727010,                             
               "Actual Loops": 1,                                     
               "Shared Hit Blocks": 10,                               
               "Shared Read Blocks": 330040,                          
               "Shared Dirtied Blocks": 0,                            
               "Shared Written Blocks": 0,                            
               "Local Hit Blocks": 0,                                 
               "Local Read Blocks": 0,                                
               "Local Dirtied Blocks": 0,                             
               "Local Written Blocks": 0,                             
               "Temp Read Blocks": 0,                                 
               "Temp Written Blocks": 0,                              
               "Plans": [                                             
                 {                                                    
                   "Node Type": "Merge Join",                         
                   "Parent Relationship": "Outer",                    
                   "Parallel Aware": false,                           
                   "Join Type": "Inner",                              
                   "Startup Cost": 337535.74,                         
                   "Total Cost": 353577.28,                           
                   "Plan Rows": 69675912,                             
                   "Plan Width": 23,                                  
                   "Actual Startup Time": 51569.539,                  
                   "Actual Total Time": 79264.777,                    
                   "Actual Rows": 80274241,                           
                   "Actual Loops": 1,                                 
                   "Inner Unique": false,                             
                   "Merge Cond": "(mc.movie_id = ci.movie_id)",       
                   "Shared Hit Blocks": 10,                           
                   "Shared Read Blocks": 330040,                      
                   "Shared Dirtied Blocks": 0,                        
                   "Shared Written Blocks": 0,                        
                   "Local Hit Blocks": 0,                             
                   "Local Read Blocks": 0,                            
                   "Local Dirtied Blocks": 0,                         
                   "Local Written Blocks": 0,                         
                   "Temp Read Blocks": 0,                             
                   "Temp Written Blocks": 0,                          
                   "Plans": [                                         
                     {                                                
                       "Node Type": "Sort",                           
                       "Parent Relationship": "Outer",                
                       "Parallel Aware": false,                       
                       "Startup Cost": 19424.42,                      
                       "Total Cost": 19626.99,                        
                       "Plan Rows": 2609129,                          
                       "Plan Width": 4,                               
                       "Actual Startup Time": 3584.467,               
                       "Actual Total Time": 4040.565,                 
                       "Actual Rows": 2609129,                        
                       "Actual Loops": 1,                             
                       "Sort Key": ["mc.movie_id"],                   
                       "Sort Method": "quicksort",                    
                       "Sort Space Used": 220607,                     
                       "Sort Space Type": "Memory",                   
                       "Shared Hit Blocks": 5,                        
                       "Shared Read Blocks": 21778,                   
                       "Shared Dirtied Blocks": 0,                    
                       "Shared Written Blocks": 0,                    
                       "Local Hit Blocks": 0,                         
                       "Local Read Blocks": 0,                        
                       "Local Dirtied Blocks": 0,                     
                       "Local Written Blocks": 0,                     
                       "Temp Read Blocks": 0,                         
                       "Temp Written Blocks": 0,                      
                       "Plans": [                                     
                         {                                            
                           "Node Type": "Merge Join",                 
                           "Parent Relationship": "Outer",            
                           "Parallel Aware": false,                   
                           "Join Type": "Inner",                      
                           "Startup Cost": 10166.68,                  
                           "Total Cost": 10788.72,                    
                           "Plan Rows": 2609129,                      
                           "Plan Width": 4,                           
                           "Actual Startup Time": 1685.099,           
                           "Actual Total Time": 2590.180,             
                           "Actual Rows": 2609129,                    
                           "Actual Loops": 1,                         
                           "Inner Unique": false,                     
                           "Merge Cond": "(cn.id = mc.company_id)",   
                           "Shared Hit Blocks": 5,                    
                           "Shared Read Blocks": 21778,               
                           "Shared Dirtied Blocks": 0,                
                           "Shared Written Blocks": 0,                
                           "Local Hit Blocks": 0,                     
                           "Local Read Blocks": 0,                    
                           "Local Dirtied Blocks": 0,                 
                           "Local Written Blocks": 0,                 
                           "Temp Read Blocks": 0,                     
                           "Temp Written Blocks": 0,                  
                           "Plans": [                                 
                             {                                        
                               "Node Type": "Sort",                   
                               "Parent Relationship": "Outer",        
                               "Parallel Aware": false,               
                               "Startup Cost": 761.23,                
                               "Total Cost": 779.47,                  
                               "Plan Rows": 234997,                   
                               "Plan Width": 4,                       
                               "Actual Startup Time": 189.010,        
                               "Actual Total Time": 223.728,          
                               "Actual Rows": 234997,                 
                               "Actual Loops": 1,                     
                               "Sort Key": ["cn.id"],                 
                               "Sort Method": "quicksort",            
                               "Sort Space Used": 17160,              
                               "Sort Space Type": "Memory",           
                               "Shared Hit Blocks": 2,                
                               "Shared Read Blocks": 2992,            
                               "Shared Dirtied Blocks": 0,            
                               "Shared Written Blocks": 0,            
                               "Local Hit Blocks": 0,                 
                               "Local Read Blocks": 0,                
                               "Local Dirtied Blocks": 0,             
                               "Local Written Blocks": 0,             
                               "Temp Read Blocks": 0,                 
                               "Temp Written Blocks": 0,              
                               "Plans": [                             
                                 {                                    
                                   "Node Type": "Seq Scan",           
                                   "Parent Relationship": "Outer",    
                                   "Parallel Aware": false,           
                                   "Relation Name": "company_name",   
                                   "Alias": "cn",                     
                                   "Startup Cost": 0.00,              
                                   "Total Cost": 110.16,              
                                   "Plan Rows": 234997,               
                                   "Plan Width": 4,                   
                                   "Actual Startup Time": 5.696,      
                                   "Actual Total Time": 85.085,       
                                   "Actual Rows": 234997,             
                                   "Actual Loops": 1,                 
                                   "Shared Hit Blocks": 2,            
                                   "Shared Read Blocks": 2992,        
                                   "Shared Dirtied Blocks": 0,        
                                   "Shared Written Blocks": 0,        
                                   "Local Hit Blocks": 0,             
                                   "Local Read Blocks": 0,            
                                   "Local Dirtied Blocks": 0,         
                                   "Local Written Blocks": 0,         
                                   "Temp Read Blocks": 0,             
                                   "Temp Written Blocks": 0           
                                 }                                    
                               ]                                      
                             },                                       
                             {                                        
                               "Node Type": "Sort",                   
                               "Parent Relationship": "Inner",        
                               "Parallel Aware": false,               
                               "Startup Cost": 9405.45,               
                               "Total Cost": 9608.03,                 
                               "Plan Rows": 2609129,                  
                               "Plan Width": 8,                       
                               "Actual Startup Time": 1496.080,       
                               "Actual Total Time": 1822.368,         
                               "Actual Rows": 2609129,                
                               "Actual Loops": 1,                     
                               "Sort Key": ["mc.company_id"],         
                               "Sort Method": "quicksort",            
                               "Sort Space Used": 220607,             
                               "Sort Space Type": "Memory",           
                               "Shared Hit Blocks": 3,                
                               "Shared Read Blocks": 18786,           
                               "Shared Dirtied Blocks": 0,            
                               "Shared Written Blocks": 0,            
                               "Local Hit Blocks": 0,                 
                               "Local Read Blocks": 0,                
                               "Local Dirtied Blocks": 0,             
                               "Local Written Blocks": 0,             
                               "Temp Read Blocks": 0,                 
                               "Temp Written Blocks": 0,              
                               "Plans": [                             
                                 {                                    
                                   "Node Type": "Seq Scan",           
                                   "Parent Relationship": "Outer",    
                                   "Parallel Aware": false,           
                                   "Relation Name": "movie_companies",
                                   "Alias": "mc",                     
                                   "Startup Cost": 0.00,              
                                   "Total Cost": 769.75,              
                                   "Plan Rows": 2609129,              
                                   "Plan Width": 8,                   
                                   "Actual Startup Time": 0.009,      
                                   "Actual Total Time": 634.886,      
                                   "Actual Rows": 2609129,            
                                   "Actual Loops": 1,                 
                                   "Shared Hit Blocks": 3,            
                                   "Shared Read Blocks": 18786,       
                                   "Shared Dirtied Blocks": 0,        
                                   "Shared Written Blocks": 0,        
                                   "Local Hit Blocks": 0,             
                                   "Local Read Blocks": 0,            
                                   "Local Dirtied Blocks": 0,         
                                   "Local Written Blocks": 0,         
                                   "Temp Read Blocks": 0,             
                                   "Temp Written Blocks": 0           
                                 }                                    
                               ]                                      
                             }                                        
                           ]                                          
                         }                                            
                       ]                                              
                     },                                               
                     {                                                
                       "Node Type": "Sort",                           
                       "Parent Relationship": "Inner",                
                       "Parallel Aware": false,                       
                       "Startup Cost": 318111.32,                     
                       "Total Cost": 320925.32,                       
                       "Plan Rows": 36244344,                         
                       "Plan Width": 19,                              
                       "Actual Startup Time": 47985.060,              
                       "Actual Total Time": 57261.588,                
                       "Actual Rows": 95921976,                       
                       "Actual Loops": 1,                             
                       "Sort Key": ["ci.movie_id"],                   
                       "Sort Method": "quicksort",                    
                       "Sort Space Used": 4256106,                    
                       "Sort Space Type": "Memory",                   
                       "Shared Hit Blocks": 5,                        
                       "Shared Read Blocks": 308262,                  
                       "Shared Dirtied Blocks": 0,                    
                       "Shared Written Blocks": 0,                    
                       "Local Hit Blocks": 0,                         
                       "Local Read Blocks": 0,                        
                       "Local Dirtied Blocks": 0,                     
                       "Local Written Blocks": 0,                     
                       "Temp Read Blocks": 0,                         
                       "Temp Written Blocks": 0,                      
                       "Plans": [                                     
                         {                                            
                           "Node Type": "Merge Join",                 
                           "Parent Relationship": "Outer",            
                           "Parallel Aware": false,                   
                           "Join Type": "Inner",                      
                           "Startup Cost": 168020.46,                 
                           "Total Cost": 176785.20,                   
                           "Plan Rows": 36244344,                     
                           "Plan Width": 19,                          
                           "Actual Startup Time": 22463.784,          
                           "Actual Total Time": 33568.475,            
                           "Actual Rows": 36244344,                   
                           "Actual Loops": 1,                         
                           "Inner Unique": true,                      
                           "Merge Cond": "(ci.person_id = n.id)",     
                           "Shared Hit Blocks": 5,                    
                           "Shared Read Blocks": 308262,              
                           "Shared Dirtied Blocks": 0,                
                           "Shared Written Blocks": 0,                
                           "Local Hit Blocks": 0,                     
                           "Local Read Blocks": 0,                    
                           "Local Dirtied Blocks": 0,                 
                           "Local Written Blocks": 0,                 
                           "Temp Read Blocks": 0,                     
                           "Temp Written Blocks": 0,                  
                           "Plans": [                                 
                             {                                        
                               "Node Type": "Sort",                   
                               "Parent Relationship": "Outer",        
                               "Parallel Aware": false,               
                               "Startup Cost": 151757.13,             
                               "Total Cost": 154571.13,               
                               "Plan Rows": 36244344,                 
                               "Plan Width": 8,                       
                               "Actual Startup Time": 18852.485,      
                               "Actual Total Time": 20940.179,        
                               "Actual Rows": 36244344,               
                               "Actual Loops": 1,                     
                               "Sort Key": ["ci.person_id"],          
                               "Sort Method": "quicksort",            
                               "Sort Space Used": 3271818,            
                               "Sort Space Type": "Memory",           
                               "Shared Hit Blocks": 4,                
                               "Shared Read Blocks": 252650,          
                               "Shared Dirtied Blocks": 0,            
                               "Shared Written Blocks": 0,            
                               "Local Hit Blocks": 0,                 
                               "Local Read Blocks": 0,                
                               "Local Dirtied Blocks": 0,             
                               "Local Written Blocks": 0,             
                               "Temp Read Blocks": 0,                 
                               "Temp Written Blocks": 0,              
                               "Plans": [                             
                                 {                                    
                                   "Node Type": "Seq Scan",           
                                   "Parent Relationship": "Outer",    
                                   "Parallel Aware": false,           
                                   "Relation Name": "cast_info",      
                                   "Alias": "ci",                     
                                   "Startup Cost": 0.00,              
                                   "Total Cost": 10431.00,            
                                   "Plan Rows": 36244344,             
                                   "Plan Width": 8,                   
                                   "Actual Startup Time": 0.017,      
                                   "Actual Total Time": 6786.503,     
                                   "Actual Rows": 36244344,           
                                   "Actual Loops": 1,                 
                                   "Shared Hit Blocks": 4,            
                                   "Shared Read Blocks": 252650,      
                                   "Shared Dirtied Blocks": 0,        
                                   "Shared Written Blocks": 0,        
                                   "Local Hit Blocks": 0,             
                                   "Local Read Blocks": 0,            
                                   "Local Dirtied Blocks": 0,         
                                   "Local Written Blocks": 0,         
                                   "Temp Read Blocks": 0,             
                                   "Temp Written Blocks": 0           
                                 }                                    
                               ]                                      
                             },                                       
                             {                                        
                               "Node Type": "Sort",                   
                               "Parent Relationship": "Inner",        
                               "Parallel Aware": false,               
                               "Startup Cost": 16263.33,              
                               "Total Cost": 16586.90,                
                               "Plan Rows": 4167491,                  
                               "Plan Width": 19,                      
                               "Actual Startup Time": 3611.289,       
                               "Actual Total Time": 4045.231,         
                               "Actual Rows": 4061926,                
                               "Actual Loops": 1,                     
                               "Sort Key": ["n.id"],                  
                               "Sort Method": "quicksort",            
                               "Sort Space Used": 405945,             
                               "Sort Space Type": "Memory",           
                               "Shared Hit Blocks": 1,                
                               "Shared Read Blocks": 55612,           
                               "Shared Dirtied Blocks": 0,            
                               "Shared Written Blocks": 0,            
                               "Local Hit Blocks": 0,                 
                               "Local Read Blocks": 0,                
                               "Local Dirtied Blocks": 0,             
                               "Local Written Blocks": 0,             
                               "Temp Read Blocks": 0,                 
                               "Temp Written Blocks": 0,              
                               "Plans": [                             
                                 {                                    
                                   "Node Type": "Seq Scan",           
                                   "Parent Relationship": "Outer",    
                                   "Parallel Aware": false,           
                                   "Relation Name": "name",           
                                   "Alias": "n",                      
                                   "Startup Cost": 0.00,              
                                   "Total Cost": 2032.56,             
                                   "Plan Rows": 4167491,              
                                   "Plan Width": 19,                  
                                   "Actual Startup Time": 19.644,     
                                   "Actual Total Time": 1641.725,     
                                   "Actual Rows": 4167491,            
                                   "Actual Loops": 1,                 
                                   "Shared Hit Blocks": 1,            
                                   "Shared Read Blocks": 55612,       
                                   "Shared Dirtied Blocks": 0,        
                                   "Shared Written Blocks": 0,        
                                   "Local Hit Blocks": 0,             
                                   "Local Read Blocks": 0,            
                                   "Local Dirtied Blocks": 0,         
                                   "Local Written Blocks": 0,         
                                   "Temp Read Blocks": 0,             
                                   "Temp Written Blocks": 0           
                                 }                                    
                               ]                                      
                             }                                        
                           ]                                          
                         }                                            
                       ]                                              
                     }                                                
                   ]                                                  
                 }                                                    
               ]                                                      
             }                                                        
           ]                                                          
         }                                                            
       ]                                                              
     },                                                               
     "Planning Time": 5740.631,                                       
     "Triggers": [                                                    
     ],                                                               
     "Execution Time": 1205234.881                                    
