     "Plan": {                                                                                                           
       "Node Type": "Aggregate",                                                                                         
       "Strategy": "Plain",                                                                                              
       "Partial Mode": "Simple",                                                                                         
       "Parallel Aware": false,                                                                                          
       "Startup Cost": 373114.19,                                                                                        
       "Total Cost": 373114.19,                                                                                          
       "Plan Rows": 1,                                                                                                   
       "Plan Width": 96,                                                                                                 
       "Actual Startup Time": 147046.712,                                                                                
       "Actual Total Time": 147046.712,                                                                                  
       "Actual Rows": 1,                                                                                                 
       "Actual Loops": 1,                                                                                                
       "Shared Hit Blocks": 33346,                                                                                       
       "Shared Read Blocks": 514646,                                                                                     
       "Shared Dirtied Blocks": 0,                                                                                       
       "Shared Written Blocks": 0,                                                                                       
       "Local Hit Blocks": 0,                                                                                            
       "Local Read Blocks": 0,                                                                                           
       "Local Dirtied Blocks": 0,                                                                                        
       "Local Written Blocks": 0,                                                                                        
       "Temp Read Blocks": 0,                                                                                            
       "Temp Written Blocks": 0,                                                                                         
       "Plans": [                                                                                                        
         {                                                                                                               
           "Node Type": "Merge Join",                                                                                    
           "Parent Relationship": "Outer",                                                                               
           "Parallel Aware": false,                                                                                      
           "Join Type": "Inner",                                                                                         
           "Startup Cost": 348282.84,                                                                                    
           "Total Cost": 356827.25,                                                                                      
           "Plan Rows": 69925281,                                                                                        
           "Plan Width": 65,                                                                                             
           "Actual Startup Time": 67711.952,                                                                             
           "Actual Total Time": 103039.626,                                                                              
           "Actual Rows": 136160680,                                                                                     
           "Actual Loops": 1,                                                                                            
           "Inner Unique": false,                                                                                        
           "Merge Cond": "(t.id = mi.movie_id)",                                                                         
           "Shared Hit Blocks": 16,                                                                                      
           "Shared Read Blocks": 514600,                                                                                 
           "Shared Dirtied Blocks": 0,                                                                                   
           "Shared Written Blocks": 0,                                                                                   
           "Local Hit Blocks": 0,                                                                                        
           "Local Read Blocks": 0,                                                                                       
           "Local Dirtied Blocks": 0,                                                                                    
           "Local Written Blocks": 0,                                                                                    
           "Temp Read Blocks": 0,                                                                                        
           "Temp Written Blocks": 0,                                                                                     
           "Plans": [                                                                                                    
             {                                                                                                           
               "Node Type": "Sort",                                                                                      
               "Parent Relationship": "Outer",                                                                           
               "Parallel Aware": false,                                                                                  
               "Startup Cost": 240665.10,                                                                                
               "Total Cost": 241158.56,                                                                                  
               "Plan Rows": 6355688,                                                                                     
               "Plan Width": 35,                                                                                         
               "Actual Startup Time": 50019.917,                                                                         
               "Actual Total Time": 50965.899,                                                                           
               "Actual Rows": 6712780,                                                                                   
               "Actual Loops": 1,                                                                                        
               "Sort Key": ["ci.movie_id"],                                                                              
               "Sort Method": "quicksort",                                                                               
               "Sort Space Used": 773194,                                                                                
               "Sort Space Type": "Memory",                                                                              
               "Shared Hit Blocks": 13,                                                                                  
               "Shared Read Blocks": 352710,                                                                             
               "Shared Dirtied Blocks": 0,                                                                               
               "Shared Written Blocks": 0,                                                                               
               "Local Hit Blocks": 0,                                                                                    
               "Local Read Blocks": 0,                                                                                   
               "Local Dirtied Blocks": 0,                                                                                
               "Local Written Blocks": 0,                                                                                
               "Temp Read Blocks": 0,                                                                                    
               "Temp Written Blocks": 0,                                                                                 
               "Plans": [                                                                                                
                 {                                                                                                       
                   "Node Type": "Merge Join",                                                                            
                   "Parent Relationship": "Outer",                                                                       
                   "Parallel Aware": false,                                                                              
                   "Join Type": "Inner",                                                                                 
                   "Startup Cost": 215990.70,                                                                            
                   "Total Cost": 218361.37,                                                                              
                   "Plan Rows": 6355688,                                                                                 
                   "Plan Width": 35,                                                                                     
                   "Actual Startup Time": 43211.066,                                                                     
                   "Actual Total Time": 47154.350,                                                                       
                   "Actual Rows": 6712780,                                                                               
                   "Actual Loops": 1,                                                                                    
                   "Inner Unique": true,                                                                                 
                   "Merge Cond": "(ci.person_id = n.id)",                                                                
                   "Shared Hit Blocks": 9,                                                                               
                   "Shared Read Blocks": 352710,                                                                         
                   "Shared Dirtied Blocks": 0,                                                                           
                   "Shared Written Blocks": 0,                                                                           
                   "Local Hit Blocks": 0,                                                                                
                   "Local Read Blocks": 0,                                                                               
                   "Local Dirtied Blocks": 0,                                                                            
                   "Local Written Blocks": 0,                                                                            
                   "Temp Read Blocks": 0,                                                                                
                   "Temp Written Blocks": 0,                                                                             
                   "Plans": [                                                                                            
                     {                                                                                                   
                       "Node Type": "Sort",                                                                              
                       "Parent Relationship": "Outer",                                                                   
                       "Parallel Aware": false,                                                                          
                       "Startup Cost": 204994.85,                                                                        
                       "Total Cost": 205756.02,                                                                          
                       "Plan Rows": 9803830,                                                                             
                       "Plan Width": 39,                                                                                 
                       "Actual Startup Time": 40041.067,                                                                 
                       "Actual Total Time": 41135.893,                                                                   
                       "Actual Rows": 6712781,                                                                           
                       "Actual Loops": 1,                                                                                
                       "Sort Key": ["ci.person_id"],                                                                     
                       "Sort Method": "quicksort",                                                                       
                       "Sort Space Used": 1328133,                                                                       
                       "Sort Space Type": "Memory",                                                                      
                       "Shared Hit Blocks": 8,                                                                           
                       "Shared Read Blocks": 297098,                                                                     
                       "Shared Dirtied Blocks": 0,                                                                       
                       "Shared Written Blocks": 0,                                                                       
                       "Local Hit Blocks": 0,                                                                            
                       "Local Read Blocks": 0,                                                                           
                       "Local Dirtied Blocks": 0,                                                                        
                       "Local Written Blocks": 0,                                                                        
                       "Temp Read Blocks": 0,                                                                            
                       "Temp Written Blocks": 0,                                                                         
                       "Plans": [                                                                                        
                         {                                                                                               
                           "Node Type": "Merge Join",                                                                    
                           "Parent Relationship": "Outer",                                                               
                           "Parallel Aware": false,                                                                      
                           "Join Type": "Inner",                                                                         
                           "Startup Cost": 163519.95,                                                                    
                           "Total Cost": 169638.80,                                                                      
                           "Plan Rows": 9803830,                                                                         
                           "Plan Width": 39,                                                                             
                           "Actual Startup Time": 24428.774,                                                             
                           "Actual Total Time": 35280.775,                                                               
                           "Actual Rows": 10416608,                                                                      
                           "Actual Loops": 1,                                                                            
                           "Inner Unique": false,                                                                        
                           "Merge Cond": "(t.id = ci.movie_id)",                                                         
                           "Shared Hit Blocks": 8,                                                                       
                           "Shared Read Blocks": 297098,                                                                 
                           "Shared Dirtied Blocks": 0,                                                                   
                           "Shared Written Blocks": 0,                                                                   
                           "Local Hit Blocks": 0,                                                                        
                           "Local Read Blocks": 0,                                                                       
                           "Local Dirtied Blocks": 0,                                                                    
                           "Local Written Blocks": 0,                                                                    
                           "Temp Read Blocks": 0,                                                                        
                           "Temp Written Blocks": 0,                                                                     
                           "Plans": [                                                                                    
                             {                                                                                           
                               "Node Type": "Sort",                                                                      
                               "Parent Relationship": "Outer",                                                           
                               "Parallel Aware": false,                                                                  
                               "Startup Cost": 11762.82,                                                                 
                               "Total Cost": 11796.07,                                                                   
                               "Plan Rows": 428199,                                                                      
                               "Plan Width": 31,                                                                         
                               "Actual Startup Time": 3627.743,                                                          
                               "Actual Total Time": 3669.867,                                                            
                               "Actual Rows": 311149,                                                                    
                               "Actual Loops": 1,                                                                        
                               "Sort Key": ["mi_idx.movie_id"],                                                          
                               "Sort Method": "quicksort",                                                               
                               "Sort Space Used": 38261,                                                                 
                               "Sort Space Type": "Memory",                                                              
                               "Shared Hit Blocks": 4,                                                                   
                               "Shared Read Blocks": 44448,                                                              
                               "Shared Dirtied Blocks": 0,                                                               
                               "Shared Written Blocks": 0,                                                               
                               "Local Hit Blocks": 0,                                                                    
                               "Local Read Blocks": 0,                                                                   
                               "Local Dirtied Blocks": 0,                                                                
                               "Local Written Blocks": 0,                                                                
                               "Temp Read Blocks": 0,                                                                    
                               "Temp Written Blocks": 0,                                                                 
                               "Plans": [                                                                                
                                 {                                                                                       
                                   "Node Type": "Merge Join",                                                            
                                   "Parent Relationship": "Outer",                                                       
                                   "Parallel Aware": false,                                                              
                                   "Join Type": "Inner",                                                                 
                                   "Startup Cost": 10422.83,                                                             
                                   "Total Cost": 10518.92,                                                               
                                   "Plan Rows": 428199,                                                                  
                                   "Plan Width": 31,                                                                     
                                   "Actual Startup Time": 3401.176,                                                      
                                   "Actual Total Time": 3499.027,                                                        
                                   "Actual Rows": 311149,                                                                
                                   "Actual Loops": 1,                                                                    
                                   "Inner Unique": true,                                                                 
                                   "Merge Cond": "(mi_idx.info_type_id = it2.id)",                                       
                                   "Shared Hit Blocks": 4,                                                               
                                   "Shared Read Blocks": 44448,                                                          
                                   "Shared Dirtied Blocks": 0,                                                           
                                   "Shared Written Blocks": 0,                                                           
                                   "Local Hit Blocks": 0,                                                                
                                   "Local Read Blocks": 0,                                                               
                                   "Local Dirtied Blocks": 0,                                                            
                                   "Local Written Blocks": 0,                                                            
                                   "Temp Read Blocks": 0,                                                                
                                   "Temp Written Blocks": 0,                                                             
                                   "Plans": [                                                                            
                                     {                                                                                   
                                       "Node Type": "Sort",                                                              
                                       "Parent Relationship": "Outer",                                                   
                                       "Parallel Aware": false,                                                          
                                       "Startup Cost": 10422.65,                                                         
                                       "Total Cost": 10455.90,                                                           
                                       "Plan Rows": 428199,                                                              
                                       "Plan Width": 35,                                                                 
                                       "Actual Startup Time": 3401.105,                                                  
                                       "Actual Total Time": 3423.791,                                                    
                                       "Actual Rows": 311149,                                                            
                                       "Actual Loops": 1,                                                                
                                       "Sort Key": ["mi_idx.info_type_id"],                                              
                                       "Sort Method": "quicksort",                                                       
                                       "Sort Space Used": 39127,                                                         
                                       "Sort Space Type": "Memory",                                                      
                                       "Shared Hit Blocks": 3,                                                           
                                       "Shared Read Blocks": 44448,                                                      
                                       "Shared Dirtied Blocks": 0,                                                       
                                       "Shared Written Blocks": 0,                                                       
                                       "Local Hit Blocks": 0,                                                            
                                       "Local Read Blocks": 0,                                                           
                                       "Local Dirtied Blocks": 0,                                                        
                                       "Local Written Blocks": 0,                                                        
                                       "Temp Read Blocks": 0,                                                            
                                       "Temp Written Blocks": 0,                                                         
                                       "Plans": [                                                                        
                                         {                                                                               
                                           "Node Type": "Merge Join",                                                    
                                           "Parent Relationship": "Outer",                                               
                                           "Parallel Aware": false,                                                      
                                           "Join Type": "Inner",                                                         
                                           "Startup Cost": 8813.16,                                                      
                                           "Total Cost": 9178.75,                                                        
                                           "Plan Rows": 428199,                                                          
                                           "Plan Width": 35,                                                             
                                           "Actual Startup Time": 2805.480,                                              
                                           "Actual Total Time": 3309.396,                                                
                                           "Actual Rows": 311149,                                                        
                                           "Actual Loops": 1,                                                            
                                           "Inner Unique": true,                                                         
                                           "Merge Cond": "(mi_idx.movie_id = t.id)",                                     
                                           "Shared Hit Blocks": 3,                                                       
                                           "Shared Read Blocks": 44448,                                                  
                                           "Shared Dirtied Blocks": 0,                                                   
                                           "Shared Written Blocks": 0,                                                   
                                           "Local Hit Blocks": 0,                                                        
                                           "Local Read Blocks": 0,                                                       
                                           "Local Dirtied Blocks": 0,                                                    
                                           "Local Written Blocks": 0,                                                    
                                           "Temp Read Blocks": 0,                                                        
                                           "Temp Written Blocks": 0,                                                     
                                           "Plans": [                                                                    
                                             {                                                                           
                                               "Node Type": "Sort",                                                      
                                               "Parent Relationship": "Outer",                                           
                                               "Parallel Aware": false,                                                  
                                               "Startup Cost": 4731.30,                                                  
                                               "Total Cost": 4838.45,                                                    
                                               "Plan Rows": 1380035,                                                     
                                               "Plan Width": 14,                                                         
                                               "Actual Startup Time": 845.805,                                           
                                               "Actual Total Time": 930.933,                                             
                                               "Actual Rows": 1380035,                                                   
                                               "Actual Loops": 1,                                                        
                                               "Sort Key": ["mi_idx.movie_id"],                                          
                                               "Sort Method": "quicksort",                                               
                                               "Sort Space Used": 128214,                                                
                                               "Sort Space Type": "Memory",                                              
                                               "Shared Hit Blocks": 2,                                                   
                                               "Shared Read Blocks": 8451,                                               
                                               "Shared Dirtied Blocks": 0,                                               
                                               "Shared Written Blocks": 0,                                               
                                               "Local Hit Blocks": 0,                                                    
                                               "Local Read Blocks": 0,                                                   
                                               "Local Dirtied Blocks": 0,                                                
                                               "Local Written Blocks": 0,                                                
                                               "Temp Read Blocks": 0,                                                    
                                               "Temp Written Blocks": 0,                                                 
                                               "Plans": [                                                                
                                                 {                                                                       
                                                   "Node Type": "Seq Scan",                                              
                                                   "Parent Relationship": "Outer",                                       
                                                   "Parallel Aware": false,                                              
                                                   "Relation Name": "movie_info_idx",                                    
                                                   "Alias": "mi_idx",                                                    
                                                   "Startup Cost": 0.00,                                                 
                                                   "Total Cost": 360.56,                                                 
                                                   "Plan Rows": 1380035,                                                 
                                                   "Plan Width": 14,                                                     
                                                   "Actual Startup Time": 0.019,                                         
                                                   "Actual Total Time": 318.295,                                         
                                                   "Actual Rows": 1380035,                                               
                                                   "Actual Loops": 1,                                                    
                                                   "Shared Hit Blocks": 2,                                               
                                                   "Shared Read Blocks": 8451,                                           
                                                   "Shared Dirtied Blocks": 0,                                           
                                                   "Shared Written Blocks": 0,                                           
                                                   "Local Hit Blocks": 0,                                                
                                                   "Local Read Blocks": 0,                                               
                                                   "Local Dirtied Blocks": 0,                                            
                                                   "Local Written Blocks": 0,                                            
                                                   "Temp Read Blocks": 0,                                                
                                                   "Temp Written Blocks": 0                                              
                                                 }                                                                       
                                               ]                                                                         
                                             },                                                                          
                                             {                                                                           
                                               "Node Type": "Sort",                                                      
                                               "Parent Relationship": "Inner",                                           
                                               "Parallel Aware": false,                                                  
                                               "Startup Cost": 4081.86,                                                  
                                               "Total Cost": 4142.77,                                                    
                                               "Plan Rows": 784488,                                                      
                                               "Plan Width": 21,                                                         
                                               "Actual Startup Time": 1959.663,                                          
                                               "Actual Total Time": 2059.185,                                            
                                               "Actual Rows": 784266,                                                    
                                               "Actual Loops": 1,                                                        
                                               "Sort Key": ["t.id"],                                                     
                                               "Sort Method": "quicksort",                                               
                                               "Sort Space Used": 79039,                                                 
                                               "Sort Space Type": "Memory",                                              
                                               "Shared Hit Blocks": 1,                                                   
                                               "Shared Read Blocks": 35997,                                              
                                               "Shared Dirtied Blocks": 0,                                               
                                               "Shared Written Blocks": 0,                                               
                                               "Local Hit Blocks": 0,                                                    
                                               "Local Read Blocks": 0,                                                   
                                               "Local Dirtied Blocks": 0,                                                
                                               "Local Written Blocks": 0,                                                
                                               "Temp Read Blocks": 0,                                                    
                                               "Temp Written Blocks": 0,                                                 
                                               "Plans": [                                                                
                                                 {                                                                       
                                                   "Node Type": "Seq Scan",                                              
                                                   "Parent Relationship": "Outer",                                       
                                                   "Parallel Aware": false,                                              
                                                   "Relation Name": "title",                                             
                                                   "Alias": "t",                                                         
                                                   "Startup Cost": 0.00,                                                 
                                                   "Total Cost": 1696.56,                                                
                                                   "Plan Rows": 784488,                                                  
                                                   "Plan Width": 21,                                                     
                                                   "Actual Startup Time": 25.115,                                        
                                                   "Actual Total Time": 1467.561,                                        
                                                   "Actual Rows": 784488,                                                
                                                   "Actual Loops": 1,                                                    
                                                   "Filter": "((production_year >= 2008) AND (production_year <= 2014))",
                                                   "Rows Removed by Filter": 1743824,                                    
                                                   "Shared Hit Blocks": 1,                                               
                                                   "Shared Read Blocks": 35997,                                          
                                                   "Shared Dirtied Blocks": 0,                                           
                                                   "Shared Written Blocks": 0,                                           
                                                   "Local Hit Blocks": 0,                                                
                                                   "Local Read Blocks": 0,                                               
                                                   "Local Dirtied Blocks": 0,                                            
                                                   "Local Written Blocks": 0,                                            
                                                   "Temp Read Blocks": 0,                                                
                                                   "Temp Written Blocks": 0                                              
                                                 }                                                                       
                                               ]                                                                         
                                             }                                                                           
                                           ]                                                                             
                                         }                                                                               
                                       ]                                                                                 
                                     },                                                                                  
                                     {                                                                                   
                                       "Node Type": "Sort",                                                              
                                       "Parent Relationship": "Inner",                                                   
                                       "Parallel Aware": false,                                                          
                                       "Startup Cost": 0.16,                                                             
                                       "Total Cost": 0.17,                                                               
                                       "Plan Rows": 113,                                                                 
                                       "Plan Width": 4,                                                                  
                                       "Actual Startup Time": 0.052,                                                     
                                       "Actual Total Time": 0.059,                                                       
                                       "Actual Rows": 113,                                                               
                                       "Actual Loops": 1,                                                                
                                       "Sort Key": ["it2.id"],                                                           
                                       "Sort Method": "quicksort",                                                       
                                       "Sort Space Used": 30,                                                            
                                       "Sort Space Type": "Memory",                                                      
                                       "Shared Hit Blocks": 1,                                                           
                                       "Shared Read Blocks": 0,                                                          
                                       "Shared Dirtied Blocks": 0,                                                       
                                       "Shared Written Blocks": 0,                                                       
                                       "Local Hit Blocks": 0,                                                            
                                       "Local Read Blocks": 0,                                                           
                                       "Local Dirtied Blocks": 0,                                                        
                                       "Local Written Blocks": 0,                                                        
                                       "Temp Read Blocks": 0,                                                            
                                       "Temp Written Blocks": 0,                                                         
                                       "Plans": [                                                                        
                                         {                                                                               
                                           "Node Type": "Seq Scan",                                                      
                                           "Parent Relationship": "Outer",                                               
                                           "Parallel Aware": false,                                                      
                                           "Relation Name": "info_type",                                                 
                                           "Alias": "it2",                                                               
                                           "Startup Cost": 0.00,                                                         
                                           "Total Cost": 0.04,                                                           
                                           "Plan Rows": 113,                                                             
                                           "Plan Width": 4,                                                              
                                           "Actual Startup Time": 0.015,                                                 
                                           "Actual Total Time": 0.028,                                                   
                                           "Actual Rows": 113,                                                           
                                           "Actual Loops": 1,                                                            
                                           "Shared Hit Blocks": 1,                                                       
                                           "Shared Read Blocks": 0,                                                      
                                           "Shared Dirtied Blocks": 0,                                                   
                                           "Shared Written Blocks": 0,                                                   
                                           "Local Hit Blocks": 0,                                                        
                                           "Local Read Blocks": 0,                                                       
                                           "Local Dirtied Blocks": 0,                                                    
                                           "Local Written Blocks": 0,                                                    
                                           "Temp Read Blocks": 0,                                                        
                                           "Temp Written Blocks": 0                                                      
                                         }                                                                               
                                       ]                                                                                 
                                     }                                                                                   
                                   ]                                                                                     
                                 }                                                                                       
                               ]                                                                                         
                             },                                                                                          
                             {                                                                                           
                               "Node Type": "Sort",                                                                      
                               "Parent Relationship": "Inner",                                                           
                               "Parallel Aware": false,                                                                  
                               "Startup Cost": 151757.13,                                                                
                               "Total Cost": 154571.13,                                                                  
                               "Plan Rows": 36244344,                                                                    
                               "Plan Width": 8,                                                                          
                               "Actual Startup Time": 20800.928,                                                         
                               "Actual Total Time": 25608.621,                                                           
                               "Actual Rows": 43190226,                                                                  
                               "Actual Loops": 1,                                                                        
                               "Sort Key": ["ci.movie_id"],                                                              
                               "Sort Method": "quicksort",                                                               
                               "Sort Space Used": 3271818,                                                               
                               "Sort Space Type": "Memory",                                                              
                               "Shared Hit Blocks": 4,                                                                   
                               "Shared Read Blocks": 252650,                                                             
                               "Shared Dirtied Blocks": 0,                                                               
                               "Shared Written Blocks": 0,                                                               
                               "Local Hit Blocks": 0,                                                                    
                               "Local Read Blocks": 0,                                                                   
                               "Local Dirtied Blocks": 0,                                                                
                               "Local Written Blocks": 0,                                                                
                               "Temp Read Blocks": 0,                                                                    
                               "Temp Written Blocks": 0,                                                                 
                               "Plans": [                                                                                
                                 {                                                                                       
                                   "Node Type": "Seq Scan",                                                              
                                   "Parent Relationship": "Outer",                                                       
                                   "Parallel Aware": false,                                                              
                                   "Relation Name": "cast_info",                                                         
                                   "Alias": "ci",                                                                        
                                   "Startup Cost": 0.00,                                                                 
                                   "Total Cost": 10431.00,                                                               
                                   "Plan Rows": 36244344,                                                                
                                   "Plan Width": 8,                                                                      
                                   "Actual Startup Time": 0.015,                                                         
                                   "Actual Total Time": 6717.354,                                                        
                                   "Actual Rows": 36244344,                                                              
                                   "Actual Loops": 1,                                                                    
                                   "Shared Hit Blocks": 4,                                                               
                                   "Shared Read Blocks": 252650,                                                         
                                   "Shared Dirtied Blocks": 0,                                                           
                                   "Shared Written Blocks": 0,                                                           
                                   "Local Hit Blocks": 0,                                                                
                                   "Local Read Blocks": 0,                                                               
                                   "Local Dirtied Blocks": 0,                                                            
                                   "Local Written Blocks": 0,                                                            
                                   "Temp Read Blocks": 0,                                                                
                                   "Temp Written Blocks": 0                                                              
                                 }                                                                                       
                               ]                                                                                         
                             }                                                                                           
                           ]                                                                                             
                         }                                                                                               
                       ]                                                                                                 
                     },                                                                                                  
                     {                                                                                                   
                       "Node Type": "Sort",                                                                              
                       "Parent Relationship": "Inner",                                                                   
                       "Parallel Aware": false,                                                                          
                       "Startup Cost": 10995.85,                                                                         
                       "Total Cost": 11205.61,                                                                           
                       "Plan Rows": 2701727,                                                                             
                       "Plan Width": 4,                                                                                  
                       "Actual Startup Time": 3169.985,                                                                  
                       "Actual Total Time": 3491.035,                                                                    
                       "Actual Rows": 2701134,                                                                           
                       "Actual Loops": 1,                                                                                
                       "Sort Key": ["n.id"],                                                                             
                       "Sort Method": "quicksort",                                                                       
                       "Sort Space Used": 224920,                                                                        
                       "Sort Space Type": "Memory",                                                                      
                       "Shared Hit Blocks": 1,                                                                           
                       "Shared Read Blocks": 55612,                                                                      
                       "Shared Dirtied Blocks": 0,                                                                       
                       "Shared Written Blocks": 0,                                                                       
                       "Local Hit Blocks": 0,                                                                            
                       "Local Read Blocks": 0,                                                                           
                       "Local Dirtied Blocks": 0,                                                                        
                       "Local Written Blocks": 0,                                                                        
                       "Temp Read Blocks": 0,                                                                            
                       "Temp Written Blocks": 0,                                                                         
                       "Plans": [                                                                                        
                         {                                                                                               
                           "Node Type": "Seq Scan",                                                                      
                           "Parent Relationship": "Outer",                                                               
                           "Parallel Aware": false,                                                                      
                           "Relation Name": "name",                                                                      
                           "Alias": "n",                                                                                 
                           "Startup Cost": 0.00,                                                                         
                           "Total Cost": 2032.56,                                                                        
                           "Plan Rows": 2701727,                                                                         
                           "Plan Width": 4,                                                                              
                           "Actual Startup Time": 12.830,                                                                
                           "Actual Total Time": 2038.496,                                                                
                           "Actual Rows": 2701134,                                                                       
                           "Actual Loops": 1,                                                                            
                           "Filter": "(gender IS NOT NULL)",                                                             
                           "Rows Removed by Filter": 1466357,                                                            
                           "Shared Hit Blocks": 1,                                                                       
                           "Shared Read Blocks": 55612,                                                                  
                           "Shared Dirtied Blocks": 0,                                                                   
                           "Shared Written Blocks": 0,                                                                   
                           "Local Hit Blocks": 0,                                                                        
                           "Local Read Blocks": 0,                                                                       
                           "Local Dirtied Blocks": 0,                                                                    
                           "Local Written Blocks": 0,                                                                    
                           "Temp Read Blocks": 0,                                                                        
                           "Temp Written Blocks": 0                                                                      
                         }                                                                                               
                       ]                                                                                                 
                     }                                                                                                   
                   ]                                                                                                     
                 }                                                                                                       
               ]                                                                                                         
             },                                                                                                          
             {                                                                                                           
               "Node Type": "Sort",                                                                                      
               "Parent Relationship": "Inner",                                                                           
               "Parallel Aware": false,                                                                                  
               "Startup Cost": 107617.74,                                                                                
               "Total Cost": 108657.92,                                                                                  
               "Plan Rows": 13397535,                                                                                    
               "Plan Width": 46,                                                                                         
               "Actual Startup Time": 17692.017,                                                                         
               "Actual Total Time": 24849.342,                                                                           
               "Actual Rows": 148464633,                                                                                 
               "Actual Loops": 1,                                                                                        
               "Sort Key": ["mi.movie_id"],                                                                              
               "Sort Method": "quicksort",                                                                               
               "Sort Space Used": 1569058,                                                                               
               "Sort Space Type": "Memory",                                                                              
               "Shared Hit Blocks": 3,                                                                                   
               "Shared Read Blocks": 161890,                                                                             
               "Shared Dirtied Blocks": 0,                                                                               
               "Shared Written Blocks": 0,                                                                               
               "Local Hit Blocks": 0,                                                                                    
               "Local Read Blocks": 0,                                                                                   
               "Local Dirtied Blocks": 0,                                                                                
               "Local Written Blocks": 0,                                                                                
               "Temp Read Blocks": 0,                                                                                    
               "Temp Written Blocks": 0,                                                                                 
               "Plans": [                                                                                                
                 {                                                                                                       
                   "Node Type": "Merge Join",                                                                            
                   "Parent Relationship": "Outer",                                                                       
                   "Parallel Aware": false,                                                                              
                   "Join Type": "Inner",                                                                                 
                   "Startup Cost": 55357.51,                                                                             
                   "Total Cost": 58364.22,                                                                               
                   "Plan Rows": 13397535,                                                                                
                   "Plan Width": 46,                                                                                     
                   "Actual Startup Time": 9373.932,                                                                      
                   "Actual Total Time": 12507.620,                                                                       
                   "Actual Rows": 13398746,                                                                              
                   "Actual Loops": 1,                                                                                    
                   "Inner Unique": false,                                                                                
                   "Merge Cond": "(it1.id = mi.info_type_id)",                                                           
                   "Shared Hit Blocks": 3,                                                                               
                   "Shared Read Blocks": 161890,                                                                         
                   "Shared Dirtied Blocks": 0,                                                                           
                   "Shared Written Blocks": 0,                                                                           
                   "Local Hit Blocks": 0,                                                                                
                   "Local Read Blocks": 0,                                                                               
                   "Local Dirtied Blocks": 0,                                                                            
                   "Local Written Blocks": 0,                                                                            
                   "Temp Read Blocks": 0,                                                                                
                   "Temp Written Blocks": 0,                                                                             
                   "Plans": [                                                                                            
                     {                                                                                                   
                       "Node Type": "Sort",                                                                              
                       "Parent Relationship": "Outer",                                                                   
                       "Parallel Aware": false,                                                                          
                       "Startup Cost": 0.16,                                                                             
                       "Total Cost": 0.17,                                                                               
                       "Plan Rows": 113,                                                                                 
                       "Plan Width": 4,                                                                                  
                       "Actual Startup Time": 0.047,                                                                     
                       "Actual Total Time": 0.072,                                                                       
                       "Actual Rows": 111,                                                                               
                       "Actual Loops": 1,                                                                                
                       "Sort Key": ["it1.id"],                                                                           
                       "Sort Method": "quicksort",                                                                       
                       "Sort Space Used": 30,                                                                            
                       "Sort Space Type": "Memory",                                                                      
                       "Shared Hit Blocks": 1,                                                                           
                       "Shared Read Blocks": 0,                                                                          
                       "Shared Dirtied Blocks": 0,                                                                       
                       "Shared Written Blocks": 0,                                                                       
                       "Local Hit Blocks": 0,                                                                            
                       "Local Read Blocks": 0,                                                                           
                       "Local Dirtied Blocks": 0,                                                                        
                       "Local Written Blocks": 0,                                                                        
                       "Temp Read Blocks": 0,                                                                            
                       "Temp Written Blocks": 0,                                                                         
                       "Plans": [                                                                                        
                         {                                                                                               
                           "Node Type": "Seq Scan",                                                                      
                           "Parent Relationship": "Outer",                                                               
                           "Parallel Aware": false,                                                                      
                           "Relation Name": "info_type",                                                                 
                           "Alias": "it1",                                                                               
                           "Startup Cost": 0.00,                                                                         
                           "Total Cost": 0.04,                                                                           
                           "Plan Rows": 113,                                                                             
                           "Plan Width": 4,                                                                              
                           "Actual Startup Time": 0.014,                                                                 
                           "Actual Total Time": 0.028,                                                                   
                           "Actual Rows": 113,                                                                           
                           "Actual Loops": 1,                                                                            
                           "Shared Hit Blocks": 1,                                                                       
                           "Shared Read Blocks": 0,                                                                      
                           "Shared Dirtied Blocks": 0,                                                                   
                           "Shared Written Blocks": 0,                                                                   
                           "Local Hit Blocks": 0,                                                                        
                           "Local Read Blocks": 0,                                                                       
                           "Local Dirtied Blocks": 0,                                                                    
                           "Local Written Blocks": 0,                                                                    
                           "Temp Read Blocks": 0,                                                                        
                           "Temp Written Blocks": 0                                                                      
                         }                                                                                               
                       ]                                                                                                 
                     },                                                                                                  
                     {                                                                                                   
                       "Node Type": "Sort",                                                                              
                       "Parent Relationship": "Inner",                                                                   
                       "Parallel Aware": false,                                                                          
                       "Startup Cost": 55357.35,                                                                         
                       "Total Cost": 56397.53,                                                                           
                       "Plan Rows": 13397535,                                                                            
                       "Plan Width": 50,                                                                                 
                       "Actual Startup Time": 9373.876,                                                                  
                       "Actual Total Time": 10079.572,                                                                   
                       "Actual Rows": 13398746,                                                                          
                       "Actual Loops": 1,                                                                                
                       "Sort Key": ["mi.info_type_id"],                                                                  
                       "Sort Method": "quicksort",                                                                       
                       "Sort Space Used": 1636302,                                                                       
                       "Sort Space Type": "Memory",                                                                      
                       "Shared Hit Blocks": 2,                                                                           
                       "Shared Read Blocks": 161890,                                                                     
                       "Shared Dirtied Blocks": 0,                                                                       
                       "Shared Written Blocks": 0,                                                                       
                       "Local Hit Blocks": 0,                                                                            
                       "Local Read Blocks": 0,                                                                           
                       "Local Dirtied Blocks": 0,                                                                        
                       "Local Written Blocks": 0,                                                                        
                       "Temp Read Blocks": 0,                                                                            
                       "Temp Written Blocks": 0,                                                                         
                       "Plans": [                                                                                        
                         {                                                                                               
                           "Node Type": "Seq Scan",                                                                      
                           "Parent Relationship": "Outer",                                                               
                           "Parallel Aware": false,                                                                      
                           "Relation Name": "movie_info",                                                                
                           "Alias": "mi",                                                                                
                           "Startup Cost": 0.00,                                                                         
                           "Total Cost": 6103.84,                                                                        
                           "Plan Rows": 13397535,                                                                        
                           "Plan Width": 50,                                                                             
                           "Actual Startup Time": 6.626,                                                                 
                           "Actual Total Time": 5497.035,                                                                
                           "Actual Rows": 13398746,                                                                      
                           "Actual Loops": 1,                                                                            
                           "Filter": "(note IS NULL)",                                                                   
                           "Rows Removed by Filter": 1436974,                                                            
                           "Shared Hit Blocks": 2,                                                                       
                           "Shared Read Blocks": 161890,                                                                 
                           "Shared Dirtied Blocks": 0,                                                                   
                           "Shared Written Blocks": 0,                                                                   
                           "Local Hit Blocks": 0,                                                                        
                           "Local Read Blocks": 0,                                                                       
                           "Local Dirtied Blocks": 0,                                                                    
                           "Local Written Blocks": 0,                                                                    
                           "Temp Read Blocks": 0,                                                                        
                           "Temp Written Blocks": 0                                                                      
                         }                                                                                               
                       ]                                                                                                 
                     }                                                                                                   
                   ]                                                                                                     
                 }                                                                                                       
               ]                                                                                                         
             }                                                                                                           
           ]                                                                                                             
         }                                                                                                               
       ]                                                                                                                 
     },                                                                                                                  
     "Planning Time": 5664.940,                                                                                          
     "Triggers": [                                                                                                       
     ],                                                                                                                  
     "Execution Time": 147281.466                                                                                        
