[
{
     "Plan": {                                                            
       "Node Type": "Aggregate",                                          
       "Strategy": "Plain",                                               
       "Partial Mode": "Simple",                                          
       "Parallel Aware": false,                                           
       "Startup Cost": 592848.86,                                         
       "Total Cost": 592848.86,                                           
       "Plan Rows": 1,                                                    
       "Plan Width": 96,                                                  
       "Actual Startup Time": 703288.713,                                 
       "Actual Total Time": 703288.713,                                   
       "Actual Rows": 1,                                                  
       "Actual Loops": 1,                                                 
       "Shared Hit Blocks": 516594,                                       
       "Shared Read Blocks": 514980,                                      
       "Shared Dirtied Blocks": 0,                                        
       "Shared Written Blocks": 0,                                        
       "Local Hit Blocks": 0,                                             
       "Local Read Blocks": 0,                                            
       "Local Dirtied Blocks": 0,                                         
       "Local Written Blocks": 0,                                         
       "Temp Read Blocks": 0,                                             
       "Temp Written Blocks": 0,                                          
       "Plans": [                                                         
         {                                                                
           "Node Type": "Merge Join",                                     
           "Parent Relationship": "Outer",                                
           "Parallel Aware": false,                                       
           "Join Type": "Inner",                                          
           "Startup Cost": 456370.31,                                     
           "Total Cost": 503188.47,                                       
           "Plan Rows": 384942194,                                        
           "Plan Width": 65,                                              
           "Actual Startup Time": 68222.438,                              
           "Actual Total Time": 327109.852,                               
           "Actual Rows": 1119077963,                                     
           "Actual Loops": 1,                                             
           "Inner Unique": false,                                         
           "Merge Cond": "(t.id = ci.movie_id)",                          
           "Shared Hit Blocks": 16,                                       
           "Shared Read Blocks": 514600,                                  
           "Shared Dirtied Blocks": 0,                                    
           "Shared Written Blocks": 0,                                    
           "Local Hit Blocks": 0,                                         
           "Local Read Blocks": 0,                                        
           "Local Dirtied Blocks": 0,                                     
           "Local Written Blocks": 0,                                     
           "Temp Read Blocks": 0,                                         
           "Temp Written Blocks": 0,                                      
           "Plans": [                                                     
             {                                                            
               "Node Type": "Merge Join",                                 
               "Parent Relationship": "Outer",                            
               "Parallel Aware": false,                                   
               "Join Type": "Inner",                                      
               "Startup Cost": 138258.98,                                 
               "Total Cost": 141931.02,                                   
               "Plan Rows": 13096511,                                     
               "Plan Width": 77,                                          
               "Actual Startup Time": 22272.492,                          
               "Actual Total Time": 31568.318,                            
               "Actual Rows": 20885030,                                   
               "Actual Loops": 1,                                         
               "Inner Unique": false,                                     
               "Merge Cond": "(t.id = mi.movie_id)",                      
               "Shared Hit Blocks": 11,                                   
               "Shared Read Blocks": 206338,                              
               "Shared Dirtied Blocks": 0,                                
               "Shared Written Blocks": 0,                                
               "Local Hit Blocks": 0,                                     
               "Local Read Blocks": 0,                                    
               "Local Dirtied Blocks": 0,                                 
               "Local Written Blocks": 0,                                 
               "Temp Read Blocks": 0,                                     
               "Temp Written Blocks": 0,                                  
               "Plans": [                                                 
                 {                                                        
                   "Node Type": "Merge Join",                             
                   "Parent Relationship": "Outer",                        
                   "Parallel Aware": false,                               
                   "Join Type": "Inner",                                  
                   "Startup Cost": 19066.28,                              
                   "Total Cost": 19768.19,                                
                   "Plan Rows": 1380035,                                  
                   "Plan Width": 31,                                      
                   "Actual Startup Time": 3809.596,                       
                   "Actual Total Time": 5183.668,                         
                   "Actual Rows": 1380035,                                
                   "Actual Loops": 1,                                     
                   "Inner Unique": true,                                  
                   "Merge Cond": "(mi_idx.movie_id = t.id)",              
                   "Shared Hit Blocks": 8,                                
                   "Shared Read Blocks": 44448,                           
                   "Shared Dirtied Blocks": 0,                            
                   "Shared Written Blocks": 0,                            
                   "Local Hit Blocks": 0,                                 
                   "Local Read Blocks": 0,                                
                   "Local Dirtied Blocks": 0,                             
                   "Local Written Blocks": 0,                             
                   "Temp Read Blocks": 0,                                 
                   "Temp Written Blocks": 0,                              
                   "Plans": [                                             
                     {                                                    
                       "Node Type": "Sort",                               
                       "Parent Relationship": "Outer",                    
                       "Parallel Aware": false,                           
                       "Startup Cost": 9411.92,                           
                       "Total Cost": 9519.07,                             
                       "Plan Rows": 1380035,                              
                       "Plan Width": 10,                                  
                       "Actual Startup Time": 1491.783,                   
                       "Actual Total Time": 1666.612,                     
                       "Actual Rows": 1380035,                            
                       "Actual Loops": 1,                                 
                       "Sort Key": ["mi_idx.movie_id"],                   
                       "Sort Method": "quicksort",                        
                       "Sort Space Used": 113842,                         
                       "Sort Space Type": "Memory",                       
                       "Shared Hit Blocks": 7,                            
                       "Shared Read Blocks": 8451,                        
                       "Shared Dirtied Blocks": 0,                        
                       "Shared Written Blocks": 0,                        
                       "Local Hit Blocks": 0,                             
                       "Local Read Blocks": 0,                            
                       "Local Dirtied Blocks": 0,                         
                       "Local Written Blocks": 0,                         
                       "Temp Read Blocks": 0,                             
                       "Temp Written Blocks": 0,                          
                       "Plans": [                                         
                         {                                                
                           "Node Type": "Merge Join",                     
                           "Parent Relationship": "Outer",                
                           "Parallel Aware": false,                       
                           "Join Type": "Inner",                          
                           "Startup Cost": 4731.48,                       
                           "Total Cost": 5041.19,                         
                           "Plan Rows": 1380035,                          
                           "Plan Width": 10,                              
                           "Actual Startup Time": 650.937,                
                           "Actual Total Time": 975.105,                  
                           "Actual Rows": 1380035,                        
                           "Actual Loops": 1,                             
                           "Inner Unique": false,                         
                           "Merge Cond": "(it.id = mi_idx.info_type_id)",
                           "Shared Hit Blocks": 3,                        
                           "Shared Read Blocks": 8451,                    
                           "Shared Dirtied Blocks": 0,                    
                           "Shared Written Blocks": 0,                    
                           "Local Hit Blocks": 0,                         
                           "Local Read Blocks": 0,                        
                           "Local Dirtied Blocks": 0,                     
                           "Local Written Blocks": 0,                     
                           "Temp Read Blocks": 0,                         
                           "Temp Written Blocks": 0,                      
                           "Plans": [                                     
                             {                                            
                               "Node Type": "Sort",                       
                               "Parent Relationship": "Outer",            
                               "Parallel Aware": false,                   
                               "Startup Cost": 0.16,                      
                               "Total Cost": 0.17,                        
                               "Plan Rows": 113,                          
                               "Plan Width": 4,                           
                               "Actual Startup Time": 0.042,              
                               "Actual Total Time": 0.049,                
                               "Actual Rows": 113,                        
                               "Actual Loops": 1,                         
                               "Sort Key": ["it.id"],                    
                               "Sort Method": "quicksort",                
                               "Sort Space Used": 30,                     
                               "Sort Space Type": "Memory",               
                               "Shared Hit Blocks": 1,                    
                               "Shared Read Blocks": 0,                   
                               "Shared Dirtied Blocks": 0,                
                               "Shared Written Blocks": 0,                
                               "Local Hit Blocks": 0,                     
                               "Local Read Blocks": 0,                    
                               "Local Dirtied Blocks": 0,                 
                               "Local Written Blocks": 0,                 
                               "Temp Read Blocks": 0,                     
                               "Temp Written Blocks": 0,                  
                               "Plans": [                                 
                                 {                                        
                                   "Node Type": "Seq Scan",               
                                   "Parent Relationship": "Outer",        
                                   "Parallel Aware": false,               
                                   "Relation Name": "info_type",          
                                   "Alias": "it",                        
                                   "Startup Cost": 0.00,                  
                                   "Total Cost": 0.04,                    
                                   "Plan Rows": 113,                      
                                   "Plan Width": 4,                       
                                   "Actual Startup Time": 0.006,          
                                   "Actual Total Time": 0.019,            
                                   "Actual Rows": 113,                    
                                   "Actual Loops": 1,                     
                                   "Shared Hit Blocks": 1,                
                                   "Shared Read Blocks": 0,               
                                   "Shared Dirtied Blocks": 0,            
                                   "Shared Written Blocks": 0,            
                                   "Local Hit Blocks": 0,                 
                                   "Local Read Blocks": 0,                
                                   "Local Dirtied Blocks": 0,             
                                   "Local Written Blocks": 0,             
                                   "Temp Read Blocks": 0,                 
                                   "Temp Written Blocks": 0               
                                 }                                        
                               ]                                          
                             },                                           
                             {                                            
                               "Node Type": "Sort",                       
                               "Parent Relationship": "Inner",            
                               "Parallel Aware": false,                   
                               "Startup Cost": 4731.30,                   
                               "Total Cost": 4838.45,                     
                               "Plan Rows": 1380035,                      
                               "Plan Width": 14,                          
                               "Actual Startup Time": 650.871,            
                               "Actual Total Time": 728.636,              
                               "Actual Rows": 1380035,                    
                               "Actual Loops": 1,                         
                               "Sort Key": ["mi_idx.info_type_id"],       
                               "Sort Method": "quicksort",                
                               "Sort Space Used": 128214,                 
                               "Sort Space Type": "Memory",               
                               "Shared Hit Blocks": 2,                    
                               "Shared Read Blocks": 8451,                
                               "Shared Dirtied Blocks": 0,                
                               "Shared Written Blocks": 0,                
                               "Local Hit Blocks": 0,                     
                               "Local Read Blocks": 0,                    
                               "Local Dirtied Blocks": 0,                 
                               "Local Written Blocks": 0,                 
                               "Temp Read Blocks": 0,                     
                               "Temp Written Blocks": 0,                  
                               "Plans": [                                 
                                 {                                        
                                   "Node Type": "Seq Scan",               
                                   "Parent Relationship": "Outer",        
                                   "Parallel Aware": false,               
                                   "Relation Name": "movie_info_idx",     
                                   "Alias": "mi_idx",                     
                                   "Startup Cost": 0.00,                  
                                   "Total Cost": 360.56,                  
                                   "Plan Rows": 1380035,                  
                                   "Plan Width": 14,                      
                                   "Actual Startup Time": 0.006,          
                                   "Actual Total Time": 315.665,          
                                   "Actual Rows": 1380035,                
                                   "Actual Loops": 1,                     
                                   "Shared Hit Blocks": 2,                
                                   "Shared Read Blocks": 8451,            
                                   "Shared Dirtied Blocks": 0,            
                                   "Shared Written Blocks": 0,            
                                   "Local Hit Blocks": 0,                 
                                   "Local Read Blocks": 0,                
                                   "Local Dirtied Blocks": 0,             
                                   "Local Written Blocks": 0,             
                                   "Temp Read Blocks": 0,                 
                                   "Temp Written Blocks": 0               
                                 }                                        
                               ]                                          
                             }                                            
                           ]                                              
                         }                                                
                       ]                                                  
                     },                                                   
                     {                                                    
                       "Node Type": "Sort",                               
                       "Parent Relationship": "Inner",                    
                       "Parallel Aware": false,                           
                       "Startup Cost": 9654.35,                           
                       "Total Cost": 9850.65,                             
                       "Plan Rows": 2528312,                              
                       "Plan Width": 21,                                  
                       "Actual Startup Time": 2317.802,                   
                       "Actual Total Time": 2695.658,                     
                       "Actual Rows": 2525793,                            
                       "Actual Loops": 1,                                 
                       "Sort Key": ["t.id"],                              
                       "Sort Method": "quicksort",                        
                       "Sort Space Used": 275055,                         
                       "Sort Space Type": "Memory",                       
                       "Shared Hit Blocks": 1,                            
                       "Shared Read Blocks": 35997,                       
                       "Shared Dirtied Blocks": 0,                        
                       "Shared Written Blocks": 0,                        
                       "Local Hit Blocks": 0,                             
                       "Local Read Blocks": 0,                            
                       "Local Dirtied Blocks": 0,                         
                       "Local Written Blocks": 0,                         
                       "Temp Read Blocks": 0,                             
                       "Temp Written Blocks": 0,                          
                       "Plans": [                                         
                         {                                                
                           "Node Type": "Seq Scan",                       
                           "Parent Relationship": "Outer",                
                           "Parallel Aware": false,                       
                           "Relation Name": "title",                      
                           "Alias": "t",                                  
                           "Startup Cost": 0.00,                          
                           "Total Cost": 1303.96,                         
                           "Plan Rows": 2528312,                          
                           "Plan Width": 21,                              
                           "Actual Startup Time": 23.110,                 
                           "Actual Total Time": 1015.445,                 
                           "Actual Rows": 2528312,                        
                           "Actual Loops": 1,                             
                           "Shared Hit Blocks": 1,                        
                           "Shared Read Blocks": 35997,                   
                           "Shared Dirtied Blocks": 0,                    
                           "Shared Written Blocks": 0,                    
                           "Local Hit Blocks": 0,                         
                           "Local Read Blocks": 0,                        
                           "Local Dirtied Blocks": 0,                     
                           "Local Written Blocks": 0,                     
                           "Temp Read Blocks": 0,                         
                           "Temp Written Blocks": 0                       
                         }                                                
                       ]                                                  
                     }                                                    
                   ]                                                      
                 },                                                       
                 {                                                        
                   "Node Type": "Sort",                                   
                   "Parent Relationship": "Inner",                        
                   "Parallel Aware": false,                               
                   "Startup Cost": 119192.71,                             
                   "Total Cost": 120344.55,                               
                   "Plan Rows": 14835720,                                 
                   "Plan Width": 46,                                      
                   "Actual Startup Time": 18462.882,                      
                   "Actual Total Time": 20500.443,                        
                   "Actual Rows": 28789357,                               
                   "Actual Loops": 1,                                     
                   "Sort Key": ["mi.movie_id"],                           
                   "Sort Method": "quicksort",                            
                   "Sort Space Used": 1912587,                            
                   "Sort Space Type": "Memory",                           
                   "Shared Hit Blocks": 3,                                
                   "Shared Read Blocks": 161890,                          
                   "Shared Dirtied Blocks": 0,                            
                   "Shared Written Blocks": 0,                            
                   "Local Hit Blocks": 0,                                 
                   "Local Read Blocks": 0,                                
                   "Local Dirtied Blocks": 0,                             
                   "Local Written Blocks": 0,                             
                   "Temp Read Blocks": 0,                                 
                   "Temp Written Blocks": 0,                              
                   "Plans": [                                             
                     {                                                    
                       "Node Type": "Merge Join",                         
                       "Parent Relationship": "Outer",                    
                       "Parallel Aware": false,                           
                       "Join Type": "Inner",                              
                       "Startup Cost": 60983.62,                          
                       "Total Cost": 64313.09,                            
                       "Plan Rows": 14835720,                             
                       "Plan Width": 46,                                  
                       "Actual Startup Time": 9197.743,                   
                       "Actual Total Time": 12660.764,                    
                       "Actual Rows": 14835720,                           
                       "Actual Loops": 1,                                 
                       "Inner Unique": false,                             
                       "Merge Cond": "(it.id = mi.info_type_id)",        
                       "Shared Hit Blocks": 3,                            
                       "Shared Read Blocks": 161890,                      
                       "Shared Dirtied Blocks": 0,                        
                       "Shared Written Blocks": 0,                        
                       "Local Hit Blocks": 0,                             
                       "Local Read Blocks": 0,                            
                       "Local Dirtied Blocks": 0,                         
                       "Local Written Blocks": 0,                         
                       "Temp Read Blocks": 0,                             
                       "Temp Written Blocks": 0,                          
                       "Plans": [                                         
                         {                                                
                           "Node Type": "Sort",                           
                           "Parent Relationship": "Outer",                
                           "Parallel Aware": false,                       
                           "Startup Cost": 0.16,                          
                           "Total Cost": 0.17,                            
                           "Plan Rows": 113,                              
                           "Plan Width": 4,                               
                           "Actual Startup Time": 0.044,                  
                           "Actual Total Time": 0.072,                    
                           "Actual Rows": 111,                            
                           "Actual Loops": 1,                             
                           "Sort Key": ["it.id"],                        
                           "Sort Method": "quicksort",                    
                           "Sort Space Used": 30,                         
                           "Sort Space Type": "Memory",                   
                           "Shared Hit Blocks": 1,                        
                           "Shared Read Blocks": 0,                       
                           "Shared Dirtied Blocks": 0,                    
                           "Shared Written Blocks": 0,                    
                           "Local Hit Blocks": 0,                         
                           "Local Read Blocks": 0,                        
                           "Local Dirtied Blocks": 0,                     
                           "Local Written Blocks": 0,                     
                           "Temp Read Blocks": 0,                         
                           "Temp Written Blocks": 0,                      
                           "Plans": [                                     
                             {                                            
                               "Node Type": "Seq Scan",                   
                               "Parent Relationship": "Outer",            
                               "Parallel Aware": false,                   
                               "Relation Name": "info_type",              
                               "Alias": "it",                            
                               "Startup Cost": 0.00,                      
                               "Total Cost": 0.04,                        
                               "Plan Rows": 113,                          
                               "Plan Width": 4,                           
                               "Actual Startup Time": 0.012,              
                               "Actual Total Time": 0.026,                
                               "Actual Rows": 113,                        
                               "Actual Loops": 1,                         
                               "Shared Hit Blocks": 1,                    
                               "Shared Read Blocks": 0,                   
                               "Shared Dirtied Blocks": 0,                
                               "Shared Written Blocks": 0,                
                               "Local Hit Blocks": 0,                     
                               "Local Read Blocks": 0,                    
                               "Local Dirtied Blocks": 0,                 
                               "Local Written Blocks": 0,                 
                               "Temp Read Blocks": 0,                     
                               "Temp Written Blocks": 0                   
                             }                                            
                           ]                                              
                         },                                               
                         {                                                
                           "Node Type": "Sort",                           
                           "Parent Relationship": "Inner",                
                           "Parallel Aware": false,                       
                           "Startup Cost": 60983.46,                      
                           "Total Cost": 62135.30,                        
                           "Plan Rows": 14835720,                         
                           "Plan Width": 50,                              
                           "Actual Startup Time": 9197.685,               
                           "Actual Total Time": 9983.747,                 
                           "Actual Rows": 14835720,                       
                           "Actual Loops": 1,                             
                           "Sort Key": ["mi.info_type_id"],               
                           "Sort Method": "quicksort",                    
                           "Sort Space Used": 1986756,                    
                           "Sort Space Type": "Memory",                   
                           "Shared Hit Blocks": 2,                        
                           "Shared Read Blocks": 161890,                  
                           "Shared Dirtied Blocks": 0,                    
                           "Shared Written Blocks": 0,                    
                           "Local Hit Blocks": 0,                         
                           "Local Read Blocks": 0,                        
                           "Local Dirtied Blocks": 0,                     
                           "Local Written Blocks": 0,                     
                           "Temp Read Blocks": 0,                         
                           "Temp Written Blocks": 0,                      
                           "Plans": [                                     
                             {                                            
                               "Node Type": "Seq Scan",                   
                               "Parent Relationship": "Outer",            
                               "Parallel Aware": false,                   
                               "Relation Name": "movie_info",             
                               "Alias": "mi",                             
                               "Startup Cost": 0.00,                      
                               "Total Cost": 6103.84,                     
                               "Plan Rows": 14835720,                     
                               "Plan Width": 50,                          
                               "Actual Startup Time": 8.466,              
                               "Actual Total Time": 4716.930,             
                               "Actual Rows": 14835720,                   
                               "Actual Loops": 1,                         
                               "Shared Hit Blocks": 2,                    
                               "Shared Read Blocks": 161890,              
                               "Shared Dirtied Blocks": 0,                
                               "Shared Written Blocks": 0,                
                               "Local Hit Blocks": 0,                     
                               "Local Read Blocks": 0,                    
                               "Local Dirtied Blocks": 0,                 
                               "Local Written Blocks": 0,                 
                               "Temp Read Blocks": 0,                     
                               "Temp Written Blocks": 0                   
                             }                                            
                           ]                                              
                         }                                                
                       ]                                                  
                     }                                                    
                   ]                                                      
                 }                                                        
               ]                                                          
             },                                                           
             {                                                            
               "Node Type": "Sort",                                       
               "Parent Relationship": "Inner",                            
               "Parallel Aware": false,                                   
               "Startup Cost": 318111.32,                                 
               "Total Cost": 320925.32,                                   
               "Plan Rows": 36244344,                                     
               "Plan Width": 4,                                           
               "Actual Startup Time": 45949.936,                          
               "Actual Total Time": 101442.130,                           
               "Actual Rows": 1141695017,                                 
               "Actual Loops": 1,                                         
               "Sort Key": ["ci.movie_id"],                               
               "Sort Method": "quicksort",                                
               "Sort Space Used": 3271818,                                
               "Sort Space Type": "Memory",                               
               "Shared Hit Blocks": 5,                                    
               "Shared Read Blocks": 308262,                              
               "Shared Dirtied Blocks": 0,                                
               "Shared Written Blocks": 0,                                
               "Local Hit Blocks": 0,                                     
               "Local Read Blocks": 0,                                    
               "Local Dirtied Blocks": 0,                                 
               "Local Written Blocks": 0,                                 
               "Temp Read Blocks": 0,                                     
               "Temp Written Blocks": 0,                                  
               "Plans": [                                                 
                 {                                                        
                   "Node Type": "Merge Join",                             
                   "Parent Relationship": "Outer",                        
                   "Parallel Aware": false,                               
                   "Join Type": "Inner",                                  
                   "Startup Cost": 168020.46,                             
                   "Total Cost": 176785.20,                               
                   "Plan Rows": 36244344,                                 
                   "Plan Width": 4,                                       
                   "Actual Startup Time": 22202.400,                      
                   "Actual Total Time": 32587.505,                        
                   "Actual Rows": 36244344,                               
                   "Actual Loops": 1,                                     
                   "Inner Unique": true,                                  
                   "Merge Cond": "(ci.person_id = n.id)",                 
                   "Shared Hit Blocks": 5,                                
                   "Shared Read Blocks": 308262,                          
                   "Shared Dirtied Blocks": 0,                            
                   "Shared Written Blocks": 0,                            
                   "Local Hit Blocks": 0,                                 
                   "Local Read Blocks": 0,                                
                   "Local Dirtied Blocks": 0,                             
                   "Local Written Blocks": 0,                             
                   "Temp Read Blocks": 0,                                 
                   "Temp Written Blocks": 0,                              
                   "Plans": [                                             
                     {                                                    
                       "Node Type": "Sort",                               
                       "Parent Relationship": "Outer",                    
                       "Parallel Aware": false,                           
                       "Startup Cost": 151757.13,                         
                       "Total Cost": 154571.13,                           
                       "Plan Rows": 36244344,                             
                       "Plan Width": 8,                                   
                       "Actual Startup Time": 18729.590,                  
                       "Actual Total Time": 20758.960,                    
                       "Actual Rows": 36244344,                           
                       "Actual Loops": 1,                                 
                       "Sort Key": ["ci.person_id"],                      
                       "Sort Method": "quicksort",                        
                       "Sort Space Used": 3271818,                        
                       "Sort Space Type": "Memory",                       
                       "Shared Hit Blocks": 4,                            
                       "Shared Read Blocks": 252650,                      
                       "Shared Dirtied Blocks": 0,                        
                       "Shared Written Blocks": 0,                        
                       "Local Hit Blocks": 0,                             
                       "Local Read Blocks": 0,                            
                       "Local Dirtied Blocks": 0,                         
                       "Local Written Blocks": 0,                         
                       "Temp Read Blocks": 0,                             
                       "Temp Written Blocks": 0,                          
                       "Plans": [                                         
                         {                                                
                           "Node Type": "Seq Scan",                       
                           "Parent Relationship": "Outer",                
                           "Parallel Aware": false,                       
                           "Relation Name": "cast_info",                  
                           "Alias": "ci",                                 
                           "Startup Cost": 0.00,                          
                           "Total Cost": 10431.00,                        
                           "Plan Rows": 36244344,                         
                           "Plan Width": 8,                               
                           "Actual Startup Time": 0.015,                  
                           "Actual Total Time": 6768.025,                 
                           "Actual Rows": 36244344,                       
                           "Actual Loops": 1,                             
                           "Shared Hit Blocks": 4,                        
                           "Shared Read Blocks": 252650,                  
                           "Shared Dirtied Blocks": 0,                    
                           "Shared Written Blocks": 0,                    
                           "Local Hit Blocks": 0,                         
                           "Local Read Blocks": 0,                        
                           "Local Dirtied Blocks": 0,                     
                           "Local Written Blocks": 0,                     
                           "Temp Read Blocks": 0,                         
                           "Temp Written Blocks": 0                       
                         }                                                
                       ]                                                  
                     },                                                   
                     {                                                    
                       "Node Type": "Sort",                               
                       "Parent Relationship": "Inner",                    
                       "Parallel Aware": false,                           
                       "Startup Cost": 16263.33,                          
                       "Total Cost": 16586.90,                            
                       "Plan Rows": 4167491,                              
                       "Plan Width": 4,                                   
                       "Actual Startup Time": 3472.802,                   
                       "Actual Total Time": 3855.578,                     
                       "Actual Rows": 4061926,                            
                       "Actual Loops": 1,                                 
                       "Sort Key": ["n.id"],                              
                       "Sort Method": "quicksort",                        
                       "Sort Space Used": 293656,                         
                       "Sort Space Type": "Memory",                       
                       "Shared Hit Blocks": 1,                            
                       "Shared Read Blocks": 55612,                       
                       "Shared Dirtied Blocks": 0,                        
                       "Shared Written Blocks": 0,                        
                       "Local Hit Blocks": 0,                             
                       "Local Read Blocks": 0,                            
                       "Local Dirtied Blocks": 0,                         
                       "Local Written Blocks": 0,                         
                       "Temp Read Blocks": 0,                             
                       "Temp Written Blocks": 0,                          
                       "Plans": [                                         
                         {                                                
                           "Node Type": "Seq Scan",                       
                           "Parent Relationship": "Outer",                
                           "Parallel Aware": false,                       
                           "Relation Name": "name",                       
                           "Alias": "n",                                  
                           "Startup Cost": 0.00,                          
                           "Total Cost": 2032.56,                         
                           "Plan Rows": 4167491,                          
                           "Plan Width": 4,                               
                           "Actual Startup Time": 4.104,                  
                           "Actual Total Time": 1640.478,                 
                           "Actual Rows": 4167491,                        
                           "Actual Loops": 1,                             
                           "Shared Hit Blocks": 1,                        
                           "Shared Read Blocks": 55612,                   
                           "Shared Dirtied Blocks": 0,                    
                           "Shared Written Blocks": 0,                    
                           "Local Hit Blocks": 0,                         
                           "Local Read Blocks": 0,                        
                           "Local Dirtied Blocks": 0,                     
                           "Local Written Blocks": 0,                     
                           "Temp Read Blocks": 0,                         
                           "Temp Written Blocks": 0                       
                         }                                                
                       ]                                                  
                     }                                                    
                   ]                                                      
                 }                                                        
               ]                                                          
             }                                                            
           ]                                                              
         }                                                                
       ]                                                                  
     },                                                                   
     "Planning Time": 5684.354,                                           
     "Triggers": [                                                        
     ],                                                                   
     "Execution Time": 703559.856                                         
}
]