     "Plan": {                                                                      
       "Node Type": "Aggregate",                                                    
       "Strategy": "Plain",                                                         
       "Partial Mode": "Simple",                                                    
       "Parallel Aware": false,                                                     
       "Startup Cost": 584588.06,                                                   
       "Total Cost": 584588.06,                                                     
       "Plan Rows": 1,                                                              
       "Plan Width": 64,                                                            
       "Actual Startup Time": 1216750.385,                                          
       "Actual Total Time": 1216750.386,                                            
       "Actual Rows": 1,                                                            
       "Actual Loops": 1,                                                           
       "Shared Hit Blocks": 25,                                                     
       "Shared Read Blocks": 575763,                                                
       "Shared Dirtied Blocks": 0,                                                  
       "Shared Written Blocks": 0,                                                  
       "Local Hit Blocks": 0,                                                       
       "Local Read Blocks": 0,                                                      
       "Local Dirtied Blocks": 0,                                                   
       "Local Written Blocks": 0,                                                   
       "Temp Read Blocks": 0,                                                       
       "Temp Written Blocks": 0,                                                    
       "Plans": [                                                                   
         {                                                                          
           "Node Type": "Merge Join",                                               
           "Parent Relationship": "Outer",                                          
           "Parallel Aware": false,                                                 
           "Join Type": "Inner",                                                    
           "Startup Cost": 512468.34,                                               
           "Total Cost": 537095.93,                                                 
           "Plan Rows": 305849508,                                                  
           "Plan Width": 32,                                                        
           "Actual Startup Time": 86156.029,                                        
           "Actual Total Time": 664904.844,                                         
           "Actual Rows": 2710374769,                                               
           "Actual Loops": 1,                                                       
           "Inner Unique": false,                                                   
           "Merge Cond": "(t.id = mi.movie_id)",                                    
           "Shared Hit Blocks": 25,                                                 
           "Shared Read Blocks": 575763,                                            
           "Shared Dirtied Blocks": 0,                                              
           "Shared Written Blocks": 0,                                              
           "Local Hit Blocks": 0,                                                   
           "Local Read Blocks": 0,                                                  
           "Local Dirtied Blocks": 0,                                               
           "Local Written Blocks": 0,                                               
           "Temp Read Blocks": 0,                                                   
           "Temp Written Blocks": 0,                                                
           "Plans": [                                                               
             {                                                                      
               "Node Type": "Merge Join",                                           
               "Parent Relationship": "Outer",                                      
               "Parallel Aware": false,                                             
               "Join Type": "Inner",                                                
               "Startup Cost": 393275.63,                                           
               "Total Cost": 396991.59,                                             
               "Plan Rows": 14998330,                                               
               "Plan Width": 44,                                                    
               "Actual Startup Time": 69045.809,                                    
               "Actual Total Time": 82795.814,                                      
               "Actual Rows": 30886536,                                             
               "Actual Loops": 1,                                                   
               "Inner Unique": false,                                               
               "Merge Cond": "(t.id = ci.movie_id)",                                
               "Shared Hit Blocks": 22,                                             
               "Shared Read Blocks": 413873,                                        
               "Shared Dirtied Blocks": 0,                                          
               "Shared Written Blocks": 0,                                          
               "Local Hit Blocks": 0,                                               
               "Local Read Blocks": 0,                                              
               "Local Dirtied Blocks": 0,                                           
               "Local Written Blocks": 0,                                           
               "Temp Read Blocks": 0,                                               
               "Temp Written Blocks": 0,                                            
               "Plans": [                                                           
                 {                                                                  
                   "Node Type": "Merge Join",                                       
                   "Parent Relationship": "Outer",                                  
                   "Parallel Aware": false,                                         
                   "Join Type": "Inner",                                            
                   "Startup Cost": 19972.76,                                        
                   "Total Cost": 20665.04,                                          
                   "Plan Rows": 1337140,                                            
                   "Plan Width": 25,                                                
                   "Actual Startup Time": 4616.588,                                 
                   "Actual Total Time": 6029.350,                                   
                   "Actual Rows": 1337140,                                          
                   "Actual Loops": 1,                                               
                   "Inner Unique": true,                                            
                   "Merge Cond": "(mc.movie_id = t.id)",                            
                   "Shared Hit Blocks": 10,                                         
                   "Shared Read Blocks": 57775,                                     
                   "Shared Dirtied Blocks": 0,                                      
                   "Shared Written Blocks": 0,                                      
                   "Local Hit Blocks": 0,                                           
                   "Local Read Blocks": 0,                                          
                   "Local Dirtied Blocks": 0,                                       
                   "Local Written Blocks": 0,                                       
                   "Temp Read Blocks": 0,                                           
                   "Temp Written Blocks": 0,                                        
                   "Plans": [                                                       
                     {                                                              
                       "Node Type": "Sort",                                         
                       "Parent Relationship": "Outer",                              
                       "Parallel Aware": false,                                     
                       "Startup Cost": 10318.41,                                    
                       "Total Cost": 10422.22,                                      
                       "Plan Rows": 1337140,                                        
                       "Plan Width": 4,                                             
                       "Actual Startup Time": 2299.099,                             
                       "Actual Total Time": 2529.670,                               
                       "Actual Rows": 1337140,                                      
                       "Actual Loops": 1,                                           
                       "Sort Key": ["mc.movie_id"],                                 
                       "Sort Method": "quicksort",                                  
                       "Sort Space Used": 111831,                                   
                       "Sort Space Type": "Memory",                                 
                       "Shared Hit Blocks": 9,                                      
                       "Shared Read Blocks": 21778,                                 
                       "Shared Dirtied Blocks": 0,                                  
                       "Shared Written Blocks": 0,                                  
                       "Local Hit Blocks": 0,                                       
                       "Local Read Blocks": 0,                                      
                       "Local Dirtied Blocks": 0,                                   
                       "Local Written Blocks": 0,                                   
                       "Temp Read Blocks": 0,                                       
                       "Temp Written Blocks": 0,                                    
                       "Plans": [                                                   
                         {                                                          
                           "Node Type": "Merge Join",                               
                           "Parent Relationship": "Outer",                          
                           "Parallel Aware": false,                                 
                           "Join Type": "Inner",                                    
                           "Startup Cost": 5756.41,                                 
                           "Total Cost": 6092.98,                                   
                           "Plan Rows": 1337140,                                    
                           "Plan Width": 4,                                         
                           "Actual Startup Time": 1326.614,                         
                           "Actual Total Time": 1803.612,                           
                           "Actual Rows": 1337140,                                  
                           "Actual Loops": 1,                                       
                           "Inner Unique": false,                                   
                           "Merge Cond": "(cn.id = mc.company_id)",                 
                           "Shared Hit Blocks": 5,                                  
                           "Shared Read Blocks": 21778,                             
                           "Shared Dirtied Blocks": 0,                              
                           "Shared Written Blocks": 0,                              
                           "Local Hit Blocks": 0,                                   
                           "Local Read Blocks": 0,                                  
                           "Local Dirtied Blocks": 0,                               
                           "Local Written Blocks": 0,                               
                           "Temp Read Blocks": 0,                                   
                           "Temp Written Blocks": 0,                                
                           "Plans": [                                               
                             {                                                      
                               "Node Type": "Sort",                                 
                               "Parent Relationship": "Outer",                      
                               "Parallel Aware": false,                             
                               "Startup Cost": 761.23,                              
                               "Total Cost": 779.47,                                
                               "Plan Rows": 234997,                                 
                               "Plan Width": 4,                                     
                               "Actual Startup Time": 201.473,                      
                               "Actual Total Time": 231.561,                        
                               "Actual Rows": 234993,                               
                               "Actual Loops": 1,                                   
                               "Sort Key": ["cn.id"],                               
                               "Sort Method": "quicksort",                          
                               "Sort Space Used": 17160,                            
                               "Sort Space Type": "Memory",                         
                               "Shared Hit Blocks": 2,                              
                               "Shared Read Blocks": 2992,                          
                               "Shared Dirtied Blocks": 0,                          
                               "Shared Written Blocks": 0,                          
                               "Local Hit Blocks": 0,                               
                               "Local Read Blocks": 0,                              
                               "Local Dirtied Blocks": 0,                           
                               "Local Written Blocks": 0,                           
                               "Temp Read Blocks": 0,                               
                               "Temp Written Blocks": 0,                            
                               "Plans": [                                           
                                 {                                                  
                                   "Node Type": "Seq Scan",                         
                                   "Parent Relationship": "Outer",                  
                                   "Parallel Aware": false,                         
                                   "Relation Name": "company_name",                 
                                   "Alias": "cn",                                   
                                   "Startup Cost": 0.00,                            
                                   "Total Cost": 110.16,                            
                                   "Plan Rows": 234997,                             
                                   "Plan Width": 4,                                 
                                   "Actual Startup Time": 0.077,                    
                                   "Actual Total Time": 98.356,                     
                                   "Actual Rows": 234997,                           
                                   "Actual Loops": 1,                               
                                   "Shared Hit Blocks": 2,                          
                                   "Shared Read Blocks": 2992,                      
                                   "Shared Dirtied Blocks": 0,                      
                                   "Shared Written Blocks": 0,                      
                                   "Local Hit Blocks": 0,                           
                                   "Local Read Blocks": 0,                          
                                   "Local Dirtied Blocks": 0,                       
                                   "Local Written Blocks": 0,                       
                                   "Temp Read Blocks": 0,                           
                                   "Temp Written Blocks": 0                         
                                 }                                                  
                               ]                                                    
                             },                                                     
                             {                                                      
                               "Node Type": "Sort",                                 
                               "Parent Relationship": "Inner",                      
                               "Parallel Aware": false,                             
                               "Startup Cost": 4995.18,                             
                               "Total Cost": 5099.00,                               
                               "Plan Rows": 1337140,                                
                               "Plan Width": 8,                                     
                               "Actual Startup Time": 1125.133,                     
                               "Actual Total Time": 1288.992,                       
                               "Actual Rows": 1337140,                              
                               "Actual Loops": 1,                                   
                               "Sort Key": ["mc.company_id"],                       
                               "Sort Method": "quicksort",                          
                               "Sort Space Used": 111831,                           
                               "Sort Space Type": "Memory",                         
                               "Shared Hit Blocks": 3,                              
                               "Shared Read Blocks": 18786,                         
                               "Shared Dirtied Blocks": 0,                          
                               "Shared Written Blocks": 0,                          
                               "Local Hit Blocks": 0,                               
                               "Local Read Blocks": 0,                              
                               "Local Dirtied Blocks": 0,                           
                               "Local Written Blocks": 0,                           
                               "Temp Read Blocks": 0,                               
                               "Temp Written Blocks": 0,                            
                               "Plans": [                                           
                                 {                                                  
                                   "Node Type": "Seq Scan",                         
                                   "Parent Relationship": "Outer",                  
                                   "Parallel Aware": false,                         
                                   "Relation Name": "movie_companies",              
                                   "Alias": "mc",                                   
                                   "Startup Cost": 0.00,                            
                                   "Total Cost": 769.75,                            
                                   "Plan Rows": 1337140,                            
                                   "Plan Width": 8,                                 
                                   "Actual Startup Time": 0.026,                    
                                   "Actual Total Time": 683.079,                    
                                   "Actual Rows": 1337140,                          
                                   "Actual Loops": 1,                               
                                   "Filter": "(note IS NOT NULL)",                  
                                   "Rows Removed by Filter": 1271989,               
                                   "Shared Hit Blocks": 3,                          
                                   "Shared Read Blocks": 18786,                     
                                   "Shared Dirtied Blocks": 0,                      
                                   "Shared Written Blocks": 0,                      
                                   "Local Hit Blocks": 0,                           
                                   "Local Read Blocks": 0,                          
                                   "Local Dirtied Blocks": 0,                       
                                   "Local Written Blocks": 0,                       
                                   "Temp Read Blocks": 0,                           
                                   "Temp Written Blocks": 0                         
                                 }                                                  
                               ]                                                    
                             }                                                      
                           ]                                                        
                         }                                                          
                       ]                                                            
                     },                                                             
                     {                                                              
                       "Node Type": "Sort",                                         
                       "Parent Relationship": "Inner",                              
                       "Parallel Aware": false,                                     
                       "Startup Cost": 9654.35,                                     
                       "Total Cost": 9850.65,                                       
                       "Plan Rows": 2528312,                                        
                       "Plan Width": 21,                                            
                       "Actual Startup Time": 2317.480,                             
                       "Actual Total Time": 2691.922,                               
                       "Actual Rows": 2525723,                                      
                       "Actual Loops": 1,                                           
                       "Sort Key": ["t.id"],                                        
                       "Sort Method": "quicksort",                                  
                       "Sort Space Used": 275055,                                   
                       "Sort Space Type": "Memory",                                 
                       "Shared Hit Blocks": 1,                                      
                       "Shared Read Blocks": 35997,                                 
                       "Shared Dirtied Blocks": 0,                                  
                       "Shared Written Blocks": 0,                                  
                       "Local Hit Blocks": 0,                                       
                       "Local Read Blocks": 0,                                      
                       "Local Dirtied Blocks": 0,                                   
                       "Local Written Blocks": 0,                                   
                       "Temp Read Blocks": 0,                                       
                       "Temp Written Blocks": 0,                                    
                       "Plans": [                                                   
                         {                                                          
                           "Node Type": "Seq Scan",                                 
                           "Parent Relationship": "Outer",                          
                           "Parallel Aware": false,                                 
                           "Relation Name": "title",                                
                           "Alias": "t",                                            
                           "Startup Cost": 0.00,                                    
                           "Total Cost": 1303.96,                                   
                           "Plan Rows": 2528312,                                    
                           "Plan Width": 21,                                        
                           "Actual Startup Time": 9.408,                            
                           "Actual Total Time": 993.741,                            
                           "Actual Rows": 2528312,                                  
                           "Actual Loops": 1,                                       
                           "Shared Hit Blocks": 1,                                  
                           "Shared Read Blocks": 35997,                             
                           "Shared Dirtied Blocks": 0,                              
                           "Shared Written Blocks": 0,                              
                           "Local Hit Blocks": 0,                                   
                           "Local Read Blocks": 0,                                  
                           "Local Dirtied Blocks": 0,                               
                           "Local Written Blocks": 0,                               
                           "Temp Read Blocks": 0,                                   
                           "Temp Written Blocks": 0                                 
                         }                                                          
                       ]                                                            
                     }                                                              
                   ]                                                                
                 },                                                                 
                 {                                                                  
                   "Node Type": "Sort",                                             
                   "Parent Relationship": "Inner",                                  
                   "Parallel Aware": false,                                         
                   "Startup Cost": 373302.87,                                       
                   "Total Cost": 374484.83,                                         
                   "Plan Rows": 15223663,                                           
                   "Plan Width": 19,                                                
                   "Actual Startup Time": 64429.144,                                
                   "Actual Total Time": 68633.948,                                  
                   "Actual Rows": 42121918,                                         
                   "Actual Loops": 1,                                               
                   "Sort Key": ["ci.movie_id"],                                     
                   "Sort Method": "quicksort",                                      
                   "Sort Space Used": 2304935,                                      
                   "Sort Space Type": "Memory",                                     
                   "Shared Hit Blocks": 12,                                         
                   "Shared Read Blocks": 356098,                                    
                   "Shared Dirtied Blocks": 0,                                      
                   "Shared Written Blocks": 0,                                      
                   "Local Hit Blocks": 0,                                           
                   "Local Read Blocks": 0,                                          
                   "Local Dirtied Blocks": 0,                                       
                   "Local Written Blocks": 0,                                       
                   "Temp Read Blocks": 0,                                           
                   "Temp Written Blocks": 0,                                        
                   "Plans": [                                                       
                     {                                                              
                       "Node Type": "Merge Join",                                   
                       "Parent Relationship": "Outer",                              
                       "Parallel Aware": false,                                     
                       "Join Type": "Inner",                                        
                       "Startup Cost": 313483.64,                                   
                       "Total Cost": 316900.15,                                     
                       "Plan Rows": 15223663,                                       
                       "Plan Width": 19,                                            
                       "Actual Startup Time": 51053.417,                            
                       "Actual Total Time": 56336.409,                              
                       "Actual Rows": 20572389,                                     
                       "Actual Loops": 1,                                           
                       "Inner Unique": true,                                        
                       "Merge Cond": "(ci.role_id = rt.id)",                        
                       "Shared Hit Blocks": 12,                                     
                       "Shared Read Blocks": 356098,                                
                       "Shared Dirtied Blocks": 0,                                  
                       "Shared Written Blocks": 0,                                  
                       "Local Hit Blocks": 0,                                       
                       "Local Read Blocks": 0,                                      
                       "Local Dirtied Blocks": 0,                                   
                       "Local Written Blocks": 0,                                   
                       "Temp Read Blocks": 0,                                       
                       "Temp Written Blocks": 0,                                    
                       "Plans": [                                                   
                         {                                                          
                           "Node Type": "Sort",                                     
                           "Parent Relationship": "Outer",                          
                           "Parallel Aware": false,                                 
                           "Startup Cost": 313483.60,                               
                           "Total Cost": 314665.56,                                 
                           "Plan Rows": 15223663,                                   
                           "Plan Width": 23,                                        
                           "Actual Startup Time": 51053.385,                        
                           "Actual Total Time": 52012.766,                          
                           "Actual Rows": 20572389,                                 
                           "Actual Loops": 1,                                       
                           "Sort Key": ["ci.role_id"],                              
                           "Sort Method": "quicksort",                              
                           "Sort Space Used": 2386596,                              
                           "Sort Space Type": "Memory",                             
                           "Shared Hit Blocks": 11,                                 
                           "Shared Read Blocks": 356098,                            
                           "Shared Dirtied Blocks": 0,                              
                           "Shared Written Blocks": 0,                              
                           "Local Hit Blocks": 0,                                   
                           "Local Read Blocks": 0,                                  
                           "Local Dirtied Blocks": 0,                               
                           "Local Written Blocks": 0,                               
                           "Temp Read Blocks": 0,                                   
                           "Temp Written Blocks": 0,                                
                           "Plans": [                                               
                             {                                                      
                               "Node Type": "Merge Join",                           
                               "Parent Relationship": "Outer",                      
                               "Parallel Aware": false,                             
                               "Join Type": "Inner",                                
                               "Startup Cost": 253193.41,                           
                               "Total Cost": 257080.88,                             
                               "Plan Rows": 15223663,                               
                               "Plan Width": 23,                                    
                               "Actual Startup Time": 38215.746,                    
                               "Actual Total Time": 46830.486,                      
                               "Actual Rows": 20572389,                             
                               "Actual Loops": 1,                                   
                               "Inner Unique": false,                               
                               "Merge Cond": "(n.id = ci.person_id)",               
                               "Shared Hit Blocks": 11,                             
                               "Shared Read Blocks": 356098,                        
                               "Shared Dirtied Blocks": 0,                          
                               "Shared Written Blocks": 0,                          
                               "Local Hit Blocks": 0,                               
                               "Local Read Blocks": 0,                              
                               "Local Dirtied Blocks": 0,                           
                               "Local Written Blocks": 0,                           
                               "Temp Read Blocks": 0,                               
                               "Temp Written Blocks": 0,                            
                               "Plans": [                                           
                                 {                                                  
                                   "Node Type": "Merge Join",                       
                                   "Parent Relationship": "Outer",                  
                                   "Parallel Aware": false,                         
                                   "Join Type": "Inner",                            
                                   "Startup Cost": 19451.73,                        
                                   "Total Cost": 20301.14,                          
                                   "Plan Rows": 901343,                             
                                   "Plan Width": 23,                                
                                   "Actual Startup Time": 4414.742,                 
                                   "Actual Total Time": 5405.982,                   
                                   "Actual Rows": 578866,                           
                                   "Actual Loops": 1,                               
                                   "Inner Unique": true,                            
                                   "Merge Cond": "(an.person_id = n.id)",           
                                   "Shared Hit Blocks": 4,                          
                                   "Shared Read Blocks": 67004,                     
                                   "Shared Dirtied Blocks": 0,                      
                                   "Shared Written Blocks": 0,                      
                                   "Local Hit Blocks": 0,                           
                                   "Local Read Blocks": 0,                          
                                   "Local Dirtied Blocks": 0,                       
                                   "Local Written Blocks": 0,                       
                                   "Temp Read Blocks": 0,                           
                                   "Temp Written Blocks": 0,                        
                                   "Plans": [                                       
                                     {                                              
                                       "Node Type": "Sort",                         
                                       "Parent Relationship": "Outer",              
                                       "Parallel Aware": false,                     
                                       "Startup Cost": 3188.40,                     
                                       "Total Cost": 3258.38,                       
                                       "Plan Rows": 901343,                         
                                       "Plan Width": 4,                             
                                       "Actual Startup Time": 769.059,              
                                       "Actual Total Time": 841.611,                
                                       "Actual Rows": 578866,                       
                                       "Actual Loops": 1,                           
                                       "Sort Key": ["an.person_id"],                
                                       "Sort Method": "quicksort",                  
                                       "Sort Space Used": 66827,                    
                                       "Sort Space Type": "Memory",                 
                                       "Shared Hit Blocks": 2,                      
                                       "Shared Read Blocks": 11393,                 
                                       "Shared Dirtied Blocks": 0,                  
                                       "Shared Written Blocks": 0,                  
                                       "Local Hit Blocks": 0,                       
                                       "Local Read Blocks": 0,                      
                                       "Local Dirtied Blocks": 0,                   
                                       "Local Written Blocks": 0,                   
                                       "Temp Read Blocks": 0,                       
                                       "Temp Written Blocks": 0,                    
                                       "Plans": [                                   
                                         {                                          
                                           "Node Type": "Seq Scan",                 
                                           "Parent Relationship": "Outer",          
                                           "Parallel Aware": false,                 
                                           "Relation Name": "aka_name",             
                                           "Alias": "an",                           
                                           "Startup Cost": 0.00,                    
                                           "Total Cost": 419.75,                    
                                           "Plan Rows": 901343,                     
                                           "Plan Width": 4,                         
                                           "Actual Startup Time": 0.022,            
                                           "Actual Total Time": 350.123,            
                                           "Actual Rows": 901343,                   
                                           "Actual Loops": 1,                       
                                           "Shared Hit Blocks": 2,                  
                                           "Shared Read Blocks": 11393,             
                                           "Shared Dirtied Blocks": 0,              
                                           "Shared Written Blocks": 0,              
                                           "Local Hit Blocks": 0,                   
                                           "Local Read Blocks": 0,                  
                                           "Local Dirtied Blocks": 0,               
                                           "Local Written Blocks": 0,               
                                           "Temp Read Blocks": 0,                   
                                           "Temp Written Blocks": 0                 
                                         }                                          
                                       ]                                            
                                     },                                             
                                     {                                              
                                       "Node Type": "Sort",                         
                                       "Parent Relationship": "Inner",              
                                       "Parallel Aware": false,                     
                                       "Startup Cost": 16263.33,                    
                                       "Total Cost": 16586.90,                      
                                       "Plan Rows": 4167491,                        
                                       "Plan Width": 19,                            
                                       "Actual Startup Time": 3645.670,             
                                       "Actual Total Time": 3993.357,               
                                       "Actual Rows": 2701136,                      
                                       "Actual Loops": 1,                           
                                       "Sort Key": ["n.id"],                        
                                       "Sort Method": "quicksort",                  
                                       "Sort Space Used": 405945,                   
                                       "Sort Space Type": "Memory",                 
                                       "Shared Hit Blocks": 2,                      
                                       "Shared Read Blocks": 55611,                 
                                       "Shared Dirtied Blocks": 0,                  
                                       "Shared Written Blocks": 0,                  
                                       "Local Hit Blocks": 0,                       
                                       "Local Read Blocks": 0,                      
                                       "Local Dirtied Blocks": 0,                   
                                       "Local Written Blocks": 0,                   
                                       "Temp Read Blocks": 0,                       
                                       "Temp Written Blocks": 0,                    
                                       "Plans": [                                   
                                         {                                          
                                           "Node Type": "Seq Scan",                 
                                           "Parent Relationship": "Outer",          
                                           "Parallel Aware": false,                 
                                           "Relation Name": "name",                 
                                           "Alias": "n",                            
                                           "Startup Cost": 0.00,                    
                                           "Total Cost": 2032.56,                   
                                           "Plan Rows": 4167491,                    
                                           "Plan Width": 19,                        
                                           "Actual Startup Time": 7.898,            
                                           "Actual Total Time": 1639.088,           
                                           "Actual Rows": 4167491,                  
                                           "Actual Loops": 1,                       
                                           "Shared Hit Blocks": 2,                  
                                           "Shared Read Blocks": 55611,             
                                           "Shared Dirtied Blocks": 0,              
                                           "Shared Written Blocks": 0,              
                                           "Local Hit Blocks": 0,                   
                                           "Local Read Blocks": 0,                  
                                           "Local Dirtied Blocks": 0,               
                                           "Local Written Blocks": 0,               
                                           "Temp Read Blocks": 0,                   
                                           "Temp Written Blocks": 0                 
                                         }                                          
                                       ]                                            
                                     }                                              
                                   ]                                                
                                 },                                                 
                                 {                                                  
                                   "Node Type": "Sort",                             
                                   "Parent Relationship": "Inner",                  
                                   "Parallel Aware": false,                         
                                   "Startup Cost": 233741.68,                       
                                   "Total Cost": 235105.98,                         
                                   "Plan Rows": 17572212,                           
                                   "Plan Width": 12,                                
                                   "Actual Startup Time": 33800.995,                
                                   "Actual Total Time": 36172.336,                  
                                   "Actual Rows": 28982661,                         
                                   "Actual Loops": 1,                               
                                   "Sort Key": ["ci.person_id"],                    
                                   "Sort Method": "quicksort",                      
                                   "Sort Space Used": 1610097,                      
                                   "Sort Space Type": "Memory",                     
                                   "Shared Hit Blocks": 7,                          
                                   "Shared Read Blocks": 289094,                    
                                   "Shared Dirtied Blocks": 0,                      
                                   "Shared Written Blocks": 0,                      
                                   "Local Hit Blocks": 0,                           
                                   "Local Read Blocks": 0,                          
                                   "Local Dirtied Blocks": 0,                       
                                   "Local Written Blocks": 0,                       
                                   "Temp Read Blocks": 0,                           
                                   "Temp Written Blocks": 0,                        
                                   "Plans": [                                       
                                     {                                              
                                       "Node Type": "Merge Join",                   
                                       "Parent Relationship": "Outer",              
                                       "Parallel Aware": false,                     
                                       "Join Type": "Inner",                        
                                       "Startup Cost": 163641.76,                   
                                       "Total Cost": 168072.97,                     
                                       "Plan Rows": 17572212,                       
                                       "Plan Width": 12,                            
                                       "Actual Startup Time": 20545.605,            
                                       "Actual Total Time": 27324.869,              
                                       "Actual Rows": 17571519,                     
                                       "Actual Loops": 1,                           
                                       "Inner Unique": false,                       
                                       "Merge Cond": "(chn.id = ci.person_role_id)",
                                       "Shared Hit Blocks": 7,                      
                                       "Shared Read Blocks": 289094,                
                                       "Shared Dirtied Blocks": 0,                  
                                       "Shared Written Blocks": 0,                  
                                       "Local Hit Blocks": 0,                       
                                       "Local Read Blocks": 0,                      
                                       "Local Dirtied Blocks": 0,                   
                                       "Local Written Blocks": 0,                   
                                       "Temp Read Blocks": 0,                       
                                       "Temp Written Blocks": 0,                    
                                       "Plans": [                                   
                                         {                                          
                                           "Node Type": "Sort",                     
                                           "Parent Relationship": "Outer",          
                                           "Parallel Aware": false,                 
                                           "Startup Cost": 11884.63,                
                                           "Total Cost": 12128.45,                  
                                           "Plan Rows": 3140339,                    
                                           "Plan Width": 4,                         
                                           "Actual Startup Time": 2465.217,         
                                           "Actual Total Time": 2931.522,           
                                           "Actual Rows": 3140339,                  
                                           "Actual Loops": 1,                       
                                           "Sort Key": ["chn.id"],                  
                                           "Sort Method": "quicksort",              
                                           "Sort Space Used": 245508,               
                                           "Sort Space Type": "Memory",             
                                           "Shared Hit Blocks": 2,                  
                                           "Shared Read Blocks": 36445,             
                                           "Shared Dirtied Blocks": 0,              
                                           "Shared Written Blocks": 0,              
                                           "Local Hit Blocks": 0,                   
                                           "Local Read Blocks": 0,                  
                                           "Local Dirtied Blocks": 0,               
                                           "Local Written Blocks": 0,               
                                           "Temp Read Blocks": 0,                   
                                           "Temp Written Blocks": 0,                
                                           "Plans": [                               
                                             {                                      
                                               "Node Type": "Seq Scan",             
                                               "Parent Relationship": "Outer",      
                                               "Parallel Aware": false,             
                                               "Relation Name": "char_name",        
                                               "Alias": "chn",                      
                                               "Startup Cost": 0.00,                
                                               "Total Cost": 1360.36,               
                                               "Plan Rows": 3140339,                
                                               "Plan Width": 4,                     
                                               "Actual Startup Time": 5.292,        
                                               "Actual Total Time": 1056.542,       
                                               "Actual Rows": 3140339,              
                                               "Actual Loops": 1,                   
                                               "Shared Hit Blocks": 2,              
                                               "Shared Read Blocks": 36445,         
                                               "Shared Dirtied Blocks": 0,          
                                               "Shared Written Blocks": 0,          
                                               "Local Hit Blocks": 0,               
                                               "Local Read Blocks": 0,              
                                               "Local Dirtied Blocks": 0,           
                                               "Local Written Blocks": 0,           
                                               "Temp Read Blocks": 0,               
                                               "Temp Written Blocks": 0             
                                             }                                      
                                           ]                                        
                                         },                                         
                                         {                                          
                                           "Node Type": "Sort",                     
                                           "Parent Relationship": "Inner",          
                                           "Parallel Aware": false,                 
                                           "Startup Cost": 151757.13,               
                                           "Total Cost": 154571.13,                 
                                           "Plan Rows": 36244344,                   
                                           "Plan Width": 16,                        
                                           "Actual Startup Time": 18080.378,        
                                           "Actual Total Time": 19862.600,          
                                           "Actual Rows": 17571520,                 
                                           "Actual Loops": 1,                       
                                           "Sort Key": ["ci.person_role_id"],       
                                           "Sort Method": "quicksort",              
                                           "Sort Space Used": 3271818,              
                                           "Sort Space Type": "Memory",             
                                           "Shared Hit Blocks": 5,                  
                                           "Shared Read Blocks": 252649,            
                                           "Shared Dirtied Blocks": 0,              
                                           "Shared Written Blocks": 0,              
                                           "Local Hit Blocks": 0,                   
                                           "Local Read Blocks": 0,                  
                                           "Local Dirtied Blocks": 0,               
                                           "Local Written Blocks": 0,               
                                           "Temp Read Blocks": 0,                   
                                           "Temp Written Blocks": 0,                
                                           "Plans": [                               
                                             {                                      
                                               "Node Type": "Seq Scan",             
                                               "Parent Relationship": "Outer",      
                                               "Parallel Aware": false,             
                                               "Relation Name": "cast_info",        
                                               "Alias": "ci",                       
                                               "Startup Cost": 0.00,                
                                               "Total Cost": 10431.00,              
                                               "Plan Rows": 36244344,               
                                               "Plan Width": 16,                    
                                               "Actual Startup Time": 0.016,        
                                               "Actual Total Time": 7757.640,       
                                               "Actual Rows": 36244344,             
                                               "Actual Loops": 1,                   
                                               "Shared Hit Blocks": 5,              
                                               "Shared Read Blocks": 252649,        
                                               "Shared Dirtied Blocks": 0,          
                                               "Shared Written Blocks": 0,          
                                               "Local Hit Blocks": 0,               
                                               "Local Read Blocks": 0,              
                                               "Local Dirtied Blocks": 0,           
                                               "Local Written Blocks": 0,           
                                               "Temp Read Blocks": 0,               
                                               "Temp Written Blocks": 0             
                                             }                                      
                                           ]                                        
                                         }                                          
                                       ]                                            
                                     }                                              
                                   ]                                                
                                 }                                                  
                               ]                                                    
                             }                                                      
                           ]                                                        
                         },                                                         
                         {                                                          
                           "Node Type": "Sort",                                     
                           "Parent Relationship": "Inner",                          
                           "Parallel Aware": false,                                 
                           "Startup Cost": 0.04,                                    
                           "Total Cost": 0.04,                                      
                           "Plan Rows": 12,                                         
                           "Plan Width": 4,                                         
                           "Actual Startup Time": 0.027,                            
                           "Actual Total Time": 0.027,                              
                           "Actual Rows": 2,                                        
                           "Actual Loops": 1,                                       
                           "Sort Key": ["rt.id"],                                   
                           "Sort Method": "quicksort",                              
                           "Sort Space Used": 25,                                   
                           "Sort Space Type": "Memory",                             
                           "Shared Hit Blocks": 1,                                  
                           "Shared Read Blocks": 0,                                 
                           "Shared Dirtied Blocks": 0,                              
                           "Shared Written Blocks": 0,                              
                           "Local Hit Blocks": 0,                                   
                           "Local Read Blocks": 0,                                  
                           "Local Dirtied Blocks": 0,                               
                           "Local Written Blocks": 0,                               
                           "Temp Read Blocks": 0,                                   
                           "Temp Written Blocks": 0,                                
                           "Plans": [                                               
                             {                                                      
                               "Node Type": "Seq Scan",                             
                               "Parent Relationship": "Outer",                      
                               "Parallel Aware": false,                             
                               "Relation Name": "role_type",                        
                               "Alias": "rt",                                       
                               "Startup Cost": 0.00,                                
                               "Total Cost": 0.03,                                  
                               "Plan Rows": 12,                                     
                               "Plan Width": 4,                                     
                               "Actual Startup Time": 0.013,                        
                               "Actual Total Time": 0.015,                          
                               "Actual Rows": 12,                                   
                               "Actual Loops": 1,                                   
                               "Shared Hit Blocks": 1,                              
                               "Shared Read Blocks": 0,                             
                               "Shared Dirtied Blocks": 0,                          
                               "Shared Written Blocks": 0,                          
                               "Local Hit Blocks": 0,                               
                               "Local Read Blocks": 0,                              
                               "Local Dirtied Blocks": 0,                           
                               "Local Written Blocks": 0,                           
                               "Temp Read Blocks": 0,                               
                               "Temp Written Blocks": 0                             
                             }                                                      
                           ]                                                        
                         }                                                          
                       ]                                                            
                     }                                                              
                   ]                                                                
                 }                                                                  
               ]                                                                    
             },                                                                     
             {                                                                      
               "Node Type": "Sort",                                                 
               "Parent Relationship": "Inner",                                      
               "Parallel Aware": false,                                             
               "Startup Cost": 119192.71,                                           
               "Total Cost": 120344.55,                                             
               "Plan Rows": 14835720,                                               
               "Plan Width": 4,                                                     
               "Actual Startup Time": 17110.192,                                    
               "Actual Total Time": 141409.532,                                     
               "Actual Rows": 2718531419,                                           
               "Actual Loops": 1,                                                   
               "Sort Key": ["mi.movie_id"],                                         
               "Sort Method": "quicksort",                                          
               "Sort Space Used": 1088641,                                          
               "Sort Space Type": "Memory",                                         
               "Shared Hit Blocks": 3,                                              
               "Shared Read Blocks": 161890,                                        
               "Shared Dirtied Blocks": 0,                                          
               "Shared Written Blocks": 0,                                          
               "Local Hit Blocks": 0,                                               
               "Local Read Blocks": 0,                                              
               "Local Dirtied Blocks": 0,                                           
               "Local Written Blocks": 0,                                           
               "Temp Read Blocks": 0,                                               
               "Temp Written Blocks": 0,                                            
               "Plans": [                                                           
                 {                                                                  
                   "Node Type": "Merge Join",                                       
                   "Parent Relationship": "Outer",                                  
                   "Parallel Aware": false,                                         
                   "Join Type": "Inner",                                            
                   "Startup Cost": 60983.62,                                        
                   "Total Cost": 64313.09,                                          
                   "Plan Rows": 14835720,                                           
                   "Plan Width": 4,                                                 
                   "Actual Startup Time": 8970.937,                                 
                   "Actual Total Time": 12195.790,                                  
                   "Actual Rows": 14835720,                                         
                   "Actual Loops": 1,                                               
                   "Inner Unique": false,                                           
                   "Merge Cond": "(it.id = mi.info_type_id)",                       
                   "Shared Hit Blocks": 3,                                          
                   "Shared Read Blocks": 161890,                                    
                   "Shared Dirtied Blocks": 0,                                      
                   "Shared Written Blocks": 0,                                      
                   "Local Hit Blocks": 0,                                           
                   "Local Read Blocks": 0,                                          
                   "Local Dirtied Blocks": 0,                                       
                   "Local Written Blocks": 0,                                       
                   "Temp Read Blocks": 0,                                           
                   "Temp Written Blocks": 0,                                        
                   "Plans": [                                                       
                     {                                                              
                       "Node Type": "Sort",                                         
                       "Parent Relationship": "Outer",                              
                       "Parallel Aware": false,                                     
                       "Startup Cost": 0.16,                                        
                       "Total Cost": 0.17,                                          
                       "Plan Rows": 113,                                            
                       "Plan Width": 4,                                             
                       "Actual Startup Time": 0.049,                                
                       "Actual Total Time": 0.073,                                  
                       "Actual Rows": 111,                                          
                       "Actual Loops": 1,                                           
                       "Sort Key": ["it.id"],                                       
                       "Sort Method": "quicksort",                                  
                       "Sort Space Used": 30,                                       
                       "Sort Space Type": "Memory",                                 
                       "Shared Hit Blocks": 1,                                      
                       "Shared Read Blocks": 0,                                     
                       "Shared Dirtied Blocks": 0,                                  
                       "Shared Written Blocks": 0,                                  
                       "Local Hit Blocks": 0,                                       
                       "Local Read Blocks": 0,                                      
                       "Local Dirtied Blocks": 0,                                   
                       "Local Written Blocks": 0,                                   
                       "Temp Read Blocks": 0,                                       
                       "Temp Written Blocks": 0,                                    
                       "Plans": [                                                   
                         {                                                          
                           "Node Type": "Seq Scan",                                 
                           "Parent Relationship": "Outer",                          
                           "Parallel Aware": false,                                 
                           "Relation Name": "info_type",                            
                           "Alias": "it",                                           
                           "Startup Cost": 0.00,                                    
                           "Total Cost": 0.04,                                      
                           "Plan Rows": 113,                                        
                           "Plan Width": 4,                                         
                           "Actual Startup Time": 0.017,                            
                           "Actual Total Time": 0.030,                              
                           "Actual Rows": 113,                                      
                           "Actual Loops": 1,                                       
                           "Shared Hit Blocks": 1,                                  
                           "Shared Read Blocks": 0,                                 
                           "Shared Dirtied Blocks": 0,                              
                           "Shared Written Blocks": 0,                              
                           "Local Hit Blocks": 0,                                   
                           "Local Read Blocks": 0,                                  
                           "Local Dirtied Blocks": 0,                               
                           "Local Written Blocks": 0,                               
                           "Temp Read Blocks": 0,                                   
                           "Temp Written Blocks": 0                                 
                         }                                                          
                       ]                                                            
                     },                                                             
                     {                                                              
                       "Node Type": "Sort",                                         
                       "Parent Relationship": "Inner",                              
                       "Parallel Aware": false,                                     
                       "Startup Cost": 60983.46,                                    
                       "Total Cost": 62135.30,                                      
                       "Plan Rows": 14835720,                                       
                       "Plan Width": 8,                                             
                       "Actual Startup Time": 8970.880,                             
                       "Actual Total Time": 9750.430,                               
                       "Actual Rows": 14835720,                                     
                       "Actual Loops": 1,                                           
                       "Sort Key": ["mi.info_type_id"],                             
                       "Sort Method": "quicksort",                                  
                       "Sort Space Used": 1088641,                                  
                       "Sort Space Type": "Memory",                                 
                       "Shared Hit Blocks": 2,                                      
                       "Shared Read Blocks": 161890,                                
                       "Shared Dirtied Blocks": 0,                                  
                       "Shared Written Blocks": 0,                                  
                       "Local Hit Blocks": 0,                                       
                       "Local Read Blocks": 0,                                      
                       "Local Dirtied Blocks": 0,                                   
                       "Local Written Blocks": 0,                                   
                       "Temp Read Blocks": 0,                                       
                       "Temp Written Blocks": 0,                                    
                       "Plans": [                                                   
                         {                                                          
                           "Node Type": "Seq Scan",                                 
                           "Parent Relationship": "Outer",                          
                           "Parallel Aware": false,                                 
                           "Relation Name": "movie_info",                           
                           "Alias": "mi",                                           
                           "Startup Cost": 0.00,                                    
                           "Total Cost": 6103.84,                                   
                           "Plan Rows": 14835720,                                   
                           "Plan Width": 8,                                         
                           "Actual Startup Time": 12.229,                           
                           "Actual Total Time": 5549.789,                           
                           "Actual Rows": 14835720,                                 
                           "Actual Loops": 1,                                       
                           "Filter": "(info IS NOT NULL)",                          
                           "Rows Removed by Filter": 0,                             
                           "Shared Hit Blocks": 2,                                  
                           "Shared Read Blocks": 161890,                            
                           "Shared Dirtied Blocks": 0,                              
                           "Shared Written Blocks": 0,                              
                           "Local Hit Blocks": 0,                                   
                           "Local Read Blocks": 0,                                  
                           "Local Dirtied Blocks": 0,                               
                           "Local Written Blocks": 0,                               
                           "Temp Read Blocks": 0,                                   
                           "Temp Written Blocks": 0                                 
                         }                                                          
                       ]                                                            
                     }                                                              
                   ]                                                                
                 }                                                                  
               ]                                                                    
             }                                                                      
           ]                                                                        
         }                                                                          
       ]                                                                            
     },                                                                             
     "Planning Time": 7348.049,                                                     
     "Triggers": [                                                                  
     ],                                                                             
     "Execution Time": 1217047.814                                                  
